[0.029s] Invoking command in '/home/siny/hydra_ws/build/config_utilities': CMAKE_PREFIX_PATH=${CMAKE_PREFIX_PATH}:/opt/ros/jazzy:/home/siny/ros2_jazzy/install/ament_uncrustify:/home/siny/ros2_jazzy/install/tracetools_trace:/home/siny/ros2_jazzy/install/tracetools_read:/home/siny/ros2_jazzy/install/rpyutils:/home/siny/ros2_jazzy/install/rosidl_pycommon:/home/siny/ros2_jazzy/install/rosidl_cli:/home/siny/ros2_jazzy/install/launch_pytest:/home/siny/ros2_jazzy/install/launch_testing:/home/siny/ros2_jazzy/install/launch_yaml:/home/siny/ros2_jazzy/install/launch_xml:/home/siny/ros2_jazzy/install/launch:/home/siny/ros2_jazzy/install/osrf_pycommon:/home/siny/ros2_jazzy/install/domain_coordinator:/home/siny/ros2_jazzy/install/ament_xmllint:/home/siny/ros2_jazzy/install/ament_pyflakes:/home/siny/ros2_jazzy/install/ament_pycodestyle:/home/siny/ros2_jazzy/install/ament_pep257:/home/siny/ros2_jazzy/install/ament_pclint:/home/siny/ros2_jazzy/install/ament_package:/home/siny/ros2_jazzy/install/ament_mypy:/home/siny/ros2_jazzy/install/ament_lint_cmake:/home/siny/ros2_jazzy/install/ament_flake8:/home/siny/ros2_jazzy/install/ament_copyright:/home/siny/ros2_jazzy/install/ament_lint:/home/siny/ros2_jazzy/install/ament_index_python:/home/siny/ros2_jazzy/install/ament_cpplint:/home/siny/ros2_jazzy/install/ament_cppcheck:/home/siny/ros2_jazzy/install/ament_clang_tidy:/home/siny/ros2_jazzy/install/ament_clang_format DEBUGINFOD_URLS=https://debuginfod.ubuntu.com /usr/bin/cmake --build /home/siny/hydra_ws/build/config_utilities -- -j20 -l20
[0.075s] [  1%] [34m[1mTarget for test resources[0m
[0.090s] [  2%] Built target copy_test_resources
[0.093s] [ 40%] Built target config_utilities
[0.121s] [ 43%] Built target composite-configs
[0.133s] [ 46%] Built target demo_factory
[0.133s] [ 49%] Built target demo_inheritance
[0.145s] [ 52%] Built target demo_config
[0.153s] [ 97%] Built target test_config_utilities
[0.170s] [100%] Built target test_config_utilities_plugins
[0.203s] Invoked command in '/home/siny/hydra_ws/build/config_utilities' returned '0': CMAKE_PREFIX_PATH=${CMAKE_PREFIX_PATH}:/opt/ros/jazzy:/home/siny/ros2_jazzy/install/ament_uncrustify:/home/siny/ros2_jazzy/install/tracetools_trace:/home/siny/ros2_jazzy/install/tracetools_read:/home/siny/ros2_jazzy/install/rpyutils:/home/siny/ros2_jazzy/install/rosidl_pycommon:/home/siny/ros2_jazzy/install/rosidl_cli:/home/siny/ros2_jazzy/install/launch_pytest:/home/siny/ros2_jazzy/install/launch_testing:/home/siny/ros2_jazzy/install/launch_yaml:/home/siny/ros2_jazzy/install/launch_xml:/home/siny/ros2_jazzy/install/launch:/home/siny/ros2_jazzy/install/osrf_pycommon:/home/siny/ros2_jazzy/install/domain_coordinator:/home/siny/ros2_jazzy/install/ament_xmllint:/home/siny/ros2_jazzy/install/ament_pyflakes:/home/siny/ros2_jazzy/install/ament_pycodestyle:/home/siny/ros2_jazzy/install/ament_pep257:/home/siny/ros2_jazzy/install/ament_pclint:/home/siny/ros2_jazzy/install/ament_package:/home/siny/ros2_jazzy/install/ament_mypy:/home/siny/ros2_jazzy/install/ament_lint_cmake:/home/siny/ros2_jazzy/install/ament_flake8:/home/siny/ros2_jazzy/install/ament_copyright:/home/siny/ros2_jazzy/install/ament_lint:/home/siny/ros2_jazzy/install/ament_index_python:/home/siny/ros2_jazzy/install/ament_cpplint:/home/siny/ros2_jazzy/install/ament_cppcheck:/home/siny/ros2_jazzy/install/ament_clang_tidy:/home/siny/ros2_jazzy/install/ament_clang_format DEBUGINFOD_URLS=https://debuginfod.ubuntu.com /usr/bin/cmake --build /home/siny/hydra_ws/build/config_utilities -- -j20 -l20
[0.203s] Invoking command in '/home/siny/hydra_ws/build/config_utilities': CMAKE_PREFIX_PATH=${CMAKE_PREFIX_PATH}:/opt/ros/jazzy:/home/siny/ros2_jazzy/install/ament_uncrustify:/home/siny/ros2_jazzy/install/tracetools_trace:/home/siny/ros2_jazzy/install/tracetools_read:/home/siny/ros2_jazzy/install/rpyutils:/home/siny/ros2_jazzy/install/rosidl_pycommon:/home/siny/ros2_jazzy/install/rosidl_cli:/home/siny/ros2_jazzy/install/launch_pytest:/home/siny/ros2_jazzy/install/launch_testing:/home/siny/ros2_jazzy/install/launch_yaml:/home/siny/ros2_jazzy/install/launch_xml:/home/siny/ros2_jazzy/install/launch:/home/siny/ros2_jazzy/install/osrf_pycommon:/home/siny/ros2_jazzy/install/domain_coordinator:/home/siny/ros2_jazzy/install/ament_xmllint:/home/siny/ros2_jazzy/install/ament_pyflakes:/home/siny/ros2_jazzy/install/ament_pycodestyle:/home/siny/ros2_jazzy/install/ament_pep257:/home/siny/ros2_jazzy/install/ament_pclint:/home/siny/ros2_jazzy/install/ament_package:/home/siny/ros2_jazzy/install/ament_mypy:/home/siny/ros2_jazzy/install/ament_lint_cmake:/home/siny/ros2_jazzy/install/ament_flake8:/home/siny/ros2_jazzy/install/ament_copyright:/home/siny/ros2_jazzy/install/ament_lint:/home/siny/ros2_jazzy/install/ament_index_python:/home/siny/ros2_jazzy/install/ament_cpplint:/home/siny/ros2_jazzy/install/ament_cppcheck:/home/siny/ros2_jazzy/install/ament_clang_tidy:/home/siny/ros2_jazzy/install/ament_clang_format DEBUGINFOD_URLS=https://debuginfod.ubuntu.com /usr/bin/cmake --install /home/siny/hydra_ws/build/config_utilities
[0.222s] -- Install configuration: "Release"
[0.222s] -- Up-to-date: /home/siny/hydra_ws/install/config_utilities/lib/libconfig_utilities.so
[0.222s] -- Up-to-date: /home/siny/hydra_ws/install/config_utilities/bin/composite-configs
[0.223s] -- Up-to-date: /home/siny/hydra_ws/install/config_utilities/bin
[0.223s] -- Up-to-date: /home/siny/hydra_ws/install/config_utilities/bin/introspection_viewer.py
[0.223s] -- Up-to-date: /home/siny/hydra_ws/install/config_utilities/bin/templates
[0.223s] -- Up-to-date: /home/siny/hydra_ws/install/config_utilities/bin/templates/index.html
[0.223s] -- Up-to-date: /home/siny/hydra_ws/install/config_utilities/bin/static
[0.223s] -- Up-to-date: /home/siny/hydra_ws/install/config_utilities/bin/static/js
[0.223s] -- Up-to-date: /home/siny/hydra_ws/install/config_utilities/bin/static/js/display.js
[0.223s] -- Up-to-date: /home/siny/hydra_ws/install/config_utilities/bin/static/js/general.js
[0.223s] -- Up-to-date: /home/siny/hydra_ws/install/config_utilities/bin/static/js/data.js
[0.223s] -- Up-to-date: /home/siny/hydra_ws/install/config_utilities/bin/static/js/summary_view.js
[0.223s] -- Up-to-date: /home/siny/hydra_ws/install/config_utilities/bin/static/css
[0.223s] -- Up-to-date: /home/siny/hydra_ws/install/config_utilities/bin/static/css/style_base.css
[0.223s] -- Up-to-date: /home/siny/hydra_ws/install/config_utilities/bin/static/css/style.css
[0.223s] -- Up-to-date: /home/siny/hydra_ws/install/config_utilities/bin/config-utilities-viewer
[0.223s] -- Up-to-date: /home/siny/hydra_ws/install/config_utilities/include
[0.225s] -- Up-to-date: /home/siny/hydra_ws/install/config_utilities/include/config_utilities
[0.225s] -- Up-to-date: /home/siny/hydra_ws/install/config_utilities/include/config_utilities/config_utilities.h
[0.226s] -- Up-to-date: /home/siny/hydra_ws/install/config_utilities/include/config_utilities/virtual_config.h
[0.226s] -- Up-to-date: /home/siny/hydra_ws/install/config_utilities/include/config_utilities/internal
[0.226s] -- Up-to-date: /home/siny/hydra_ws/install/config_utilities/include/config_utilities/internal/string_utils.h
[0.226s] -- Up-to-date: /home/siny/hydra_ws/install/config_utilities/include/config_utilities/internal/checks.h
[0.226s] -- Up-to-date: /home/siny/hydra_ws/install/config_utilities/include/config_utilities/internal/field_input_info.h
[0.226s] -- Up-to-date: /home/siny/hydra_ws/install/config_utilities/include/config_utilities/internal/visitor_impl.hpp
[0.226s] -- Up-to-date: /home/siny/hydra_ws/install/config_utilities/include/config_utilities/internal/introspection.h
[0.226s] -- Up-to-date: /home/siny/hydra_ws/install/config_utilities/include/config_utilities/internal/yaml_parser.h
[0.226s] -- Up-to-date: /home/siny/hydra_ws/install/config_utilities/include/config_utilities/internal/config_context.h
[0.226s] -- Up-to-date: /home/siny/hydra_ws/install/config_utilities/include/config_utilities/internal/dynamic_config_impl.hpp
[0.226s] -- Up-to-date: /home/siny/hydra_ws/install/config_utilities/include/config_utilities/internal/formatter.h
[0.226s] -- Up-to-date: /home/siny/hydra_ws/install/config_utilities/include/config_utilities/internal/logger.h
[0.226s] -- Up-to-date: /home/siny/hydra_ws/install/config_utilities/include/config_utilities/internal/visitor.h
[0.226s] -- Up-to-date: /home/siny/hydra_ws/install/config_utilities/include/config_utilities/internal/namespacing.h
[0.226s] -- Up-to-date: /home/siny/hydra_ws/install/config_utilities/include/config_utilities/internal/meta_data.h
[0.226s] -- Up-to-date: /home/siny/hydra_ws/install/config_utilities/include/config_utilities/internal/yaml_utils.h
[0.226s] -- Up-to-date: /home/siny/hydra_ws/install/config_utilities/include/config_utilities/logging
[0.226s] -- Up-to-date: /home/siny/hydra_ws/install/config_utilities/include/config_utilities/logging/log_to_stdout.h
[0.226s] -- Up-to-date: /home/siny/hydra_ws/install/config_utilities/include/config_utilities/logging/log_to_glog.h
[0.227s] -- Up-to-date: /home/siny/hydra_ws/install/config_utilities/include/config_utilities/types
[0.227s] -- Up-to-date: /home/siny/hydra_ws/install/config_utilities/include/config_utilities/types/enum.h
[0.227s] -- Up-to-date: /home/siny/hydra_ws/install/config_utilities/include/config_utilities/types/path.h
[0.227s] -- Up-to-date: /home/siny/hydra_ws/install/config_utilities/include/config_utilities/types/conversions.h
[0.227s] -- Up-to-date: /home/siny/hydra_ws/install/config_utilities/include/config_utilities/types/eigen_matrix.h
[0.227s] -- Up-to-date: /home/siny/hydra_ws/install/config_utilities/include/config_utilities/external_registry.h
[0.227s] -- Up-to-date: /home/siny/hydra_ws/install/config_utilities/include/config_utilities/getters.h
[0.227s] -- Up-to-date: /home/siny/hydra_ws/install/config_utilities/include/config_utilities/formatting
[0.227s] -- Up-to-date: /home/siny/hydra_ws/install/config_utilities/include/config_utilities/formatting/asl.h
[0.227s] -- Up-to-date: /home/siny/hydra_ws/install/config_utilities/include/config_utilities/validation.h
[0.227s] -- Up-to-date: /home/siny/hydra_ws/install/config_utilities/include/config_utilities/traits.h
[0.227s] -- Up-to-date: /home/siny/hydra_ws/install/config_utilities/include/config_utilities/parsing
[0.227s] -- Up-to-date: /home/siny/hydra_ws/install/config_utilities/include/config_utilities/parsing/context.h
[0.227s] -- Up-to-date: /home/siny/hydra_ws/install/config_utilities/include/config_utilities/parsing/yaml.h
[0.227s] -- Up-to-date: /home/siny/hydra_ws/install/config_utilities/include/config_utilities/parsing/commandline.h
[0.227s] -- Up-to-date: /home/siny/hydra_ws/install/config_utilities/include/config_utilities/factory.h
[0.227s] -- Up-to-date: /home/siny/hydra_ws/install/config_utilities/include/config_utilities/config.h
[0.227s] -- Up-to-date: /home/siny/hydra_ws/install/config_utilities/include/config_utilities/substitutions.h
[0.227s] -- Up-to-date: /home/siny/hydra_ws/install/config_utilities/include/config_utilities/settings.h
[0.227s] -- Up-to-date: /home/siny/hydra_ws/install/config_utilities/include/config_utilities/dynamic_config.h
[0.227s] -- Up-to-date: /home/siny/hydra_ws/install/config_utilities/include/config_utilities/substitution_parsers.h
[0.227s] -- Up-to-date: /home/siny/hydra_ws/install/config_utilities/include/config_utilities/update.h
[0.227s] -- Up-to-date: /home/siny/hydra_ws/install/config_utilities/include/config_utilities/printing.h
[0.227s] -- Up-to-date: /home/siny/hydra_ws/install/config_utilities/lib/cmake/config_utilities/config_utilitiesTargets.cmake
[0.227s] -- Up-to-date: /home/siny/hydra_ws/install/config_utilities/lib/cmake/config_utilities/config_utilitiesTargets-release.cmake
[0.227s] -- Up-to-date: /home/siny/hydra_ws/install/config_utilities/lib/cmake/config_utilities/config_utilitiesConfig.cmake
[0.227s] -- Up-to-date: /home/siny/hydra_ws/install/config_utilities/lib/cmake/config_utilities/config_utilitiesConfigVersion.cmake
[0.227s] -- Up-to-date: /home/siny/hydra_ws/install/config_utilities/share/ament_index/resource_index/package_run_dependencies/config_utilities
[0.227s] -- Up-to-date: /home/siny/hydra_ws/install/config_utilities/share/ament_index/resource_index/parent_prefix_path/config_utilities
[0.227s] -- Up-to-date: /home/siny/hydra_ws/install/config_utilities/share/config_utilities/environment/ament_prefix_path.sh
[0.227s] -- Up-to-date: /home/siny/hydra_ws/install/config_utilities/share/config_utilities/environment/ament_prefix_path.dsv
[0.227s] -- Up-to-date: /home/siny/hydra_ws/install/config_utilities/share/config_utilities/environment/path.sh
[0.227s] -- Up-to-date: /home/siny/hydra_ws/install/config_utilities/share/config_utilities/environment/path.dsv
[0.227s] -- Up-to-date: /home/siny/hydra_ws/install/config_utilities/share/config_utilities/local_setup.bash
[0.227s] -- Up-to-date: /home/siny/hydra_ws/install/config_utilities/share/config_utilities/local_setup.sh
[0.227s] -- Up-to-date: /home/siny/hydra_ws/install/config_utilities/share/config_utilities/local_setup.zsh
[0.227s] -- Up-to-date: /home/siny/hydra_ws/install/config_utilities/share/config_utilities/local_setup.dsv
[0.227s] -- Installing: /home/siny/hydra_ws/install/config_utilities/share/config_utilities/package.dsv
[0.227s] -- Up-to-date: /home/siny/hydra_ws/install/config_utilities/share/ament_index/resource_index/packages/config_utilities
[0.228s] -- Up-to-date: /home/siny/hydra_ws/install/config_utilities/share/config_utilities/cmake/config_utilitiesConfig.cmake
[0.228s] -- Up-to-date: /home/siny/hydra_ws/install/config_utilities/share/config_utilities/cmake/config_utilitiesConfig-version.cmake
[0.228s] -- Up-to-date: /home/siny/hydra_ws/install/config_utilities/share/config_utilities/package.xml
[0.231s] Invoked command in '/home/siny/hydra_ws/build/config_utilities' returned '0': CMAKE_PREFIX_PATH=${CMAKE_PREFIX_PATH}:/opt/ros/jazzy:/home/siny/ros2_jazzy/install/ament_uncrustify:/home/siny/ros2_jazzy/install/tracetools_trace:/home/siny/ros2_jazzy/install/tracetools_read:/home/siny/ros2_jazzy/install/rpyutils:/home/siny/ros2_jazzy/install/rosidl_pycommon:/home/siny/ros2_jazzy/install/rosidl_cli:/home/siny/ros2_jazzy/install/launch_pytest:/home/siny/ros2_jazzy/install/launch_testing:/home/siny/ros2_jazzy/install/launch_yaml:/home/siny/ros2_jazzy/install/launch_xml:/home/siny/ros2_jazzy/install/launch:/home/siny/ros2_jazzy/install/osrf_pycommon:/home/siny/ros2_jazzy/install/domain_coordinator:/home/siny/ros2_jazzy/install/ament_xmllint:/home/siny/ros2_jazzy/install/ament_pyflakes:/home/siny/ros2_jazzy/install/ament_pycodestyle:/home/siny/ros2_jazzy/install/ament_pep257:/home/siny/ros2_jazzy/install/ament_pclint:/home/siny/ros2_jazzy/install/ament_package:/home/siny/ros2_jazzy/install/ament_mypy:/home/siny/ros2_jazzy/install/ament_lint_cmake:/home/siny/ros2_jazzy/install/ament_flake8:/home/siny/ros2_jazzy/install/ament_copyright:/home/siny/ros2_jazzy/install/ament_lint:/home/siny/ros2_jazzy/install/ament_index_python:/home/siny/ros2_jazzy/install/ament_cpplint:/home/siny/ros2_jazzy/install/ament_cppcheck:/home/siny/ros2_jazzy/install/ament_clang_tidy:/home/siny/ros2_jazzy/install/ament_clang_format DEBUGINFOD_URLS=https://debuginfod.ubuntu.com /usr/bin/cmake --install /home/siny/hydra_ws/build/config_utilities
