-- The C compiler identification is GNU 13.3.0
-- The CXX compiler identification is GNU 13.3.0
-- Detecting C compiler ABI info
-- Detecting C compiler ABI info - done
-- Check for working C compiler: /usr/bin/cc - skipped
-- Detecting C compile features
-- Detecting C compile features - done
-- Detecting CXX compiler ABI info
-- Detecting CXX compiler ABI info - done
-- Check for working CXX compiler: /usr/bin/c++ - skipped
-- Detecting CXX compile features
-- Detecting CXX compile features - done
-- Found ament_cmake: 2.5.4 (/opt/ros/jazzy/share/ament_cmake/cmake)
-- Found Python3: /usr/bin/python3 (found version "3.12.3") found components: Interpreter 
-- Found ament_index_cpp: 1.8.1 (/opt/ros/jazzy/share/ament_index_cpp/cmake)
-- Found cv_bridge: 4.1.0 (/opt/ros/jazzy/share/cv_bridge/cmake)
-- Found rosidl_generator_c: 4.6.6 (/opt/ros/jazzy/share/rosidl_generator_c/cmake)
-- Found rosidl_generator_cpp: 4.6.6 (/opt/ros/jazzy/share/rosidl_generator_cpp/cmake)
-- Using all available rosidl_typesupport_c: rosidl_typesupport_fastrtps_c;rosidl_typesupport_introspection_c
-- Using all available rosidl_typesupport_cpp: rosidl_typesupport_fastrtps_cpp;rosidl_typesupport_introspection_cpp
-- Found rmw_implementation_cmake: 7.3.2 (/opt/ros/jazzy/share/rmw_implementation_cmake/cmake)
-- Found rmw_fastrtps_cpp: 8.4.3 (/opt/ros/jazzy/share/rmw_fastrtps_cpp/cmake)
-- Found OpenSSL: /usr/lib/aarch64-linux-gnu/libcrypto.so (found version "3.0.13")  
-- Found FastRTPS: /opt/ros/jazzy/include (Required is at least version "2.13") 
-- Using RMW implementation 'rmw_fastrtps_cpp' as default
-- Found ianvs: 0.0.0 (/home/siny/hydra_ws/install/ianvs/share/ianvs/cmake)
-- Found image_geometry: 4.1.0 (/opt/ros/jazzy/share/image_geometry/cmake)
-- Found nlohmann_json: /usr/share/cmake/nlohmann_json/nlohmann_jsonConfig.cmake (found version "3.11.3") 
-- Found rclcpp_components: 28.1.13 (/opt/ros/jazzy/share/rclcpp_components/cmake)
-- Found rosbag2_transport: 0.26.9 (/opt/ros/jazzy/share/rosbag2_transport/cmake)
-- Setting yaml-cpp_DIR to: '/opt/ros/jazzy/share/yaml_cpp_vendor/cmake/../../../opt/yaml_cpp_vendor/share/cmake/yaml-cpp'
-- Found OpenCV: /usr (found version "4.6.0") 
-- Found tf2_eigen: 0.36.16 (/opt/ros/jazzy/share/tf2_eigen/cmake)
-- Found ament_cmake_gtest: 2.5.4 (/opt/ros/jazzy/share/ament_cmake_gtest/cmake)
-- Found PCL_COMMON: /usr/lib/aarch64-linux-gnu/libpcl_common.so  
-- Found pcl_conversions: 2.6.2 (/opt/ros/jazzy/share/pcl_conversions/cmake)
-- Found gtest sources under '/opt/ros/jazzy/src/gtest_vendor': C++ tests using 'Google Test' will be built
-- Performing Test CMAKE_HAVE_LIBC_PTHREAD
-- Performing Test CMAKE_HAVE_LIBC_PTHREAD - Success
-- Found Threads: TRUE  
-- Configuring done (1.1s)
-- Generating done (0.0s)
-- Build files have been written to: /home/siny/hydra_ws/build/semantic_inference_ros
[  3%] [32mBuilding CXX object CMakeFiles/backprojection_node.dir/rclcpp_components/node_main_backprojection_node.cpp.o[0m
[  7%] [32mBuilding CXX object CMakeFiles/semantic_inference_ros.dir/src/backprojection_nodelet.cpp.o[0m
[ 11%] [32mBuilding CXX object CMakeFiles/closed_set_node.dir/rclcpp_components/node_main_closed_set_node.cpp.o[0m
[ 18%] [32mBuilding CXX object CMakeFiles/mask_node.dir/rclcpp_components/node_main_mask_node.cpp.o[0m
[ 18%] [32mBuilding CXX object CMakeFiles/semantic_inference_ros.dir/src/mask_nodelet.cpp.o[0m
[ 22%] [32mBuilding CXX object CMakeFiles/semantic_inference_ros.dir/src/rgbd_segmentation_nodelet.cpp.o[0m
[ 25%] [32mBuilding CXX object CMakeFiles/semantic_inference_ros.dir/src/segmentation_nodelet.cpp.o[0m
[ 33%] [32m[1mLinking CXX executable closed_set_node[0m
[ 33%] [32m[1mLinking CXX executable mask_node[0m
[ 33%] Built target closed_set_node
[ 33%] Built target mask_node
[ 37%] [32mBuilding CXX object gtest/CMakeFiles/gtest.dir/src/gtest-all.cc.o[0m
[ 40%] [32mBuilding CXX object gtest/CMakeFiles/gtest_main.dir/src/gtest_main.cc.o[0m
[ 40%] Built target ament_cmake_python_copy_semantic_inference_ros
[ 44%] [32mBuilding CXX object CMakeFiles/rgbd_closed_set_node.dir/rclcpp_components/node_main_rgbd_closed_set_node.cpp.o[0m
[ 48%] [32mBuilding CXX object CMakeFiles/relabel_node.dir/rclcpp_components/node_main_relabel_node.cpp.o[0m
[ 51%] [32m[1mLinking CXX executable backprojection_node[0m
[ 51%] Built target backprojection_node
running egg_info
creating semantic_inference_ros.egg-info
writing semantic_inference_ros.egg-info/PKG-INFO
writing dependency_links to semantic_inference_ros.egg-info/dependency_links.txt
writing top-level names to semantic_inference_ros.egg-info/top_level.txt
writing manifest file 'semantic_inference_ros.egg-info/SOURCES.txt'
reading manifest file 'semantic_inference_ros.egg-info/SOURCES.txt'
writing manifest file 'semantic_inference_ros.egg-info/SOURCES.txt'
[ 55%] [32m[1mLinking CXX static library libgtest_main.a[0m
[ 55%] Built target ament_cmake_python_build_semantic_inference_ros_egg
[ 55%] Built target gtest_main
[ 59%] [32m[1mLinking CXX executable relabel_node[0m
[ 59%] Built target relabel_node
[ 62%] [32mBuilding CXX object CMakeFiles/semantic_inference_ros.dir/src/relabel_nodelet.cpp.o[0m
[ 66%] [32mBuilding CXX object CMakeFiles/semantic_inference_ros.dir/src/output_publisher.cpp.o[0m
[ 70%] [32mBuilding CXX object CMakeFiles/semantic_inference_ros.dir/src/pointcloud_projection.cpp.o[0m
[ 74%] [32m[1mLinking CXX executable rgbd_closed_set_node[0m
[ 74%] Built target rgbd_closed_set_node
[ 77%] [32m[1mLinking CXX static library libgtest.a[0m
[ 77%] Built target gtest
[ 81%] [32m[1mLinking CXX shared library libsemantic_inference_ros.so[0m
[ 81%] Built target semantic_inference_ros
[ 85%] [32mBuilding CXX object CMakeFiles/closed_set_rosbag_writer.dir/app/closed_set_rosbag_writer.cpp.o[0m
[ 92%] [32mBuilding CXX object CMakeFiles/semantic_inference_ros_test.dir/test/main.cpp.o[0m
[ 92%] [32mBuilding CXX object CMakeFiles/semantic_inference_ros_test.dir/test/test_pointcloud_projection.cpp.o[0m
[ 96%] [32m[1mLinking CXX executable semantic_inference_ros_test[0m
[ 96%] Built target semantic_inference_ros_test
[100%] [32m[1mLinking CXX executable closed_set_rosbag_writer[0m
[100%] Built target closed_set_rosbag_writer
-- Install configuration: "Release"
-- Installing: /home/siny/hydra_ws/install/semantic_inference_ros/lib/semantic_inference_ros/backprojection_node
-- Set non-toolchain portion of runtime path of "/home/siny/hydra_ws/install/semantic_inference_ros/lib/semantic_inference_ros/backprojection_node" to ""
-- Installing: /home/siny/hydra_ws/install/semantic_inference_ros/lib/semantic_inference_ros/closed_set_node
-- Set non-toolchain portion of runtime path of "/home/siny/hydra_ws/install/semantic_inference_ros/lib/semantic_inference_ros/closed_set_node" to ""
-- Installing: /home/siny/hydra_ws/install/semantic_inference_ros/lib/semantic_inference_ros/mask_node
-- Set non-toolchain portion of runtime path of "/home/siny/hydra_ws/install/semantic_inference_ros/lib/semantic_inference_ros/mask_node" to ""
-- Installing: /home/siny/hydra_ws/install/semantic_inference_ros/lib/semantic_inference_ros/relabel_node
-- Set non-toolchain portion of runtime path of "/home/siny/hydra_ws/install/semantic_inference_ros/lib/semantic_inference_ros/relabel_node" to ""
-- Installing: /home/siny/hydra_ws/install/semantic_inference_ros/lib/semantic_inference_ros/rgbd_closed_set_node
-- Set non-toolchain portion of runtime path of "/home/siny/hydra_ws/install/semantic_inference_ros/lib/semantic_inference_ros/rgbd_closed_set_node" to ""
-- Installing: /home/siny/hydra_ws/install/semantic_inference_ros/lib/libsemantic_inference_ros.so
-- Set non-toolchain portion of runtime path of "/home/siny/hydra_ws/install/semantic_inference_ros/lib/libsemantic_inference_ros.so" to ""
-- Installing: /home/siny/hydra_ws/install/semantic_inference_ros/lib/semantic_inference_ros/image_embedding_node
-- Installing: /home/siny/hydra_ws/install/semantic_inference_ros/lib/semantic_inference_ros/open_set_node
-- Installing: /home/siny/hydra_ws/install/semantic_inference_ros/lib/semantic_inference_ros/text_embedding_node
-- Installing: /home/siny/hydra_ws/install/semantic_inference_ros/lib/semantic_inference_ros/closed_set_rosbag_writer
-- Set non-toolchain portion of runtime path of "/home/siny/hydra_ws/install/semantic_inference_ros/lib/semantic_inference_ros/closed_set_rosbag_writer" to ""
-- Installing: /home/siny/hydra_ws/install/semantic_inference_ros/include/semantic_inference_ros/
-- Installing: /home/siny/hydra_ws/install/semantic_inference_ros/include/semantic_inference_ros//pointcloud_projection.h
-- Installing: /home/siny/hydra_ws/install/semantic_inference_ros/include/semantic_inference_ros//ros_log_sink.h
-- Installing: /home/siny/hydra_ws/install/semantic_inference_ros/include/semantic_inference_ros//output_publisher.h
-- Installing: /home/siny/hydra_ws/install/semantic_inference_ros/include/semantic_inference_ros//worker.h
-- Installing: /home/siny/hydra_ws/install/semantic_inference_ros/share/semantic_inference_ros/launch
-- Installing: /home/siny/hydra_ws/install/semantic_inference_ros/share/semantic_inference_ros/launch/image_embedding_node.launch.yaml
-- Installing: /home/siny/hydra_ws/install/semantic_inference_ros/share/semantic_inference_ros/launch/closed_set.launch.yaml
-- Installing: /home/siny/hydra_ws/install/semantic_inference_ros/share/semantic_inference_ros/launch/text_embedding_node.launch.yaml
-- Installing: /home/siny/hydra_ws/install/semantic_inference_ros/share/semantic_inference_ros/launch/open_set.launch.yaml
-- Installing: /home/siny/hydra_ws/install/semantic_inference_ros/share/semantic_inference_ros/config
-- Installing: /home/siny/hydra_ws/install/semantic_inference_ros/share/semantic_inference_ros/config/label_groupings
-- Installing: /home/siny/hydra_ws/install/semantic_inference_ros/share/semantic_inference_ros/config/label_groupings/mpcat40.yaml
-- Installing: /home/siny/hydra_ws/install/semantic_inference_ros/share/semantic_inference_ros/config/label_groupings/ade20k_mit.yaml
-- Installing: /home/siny/hydra_ws/install/semantic_inference_ros/share/semantic_inference_ros/config/label_groupings/ade20k_outdoor.yaml
-- Installing: /home/siny/hydra_ws/install/semantic_inference_ros/share/semantic_inference_ros/config/label_groupings/ade20k_mp3d.yaml
-- Installing: /home/siny/hydra_ws/install/semantic_inference_ros/share/semantic_inference_ros/config/label_groupings/ade20k_full.yaml
-- Installing: /home/siny/hydra_ws/install/semantic_inference_ros/share/semantic_inference_ros/config/label_groupings/ade20k_indoor.yaml
-- Installing: /home/siny/hydra_ws/install/semantic_inference_ros/share/semantic_inference_ros/config/distinct_150_colors.csv
-- Installing: /home/siny/hydra_ws/install/semantic_inference_ros/share/semantic_inference_ros/config/openset
-- Installing: /home/siny/hydra_ws/install/semantic_inference_ros/share/semantic_inference_ros/config/openset/fastsam-clip_vit14l.yaml
-- Installing: /home/siny/hydra_ws/install/semantic_inference_ros/share/semantic_inference_ros/config/models
-- Installing: /home/siny/hydra_ws/install/semantic_inference_ros/share/semantic_inference_ros/config/models/ade20k-hrnetv2-c1.yaml
-- Installing: /home/siny/hydra_ws/install/semantic_inference_ros/share/semantic_inference_ros/config/models/ade20k-mobilenetv2dilated-c1_deepsup.yaml
-- Installing: /home/siny/hydra_ws/install/semantic_inference_ros/share/semantic_inference_ros/config/models/ade20k-efficientvit_seg_l2.yaml
-- Installing: /home/siny/hydra_ws/install/semantic_inference_ros/share/semantic_inference_ros/environment/pythonpath.sh
-- Installing: /home/siny/hydra_ws/install/semantic_inference_ros/share/semantic_inference_ros/environment/pythonpath.dsv
-- Installing: /home/siny/hydra_ws/install/semantic_inference_ros/lib/python3.12/site-packages/semantic_inference_ros-0.0.1-py3.12.egg-info
-- Installing: /home/siny/hydra_ws/install/semantic_inference_ros/lib/python3.12/site-packages/semantic_inference_ros-0.0.1-py3.12.egg-info/top_level.txt
-- Installing: /home/siny/hydra_ws/install/semantic_inference_ros/lib/python3.12/site-packages/semantic_inference_ros-0.0.1-py3.12.egg-info/PKG-INFO
-- Installing: /home/siny/hydra_ws/install/semantic_inference_ros/lib/python3.12/site-packages/semantic_inference_ros-0.0.1-py3.12.egg-info/SOURCES.txt
-- Installing: /home/siny/hydra_ws/install/semantic_inference_ros/lib/python3.12/site-packages/semantic_inference_ros-0.0.1-py3.12.egg-info/dependency_links.txt
-- Installing: /home/siny/hydra_ws/install/semantic_inference_ros/lib/python3.12/site-packages/semantic_inference_ros
-- Installing: /home/siny/hydra_ws/install/semantic_inference_ros/lib/python3.12/site-packages/semantic_inference_ros/image_worker.py
-- Installing: /home/siny/hydra_ws/install/semantic_inference_ros/lib/python3.12/site-packages/semantic_inference_ros/ros_logging.py
-- Installing: /home/siny/hydra_ws/install/semantic_inference_ros/lib/python3.12/site-packages/semantic_inference_ros/__init__.py
-- Installing: /home/siny/hydra_ws/install/semantic_inference_ros/lib/python3.12/site-packages/semantic_inference_ros/prompt_encoder.py
-- Installing: /home/siny/hydra_ws/install/semantic_inference_ros/lib/python3.12/site-packages/semantic_inference_ros/ros_conversions.py
Listing '/home/siny/hydra_ws/install/semantic_inference_ros/lib/python3.12/site-packages/semantic_inference_ros'...
Compiling '/home/siny/hydra_ws/install/semantic_inference_ros/lib/python3.12/site-packages/semantic_inference_ros/__init__.py'...
Compiling '/home/siny/hydra_ws/install/semantic_inference_ros/lib/python3.12/site-packages/semantic_inference_ros/image_worker.py'...
Compiling '/home/siny/hydra_ws/install/semantic_inference_ros/lib/python3.12/site-packages/semantic_inference_ros/prompt_encoder.py'...
Compiling '/home/siny/hydra_ws/install/semantic_inference_ros/lib/python3.12/site-packages/semantic_inference_ros/ros_conversions.py'...
Compiling '/home/siny/hydra_ws/install/semantic_inference_ros/lib/python3.12/site-packages/semantic_inference_ros/ros_logging.py'...
-- Installing: /home/siny/hydra_ws/install/semantic_inference_ros/share/ament_index/resource_index/package_run_dependencies/semantic_inference_ros
-- Installing: /home/siny/hydra_ws/install/semantic_inference_ros/share/ament_index/resource_index/parent_prefix_path/semantic_inference_ros
-- Installing: /home/siny/hydra_ws/install/semantic_inference_ros/share/semantic_inference_ros/environment/ament_prefix_path.sh
-- Installing: /home/siny/hydra_ws/install/semantic_inference_ros/share/semantic_inference_ros/environment/ament_prefix_path.dsv
-- Installing: /home/siny/hydra_ws/install/semantic_inference_ros/share/semantic_inference_ros/environment/path.sh
-- Installing: /home/siny/hydra_ws/install/semantic_inference_ros/share/semantic_inference_ros/environment/path.dsv
-- Installing: /home/siny/hydra_ws/install/semantic_inference_ros/share/semantic_inference_ros/local_setup.bash
-- Installing: /home/siny/hydra_ws/install/semantic_inference_ros/share/semantic_inference_ros/local_setup.sh
-- Installing: /home/siny/hydra_ws/install/semantic_inference_ros/share/semantic_inference_ros/local_setup.zsh
-- Installing: /home/siny/hydra_ws/install/semantic_inference_ros/share/semantic_inference_ros/local_setup.dsv
-- Installing: /home/siny/hydra_ws/install/semantic_inference_ros/share/semantic_inference_ros/package.dsv
-- Installing: /home/siny/hydra_ws/install/semantic_inference_ros/share/ament_index/resource_index/packages/semantic_inference_ros
-- Installing: /home/siny/hydra_ws/install/semantic_inference_ros/share/ament_index/resource_index/rclcpp_components/semantic_inference_ros
-- Installing: /home/siny/hydra_ws/install/semantic_inference_ros/share/semantic_inference_ros/cmake/semantic_inference_ros-targetsExport.cmake
-- Installing: /home/siny/hydra_ws/install/semantic_inference_ros/share/semantic_inference_ros/cmake/semantic_inference_ros-targetsExport-release.cmake
-- Installing: /home/siny/hydra_ws/install/semantic_inference_ros/share/semantic_inference_ros/cmake/ament_cmake_export_targets-extras.cmake
-- Installing: /home/siny/hydra_ws/install/semantic_inference_ros/share/semantic_inference_ros/cmake/ament_cmake_export_dependencies-extras.cmake
-- Installing: /home/siny/hydra_ws/install/semantic_inference_ros/share/semantic_inference_ros/cmake/semantic_inference_rosConfig.cmake
-- Installing: /home/siny/hydra_ws/install/semantic_inference_ros/share/semantic_inference_ros/cmake/semantic_inference_rosConfig-version.cmake
-- Installing: /home/siny/hydra_ws/install/semantic_inference_ros/share/semantic_inference_ros/package.xml
