[0.011s] Invoking command in '/home/siny/hydra_ws/build/semantic_inference_ros': AMENT_PREFIX_PATH=/home/siny/hydra_ws/install/ianvs:${AMENT_PREFIX_PATH} CMAKE_PREFIX_PATH=/home/siny/hydra_ws/install/semantic_inference:/home/siny/hydra_ws/install/ianvs:/home/siny/hydra_ws/install/config_utilities:/opt/ros/jazzy/opt/gz_math_vendor:/opt/ros/jazzy/opt/gz_utils_vendor:/opt/ros/jazzy/opt/gz_cmake_vendor:/opt/ros/jazzy DEBUGINFOD_URLS=https://debuginfod.ubuntu.com LD_LIBRARY_PATH=/home/siny/hydra_ws/install/semantic_inference/lib:/home/siny/hydra_ws/install/ianvs/lib:/home/siny/hydra_ws/install/config_utilities/lib:${LD_LIBRARY_PATH} PATH=/home/siny/hydra_ws/install/semantic_inference/bin:/home/siny/hydra_ws/install/config_utilities/bin:${PATH} PKG_CONFIG_PATH=/home/siny/hydra_ws/install/semantic_inference/lib/aarch64-linux-gnu/pkgconfig:/home/siny/hydra_ws/install/semantic_inference/lib/pkgconfig:/home/siny/hydra_ws/install/config_utilities/lib/aarch64-linux-gnu/pkgconfig:/home/siny/hydra_ws/install/config_utilities/lib/pkgconfig PYTHONPATH=/home/siny/hydra_ws/install/ianvs/lib/python3.12/site-packages:${PYTHONPATH} /usr/bin/cmake /home/siny/hydra_ws/src/semantic_inference/semantic_inference_ros -DCMAKE_BUILD_TYPE=Release -DCMAKE_INSTALL_PREFIX=/home/siny/hydra_ws/install/semantic_inference_ros
[0.055s] -- The C compiler identification is GNU 13.3.0
[0.096s] -- The CXX compiler identification is GNU 13.3.0
[0.106s] -- Detecting C compiler ABI info
[0.179s] -- Detecting C compiler ABI info - done
[0.183s] -- Check for working C compiler: /usr/bin/cc - skipped
[0.183s] -- Detecting C compile features
[0.184s] -- Detecting C compile features - done
[0.190s] -- Detecting CXX compiler ABI info
[0.271s] -- Detecting CXX compiler ABI info - done
[0.279s] -- Check for working CXX compiler: /usr/bin/c++ - skipped
[0.280s] -- Detecting CXX compile features
[0.280s] -- Detecting CXX compile features - done
[0.282s] -- Found ament_cmake: 2.5.4 (/opt/ros/jazzy/share/ament_cmake/cmake)
[0.393s] -- Found Python3: /usr/bin/python3 (found version "3.12.3") found components: Interpreter 
[0.470s] -- Found ament_index_cpp: 1.8.1 (/opt/ros/jazzy/share/ament_index_cpp/cmake)
[0.483s] -- Found cv_bridge: 4.1.0 (/opt/ros/jazzy/share/cv_bridge/cmake)
[0.525s] -- Found rosidl_generator_c: 4.6.6 (/opt/ros/jazzy/share/rosidl_generator_c/cmake)
[0.531s] -- Found rosidl_generator_cpp: 4.6.6 (/opt/ros/jazzy/share/rosidl_generator_cpp/cmake)
[0.537s] -- Using all available rosidl_typesupport_c: rosidl_typesupport_fastrtps_c;rosidl_typesupport_introspection_c
[0.545s] -- Using all available rosidl_typesupport_cpp: rosidl_typesupport_fastrtps_cpp;rosidl_typesupport_introspection_cpp
[0.597s] -- Found rmw_implementation_cmake: 7.3.2 (/opt/ros/jazzy/share/rmw_implementation_cmake/cmake)
[0.598s] -- Found rmw_fastrtps_cpp: 8.4.3 (/opt/ros/jazzy/share/rmw_fastrtps_cpp/cmake)
[0.653s] -- Found OpenSSL: /usr/lib/aarch64-linux-gnu/libcrypto.so (found version "3.0.13")  
[0.663s] -- Found FastRTPS: /opt/ros/jazzy/include (Required is at least version "2.13") 
[0.677s] -- Using RMW implementation 'rmw_fastrtps_cpp' as default
[0.716s] -- Found ianvs: 0.0.0 (/home/siny/hydra_ws/install/ianvs/share/ianvs/cmake)
[0.729s] -- Found image_geometry: 4.1.0 (/opt/ros/jazzy/share/image_geometry/cmake)
[0.733s] -- Found nlohmann_json: /usr/share/cmake/nlohmann_json/nlohmann_jsonConfig.cmake (found version "3.11.3") 
[0.734s] -- Found rclcpp_components: 28.1.13 (/opt/ros/jazzy/share/rclcpp_components/cmake)
[0.749s] -- Found rosbag2_transport: 0.26.9 (/opt/ros/jazzy/share/rosbag2_transport/cmake)
[0.759s] -- Setting yaml-cpp_DIR to: '/opt/ros/jazzy/share/yaml_cpp_vendor/cmake/../../../opt/yaml_cpp_vendor/share/cmake/yaml-cpp'
[0.781s] -- Found OpenCV: /usr (found version "4.6.0") 
[0.782s] -- Found tf2_eigen: 0.36.16 (/opt/ros/jazzy/share/tf2_eigen/cmake)
[0.819s] -- Found ament_cmake_gtest: 2.5.4 (/opt/ros/jazzy/share/ament_cmake_gtest/cmake)
[0.836s] -- Found PCL_COMMON: /usr/lib/aarch64-linux-gnu/libpcl_common.so  
[0.846s] -- Found pcl_conversions: 2.6.2 (/opt/ros/jazzy/share/pcl_conversions/cmake)
[0.866s] -- Found gtest sources under '/opt/ros/jazzy/src/gtest_vendor': C++ tests using 'Google Test' will be built
[0.869s] -- Performing Test CMAKE_HAVE_LIBC_PTHREAD
[0.949s] -- Performing Test CMAKE_HAVE_LIBC_PTHREAD - Success
[0.949s] -- Found Threads: TRUE  
[1.097s] -- Configuring done (1.1s)
[1.149s] -- Generating done (0.0s)
[1.158s] -- Build files have been written to: /home/siny/hydra_ws/build/semantic_inference_ros
[1.173s] Invoked command in '/home/siny/hydra_ws/build/semantic_inference_ros' returned '0': AMENT_PREFIX_PATH=/home/siny/hydra_ws/install/ianvs:${AMENT_PREFIX_PATH} CMAKE_PREFIX_PATH=/home/siny/hydra_ws/install/semantic_inference:/home/siny/hydra_ws/install/ianvs:/home/siny/hydra_ws/install/config_utilities:/opt/ros/jazzy/opt/gz_math_vendor:/opt/ros/jazzy/opt/gz_utils_vendor:/opt/ros/jazzy/opt/gz_cmake_vendor:/opt/ros/jazzy DEBUGINFOD_URLS=https://debuginfod.ubuntu.com LD_LIBRARY_PATH=/home/siny/hydra_ws/install/semantic_inference/lib:/home/siny/hydra_ws/install/ianvs/lib:/home/siny/hydra_ws/install/config_utilities/lib:${LD_LIBRARY_PATH} PATH=/home/siny/hydra_ws/install/semantic_inference/bin:/home/siny/hydra_ws/install/config_utilities/bin:${PATH} PKG_CONFIG_PATH=/home/siny/hydra_ws/install/semantic_inference/lib/aarch64-linux-gnu/pkgconfig:/home/siny/hydra_ws/install/semantic_inference/lib/pkgconfig:/home/siny/hydra_ws/install/config_utilities/lib/aarch64-linux-gnu/pkgconfig:/home/siny/hydra_ws/install/config_utilities/lib/pkgconfig PYTHONPATH=/home/siny/hydra_ws/install/ianvs/lib/python3.12/site-packages:${PYTHONPATH} /usr/bin/cmake /home/siny/hydra_ws/src/semantic_inference/semantic_inference_ros -DCMAKE_BUILD_TYPE=Release -DCMAKE_INSTALL_PREFIX=/home/siny/hydra_ws/install/semantic_inference_ros
[1.173s] Invoking command in '/home/siny/hydra_ws/build/semantic_inference_ros': AMENT_PREFIX_PATH=/home/siny/hydra_ws/install/ianvs:${AMENT_PREFIX_PATH} CMAKE_PREFIX_PATH=/home/siny/hydra_ws/install/semantic_inference:/home/siny/hydra_ws/install/ianvs:/home/siny/hydra_ws/install/config_utilities:/opt/ros/jazzy/opt/gz_math_vendor:/opt/ros/jazzy/opt/gz_utils_vendor:/opt/ros/jazzy/opt/gz_cmake_vendor:/opt/ros/jazzy DEBUGINFOD_URLS=https://debuginfod.ubuntu.com LD_LIBRARY_PATH=/home/siny/hydra_ws/install/semantic_inference/lib:/home/siny/hydra_ws/install/ianvs/lib:/home/siny/hydra_ws/install/config_utilities/lib:${LD_LIBRARY_PATH} PATH=/home/siny/hydra_ws/install/semantic_inference/bin:/home/siny/hydra_ws/install/config_utilities/bin:${PATH} PKG_CONFIG_PATH=/home/siny/hydra_ws/install/semantic_inference/lib/aarch64-linux-gnu/pkgconfig:/home/siny/hydra_ws/install/semantic_inference/lib/pkgconfig:/home/siny/hydra_ws/install/config_utilities/lib/aarch64-linux-gnu/pkgconfig:/home/siny/hydra_ws/install/config_utilities/lib/pkgconfig PYTHONPATH=/home/siny/hydra_ws/install/ianvs/lib/python3.12/site-packages:${PYTHONPATH} /usr/bin/cmake --build /home/siny/hydra_ws/build/semantic_inference_ros -- -j20 -l20
[1.220s] [  3%] [32mBuilding CXX object CMakeFiles/backprojection_node.dir/rclcpp_components/node_main_backprojection_node.cpp.o[0m
[1.221s] [  7%] [32mBuilding CXX object CMakeFiles/semantic_inference_ros.dir/src/backprojection_nodelet.cpp.o[0m
[1.223s] [ 11%] [32mBuilding CXX object CMakeFiles/closed_set_node.dir/rclcpp_components/node_main_closed_set_node.cpp.o[0m
[1.224s] [ 18%] [32mBuilding CXX object CMakeFiles/mask_node.dir/rclcpp_components/node_main_mask_node.cpp.o[0m
[1.224s] [ 18%] [32mBuilding CXX object CMakeFiles/semantic_inference_ros.dir/src/mask_nodelet.cpp.o[0m
[1.224s] [ 22%] [32mBuilding CXX object CMakeFiles/semantic_inference_ros.dir/src/rgbd_segmentation_nodelet.cpp.o[0m
[1.224s] [ 25%] [32mBuilding CXX object CMakeFiles/semantic_inference_ros.dir/src/segmentation_nodelet.cpp.o[0m
[3.001s] [ 33%] [32m[1mLinking CXX executable closed_set_node[0m
[3.001s] [ 33%] [32m[1mLinking CXX executable mask_node[0m
[3.071s] [ 33%] Built target closed_set_node
[3.090s] [ 33%] Built target mask_node
[3.091s] [ 37%] [32mBuilding CXX object gtest/CMakeFiles/gtest.dir/src/gtest-all.cc.o[0m
[3.092s] [ 40%] [32mBuilding CXX object gtest/CMakeFiles/gtest_main.dir/src/gtest_main.cc.o[0m
[3.098s] [ 40%] Built target ament_cmake_python_copy_semantic_inference_ros
[3.110s] [ 44%] [32mBuilding CXX object CMakeFiles/rgbd_closed_set_node.dir/rclcpp_components/node_main_rgbd_closed_set_node.cpp.o[0m
[3.119s] [ 48%] [32mBuilding CXX object CMakeFiles/relabel_node.dir/rclcpp_components/node_main_relabel_node.cpp.o[0m
[3.139s] [ 51%] [32m[1mLinking CXX executable backprojection_node[0m
[3.233s] [ 51%] Built target backprojection_node
[3.464s] running egg_info
[3.464s] creating semantic_inference_ros.egg-info
[3.485s] writing semantic_inference_ros.egg-info/PKG-INFO
[3.485s] writing dependency_links to semantic_inference_ros.egg-info/dependency_links.txt
[3.486s] writing top-level names to semantic_inference_ros.egg-info/top_level.txt
[3.487s] writing manifest file 'semantic_inference_ros.egg-info/SOURCES.txt'
[3.538s] reading manifest file 'semantic_inference_ros.egg-info/SOURCES.txt'
[3.542s] writing manifest file 'semantic_inference_ros.egg-info/SOURCES.txt'
[3.558s] [ 55%] [32m[1mLinking CXX static library libgtest_main.a[0m
[3.566s] [ 55%] Built target ament_cmake_python_build_semantic_inference_ros_egg
[3.614s] [ 55%] Built target gtest_main
[5.148s] [ 59%] [32m[1mLinking CXX executable relabel_node[0m
[5.275s] [ 59%] Built target relabel_node
[5.634s] [ 62%] [32mBuilding CXX object CMakeFiles/semantic_inference_ros.dir/src/relabel_nodelet.cpp.o[0m
[5.635s] [ 66%] [32mBuilding CXX object CMakeFiles/semantic_inference_ros.dir/src/output_publisher.cpp.o[0m
[5.636s] [ 70%] [32mBuilding CXX object CMakeFiles/semantic_inference_ros.dir/src/pointcloud_projection.cpp.o[0m
[6.963s] [ 74%] [32m[1mLinking CXX executable rgbd_closed_set_node[0m
[7.196s] [ 74%] Built target rgbd_closed_set_node
[10.747s] [ 77%] [32m[1mLinking CXX static library libgtest.a[0m
[10.876s] [ 77%] Built target gtest
[21.557s] [ 81%] [32m[1mLinking CXX shared library libsemantic_inference_ros.so[0m
[21.765s] [ 81%] Built target semantic_inference_ros
[21.785s] [ 85%] [32mBuilding CXX object CMakeFiles/closed_set_rosbag_writer.dir/app/closed_set_rosbag_writer.cpp.o[0m
[21.787s] [ 92%] [32mBuilding CXX object CMakeFiles/semantic_inference_ros_test.dir/test/main.cpp.o[0m
[21.787s] [ 92%] [32mBuilding CXX object CMakeFiles/semantic_inference_ros_test.dir/test/test_pointcloud_projection.cpp.o[0m
[26.335s] [ 96%] [32m[1mLinking CXX executable semantic_inference_ros_test[0m
[26.969s] [ 96%] Built target semantic_inference_ros_test
[30.085s] [100%] [32m[1mLinking CXX executable closed_set_rosbag_writer[0m
[30.342s] [100%] Built target closed_set_rosbag_writer
[30.355s] Invoked command in '/home/siny/hydra_ws/build/semantic_inference_ros' returned '0': AMENT_PREFIX_PATH=/home/siny/hydra_ws/install/ianvs:${AMENT_PREFIX_PATH} CMAKE_PREFIX_PATH=/home/siny/hydra_ws/install/semantic_inference:/home/siny/hydra_ws/install/ianvs:/home/siny/hydra_ws/install/config_utilities:/opt/ros/jazzy/opt/gz_math_vendor:/opt/ros/jazzy/opt/gz_utils_vendor:/opt/ros/jazzy/opt/gz_cmake_vendor:/opt/ros/jazzy DEBUGINFOD_URLS=https://debuginfod.ubuntu.com LD_LIBRARY_PATH=/home/siny/hydra_ws/install/semantic_inference/lib:/home/siny/hydra_ws/install/ianvs/lib:/home/siny/hydra_ws/install/config_utilities/lib:${LD_LIBRARY_PATH} PATH=/home/siny/hydra_ws/install/semantic_inference/bin:/home/siny/hydra_ws/install/config_utilities/bin:${PATH} PKG_CONFIG_PATH=/home/siny/hydra_ws/install/semantic_inference/lib/aarch64-linux-gnu/pkgconfig:/home/siny/hydra_ws/install/semantic_inference/lib/pkgconfig:/home/siny/hydra_ws/install/config_utilities/lib/aarch64-linux-gnu/pkgconfig:/home/siny/hydra_ws/install/config_utilities/lib/pkgconfig PYTHONPATH=/home/siny/hydra_ws/install/ianvs/lib/python3.12/site-packages:${PYTHONPATH} /usr/bin/cmake --build /home/siny/hydra_ws/build/semantic_inference_ros -- -j20 -l20
[30.357s] Invoking command in '/home/siny/hydra_ws/build/semantic_inference_ros': AMENT_PREFIX_PATH=/home/siny/hydra_ws/install/ianvs:${AMENT_PREFIX_PATH} CMAKE_PREFIX_PATH=/home/siny/hydra_ws/install/semantic_inference:/home/siny/hydra_ws/install/ianvs:/home/siny/hydra_ws/install/config_utilities:/opt/ros/jazzy/opt/gz_math_vendor:/opt/ros/jazzy/opt/gz_utils_vendor:/opt/ros/jazzy/opt/gz_cmake_vendor:/opt/ros/jazzy DEBUGINFOD_URLS=https://debuginfod.ubuntu.com LD_LIBRARY_PATH=/home/siny/hydra_ws/install/semantic_inference/lib:/home/siny/hydra_ws/install/ianvs/lib:/home/siny/hydra_ws/install/config_utilities/lib:${LD_LIBRARY_PATH} PATH=/home/siny/hydra_ws/install/semantic_inference/bin:/home/siny/hydra_ws/install/config_utilities/bin:${PATH} PKG_CONFIG_PATH=/home/siny/hydra_ws/install/semantic_inference/lib/aarch64-linux-gnu/pkgconfig:/home/siny/hydra_ws/install/semantic_inference/lib/pkgconfig:/home/siny/hydra_ws/install/config_utilities/lib/aarch64-linux-gnu/pkgconfig:/home/siny/hydra_ws/install/config_utilities/lib/pkgconfig PYTHONPATH=/home/siny/hydra_ws/install/ianvs/lib/python3.12/site-packages:${PYTHONPATH} /usr/bin/cmake --install /home/siny/hydra_ws/build/semantic_inference_ros
[30.362s] -- Install configuration: "Release"
[30.362s] -- Installing: /home/siny/hydra_ws/install/semantic_inference_ros/lib/semantic_inference_ros/backprojection_node
[30.362s] -- Set non-toolchain portion of runtime path of "/home/siny/hydra_ws/install/semantic_inference_ros/lib/semantic_inference_ros/backprojection_node" to ""
[30.362s] -- Installing: /home/siny/hydra_ws/install/semantic_inference_ros/lib/semantic_inference_ros/closed_set_node
[30.362s] -- Set non-toolchain portion of runtime path of "/home/siny/hydra_ws/install/semantic_inference_ros/lib/semantic_inference_ros/closed_set_node" to ""
[30.362s] -- Installing: /home/siny/hydra_ws/install/semantic_inference_ros/lib/semantic_inference_ros/mask_node
[30.362s] -- Set non-toolchain portion of runtime path of "/home/siny/hydra_ws/install/semantic_inference_ros/lib/semantic_inference_ros/mask_node" to ""
[30.362s] -- Installing: /home/siny/hydra_ws/install/semantic_inference_ros/lib/semantic_inference_ros/relabel_node
[30.362s] -- Set non-toolchain portion of runtime path of "/home/siny/hydra_ws/install/semantic_inference_ros/lib/semantic_inference_ros/relabel_node" to ""
[30.362s] -- Installing: /home/siny/hydra_ws/install/semantic_inference_ros/lib/semantic_inference_ros/rgbd_closed_set_node
[30.363s] -- Set non-toolchain portion of runtime path of "/home/siny/hydra_ws/install/semantic_inference_ros/lib/semantic_inference_ros/rgbd_closed_set_node" to ""
[30.363s] -- Installing: /home/siny/hydra_ws/install/semantic_inference_ros/lib/libsemantic_inference_ros.so
[30.365s] -- Set non-toolchain portion of runtime path of "/home/siny/hydra_ws/install/semantic_inference_ros/lib/libsemantic_inference_ros.so" to ""
[30.365s] -- Installing: /home/siny/hydra_ws/install/semantic_inference_ros/lib/semantic_inference_ros/image_embedding_node
[30.365s] -- Installing: /home/siny/hydra_ws/install/semantic_inference_ros/lib/semantic_inference_ros/open_set_node
[30.365s] -- Installing: /home/siny/hydra_ws/install/semantic_inference_ros/lib/semantic_inference_ros/text_embedding_node
[30.366s] -- Installing: /home/siny/hydra_ws/install/semantic_inference_ros/lib/semantic_inference_ros/closed_set_rosbag_writer
[30.366s] -- Set non-toolchain portion of runtime path of "/home/siny/hydra_ws/install/semantic_inference_ros/lib/semantic_inference_ros/closed_set_rosbag_writer" to ""
[30.366s] -- Installing: /home/siny/hydra_ws/install/semantic_inference_ros/include/semantic_inference_ros/
[30.367s] -- Installing: /home/siny/hydra_ws/install/semantic_inference_ros/include/semantic_inference_ros//pointcloud_projection.h
[30.367s] -- Installing: /home/siny/hydra_ws/install/semantic_inference_ros/include/semantic_inference_ros//ros_log_sink.h
[30.367s] -- Installing: /home/siny/hydra_ws/install/semantic_inference_ros/include/semantic_inference_ros//output_publisher.h
[30.367s] -- Installing: /home/siny/hydra_ws/install/semantic_inference_ros/include/semantic_inference_ros//worker.h
[30.367s] -- Installing: /home/siny/hydra_ws/install/semantic_inference_ros/share/semantic_inference_ros/launch
[30.367s] -- Installing: /home/siny/hydra_ws/install/semantic_inference_ros/share/semantic_inference_ros/launch/image_embedding_node.launch.yaml
[30.367s] -- Installing: /home/siny/hydra_ws/install/semantic_inference_ros/share/semantic_inference_ros/launch/closed_set.launch.yaml
[30.367s] -- Installing: /home/siny/hydra_ws/install/semantic_inference_ros/share/semantic_inference_ros/launch/text_embedding_node.launch.yaml
[30.367s] -- Installing: /home/siny/hydra_ws/install/semantic_inference_ros/share/semantic_inference_ros/launch/open_set.launch.yaml
[30.368s] -- Installing: /home/siny/hydra_ws/install/semantic_inference_ros/share/semantic_inference_ros/config
[30.368s] -- Installing: /home/siny/hydra_ws/install/semantic_inference_ros/share/semantic_inference_ros/config/label_groupings
[30.368s] -- Installing: /home/siny/hydra_ws/install/semantic_inference_ros/share/semantic_inference_ros/config/label_groupings/mpcat40.yaml
[30.368s] -- Installing: /home/siny/hydra_ws/install/semantic_inference_ros/share/semantic_inference_ros/config/label_groupings/ade20k_mit.yaml
[30.368s] -- Installing: /home/siny/hydra_ws/install/semantic_inference_ros/share/semantic_inference_ros/config/label_groupings/ade20k_outdoor.yaml
[30.368s] -- Installing: /home/siny/hydra_ws/install/semantic_inference_ros/share/semantic_inference_ros/config/label_groupings/ade20k_mp3d.yaml
[30.369s] -- Installing: /home/siny/hydra_ws/install/semantic_inference_ros/share/semantic_inference_ros/config/label_groupings/ade20k_full.yaml
[30.369s] -- Installing: /home/siny/hydra_ws/install/semantic_inference_ros/share/semantic_inference_ros/config/label_groupings/ade20k_indoor.yaml
[30.369s] -- Installing: /home/siny/hydra_ws/install/semantic_inference_ros/share/semantic_inference_ros/config/distinct_150_colors.csv
[30.370s] -- Installing: /home/siny/hydra_ws/install/semantic_inference_ros/share/semantic_inference_ros/config/openset
[30.370s] -- Installing: /home/siny/hydra_ws/install/semantic_inference_ros/share/semantic_inference_ros/config/openset/fastsam-clip_vit14l.yaml
[30.370s] -- Installing: /home/siny/hydra_ws/install/semantic_inference_ros/share/semantic_inference_ros/config/models
[30.370s] -- Installing: /home/siny/hydra_ws/install/semantic_inference_ros/share/semantic_inference_ros/config/models/ade20k-hrnetv2-c1.yaml
[30.370s] -- Installing: /home/siny/hydra_ws/install/semantic_inference_ros/share/semantic_inference_ros/config/models/ade20k-mobilenetv2dilated-c1_deepsup.yaml
[30.371s] -- Installing: /home/siny/hydra_ws/install/semantic_inference_ros/share/semantic_inference_ros/config/models/ade20k-efficientvit_seg_l2.yaml
[30.371s] -- Installing: /home/siny/hydra_ws/install/semantic_inference_ros/share/semantic_inference_ros/environment/pythonpath.sh
[30.371s] -- Installing: /home/siny/hydra_ws/install/semantic_inference_ros/share/semantic_inference_ros/environment/pythonpath.dsv
[30.371s] -- Installing: /home/siny/hydra_ws/install/semantic_inference_ros/lib/python3.12/site-packages/semantic_inference_ros-0.0.1-py3.12.egg-info
[30.371s] -- Installing: /home/siny/hydra_ws/install/semantic_inference_ros/lib/python3.12/site-packages/semantic_inference_ros-0.0.1-py3.12.egg-info/top_level.txt
[30.371s] -- Installing: /home/siny/hydra_ws/install/semantic_inference_ros/lib/python3.12/site-packages/semantic_inference_ros-0.0.1-py3.12.egg-info/PKG-INFO
[30.371s] -- Installing: /home/siny/hydra_ws/install/semantic_inference_ros/lib/python3.12/site-packages/semantic_inference_ros-0.0.1-py3.12.egg-info/SOURCES.txt
[30.371s] -- Installing: /home/siny/hydra_ws/install/semantic_inference_ros/lib/python3.12/site-packages/semantic_inference_ros-0.0.1-py3.12.egg-info/dependency_links.txt
[30.372s] -- Installing: /home/siny/hydra_ws/install/semantic_inference_ros/lib/python3.12/site-packages/semantic_inference_ros
[30.372s] -- Installing: /home/siny/hydra_ws/install/semantic_inference_ros/lib/python3.12/site-packages/semantic_inference_ros/image_worker.py
[30.372s] -- Installing: /home/siny/hydra_ws/install/semantic_inference_ros/lib/python3.12/site-packages/semantic_inference_ros/ros_logging.py
[30.372s] -- Installing: /home/siny/hydra_ws/install/semantic_inference_ros/lib/python3.12/site-packages/semantic_inference_ros/__init__.py
[30.372s] -- Installing: /home/siny/hydra_ws/install/semantic_inference_ros/lib/python3.12/site-packages/semantic_inference_ros/prompt_encoder.py
[30.372s] -- Installing: /home/siny/hydra_ws/install/semantic_inference_ros/lib/python3.12/site-packages/semantic_inference_ros/ros_conversions.py
[30.391s] Listing '/home/siny/hydra_ws/install/semantic_inference_ros/lib/python3.12/site-packages/semantic_inference_ros'...
[30.391s] Compiling '/home/siny/hydra_ws/install/semantic_inference_ros/lib/python3.12/site-packages/semantic_inference_ros/__init__.py'...
[30.391s] Compiling '/home/siny/hydra_ws/install/semantic_inference_ros/lib/python3.12/site-packages/semantic_inference_ros/image_worker.py'...
[30.391s] Compiling '/home/siny/hydra_ws/install/semantic_inference_ros/lib/python3.12/site-packages/semantic_inference_ros/prompt_encoder.py'...
[30.391s] Compiling '/home/siny/hydra_ws/install/semantic_inference_ros/lib/python3.12/site-packages/semantic_inference_ros/ros_conversions.py'...
[30.392s] Compiling '/home/siny/hydra_ws/install/semantic_inference_ros/lib/python3.12/site-packages/semantic_inference_ros/ros_logging.py'...
[30.395s] -- Installing: /home/siny/hydra_ws/install/semantic_inference_ros/share/ament_index/resource_index/package_run_dependencies/semantic_inference_ros
[30.395s] -- Installing: /home/siny/hydra_ws/install/semantic_inference_ros/share/ament_index/resource_index/parent_prefix_path/semantic_inference_ros
[30.395s] -- Installing: /home/siny/hydra_ws/install/semantic_inference_ros/share/semantic_inference_ros/environment/ament_prefix_path.sh
[30.395s] -- Installing: /home/siny/hydra_ws/install/semantic_inference_ros/share/semantic_inference_ros/environment/ament_prefix_path.dsv
[30.395s] -- Installing: /home/siny/hydra_ws/install/semantic_inference_ros/share/semantic_inference_ros/environment/path.sh
[30.395s] -- Installing: /home/siny/hydra_ws/install/semantic_inference_ros/share/semantic_inference_ros/environment/path.dsv
[30.395s] -- Installing: /home/siny/hydra_ws/install/semantic_inference_ros/share/semantic_inference_ros/local_setup.bash
[30.396s] -- Installing: /home/siny/hydra_ws/install/semantic_inference_ros/share/semantic_inference_ros/local_setup.sh
[30.396s] -- Installing: /home/siny/hydra_ws/install/semantic_inference_ros/share/semantic_inference_ros/local_setup.zsh
[30.396s] -- Installing: /home/siny/hydra_ws/install/semantic_inference_ros/share/semantic_inference_ros/local_setup.dsv
[30.396s] -- Installing: /home/siny/hydra_ws/install/semantic_inference_ros/share/semantic_inference_ros/package.dsv
[30.396s] -- Installing: /home/siny/hydra_ws/install/semantic_inference_ros/share/ament_index/resource_index/packages/semantic_inference_ros
[30.396s] -- Installing: /home/siny/hydra_ws/install/semantic_inference_ros/share/ament_index/resource_index/rclcpp_components/semantic_inference_ros
[30.396s] -- Installing: /home/siny/hydra_ws/install/semantic_inference_ros/share/semantic_inference_ros/cmake/semantic_inference_ros-targetsExport.cmake
[30.396s] -- Installing: /home/siny/hydra_ws/install/semantic_inference_ros/share/semantic_inference_ros/cmake/semantic_inference_ros-targetsExport-release.cmake
[30.396s] -- Installing: /home/siny/hydra_ws/install/semantic_inference_ros/share/semantic_inference_ros/cmake/ament_cmake_export_targets-extras.cmake
[30.396s] -- Installing: /home/siny/hydra_ws/install/semantic_inference_ros/share/semantic_inference_ros/cmake/ament_cmake_export_dependencies-extras.cmake
[30.396s] -- Installing: /home/siny/hydra_ws/install/semantic_inference_ros/share/semantic_inference_ros/cmake/semantic_inference_rosConfig.cmake
[30.396s] -- Installing: /home/siny/hydra_ws/install/semantic_inference_ros/share/semantic_inference_ros/cmake/semantic_inference_rosConfig-version.cmake
[30.396s] -- Installing: /home/siny/hydra_ws/install/semantic_inference_ros/share/semantic_inference_ros/package.xml
[30.398s] Invoked command in '/home/siny/hydra_ws/build/semantic_inference_ros' returned '0': AMENT_PREFIX_PATH=/home/siny/hydra_ws/install/ianvs:${AMENT_PREFIX_PATH} CMAKE_PREFIX_PATH=/home/siny/hydra_ws/install/semantic_inference:/home/siny/hydra_ws/install/ianvs:/home/siny/hydra_ws/install/config_utilities:/opt/ros/jazzy/opt/gz_math_vendor:/opt/ros/jazzy/opt/gz_utils_vendor:/opt/ros/jazzy/opt/gz_cmake_vendor:/opt/ros/jazzy DEBUGINFOD_URLS=https://debuginfod.ubuntu.com LD_LIBRARY_PATH=/home/siny/hydra_ws/install/semantic_inference/lib:/home/siny/hydra_ws/install/ianvs/lib:/home/siny/hydra_ws/install/config_utilities/lib:${LD_LIBRARY_PATH} PATH=/home/siny/hydra_ws/install/semantic_inference/bin:/home/siny/hydra_ws/install/config_utilities/bin:${PATH} PKG_CONFIG_PATH=/home/siny/hydra_ws/install/semantic_inference/lib/aarch64-linux-gnu/pkgconfig:/home/siny/hydra_ws/install/semantic_inference/lib/pkgconfig:/home/siny/hydra_ws/install/config_utilities/lib/aarch64-linux-gnu/pkgconfig:/home/siny/hydra_ws/install/config_utilities/lib/pkgconfig PYTHONPATH=/home/siny/hydra_ws/install/ianvs/lib/python3.12/site-packages:${PYTHONPATH} /usr/bin/cmake --install /home/siny/hydra_ws/build/semantic_inference_ros
