[0.019s] Invoking command in '/home/siny/hydra_ws/build/ianvs': CMAKE_PREFIX_PATH=${CMAKE_PREFIX_PATH}:/opt/ros/jazzy:/home/siny/ros2_jazzy/install/ament_uncrustify:/home/siny/ros2_jazzy/install/tracetools_trace:/home/siny/ros2_jazzy/install/tracetools_read:/home/siny/ros2_jazzy/install/rpyutils:/home/siny/ros2_jazzy/install/rosidl_pycommon:/home/siny/ros2_jazzy/install/rosidl_cli:/home/siny/ros2_jazzy/install/launch_pytest:/home/siny/ros2_jazzy/install/launch_testing:/home/siny/ros2_jazzy/install/launch_yaml:/home/siny/ros2_jazzy/install/launch_xml:/home/siny/ros2_jazzy/install/launch:/home/siny/ros2_jazzy/install/osrf_pycommon:/home/siny/ros2_jazzy/install/domain_coordinator:/home/siny/ros2_jazzy/install/ament_xmllint:/home/siny/ros2_jazzy/install/ament_pyflakes:/home/siny/ros2_jazzy/install/ament_pycodestyle:/home/siny/ros2_jazzy/install/ament_pep257:/home/siny/ros2_jazzy/install/ament_pclint:/home/siny/ros2_jazzy/install/ament_package:/home/siny/ros2_jazzy/install/ament_mypy:/home/siny/ros2_jazzy/install/ament_lint_cmake:/home/siny/ros2_jazzy/install/ament_flake8:/home/siny/ros2_jazzy/install/ament_copyright:/home/siny/ros2_jazzy/install/ament_lint:/home/siny/ros2_jazzy/install/ament_index_python:/home/siny/ros2_jazzy/install/ament_cpplint:/home/siny/ros2_jazzy/install/ament_cppcheck:/home/siny/ros2_jazzy/install/ament_clang_tidy:/home/siny/ros2_jazzy/install/ament_clang_format DEBUGINFOD_URLS=https://debuginfod.ubuntu.com /usr/bin/cmake /home/siny/hydra_ws/src/ianvs/ianvs -DCMAKE_BUILD_TYPE=Release -DCMAKE_INSTALL_PREFIX=/home/siny/hydra_ws/install/ianvs
[0.064s] -- The CXX compiler identification is GNU 13.3.0
[0.079s] -- Detecting CXX compiler ABI info
[0.154s] -- Detecting CXX compiler ABI info - done
[0.163s] -- Check for working CXX compiler: /usr/bin/c++ - skipped
[0.163s] -- Detecting CXX compile features
[0.164s] -- Detecting CXX compile features - done
[0.168s] -- Found ament_cmake: 2.5.4 (/opt/ros/jazzy/share/ament_cmake/cmake)
[0.335s] -- Found Python3: /usr/bin/python3 (found version "3.12.3") found components: Interpreter 
[0.422s] -- Found message_filters: 4.11.9 (/opt/ros/jazzy/share/message_filters/cmake)
[0.463s] -- Found rosidl_generator_c: 4.6.6 (/opt/ros/jazzy/share/rosidl_generator_c/cmake)
[0.474s] -- Found rosidl_generator_cpp: 4.6.6 (/opt/ros/jazzy/share/rosidl_generator_cpp/cmake)
[0.511s] -- Using all available rosidl_typesupport_c: rosidl_typesupport_fastrtps_c;rosidl_typesupport_introspection_c
[0.558s] -- Using all available rosidl_typesupport_cpp: rosidl_typesupport_fastrtps_cpp;rosidl_typesupport_introspection_cpp
[0.738s] -- Found rmw_implementation_cmake: 7.3.2 (/opt/ros/jazzy/share/rmw_implementation_cmake/cmake)
[0.755s] -- Found rmw_fastrtps_cpp: 8.4.3 (/opt/ros/jazzy/share/rmw_fastrtps_cpp/cmake)
[0.940s] -- Found OpenSSL: /usr/lib/aarch64-linux-gnu/libcrypto.so (found version "3.0.13")  
[0.971s] -- Found FastRTPS: /opt/ros/jazzy/include (Required is at least version "2.13") 
[1.009s] -- Using RMW implementation 'rmw_fastrtps_cpp' as default
[1.128s] -- Found pluginlib: 5.4.3 (/opt/ros/jazzy/share/pluginlib/cmake)
[1.147s] -- Found rosbag2_transport: 0.26.9 (/opt/ros/jazzy/share/rosbag2_transport/cmake)
[1.187s] -- Setting yaml-cpp_DIR to: '/opt/ros/jazzy/share/yaml_cpp_vendor/cmake/../../../opt/yaml_cpp_vendor/share/cmake/yaml-cpp'
[1.235s] -- Found sensor_msgs: 5.3.6 (/opt/ros/jazzy/share/sensor_msgs/cmake)
[1.310s] -- Found std_srvs: 5.3.6 (/opt/ros/jazzy/share/std_srvs/cmake)
[1.356s] -- Found tf2_msgs: 0.36.16 (/opt/ros/jazzy/share/tf2_msgs/cmake)
[1.498s] -- Found tf2_ros: 0.36.16 (/opt/ros/jazzy/share/tf2_ros/cmake)
[2.542s] -- Found Python: /usr/bin/python3 (found version "3.12.3") found components: Interpreter Development Development.Module Development.Embed 
[2.706s] -- Found pybind11: /usr/include (found version "2.11.1")
[3.454s] -- Configuring done (3.4s)
[3.578s] -- Generating done (0.1s)
[3.626s] -- Build files have been written to: /home/siny/hydra_ws/build/ianvs
[3.678s] Invoked command in '/home/siny/hydra_ws/build/ianvs' returned '0': CMAKE_PREFIX_PATH=${CMAKE_PREFIX_PATH}:/opt/ros/jazzy:/home/siny/ros2_jazzy/install/ament_uncrustify:/home/siny/ros2_jazzy/install/tracetools_trace:/home/siny/ros2_jazzy/install/tracetools_read:/home/siny/ros2_jazzy/install/rpyutils:/home/siny/ros2_jazzy/install/rosidl_pycommon:/home/siny/ros2_jazzy/install/rosidl_cli:/home/siny/ros2_jazzy/install/launch_pytest:/home/siny/ros2_jazzy/install/launch_testing:/home/siny/ros2_jazzy/install/launch_yaml:/home/siny/ros2_jazzy/install/launch_xml:/home/siny/ros2_jazzy/install/launch:/home/siny/ros2_jazzy/install/osrf_pycommon:/home/siny/ros2_jazzy/install/domain_coordinator:/home/siny/ros2_jazzy/install/ament_xmllint:/home/siny/ros2_jazzy/install/ament_pyflakes:/home/siny/ros2_jazzy/install/ament_pycodestyle:/home/siny/ros2_jazzy/install/ament_pep257:/home/siny/ros2_jazzy/install/ament_pclint:/home/siny/ros2_jazzy/install/ament_package:/home/siny/ros2_jazzy/install/ament_mypy:/home/siny/ros2_jazzy/install/ament_lint_cmake:/home/siny/ros2_jazzy/install/ament_flake8:/home/siny/ros2_jazzy/install/ament_copyright:/home/siny/ros2_jazzy/install/ament_lint:/home/siny/ros2_jazzy/install/ament_index_python:/home/siny/ros2_jazzy/install/ament_cpplint:/home/siny/ros2_jazzy/install/ament_cppcheck:/home/siny/ros2_jazzy/install/ament_clang_tidy:/home/siny/ros2_jazzy/install/ament_clang_format DEBUGINFOD_URLS=https://debuginfod.ubuntu.com /usr/bin/cmake /home/siny/hydra_ws/src/ianvs/ianvs -DCMAKE_BUILD_TYPE=Release -DCMAKE_INSTALL_PREFIX=/home/siny/hydra_ws/install/ianvs
[3.679s] Invoking command in '/home/siny/hydra_ws/build/ianvs': CMAKE_PREFIX_PATH=${CMAKE_PREFIX_PATH}:/opt/ros/jazzy:/home/siny/ros2_jazzy/install/ament_uncrustify:/home/siny/ros2_jazzy/install/tracetools_trace:/home/siny/ros2_jazzy/install/tracetools_read:/home/siny/ros2_jazzy/install/rpyutils:/home/siny/ros2_jazzy/install/rosidl_pycommon:/home/siny/ros2_jazzy/install/rosidl_cli:/home/siny/ros2_jazzy/install/launch_pytest:/home/siny/ros2_jazzy/install/launch_testing:/home/siny/ros2_jazzy/install/launch_yaml:/home/siny/ros2_jazzy/install/launch_xml:/home/siny/ros2_jazzy/install/launch:/home/siny/ros2_jazzy/install/osrf_pycommon:/home/siny/ros2_jazzy/install/domain_coordinator:/home/siny/ros2_jazzy/install/ament_xmllint:/home/siny/ros2_jazzy/install/ament_pyflakes:/home/siny/ros2_jazzy/install/ament_pycodestyle:/home/siny/ros2_jazzy/install/ament_pep257:/home/siny/ros2_jazzy/install/ament_pclint:/home/siny/ros2_jazzy/install/ament_package:/home/siny/ros2_jazzy/install/ament_mypy:/home/siny/ros2_jazzy/install/ament_lint_cmake:/home/siny/ros2_jazzy/install/ament_flake8:/home/siny/ros2_jazzy/install/ament_copyright:/home/siny/ros2_jazzy/install/ament_lint:/home/siny/ros2_jazzy/install/ament_index_python:/home/siny/ros2_jazzy/install/ament_cpplint:/home/siny/ros2_jazzy/install/ament_cppcheck:/home/siny/ros2_jazzy/install/ament_clang_tidy:/home/siny/ros2_jazzy/install/ament_clang_format DEBUGINFOD_URLS=https://debuginfod.ubuntu.com /usr/bin/cmake --build /home/siny/hydra_ws/build/ianvs -- -j20 -l20
[3.828s] [  4%] [32mBuilding CXX object CMakeFiles/ianvs.dir/src/detail/string_transforms.cpp.o[0m
[3.832s] [  8%] [32mBuilding CXX object CMakeFiles/ianvs.dir/src/image_publisher.cpp.o[0m
[3.834s] [ 13%] [32mBuilding CXX object CMakeFiles/ianvs.dir/src/node_handle.cpp.o[0m
[3.834s] [ 17%] [32mBuilding CXX object CMakeFiles/ianvs.dir/src/spin_functions.cpp.o[0m
[3.841s] [ 21%] [32mBuilding CXX object CMakeFiles/ianvs.dir/src/image_subscription.cpp.o[0m
[3.841s] [ 26%] [32mBuilding CXX object CMakeFiles/ianvs.dir/src/node_handle_factory.cpp.o[0m
[3.841s] [ 30%] [32mBuilding CXX object CMakeFiles/ianvs.dir/src/node_init.cpp.o[0m
[3.844s] [ 34%] [32mBuilding CXX object CMakeFiles/ianvs_rosbag.dir/src/bag_reader.cpp.o[0m
[3.854s] [ 39%] [32mBuilding CXX object CMakeFiles/transform_file_broadcaster.dir/app/transform_file_broadcaster.cpp.o[0m
[3.854s] [ 43%] [32mBuilding CXX object CMakeFiles/_ianvs_bindings.dir/src/bindings/image_encodings.cpp.o[0m
[3.860s] [ 47%] [32mBuilding CXX object CMakeFiles/_ianvs_bindings.dir/src/bindings/module.cpp.o[0m
[3.864s] [ 47%] Built target ament_cmake_python_copy_ianvs_setup
[3.877s] [ 47%] Built target ament_cmake_python_copy_ianvs
[4.723s] running egg_info
[4.723s] creating ianvs.egg-info
[4.788s] writing ianvs.egg-info/PKG-INFO
[4.791s] writing dependency_links to ianvs.egg-info/dependency_links.txt
[4.791s] writing entry points to ianvs.egg-info/entry_points.txt
[4.791s] writing top-level names to ianvs.egg-info/top_level.txt
[4.791s] writing manifest file 'ianvs.egg-info/SOURCES.txt'
[4.976s] reading manifest file 'ianvs.egg-info/SOURCES.txt'
[4.982s] writing manifest file 'ianvs.egg-info/SOURCES.txt'
[5.118s] [ 47%] Built target ament_cmake_python_build_ianvs_egg
[13.035s] [ 52%] [32m[1mLinking CXX shared module _ianvs_bindings.cpython-312-aarch64-linux-gnu.so[0m
[14.703s] [ 56%] [32m[1mLinking CXX shared library libianvs_rosbag.so[0m
[15.229s] [ 60%] [32m[1mLinking CXX executable transform_file_broadcaster[0m
[15.788s] [ 60%] Built target ianvs_rosbag
[17.440s] [ 60%] Built target _ianvs_bindings
[18.535s] [ 60%] Built target transform_file_broadcaster
[20.617s] [ 65%] [32m[1mLinking CXX shared library libianvs.so[0m
[23.954s] [ 65%] Built target ianvs
[23.989s] [ 69%] [32mBuilding CXX object CMakeFiles/ianvs_plugins.dir/src/app/signal_stop_plugin.cpp.o[0m
[27.876s] [ 73%] [32mBuilding CXX object CMakeFiles/ianvs_plugins.dir/src/app/topic_remap_plugin.cpp.o[0m
[30.744s] [ 78%] [32mBuilding CXX object CMakeFiles/ianvs_plugins.dir/src/app/tf_plugin.cpp.o[0m
[35.506s] [ 82%] [32m[1mLinking CXX shared library libianvs_plugins.so[0m
[36.835s] [ 82%] Built target ianvs_plugins
[36.853s] [ 91%] [32mBuilding CXX object CMakeFiles/play_rosbag.dir/app/play_rosbag.cpp.o[0m
[36.853s] [ 91%] [32mBuilding CXX object CMakeFiles/merge_rosbags.dir/app/merge_rosbags.cpp.o[0m
[40.660s] [ 95%] [32m[1mLinking CXX executable merge_rosbags[0m
[41.809s] [100%] [32m[1mLinking CXX executable play_rosbag[0m
[43.151s] [100%] Built target merge_rosbags
[44.001s] [100%] Built target play_rosbag
[44.012s] Invoked command in '/home/siny/hydra_ws/build/ianvs' returned '0': CMAKE_PREFIX_PATH=${CMAKE_PREFIX_PATH}:/opt/ros/jazzy:/home/siny/ros2_jazzy/install/ament_uncrustify:/home/siny/ros2_jazzy/install/tracetools_trace:/home/siny/ros2_jazzy/install/tracetools_read:/home/siny/ros2_jazzy/install/rpyutils:/home/siny/ros2_jazzy/install/rosidl_pycommon:/home/siny/ros2_jazzy/install/rosidl_cli:/home/siny/ros2_jazzy/install/launch_pytest:/home/siny/ros2_jazzy/install/launch_testing:/home/siny/ros2_jazzy/install/launch_yaml:/home/siny/ros2_jazzy/install/launch_xml:/home/siny/ros2_jazzy/install/launch:/home/siny/ros2_jazzy/install/osrf_pycommon:/home/siny/ros2_jazzy/install/domain_coordinator:/home/siny/ros2_jazzy/install/ament_xmllint:/home/siny/ros2_jazzy/install/ament_pyflakes:/home/siny/ros2_jazzy/install/ament_pycodestyle:/home/siny/ros2_jazzy/install/ament_pep257:/home/siny/ros2_jazzy/install/ament_pclint:/home/siny/ros2_jazzy/install/ament_package:/home/siny/ros2_jazzy/install/ament_mypy:/home/siny/ros2_jazzy/install/ament_lint_cmake:/home/siny/ros2_jazzy/install/ament_flake8:/home/siny/ros2_jazzy/install/ament_copyright:/home/siny/ros2_jazzy/install/ament_lint:/home/siny/ros2_jazzy/install/ament_index_python:/home/siny/ros2_jazzy/install/ament_cpplint:/home/siny/ros2_jazzy/install/ament_cppcheck:/home/siny/ros2_jazzy/install/ament_clang_tidy:/home/siny/ros2_jazzy/install/ament_clang_format DEBUGINFOD_URLS=https://debuginfod.ubuntu.com /usr/bin/cmake --build /home/siny/hydra_ws/build/ianvs -- -j20 -l20
[44.013s] Invoking command in '/home/siny/hydra_ws/build/ianvs': CMAKE_PREFIX_PATH=${CMAKE_PREFIX_PATH}:/opt/ros/jazzy:/home/siny/ros2_jazzy/install/ament_uncrustify:/home/siny/ros2_jazzy/install/tracetools_trace:/home/siny/ros2_jazzy/install/tracetools_read:/home/siny/ros2_jazzy/install/rpyutils:/home/siny/ros2_jazzy/install/rosidl_pycommon:/home/siny/ros2_jazzy/install/rosidl_cli:/home/siny/ros2_jazzy/install/launch_pytest:/home/siny/ros2_jazzy/install/launch_testing:/home/siny/ros2_jazzy/install/launch_yaml:/home/siny/ros2_jazzy/install/launch_xml:/home/siny/ros2_jazzy/install/launch:/home/siny/ros2_jazzy/install/osrf_pycommon:/home/siny/ros2_jazzy/install/domain_coordinator:/home/siny/ros2_jazzy/install/ament_xmllint:/home/siny/ros2_jazzy/install/ament_pyflakes:/home/siny/ros2_jazzy/install/ament_pycodestyle:/home/siny/ros2_jazzy/install/ament_pep257:/home/siny/ros2_jazzy/install/ament_pclint:/home/siny/ros2_jazzy/install/ament_package:/home/siny/ros2_jazzy/install/ament_mypy:/home/siny/ros2_jazzy/install/ament_lint_cmake:/home/siny/ros2_jazzy/install/ament_flake8:/home/siny/ros2_jazzy/install/ament_copyright:/home/siny/ros2_jazzy/install/ament_lint:/home/siny/ros2_jazzy/install/ament_index_python:/home/siny/ros2_jazzy/install/ament_cpplint:/home/siny/ros2_jazzy/install/ament_cppcheck:/home/siny/ros2_jazzy/install/ament_clang_tidy:/home/siny/ros2_jazzy/install/ament_clang_format DEBUGINFOD_URLS=https://debuginfod.ubuntu.com /usr/bin/cmake --install /home/siny/hydra_ws/build/ianvs
[44.020s] -- Install configuration: "Release"
[44.020s] -- Installing: /home/siny/hydra_ws/install/ianvs/include/ianvs/
[44.021s] -- Installing: /home/siny/hydra_ws/install/ianvs/include/ianvs//ianvs
[44.021s] -- Installing: /home/siny/hydra_ws/install/ianvs/include/ianvs//ianvs/image_subscription.h
[44.021s] -- Installing: /home/siny/hydra_ws/install/ianvs/include/ianvs//ianvs/node_handle.h
[44.021s] -- Installing: /home/siny/hydra_ws/install/ianvs/include/ianvs//ianvs/app
[44.021s] -- Installing: /home/siny/hydra_ws/install/ianvs/include/ianvs//ianvs/app/rosbag_play_plugins.h
[44.021s] -- Installing: /home/siny/hydra_ws/install/ianvs/include/ianvs//ianvs/node_handle_factory.h
[44.021s] -- Installing: /home/siny/hydra_ws/install/ianvs/include/ianvs//ianvs/image_publisher.h
[44.021s] -- Installing: /home/siny/hydra_ws/install/ianvs/include/ianvs//ianvs/bag_reader.h
[44.021s] -- Installing: /home/siny/hydra_ws/install/ianvs/include/ianvs//ianvs/lazy_publisher_group.h
[44.021s] -- Installing: /home/siny/hydra_ws/install/ianvs/include/ianvs//ianvs/spin_functions.h
[44.021s] -- Installing: /home/siny/hydra_ws/install/ianvs/include/ianvs//ianvs/detail
[44.021s] -- Installing: /home/siny/hydra_ws/install/ianvs/include/ianvs//ianvs/detail/string_transforms.h
[44.021s] -- Installing: /home/siny/hydra_ws/install/ianvs/include/ianvs//ianvs/visibility_control.h
[44.022s] -- Installing: /home/siny/hydra_ws/install/ianvs/include/ianvs//ianvs/message_wait_functor.h
[44.022s] -- Installing: /home/siny/hydra_ws/install/ianvs/include/ianvs//ianvs/node_init.h
[44.022s] -- Installing: /home/siny/hydra_ws/install/ianvs/include/ianvs//ianvs/bindings
[44.022s] -- Installing: /home/siny/hydra_ws/install/ianvs/include/ianvs//ianvs/bindings/image_encodings.h
[44.022s] -- Installing: /home/siny/hydra_ws/install/ianvs/lib/libianvs.so
[44.023s] -- Set non-toolchain portion of runtime path of "/home/siny/hydra_ws/install/ianvs/lib/libianvs.so" to ""
[44.023s] -- Installing: /home/siny/hydra_ws/install/ianvs/lib/libianvs_plugins.so
[44.025s] -- Set non-toolchain portion of runtime path of "/home/siny/hydra_ws/install/ianvs/lib/libianvs_plugins.so" to ""
[44.025s] -- Installing: /home/siny/hydra_ws/install/ianvs/lib/libianvs_rosbag.so
[44.025s] -- Set non-toolchain portion of runtime path of "/home/siny/hydra_ws/install/ianvs/lib/libianvs_rosbag.so" to ""
[44.025s] -- Installing: /home/siny/hydra_ws/install/ianvs/lib/ianvs/play_rosbag
[44.026s] -- Set non-toolchain portion of runtime path of "/home/siny/hydra_ws/install/ianvs/lib/ianvs/play_rosbag" to ""
[44.026s] -- Installing: /home/siny/hydra_ws/install/ianvs/lib/ianvs/merge_rosbags
[44.027s] -- Set non-toolchain portion of runtime path of "/home/siny/hydra_ws/install/ianvs/lib/ianvs/merge_rosbags" to ""
[44.027s] -- Installing: /home/siny/hydra_ws/install/ianvs/lib/ianvs/transform_file_broadcaster
[44.027s] -- Set non-toolchain portion of runtime path of "/home/siny/hydra_ws/install/ianvs/lib/ianvs/transform_file_broadcaster" to ""
[44.028s] -- Installing: /home/siny/hydra_ws/install/ianvs/lib/python3.12/site-packages/ianvs/_ianvs_bindings.cpython-312-aarch64-linux-gnu.so
[44.028s] -- Set non-toolchain portion of runtime path of "/home/siny/hydra_ws/install/ianvs/lib/python3.12/site-packages/ianvs/_ianvs_bindings.cpython-312-aarch64-linux-gnu.so" to ""
[44.028s] -- Installing: /home/siny/hydra_ws/install/ianvs/share/ianvs/environment/pythonpath.sh
[44.028s] -- Installing: /home/siny/hydra_ws/install/ianvs/share/ianvs/environment/pythonpath.dsv
[44.028s] -- Installing: /home/siny/hydra_ws/install/ianvs/lib/python3.12/site-packages/ianvs-0.0.0-py3.12.egg-info
[44.028s] -- Installing: /home/siny/hydra_ws/install/ianvs/lib/python3.12/site-packages/ianvs-0.0.0-py3.12.egg-info/entry_points.txt
[44.029s] -- Installing: /home/siny/hydra_ws/install/ianvs/lib/python3.12/site-packages/ianvs-0.0.0-py3.12.egg-info/top_level.txt
[44.029s] -- Installing: /home/siny/hydra_ws/install/ianvs/lib/python3.12/site-packages/ianvs-0.0.0-py3.12.egg-info/PKG-INFO
[44.029s] -- Installing: /home/siny/hydra_ws/install/ianvs/lib/python3.12/site-packages/ianvs-0.0.0-py3.12.egg-info/SOURCES.txt
[44.029s] -- Installing: /home/siny/hydra_ws/install/ianvs/lib/python3.12/site-packages/ianvs-0.0.0-py3.12.egg-info/dependency_links.txt
[44.029s] -- Up-to-date: /home/siny/hydra_ws/install/ianvs/lib/python3.12/site-packages/ianvs
[44.029s] -- Installing: /home/siny/hydra_ws/install/ianvs/lib/python3.12/site-packages/ianvs/__init__.py
[44.029s] -- Installing: /home/siny/hydra_ws/install/ianvs/lib/python3.12/site-packages/ianvs/launch.py
[44.069s] Listing '/home/siny/hydra_ws/install/ianvs/lib/python3.12/site-packages/ianvs'...
[44.069s] Compiling '/home/siny/hydra_ws/install/ianvs/lib/python3.12/site-packages/ianvs/__init__.py'...
[44.069s] Compiling '/home/siny/hydra_ws/install/ianvs/lib/python3.12/site-packages/ianvs/launch.py'...
[44.075s] -- Installing: /home/siny/hydra_ws/install/ianvs/share/ianvs/plugins.xml
[44.075s] -- Installing: /home/siny/hydra_ws/install/ianvs/share/ianvs/environment/library_path.sh
[44.075s] -- Installing: /home/siny/hydra_ws/install/ianvs/share/ianvs/environment/library_path.dsv
[44.075s] -- Installing: /home/siny/hydra_ws/install/ianvs/share/ament_index/resource_index/package_run_dependencies/ianvs
[44.076s] -- Installing: /home/siny/hydra_ws/install/ianvs/share/ament_index/resource_index/parent_prefix_path/ianvs
[44.076s] -- Installing: /home/siny/hydra_ws/install/ianvs/share/ianvs/environment/ament_prefix_path.sh
[44.076s] -- Installing: /home/siny/hydra_ws/install/ianvs/share/ianvs/environment/ament_prefix_path.dsv
[44.076s] -- Installing: /home/siny/hydra_ws/install/ianvs/share/ianvs/environment/path.sh
[44.076s] -- Installing: /home/siny/hydra_ws/install/ianvs/share/ianvs/environment/path.dsv
[44.076s] -- Installing: /home/siny/hydra_ws/install/ianvs/share/ianvs/local_setup.bash
[44.076s] -- Installing: /home/siny/hydra_ws/install/ianvs/share/ianvs/local_setup.sh
[44.076s] -- Installing: /home/siny/hydra_ws/install/ianvs/share/ianvs/local_setup.zsh
[44.076s] -- Installing: /home/siny/hydra_ws/install/ianvs/share/ianvs/local_setup.dsv
[44.076s] -- Installing: /home/siny/hydra_ws/install/ianvs/share/ianvs/package.dsv
[44.077s] -- Installing: /home/siny/hydra_ws/install/ianvs/share/ament_index/resource_index/packages/ianvs
[44.077s] -- Installing: /home/siny/hydra_ws/install/ianvs/share/ament_index/resource_index/ianvs__pluginlib__plugin/ianvs
[44.077s] -- Installing: /home/siny/hydra_ws/install/ianvs/share/ianvs/cmake/ianvs-exportsExport.cmake
[44.077s] -- Installing: /home/siny/hydra_ws/install/ianvs/share/ianvs/cmake/ianvs-exportsExport-release.cmake
[44.077s] -- Installing: /home/siny/hydra_ws/install/ianvs/share/ianvs/cmake/ament_cmake_export_targets-extras.cmake
[44.077s] -- Installing: /home/siny/hydra_ws/install/ianvs/share/ianvs/cmake/ament_cmake_export_dependencies-extras.cmake
[44.077s] -- Installing: /home/siny/hydra_ws/install/ianvs/share/ianvs/cmake/ianvsConfig.cmake
[44.077s] -- Installing: /home/siny/hydra_ws/install/ianvs/share/ianvs/cmake/ianvsConfig-version.cmake
[44.078s] -- Installing: /home/siny/hydra_ws/install/ianvs/share/ianvs/package.xml
[44.080s] Invoked command in '/home/siny/hydra_ws/build/ianvs' returned '0': CMAKE_PREFIX_PATH=${CMAKE_PREFIX_PATH}:/opt/ros/jazzy:/home/siny/ros2_jazzy/install/ament_uncrustify:/home/siny/ros2_jazzy/install/tracetools_trace:/home/siny/ros2_jazzy/install/tracetools_read:/home/siny/ros2_jazzy/install/rpyutils:/home/siny/ros2_jazzy/install/rosidl_pycommon:/home/siny/ros2_jazzy/install/rosidl_cli:/home/siny/ros2_jazzy/install/launch_pytest:/home/siny/ros2_jazzy/install/launch_testing:/home/siny/ros2_jazzy/install/launch_yaml:/home/siny/ros2_jazzy/install/launch_xml:/home/siny/ros2_jazzy/install/launch:/home/siny/ros2_jazzy/install/osrf_pycommon:/home/siny/ros2_jazzy/install/domain_coordinator:/home/siny/ros2_jazzy/install/ament_xmllint:/home/siny/ros2_jazzy/install/ament_pyflakes:/home/siny/ros2_jazzy/install/ament_pycodestyle:/home/siny/ros2_jazzy/install/ament_pep257:/home/siny/ros2_jazzy/install/ament_pclint:/home/siny/ros2_jazzy/install/ament_package:/home/siny/ros2_jazzy/install/ament_mypy:/home/siny/ros2_jazzy/install/ament_lint_cmake:/home/siny/ros2_jazzy/install/ament_flake8:/home/siny/ros2_jazzy/install/ament_copyright:/home/siny/ros2_jazzy/install/ament_lint:/home/siny/ros2_jazzy/install/ament_index_python:/home/siny/ros2_jazzy/install/ament_cpplint:/home/siny/ros2_jazzy/install/ament_cppcheck:/home/siny/ros2_jazzy/install/ament_clang_tidy:/home/siny/ros2_jazzy/install/ament_clang_format DEBUGINFOD_URLS=https://debuginfod.ubuntu.com /usr/bin/cmake --install /home/siny/hydra_ws/build/ianvs
