-- The C compiler identification is GNU 13.3.0
-- The CXX compiler identification is GNU 13.3.0
-- Detecting C compiler ABI info
-- Detecting C compiler ABI info - done
-- Check for working C compiler: /usr/bin/cc - skipped
-- Detecting C compile features
-- Detecting C compile features - done
-- Detecting CXX compiler ABI info
-- Detecting CXX compiler ABI info - done
-- Check for working CXX compiler: /usr/bin/c++ - skipped
-- Detecting CXX compile features
-- Detecting CXX compile features - done
-- Found ament_cmake: 2.5.4 (/opt/ros/jazzy/share/ament_cmake/cmake)
-- Found Python3: /usr/bin/python3 (found version "3.12.3") found components: Interpreter 
-- Found rclcpp: 28.1.13 (/opt/ros/jazzy/share/rclcpp/cmake)
-- Found rosidl_generator_c: 4.6.6 (/opt/ros/jazzy/share/rosidl_generator_c/cmake)
-- Found rosidl_generator_cpp: 4.6.6 (/opt/ros/jazzy/share/rosidl_generator_cpp/cmake)
-- Using all available rosidl_typesupport_c: rosidl_typesupport_fastrtps_c;rosidl_typesupport_introspection_c
-- Using all available rosidl_typesupport_cpp: rosidl_typesupport_fastrtps_cpp;rosidl_typesupport_introspection_cpp
-- Found rmw_implementation_cmake: 7.3.2 (/opt/ros/jazzy/share/rmw_implementation_cmake/cmake)
-- Found rmw_fastrtps_cpp: 8.4.3 (/opt/ros/jazzy/share/rmw_fastrtps_cpp/cmake)
-- Found OpenSSL: /usr/lib/aarch64-linux-gnu/libcrypto.so (found version "3.0.13")  
-- Found FastRTPS: /opt/ros/jazzy/include (Required is at least version "2.13") 
-- Using RMW implementation 'rmw_fastrtps_cpp' as default
-- Found config_utilities_msgs: 2.0.0 (/home/siny/hydra_ws/install/config_utilities_msgs/share/config_utilities_msgs/cmake)
-- Configuring done (1.1s)
-- Generating done (0.0s)
-- Build files have been written to: /home/siny/hydra_ws/build/config_utilities_ros
[  0%] Built target ament_cmake_python_copy_config_utilities_ros
[ 25%] [32mBuilding CXX object CMakeFiles/config_utilities_ros.dir/src/ros_dynamic_config_server.cpp.o[0m
running egg_info
creating config_utilities_ros.egg-info
writing config_utilities_ros.egg-info/PKG-INFO
writing dependency_links to config_utilities_ros.egg-info/dependency_links.txt
writing top-level names to config_utilities_ros.egg-info/top_level.txt
writing manifest file 'config_utilities_ros.egg-info/SOURCES.txt'
reading manifest file 'config_utilities_ros.egg-info/SOURCES.txt'
writing manifest file 'config_utilities_ros.egg-info/SOURCES.txt'
[ 25%] Built target ament_cmake_python_build_config_utilities_ros_egg
[ 50%] [32m[1mLinking CXX shared library libconfig_utilities_ros.so[0m
[ 50%] Built target config_utilities_ros
[ 75%] [32mBuilding CXX object CMakeFiles/demo_ros_dynamic_config_server.dir/demos/demo_ros_dynamic_config_server.cpp.o[0m
[100%] [32m[1mLinking CXX executable demo_ros_dynamic_config_server[0m
[100%] Built target demo_ros_dynamic_config_server
-- Install configuration: "Release"
-- Installing: /home/siny/hydra_ws/install/config_utilities_ros/share/config_utilities_ros/environment/pythonpath.sh
-- Installing: /home/siny/hydra_ws/install/config_utilities_ros/share/config_utilities_ros/environment/pythonpath.dsv
-- Installing: /home/siny/hydra_ws/install/config_utilities_ros/lib/python3.12/site-packages/config_utilities_ros-2.0.0-py3.12.egg-info
-- Installing: /home/siny/hydra_ws/install/config_utilities_ros/lib/python3.12/site-packages/config_utilities_ros-2.0.0-py3.12.egg-info/top_level.txt
-- Installing: /home/siny/hydra_ws/install/config_utilities_ros/lib/python3.12/site-packages/config_utilities_ros-2.0.0-py3.12.egg-info/PKG-INFO
-- Installing: /home/siny/hydra_ws/install/config_utilities_ros/lib/python3.12/site-packages/config_utilities_ros-2.0.0-py3.12.egg-info/SOURCES.txt
-- Installing: /home/siny/hydra_ws/install/config_utilities_ros/lib/python3.12/site-packages/config_utilities_ros-2.0.0-py3.12.egg-info/dependency_links.txt
-- Installing: /home/siny/hydra_ws/install/config_utilities_ros/lib/python3.12/site-packages/config_utilities_ros
-- Installing: /home/siny/hydra_ws/install/config_utilities_ros/lib/python3.12/site-packages/config_utilities_ros/__init__.py
-- Installing: /home/siny/hydra_ws/install/config_utilities_ros/lib/python3.12/site-packages/config_utilities_ros/gui
-- Installing: /home/siny/hydra_ws/install/config_utilities_ros/lib/python3.12/site-packages/config_utilities_ros/gui/README.md
-- Installing: /home/siny/hydra_ws/install/config_utilities_ros/lib/python3.12/site-packages/config_utilities_ros/gui/dynamic_config_gui.py
-- Installing: /home/siny/hydra_ws/install/config_utilities_ros/lib/python3.12/site-packages/config_utilities_ros/gui/templates
-- Installing: /home/siny/hydra_ws/install/config_utilities_ros/lib/python3.12/site-packages/config_utilities_ros/gui/templates/index.html
-- Installing: /home/siny/hydra_ws/install/config_utilities_ros/lib/python3.12/site-packages/config_utilities_ros/gui/__init__.py
-- Installing: /home/siny/hydra_ws/install/config_utilities_ros/lib/python3.12/site-packages/config_utilities_ros/gui/static
-- Installing: /home/siny/hydra_ws/install/config_utilities_ros/lib/python3.12/site-packages/config_utilities_ros/gui/static/js
-- Installing: /home/siny/hydra_ws/install/config_utilities_ros/lib/python3.12/site-packages/config_utilities_ros/gui/static/js/build_fields.js
-- Installing: /home/siny/hydra_ws/install/config_utilities_ros/lib/python3.12/site-packages/config_utilities_ros/gui/static/js/selection_panes.js
-- Installing: /home/siny/hydra_ws/install/config_utilities_ros/lib/python3.12/site-packages/config_utilities_ros/gui/static/js/config_table.js
-- Installing: /home/siny/hydra_ws/install/config_utilities_ros/lib/python3.12/site-packages/config_utilities_ros/gui/static/css
-- Installing: /home/siny/hydra_ws/install/config_utilities_ros/lib/python3.12/site-packages/config_utilities_ros/gui/static/css/style.css
Listing '/home/siny/hydra_ws/install/config_utilities_ros/lib/python3.12/site-packages/config_utilities_ros'...
Compiling '/home/siny/hydra_ws/install/config_utilities_ros/lib/python3.12/site-packages/config_utilities_ros/__init__.py'...
Listing '/home/siny/hydra_ws/install/config_utilities_ros/lib/python3.12/site-packages/config_utilities_ros/gui'...
Compiling '/home/siny/hydra_ws/install/config_utilities_ros/lib/python3.12/site-packages/config_utilities_ros/gui/__init__.py'...
Compiling '/home/siny/hydra_ws/install/config_utilities_ros/lib/python3.12/site-packages/config_utilities_ros/gui/dynamic_config_gui.py'...
Listing '/home/siny/hydra_ws/install/config_utilities_ros/lib/python3.12/site-packages/config_utilities_ros/gui/static'...
Listing '/home/siny/hydra_ws/install/config_utilities_ros/lib/python3.12/site-packages/config_utilities_ros/gui/static/css'...
Listing '/home/siny/hydra_ws/install/config_utilities_ros/lib/python3.12/site-packages/config_utilities_ros/gui/static/js'...
Listing '/home/siny/hydra_ws/install/config_utilities_ros/lib/python3.12/site-packages/config_utilities_ros/gui/templates'...
-- Installing: /home/siny/hydra_ws/install/config_utilities_ros/lib/libconfig_utilities_ros.so
-- Set non-toolchain portion of runtime path of "/home/siny/hydra_ws/install/config_utilities_ros/lib/libconfig_utilities_ros.so" to ""
-- Installing: /home/siny/hydra_ws/install/config_utilities_ros/lib/config_utilities_ros/demo_ros_dynamic_config_server
-- Set non-toolchain portion of runtime path of "/home/siny/hydra_ws/install/config_utilities_ros/lib/config_utilities_ros/demo_ros_dynamic_config_server" to ""
-- Installing: /home/siny/hydra_ws/install/config_utilities_ros/include/config_utilities_ros/
-- Installing: /home/siny/hydra_ws/install/config_utilities_ros/include/config_utilities_ros//config_utilities_ros
-- Installing: /home/siny/hydra_ws/install/config_utilities_ros/include/config_utilities_ros//config_utilities_ros/ros_dynamic_config_server.h
-- Installing: /home/siny/hydra_ws/install/config_utilities_ros/share/config_utilities_ros//launch
-- Installing: /home/siny/hydra_ws/install/config_utilities_ros/share/config_utilities_ros//launch/demo_ros_dynamic_config.yaml
-- Installing: /home/siny/hydra_ws/install/config_utilities_ros/lib/config_utilities_ros/gui
-- Installing: /home/siny/hydra_ws/install/config_utilities_ros/share/config_utilities_ros/environment/library_path.sh
-- Installing: /home/siny/hydra_ws/install/config_utilities_ros/share/config_utilities_ros/environment/library_path.dsv
-- Installing: /home/siny/hydra_ws/install/config_utilities_ros/share/ament_index/resource_index/package_run_dependencies/config_utilities_ros
-- Installing: /home/siny/hydra_ws/install/config_utilities_ros/share/ament_index/resource_index/parent_prefix_path/config_utilities_ros
-- Installing: /home/siny/hydra_ws/install/config_utilities_ros/share/config_utilities_ros/environment/ament_prefix_path.sh
-- Installing: /home/siny/hydra_ws/install/config_utilities_ros/share/config_utilities_ros/environment/ament_prefix_path.dsv
-- Installing: /home/siny/hydra_ws/install/config_utilities_ros/share/config_utilities_ros/environment/path.sh
-- Installing: /home/siny/hydra_ws/install/config_utilities_ros/share/config_utilities_ros/environment/path.dsv
-- Installing: /home/siny/hydra_ws/install/config_utilities_ros/share/config_utilities_ros/local_setup.bash
-- Installing: /home/siny/hydra_ws/install/config_utilities_ros/share/config_utilities_ros/local_setup.sh
-- Installing: /home/siny/hydra_ws/install/config_utilities_ros/share/config_utilities_ros/local_setup.zsh
-- Installing: /home/siny/hydra_ws/install/config_utilities_ros/share/config_utilities_ros/local_setup.dsv
-- Installing: /home/siny/hydra_ws/install/config_utilities_ros/share/config_utilities_ros/package.dsv
-- Installing: /home/siny/hydra_ws/install/config_utilities_ros/share/ament_index/resource_index/packages/config_utilities_ros
-- Installing: /home/siny/hydra_ws/install/config_utilities_ros/share/config_utilities_ros/cmake/config_utilities_ros-targetsExport.cmake
-- Installing: /home/siny/hydra_ws/install/config_utilities_ros/share/config_utilities_ros/cmake/config_utilities_ros-targetsExport-release.cmake
-- Installing: /home/siny/hydra_ws/install/config_utilities_ros/share/config_utilities_ros/cmake/ament_cmake_export_targets-extras.cmake
-- Installing: /home/siny/hydra_ws/install/config_utilities_ros/share/config_utilities_ros/cmake/ament_cmake_export_dependencies-extras.cmake
-- Installing: /home/siny/hydra_ws/install/config_utilities_ros/share/config_utilities_ros/cmake/config_utilities_rosConfig.cmake
-- Installing: /home/siny/hydra_ws/install/config_utilities_ros/share/config_utilities_ros/cmake/config_utilities_rosConfig-version.cmake
-- Installing: /home/siny/hydra_ws/install/config_utilities_ros/share/config_utilities_ros/package.xml
