[0.013s] Invoking command in '/home/siny/hydra_ws/build/teaserpp': CMAKE_PREFIX_PATH=${CMAKE_PREFIX_PATH}:/opt/ros/jazzy DEBUGINFOD_URLS=https://debuginfod.ubuntu.com /usr/bin/cmake --build /home/siny/hydra_ws/build/teaserpp -- -j20 -l20
[0.069s] [ 25%] Built target pmc
[0.069s] [ 31%] Built target teaser_io
[0.079s] [ 37%] Built target gtest
[0.114s] [ 42%] Built target gmock
[0.118s] [ 54%] Built target teaser_registration
[0.161s] [ 62%] Built target all_benchmarks
[0.168s] [100%] Built target all_tests
[0.202s] Invoked command in '/home/siny/hydra_ws/build/teaserpp' returned '0': CMAKE_PREFIX_PATH=${CMAKE_PREFIX_PATH}:/opt/ros/jazzy DEBUGINFOD_URLS=https://debuginfod.ubuntu.com /usr/bin/cmake --build /home/siny/hydra_ws/build/teaserpp -- -j20 -l20
[0.203s] Invoking command in '/home/siny/hydra_ws/build/teaserpp': CMAKE_PREFIX_PATH=${CMAKE_PREFIX_PATH}:/opt/ros/jazzy DEBUGINFOD_URLS=https://debuginfod.ubuntu.com /usr/bin/cmake --install /home/siny/hydra_ws/build/teaserpp
[0.210s] -- Install configuration: "Release"
[0.210s] -- Up-to-date: /home/siny/hydra_ws/install/teaserpp/lib/libteaser_io.so
[0.210s] -- Up-to-date: /home/siny/hydra_ws/install/teaserpp/lib/libteaser_registration.so
[0.210s] -- Up-to-date: /home/siny/hydra_ws/install/teaserpp/lib/cmake/teaserpp/teaserppTargets.cmake
[0.210s] -- Up-to-date: /home/siny/hydra_ws/install/teaserpp/lib/cmake/teaserpp/teaserppTargets-release.cmake
[0.210s] -- Up-to-date: /home/siny/hydra_ws/install/teaserpp/include
[0.210s] -- Up-to-date: /home/siny/hydra_ws/install/teaserpp/include/teaser
[0.210s] -- Up-to-date: /home/siny/hydra_ws/install/teaserpp/include/teaser/graph.h
[0.210s] -- Up-to-date: /home/siny/hydra_ws/install/teaserpp/include/teaser/geometry.h
[0.210s] -- Up-to-date: /home/siny/hydra_ws/install/teaserpp/include/teaser/registration.h
[0.211s] -- Up-to-date: /home/siny/hydra_ws/install/teaserpp/include/teaser/ply_io.h
[0.211s] -- Up-to-date: /home/siny/hydra_ws/install/teaserpp/include/teaser/utils.h
[0.211s] -- Up-to-date: /home/siny/hydra_ws/install/teaserpp/include/teaser/fpfh.h
[0.211s] -- Up-to-date: /home/siny/hydra_ws/install/teaserpp/include/teaser/certification.h
[0.211s] -- Up-to-date: /home/siny/hydra_ws/install/teaserpp/include/teaser/macros.h
[0.211s] -- Up-to-date: /home/siny/hydra_ws/install/teaserpp/include/teaser/matcher.h
[0.211s] -- Up-to-date: /home/siny/hydra_ws/install/teaserpp/lib/cmake/teaserpp/teaserppConfig.cmake
[0.215s] Invoked command in '/home/siny/hydra_ws/build/teaserpp' returned '0': CMAKE_PREFIX_PATH=${CMAKE_PREFIX_PATH}:/opt/ros/jazzy DEBUGINFOD_URLS=https://debuginfod.ubuntu.com /usr/bin/cmake --install /home/siny/hydra_ws/build/teaserpp
