[0.019s] Invoking command in '/home/siny/hydra_ws/build/spatial_hash': CMAKE_PREFIX_PATH=${CMAKE_PREFIX_PATH}:/opt/ros/jazzy:/home/siny/ros2_jazzy/install/ament_uncrustify:/home/siny/ros2_jazzy/install/tracetools_trace:/home/siny/ros2_jazzy/install/tracetools_read:/home/siny/ros2_jazzy/install/rpyutils:/home/siny/ros2_jazzy/install/rosidl_pycommon:/home/siny/ros2_jazzy/install/rosidl_cli:/home/siny/ros2_jazzy/install/launch_pytest:/home/siny/ros2_jazzy/install/launch_testing:/home/siny/ros2_jazzy/install/launch_yaml:/home/siny/ros2_jazzy/install/launch_xml:/home/siny/ros2_jazzy/install/launch:/home/siny/ros2_jazzy/install/osrf_pycommon:/home/siny/ros2_jazzy/install/domain_coordinator:/home/siny/ros2_jazzy/install/ament_xmllint:/home/siny/ros2_jazzy/install/ament_pyflakes:/home/siny/ros2_jazzy/install/ament_pycodestyle:/home/siny/ros2_jazzy/install/ament_pep257:/home/siny/ros2_jazzy/install/ament_pclint:/home/siny/ros2_jazzy/install/ament_package:/home/siny/ros2_jazzy/install/ament_mypy:/home/siny/ros2_jazzy/install/ament_lint_cmake:/home/siny/ros2_jazzy/install/ament_flake8:/home/siny/ros2_jazzy/install/ament_copyright:/home/siny/ros2_jazzy/install/ament_lint:/home/siny/ros2_jazzy/install/ament_index_python:/home/siny/ros2_jazzy/install/ament_cpplint:/home/siny/ros2_jazzy/install/ament_cppcheck:/home/siny/ros2_jazzy/install/ament_clang_tidy:/home/siny/ros2_jazzy/install/ament_clang_format DEBUGINFOD_URLS=https://debuginfod.ubuntu.com /usr/bin/cmake /home/siny/hydra_ws/src/spatial_hash -DCMAKE_BUILD_TYPE=Release -DCMAKE_INSTALL_PREFIX=/home/siny/hydra_ws/install/spatial_hash
[0.069s] -- The C compiler identification is GNU 13.3.0
[0.111s] -- The CXX compiler identification is GNU 13.3.0
[0.122s] -- Detecting C compiler ABI info
[0.190s] -- Detecting C compiler ABI info - done
[0.195s] -- Check for working C compiler: /usr/bin/cc - skipped
[0.195s] -- Detecting C compile features
[0.195s] -- Detecting C compile features - done
[0.203s] -- Detecting CXX compiler ABI info
[0.269s] -- Detecting CXX compiler ABI info - done
[0.278s] -- Check for working CXX compiler: /usr/bin/c++ - skipped
[0.278s] -- Detecting CXX compile features
[0.279s] -- Detecting CXX compile features - done
[0.288s] -- Found PkgConfig: /usr/bin/pkg-config (found version "1.8.1") 
[0.288s] -- Checking for module 'libglog'
[0.303s] --   Found libglog, version 0.6.0
[0.416s] -- Found GTest: /usr/lib/aarch64-linux-gnu/cmake/GTest/GTestConfig.cmake (found version "1.14.0")  
[0.419s] -- Configuring done (0.4s)
[0.426s] -- Generating done (0.0s)
[0.429s] -- Build files have been written to: /home/siny/hydra_ws/build/spatial_hash
[0.433s] Invoked command in '/home/siny/hydra_ws/build/spatial_hash' returned '0': CMAKE_PREFIX_PATH=${CMAKE_PREFIX_PATH}:/opt/ros/jazzy:/home/siny/ros2_jazzy/install/ament_uncrustify:/home/siny/ros2_jazzy/install/tracetools_trace:/home/siny/ros2_jazzy/install/tracetools_read:/home/siny/ros2_jazzy/install/rpyutils:/home/siny/ros2_jazzy/install/rosidl_pycommon:/home/siny/ros2_jazzy/install/rosidl_cli:/home/siny/ros2_jazzy/install/launch_pytest:/home/siny/ros2_jazzy/install/launch_testing:/home/siny/ros2_jazzy/install/launch_yaml:/home/siny/ros2_jazzy/install/launch_xml:/home/siny/ros2_jazzy/install/launch:/home/siny/ros2_jazzy/install/osrf_pycommon:/home/siny/ros2_jazzy/install/domain_coordinator:/home/siny/ros2_jazzy/install/ament_xmllint:/home/siny/ros2_jazzy/install/ament_pyflakes:/home/siny/ros2_jazzy/install/ament_pycodestyle:/home/siny/ros2_jazzy/install/ament_pep257:/home/siny/ros2_jazzy/install/ament_pclint:/home/siny/ros2_jazzy/install/ament_package:/home/siny/ros2_jazzy/install/ament_mypy:/home/siny/ros2_jazzy/install/ament_lint_cmake:/home/siny/ros2_jazzy/install/ament_flake8:/home/siny/ros2_jazzy/install/ament_copyright:/home/siny/ros2_jazzy/install/ament_lint:/home/siny/ros2_jazzy/install/ament_index_python:/home/siny/ros2_jazzy/install/ament_cpplint:/home/siny/ros2_jazzy/install/ament_cppcheck:/home/siny/ros2_jazzy/install/ament_clang_tidy:/home/siny/ros2_jazzy/install/ament_clang_format DEBUGINFOD_URLS=https://debuginfod.ubuntu.com /usr/bin/cmake /home/siny/hydra_ws/src/spatial_hash -DCMAKE_BUILD_TYPE=Release -DCMAKE_INSTALL_PREFIX=/home/siny/hydra_ws/install/spatial_hash
[0.434s] Invoking command in '/home/siny/hydra_ws/build/spatial_hash': CMAKE_PREFIX_PATH=${CMAKE_PREFIX_PATH}:/opt/ros/jazzy:/home/siny/ros2_jazzy/install/ament_uncrustify:/home/siny/ros2_jazzy/install/tracetools_trace:/home/siny/ros2_jazzy/install/tracetools_read:/home/siny/ros2_jazzy/install/rpyutils:/home/siny/ros2_jazzy/install/rosidl_pycommon:/home/siny/ros2_jazzy/install/rosidl_cli:/home/siny/ros2_jazzy/install/launch_pytest:/home/siny/ros2_jazzy/install/launch_testing:/home/siny/ros2_jazzy/install/launch_yaml:/home/siny/ros2_jazzy/install/launch_xml:/home/siny/ros2_jazzy/install/launch:/home/siny/ros2_jazzy/install/osrf_pycommon:/home/siny/ros2_jazzy/install/domain_coordinator:/home/siny/ros2_jazzy/install/ament_xmllint:/home/siny/ros2_jazzy/install/ament_pyflakes:/home/siny/ros2_jazzy/install/ament_pycodestyle:/home/siny/ros2_jazzy/install/ament_pep257:/home/siny/ros2_jazzy/install/ament_pclint:/home/siny/ros2_jazzy/install/ament_package:/home/siny/ros2_jazzy/install/ament_mypy:/home/siny/ros2_jazzy/install/ament_lint_cmake:/home/siny/ros2_jazzy/install/ament_flake8:/home/siny/ros2_jazzy/install/ament_copyright:/home/siny/ros2_jazzy/install/ament_lint:/home/siny/ros2_jazzy/install/ament_index_python:/home/siny/ros2_jazzy/install/ament_cpplint:/home/siny/ros2_jazzy/install/ament_cppcheck:/home/siny/ros2_jazzy/install/ament_clang_tidy:/home/siny/ros2_jazzy/install/ament_clang_format DEBUGINFOD_URLS=https://debuginfod.ubuntu.com /usr/bin/cmake --build /home/siny/hydra_ws/build/spatial_hash -- -j20 -l20
[0.464s] [ 14%] [32mBuilding CXX object CMakeFiles/spatial_hash.dir/src/block.cpp.o[0m
[0.464s] [ 14%] [32mBuilding CXX object CMakeFiles/spatial_hash.dir/src/grid.cpp.o[0m
[0.465s] [ 21%] [32mBuilding CXX object CMakeFiles/spatial_hash.dir/src/neighbor_utils.cpp.o[0m
[3.667s] [ 28%] [32m[1mLinking CXX static library libspatial_hash.a[0m
[3.897s] [ 28%] Built target spatial_hash
[3.943s] [ 35%] [32mBuilding CXX object tests/CMakeFiles/utest_spatial_hash.dir/utest_main.cpp.o[0m
[3.954s] [ 42%] [32mBuilding CXX object tests/CMakeFiles/utest_spatial_hash.dir/utest_layer.cpp.o[0m
[3.956s] [ 50%] [32mBuilding CXX object tests/CMakeFiles/utest_spatial_hash.dir/utest_hash.cpp.o[0m
[3.964s] [ 57%] [32mBuilding CXX object tests/CMakeFiles/utest_spatial_hash.dir/utest_grid.cpp.o[0m
[3.964s] [ 64%] [32mBuilding CXX object tests/CMakeFiles/utest_spatial_hash.dir/utest_neighbor_utils.cpp.o[0m
[3.964s] [ 71%] [32mBuilding CXX object tests/CMakeFiles/utest_spatial_hash.dir/utest_block.cpp.o[0m
[3.972s] [ 78%] [32mBuilding CXX object tests/CMakeFiles/utest_spatial_hash.dir/utest_block_layer.cpp.o[0m
[3.972s] [ 85%] [32mBuilding CXX object tests/CMakeFiles/utest_spatial_hash.dir/utest_voxel_block.cpp.o[0m
[3.981s] [ 92%] [32mBuilding CXX object tests/CMakeFiles/utest_spatial_hash.dir/utest_voxel_layer.cpp.o[0m
[13.880s] [100%] [32m[1mLinking CXX executable utest_spatial_hash[0m
[14.192s] [100%] Built target utest_spatial_hash
[14.236s] Invoked command in '/home/siny/hydra_ws/build/spatial_hash' returned '0': CMAKE_PREFIX_PATH=${CMAKE_PREFIX_PATH}:/opt/ros/jazzy:/home/siny/ros2_jazzy/install/ament_uncrustify:/home/siny/ros2_jazzy/install/tracetools_trace:/home/siny/ros2_jazzy/install/tracetools_read:/home/siny/ros2_jazzy/install/rpyutils:/home/siny/ros2_jazzy/install/rosidl_pycommon:/home/siny/ros2_jazzy/install/rosidl_cli:/home/siny/ros2_jazzy/install/launch_pytest:/home/siny/ros2_jazzy/install/launch_testing:/home/siny/ros2_jazzy/install/launch_yaml:/home/siny/ros2_jazzy/install/launch_xml:/home/siny/ros2_jazzy/install/launch:/home/siny/ros2_jazzy/install/osrf_pycommon:/home/siny/ros2_jazzy/install/domain_coordinator:/home/siny/ros2_jazzy/install/ament_xmllint:/home/siny/ros2_jazzy/install/ament_pyflakes:/home/siny/ros2_jazzy/install/ament_pycodestyle:/home/siny/ros2_jazzy/install/ament_pep257:/home/siny/ros2_jazzy/install/ament_pclint:/home/siny/ros2_jazzy/install/ament_package:/home/siny/ros2_jazzy/install/ament_mypy:/home/siny/ros2_jazzy/install/ament_lint_cmake:/home/siny/ros2_jazzy/install/ament_flake8:/home/siny/ros2_jazzy/install/ament_copyright:/home/siny/ros2_jazzy/install/ament_lint:/home/siny/ros2_jazzy/install/ament_index_python:/home/siny/ros2_jazzy/install/ament_cpplint:/home/siny/ros2_jazzy/install/ament_cppcheck:/home/siny/ros2_jazzy/install/ament_clang_tidy:/home/siny/ros2_jazzy/install/ament_clang_format DEBUGINFOD_URLS=https://debuginfod.ubuntu.com /usr/bin/cmake --build /home/siny/hydra_ws/build/spatial_hash -- -j20 -l20
[14.236s] Invoking command in '/home/siny/hydra_ws/build/spatial_hash': CMAKE_PREFIX_PATH=${CMAKE_PREFIX_PATH}:/opt/ros/jazzy:/home/siny/ros2_jazzy/install/ament_uncrustify:/home/siny/ros2_jazzy/install/tracetools_trace:/home/siny/ros2_jazzy/install/tracetools_read:/home/siny/ros2_jazzy/install/rpyutils:/home/siny/ros2_jazzy/install/rosidl_pycommon:/home/siny/ros2_jazzy/install/rosidl_cli:/home/siny/ros2_jazzy/install/launch_pytest:/home/siny/ros2_jazzy/install/launch_testing:/home/siny/ros2_jazzy/install/launch_yaml:/home/siny/ros2_jazzy/install/launch_xml:/home/siny/ros2_jazzy/install/launch:/home/siny/ros2_jazzy/install/osrf_pycommon:/home/siny/ros2_jazzy/install/domain_coordinator:/home/siny/ros2_jazzy/install/ament_xmllint:/home/siny/ros2_jazzy/install/ament_pyflakes:/home/siny/ros2_jazzy/install/ament_pycodestyle:/home/siny/ros2_jazzy/install/ament_pep257:/home/siny/ros2_jazzy/install/ament_pclint:/home/siny/ros2_jazzy/install/ament_package:/home/siny/ros2_jazzy/install/ament_mypy:/home/siny/ros2_jazzy/install/ament_lint_cmake:/home/siny/ros2_jazzy/install/ament_flake8:/home/siny/ros2_jazzy/install/ament_copyright:/home/siny/ros2_jazzy/install/ament_lint:/home/siny/ros2_jazzy/install/ament_index_python:/home/siny/ros2_jazzy/install/ament_cpplint:/home/siny/ros2_jazzy/install/ament_cppcheck:/home/siny/ros2_jazzy/install/ament_clang_tidy:/home/siny/ros2_jazzy/install/ament_clang_format DEBUGINFOD_URLS=https://debuginfod.ubuntu.com /usr/bin/cmake --install /home/siny/hydra_ws/build/spatial_hash
[14.251s] -- Install configuration: "Release"
[14.253s] -- Installing: /home/siny/hydra_ws/install/spatial_hash/lib/libspatial_hash.a
[14.259s] -- Installing: /home/siny/hydra_ws/install/spatial_hash/include
[14.259s] -- Installing: /home/siny/hydra_ws/install/spatial_hash/include/spatial_hash
[14.259s] -- Installing: /home/siny/hydra_ws/install/spatial_hash/include/spatial_hash/neighbor_utils.h
[14.259s] -- Installing: /home/siny/hydra_ws/install/spatial_hash/include/spatial_hash/voxel_layer.h
[14.259s] -- Installing: /home/siny/hydra_ws/install/spatial_hash/include/spatial_hash/layer.h
[14.259s] -- Installing: /home/siny/hydra_ws/install/spatial_hash/include/spatial_hash/hash.h
[14.259s] -- Installing: /home/siny/hydra_ws/install/spatial_hash/include/spatial_hash/voxel_block.h
[14.259s] -- Installing: /home/siny/hydra_ws/install/spatial_hash/include/spatial_hash/impl
[14.259s] -- Installing: /home/siny/hydra_ws/install/spatial_hash/include/spatial_hash/impl/block_layer_impl.h
[14.259s] -- Installing: /home/siny/hydra_ws/install/spatial_hash/include/spatial_hash/impl/neighbor_utils_impl.h
[14.260s] -- Installing: /home/siny/hydra_ws/install/spatial_hash/include/spatial_hash/impl/voxel_block_impl.h
[14.260s] -- Installing: /home/siny/hydra_ws/install/spatial_hash/include/spatial_hash/impl/voxel_layer_impl.h
[14.260s] -- Installing: /home/siny/hydra_ws/install/spatial_hash/include/spatial_hash/impl/layer_impl.h
[14.260s] -- Installing: /home/siny/hydra_ws/install/spatial_hash/include/spatial_hash/types.h
[14.260s] -- Installing: /home/siny/hydra_ws/install/spatial_hash/include/spatial_hash/block.h
[14.260s] -- Installing: /home/siny/hydra_ws/install/spatial_hash/include/spatial_hash/grid.h
[14.260s] -- Installing: /home/siny/hydra_ws/install/spatial_hash/include/spatial_hash/block_layer.h
[14.260s] -- Installing: /home/siny/hydra_ws/install/spatial_hash/lib/cmake/spatial_hash/spatial_hashTargets.cmake
[14.260s] -- Installing: /home/siny/hydra_ws/install/spatial_hash/lib/cmake/spatial_hash/spatial_hashTargets-release.cmake
[14.260s] -- Installing: /home/siny/hydra_ws/install/spatial_hash/lib/cmake/spatial_hash/spatial_hashConfig.cmake
[14.260s] -- Installing: /home/siny/hydra_ws/install/spatial_hash/lib/cmake/spatial_hash/spatial_hashConfigVersion.cmake
[14.266s] Invoked command in '/home/siny/hydra_ws/build/spatial_hash' returned '0': CMAKE_PREFIX_PATH=${CMAKE_PREFIX_PATH}:/opt/ros/jazzy:/home/siny/ros2_jazzy/install/ament_uncrustify:/home/siny/ros2_jazzy/install/tracetools_trace:/home/siny/ros2_jazzy/install/tracetools_read:/home/siny/ros2_jazzy/install/rpyutils:/home/siny/ros2_jazzy/install/rosidl_pycommon:/home/siny/ros2_jazzy/install/rosidl_cli:/home/siny/ros2_jazzy/install/launch_pytest:/home/siny/ros2_jazzy/install/launch_testing:/home/siny/ros2_jazzy/install/launch_yaml:/home/siny/ros2_jazzy/install/launch_xml:/home/siny/ros2_jazzy/install/launch:/home/siny/ros2_jazzy/install/osrf_pycommon:/home/siny/ros2_jazzy/install/domain_coordinator:/home/siny/ros2_jazzy/install/ament_xmllint:/home/siny/ros2_jazzy/install/ament_pyflakes:/home/siny/ros2_jazzy/install/ament_pycodestyle:/home/siny/ros2_jazzy/install/ament_pep257:/home/siny/ros2_jazzy/install/ament_pclint:/home/siny/ros2_jazzy/install/ament_package:/home/siny/ros2_jazzy/install/ament_mypy:/home/siny/ros2_jazzy/install/ament_lint_cmake:/home/siny/ros2_jazzy/install/ament_flake8:/home/siny/ros2_jazzy/install/ament_copyright:/home/siny/ros2_jazzy/install/ament_lint:/home/siny/ros2_jazzy/install/ament_index_python:/home/siny/ros2_jazzy/install/ament_cpplint:/home/siny/ros2_jazzy/install/ament_cppcheck:/home/siny/ros2_jazzy/install/ament_clang_tidy:/home/siny/ros2_jazzy/install/ament_clang_format DEBUGINFOD_URLS=https://debuginfod.ubuntu.com /usr/bin/cmake --install /home/siny/hydra_ws/build/spatial_hash
