[0.019s] Invoking command in '/home/siny/hydra_ws/build/kimera_rpgo': CMAKE_PREFIX_PATH=${CMAKE_PREFIX_PATH}:/opt/ros/jazzy:/home/siny/ros2_jazzy/install/ament_uncrustify:/home/siny/ros2_jazzy/install/tracetools_trace:/home/siny/ros2_jazzy/install/tracetools_read:/home/siny/ros2_jazzy/install/rpyutils:/home/siny/ros2_jazzy/install/rosidl_pycommon:/home/siny/ros2_jazzy/install/rosidl_cli:/home/siny/ros2_jazzy/install/launch_pytest:/home/siny/ros2_jazzy/install/launch_testing:/home/siny/ros2_jazzy/install/launch_yaml:/home/siny/ros2_jazzy/install/launch_xml:/home/siny/ros2_jazzy/install/launch:/home/siny/ros2_jazzy/install/osrf_pycommon:/home/siny/ros2_jazzy/install/domain_coordinator:/home/siny/ros2_jazzy/install/ament_xmllint:/home/siny/ros2_jazzy/install/ament_pyflakes:/home/siny/ros2_jazzy/install/ament_pycodestyle:/home/siny/ros2_jazzy/install/ament_pep257:/home/siny/ros2_jazzy/install/ament_pclint:/home/siny/ros2_jazzy/install/ament_package:/home/siny/ros2_jazzy/install/ament_mypy:/home/siny/ros2_jazzy/install/ament_lint_cmake:/home/siny/ros2_jazzy/install/ament_flake8:/home/siny/ros2_jazzy/install/ament_copyright:/home/siny/ros2_jazzy/install/ament_lint:/home/siny/ros2_jazzy/install/ament_index_python:/home/siny/ros2_jazzy/install/ament_cpplint:/home/siny/ros2_jazzy/install/ament_cppcheck:/home/siny/ros2_jazzy/install/ament_clang_tidy:/home/siny/ros2_jazzy/install/ament_clang_format DEBUGINFOD_URLS=https://debuginfod.ubuntu.com /usr/bin/cmake /home/siny/hydra_ws/src/kimera_rpgo -DCMAKE_BUILD_TYPE=Release -DCMAKE_INSTALL_PREFIX=/home/siny/hydra_ws/install/kimera_rpgo
[0.072s] -- The C compiler identification is GNU 13.3.0
[0.110s] -- The CXX compiler identification is GNU 13.3.0
[0.123s] -- Detecting C compiler ABI info
[0.197s] -- Detecting C compiler ABI info - done
[0.206s] -- Check for working C compiler: /usr/bin/cc - skipped
[0.207s] -- Detecting C compile features
[0.207s] -- Detecting C compile features - done
[0.214s] -- Detecting CXX compiler ABI info
[0.289s] -- Detecting CXX compiler ABI info - done
[0.298s] -- Check for working CXX compiler: /usr/bin/c++ - skipped
[0.299s] -- Detecting CXX compile features
[0.299s] -- Detecting CXX compile features - done
[0.414s] -- Found Boost: /usr/lib/aarch64-linux-gnu/cmake/Boost-1.83.0/BoostConfig.cmake (found suitable version "1.83.0", minimum required is "1.65") found components: serialization system filesystem thread program_options date_time timer chrono regex 
[0.419s] -- GTSAM include directory:  /opt/ros/jazzy/lib/cmake/GTSAM/../../../include
[0.421s] -- Found nlohmann_json: /usr/share/cmake/nlohmann_json/nlohmann_jsonConfig.cmake (found version "3.11.3") 
[0.431s] -- Found GTest: /usr/lib/aarch64-linux-gnu/cmake/GTest/GTestConfig.cmake (found version "1.14.0")  
[0.432s] -- RPGO-tools Python binding will be built.
[0.913s] -- Found Python: /usr/bin/python3 (found version "3.12.3") found components: Interpreter Development Development.Module Development.Embed 
[1.001s] -- Found pybind11: /usr/include (found version "2.11.1")
[1.011s] -- Configuring done (1.0s)
[1.061s] -- Generating done (0.0s)
[1.079s] -- Build files have been written to: /home/siny/hydra_ws/build/kimera_rpgo
[1.104s] Invoked command in '/home/siny/hydra_ws/build/kimera_rpgo' returned '0': CMAKE_PREFIX_PATH=${CMAKE_PREFIX_PATH}:/opt/ros/jazzy:/home/siny/ros2_jazzy/install/ament_uncrustify:/home/siny/ros2_jazzy/install/tracetools_trace:/home/siny/ros2_jazzy/install/tracetools_read:/home/siny/ros2_jazzy/install/rpyutils:/home/siny/ros2_jazzy/install/rosidl_pycommon:/home/siny/ros2_jazzy/install/rosidl_cli:/home/siny/ros2_jazzy/install/launch_pytest:/home/siny/ros2_jazzy/install/launch_testing:/home/siny/ros2_jazzy/install/launch_yaml:/home/siny/ros2_jazzy/install/launch_xml:/home/siny/ros2_jazzy/install/launch:/home/siny/ros2_jazzy/install/osrf_pycommon:/home/siny/ros2_jazzy/install/domain_coordinator:/home/siny/ros2_jazzy/install/ament_xmllint:/home/siny/ros2_jazzy/install/ament_pyflakes:/home/siny/ros2_jazzy/install/ament_pycodestyle:/home/siny/ros2_jazzy/install/ament_pep257:/home/siny/ros2_jazzy/install/ament_pclint:/home/siny/ros2_jazzy/install/ament_package:/home/siny/ros2_jazzy/install/ament_mypy:/home/siny/ros2_jazzy/install/ament_lint_cmake:/home/siny/ros2_jazzy/install/ament_flake8:/home/siny/ros2_jazzy/install/ament_copyright:/home/siny/ros2_jazzy/install/ament_lint:/home/siny/ros2_jazzy/install/ament_index_python:/home/siny/ros2_jazzy/install/ament_cpplint:/home/siny/ros2_jazzy/install/ament_cppcheck:/home/siny/ros2_jazzy/install/ament_clang_tidy:/home/siny/ros2_jazzy/install/ament_clang_format DEBUGINFOD_URLS=https://debuginfod.ubuntu.com /usr/bin/cmake /home/siny/hydra_ws/src/kimera_rpgo -DCMAKE_BUILD_TYPE=Release -DCMAKE_INSTALL_PREFIX=/home/siny/hydra_ws/install/kimera_rpgo
[1.104s] Invoking command in '/home/siny/hydra_ws/build/kimera_rpgo': CMAKE_PREFIX_PATH=${CMAKE_PREFIX_PATH}:/opt/ros/jazzy:/home/siny/ros2_jazzy/install/ament_uncrustify:/home/siny/ros2_jazzy/install/tracetools_trace:/home/siny/ros2_jazzy/install/tracetools_read:/home/siny/ros2_jazzy/install/rpyutils:/home/siny/ros2_jazzy/install/rosidl_pycommon:/home/siny/ros2_jazzy/install/rosidl_cli:/home/siny/ros2_jazzy/install/launch_pytest:/home/siny/ros2_jazzy/install/launch_testing:/home/siny/ros2_jazzy/install/launch_yaml:/home/siny/ros2_jazzy/install/launch_xml:/home/siny/ros2_jazzy/install/launch:/home/siny/ros2_jazzy/install/osrf_pycommon:/home/siny/ros2_jazzy/install/domain_coordinator:/home/siny/ros2_jazzy/install/ament_xmllint:/home/siny/ros2_jazzy/install/ament_pyflakes:/home/siny/ros2_jazzy/install/ament_pycodestyle:/home/siny/ros2_jazzy/install/ament_pep257:/home/siny/ros2_jazzy/install/ament_pclint:/home/siny/ros2_jazzy/install/ament_package:/home/siny/ros2_jazzy/install/ament_mypy:/home/siny/ros2_jazzy/install/ament_lint_cmake:/home/siny/ros2_jazzy/install/ament_flake8:/home/siny/ros2_jazzy/install/ament_copyright:/home/siny/ros2_jazzy/install/ament_lint:/home/siny/ros2_jazzy/install/ament_index_python:/home/siny/ros2_jazzy/install/ament_cpplint:/home/siny/ros2_jazzy/install/ament_cppcheck:/home/siny/ros2_jazzy/install/ament_clang_tidy:/home/siny/ros2_jazzy/install/ament_clang_format DEBUGINFOD_URLS=https://debuginfod.ubuntu.com /usr/bin/cmake --build /home/siny/hydra_ws/build/kimera_rpgo -- -j20 -l20
[1.221s] [  3%] [32mBuilding CXX object CMakeFiles/kimera_rpgo.dir/src/rpgo.cpp.o[0m
[1.222s] [  7%] [32mBuilding CXX object CMakeFiles/kimera_rpgo.dir/src/utils/utils.cpp.o[0m
[1.228s] [ 11%] [32mBuilding CXX object CMakeFiles/kimera_rpgo.dir/src/utils/g2o.cpp.o[0m
[1.228s] [ 15%] [32mBuilding CXX object CMakeFiles/kimera_rpgo.dir/src/utils/types.cpp.o[0m
[1.242s] [ 19%] [32mBuilding CXX object CMakeFiles/kimera_rpgo.dir/src/solver/solver_config.cpp.o[0m
[1.250s] [ 23%] [32mBuilding CXX object CMakeFiles/kimera_rpgo.dir/src/utils/loss_functions.cpp.o[0m
[1.250s] [ 26%] [32mBuilding CXX object CMakeFiles/kimera_rpgo.dir/src/utils/pose_4dof.cpp.o[0m
[1.251s] [ 30%] [32mBuilding CXX object CMakeFiles/kimera_rpgo.dir/src/solver/gradient_solver.cpp.o[0m
[1.252s] [ 34%] [32mBuilding CXX object CMakeFiles/kimera_rpgo.dir/src/pcm/pcm.cpp.o[0m
[1.252s] [ 38%] [32mBuilding CXX object CMakeFiles/kimera_rpgo.dir/src/pcm/geometry_utils.cpp.o[0m
[1.258s] [ 42%] [32mBuilding CXX object CMakeFiles/kimera_rpgo.dir/src/pcm/max_clique_finder/graphIO.cpp.o[0m
[1.258s] [ 50%] [32mBuilding CXX object CMakeFiles/kimera_rpgo.dir/src/solver/solver.cpp.o[0m
[1.258s] [ 50%] [32mBuilding CXX object CMakeFiles/kimera_rpgo.dir/src/pcm/graph_utils.cpp.o[0m
[1.259s] [ 57%] [32mBuilding CXX object CMakeFiles/kimera_rpgo.dir/src/solver/gnc_solver.cpp.o[0m
[1.266s] [ 57%] [32mBuilding CXX object CMakeFiles/kimera_rpgo.dir/src/pcm/max_clique_finder/utils.cpp.o[0m
[1.266s] [ 61%] [32mBuilding CXX object CMakeFiles/kimera_rpgo.dir/src/solver/least_squares_solver.cpp.o[0m
[1.266s] [ 65%] [32mBuilding CXX object CMakeFiles/kimera_rpgo.dir/src/pcm/max_clique_finder/findClique.cpp.o[0m
[1.268s] [ 69%] [32mBuilding CXX object CMakeFiles/kimera_rpgo.dir/src/pcm/max_clique_finder/findCliqueHeu.cpp.o[0m
[14.983s] In file included from [01m[K/usr/include/boost/math/distributions/chi_squared.hpp:13[m[K,
[14.983s]                  from [01m[K/opt/ros/jazzy/include/gtsam/nonlinear/GncOptimizer.h:31[m[K,
[14.983s]                  from [01m[K/home/siny/hydra_ws/src/kimera_rpgo/src/solver/gnc_solver.cpp:5[m[K:
[14.983s] /usr/include/boost/math/special_functions/gamma.hpp: In instantiation of ‘[01m[Kboost::math::detail::upper_incomplete_gamma_fract<T>::result_type boost::math::detail::upper_incomplete_gamma_fract<T>::[01;32m[Koperator()[m[K() [35m[K[with T = long double; result_type = std::pair<long double, long double>][m[K[m[K’:
[14.983s] [01m[K/usr/include/boost/math/tools/fraction.hpp:217:20:[m[K   required from ‘[01m[Ktypename boost::math::tools::detail::fraction_traits<Gen>::result_type boost::math::tools::[01;32m[Kcontinued_fraction_a[m[K(Gen&, const U&, uintmax_t&) [35m[K[with Gen = boost::math::detail::upper_incomplete_gamma_fract<long double>; U = long double; typename detail::fraction_traits<Gen>::result_type = long double; uintmax_t = long unsigned int][m[K[m[K’
[14.984s] [01m[K/usr/include/boost/math/tools/fraction.hpp:252:31:[m[K   required from ‘[01m[Ktypename boost::math::tools::detail::fraction_traits<Gen>::result_type boost::math::tools::[01;32m[Kcontinued_fraction_a[m[K(Gen&, const U&) [35m[K[with Gen = boost::math::detail::upper_incomplete_gamma_fract<long double>; U = long double; typename detail::fraction_traits<Gen>::result_type = long double][m[K[m[K’
[14.984s] [01m[K/usr/include/boost/math/special_functions/gamma.hpp:314:68:[m[K   required from ‘[01m[KT boost::math::detail::[01;32m[Kupper_gamma_fraction[m[K(T, T, T) [35m[K[with T = long double][m[K[m[K’
[14.984s] [01m[K/usr/include/boost/math/special_functions/gamma.hpp:1176:44:[m[K   required from ‘[01m[KT boost::math::detail::[01;32m[Kgamma_incomplete_imp[m[K(T, T, bool, bool, const Policy&, T*) [35m[K[with T = long double; Policy = boost::math::policies::policy<boost::math::policies::promote_float<false>, boost::math::policies::promote_double<false>, boost::math::policies::default_policy, boost::math::policies::default_policy, boost::math::policies::default_policy, boost::math::policies::default_policy, boost::math::policies::default_policy, boost::math::policies::default_policy, boost::math::policies::default_policy, boost::math::policies::default_policy, boost::math::policies::default_policy>][m[K[m[K’
[14.984s] [01m[K/usr/include/boost/math/special_functions/detail/igamma_inverse.hpp:356:67:[m[K   required from ‘[01m[Kstd::tuple<T, T, T> boost::math::detail::gamma_p_inverse_func<T, Policy>::[01;32m[Koperator()[m[K(const T&) const [35m[K[with T = double; Policy = boost::math::policies::policy<boost::math::policies::default_policy, boost::math::policies::default_policy, boost::math::policies::default_policy, boost::math::policies::default_policy, boost::math::policies::default_policy, boost::math::policies::default_policy, boost::math::policies::default_policy, boost::math::policies::default_policy, boost::math::policies::default_policy, boost::math::policies::default_policy, boost::math::policies::default_policy>][m[K[m[K’
[14.984s] [01m[K/usr/include/boost/math/tools/roots.hpp:550:35:[m[K   required from ‘[01m[KT boost::math::tools::detail::[01;32m[Ksecond_order_root_finder[m[K(F, T, T, T, int, uintmax_t&) [35m[K[with Stepper = halley_step; F = boost::math::detail::gamma_p_inverse_func<double, boost::math::policies::policy<boost::math::policies::default_policy, boost::math::policies::default_policy, boost::math::policies::default_policy, boost::math::policies::default_policy, boost::math::policies::default_policy, boost::math::policies::default_policy, boost::math::policies::default_policy, boost::math::policies::default_policy, boost::math::policies::default_policy, boost::math::policies::default_policy, boost::math::policies::default_policy> >; T = double; uintmax_t = long unsigned int][m[K[m[K’
[14.984s] [01m[K/usr/include/boost/math/tools/roots.hpp:723:64:[m[K   required from ‘[01m[KT boost::math::tools::[01;32m[Khalley_iterate[m[K(F, T, T, T, int, uintmax_t&) [35m[K[with F = boost::math::detail::gamma_p_inverse_func<double, boost::math::policies::policy<boost::math::policies::default_policy, boost::math::policies::default_policy, boost::math::policies::default_policy, boost::math::policies::default_policy, boost::math::policies::default_policy, boost::math::policies::default_policy, boost::math::policies::default_policy, boost::math::policies::default_policy, boost::math::policies::default_policy, boost::math::policies::default_policy, boost::math::policies::default_policy> >; T = double; uintmax_t = long unsigned int][m[K[m[K’
[14.984s] [01m[K/usr/include/boost/math/special_functions/detail/igamma_inverse.hpp:446:33:[m[K   required from ‘[01m[KT boost::math::detail::[01;32m[Kgamma_p_inv_imp[m[K(T, T, const Policy&) [35m[K[with T = double; Policy = boost::math::policies::policy<boost::math::policies::default_policy, boost::math::policies::default_policy, boost::math::policies::default_policy, boost::math::policies::default_policy, boost::math::policies::default_policy, boost::math::policies::default_policy, boost::math::policies::default_policy, boost::math::policies::default_policy, boost::math::policies::default_policy, boost::math::policies::default_policy, boost::math::policies::default_policy>][m[K[m[K’
[14.984s] [01m[K/usr/include/boost/math/special_functions/detail/igamma_inverse.hpp:525:34:[m[K   required from ‘[01m[Kboost::math::tools::promote_args_t<RT1, RT2> boost::math::[01;32m[Kgamma_p_inv[m[K(T1, T2, const Policy&) [35m[K[with T1 = double; T2 = double; Policy = policies::policy<policies::default_policy, policies::default_policy, policies::default_policy, policies::default_policy, policies::default_policy, policies::default_policy, policies::default_policy, policies::default_policy, policies::default_policy, policies::default_policy, policies::default_policy>; tools::promote_args_t<RT1, RT2> = double][m[K[m[K’
[14.984s] [01m[K/usr/include/boost/math/distributions/chi_squared.hpp:169:39:[m[K   required from ‘[01m[KRealType boost::math::[01;32m[Kquantile[m[K(const chi_squared_distribution<RealType, Policy>&, const RealType&) [35m[K[with RealType = double; Policy = policies::policy<policies::default_policy, policies::default_policy, policies::default_policy, policies::default_policy, policies::default_policy, policies::default_policy, policies::default_policy, policies::default_policy, policies::default_policy, policies::default_policy, policies::default_policy>][m[K[m[K’
[14.984s] [01m[K/opt/ros/jazzy/include/gtsam/nonlinear/GncOptimizer.h:40:31:[m[K   required from here
[14.984s] [01m[K/usr/include/boost/math/special_functions/gamma.hpp:299:16:[m[K [01;36m[Knote: [m[Kparameter passing for argument of type ‘[01m[Kstd::pair<long double, long double>[m[K’ when C++17 is enabled changed to match C++14 ]8;;https://gcc.gnu.org/gcc-10/changes.html#empty_basein GCC 10.1]8;;
[14.984s]   299 |    result_type [01;36m[Koperator[m[K()()
[14.985s]       |                [01;36m[K^~~~~~~~[m[K
[25.728s] [ 73%] [32m[1mLinking CXX shared library libkimera_rpgo.so[0m
[27.376s] [ 73%] Built target kimera_rpgo
[27.397s] [ 76%] [32mBuilding CXX object tests/CMakeFiles/test_kimera_rpgo.dir/test_gnc.cpp.o[0m
[30.340s] [ 80%] [32mBuilding CXX object tests/CMakeFiles/test_kimera_rpgo.dir/test_pcm.cpp.o[0m
[33.190s] [ 84%] [32mBuilding CXX object tests/CMakeFiles/test_kimera_rpgo.dir/test_least_squares.cpp.o[0m
[36.319s] [ 88%] [32mBuilding CXX object tests/CMakeFiles/test_kimera_rpgo.dir/test_gradient_descent.cpp.o[0m
[39.548s] [ 92%] [32m[1mLinking CXX executable test_kimera_rpgo[0m
[40.906s] [ 92%] Built target test_kimera_rpgo
[40.927s] [ 96%] [32mBuilding CXX object python/CMakeFiles/_kimera_rpgo_bindings.dir/bindings/kimera_rpgo_bindings.cpp.o[0m
[47.730s] [100%] [32m[1mLinking CXX shared module _kimera_rpgo_bindings.cpython-312-aarch64-linux-gnu.so[0m
[48.887s] [100%] Built target _kimera_rpgo_bindings
[48.899s] Invoked command in '/home/siny/hydra_ws/build/kimera_rpgo' returned '0': CMAKE_PREFIX_PATH=${CMAKE_PREFIX_PATH}:/opt/ros/jazzy:/home/siny/ros2_jazzy/install/ament_uncrustify:/home/siny/ros2_jazzy/install/tracetools_trace:/home/siny/ros2_jazzy/install/tracetools_read:/home/siny/ros2_jazzy/install/rpyutils:/home/siny/ros2_jazzy/install/rosidl_pycommon:/home/siny/ros2_jazzy/install/rosidl_cli:/home/siny/ros2_jazzy/install/launch_pytest:/home/siny/ros2_jazzy/install/launch_testing:/home/siny/ros2_jazzy/install/launch_yaml:/home/siny/ros2_jazzy/install/launch_xml:/home/siny/ros2_jazzy/install/launch:/home/siny/ros2_jazzy/install/osrf_pycommon:/home/siny/ros2_jazzy/install/domain_coordinator:/home/siny/ros2_jazzy/install/ament_xmllint:/home/siny/ros2_jazzy/install/ament_pyflakes:/home/siny/ros2_jazzy/install/ament_pycodestyle:/home/siny/ros2_jazzy/install/ament_pep257:/home/siny/ros2_jazzy/install/ament_pclint:/home/siny/ros2_jazzy/install/ament_package:/home/siny/ros2_jazzy/install/ament_mypy:/home/siny/ros2_jazzy/install/ament_lint_cmake:/home/siny/ros2_jazzy/install/ament_flake8:/home/siny/ros2_jazzy/install/ament_copyright:/home/siny/ros2_jazzy/install/ament_lint:/home/siny/ros2_jazzy/install/ament_index_python:/home/siny/ros2_jazzy/install/ament_cpplint:/home/siny/ros2_jazzy/install/ament_cppcheck:/home/siny/ros2_jazzy/install/ament_clang_tidy:/home/siny/ros2_jazzy/install/ament_clang_format DEBUGINFOD_URLS=https://debuginfod.ubuntu.com /usr/bin/cmake --build /home/siny/hydra_ws/build/kimera_rpgo -- -j20 -l20
[48.901s] Invoking command in '/home/siny/hydra_ws/build/kimera_rpgo': CMAKE_PREFIX_PATH=${CMAKE_PREFIX_PATH}:/opt/ros/jazzy:/home/siny/ros2_jazzy/install/ament_uncrustify:/home/siny/ros2_jazzy/install/tracetools_trace:/home/siny/ros2_jazzy/install/tracetools_read:/home/siny/ros2_jazzy/install/rpyutils:/home/siny/ros2_jazzy/install/rosidl_pycommon:/home/siny/ros2_jazzy/install/rosidl_cli:/home/siny/ros2_jazzy/install/launch_pytest:/home/siny/ros2_jazzy/install/launch_testing:/home/siny/ros2_jazzy/install/launch_yaml:/home/siny/ros2_jazzy/install/launch_xml:/home/siny/ros2_jazzy/install/launch:/home/siny/ros2_jazzy/install/osrf_pycommon:/home/siny/ros2_jazzy/install/domain_coordinator:/home/siny/ros2_jazzy/install/ament_xmllint:/home/siny/ros2_jazzy/install/ament_pyflakes:/home/siny/ros2_jazzy/install/ament_pycodestyle:/home/siny/ros2_jazzy/install/ament_pep257:/home/siny/ros2_jazzy/install/ament_pclint:/home/siny/ros2_jazzy/install/ament_package:/home/siny/ros2_jazzy/install/ament_mypy:/home/siny/ros2_jazzy/install/ament_lint_cmake:/home/siny/ros2_jazzy/install/ament_flake8:/home/siny/ros2_jazzy/install/ament_copyright:/home/siny/ros2_jazzy/install/ament_lint:/home/siny/ros2_jazzy/install/ament_index_python:/home/siny/ros2_jazzy/install/ament_cpplint:/home/siny/ros2_jazzy/install/ament_cppcheck:/home/siny/ros2_jazzy/install/ament_clang_tidy:/home/siny/ros2_jazzy/install/ament_clang_format DEBUGINFOD_URLS=https://debuginfod.ubuntu.com /usr/bin/cmake --install /home/siny/hydra_ws/build/kimera_rpgo
[48.906s] -- Install configuration: "Release"
[48.906s] -- Installing: /home/siny/hydra_ws/install/kimera_rpgo/lib/libkimera_rpgo.so
[48.907s] -- Set non-toolchain portion of runtime path of "/home/siny/hydra_ws/install/kimera_rpgo/lib/libkimera_rpgo.so" to ""
[48.907s] -- Installing: /home/siny/hydra_ws/install/kimera_rpgo/include
[48.907s] -- Installing: /home/siny/hydra_ws/install/kimera_rpgo/include/kimera_rpgo
[48.907s] -- Installing: /home/siny/hydra_ws/install/kimera_rpgo/include/kimera_rpgo/pcm
[48.907s] -- Installing: /home/siny/hydra_ws/install/kimera_rpgo/include/kimera_rpgo/pcm/max_clique_finder
[48.907s] -- Installing: /home/siny/hydra_ws/install/kimera_rpgo/include/kimera_rpgo/pcm/max_clique_finder/README.md
[48.907s] -- Installing: /home/siny/hydra_ws/install/kimera_rpgo/include/kimera_rpgo/pcm/max_clique_finder/COPYRIGHT
[48.908s] -- Installing: /home/siny/hydra_ws/install/kimera_rpgo/include/kimera_rpgo/pcm/max_clique_finder/findClique.h
[48.908s] -- Installing: /home/siny/hydra_ws/install/kimera_rpgo/include/kimera_rpgo/pcm/max_clique_finder/graphIO.h
[48.908s] -- Installing: /home/siny/hydra_ws/install/kimera_rpgo/include/kimera_rpgo/pcm/graph_utils.h
[48.908s] -- Installing: /home/siny/hydra_ws/install/kimera_rpgo/include/kimera_rpgo/pcm/geometry_utils.h
[48.908s] -- Installing: /home/siny/hydra_ws/install/kimera_rpgo/include/kimera_rpgo/pcm/pcm.h
[48.908s] -- Installing: /home/siny/hydra_ws/install/kimera_rpgo/include/kimera_rpgo/rpgo.h
[48.908s] -- Installing: /home/siny/hydra_ws/install/kimera_rpgo/include/kimera_rpgo/utils
[48.908s] -- Installing: /home/siny/hydra_ws/install/kimera_rpgo/include/kimera_rpgo/utils/utils.h
[48.908s] -- Installing: /home/siny/hydra_ws/install/kimera_rpgo/include/kimera_rpgo/utils/g2o.h
[48.908s] -- Installing: /home/siny/hydra_ws/install/kimera_rpgo/include/kimera_rpgo/utils/loss_functions.h
[48.908s] -- Installing: /home/siny/hydra_ws/install/kimera_rpgo/include/kimera_rpgo/utils/types.h
[48.908s] -- Installing: /home/siny/hydra_ws/install/kimera_rpgo/include/kimera_rpgo/utils/pose_4dof.h
[48.908s] -- Installing: /home/siny/hydra_ws/install/kimera_rpgo/include/kimera_rpgo/solver
[48.908s] -- Installing: /home/siny/hydra_ws/install/kimera_rpgo/include/kimera_rpgo/solver/gnc_solver.h
[48.908s] -- Installing: /home/siny/hydra_ws/install/kimera_rpgo/include/kimera_rpgo/solver/solver.h
[48.908s] -- Installing: /home/siny/hydra_ws/install/kimera_rpgo/include/kimera_rpgo/solver/gradient_solver.h
[48.908s] -- Installing: /home/siny/hydra_ws/install/kimera_rpgo/include/kimera_rpgo/solver/solver_config.h
[48.909s] -- Installing: /home/siny/hydra_ws/install/kimera_rpgo/include/kimera_rpgo/solver/least_squares_solver.h
[48.909s] -- Installing: /home/siny/hydra_ws/install/kimera_rpgo/lib/cmake/kimera_rpgo/kimera_rpgoTargets.cmake
[48.909s] -- Installing: /home/siny/hydra_ws/install/kimera_rpgo/lib/cmake/kimera_rpgo/kimera_rpgoTargets-release.cmake
[48.909s] -- Installing: /home/siny/hydra_ws/install/kimera_rpgo/lib/cmake/kimera_rpgo/kimera_rpgoConfig.cmake
[48.909s] -- Installing: /home/siny/hydra_ws/install/kimera_rpgo/lib/cmake/kimera_rpgo/kimera_rpgoConfigVersion.cmake
[48.909s] Invoked command in '/home/siny/hydra_ws/build/kimera_rpgo' returned '0': CMAKE_PREFIX_PATH=${CMAKE_PREFIX_PATH}:/opt/ros/jazzy:/home/siny/ros2_jazzy/install/ament_uncrustify:/home/siny/ros2_jazzy/install/tracetools_trace:/home/siny/ros2_jazzy/install/tracetools_read:/home/siny/ros2_jazzy/install/rpyutils:/home/siny/ros2_jazzy/install/rosidl_pycommon:/home/siny/ros2_jazzy/install/rosidl_cli:/home/siny/ros2_jazzy/install/launch_pytest:/home/siny/ros2_jazzy/install/launch_testing:/home/siny/ros2_jazzy/install/launch_yaml:/home/siny/ros2_jazzy/install/launch_xml:/home/siny/ros2_jazzy/install/launch:/home/siny/ros2_jazzy/install/osrf_pycommon:/home/siny/ros2_jazzy/install/domain_coordinator:/home/siny/ros2_jazzy/install/ament_xmllint:/home/siny/ros2_jazzy/install/ament_pyflakes:/home/siny/ros2_jazzy/install/ament_pycodestyle:/home/siny/ros2_jazzy/install/ament_pep257:/home/siny/ros2_jazzy/install/ament_pclint:/home/siny/ros2_jazzy/install/ament_package:/home/siny/ros2_jazzy/install/ament_mypy:/home/siny/ros2_jazzy/install/ament_lint_cmake:/home/siny/ros2_jazzy/install/ament_flake8:/home/siny/ros2_jazzy/install/ament_copyright:/home/siny/ros2_jazzy/install/ament_lint:/home/siny/ros2_jazzy/install/ament_index_python:/home/siny/ros2_jazzy/install/ament_cpplint:/home/siny/ros2_jazzy/install/ament_cppcheck:/home/siny/ros2_jazzy/install/ament_clang_tidy:/home/siny/ros2_jazzy/install/ament_clang_format DEBUGINFOD_URLS=https://debuginfod.ubuntu.com /usr/bin/cmake --install /home/siny/hydra_ws/build/kimera_rpgo
