[0.021s] Invoking command in '/home/siny/hydra_ws/build/ianvs': CMAKE_PREFIX_PATH=${CMAKE_PREFIX_PATH}:/opt/ros/jazzy DEBUGINFOD_URLS=https://debuginfod.ubuntu.com /usr/bin/cmake --build /home/siny/hydra_ws/build/ianvs -- -j20 -l20
[0.100s] [ 13%] Built target _ianvs_bindings
[0.105s] [ 13%] Built target ament_cmake_python_copy_ianvs_setup
[0.107s] [ 13%] Built target ament_cmake_python_copy_ianvs
[0.123s] [ 47%] Built target ianvs
[0.123s] [ 56%] Built target ianvs_rosbag
[0.124s] [ 65%] Built target transform_file_broadcaster
[0.180s] [ 73%] Built target merge_rosbags
[0.185s] [ 91%] Built target ianvs_plugins
[0.189s] [100%] Built target play_rosbag
[0.247s] running egg_info
[0.254s] writing ianvs.egg-info/PKG-INFO
[0.255s] writing dependency_links to ianvs.egg-info/dependency_links.txt
[0.255s] writing entry points to ianvs.egg-info/entry_points.txt
[0.255s] writing top-level names to ianvs.egg-info/top_level.txt
[0.281s] reading manifest file 'ianvs.egg-info/SOURCES.txt'
[0.281s] writing manifest file 'ianvs.egg-info/SOURCES.txt'
[0.304s] [100%] Built target ament_cmake_python_build_ianvs_egg
[0.315s] Invoked command in '/home/siny/hydra_ws/build/ianvs' returned '0': CMAKE_PREFIX_PATH=${CMAKE_PREFIX_PATH}:/opt/ros/jazzy DEBUGINFOD_URLS=https://debuginfod.ubuntu.com /usr/bin/cmake --build /home/siny/hydra_ws/build/ianvs -- -j20 -l20
[0.317s] Invoking command in '/home/siny/hydra_ws/build/ianvs': CMAKE_PREFIX_PATH=${CMAKE_PREFIX_PATH}:/opt/ros/jazzy DEBUGINFOD_URLS=https://debuginfod.ubuntu.com /usr/bin/cmake --install /home/siny/hydra_ws/build/ianvs
[0.322s] -- Install configuration: "Release"
[0.324s] -- Up-to-date: /home/siny/hydra_ws/install/ianvs/include/ianvs/
[0.324s] -- Up-to-date: /home/siny/hydra_ws/install/ianvs/include/ianvs//ianvs
[0.325s] -- Up-to-date: /home/siny/hydra_ws/install/ianvs/include/ianvs//ianvs/image_subscription.h
[0.325s] -- Up-to-date: /home/siny/hydra_ws/install/ianvs/include/ianvs//ianvs/node_handle.h
[0.325s] -- Up-to-date: /home/siny/hydra_ws/install/ianvs/include/ianvs//ianvs/app
[0.326s] -- Up-to-date: /home/siny/hydra_ws/install/ianvs/include/ianvs//ianvs/app/rosbag_play_plugins.h
[0.326s] -- Up-to-date: /home/siny/hydra_ws/install/ianvs/include/ianvs//ianvs/node_handle_factory.h
[0.326s] -- Up-to-date: /home/siny/hydra_ws/install/ianvs/include/ianvs//ianvs/image_publisher.h
[0.326s] -- Up-to-date: /home/siny/hydra_ws/install/ianvs/include/ianvs//ianvs/bag_reader.h
[0.326s] -- Up-to-date: /home/siny/hydra_ws/install/ianvs/include/ianvs//ianvs/lazy_publisher_group.h
[0.326s] -- Up-to-date: /home/siny/hydra_ws/install/ianvs/include/ianvs//ianvs/spin_functions.h
[0.328s] -- Up-to-date: /home/siny/hydra_ws/install/ianvs/include/ianvs//ianvs/detail
[0.328s] -- Up-to-date: /home/siny/hydra_ws/install/ianvs/include/ianvs//ianvs/detail/string_transforms.h
[0.328s] -- Up-to-date: /home/siny/hydra_ws/install/ianvs/include/ianvs//ianvs/visibility_control.h
[0.328s] -- Up-to-date: /home/siny/hydra_ws/install/ianvs/include/ianvs//ianvs/message_wait_functor.h
[0.328s] -- Up-to-date: /home/siny/hydra_ws/install/ianvs/include/ianvs//ianvs/node_init.h
[0.328s] -- Up-to-date: /home/siny/hydra_ws/install/ianvs/include/ianvs//ianvs/bindings
[0.328s] -- Up-to-date: /home/siny/hydra_ws/install/ianvs/include/ianvs//ianvs/bindings/image_encodings.h
[0.328s] -- Up-to-date: /home/siny/hydra_ws/install/ianvs/lib/libianvs.so
[0.331s] -- Up-to-date: /home/siny/hydra_ws/install/ianvs/lib/libianvs_plugins.so
[0.333s] -- Up-to-date: /home/siny/hydra_ws/install/ianvs/lib/libianvs_rosbag.so
[0.335s] -- Up-to-date: /home/siny/hydra_ws/install/ianvs/lib/ianvs/play_rosbag
[0.336s] -- Up-to-date: /home/siny/hydra_ws/install/ianvs/lib/ianvs/merge_rosbags
[0.337s] -- Up-to-date: /home/siny/hydra_ws/install/ianvs/lib/ianvs/transform_file_broadcaster
[0.337s] -- Up-to-date: /home/siny/hydra_ws/install/ianvs/lib/python3.12/site-packages/ianvs/_ianvs_bindings.cpython-312-aarch64-linux-gnu.so
[0.338s] -- Up-to-date: /home/siny/hydra_ws/install/ianvs/share/ianvs/environment/pythonpath.sh
[0.338s] -- Up-to-date: /home/siny/hydra_ws/install/ianvs/share/ianvs/environment/pythonpath.dsv
[0.338s] -- Up-to-date: /home/siny/hydra_ws/install/ianvs/lib/python3.12/site-packages/ianvs-0.0.0-py3.12.egg-info
[0.338s] -- Installing: /home/siny/hydra_ws/install/ianvs/lib/python3.12/site-packages/ianvs-0.0.0-py3.12.egg-info/entry_points.txt
[0.339s] -- Installing: /home/siny/hydra_ws/install/ianvs/lib/python3.12/site-packages/ianvs-0.0.0-py3.12.egg-info/top_level.txt
[0.339s] -- Installing: /home/siny/hydra_ws/install/ianvs/lib/python3.12/site-packages/ianvs-0.0.0-py3.12.egg-info/PKG-INFO
[0.339s] -- Installing: /home/siny/hydra_ws/install/ianvs/lib/python3.12/site-packages/ianvs-0.0.0-py3.12.egg-info/SOURCES.txt
[0.339s] -- Installing: /home/siny/hydra_ws/install/ianvs/lib/python3.12/site-packages/ianvs-0.0.0-py3.12.egg-info/dependency_links.txt
[0.339s] -- Up-to-date: /home/siny/hydra_ws/install/ianvs/lib/python3.12/site-packages/ianvs
[0.340s] -- Up-to-date: /home/siny/hydra_ws/install/ianvs/lib/python3.12/site-packages/ianvs/__init__.py
[0.340s] -- Up-to-date: /home/siny/hydra_ws/install/ianvs/lib/python3.12/site-packages/ianvs/launch.py
[0.367s] Listing '/home/siny/hydra_ws/install/ianvs/lib/python3.12/site-packages/ianvs'...
[0.391s] -- Up-to-date: /home/siny/hydra_ws/install/ianvs/share/ianvs/plugins.xml
[0.391s] -- Up-to-date: /home/siny/hydra_ws/install/ianvs/share/ianvs/environment/library_path.sh
[0.391s] -- Up-to-date: /home/siny/hydra_ws/install/ianvs/share/ianvs/environment/library_path.dsv
[0.392s] -- Up-to-date: /home/siny/hydra_ws/install/ianvs/share/ament_index/resource_index/package_run_dependencies/ianvs
[0.392s] -- Up-to-date: /home/siny/hydra_ws/install/ianvs/share/ament_index/resource_index/parent_prefix_path/ianvs
[0.392s] -- Up-to-date: /home/siny/hydra_ws/install/ianvs/share/ianvs/environment/ament_prefix_path.sh
[0.392s] -- Up-to-date: /home/siny/hydra_ws/install/ianvs/share/ianvs/environment/ament_prefix_path.dsv
[0.392s] -- Up-to-date: /home/siny/hydra_ws/install/ianvs/share/ianvs/environment/path.sh
[0.393s] -- Up-to-date: /home/siny/hydra_ws/install/ianvs/share/ianvs/environment/path.dsv
[0.393s] -- Up-to-date: /home/siny/hydra_ws/install/ianvs/share/ianvs/local_setup.bash
[0.393s] -- Up-to-date: /home/siny/hydra_ws/install/ianvs/share/ianvs/local_setup.sh
[0.393s] -- Up-to-date: /home/siny/hydra_ws/install/ianvs/share/ianvs/local_setup.zsh
[0.394s] -- Up-to-date: /home/siny/hydra_ws/install/ianvs/share/ianvs/local_setup.dsv
[0.394s] -- Installing: /home/siny/hydra_ws/install/ianvs/share/ianvs/package.dsv
[0.395s] -- Up-to-date: /home/siny/hydra_ws/install/ianvs/share/ament_index/resource_index/packages/ianvs
[0.395s] -- Up-to-date: /home/siny/hydra_ws/install/ianvs/share/ament_index/resource_index/ianvs__pluginlib__plugin/ianvs
[0.396s] -- Up-to-date: /home/siny/hydra_ws/install/ianvs/share/ianvs/cmake/ianvs-exportsExport.cmake
[0.396s] -- Up-to-date: /home/siny/hydra_ws/install/ianvs/share/ianvs/cmake/ianvs-exportsExport-release.cmake
[0.396s] -- Up-to-date: /home/siny/hydra_ws/install/ianvs/share/ianvs/cmake/ament_cmake_export_targets-extras.cmake
[0.396s] -- Up-to-date: /home/siny/hydra_ws/install/ianvs/share/ianvs/cmake/ament_cmake_export_dependencies-extras.cmake
[0.396s] -- Up-to-date: /home/siny/hydra_ws/install/ianvs/share/ianvs/cmake/ianvsConfig.cmake
[0.396s] -- Up-to-date: /home/siny/hydra_ws/install/ianvs/share/ianvs/cmake/ianvsConfig-version.cmake
[0.397s] -- Up-to-date: /home/siny/hydra_ws/install/ianvs/share/ianvs/package.xml
[0.428s] Invoked command in '/home/siny/hydra_ws/build/ianvs' returned '0': CMAKE_PREFIX_PATH=${CMAKE_PREFIX_PATH}:/opt/ros/jazzy DEBUGINFOD_URLS=https://debuginfod.ubuntu.com /usr/bin/cmake --install /home/siny/hydra_ws/build/ianvs
