-- The C compiler identification is GNU 13.3.0
-- The CXX compiler identification is GNU 13.3.0
-- Detecting C compiler ABI info
-- Detecting C compiler ABI info - done
-- Check for working C compiler: /usr/bin/cc - skipped
-- Detecting C compile features
-- Detecting C compile features - done
-- Detecting CXX compiler ABI info
-- Detecting CXX compiler ABI info - done
-- Check for working CXX compiler: /usr/bin/c++ - skipped
-- Detecting CXX compile features
-- Detecting CXX compile features - done
-- Found GTest: /usr/lib/aarch64-linux-gnu/cmake/GTest/GTestConfig.cmake (found version "1.14.0")  
-- Found Python3: /usr/bin/python3 (found version "3.12.3") found components: Interpreter 
-- Configuring done (0.9s)
-- Generating done (0.1s)
-- Build files have been written to: /home/siny/hydra_ws/build/config_utilities
[  1%] [32mBuilding CXX object CMakeFiles/config_utilities.dir/src/context.cpp.o[0m
[  2%] [32mBuilding CXX object CMakeFiles/config_utilities.dir/src/config_context.cpp.o[0m
[  5%] [32mBuilding CXX object CMakeFiles/config_utilities.dir/src/conversions.cpp.o[0m
[  5%] [32mBuilding CXX object CMakeFiles/config_utilities.dir/src/formatter.cpp.o[0m
[  7%] [32mBuilding CXX object CMakeFiles/config_utilities.dir/src/asl_formatter.cpp.o[0m
[ 10%] [32mBuilding CXX object CMakeFiles/config_utilities.dir/src/external_registry.cpp.o[0m
[ 10%] [32mBuilding CXX object CMakeFiles/config_utilities.dir/src/dynamic_config.cpp.o[0m
[ 11%] [32mBuilding CXX object CMakeFiles/config_utilities.dir/src/commandline.cpp.o[0m
[ 13%] [32mBuilding CXX object CMakeFiles/config_utilities.dir/src/factory.cpp.o[0m
[ 14%] [34m[1mCopy test resources to build directory[0m
[ 15%] [32mBuilding CXX object CMakeFiles/config_utilities.dir/src/field_input_info.cpp.o[0m
[ 17%] [32mBuilding CXX object CMakeFiles/config_utilities.dir/src/introspection.cpp.o[0m
[ 18%] [32mBuilding CXX object CMakeFiles/config_utilities.dir/src/log_to_stdout.cpp.o[0m
[ 20%] [32mBuilding CXX object CMakeFiles/config_utilities.dir/src/logger.cpp.o[0m
[ 21%] [32mBuilding CXX object CMakeFiles/config_utilities.dir/src/meta_data.cpp.o[0m
[ 23%] [32mBuilding CXX object CMakeFiles/config_utilities.dir/src/log_to_glog.cpp.o[0m
[ 24%] [32mBuilding CXX object CMakeFiles/config_utilities.dir/src/namespacing.cpp.o[0m
[ 26%] [32mBuilding CXX object CMakeFiles/config_utilities.dir/src/string_utils.cpp.o[0m
[ 27%] [32mBuilding CXX object CMakeFiles/config_utilities.dir/src/settings.cpp.o[0m
[ 28%] [32mBuilding CXX object CMakeFiles/config_utilities.dir/src/path.cpp.o[0m
[ 30%] [34m[1mTarget for test resources[0m
[ 30%] Built target copy_test_resources
[ 31%] [32mBuilding CXX object CMakeFiles/config_utilities.dir/src/substitutions.cpp.o[0m
[ 33%] [32mBuilding CXX object CMakeFiles/config_utilities.dir/src/substitution_parsers.cpp.o[0m
[ 34%] [32mBuilding CXX object CMakeFiles/config_utilities.dir/src/validation.cpp.o[0m
[ 36%] [32mBuilding CXX object CMakeFiles/config_utilities.dir/src/visitor.cpp.o[0m
[ 37%] [32mBuilding CXX object CMakeFiles/config_utilities.dir/src/yaml_parser.cpp.o[0m
[ 39%] [32mBuilding CXX object CMakeFiles/config_utilities.dir/src/yaml_utils.cpp.o[0m
[ 40%] [32m[1mLinking CXX shared library libconfig_utilities.so[0m
[ 40%] Built target config_utilities
[ 42%] [32mBuilding CXX object CMakeFiles/composite-configs.dir/app/composite_configs.cpp.o[0m
[ 43%] [32mBuilding CXX object demos/CMakeFiles/demo_config.dir/demo_config.cpp.o[0m
[ 44%] [32mBuilding CXX object demos/CMakeFiles/demo_factory.dir/demo_factory.cpp.o[0m
[ 46%] [32mBuilding CXX object test/CMakeFiles/test_config_utilities.dir/src/cli_args.cpp.o[0m
[ 47%] [32mBuilding CXX object test/CMakeFiles/test_config_utilities.dir/src/default_config.cpp.o[0m
[ 49%] [32mBuilding CXX object test/CMakeFiles/test_config_utilities.dir/src/utils.cpp.o[0m
[ 50%] [32mBuilding CXX object demos/CMakeFiles/demo_inheritance.dir/demo_inheritance.cpp.o[0m
[ 52%] [32mBuilding CXX object test/CMakeFiles/test_config_utilities.dir/src/introspection_utils.cpp.o[0m
[ 53%] [32mBuilding CXX object test/CMakeFiles/test_config_utilities.dir/main.cpp.o[0m
[ 55%] [32mBuilding CXX object test/CMakeFiles/test_config_utilities.dir/tests/commandline.cpp.o[0m
[ 56%] [32mBuilding CXX object test/CMakeFiles/test_config_utilities.dir/tests/config_maps.cpp.o[0m
[ 57%] [32mBuilding CXX object test/CMakeFiles/test_config_utilities.dir/tests/enums.cpp.o[0m
[ 59%] [32mBuilding CXX object test/CMakeFiles/test_config_utilities.dir/tests/external_registry.cpp.o[0m
[ 60%] [32mBuilding CXX object test/CMakeFiles/test_config_utilities_plugins.dir/src/external_plugins.cpp.o[0m
[ 62%] [32mBuilding CXX object test/CMakeFiles/test_config_utilities.dir/tests/dynamic_config.cpp.o[0m
[ 63%] [32mBuilding CXX object test/CMakeFiles/test_config_utilities.dir/tests/asl_formatter.cpp.o[0m
[ 65%] [32mBuilding CXX object test/CMakeFiles/test_config_utilities.dir/tests/factory.cpp.o[0m
[ 66%] [32mBuilding CXX object test/CMakeFiles/test_config_utilities.dir/tests/getters.cpp.o[0m
[ 68%] [32mBuilding CXX object test/CMakeFiles/test_config_utilities.dir/tests/conversions.cpp.o[0m
[ 69%] [32mBuilding CXX object test/CMakeFiles/test_config_utilities.dir/tests/config_arrays.cpp.o[0m
[ 71%] [32mBuilding CXX object test/CMakeFiles/test_config_utilities.dir/tests/field_input_info.cpp.o[0m
[ 72%] [32mBuilding CXX object test/CMakeFiles/test_config_utilities.dir/tests/inheritance.cpp.o[0m
[ 73%] [32mBuilding CXX object test/CMakeFiles/test_config_utilities.dir/tests/introspection.cpp.o[0m
[ 75%] [32m[1mLinking CXX executable composite-configs[0m
[ 75%] Built target composite-configs
[ 76%] [32mBuilding CXX object test/CMakeFiles/test_config_utilities.dir/tests/missing_fields.cpp.o[0m
[ 78%] [32mBuilding CXX object test/CMakeFiles/test_config_utilities.dir/tests/namespacing.cpp.o[0m
[ 79%] [32m[1mLinking CXX executable demo_inheritance[0m
[ 79%] Built target demo_inheritance
[ 81%] [32mBuilding CXX object test/CMakeFiles/test_config_utilities.dir/tests/path.cpp.o[0m
[ 82%] [32m[1mLinking CXX shared library libtest_config_utilities_plugins.so[0m
[ 82%] Built target test_config_utilities_plugins
[ 84%] [32m[1mLinking CXX executable demo_factory[0m
[ 84%] Built target demo_factory
[ 85%] [32m[1mLinking CXX executable demo_config[0m
[ 85%] Built target demo_config
[ 86%] [32mBuilding CXX object test/CMakeFiles/test_config_utilities.dir/tests/yaml_utils.cpp.o[0m
[ 88%] [32mBuilding CXX object test/CMakeFiles/test_config_utilities.dir/tests/yaml_parsing.cpp.o[0m
[ 89%] [32mBuilding CXX object test/CMakeFiles/test_config_utilities.dir/tests/virtual_config.cpp.o[0m
[ 92%] [32mBuilding CXX object test/CMakeFiles/test_config_utilities.dir/tests/validity_checks.cpp.o[0m
[ 92%] [32mBuilding CXX object test/CMakeFiles/test_config_utilities.dir/tests/update.cpp.o[0m
[ 94%] [32mBuilding CXX object test/CMakeFiles/test_config_utilities.dir/tests/traits.cpp.o[0m
[ 95%] [32mBuilding CXX object test/CMakeFiles/test_config_utilities.dir/tests/substitutions.cpp.o[0m
[ 97%] [32mBuilding CXX object test/CMakeFiles/test_config_utilities.dir/tests/subconfigs.cpp.o[0m
[ 98%] [32mBuilding CXX object test/CMakeFiles/test_config_utilities.dir/tests/string_utils.cpp.o[0m
[100%] [32m[1mLinking CXX executable test_config_utilities[0m
[100%] Built target test_config_utilities
-- Install configuration: "Release"
-- Installing: /home/siny/hydra_ws/install/config_utilities/lib/libconfig_utilities.so
-- Installing: /home/siny/hydra_ws/install/config_utilities/bin/composite-configs
-- Set non-toolchain portion of runtime path of "/home/siny/hydra_ws/install/config_utilities/bin/composite-configs" to ""
-- Up-to-date: /home/siny/hydra_ws/install/config_utilities/bin
-- Installing: /home/siny/hydra_ws/install/config_utilities/bin/introspection_viewer.py
-- Installing: /home/siny/hydra_ws/install/config_utilities/bin/templates
-- Installing: /home/siny/hydra_ws/install/config_utilities/bin/templates/index.html
-- Installing: /home/siny/hydra_ws/install/config_utilities/bin/static
-- Installing: /home/siny/hydra_ws/install/config_utilities/bin/static/js
-- Installing: /home/siny/hydra_ws/install/config_utilities/bin/static/js/display.js
-- Installing: /home/siny/hydra_ws/install/config_utilities/bin/static/js/general.js
-- Installing: /home/siny/hydra_ws/install/config_utilities/bin/static/js/data.js
-- Installing: /home/siny/hydra_ws/install/config_utilities/bin/static/js/summary_view.js
-- Installing: /home/siny/hydra_ws/install/config_utilities/bin/static/css
-- Installing: /home/siny/hydra_ws/install/config_utilities/bin/static/css/style_base.css
-- Installing: /home/siny/hydra_ws/install/config_utilities/bin/static/css/style.css
-- Installing: /home/siny/hydra_ws/install/config_utilities/bin/config-utilities-viewer
-- Installing: /home/siny/hydra_ws/install/config_utilities/include
-- Installing: /home/siny/hydra_ws/install/config_utilities/include/config_utilities
-- Installing: /home/siny/hydra_ws/install/config_utilities/include/config_utilities/config_utilities.h
-- Installing: /home/siny/hydra_ws/install/config_utilities/include/config_utilities/virtual_config.h
-- Installing: /home/siny/hydra_ws/install/config_utilities/include/config_utilities/internal
-- Installing: /home/siny/hydra_ws/install/config_utilities/include/config_utilities/internal/string_utils.h
-- Installing: /home/siny/hydra_ws/install/config_utilities/include/config_utilities/internal/checks.h
-- Installing: /home/siny/hydra_ws/install/config_utilities/include/config_utilities/internal/field_input_info.h
-- Installing: /home/siny/hydra_ws/install/config_utilities/include/config_utilities/internal/visitor_impl.hpp
-- Installing: /home/siny/hydra_ws/install/config_utilities/include/config_utilities/internal/introspection.h
-- Installing: /home/siny/hydra_ws/install/config_utilities/include/config_utilities/internal/yaml_parser.h
-- Installing: /home/siny/hydra_ws/install/config_utilities/include/config_utilities/internal/config_context.h
-- Installing: /home/siny/hydra_ws/install/config_utilities/include/config_utilities/internal/dynamic_config_impl.hpp
-- Installing: /home/siny/hydra_ws/install/config_utilities/include/config_utilities/internal/formatter.h
-- Installing: /home/siny/hydra_ws/install/config_utilities/include/config_utilities/internal/logger.h
-- Installing: /home/siny/hydra_ws/install/config_utilities/include/config_utilities/internal/visitor.h
-- Installing: /home/siny/hydra_ws/install/config_utilities/include/config_utilities/internal/namespacing.h
-- Installing: /home/siny/hydra_ws/install/config_utilities/include/config_utilities/internal/meta_data.h
-- Installing: /home/siny/hydra_ws/install/config_utilities/include/config_utilities/internal/yaml_utils.h
-- Installing: /home/siny/hydra_ws/install/config_utilities/include/config_utilities/logging
-- Installing: /home/siny/hydra_ws/install/config_utilities/include/config_utilities/logging/log_to_stdout.h
-- Installing: /home/siny/hydra_ws/install/config_utilities/include/config_utilities/logging/log_to_glog.h
-- Installing: /home/siny/hydra_ws/install/config_utilities/include/config_utilities/types
-- Installing: /home/siny/hydra_ws/install/config_utilities/include/config_utilities/types/enum.h
-- Installing: /home/siny/hydra_ws/install/config_utilities/include/config_utilities/types/path.h
-- Installing: /home/siny/hydra_ws/install/config_utilities/include/config_utilities/types/conversions.h
-- Installing: /home/siny/hydra_ws/install/config_utilities/include/config_utilities/types/eigen_matrix.h
-- Installing: /home/siny/hydra_ws/install/config_utilities/include/config_utilities/external_registry.h
-- Installing: /home/siny/hydra_ws/install/config_utilities/include/config_utilities/getters.h
-- Installing: /home/siny/hydra_ws/install/config_utilities/include/config_utilities/formatting
-- Installing: /home/siny/hydra_ws/install/config_utilities/include/config_utilities/formatting/asl.h
-- Installing: /home/siny/hydra_ws/install/config_utilities/include/config_utilities/validation.h
-- Installing: /home/siny/hydra_ws/install/config_utilities/include/config_utilities/traits.h
-- Installing: /home/siny/hydra_ws/install/config_utilities/include/config_utilities/parsing
-- Installing: /home/siny/hydra_ws/install/config_utilities/include/config_utilities/parsing/context.h
-- Installing: /home/siny/hydra_ws/install/config_utilities/include/config_utilities/parsing/yaml.h
-- Installing: /home/siny/hydra_ws/install/config_utilities/include/config_utilities/parsing/commandline.h
-- Installing: /home/siny/hydra_ws/install/config_utilities/include/config_utilities/factory.h
-- Installing: /home/siny/hydra_ws/install/config_utilities/include/config_utilities/config.h
-- Installing: /home/siny/hydra_ws/install/config_utilities/include/config_utilities/substitutions.h
-- Installing: /home/siny/hydra_ws/install/config_utilities/include/config_utilities/settings.h
-- Installing: /home/siny/hydra_ws/install/config_utilities/include/config_utilities/dynamic_config.h
-- Installing: /home/siny/hydra_ws/install/config_utilities/include/config_utilities/substitution_parsers.h
-- Installing: /home/siny/hydra_ws/install/config_utilities/include/config_utilities/update.h
-- Installing: /home/siny/hydra_ws/install/config_utilities/include/config_utilities/printing.h
-- Installing: /home/siny/hydra_ws/install/config_utilities/lib/cmake/config_utilities/config_utilitiesTargets.cmake
-- Installing: /home/siny/hydra_ws/install/config_utilities/lib/cmake/config_utilities/config_utilitiesTargets-release.cmake
-- Installing: /home/siny/hydra_ws/install/config_utilities/lib/cmake/config_utilities/config_utilitiesConfig.cmake
-- Installing: /home/siny/hydra_ws/install/config_utilities/lib/cmake/config_utilities/config_utilitiesConfigVersion.cmake
-- Installing: /home/siny/hydra_ws/install/config_utilities/share/ament_index/resource_index/package_run_dependencies/config_utilities
-- Installing: /home/siny/hydra_ws/install/config_utilities/share/ament_index/resource_index/parent_prefix_path/config_utilities
-- Installing: /home/siny/hydra_ws/install/config_utilities/share/config_utilities/environment/ament_prefix_path.sh
-- Installing: /home/siny/hydra_ws/install/config_utilities/share/config_utilities/environment/ament_prefix_path.dsv
-- Installing: /home/siny/hydra_ws/install/config_utilities/share/config_utilities/environment/path.sh
-- Installing: /home/siny/hydra_ws/install/config_utilities/share/config_utilities/environment/path.dsv
-- Installing: /home/siny/hydra_ws/install/config_utilities/share/config_utilities/local_setup.bash
-- Installing: /home/siny/hydra_ws/install/config_utilities/share/config_utilities/local_setup.sh
-- Installing: /home/siny/hydra_ws/install/config_utilities/share/config_utilities/local_setup.zsh
-- Installing: /home/siny/hydra_ws/install/config_utilities/share/config_utilities/local_setup.dsv
-- Installing: /home/siny/hydra_ws/install/config_utilities/share/config_utilities/package.dsv
-- Installing: /home/siny/hydra_ws/install/config_utilities/share/ament_index/resource_index/packages/config_utilities
-- Installing: /home/siny/hydra_ws/install/config_utilities/share/config_utilities/cmake/config_utilitiesConfig.cmake
-- Installing: /home/siny/hydra_ws/install/config_utilities/share/config_utilities/cmake/config_utilitiesConfig-version.cmake
-- Installing: /home/siny/hydra_ws/install/config_utilities/share/config_utilities/package.xml
