[0.021s] Invoking command in '/home/siny/hydra_ws/build/config_utilities': CMAKE_PREFIX_PATH=${CMAKE_PREFIX_PATH}:/opt/ros/jazzy:/home/siny/ros2_jazzy/install/ament_uncrustify:/home/siny/ros2_jazzy/install/tracetools_trace:/home/siny/ros2_jazzy/install/tracetools_read:/home/siny/ros2_jazzy/install/rpyutils:/home/siny/ros2_jazzy/install/rosidl_pycommon:/home/siny/ros2_jazzy/install/rosidl_cli:/home/siny/ros2_jazzy/install/launch_pytest:/home/siny/ros2_jazzy/install/launch_testing:/home/siny/ros2_jazzy/install/launch_yaml:/home/siny/ros2_jazzy/install/launch_xml:/home/siny/ros2_jazzy/install/launch:/home/siny/ros2_jazzy/install/osrf_pycommon:/home/siny/ros2_jazzy/install/domain_coordinator:/home/siny/ros2_jazzy/install/ament_xmllint:/home/siny/ros2_jazzy/install/ament_pyflakes:/home/siny/ros2_jazzy/install/ament_pycodestyle:/home/siny/ros2_jazzy/install/ament_pep257:/home/siny/ros2_jazzy/install/ament_pclint:/home/siny/ros2_jazzy/install/ament_package:/home/siny/ros2_jazzy/install/ament_mypy:/home/siny/ros2_jazzy/install/ament_lint_cmake:/home/siny/ros2_jazzy/install/ament_flake8:/home/siny/ros2_jazzy/install/ament_copyright:/home/siny/ros2_jazzy/install/ament_lint:/home/siny/ros2_jazzy/install/ament_index_python:/home/siny/ros2_jazzy/install/ament_cpplint:/home/siny/ros2_jazzy/install/ament_cppcheck:/home/siny/ros2_jazzy/install/ament_clang_tidy:/home/siny/ros2_jazzy/install/ament_clang_format DEBUGINFOD_URLS=https://debuginfod.ubuntu.com /usr/bin/cmake /home/siny/hydra_ws/src/config_utilities/config_utilities -DCMAKE_BUILD_TYPE=Release -DCMAKE_INSTALL_PREFIX=/home/siny/hydra_ws/install/config_utilities
[0.066s] -- The C compiler identification is GNU 13.3.0
[0.116s] -- The CXX compiler identification is GNU 13.3.0
[0.131s] -- Detecting C compiler ABI info
[0.202s] -- Detecting C compiler ABI info - done
[0.207s] -- Check for working C compiler: /usr/bin/cc - skipped
[0.207s] -- Detecting C compile features
[0.207s] -- Detecting C compile features - done
[0.214s] -- Detecting CXX compiler ABI info
[0.290s] -- Detecting CXX compiler ABI info - done
[0.295s] -- Check for working CXX compiler: /usr/bin/c++ - skipped
[0.295s] -- Detecting CXX compile features
[0.295s] -- Detecting CXX compile features - done
[0.384s] -- Found GTest: /usr/lib/aarch64-linux-gnu/cmake/GTest/GTestConfig.cmake (found version "1.14.0")  
[0.714s] -- Found Python3: /usr/bin/python3 (found version "3.12.3") found components: Interpreter 
[0.926s] -- Configuring done (0.9s)
[0.993s] -- Generating done (0.1s)
[1.019s] -- Build files have been written to: /home/siny/hydra_ws/build/config_utilities
[1.030s] Invoked command in '/home/siny/hydra_ws/build/config_utilities' returned '0': CMAKE_PREFIX_PATH=${CMAKE_PREFIX_PATH}:/opt/ros/jazzy:/home/siny/ros2_jazzy/install/ament_uncrustify:/home/siny/ros2_jazzy/install/tracetools_trace:/home/siny/ros2_jazzy/install/tracetools_read:/home/siny/ros2_jazzy/install/rpyutils:/home/siny/ros2_jazzy/install/rosidl_pycommon:/home/siny/ros2_jazzy/install/rosidl_cli:/home/siny/ros2_jazzy/install/launch_pytest:/home/siny/ros2_jazzy/install/launch_testing:/home/siny/ros2_jazzy/install/launch_yaml:/home/siny/ros2_jazzy/install/launch_xml:/home/siny/ros2_jazzy/install/launch:/home/siny/ros2_jazzy/install/osrf_pycommon:/home/siny/ros2_jazzy/install/domain_coordinator:/home/siny/ros2_jazzy/install/ament_xmllint:/home/siny/ros2_jazzy/install/ament_pyflakes:/home/siny/ros2_jazzy/install/ament_pycodestyle:/home/siny/ros2_jazzy/install/ament_pep257:/home/siny/ros2_jazzy/install/ament_pclint:/home/siny/ros2_jazzy/install/ament_package:/home/siny/ros2_jazzy/install/ament_mypy:/home/siny/ros2_jazzy/install/ament_lint_cmake:/home/siny/ros2_jazzy/install/ament_flake8:/home/siny/ros2_jazzy/install/ament_copyright:/home/siny/ros2_jazzy/install/ament_lint:/home/siny/ros2_jazzy/install/ament_index_python:/home/siny/ros2_jazzy/install/ament_cpplint:/home/siny/ros2_jazzy/install/ament_cppcheck:/home/siny/ros2_jazzy/install/ament_clang_tidy:/home/siny/ros2_jazzy/install/ament_clang_format DEBUGINFOD_URLS=https://debuginfod.ubuntu.com /usr/bin/cmake /home/siny/hydra_ws/src/config_utilities/config_utilities -DCMAKE_BUILD_TYPE=Release -DCMAKE_INSTALL_PREFIX=/home/siny/hydra_ws/install/config_utilities
[1.030s] Invoking command in '/home/siny/hydra_ws/build/config_utilities': CMAKE_PREFIX_PATH=${CMAKE_PREFIX_PATH}:/opt/ros/jazzy:/home/siny/ros2_jazzy/install/ament_uncrustify:/home/siny/ros2_jazzy/install/tracetools_trace:/home/siny/ros2_jazzy/install/tracetools_read:/home/siny/ros2_jazzy/install/rpyutils:/home/siny/ros2_jazzy/install/rosidl_pycommon:/home/siny/ros2_jazzy/install/rosidl_cli:/home/siny/ros2_jazzy/install/launch_pytest:/home/siny/ros2_jazzy/install/launch_testing:/home/siny/ros2_jazzy/install/launch_yaml:/home/siny/ros2_jazzy/install/launch_xml:/home/siny/ros2_jazzy/install/launch:/home/siny/ros2_jazzy/install/osrf_pycommon:/home/siny/ros2_jazzy/install/domain_coordinator:/home/siny/ros2_jazzy/install/ament_xmllint:/home/siny/ros2_jazzy/install/ament_pyflakes:/home/siny/ros2_jazzy/install/ament_pycodestyle:/home/siny/ros2_jazzy/install/ament_pep257:/home/siny/ros2_jazzy/install/ament_pclint:/home/siny/ros2_jazzy/install/ament_package:/home/siny/ros2_jazzy/install/ament_mypy:/home/siny/ros2_jazzy/install/ament_lint_cmake:/home/siny/ros2_jazzy/install/ament_flake8:/home/siny/ros2_jazzy/install/ament_copyright:/home/siny/ros2_jazzy/install/ament_lint:/home/siny/ros2_jazzy/install/ament_index_python:/home/siny/ros2_jazzy/install/ament_cpplint:/home/siny/ros2_jazzy/install/ament_cppcheck:/home/siny/ros2_jazzy/install/ament_clang_tidy:/home/siny/ros2_jazzy/install/ament_clang_format DEBUGINFOD_URLS=https://debuginfod.ubuntu.com /usr/bin/cmake --build /home/siny/hydra_ws/build/config_utilities -- -j20 -l20
[1.121s] [  1%] [32mBuilding CXX object CMakeFiles/config_utilities.dir/src/context.cpp.o[0m
[1.128s] [  2%] [32mBuilding CXX object CMakeFiles/config_utilities.dir/src/config_context.cpp.o[0m
[1.128s] [  5%] [32mBuilding CXX object CMakeFiles/config_utilities.dir/src/conversions.cpp.o[0m
[1.131s] [  5%] [32mBuilding CXX object CMakeFiles/config_utilities.dir/src/formatter.cpp.o[0m
[1.133s] [  7%] [32mBuilding CXX object CMakeFiles/config_utilities.dir/src/asl_formatter.cpp.o[0m
[1.134s] [ 10%] [32mBuilding CXX object CMakeFiles/config_utilities.dir/src/external_registry.cpp.o[0m
[1.134s] [ 10%] [32mBuilding CXX object CMakeFiles/config_utilities.dir/src/dynamic_config.cpp.o[0m
[1.134s] [ 11%] [32mBuilding CXX object CMakeFiles/config_utilities.dir/src/commandline.cpp.o[0m
[1.138s] [ 13%] [32mBuilding CXX object CMakeFiles/config_utilities.dir/src/factory.cpp.o[0m
[1.138s] [ 14%] [34m[1mCopy test resources to build directory[0m
[1.142s] [ 15%] [32mBuilding CXX object CMakeFiles/config_utilities.dir/src/field_input_info.cpp.o[0m
[1.145s] [ 17%] [32mBuilding CXX object CMakeFiles/config_utilities.dir/src/introspection.cpp.o[0m
[1.173s] [ 18%] [32mBuilding CXX object CMakeFiles/config_utilities.dir/src/log_to_stdout.cpp.o[0m
[1.174s] [ 20%] [32mBuilding CXX object CMakeFiles/config_utilities.dir/src/logger.cpp.o[0m
[1.174s] [ 21%] [32mBuilding CXX object CMakeFiles/config_utilities.dir/src/meta_data.cpp.o[0m
[1.178s] [ 23%] [32mBuilding CXX object CMakeFiles/config_utilities.dir/src/log_to_glog.cpp.o[0m
[1.180s] [ 24%] [32mBuilding CXX object CMakeFiles/config_utilities.dir/src/namespacing.cpp.o[0m
[1.185s] [ 26%] [32mBuilding CXX object CMakeFiles/config_utilities.dir/src/string_utils.cpp.o[0m
[1.185s] [ 27%] [32mBuilding CXX object CMakeFiles/config_utilities.dir/src/settings.cpp.o[0m
[1.192s] [ 28%] [32mBuilding CXX object CMakeFiles/config_utilities.dir/src/path.cpp.o[0m
[1.257s] [ 30%] [34m[1mTarget for test resources[0m
[1.303s] [ 30%] Built target copy_test_resources
[1.338s] [ 31%] [32mBuilding CXX object CMakeFiles/config_utilities.dir/src/substitutions.cpp.o[0m
[1.974s] [ 33%] [32mBuilding CXX object CMakeFiles/config_utilities.dir/src/substitution_parsers.cpp.o[0m
[3.067s] [ 34%] [32mBuilding CXX object CMakeFiles/config_utilities.dir/src/validation.cpp.o[0m
[3.559s] [ 36%] [32mBuilding CXX object CMakeFiles/config_utilities.dir/src/visitor.cpp.o[0m
[3.944s] [ 37%] [32mBuilding CXX object CMakeFiles/config_utilities.dir/src/yaml_parser.cpp.o[0m
[4.081s] [ 39%] [32mBuilding CXX object CMakeFiles/config_utilities.dir/src/yaml_utils.cpp.o[0m
[15.347s] [ 40%] [32m[1mLinking CXX shared library libconfig_utilities.so[0m
[15.567s] [ 40%] Built target config_utilities
[15.605s] [ 42%] [32mBuilding CXX object CMakeFiles/composite-configs.dir/app/composite_configs.cpp.o[0m
[15.624s] [ 43%] [32mBuilding CXX object demos/CMakeFiles/demo_config.dir/demo_config.cpp.o[0m
[15.624s] [ 44%] [32mBuilding CXX object demos/CMakeFiles/demo_factory.dir/demo_factory.cpp.o[0m
[15.628s] [ 46%] [32mBuilding CXX object test/CMakeFiles/test_config_utilities.dir/src/cli_args.cpp.o[0m
[15.628s] [ 47%] [32mBuilding CXX object test/CMakeFiles/test_config_utilities.dir/src/default_config.cpp.o[0m
[15.629s] [ 49%] [32mBuilding CXX object test/CMakeFiles/test_config_utilities.dir/src/utils.cpp.o[0m
[15.631s] [ 50%] [32mBuilding CXX object demos/CMakeFiles/demo_inheritance.dir/demo_inheritance.cpp.o[0m
[15.633s] [ 52%] [32mBuilding CXX object test/CMakeFiles/test_config_utilities.dir/src/introspection_utils.cpp.o[0m
[15.639s] [ 53%] [32mBuilding CXX object test/CMakeFiles/test_config_utilities.dir/main.cpp.o[0m
[15.639s] [ 55%] [32mBuilding CXX object test/CMakeFiles/test_config_utilities.dir/tests/commandline.cpp.o[0m
[15.640s] [ 56%] [32mBuilding CXX object test/CMakeFiles/test_config_utilities.dir/tests/config_maps.cpp.o[0m
[15.643s] [ 57%] [32mBuilding CXX object test/CMakeFiles/test_config_utilities.dir/tests/enums.cpp.o[0m
[15.643s] [ 59%] [32mBuilding CXX object test/CMakeFiles/test_config_utilities.dir/tests/external_registry.cpp.o[0m
[15.643s] [ 60%] [32mBuilding CXX object test/CMakeFiles/test_config_utilities_plugins.dir/src/external_plugins.cpp.o[0m
[15.644s] [ 62%] [32mBuilding CXX object test/CMakeFiles/test_config_utilities.dir/tests/dynamic_config.cpp.o[0m
[15.646s] [ 63%] [32mBuilding CXX object test/CMakeFiles/test_config_utilities.dir/tests/asl_formatter.cpp.o[0m
[15.646s] [ 65%] [32mBuilding CXX object test/CMakeFiles/test_config_utilities.dir/tests/factory.cpp.o[0m
[15.647s] [ 66%] [32mBuilding CXX object test/CMakeFiles/test_config_utilities.dir/tests/getters.cpp.o[0m
[15.649s] [ 68%] [32mBuilding CXX object test/CMakeFiles/test_config_utilities.dir/tests/conversions.cpp.o[0m
[15.649s] [ 69%] [32mBuilding CXX object test/CMakeFiles/test_config_utilities.dir/tests/config_arrays.cpp.o[0m
[16.436s] [ 71%] [32mBuilding CXX object test/CMakeFiles/test_config_utilities.dir/tests/field_input_info.cpp.o[0m
[17.567s] [ 72%] [32mBuilding CXX object test/CMakeFiles/test_config_utilities.dir/tests/inheritance.cpp.o[0m
[18.569s] [ 73%] [32mBuilding CXX object test/CMakeFiles/test_config_utilities.dir/tests/introspection.cpp.o[0m
[19.387s] [ 75%] [32m[1mLinking CXX executable composite-configs[0m
[19.503s] [ 75%] Built target composite-configs
[19.525s] [ 76%] [32mBuilding CXX object test/CMakeFiles/test_config_utilities.dir/tests/missing_fields.cpp.o[0m
[20.868s] [ 78%] [32mBuilding CXX object test/CMakeFiles/test_config_utilities.dir/tests/namespacing.cpp.o[0m
[21.432s] [ 79%] [32m[1mLinking CXX executable demo_inheritance[0m
[21.652s] [ 79%] Built target demo_inheritance
[21.666s] [ 81%] [32mBuilding CXX object test/CMakeFiles/test_config_utilities.dir/tests/path.cpp.o[0m
[22.171s] [ 82%] [32m[1mLinking CXX shared library libtest_config_utilities_plugins.so[0m
[22.393s] [ 82%] Built target test_config_utilities_plugins
[24.199s] [ 84%] [32m[1mLinking CXX executable demo_factory[0m
[24.330s] [ 84%] Built target demo_factory
[25.897s] [ 85%] [32m[1mLinking CXX executable demo_config[0m
[25.982s] [ 85%] Built target demo_config
[27.965s] [ 86%] [32mBuilding CXX object test/CMakeFiles/test_config_utilities.dir/tests/yaml_utils.cpp.o[0m
[29.627s] [ 88%] [32mBuilding CXX object test/CMakeFiles/test_config_utilities.dir/tests/yaml_parsing.cpp.o[0m
[33.755s] [ 89%] [32mBuilding CXX object test/CMakeFiles/test_config_utilities.dir/tests/virtual_config.cpp.o[0m
[40.407s] [ 92%] [32mBuilding CXX object test/CMakeFiles/test_config_utilities.dir/tests/validity_checks.cpp.o[0m
[40.407s] [ 92%] [32mBuilding CXX object test/CMakeFiles/test_config_utilities.dir/tests/update.cpp.o[0m
[40.407s] [ 94%] [32mBuilding CXX object test/CMakeFiles/test_config_utilities.dir/tests/traits.cpp.o[0m
[40.407s] [ 95%] [32mBuilding CXX object test/CMakeFiles/test_config_utilities.dir/tests/substitutions.cpp.o[0m
[40.407s] [ 97%] [32mBuilding CXX object test/CMakeFiles/test_config_utilities.dir/tests/subconfigs.cpp.o[0m
[40.947s] [ 98%] [32mBuilding CXX object test/CMakeFiles/test_config_utilities.dir/tests/string_utils.cpp.o[0m
[44.363s] [100%] [32m[1mLinking CXX executable test_config_utilities[0m
[44.480s] [100%] Built target test_config_utilities
[44.494s] Invoked command in '/home/siny/hydra_ws/build/config_utilities' returned '0': CMAKE_PREFIX_PATH=${CMAKE_PREFIX_PATH}:/opt/ros/jazzy:/home/siny/ros2_jazzy/install/ament_uncrustify:/home/siny/ros2_jazzy/install/tracetools_trace:/home/siny/ros2_jazzy/install/tracetools_read:/home/siny/ros2_jazzy/install/rpyutils:/home/siny/ros2_jazzy/install/rosidl_pycommon:/home/siny/ros2_jazzy/install/rosidl_cli:/home/siny/ros2_jazzy/install/launch_pytest:/home/siny/ros2_jazzy/install/launch_testing:/home/siny/ros2_jazzy/install/launch_yaml:/home/siny/ros2_jazzy/install/launch_xml:/home/siny/ros2_jazzy/install/launch:/home/siny/ros2_jazzy/install/osrf_pycommon:/home/siny/ros2_jazzy/install/domain_coordinator:/home/siny/ros2_jazzy/install/ament_xmllint:/home/siny/ros2_jazzy/install/ament_pyflakes:/home/siny/ros2_jazzy/install/ament_pycodestyle:/home/siny/ros2_jazzy/install/ament_pep257:/home/siny/ros2_jazzy/install/ament_pclint:/home/siny/ros2_jazzy/install/ament_package:/home/siny/ros2_jazzy/install/ament_mypy:/home/siny/ros2_jazzy/install/ament_lint_cmake:/home/siny/ros2_jazzy/install/ament_flake8:/home/siny/ros2_jazzy/install/ament_copyright:/home/siny/ros2_jazzy/install/ament_lint:/home/siny/ros2_jazzy/install/ament_index_python:/home/siny/ros2_jazzy/install/ament_cpplint:/home/siny/ros2_jazzy/install/ament_cppcheck:/home/siny/ros2_jazzy/install/ament_clang_tidy:/home/siny/ros2_jazzy/install/ament_clang_format DEBUGINFOD_URLS=https://debuginfod.ubuntu.com /usr/bin/cmake --build /home/siny/hydra_ws/build/config_utilities -- -j20 -l20
[44.495s] Invoking command in '/home/siny/hydra_ws/build/config_utilities': CMAKE_PREFIX_PATH=${CMAKE_PREFIX_PATH}:/opt/ros/jazzy:/home/siny/ros2_jazzy/install/ament_uncrustify:/home/siny/ros2_jazzy/install/tracetools_trace:/home/siny/ros2_jazzy/install/tracetools_read:/home/siny/ros2_jazzy/install/rpyutils:/home/siny/ros2_jazzy/install/rosidl_pycommon:/home/siny/ros2_jazzy/install/rosidl_cli:/home/siny/ros2_jazzy/install/launch_pytest:/home/siny/ros2_jazzy/install/launch_testing:/home/siny/ros2_jazzy/install/launch_yaml:/home/siny/ros2_jazzy/install/launch_xml:/home/siny/ros2_jazzy/install/launch:/home/siny/ros2_jazzy/install/osrf_pycommon:/home/siny/ros2_jazzy/install/domain_coordinator:/home/siny/ros2_jazzy/install/ament_xmllint:/home/siny/ros2_jazzy/install/ament_pyflakes:/home/siny/ros2_jazzy/install/ament_pycodestyle:/home/siny/ros2_jazzy/install/ament_pep257:/home/siny/ros2_jazzy/install/ament_pclint:/home/siny/ros2_jazzy/install/ament_package:/home/siny/ros2_jazzy/install/ament_mypy:/home/siny/ros2_jazzy/install/ament_lint_cmake:/home/siny/ros2_jazzy/install/ament_flake8:/home/siny/ros2_jazzy/install/ament_copyright:/home/siny/ros2_jazzy/install/ament_lint:/home/siny/ros2_jazzy/install/ament_index_python:/home/siny/ros2_jazzy/install/ament_cpplint:/home/siny/ros2_jazzy/install/ament_cppcheck:/home/siny/ros2_jazzy/install/ament_clang_tidy:/home/siny/ros2_jazzy/install/ament_clang_format DEBUGINFOD_URLS=https://debuginfod.ubuntu.com /usr/bin/cmake --install /home/siny/hydra_ws/build/config_utilities
[44.499s] -- Install configuration: "Release"
[44.499s] -- Installing: /home/siny/hydra_ws/install/config_utilities/lib/libconfig_utilities.so
[44.500s] -- Installing: /home/siny/hydra_ws/install/config_utilities/bin/composite-configs
[44.500s] -- Set non-toolchain portion of runtime path of "/home/siny/hydra_ws/install/config_utilities/bin/composite-configs" to ""
[44.500s] -- Up-to-date: /home/siny/hydra_ws/install/config_utilities/bin
[44.500s] -- Installing: /home/siny/hydra_ws/install/config_utilities/bin/introspection_viewer.py
[44.501s] -- Installing: /home/siny/hydra_ws/install/config_utilities/bin/templates
[44.501s] -- Installing: /home/siny/hydra_ws/install/config_utilities/bin/templates/index.html
[44.501s] -- Installing: /home/siny/hydra_ws/install/config_utilities/bin/static
[44.501s] -- Installing: /home/siny/hydra_ws/install/config_utilities/bin/static/js
[44.501s] -- Installing: /home/siny/hydra_ws/install/config_utilities/bin/static/js/display.js
[44.501s] -- Installing: /home/siny/hydra_ws/install/config_utilities/bin/static/js/general.js
[44.501s] -- Installing: /home/siny/hydra_ws/install/config_utilities/bin/static/js/data.js
[44.501s] -- Installing: /home/siny/hydra_ws/install/config_utilities/bin/static/js/summary_view.js
[44.501s] -- Installing: /home/siny/hydra_ws/install/config_utilities/bin/static/css
[44.501s] -- Installing: /home/siny/hydra_ws/install/config_utilities/bin/static/css/style_base.css
[44.501s] -- Installing: /home/siny/hydra_ws/install/config_utilities/bin/static/css/style.css
[44.501s] -- Installing: /home/siny/hydra_ws/install/config_utilities/bin/config-utilities-viewer
[44.501s] -- Installing: /home/siny/hydra_ws/install/config_utilities/include
[44.502s] -- Installing: /home/siny/hydra_ws/install/config_utilities/include/config_utilities
[44.502s] -- Installing: /home/siny/hydra_ws/install/config_utilities/include/config_utilities/config_utilities.h
[44.502s] -- Installing: /home/siny/hydra_ws/install/config_utilities/include/config_utilities/virtual_config.h
[44.502s] -- Installing: /home/siny/hydra_ws/install/config_utilities/include/config_utilities/internal
[44.502s] -- Installing: /home/siny/hydra_ws/install/config_utilities/include/config_utilities/internal/string_utils.h
[44.502s] -- Installing: /home/siny/hydra_ws/install/config_utilities/include/config_utilities/internal/checks.h
[44.502s] -- Installing: /home/siny/hydra_ws/install/config_utilities/include/config_utilities/internal/field_input_info.h
[44.502s] -- Installing: /home/siny/hydra_ws/install/config_utilities/include/config_utilities/internal/visitor_impl.hpp
[44.502s] -- Installing: /home/siny/hydra_ws/install/config_utilities/include/config_utilities/internal/introspection.h
[44.502s] -- Installing: /home/siny/hydra_ws/install/config_utilities/include/config_utilities/internal/yaml_parser.h
[44.502s] -- Installing: /home/siny/hydra_ws/install/config_utilities/include/config_utilities/internal/config_context.h
[44.502s] -- Installing: /home/siny/hydra_ws/install/config_utilities/include/config_utilities/internal/dynamic_config_impl.hpp
[44.503s] -- Installing: /home/siny/hydra_ws/install/config_utilities/include/config_utilities/internal/formatter.h
[44.503s] -- Installing: /home/siny/hydra_ws/install/config_utilities/include/config_utilities/internal/logger.h
[44.503s] -- Installing: /home/siny/hydra_ws/install/config_utilities/include/config_utilities/internal/visitor.h
[44.503s] -- Installing: /home/siny/hydra_ws/install/config_utilities/include/config_utilities/internal/namespacing.h
[44.503s] -- Installing: /home/siny/hydra_ws/install/config_utilities/include/config_utilities/internal/meta_data.h
[44.503s] -- Installing: /home/siny/hydra_ws/install/config_utilities/include/config_utilities/internal/yaml_utils.h
[44.503s] -- Installing: /home/siny/hydra_ws/install/config_utilities/include/config_utilities/logging
[44.503s] -- Installing: /home/siny/hydra_ws/install/config_utilities/include/config_utilities/logging/log_to_stdout.h
[44.503s] -- Installing: /home/siny/hydra_ws/install/config_utilities/include/config_utilities/logging/log_to_glog.h
[44.503s] -- Installing: /home/siny/hydra_ws/install/config_utilities/include/config_utilities/types
[44.503s] -- Installing: /home/siny/hydra_ws/install/config_utilities/include/config_utilities/types/enum.h
[44.503s] -- Installing: /home/siny/hydra_ws/install/config_utilities/include/config_utilities/types/path.h
[44.503s] -- Installing: /home/siny/hydra_ws/install/config_utilities/include/config_utilities/types/conversions.h
[44.503s] -- Installing: /home/siny/hydra_ws/install/config_utilities/include/config_utilities/types/eigen_matrix.h
[44.503s] -- Installing: /home/siny/hydra_ws/install/config_utilities/include/config_utilities/external_registry.h
[44.503s] -- Installing: /home/siny/hydra_ws/install/config_utilities/include/config_utilities/getters.h
[44.504s] -- Installing: /home/siny/hydra_ws/install/config_utilities/include/config_utilities/formatting
[44.504s] -- Installing: /home/siny/hydra_ws/install/config_utilities/include/config_utilities/formatting/asl.h
[44.504s] -- Installing: /home/siny/hydra_ws/install/config_utilities/include/config_utilities/validation.h
[44.504s] -- Installing: /home/siny/hydra_ws/install/config_utilities/include/config_utilities/traits.h
[44.504s] -- Installing: /home/siny/hydra_ws/install/config_utilities/include/config_utilities/parsing
[44.504s] -- Installing: /home/siny/hydra_ws/install/config_utilities/include/config_utilities/parsing/context.h
[44.504s] -- Installing: /home/siny/hydra_ws/install/config_utilities/include/config_utilities/parsing/yaml.h
[44.504s] -- Installing: /home/siny/hydra_ws/install/config_utilities/include/config_utilities/parsing/commandline.h
[44.504s] -- Installing: /home/siny/hydra_ws/install/config_utilities/include/config_utilities/factory.h
[44.504s] -- Installing: /home/siny/hydra_ws/install/config_utilities/include/config_utilities/config.h
[44.504s] -- Installing: /home/siny/hydra_ws/install/config_utilities/include/config_utilities/substitutions.h
[44.504s] -- Installing: /home/siny/hydra_ws/install/config_utilities/include/config_utilities/settings.h
[44.504s] -- Installing: /home/siny/hydra_ws/install/config_utilities/include/config_utilities/dynamic_config.h
[44.504s] -- Installing: /home/siny/hydra_ws/install/config_utilities/include/config_utilities/substitution_parsers.h
[44.504s] -- Installing: /home/siny/hydra_ws/install/config_utilities/include/config_utilities/update.h
[44.504s] -- Installing: /home/siny/hydra_ws/install/config_utilities/include/config_utilities/printing.h
[44.504s] -- Installing: /home/siny/hydra_ws/install/config_utilities/lib/cmake/config_utilities/config_utilitiesTargets.cmake
[44.504s] -- Installing: /home/siny/hydra_ws/install/config_utilities/lib/cmake/config_utilities/config_utilitiesTargets-release.cmake
[44.505s] -- Installing: /home/siny/hydra_ws/install/config_utilities/lib/cmake/config_utilities/config_utilitiesConfig.cmake
[44.505s] -- Installing: /home/siny/hydra_ws/install/config_utilities/lib/cmake/config_utilities/config_utilitiesConfigVersion.cmake
[44.505s] -- Installing: /home/siny/hydra_ws/install/config_utilities/share/ament_index/resource_index/package_run_dependencies/config_utilities
[44.505s] -- Installing: /home/siny/hydra_ws/install/config_utilities/share/ament_index/resource_index/parent_prefix_path/config_utilities
[44.505s] -- Installing: /home/siny/hydra_ws/install/config_utilities/share/config_utilities/environment/ament_prefix_path.sh
[44.505s] -- Installing: /home/siny/hydra_ws/install/config_utilities/share/config_utilities/environment/ament_prefix_path.dsv
[44.505s] -- Installing: /home/siny/hydra_ws/install/config_utilities/share/config_utilities/environment/path.sh
[44.505s] -- Installing: /home/siny/hydra_ws/install/config_utilities/share/config_utilities/environment/path.dsv
[44.505s] -- Installing: /home/siny/hydra_ws/install/config_utilities/share/config_utilities/local_setup.bash
[44.505s] -- Installing: /home/siny/hydra_ws/install/config_utilities/share/config_utilities/local_setup.sh
[44.505s] -- Installing: /home/siny/hydra_ws/install/config_utilities/share/config_utilities/local_setup.zsh
[44.505s] -- Installing: /home/siny/hydra_ws/install/config_utilities/share/config_utilities/local_setup.dsv
[44.505s] -- Installing: /home/siny/hydra_ws/install/config_utilities/share/config_utilities/package.dsv
[44.505s] -- Installing: /home/siny/hydra_ws/install/config_utilities/share/ament_index/resource_index/packages/config_utilities
[44.505s] -- Installing: /home/siny/hydra_ws/install/config_utilities/share/config_utilities/cmake/config_utilitiesConfig.cmake
[44.505s] -- Installing: /home/siny/hydra_ws/install/config_utilities/share/config_utilities/cmake/config_utilitiesConfig-version.cmake
[44.505s] -- Installing: /home/siny/hydra_ws/install/config_utilities/share/config_utilities/package.xml
[44.506s] Invoked command in '/home/siny/hydra_ws/build/config_utilities' returned '0': CMAKE_PREFIX_PATH=${CMAKE_PREFIX_PATH}:/opt/ros/jazzy:/home/siny/ros2_jazzy/install/ament_uncrustify:/home/siny/ros2_jazzy/install/tracetools_trace:/home/siny/ros2_jazzy/install/tracetools_read:/home/siny/ros2_jazzy/install/rpyutils:/home/siny/ros2_jazzy/install/rosidl_pycommon:/home/siny/ros2_jazzy/install/rosidl_cli:/home/siny/ros2_jazzy/install/launch_pytest:/home/siny/ros2_jazzy/install/launch_testing:/home/siny/ros2_jazzy/install/launch_yaml:/home/siny/ros2_jazzy/install/launch_xml:/home/siny/ros2_jazzy/install/launch:/home/siny/ros2_jazzy/install/osrf_pycommon:/home/siny/ros2_jazzy/install/domain_coordinator:/home/siny/ros2_jazzy/install/ament_xmllint:/home/siny/ros2_jazzy/install/ament_pyflakes:/home/siny/ros2_jazzy/install/ament_pycodestyle:/home/siny/ros2_jazzy/install/ament_pep257:/home/siny/ros2_jazzy/install/ament_pclint:/home/siny/ros2_jazzy/install/ament_package:/home/siny/ros2_jazzy/install/ament_mypy:/home/siny/ros2_jazzy/install/ament_lint_cmake:/home/siny/ros2_jazzy/install/ament_flake8:/home/siny/ros2_jazzy/install/ament_copyright:/home/siny/ros2_jazzy/install/ament_lint:/home/siny/ros2_jazzy/install/ament_index_python:/home/siny/ros2_jazzy/install/ament_cpplint:/home/siny/ros2_jazzy/install/ament_cppcheck:/home/siny/ros2_jazzy/install/ament_clang_tidy:/home/siny/ros2_jazzy/install/ament_clang_format DEBUGINFOD_URLS=https://debuginfod.ubuntu.com /usr/bin/cmake --install /home/siny/hydra_ws/build/config_utilities
