[0.025s] Invoking command in '/home/siny/hydra_ws/build/spatial_hash': CMAKE_PREFIX_PATH=${CMAKE_PREFIX_PATH}:/opt/ros/jazzy:/home/siny/ros2_jazzy/install/ament_uncrustify:/home/siny/ros2_jazzy/install/tracetools_trace:/home/siny/ros2_jazzy/install/tracetools_read:/home/siny/ros2_jazzy/install/rpyutils:/home/siny/ros2_jazzy/install/rosidl_pycommon:/home/siny/ros2_jazzy/install/rosidl_cli:/home/siny/ros2_jazzy/install/launch_pytest:/home/siny/ros2_jazzy/install/launch_testing:/home/siny/ros2_jazzy/install/launch_yaml:/home/siny/ros2_jazzy/install/launch_xml:/home/siny/ros2_jazzy/install/launch:/home/siny/ros2_jazzy/install/osrf_pycommon:/home/siny/ros2_jazzy/install/domain_coordinator:/home/siny/ros2_jazzy/install/ament_xmllint:/home/siny/ros2_jazzy/install/ament_pyflakes:/home/siny/ros2_jazzy/install/ament_pycodestyle:/home/siny/ros2_jazzy/install/ament_pep257:/home/siny/ros2_jazzy/install/ament_pclint:/home/siny/ros2_jazzy/install/ament_package:/home/siny/ros2_jazzy/install/ament_mypy:/home/siny/ros2_jazzy/install/ament_lint_cmake:/home/siny/ros2_jazzy/install/ament_flake8:/home/siny/ros2_jazzy/install/ament_copyright:/home/siny/ros2_jazzy/install/ament_lint:/home/siny/ros2_jazzy/install/ament_index_python:/home/siny/ros2_jazzy/install/ament_cpplint:/home/siny/ros2_jazzy/install/ament_cppcheck:/home/siny/ros2_jazzy/install/ament_clang_tidy:/home/siny/ros2_jazzy/install/ament_clang_format DEBUGINFOD_URLS=https://debuginfod.ubuntu.com /usr/bin/cmake --build /home/siny/hydra_ws/build/spatial_hash -- -j20 -l20
[0.072s] [ 28%] Built target spatial_hash
[0.138s] [100%] Built target utest_spatial_hash
[0.174s] Invoked command in '/home/siny/hydra_ws/build/spatial_hash' returned '0': CMAKE_PREFIX_PATH=${CMAKE_PREFIX_PATH}:/opt/ros/jazzy:/home/siny/ros2_jazzy/install/ament_uncrustify:/home/siny/ros2_jazzy/install/tracetools_trace:/home/siny/ros2_jazzy/install/tracetools_read:/home/siny/ros2_jazzy/install/rpyutils:/home/siny/ros2_jazzy/install/rosidl_pycommon:/home/siny/ros2_jazzy/install/rosidl_cli:/home/siny/ros2_jazzy/install/launch_pytest:/home/siny/ros2_jazzy/install/launch_testing:/home/siny/ros2_jazzy/install/launch_yaml:/home/siny/ros2_jazzy/install/launch_xml:/home/siny/ros2_jazzy/install/launch:/home/siny/ros2_jazzy/install/osrf_pycommon:/home/siny/ros2_jazzy/install/domain_coordinator:/home/siny/ros2_jazzy/install/ament_xmllint:/home/siny/ros2_jazzy/install/ament_pyflakes:/home/siny/ros2_jazzy/install/ament_pycodestyle:/home/siny/ros2_jazzy/install/ament_pep257:/home/siny/ros2_jazzy/install/ament_pclint:/home/siny/ros2_jazzy/install/ament_package:/home/siny/ros2_jazzy/install/ament_mypy:/home/siny/ros2_jazzy/install/ament_lint_cmake:/home/siny/ros2_jazzy/install/ament_flake8:/home/siny/ros2_jazzy/install/ament_copyright:/home/siny/ros2_jazzy/install/ament_lint:/home/siny/ros2_jazzy/install/ament_index_python:/home/siny/ros2_jazzy/install/ament_cpplint:/home/siny/ros2_jazzy/install/ament_cppcheck:/home/siny/ros2_jazzy/install/ament_clang_tidy:/home/siny/ros2_jazzy/install/ament_clang_format DEBUGINFOD_URLS=https://debuginfod.ubuntu.com /usr/bin/cmake --build /home/siny/hydra_ws/build/spatial_hash -- -j20 -l20
[0.176s] Invoking command in '/home/siny/hydra_ws/build/spatial_hash': CMAKE_PREFIX_PATH=${CMAKE_PREFIX_PATH}:/opt/ros/jazzy:/home/siny/ros2_jazzy/install/ament_uncrustify:/home/siny/ros2_jazzy/install/tracetools_trace:/home/siny/ros2_jazzy/install/tracetools_read:/home/siny/ros2_jazzy/install/rpyutils:/home/siny/ros2_jazzy/install/rosidl_pycommon:/home/siny/ros2_jazzy/install/rosidl_cli:/home/siny/ros2_jazzy/install/launch_pytest:/home/siny/ros2_jazzy/install/launch_testing:/home/siny/ros2_jazzy/install/launch_yaml:/home/siny/ros2_jazzy/install/launch_xml:/home/siny/ros2_jazzy/install/launch:/home/siny/ros2_jazzy/install/osrf_pycommon:/home/siny/ros2_jazzy/install/domain_coordinator:/home/siny/ros2_jazzy/install/ament_xmllint:/home/siny/ros2_jazzy/install/ament_pyflakes:/home/siny/ros2_jazzy/install/ament_pycodestyle:/home/siny/ros2_jazzy/install/ament_pep257:/home/siny/ros2_jazzy/install/ament_pclint:/home/siny/ros2_jazzy/install/ament_package:/home/siny/ros2_jazzy/install/ament_mypy:/home/siny/ros2_jazzy/install/ament_lint_cmake:/home/siny/ros2_jazzy/install/ament_flake8:/home/siny/ros2_jazzy/install/ament_copyright:/home/siny/ros2_jazzy/install/ament_lint:/home/siny/ros2_jazzy/install/ament_index_python:/home/siny/ros2_jazzy/install/ament_cpplint:/home/siny/ros2_jazzy/install/ament_cppcheck:/home/siny/ros2_jazzy/install/ament_clang_tidy:/home/siny/ros2_jazzy/install/ament_clang_format DEBUGINFOD_URLS=https://debuginfod.ubuntu.com /usr/bin/cmake --install /home/siny/hydra_ws/build/spatial_hash
[0.191s] -- Install configuration: "Release"
[0.191s] -- Up-to-date: /home/siny/hydra_ws/install/spatial_hash/lib/libspatial_hash.a
[0.191s] -- Up-to-date: /home/siny/hydra_ws/install/spatial_hash/include
[0.191s] -- Up-to-date: /home/siny/hydra_ws/install/spatial_hash/include/spatial_hash
[0.191s] -- Up-to-date: /home/siny/hydra_ws/install/spatial_hash/include/spatial_hash/neighbor_utils.h
[0.191s] -- Up-to-date: /home/siny/hydra_ws/install/spatial_hash/include/spatial_hash/voxel_layer.h
[0.192s] -- Up-to-date: /home/siny/hydra_ws/install/spatial_hash/include/spatial_hash/layer.h
[0.192s] -- Up-to-date: /home/siny/hydra_ws/install/spatial_hash/include/spatial_hash/hash.h
[0.192s] -- Up-to-date: /home/siny/hydra_ws/install/spatial_hash/include/spatial_hash/voxel_block.h
[0.192s] -- Up-to-date: /home/siny/hydra_ws/install/spatial_hash/include/spatial_hash/impl
[0.192s] -- Up-to-date: /home/siny/hydra_ws/install/spatial_hash/include/spatial_hash/impl/block_layer_impl.h
[0.192s] -- Up-to-date: /home/siny/hydra_ws/install/spatial_hash/include/spatial_hash/impl/neighbor_utils_impl.h
[0.192s] -- Up-to-date: /home/siny/hydra_ws/install/spatial_hash/include/spatial_hash/impl/voxel_block_impl.h
[0.192s] -- Up-to-date: /home/siny/hydra_ws/install/spatial_hash/include/spatial_hash/impl/voxel_layer_impl.h
[0.192s] -- Up-to-date: /home/siny/hydra_ws/install/spatial_hash/include/spatial_hash/impl/layer_impl.h
[0.192s] -- Up-to-date: /home/siny/hydra_ws/install/spatial_hash/include/spatial_hash/types.h
[0.192s] -- Up-to-date: /home/siny/hydra_ws/install/spatial_hash/include/spatial_hash/block.h
[0.192s] -- Up-to-date: /home/siny/hydra_ws/install/spatial_hash/include/spatial_hash/grid.h
[0.192s] -- Up-to-date: /home/siny/hydra_ws/install/spatial_hash/include/spatial_hash/block_layer.h
[0.192s] -- Up-to-date: /home/siny/hydra_ws/install/spatial_hash/lib/cmake/spatial_hash/spatial_hashTargets.cmake
[0.192s] -- Up-to-date: /home/siny/hydra_ws/install/spatial_hash/lib/cmake/spatial_hash/spatial_hashTargets-release.cmake
[0.193s] -- Up-to-date: /home/siny/hydra_ws/install/spatial_hash/lib/cmake/spatial_hash/spatial_hashConfig.cmake
[0.193s] -- Up-to-date: /home/siny/hydra_ws/install/spatial_hash/lib/cmake/spatial_hash/spatial_hashConfigVersion.cmake
[0.210s] Invoked command in '/home/siny/hydra_ws/build/spatial_hash' returned '0': CMAKE_PREFIX_PATH=${CMAKE_PREFIX_PATH}:/opt/ros/jazzy:/home/siny/ros2_jazzy/install/ament_uncrustify:/home/siny/ros2_jazzy/install/tracetools_trace:/home/siny/ros2_jazzy/install/tracetools_read:/home/siny/ros2_jazzy/install/rpyutils:/home/siny/ros2_jazzy/install/rosidl_pycommon:/home/siny/ros2_jazzy/install/rosidl_cli:/home/siny/ros2_jazzy/install/launch_pytest:/home/siny/ros2_jazzy/install/launch_testing:/home/siny/ros2_jazzy/install/launch_yaml:/home/siny/ros2_jazzy/install/launch_xml:/home/siny/ros2_jazzy/install/launch:/home/siny/ros2_jazzy/install/osrf_pycommon:/home/siny/ros2_jazzy/install/domain_coordinator:/home/siny/ros2_jazzy/install/ament_xmllint:/home/siny/ros2_jazzy/install/ament_pyflakes:/home/siny/ros2_jazzy/install/ament_pycodestyle:/home/siny/ros2_jazzy/install/ament_pep257:/home/siny/ros2_jazzy/install/ament_pclint:/home/siny/ros2_jazzy/install/ament_package:/home/siny/ros2_jazzy/install/ament_mypy:/home/siny/ros2_jazzy/install/ament_lint_cmake:/home/siny/ros2_jazzy/install/ament_flake8:/home/siny/ros2_jazzy/install/ament_copyright:/home/siny/ros2_jazzy/install/ament_lint:/home/siny/ros2_jazzy/install/ament_index_python:/home/siny/ros2_jazzy/install/ament_cpplint:/home/siny/ros2_jazzy/install/ament_cppcheck:/home/siny/ros2_jazzy/install/ament_clang_tidy:/home/siny/ros2_jazzy/install/ament_clang_format DEBUGINFOD_URLS=https://debuginfod.ubuntu.com /usr/bin/cmake --install /home/siny/hydra_ws/build/spatial_hash
