[0.019s] Invoking command in '/home/siny/hydra_ws/build/kimera_pgmo_msgs': CMAKE_PREFIX_PATH=${CMAKE_PREFIX_PATH}:/opt/ros/jazzy:/home/siny/ros2_jazzy/install/ament_uncrustify:/home/siny/ros2_jazzy/install/tracetools_trace:/home/siny/ros2_jazzy/install/tracetools_read:/home/siny/ros2_jazzy/install/rpyutils:/home/siny/ros2_jazzy/install/rosidl_pycommon:/home/siny/ros2_jazzy/install/rosidl_cli:/home/siny/ros2_jazzy/install/launch_pytest:/home/siny/ros2_jazzy/install/launch_testing:/home/siny/ros2_jazzy/install/launch_yaml:/home/siny/ros2_jazzy/install/launch_xml:/home/siny/ros2_jazzy/install/launch:/home/siny/ros2_jazzy/install/osrf_pycommon:/home/siny/ros2_jazzy/install/domain_coordinator:/home/siny/ros2_jazzy/install/ament_xmllint:/home/siny/ros2_jazzy/install/ament_pyflakes:/home/siny/ros2_jazzy/install/ament_pycodestyle:/home/siny/ros2_jazzy/install/ament_pep257:/home/siny/ros2_jazzy/install/ament_pclint:/home/siny/ros2_jazzy/install/ament_package:/home/siny/ros2_jazzy/install/ament_mypy:/home/siny/ros2_jazzy/install/ament_lint_cmake:/home/siny/ros2_jazzy/install/ament_flake8:/home/siny/ros2_jazzy/install/ament_copyright:/home/siny/ros2_jazzy/install/ament_lint:/home/siny/ros2_jazzy/install/ament_index_python:/home/siny/ros2_jazzy/install/ament_cpplint:/home/siny/ros2_jazzy/install/ament_cppcheck:/home/siny/ros2_jazzy/install/ament_clang_tidy:/home/siny/ros2_jazzy/install/ament_clang_format DEBUGINFOD_URLS=https://debuginfod.ubuntu.com /usr/bin/cmake /home/siny/hydra_ws/src/kimera_pgmo/kimera_pgmo_msgs -DCMAKE_BUILD_TYPE=Release -DCMAKE_INSTALL_PREFIX=/home/siny/hydra_ws/install/kimera_pgmo_msgs
[0.061s] -- The C compiler identification is GNU 13.3.0
[0.095s] -- The CXX compiler identification is GNU 13.3.0
[0.111s] -- Detecting C compiler ABI info
[0.181s] -- Detecting C compiler ABI info - done
[0.185s] -- Check for working C compiler: /usr/bin/cc - skipped
[0.185s] -- Detecting C compile features
[0.185s] -- Detecting C compile features - done
[0.194s] -- Detecting CXX compiler ABI info
[0.269s] -- Detecting CXX compiler ABI info - done
[0.274s] -- Check for working CXX compiler: /usr/bin/c++ - skipped
[0.274s] -- Detecting CXX compile features
[0.274s] -- Detecting CXX compile features - done
[0.275s] -- Found ament_cmake: 2.5.4 (/opt/ros/jazzy/share/ament_cmake/cmake)
[0.416s] -- Found Python3: /usr/bin/python3 (found version "3.12.3") found components: Interpreter 
[0.479s] -- Found builtin_interfaces: 2.0.3 (/opt/ros/jazzy/share/builtin_interfaces/cmake)
[0.525s] -- Found rosidl_generator_c: 4.6.6 (/opt/ros/jazzy/share/rosidl_generator_c/cmake)
[0.546s] -- Found rosidl_generator_cpp: 4.6.6 (/opt/ros/jazzy/share/rosidl_generator_cpp/cmake)
[0.587s] -- Using all available rosidl_typesupport_c: rosidl_typesupport_fastrtps_c;rosidl_typesupport_introspection_c
[0.631s] -- Using all available rosidl_typesupport_cpp: rosidl_typesupport_fastrtps_cpp;rosidl_typesupport_introspection_cpp
[0.678s] -- Found rosidl_default_generators: 1.6.0 (/opt/ros/jazzy/share/rosidl_default_generators/cmake)
[0.735s] -- Found rosidl_adapter: 4.6.6 (/opt/ros/jazzy/share/rosidl_adapter/cmake)
[0.737s] -- Found geometry_msgs: 5.3.6 (/opt/ros/jazzy/share/geometry_msgs/cmake)
[2.196s] -- Found ament_cmake_ros: 0.12.0 (/opt/ros/jazzy/share/ament_cmake_ros/cmake)
[5.109s] -- Using all available rosidl_typesupport_c: rosidl_typesupport_fastrtps_c;rosidl_typesupport_introspection_c
[6.185s] -- Using all available rosidl_typesupport_cpp: rosidl_typesupport_fastrtps_cpp;rosidl_typesupport_introspection_cpp
[6.194s] -- Found python_cmake_module: 0.11.1 (/opt/ros/jazzy/share/python_cmake_module/cmake)
[6.702s] -- Found PythonExtra: /usr/bin/python3  
[8.110s] -- Found Python3: /usr/bin/python3 (found version "3.12.3") found components: Interpreter Development NumPy Development.Module Development.Embed 
[8.326s] -- Configuring done (8.3s)
[8.497s] -- Generating done (0.1s)
[8.541s] -- Build files have been written to: /home/siny/hydra_ws/build/kimera_pgmo_msgs
[8.598s] Invoked command in '/home/siny/hydra_ws/build/kimera_pgmo_msgs' returned '0': CMAKE_PREFIX_PATH=${CMAKE_PREFIX_PATH}:/opt/ros/jazzy:/home/siny/ros2_jazzy/install/ament_uncrustify:/home/siny/ros2_jazzy/install/tracetools_trace:/home/siny/ros2_jazzy/install/tracetools_read:/home/siny/ros2_jazzy/install/rpyutils:/home/siny/ros2_jazzy/install/rosidl_pycommon:/home/siny/ros2_jazzy/install/rosidl_cli:/home/siny/ros2_jazzy/install/launch_pytest:/home/siny/ros2_jazzy/install/launch_testing:/home/siny/ros2_jazzy/install/launch_yaml:/home/siny/ros2_jazzy/install/launch_xml:/home/siny/ros2_jazzy/install/launch:/home/siny/ros2_jazzy/install/osrf_pycommon:/home/siny/ros2_jazzy/install/domain_coordinator:/home/siny/ros2_jazzy/install/ament_xmllint:/home/siny/ros2_jazzy/install/ament_pyflakes:/home/siny/ros2_jazzy/install/ament_pycodestyle:/home/siny/ros2_jazzy/install/ament_pep257:/home/siny/ros2_jazzy/install/ament_pclint:/home/siny/ros2_jazzy/install/ament_package:/home/siny/ros2_jazzy/install/ament_mypy:/home/siny/ros2_jazzy/install/ament_lint_cmake:/home/siny/ros2_jazzy/install/ament_flake8:/home/siny/ros2_jazzy/install/ament_copyright:/home/siny/ros2_jazzy/install/ament_lint:/home/siny/ros2_jazzy/install/ament_index_python:/home/siny/ros2_jazzy/install/ament_cpplint:/home/siny/ros2_jazzy/install/ament_cppcheck:/home/siny/ros2_jazzy/install/ament_clang_tidy:/home/siny/ros2_jazzy/install/ament_clang_format DEBUGINFOD_URLS=https://debuginfod.ubuntu.com /usr/bin/cmake /home/siny/hydra_ws/src/kimera_pgmo/kimera_pgmo_msgs -DCMAKE_BUILD_TYPE=Release -DCMAKE_INSTALL_PREFIX=/home/siny/hydra_ws/install/kimera_pgmo_msgs
[8.604s] Invoking command in '/home/siny/hydra_ws/build/kimera_pgmo_msgs': CMAKE_PREFIX_PATH=${CMAKE_PREFIX_PATH}:/opt/ros/jazzy:/home/siny/ros2_jazzy/install/ament_uncrustify:/home/siny/ros2_jazzy/install/tracetools_trace:/home/siny/ros2_jazzy/install/tracetools_read:/home/siny/ros2_jazzy/install/rpyutils:/home/siny/ros2_jazzy/install/rosidl_pycommon:/home/siny/ros2_jazzy/install/rosidl_cli:/home/siny/ros2_jazzy/install/launch_pytest:/home/siny/ros2_jazzy/install/launch_testing:/home/siny/ros2_jazzy/install/launch_yaml:/home/siny/ros2_jazzy/install/launch_xml:/home/siny/ros2_jazzy/install/launch:/home/siny/ros2_jazzy/install/osrf_pycommon:/home/siny/ros2_jazzy/install/domain_coordinator:/home/siny/ros2_jazzy/install/ament_xmllint:/home/siny/ros2_jazzy/install/ament_pyflakes:/home/siny/ros2_jazzy/install/ament_pycodestyle:/home/siny/ros2_jazzy/install/ament_pep257:/home/siny/ros2_jazzy/install/ament_pclint:/home/siny/ros2_jazzy/install/ament_package:/home/siny/ros2_jazzy/install/ament_mypy:/home/siny/ros2_jazzy/install/ament_lint_cmake:/home/siny/ros2_jazzy/install/ament_flake8:/home/siny/ros2_jazzy/install/ament_copyright:/home/siny/ros2_jazzy/install/ament_lint:/home/siny/ros2_jazzy/install/ament_index_python:/home/siny/ros2_jazzy/install/ament_cpplint:/home/siny/ros2_jazzy/install/ament_cppcheck:/home/siny/ros2_jazzy/install/ament_clang_tidy:/home/siny/ros2_jazzy/install/ament_clang_format DEBUGINFOD_URLS=https://debuginfod.ubuntu.com /usr/bin/cmake --build /home/siny/hydra_ws/build/kimera_pgmo_msgs -- -j20 -l20
[8.761s] [  1%] [34m[1mGenerating type hashes for ROS interfaces[0m
[8.789s] [  1%] Built target ament_cmake_python_copy_kimera_pgmo_msgs
[9.285s] running egg_info
[9.285s] creating kimera_pgmo_msgs.egg-info
[9.310s] writing kimera_pgmo_msgs.egg-info/PKG-INFO
[9.318s] writing dependency_links to kimera_pgmo_msgs.egg-info/dependency_links.txt
[9.318s] writing top-level names to kimera_pgmo_msgs.egg-info/top_level.txt
[9.318s] writing manifest file 'kimera_pgmo_msgs.egg-info/SOURCES.txt'
[9.353s] [  1%] Built target kimera_pgmo_msgs__rosidl_generator_type_description
[9.388s] [  2%] [34m[1mGenerating C code for ROS interfaces[0m
[9.402s] [  3%] [34m[1mGenerating C++ code for ROS interfaces[0m
[9.409s] reading manifest file 'kimera_pgmo_msgs.egg-info/SOURCES.txt'
[9.418s] writing manifest file 'kimera_pgmo_msgs.egg-info/SOURCES.txt'
[9.496s] [  3%] Built target ament_cmake_python_build_kimera_pgmo_msgs_egg
[10.310s] [  3%] Built target kimera_pgmo_msgs__cpp
[11.171s] [  4%] [32mBuilding C object CMakeFiles/kimera_pgmo_msgs__rosidl_generator_c.dir/rosidl_generator_c/kimera_pgmo_msgs/msg/detail/absolute_pose_stamped__description.c.o[0m
[11.177s] [  5%] [32mBuilding C object CMakeFiles/kimera_pgmo_msgs__rosidl_generator_c.dir/rosidl_generator_c/kimera_pgmo_msgs/msg/detail/mesh__type_support.c.o[0m
[11.178s] [  7%] [32mBuilding C object CMakeFiles/kimera_pgmo_msgs__rosidl_generator_c.dir/rosidl_generator_c/kimera_pgmo_msgs/msg/detail/mesh__description.c.o[0m
[11.180s] [  8%] [32mBuilding C object CMakeFiles/kimera_pgmo_msgs__rosidl_generator_c.dir/rosidl_generator_c/kimera_pgmo_msgs/msg/detail/mesh__functions.c.o[0m
[11.180s] [  9%] [32mBuilding C object CMakeFiles/kimera_pgmo_msgs__rosidl_generator_c.dir/rosidl_generator_c/kimera_pgmo_msgs/msg/detail/absolute_pose_stamped__functions.c.o[0m
[11.180s] [ 10%] [32mBuilding C object CMakeFiles/kimera_pgmo_msgs__rosidl_generator_c.dir/rosidl_generator_c/kimera_pgmo_msgs/msg/detail/mesh_delta__description.c.o[0m
[11.181s] [ 11%] [32mBuilding C object CMakeFiles/kimera_pgmo_msgs__rosidl_generator_c.dir/rosidl_generator_c/kimera_pgmo_msgs/msg/detail/absolute_pose_stamped__type_support.c.o[0m
[11.190s] [ 13%] [32mBuilding C object CMakeFiles/kimera_pgmo_msgs__rosidl_generator_c.dir/rosidl_generator_c/kimera_pgmo_msgs/msg/detail/mesh_delta__type_support.c.o[0m
[11.190s] [ 14%] [32mBuilding C object CMakeFiles/kimera_pgmo_msgs__rosidl_generator_c.dir/rosidl_generator_c/kimera_pgmo_msgs/msg/detail/mesh_delta__functions.c.o[0m
[11.205s] [ 15%] [32mBuilding C object CMakeFiles/kimera_pgmo_msgs__rosidl_generator_c.dir/rosidl_generator_c/kimera_pgmo_msgs/msg/detail/triangle_indices__functions.c.o[0m
[11.214s] [ 16%] [32mBuilding C object CMakeFiles/kimera_pgmo_msgs__rosidl_generator_c.dir/rosidl_generator_c/kimera_pgmo_msgs/msg/detail/triangle_indices__description.c.o[0m
[11.221s] [ 17%] [32mBuilding C object CMakeFiles/kimera_pgmo_msgs__rosidl_generator_c.dir/rosidl_generator_c/kimera_pgmo_msgs/msg/detail/triangle_indices__type_support.c.o[0m
[11.228s] [ 19%] [32mBuilding C object CMakeFiles/kimera_pgmo_msgs__rosidl_generator_c.dir/rosidl_generator_c/kimera_pgmo_msgs/srv/detail/load_graph_mesh__type_support.c.o[0m
[11.228s] [ 20%] [32mBuilding C object CMakeFiles/kimera_pgmo_msgs__rosidl_generator_c.dir/rosidl_generator_c/kimera_pgmo_msgs/srv/detail/mesh_delta_query__description.c.o[0m
[11.228s] [ 21%] [32mBuilding C object CMakeFiles/kimera_pgmo_msgs__rosidl_generator_c.dir/rosidl_generator_c/kimera_pgmo_msgs/srv/detail/load_graph_mesh__functions.c.o[0m
[11.229s] [ 22%] [32mBuilding C object CMakeFiles/kimera_pgmo_msgs__rosidl_generator_c.dir/rosidl_generator_c/kimera_pgmo_msgs/srv/detail/mesh_delta_query__type_support.c.o[0m
[11.233s] [ 23%] [32mBuilding C object CMakeFiles/kimera_pgmo_msgs__rosidl_generator_c.dir/rosidl_generator_c/kimera_pgmo_msgs/srv/detail/load_graph_mesh__description.c.o[0m
[11.247s] [ 25%] [32mBuilding C object CMakeFiles/kimera_pgmo_msgs__rosidl_generator_c.dir/rosidl_generator_c/kimera_pgmo_msgs/srv/detail/mesh_delta_query__functions.c.o[0m
[11.749s] [ 26%] [32m[1mLinking C shared library libkimera_pgmo_msgs__rosidl_generator_c.so[0m
[11.839s] [ 26%] Built target kimera_pgmo_msgs__rosidl_generator_c
[11.860s] [ 28%] [34m[1mGenerating C++ type support for eProsima Fast-RTPS[0m
[11.863s] [ 27%] [34m[1mGenerating C introspection for ROS interfaces[0m
[11.871s] [ 29%] [34m[1mGenerating C++ type support dispatch for ROS interfaces[0m
[11.873s] [ 30%] [34m[1mGenerating C type support dispatch for ROS interfaces[0m
[11.877s] [ 32%] [34m[1mGenerating C type support for eProsima Fast-RTPS[0m
[11.883s] [ 33%] [34m[1mGenerating C++ introspection for ROS interfaces[0m
[12.622s] [ 34%] [32mBuilding CXX object CMakeFiles/kimera_pgmo_msgs__rosidl_typesupport_introspection_cpp.dir/rosidl_typesupport_introspection_cpp/kimera_pgmo_msgs/srv/detail/mesh_delta_query__type_support.cpp.o[0m
[12.623s] [ 36%] [32mBuilding CXX object CMakeFiles/kimera_pgmo_msgs__rosidl_typesupport_introspection_cpp.dir/rosidl_typesupport_introspection_cpp/kimera_pgmo_msgs/msg/detail/mesh_delta__type_support.cpp.o[0m
[12.626s] [ 35%] [32mBuilding CXX object CMakeFiles/kimera_pgmo_msgs__rosidl_typesupport_introspection_cpp.dir/rosidl_typesupport_introspection_cpp/kimera_pgmo_msgs/msg/detail/absolute_pose_stamped__type_support.cpp.o[0m
[12.631s] [ 38%] [32mBuilding CXX object CMakeFiles/kimera_pgmo_msgs__rosidl_typesupport_introspection_cpp.dir/rosidl_typesupport_introspection_cpp/kimera_pgmo_msgs/msg/detail/mesh__type_support.cpp.o[0m
[12.631s] [ 39%] [32mBuilding CXX object CMakeFiles/kimera_pgmo_msgs__rosidl_typesupport_introspection_cpp.dir/rosidl_typesupport_introspection_cpp/kimera_pgmo_msgs/msg/detail/triangle_indices__type_support.cpp.o[0m
[12.632s] [ 40%] [32mBuilding CXX object CMakeFiles/kimera_pgmo_msgs__rosidl_typesupport_introspection_cpp.dir/rosidl_typesupport_introspection_cpp/kimera_pgmo_msgs/srv/detail/load_graph_mesh__type_support.cpp.o[0m
[12.921s] [ 41%] [32mBuilding CXX object CMakeFiles/kimera_pgmo_msgs__rosidl_typesupport_c.dir/rosidl_typesupport_c/kimera_pgmo_msgs/msg/absolute_pose_stamped__type_support.cpp.o[0m
[12.933s] [ 42%] [32mBuilding CXX object CMakeFiles/kimera_pgmo_msgs__rosidl_typesupport_c.dir/rosidl_typesupport_c/kimera_pgmo_msgs/msg/mesh__type_support.cpp.o[0m
[12.935s] [ 44%] [32mBuilding CXX object CMakeFiles/kimera_pgmo_msgs__rosidl_typesupport_c.dir/rosidl_typesupport_c/kimera_pgmo_msgs/msg/triangle_indices__type_support.cpp.o[0m
[12.937s] [ 45%] [32mBuilding CXX object CMakeFiles/kimera_pgmo_msgs__rosidl_typesupport_c.dir/rosidl_typesupport_c/kimera_pgmo_msgs/msg/mesh_delta__type_support.cpp.o[0m
[12.943s] [ 46%] [32mBuilding CXX object CMakeFiles/kimera_pgmo_msgs__rosidl_typesupport_c.dir/rosidl_typesupport_c/kimera_pgmo_msgs/srv/load_graph_mesh__type_support.cpp.o[0m
[12.964s] [ 47%] [32mBuilding CXX object CMakeFiles/kimera_pgmo_msgs__rosidl_typesupport_c.dir/rosidl_typesupport_c/kimera_pgmo_msgs/srv/mesh_delta_query__type_support.cpp.o[0m
[13.086s] [ 48%] [32mBuilding C object CMakeFiles/kimera_pgmo_msgs__rosidl_typesupport_introspection_c.dir/rosidl_typesupport_introspection_c/kimera_pgmo_msgs/msg/detail/absolute_pose_stamped__type_support.c.o[0m
[13.087s] [ 50%] [32m[1mLinking CXX shared library libkimera_pgmo_msgs__rosidl_typesupport_c.so[0m
[13.089s] [ 51%] [32mBuilding C object CMakeFiles/kimera_pgmo_msgs__rosidl_typesupport_introspection_c.dir/rosidl_typesupport_introspection_c/kimera_pgmo_msgs/msg/detail/mesh_delta__type_support.c.o[0m
[13.089s] [ 52%] [32mBuilding C object CMakeFiles/kimera_pgmo_msgs__rosidl_typesupport_introspection_c.dir/rosidl_typesupport_introspection_c/kimera_pgmo_msgs/msg/detail/mesh__type_support.c.o[0m
[13.099s] [ 53%] [32mBuilding C object CMakeFiles/kimera_pgmo_msgs__rosidl_typesupport_introspection_c.dir/rosidl_typesupport_introspection_c/kimera_pgmo_msgs/msg/detail/triangle_indices__type_support.c.o[0m
[13.099s] [ 54%] [32mBuilding CXX object CMakeFiles/kimera_pgmo_msgs__rosidl_typesupport_cpp.dir/rosidl_typesupport_cpp/kimera_pgmo_msgs/msg/mesh__type_support.cpp.o[0m
[13.103s] [ 55%] [32mBuilding CXX object CMakeFiles/kimera_pgmo_msgs__rosidl_typesupport_cpp.dir/rosidl_typesupport_cpp/kimera_pgmo_msgs/msg/absolute_pose_stamped__type_support.cpp.o[0m
[13.109s] [ 57%] [32mBuilding C object CMakeFiles/kimera_pgmo_msgs__rosidl_typesupport_introspection_c.dir/rosidl_typesupport_introspection_c/kimera_pgmo_msgs/srv/detail/mesh_delta_query__type_support.c.o[0m
[13.112s] [ 58%] [32mBuilding CXX object CMakeFiles/kimera_pgmo_msgs__rosidl_typesupport_cpp.dir/rosidl_typesupport_cpp/kimera_pgmo_msgs/msg/triangle_indices__type_support.cpp.o[0m
[13.127s] [ 59%] [32mBuilding CXX object CMakeFiles/kimera_pgmo_msgs__rosidl_typesupport_cpp.dir/rosidl_typesupport_cpp/kimera_pgmo_msgs/msg/mesh_delta__type_support.cpp.o[0m
[13.127s] [ 60%] [32mBuilding C object CMakeFiles/kimera_pgmo_msgs__rosidl_typesupport_introspection_c.dir/rosidl_typesupport_introspection_c/kimera_pgmo_msgs/srv/detail/load_graph_mesh__type_support.c.o[0m
[13.128s] [ 61%] [32mBuilding CXX object CMakeFiles/kimera_pgmo_msgs__rosidl_typesupport_cpp.dir/rosidl_typesupport_cpp/kimera_pgmo_msgs/srv/load_graph_mesh__type_support.cpp.o[0m
[13.211s] [ 63%] [32mBuilding CXX object CMakeFiles/kimera_pgmo_msgs__rosidl_typesupport_cpp.dir/rosidl_typesupport_cpp/kimera_pgmo_msgs/srv/mesh_delta_query__type_support.cpp.o[0m
[13.242s] [ 63%] Built target kimera_pgmo_msgs__rosidl_typesupport_c
[13.477s] [ 64%] [32m[1mLinking C shared library libkimera_pgmo_msgs__rosidl_typesupport_introspection_c.so[0m
[13.544s] [ 65%] [32mBuilding CXX object CMakeFiles/kimera_pgmo_msgs__rosidl_typesupport_fastrtps_c.dir/rosidl_typesupport_fastrtps_c/kimera_pgmo_msgs/msg/detail/mesh__type_support_c.cpp.o[0m
[13.546s] [ 66%] [32mBuilding CXX object CMakeFiles/kimera_pgmo_msgs__rosidl_typesupport_fastrtps_c.dir/rosidl_typesupport_fastrtps_c/kimera_pgmo_msgs/msg/detail/absolute_pose_stamped__type_support_c.cpp.o[0m
[13.555s] [ 67%] [32mBuilding CXX object CMakeFiles/kimera_pgmo_msgs__rosidl_typesupport_fastrtps_c.dir/rosidl_typesupport_fastrtps_c/kimera_pgmo_msgs/srv/detail/load_graph_mesh__type_support_c.cpp.o[0m
[13.560s] [ 69%] [32mBuilding CXX object CMakeFiles/kimera_pgmo_msgs__rosidl_typesupport_fastrtps_c.dir/rosidl_typesupport_fastrtps_c/kimera_pgmo_msgs/srv/detail/mesh_delta_query__type_support_c.cpp.o[0m
[13.567s] [ 70%] [32mBuilding CXX object CMakeFiles/kimera_pgmo_msgs__rosidl_typesupport_fastrtps_c.dir/rosidl_typesupport_fastrtps_c/kimera_pgmo_msgs/msg/detail/triangle_indices__type_support_c.cpp.o[0m
[13.572s] [ 71%] [32mBuilding CXX object CMakeFiles/kimera_pgmo_msgs__rosidl_typesupport_fastrtps_c.dir/rosidl_typesupport_fastrtps_c/kimera_pgmo_msgs/msg/detail/mesh_delta__type_support_c.cpp.o[0m
[13.642s] [ 71%] Built target kimera_pgmo_msgs__rosidl_typesupport_introspection_c
[13.722s] [ 72%] [32mBuilding CXX object CMakeFiles/kimera_pgmo_msgs__rosidl_typesupport_fastrtps_cpp.dir/rosidl_typesupport_fastrtps_cpp/kimera_pgmo_msgs/msg/detail/dds_fastrtps/mesh__type_support.cpp.o[0m
[13.726s] [ 73%] [32mBuilding CXX object CMakeFiles/kimera_pgmo_msgs__rosidl_typesupport_fastrtps_cpp.dir/rosidl_typesupport_fastrtps_cpp/kimera_pgmo_msgs/msg/detail/dds_fastrtps/absolute_pose_stamped__type_support.cpp.o[0m
[13.728s] [ 75%] [32mBuilding CXX object CMakeFiles/kimera_pgmo_msgs__rosidl_typesupport_fastrtps_cpp.dir/rosidl_typesupport_fastrtps_cpp/kimera_pgmo_msgs/msg/detail/dds_fastrtps/mesh_delta__type_support.cpp.o[0m
[13.739s] [ 76%] [32mBuilding CXX object CMakeFiles/kimera_pgmo_msgs__rosidl_typesupport_fastrtps_cpp.dir/rosidl_typesupport_fastrtps_cpp/kimera_pgmo_msgs/msg/detail/dds_fastrtps/triangle_indices__type_support.cpp.o[0m
[13.887s] [ 77%] [32mBuilding CXX object CMakeFiles/kimera_pgmo_msgs__rosidl_typesupport_fastrtps_cpp.dir/rosidl_typesupport_fastrtps_cpp/kimera_pgmo_msgs/srv/detail/dds_fastrtps/load_graph_mesh__type_support.cpp.o[0m
[13.888s] [ 78%] [32mBuilding CXX object CMakeFiles/kimera_pgmo_msgs__rosidl_typesupport_fastrtps_cpp.dir/rosidl_typesupport_fastrtps_cpp/kimera_pgmo_msgs/srv/detail/dds_fastrtps/mesh_delta_query__type_support.cpp.o[0m
[14.811s] [ 79%] [32m[1mLinking CXX shared library libkimera_pgmo_msgs__rosidl_typesupport_cpp.so[0m
[14.922s] [ 79%] Built target kimera_pgmo_msgs__rosidl_typesupport_cpp
[14.965s] [ 80%] [32m[1mLinking CXX shared library libkimera_pgmo_msgs__rosidl_typesupport_introspection_cpp.so[0m
[15.092s] [ 80%] Built target kimera_pgmo_msgs__rosidl_typesupport_introspection_cpp
[15.190s] [ 82%] [32m[1mLinking CXX shared library libkimera_pgmo_msgs__rosidl_typesupport_fastrtps_c.so[0m
[15.327s] [ 82%] Built target kimera_pgmo_msgs__rosidl_typesupport_fastrtps_c
[15.846s] [ 83%] [32m[1mLinking CXX shared library libkimera_pgmo_msgs__rosidl_typesupport_fastrtps_cpp.so[0m
[16.083s] [ 83%] Built target kimera_pgmo_msgs__rosidl_typesupport_fastrtps_cpp
[16.129s] [ 83%] Built target kimera_pgmo_msgs
[16.157s] [ 84%] [34m[1mGenerating Python code for ROS interfaces[0m
[18.067s] [ 84%] Built target kimera_pgmo_msgs__py
[18.107s] [ 85%] [32mBuilding C object CMakeFiles/kimera_pgmo_msgs__rosidl_generator_py.dir/rosidl_generator_py/kimera_pgmo_msgs/msg/_absolute_pose_stamped_s.c.o[0m
[18.112s] [ 86%] [32mBuilding C object CMakeFiles/kimera_pgmo_msgs__rosidl_generator_py.dir/rosidl_generator_py/kimera_pgmo_msgs/msg/_mesh_s.c.o[0m
[18.112s] [ 88%] [32mBuilding C object CMakeFiles/kimera_pgmo_msgs__rosidl_generator_py.dir/rosidl_generator_py/kimera_pgmo_msgs/msg/_mesh_delta_s.c.o[0m
[18.121s] [ 89%] [32mBuilding C object CMakeFiles/kimera_pgmo_msgs__rosidl_generator_py.dir/rosidl_generator_py/kimera_pgmo_msgs/msg/_triangle_indices_s.c.o[0m
[18.127s] [ 90%] [32mBuilding C object CMakeFiles/kimera_pgmo_msgs__rosidl_generator_py.dir/rosidl_generator_py/kimera_pgmo_msgs/srv/_load_graph_mesh_s.c.o[0m
[18.131s] [ 91%] [32mBuilding C object CMakeFiles/kimera_pgmo_msgs__rosidl_generator_py.dir/rosidl_generator_py/kimera_pgmo_msgs/srv/_mesh_delta_query_s.c.o[0m
[18.867s] [ 92%] [32m[1mLinking C shared library libkimera_pgmo_msgs__rosidl_generator_py.so[0m
[18.961s] [ 92%] Built target kimera_pgmo_msgs__rosidl_generator_py
[19.006s] [ 94%] [32mBuilding C object CMakeFiles/kimera_pgmo_msgs_s__rosidl_typesupport_fastrtps_c.dir/rosidl_generator_py/kimera_pgmo_msgs/_kimera_pgmo_msgs_s.ep.rosidl_typesupport_fastrtps_c.c.o[0m
[19.010s] [ 95%] [32mBuilding C object CMakeFiles/kimera_pgmo_msgs_s__rosidl_typesupport_c.dir/rosidl_generator_py/kimera_pgmo_msgs/_kimera_pgmo_msgs_s.ep.rosidl_typesupport_c.c.o[0m
[19.010s] [ 96%] [32mBuilding C object CMakeFiles/kimera_pgmo_msgs_s__rosidl_typesupport_introspection_c.dir/rosidl_generator_py/kimera_pgmo_msgs/_kimera_pgmo_msgs_s.ep.rosidl_typesupport_introspection_c.c.o[0m
[19.288s] [ 97%] [32m[1mLinking C shared module rosidl_generator_py/kimera_pgmo_msgs/kimera_pgmo_msgs_s__rosidl_typesupport_fastrtps_c.so[0m
[19.312s] [ 98%] [32m[1mLinking C shared module rosidl_generator_py/kimera_pgmo_msgs/kimera_pgmo_msgs_s__rosidl_typesupport_c.so[0m
[19.366s] [ 98%] Built target kimera_pgmo_msgs_s__rosidl_typesupport_fastrtps_c
[19.372s] [ 98%] Built target kimera_pgmo_msgs_s__rosidl_typesupport_c
[19.789s] [100%] [32m[1mLinking C shared module rosidl_generator_py/kimera_pgmo_msgs/kimera_pgmo_msgs_s__rosidl_typesupport_introspection_c.so[0m
[19.890s] [100%] Built target kimera_pgmo_msgs_s__rosidl_typesupport_introspection_c
[19.919s] Invoked command in '/home/siny/hydra_ws/build/kimera_pgmo_msgs' returned '0': CMAKE_PREFIX_PATH=${CMAKE_PREFIX_PATH}:/opt/ros/jazzy:/home/siny/ros2_jazzy/install/ament_uncrustify:/home/siny/ros2_jazzy/install/tracetools_trace:/home/siny/ros2_jazzy/install/tracetools_read:/home/siny/ros2_jazzy/install/rpyutils:/home/siny/ros2_jazzy/install/rosidl_pycommon:/home/siny/ros2_jazzy/install/rosidl_cli:/home/siny/ros2_jazzy/install/launch_pytest:/home/siny/ros2_jazzy/install/launch_testing:/home/siny/ros2_jazzy/install/launch_yaml:/home/siny/ros2_jazzy/install/launch_xml:/home/siny/ros2_jazzy/install/launch:/home/siny/ros2_jazzy/install/osrf_pycommon:/home/siny/ros2_jazzy/install/domain_coordinator:/home/siny/ros2_jazzy/install/ament_xmllint:/home/siny/ros2_jazzy/install/ament_pyflakes:/home/siny/ros2_jazzy/install/ament_pycodestyle:/home/siny/ros2_jazzy/install/ament_pep257:/home/siny/ros2_jazzy/install/ament_pclint:/home/siny/ros2_jazzy/install/ament_package:/home/siny/ros2_jazzy/install/ament_mypy:/home/siny/ros2_jazzy/install/ament_lint_cmake:/home/siny/ros2_jazzy/install/ament_flake8:/home/siny/ros2_jazzy/install/ament_copyright:/home/siny/ros2_jazzy/install/ament_lint:/home/siny/ros2_jazzy/install/ament_index_python:/home/siny/ros2_jazzy/install/ament_cpplint:/home/siny/ros2_jazzy/install/ament_cppcheck:/home/siny/ros2_jazzy/install/ament_clang_tidy:/home/siny/ros2_jazzy/install/ament_clang_format DEBUGINFOD_URLS=https://debuginfod.ubuntu.com /usr/bin/cmake --build /home/siny/hydra_ws/build/kimera_pgmo_msgs -- -j20 -l20
[19.920s] Invoking command in '/home/siny/hydra_ws/build/kimera_pgmo_msgs': CMAKE_PREFIX_PATH=${CMAKE_PREFIX_PATH}:/opt/ros/jazzy:/home/siny/ros2_jazzy/install/ament_uncrustify:/home/siny/ros2_jazzy/install/tracetools_trace:/home/siny/ros2_jazzy/install/tracetools_read:/home/siny/ros2_jazzy/install/rpyutils:/home/siny/ros2_jazzy/install/rosidl_pycommon:/home/siny/ros2_jazzy/install/rosidl_cli:/home/siny/ros2_jazzy/install/launch_pytest:/home/siny/ros2_jazzy/install/launch_testing:/home/siny/ros2_jazzy/install/launch_yaml:/home/siny/ros2_jazzy/install/launch_xml:/home/siny/ros2_jazzy/install/launch:/home/siny/ros2_jazzy/install/osrf_pycommon:/home/siny/ros2_jazzy/install/domain_coordinator:/home/siny/ros2_jazzy/install/ament_xmllint:/home/siny/ros2_jazzy/install/ament_pyflakes:/home/siny/ros2_jazzy/install/ament_pycodestyle:/home/siny/ros2_jazzy/install/ament_pep257:/home/siny/ros2_jazzy/install/ament_pclint:/home/siny/ros2_jazzy/install/ament_package:/home/siny/ros2_jazzy/install/ament_mypy:/home/siny/ros2_jazzy/install/ament_lint_cmake:/home/siny/ros2_jazzy/install/ament_flake8:/home/siny/ros2_jazzy/install/ament_copyright:/home/siny/ros2_jazzy/install/ament_lint:/home/siny/ros2_jazzy/install/ament_index_python:/home/siny/ros2_jazzy/install/ament_cpplint:/home/siny/ros2_jazzy/install/ament_cppcheck:/home/siny/ros2_jazzy/install/ament_clang_tidy:/home/siny/ros2_jazzy/install/ament_clang_format DEBUGINFOD_URLS=https://debuginfod.ubuntu.com /usr/bin/cmake --install /home/siny/hydra_ws/build/kimera_pgmo_msgs
[19.952s] -- Install configuration: "Release"
[19.952s] -- Installing: /home/siny/hydra_ws/install/kimera_pgmo_msgs/share/ament_index/resource_index/rosidl_interfaces/kimera_pgmo_msgs
[19.952s] -- Installing: /home/siny/hydra_ws/install/kimera_pgmo_msgs/share/kimera_pgmo_msgs/msg/AbsolutePoseStamped.json
[19.952s] -- Installing: /home/siny/hydra_ws/install/kimera_pgmo_msgs/share/kimera_pgmo_msgs/msg/Mesh.json
[19.952s] -- Installing: /home/siny/hydra_ws/install/kimera_pgmo_msgs/share/kimera_pgmo_msgs/msg/MeshDelta.json
[19.952s] -- Installing: /home/siny/hydra_ws/install/kimera_pgmo_msgs/share/kimera_pgmo_msgs/msg/TriangleIndices.json
[19.952s] -- Installing: /home/siny/hydra_ws/install/kimera_pgmo_msgs/share/kimera_pgmo_msgs/srv/LoadGraphMesh.json
[19.958s] -- Installing: /home/siny/hydra_ws/install/kimera_pgmo_msgs/share/kimera_pgmo_msgs/srv/MeshDeltaQuery.json
[19.958s] -- Installing: /home/siny/hydra_ws/install/kimera_pgmo_msgs/include/kimera_pgmo_msgs/kimera_pgmo_msgs
[19.958s] -- Installing: /home/siny/hydra_ws/install/kimera_pgmo_msgs/include/kimera_pgmo_msgs/kimera_pgmo_msgs/srv
[19.958s] -- Installing: /home/siny/hydra_ws/install/kimera_pgmo_msgs/include/kimera_pgmo_msgs/kimera_pgmo_msgs/srv/load_graph_mesh.h
[19.958s] -- Installing: /home/siny/hydra_ws/install/kimera_pgmo_msgs/include/kimera_pgmo_msgs/kimera_pgmo_msgs/srv/detail
[19.958s] -- Installing: /home/siny/hydra_ws/install/kimera_pgmo_msgs/include/kimera_pgmo_msgs/kimera_pgmo_msgs/srv/detail/mesh_delta_query__type_support.c
[19.958s] -- Installing: /home/siny/hydra_ws/install/kimera_pgmo_msgs/include/kimera_pgmo_msgs/kimera_pgmo_msgs/srv/detail/load_graph_mesh__description.c
[19.958s] -- Installing: /home/siny/hydra_ws/install/kimera_pgmo_msgs/include/kimera_pgmo_msgs/kimera_pgmo_msgs/srv/detail/load_graph_mesh__functions.c
[19.958s] -- Installing: /home/siny/hydra_ws/install/kimera_pgmo_msgs/include/kimera_pgmo_msgs/kimera_pgmo_msgs/srv/detail/load_graph_mesh__functions.h
[19.958s] -- Installing: /home/siny/hydra_ws/install/kimera_pgmo_msgs/include/kimera_pgmo_msgs/kimera_pgmo_msgs/srv/detail/mesh_delta_query__description.c
[19.958s] -- Installing: /home/siny/hydra_ws/install/kimera_pgmo_msgs/include/kimera_pgmo_msgs/kimera_pgmo_msgs/srv/detail/load_graph_mesh__type_support.c
[19.959s] -- Installing: /home/siny/hydra_ws/install/kimera_pgmo_msgs/include/kimera_pgmo_msgs/kimera_pgmo_msgs/srv/detail/mesh_delta_query__type_support.h
[19.959s] -- Installing: /home/siny/hydra_ws/install/kimera_pgmo_msgs/include/kimera_pgmo_msgs/kimera_pgmo_msgs/srv/detail/mesh_delta_query__functions.c
[19.959s] -- Installing: /home/siny/hydra_ws/install/kimera_pgmo_msgs/include/kimera_pgmo_msgs/kimera_pgmo_msgs/srv/detail/mesh_delta_query__functions.h
[19.965s] -- Installing: /home/siny/hydra_ws/install/kimera_pgmo_msgs/include/kimera_pgmo_msgs/kimera_pgmo_msgs/srv/detail/mesh_delta_query__struct.h
[19.965s] -- Installing: /home/siny/hydra_ws/install/kimera_pgmo_msgs/include/kimera_pgmo_msgs/kimera_pgmo_msgs/srv/detail/load_graph_mesh__type_support.h
[19.965s] -- Installing: /home/siny/hydra_ws/install/kimera_pgmo_msgs/include/kimera_pgmo_msgs/kimera_pgmo_msgs/srv/detail/load_graph_mesh__struct.h
[19.965s] -- Installing: /home/siny/hydra_ws/install/kimera_pgmo_msgs/include/kimera_pgmo_msgs/kimera_pgmo_msgs/srv/mesh_delta_query.h
[19.965s] -- Installing: /home/siny/hydra_ws/install/kimera_pgmo_msgs/include/kimera_pgmo_msgs/kimera_pgmo_msgs/msg
[19.966s] -- Installing: /home/siny/hydra_ws/install/kimera_pgmo_msgs/include/kimera_pgmo_msgs/kimera_pgmo_msgs/msg/rosidl_generator_c__visibility_control.h
[19.966s] -- Installing: /home/siny/hydra_ws/install/kimera_pgmo_msgs/include/kimera_pgmo_msgs/kimera_pgmo_msgs/msg/absolute_pose_stamped.h
[19.966s] -- Installing: /home/siny/hydra_ws/install/kimera_pgmo_msgs/include/kimera_pgmo_msgs/kimera_pgmo_msgs/msg/mesh_delta.h
[19.966s] -- Installing: /home/siny/hydra_ws/install/kimera_pgmo_msgs/include/kimera_pgmo_msgs/kimera_pgmo_msgs/msg/triangle_indices.h
[19.966s] -- Installing: /home/siny/hydra_ws/install/kimera_pgmo_msgs/include/kimera_pgmo_msgs/kimera_pgmo_msgs/msg/mesh.h
[19.966s] -- Installing: /home/siny/hydra_ws/install/kimera_pgmo_msgs/include/kimera_pgmo_msgs/kimera_pgmo_msgs/msg/detail
[19.966s] -- Installing: /home/siny/hydra_ws/install/kimera_pgmo_msgs/include/kimera_pgmo_msgs/kimera_pgmo_msgs/msg/detail/absolute_pose_stamped__description.c
[19.966s] -- Installing: /home/siny/hydra_ws/install/kimera_pgmo_msgs/include/kimera_pgmo_msgs/kimera_pgmo_msgs/msg/detail/mesh__type_support.c
[19.966s] -- Installing: /home/siny/hydra_ws/install/kimera_pgmo_msgs/include/kimera_pgmo_msgs/kimera_pgmo_msgs/msg/detail/mesh_delta__description.c
[19.966s] -- Installing: /home/siny/hydra_ws/install/kimera_pgmo_msgs/include/kimera_pgmo_msgs/kimera_pgmo_msgs/msg/detail/mesh_delta__type_support.c
[19.966s] -- Installing: /home/siny/hydra_ws/install/kimera_pgmo_msgs/include/kimera_pgmo_msgs/kimera_pgmo_msgs/msg/detail/triangle_indices__functions.h
[19.966s] -- Installing: /home/siny/hydra_ws/install/kimera_pgmo_msgs/include/kimera_pgmo_msgs/kimera_pgmo_msgs/msg/detail/mesh_delta__functions.c
[19.966s] -- Installing: /home/siny/hydra_ws/install/kimera_pgmo_msgs/include/kimera_pgmo_msgs/kimera_pgmo_msgs/msg/detail/mesh__type_support.h
[19.966s] -- Installing: /home/siny/hydra_ws/install/kimera_pgmo_msgs/include/kimera_pgmo_msgs/kimera_pgmo_msgs/msg/detail/mesh__functions.h
[19.966s] -- Installing: /home/siny/hydra_ws/install/kimera_pgmo_msgs/include/kimera_pgmo_msgs/kimera_pgmo_msgs/msg/detail/absolute_pose_stamped__type_support.h
[19.966s] -- Installing: /home/siny/hydra_ws/install/kimera_pgmo_msgs/include/kimera_pgmo_msgs/kimera_pgmo_msgs/msg/detail/triangle_indices__type_support.h
[19.966s] -- Installing: /home/siny/hydra_ws/install/kimera_pgmo_msgs/include/kimera_pgmo_msgs/kimera_pgmo_msgs/msg/detail/mesh_delta__struct.h
[19.966s] -- Installing: /home/siny/hydra_ws/install/kimera_pgmo_msgs/include/kimera_pgmo_msgs/kimera_pgmo_msgs/msg/detail/mesh__struct.h
[19.966s] -- Installing: /home/siny/hydra_ws/install/kimera_pgmo_msgs/include/kimera_pgmo_msgs/kimera_pgmo_msgs/msg/detail/absolute_pose_stamped__type_support.c
[19.967s] -- Installing: /home/siny/hydra_ws/install/kimera_pgmo_msgs/include/kimera_pgmo_msgs/kimera_pgmo_msgs/msg/detail/absolute_pose_stamped__functions.c
[19.967s] -- Installing: /home/siny/hydra_ws/install/kimera_pgmo_msgs/include/kimera_pgmo_msgs/kimera_pgmo_msgs/msg/detail/absolute_pose_stamped__functions.h
[19.967s] -- Installing: /home/siny/hydra_ws/install/kimera_pgmo_msgs/include/kimera_pgmo_msgs/kimera_pgmo_msgs/msg/detail/triangle_indices__description.c
[19.967s] -- Installing: /home/siny/hydra_ws/install/kimera_pgmo_msgs/include/kimera_pgmo_msgs/kimera_pgmo_msgs/msg/detail/mesh_delta__type_support.h
[19.967s] -- Installing: /home/siny/hydra_ws/install/kimera_pgmo_msgs/include/kimera_pgmo_msgs/kimera_pgmo_msgs/msg/detail/triangle_indices__functions.c
[19.968s] -- Installing: /home/siny/hydra_ws/install/kimera_pgmo_msgs/include/kimera_pgmo_msgs/kimera_pgmo_msgs/msg/detail/triangle_indices__struct.h
[19.968s] -- Installing: /home/siny/hydra_ws/install/kimera_pgmo_msgs/include/kimera_pgmo_msgs/kimera_pgmo_msgs/msg/detail/triangle_indices__type_support.c
[19.968s] -- Installing: /home/siny/hydra_ws/install/kimera_pgmo_msgs/include/kimera_pgmo_msgs/kimera_pgmo_msgs/msg/detail/mesh__description.c
[19.968s] -- Installing: /home/siny/hydra_ws/install/kimera_pgmo_msgs/include/kimera_pgmo_msgs/kimera_pgmo_msgs/msg/detail/absolute_pose_stamped__struct.h
[19.968s] -- Installing: /home/siny/hydra_ws/install/kimera_pgmo_msgs/include/kimera_pgmo_msgs/kimera_pgmo_msgs/msg/detail/mesh_delta__functions.h
[19.974s] -- Installing: /home/siny/hydra_ws/install/kimera_pgmo_msgs/include/kimera_pgmo_msgs/kimera_pgmo_msgs/msg/detail/mesh__functions.c
[19.974s] -- Installing: /home/siny/hydra_ws/install/kimera_pgmo_msgs/share/kimera_pgmo_msgs/environment/library_path.sh
[19.976s] -- Installing: /home/siny/hydra_ws/install/kimera_pgmo_msgs/share/kimera_pgmo_msgs/environment/library_path.dsv
[19.976s] -- Installing: /home/siny/hydra_ws/install/kimera_pgmo_msgs/lib/libkimera_pgmo_msgs__rosidl_generator_c.so
[19.976s] -- Set non-toolchain portion of runtime path of "/home/siny/hydra_ws/install/kimera_pgmo_msgs/lib/libkimera_pgmo_msgs__rosidl_generator_c.so" to ""
[19.976s] -- Up-to-date: /home/siny/hydra_ws/install/kimera_pgmo_msgs/include/kimera_pgmo_msgs/kimera_pgmo_msgs
[19.976s] -- Up-to-date: /home/siny/hydra_ws/install/kimera_pgmo_msgs/include/kimera_pgmo_msgs/kimera_pgmo_msgs/srv
[19.976s] -- Up-to-date: /home/siny/hydra_ws/install/kimera_pgmo_msgs/include/kimera_pgmo_msgs/kimera_pgmo_msgs/srv/detail
[19.976s] -- Installing: /home/siny/hydra_ws/install/kimera_pgmo_msgs/include/kimera_pgmo_msgs/kimera_pgmo_msgs/srv/detail/load_graph_mesh__rosidl_typesupport_fastrtps_c.h
[19.976s] -- Installing: /home/siny/hydra_ws/install/kimera_pgmo_msgs/include/kimera_pgmo_msgs/kimera_pgmo_msgs/srv/detail/mesh_delta_query__rosidl_typesupport_fastrtps_c.h
[19.976s] -- Up-to-date: /home/siny/hydra_ws/install/kimera_pgmo_msgs/include/kimera_pgmo_msgs/kimera_pgmo_msgs/msg
[19.976s] -- Installing: /home/siny/hydra_ws/install/kimera_pgmo_msgs/include/kimera_pgmo_msgs/kimera_pgmo_msgs/msg/rosidl_typesupport_fastrtps_c__visibility_control.h
[19.976s] -- Up-to-date: /home/siny/hydra_ws/install/kimera_pgmo_msgs/include/kimera_pgmo_msgs/kimera_pgmo_msgs/msg/detail
[19.977s] -- Installing: /home/siny/hydra_ws/install/kimera_pgmo_msgs/include/kimera_pgmo_msgs/kimera_pgmo_msgs/msg/detail/mesh__rosidl_typesupport_fastrtps_c.h
[19.977s] -- Installing: /home/siny/hydra_ws/install/kimera_pgmo_msgs/include/kimera_pgmo_msgs/kimera_pgmo_msgs/msg/detail/absolute_pose_stamped__rosidl_typesupport_fastrtps_c.h
[19.977s] -- Installing: /home/siny/hydra_ws/install/kimera_pgmo_msgs/include/kimera_pgmo_msgs/kimera_pgmo_msgs/msg/detail/triangle_indices__rosidl_typesupport_fastrtps_c.h
[19.982s] -- Installing: /home/siny/hydra_ws/install/kimera_pgmo_msgs/include/kimera_pgmo_msgs/kimera_pgmo_msgs/msg/detail/mesh_delta__rosidl_typesupport_fastrtps_c.h
[19.982s] -- Installing: /home/siny/hydra_ws/install/kimera_pgmo_msgs/lib/libkimera_pgmo_msgs__rosidl_typesupport_fastrtps_c.so
[19.982s] -- Set non-toolchain portion of runtime path of "/home/siny/hydra_ws/install/kimera_pgmo_msgs/lib/libkimera_pgmo_msgs__rosidl_typesupport_fastrtps_c.so" to ""
[19.982s] -- Up-to-date: /home/siny/hydra_ws/install/kimera_pgmo_msgs/include/kimera_pgmo_msgs/kimera_pgmo_msgs
[19.982s] -- Up-to-date: /home/siny/hydra_ws/install/kimera_pgmo_msgs/include/kimera_pgmo_msgs/kimera_pgmo_msgs/srv
[19.982s] -- Installing: /home/siny/hydra_ws/install/kimera_pgmo_msgs/include/kimera_pgmo_msgs/kimera_pgmo_msgs/srv/load_graph_mesh.hpp
[19.982s] -- Installing: /home/siny/hydra_ws/install/kimera_pgmo_msgs/include/kimera_pgmo_msgs/kimera_pgmo_msgs/srv/mesh_delta_query.hpp
[19.982s] -- Up-to-date: /home/siny/hydra_ws/install/kimera_pgmo_msgs/include/kimera_pgmo_msgs/kimera_pgmo_msgs/srv/detail
[19.982s] -- Installing: /home/siny/hydra_ws/install/kimera_pgmo_msgs/include/kimera_pgmo_msgs/kimera_pgmo_msgs/srv/detail/load_graph_mesh__builder.hpp
[19.982s] -- Installing: /home/siny/hydra_ws/install/kimera_pgmo_msgs/include/kimera_pgmo_msgs/kimera_pgmo_msgs/srv/detail/load_graph_mesh__struct.hpp
[19.984s] -- Installing: /home/siny/hydra_ws/install/kimera_pgmo_msgs/include/kimera_pgmo_msgs/kimera_pgmo_msgs/srv/detail/mesh_delta_query__builder.hpp
[19.990s] -- Installing: /home/siny/hydra_ws/install/kimera_pgmo_msgs/include/kimera_pgmo_msgs/kimera_pgmo_msgs/srv/detail/load_graph_mesh__type_support.hpp
[19.990s] -- Installing: /home/siny/hydra_ws/install/kimera_pgmo_msgs/include/kimera_pgmo_msgs/kimera_pgmo_msgs/srv/detail/load_graph_mesh__traits.hpp
[19.990s] -- Installing: /home/siny/hydra_ws/install/kimera_pgmo_msgs/include/kimera_pgmo_msgs/kimera_pgmo_msgs/srv/detail/mesh_delta_query__traits.hpp
[19.990s] -- Installing: /home/siny/hydra_ws/install/kimera_pgmo_msgs/include/kimera_pgmo_msgs/kimera_pgmo_msgs/srv/detail/mesh_delta_query__struct.hpp
[19.990s] -- Installing: /home/siny/hydra_ws/install/kimera_pgmo_msgs/include/kimera_pgmo_msgs/kimera_pgmo_msgs/srv/detail/mesh_delta_query__type_support.hpp
[19.990s] -- Up-to-date: /home/siny/hydra_ws/install/kimera_pgmo_msgs/include/kimera_pgmo_msgs/kimera_pgmo_msgs/msg
[19.990s] -- Installing: /home/siny/hydra_ws/install/kimera_pgmo_msgs/include/kimera_pgmo_msgs/kimera_pgmo_msgs/msg/mesh.hpp
[19.991s] -- Installing: /home/siny/hydra_ws/install/kimera_pgmo_msgs/include/kimera_pgmo_msgs/kimera_pgmo_msgs/msg/mesh_delta.hpp
[19.991s] -- Up-to-date: /home/siny/hydra_ws/install/kimera_pgmo_msgs/include/kimera_pgmo_msgs/kimera_pgmo_msgs/msg/detail
[19.991s] -- Installing: /home/siny/hydra_ws/install/kimera_pgmo_msgs/include/kimera_pgmo_msgs/kimera_pgmo_msgs/msg/detail/absolute_pose_stamped__builder.hpp
[19.991s] -- Installing: /home/siny/hydra_ws/install/kimera_pgmo_msgs/include/kimera_pgmo_msgs/kimera_pgmo_msgs/msg/detail/mesh__traits.hpp
[19.991s] -- Installing: /home/siny/hydra_ws/install/kimera_pgmo_msgs/include/kimera_pgmo_msgs/kimera_pgmo_msgs/msg/detail/mesh_delta__struct.hpp
[19.991s] -- Installing: /home/siny/hydra_ws/install/kimera_pgmo_msgs/include/kimera_pgmo_msgs/kimera_pgmo_msgs/msg/detail/mesh__type_support.hpp
[19.991s] -- Installing: /home/siny/hydra_ws/install/kimera_pgmo_msgs/include/kimera_pgmo_msgs/kimera_pgmo_msgs/msg/detail/triangle_indices__traits.hpp
[19.991s] -- Installing: /home/siny/hydra_ws/install/kimera_pgmo_msgs/include/kimera_pgmo_msgs/kimera_pgmo_msgs/msg/detail/mesh_delta__type_support.hpp
[19.991s] -- Installing: /home/siny/hydra_ws/install/kimera_pgmo_msgs/include/kimera_pgmo_msgs/kimera_pgmo_msgs/msg/detail/mesh__struct.hpp
[19.991s] -- Installing: /home/siny/hydra_ws/install/kimera_pgmo_msgs/include/kimera_pgmo_msgs/kimera_pgmo_msgs/msg/detail/triangle_indices__type_support.hpp
[19.991s] -- Installing: /home/siny/hydra_ws/install/kimera_pgmo_msgs/include/kimera_pgmo_msgs/kimera_pgmo_msgs/msg/detail/mesh__builder.hpp
[19.991s] -- Installing: /home/siny/hydra_ws/install/kimera_pgmo_msgs/include/kimera_pgmo_msgs/kimera_pgmo_msgs/msg/detail/absolute_pose_stamped__type_support.hpp
[19.991s] -- Installing: /home/siny/hydra_ws/install/kimera_pgmo_msgs/include/kimera_pgmo_msgs/kimera_pgmo_msgs/msg/detail/mesh_delta__traits.hpp
[19.991s] -- Installing: /home/siny/hydra_ws/install/kimera_pgmo_msgs/include/kimera_pgmo_msgs/kimera_pgmo_msgs/msg/detail/absolute_pose_stamped__traits.hpp
[19.991s] -- Installing: /home/siny/hydra_ws/install/kimera_pgmo_msgs/include/kimera_pgmo_msgs/kimera_pgmo_msgs/msg/detail/triangle_indices__struct.hpp
[19.991s] -- Installing: /home/siny/hydra_ws/install/kimera_pgmo_msgs/include/kimera_pgmo_msgs/kimera_pgmo_msgs/msg/detail/triangle_indices__builder.hpp
[19.991s] -- Installing: /home/siny/hydra_ws/install/kimera_pgmo_msgs/include/kimera_pgmo_msgs/kimera_pgmo_msgs/msg/detail/absolute_pose_stamped__struct.hpp
[19.991s] -- Installing: /home/siny/hydra_ws/install/kimera_pgmo_msgs/include/kimera_pgmo_msgs/kimera_pgmo_msgs/msg/detail/mesh_delta__builder.hpp
[19.991s] -- Installing: /home/siny/hydra_ws/install/kimera_pgmo_msgs/include/kimera_pgmo_msgs/kimera_pgmo_msgs/msg/triangle_indices.hpp
[19.992s] -- Installing: /home/siny/hydra_ws/install/kimera_pgmo_msgs/include/kimera_pgmo_msgs/kimera_pgmo_msgs/msg/rosidl_generator_cpp__visibility_control.hpp
[19.992s] -- Installing: /home/siny/hydra_ws/install/kimera_pgmo_msgs/include/kimera_pgmo_msgs/kimera_pgmo_msgs/msg/absolute_pose_stamped.hpp
[19.992s] -- Up-to-date: /home/siny/hydra_ws/install/kimera_pgmo_msgs/include/kimera_pgmo_msgs/kimera_pgmo_msgs
[19.998s] -- Up-to-date: /home/siny/hydra_ws/install/kimera_pgmo_msgs/include/kimera_pgmo_msgs/kimera_pgmo_msgs/srv
[19.998s] -- Up-to-date: /home/siny/hydra_ws/install/kimera_pgmo_msgs/include/kimera_pgmo_msgs/kimera_pgmo_msgs/srv/detail
[19.998s] -- Installing: /home/siny/hydra_ws/install/kimera_pgmo_msgs/include/kimera_pgmo_msgs/kimera_pgmo_msgs/srv/detail/dds_fastrtps
[19.998s] -- Installing: /home/siny/hydra_ws/install/kimera_pgmo_msgs/include/kimera_pgmo_msgs/kimera_pgmo_msgs/srv/detail/load_graph_mesh__rosidl_typesupport_fastrtps_cpp.hpp
[19.998s] -- Installing: /home/siny/hydra_ws/install/kimera_pgmo_msgs/include/kimera_pgmo_msgs/kimera_pgmo_msgs/srv/detail/mesh_delta_query__rosidl_typesupport_fastrtps_cpp.hpp
[19.998s] -- Up-to-date: /home/siny/hydra_ws/install/kimera_pgmo_msgs/include/kimera_pgmo_msgs/kimera_pgmo_msgs/msg
[19.998s] -- Installing: /home/siny/hydra_ws/install/kimera_pgmo_msgs/include/kimera_pgmo_msgs/kimera_pgmo_msgs/msg/rosidl_typesupport_fastrtps_cpp__visibility_control.h
[19.998s] -- Up-to-date: /home/siny/hydra_ws/install/kimera_pgmo_msgs/include/kimera_pgmo_msgs/kimera_pgmo_msgs/msg/detail
[19.998s] -- Installing: /home/siny/hydra_ws/install/kimera_pgmo_msgs/include/kimera_pgmo_msgs/kimera_pgmo_msgs/msg/detail/absolute_pose_stamped__rosidl_typesupport_fastrtps_cpp.hpp
[19.998s] -- Installing: /home/siny/hydra_ws/install/kimera_pgmo_msgs/include/kimera_pgmo_msgs/kimera_pgmo_msgs/msg/detail/dds_fastrtps
[19.998s] -- Installing: /home/siny/hydra_ws/install/kimera_pgmo_msgs/include/kimera_pgmo_msgs/kimera_pgmo_msgs/msg/detail/mesh_delta__rosidl_typesupport_fastrtps_cpp.hpp
[19.999s] -- Installing: /home/siny/hydra_ws/install/kimera_pgmo_msgs/include/kimera_pgmo_msgs/kimera_pgmo_msgs/msg/detail/mesh__rosidl_typesupport_fastrtps_cpp.hpp
[19.999s] -- Installing: /home/siny/hydra_ws/install/kimera_pgmo_msgs/include/kimera_pgmo_msgs/kimera_pgmo_msgs/msg/detail/triangle_indices__rosidl_typesupport_fastrtps_cpp.hpp
[19.999s] -- Installing: /home/siny/hydra_ws/install/kimera_pgmo_msgs/lib/libkimera_pgmo_msgs__rosidl_typesupport_fastrtps_cpp.so
[20.000s] -- Set non-toolchain portion of runtime path of "/home/siny/hydra_ws/install/kimera_pgmo_msgs/lib/libkimera_pgmo_msgs__rosidl_typesupport_fastrtps_cpp.so" to ""
[20.000s] -- Up-to-date: /home/siny/hydra_ws/install/kimera_pgmo_msgs/include/kimera_pgmo_msgs/kimera_pgmo_msgs
[20.000s] -- Up-to-date: /home/siny/hydra_ws/install/kimera_pgmo_msgs/include/kimera_pgmo_msgs/kimera_pgmo_msgs/srv
[20.000s] -- Up-to-date: /home/siny/hydra_ws/install/kimera_pgmo_msgs/include/kimera_pgmo_msgs/kimera_pgmo_msgs/srv/detail
[20.000s] -- Installing: /home/siny/hydra_ws/install/kimera_pgmo_msgs/include/kimera_pgmo_msgs/kimera_pgmo_msgs/srv/detail/mesh_delta_query__type_support.c
[20.000s] -- Installing: /home/siny/hydra_ws/install/kimera_pgmo_msgs/include/kimera_pgmo_msgs/kimera_pgmo_msgs/srv/detail/mesh_delta_query__rosidl_typesupport_introspection_c.h
[20.000s] -- Installing: /home/siny/hydra_ws/install/kimera_pgmo_msgs/include/kimera_pgmo_msgs/kimera_pgmo_msgs/srv/detail/load_graph_mesh__rosidl_typesupport_introspection_c.h
[20.000s] -- Installing: /home/siny/hydra_ws/install/kimera_pgmo_msgs/include/kimera_pgmo_msgs/kimera_pgmo_msgs/srv/detail/load_graph_mesh__type_support.c
[20.000s] -- Up-to-date: /home/siny/hydra_ws/install/kimera_pgmo_msgs/include/kimera_pgmo_msgs/kimera_pgmo_msgs/msg
[20.001s] -- Up-to-date: /home/siny/hydra_ws/install/kimera_pgmo_msgs/include/kimera_pgmo_msgs/kimera_pgmo_msgs/msg/detail
[20.001s] -- Installing: /home/siny/hydra_ws/install/kimera_pgmo_msgs/include/kimera_pgmo_msgs/kimera_pgmo_msgs/msg/detail/mesh__type_support.c
[20.001s] -- Installing: /home/siny/hydra_ws/install/kimera_pgmo_msgs/include/kimera_pgmo_msgs/kimera_pgmo_msgs/msg/detail/mesh_delta__type_support.c
[20.001s] -- Installing: /home/siny/hydra_ws/install/kimera_pgmo_msgs/include/kimera_pgmo_msgs/kimera_pgmo_msgs/msg/detail/absolute_pose_stamped__type_support.c
[20.006s] -- Installing: /home/siny/hydra_ws/install/kimera_pgmo_msgs/include/kimera_pgmo_msgs/kimera_pgmo_msgs/msg/detail/mesh__rosidl_typesupport_introspection_c.h
[20.006s] -- Installing: /home/siny/hydra_ws/install/kimera_pgmo_msgs/include/kimera_pgmo_msgs/kimera_pgmo_msgs/msg/detail/absolute_pose_stamped__rosidl_typesupport_introspection_c.h
[20.006s] -- Installing: /home/siny/hydra_ws/install/kimera_pgmo_msgs/include/kimera_pgmo_msgs/kimera_pgmo_msgs/msg/detail/triangle_indices__type_support.c
[20.006s] -- Installing: /home/siny/hydra_ws/install/kimera_pgmo_msgs/include/kimera_pgmo_msgs/kimera_pgmo_msgs/msg/detail/triangle_indices__rosidl_typesupport_introspection_c.h
[20.006s] -- Installing: /home/siny/hydra_ws/install/kimera_pgmo_msgs/include/kimera_pgmo_msgs/kimera_pgmo_msgs/msg/detail/mesh_delta__rosidl_typesupport_introspection_c.h
[20.006s] -- Installing: /home/siny/hydra_ws/install/kimera_pgmo_msgs/include/kimera_pgmo_msgs/kimera_pgmo_msgs/msg/rosidl_typesupport_introspection_c__visibility_control.h
[20.006s] -- Installing: /home/siny/hydra_ws/install/kimera_pgmo_msgs/lib/libkimera_pgmo_msgs__rosidl_typesupport_introspection_c.so
[20.006s] -- Set non-toolchain portion of runtime path of "/home/siny/hydra_ws/install/kimera_pgmo_msgs/lib/libkimera_pgmo_msgs__rosidl_typesupport_introspection_c.so" to ""
[20.009s] -- Installing: /home/siny/hydra_ws/install/kimera_pgmo_msgs/lib/libkimera_pgmo_msgs__rosidl_typesupport_c.so
[20.010s] -- Set non-toolchain portion of runtime path of "/home/siny/hydra_ws/install/kimera_pgmo_msgs/lib/libkimera_pgmo_msgs__rosidl_typesupport_c.so" to ""
[20.010s] -- Up-to-date: /home/siny/hydra_ws/install/kimera_pgmo_msgs/include/kimera_pgmo_msgs/kimera_pgmo_msgs
[20.010s] -- Up-to-date: /home/siny/hydra_ws/install/kimera_pgmo_msgs/include/kimera_pgmo_msgs/kimera_pgmo_msgs/srv
[20.010s] -- Up-to-date: /home/siny/hydra_ws/install/kimera_pgmo_msgs/include/kimera_pgmo_msgs/kimera_pgmo_msgs/srv/detail
[20.010s] -- Installing: /home/siny/hydra_ws/install/kimera_pgmo_msgs/include/kimera_pgmo_msgs/kimera_pgmo_msgs/srv/detail/load_graph_mesh__rosidl_typesupport_introspection_cpp.hpp
[20.010s] -- Installing: /home/siny/hydra_ws/install/kimera_pgmo_msgs/include/kimera_pgmo_msgs/kimera_pgmo_msgs/srv/detail/load_graph_mesh__type_support.cpp
[20.010s] -- Installing: /home/siny/hydra_ws/install/kimera_pgmo_msgs/include/kimera_pgmo_msgs/kimera_pgmo_msgs/srv/detail/mesh_delta_query__rosidl_typesupport_introspection_cpp.hpp
[20.013s] -- Installing: /home/siny/hydra_ws/install/kimera_pgmo_msgs/include/kimera_pgmo_msgs/kimera_pgmo_msgs/srv/detail/mesh_delta_query__type_support.cpp
[20.013s] -- Up-to-date: /home/siny/hydra_ws/install/kimera_pgmo_msgs/include/kimera_pgmo_msgs/kimera_pgmo_msgs/msg
[20.013s] -- Up-to-date: /home/siny/hydra_ws/install/kimera_pgmo_msgs/include/kimera_pgmo_msgs/kimera_pgmo_msgs/msg/detail
[20.013s] -- Installing: /home/siny/hydra_ws/install/kimera_pgmo_msgs/include/kimera_pgmo_msgs/kimera_pgmo_msgs/msg/detail/mesh_delta__rosidl_typesupport_introspection_cpp.hpp
[20.013s] -- Installing: /home/siny/hydra_ws/install/kimera_pgmo_msgs/include/kimera_pgmo_msgs/kimera_pgmo_msgs/msg/detail/triangle_indices__type_support.cpp
[20.013s] -- Installing: /home/siny/hydra_ws/install/kimera_pgmo_msgs/include/kimera_pgmo_msgs/kimera_pgmo_msgs/msg/detail/absolute_pose_stamped__rosidl_typesupport_introspection_cpp.hpp
[20.014s] -- Installing: /home/siny/hydra_ws/install/kimera_pgmo_msgs/include/kimera_pgmo_msgs/kimera_pgmo_msgs/msg/detail/mesh__rosidl_typesupport_introspection_cpp.hpp
[20.014s] -- Installing: /home/siny/hydra_ws/install/kimera_pgmo_msgs/include/kimera_pgmo_msgs/kimera_pgmo_msgs/msg/detail/mesh__type_support.cpp
[20.014s] -- Installing: /home/siny/hydra_ws/install/kimera_pgmo_msgs/include/kimera_pgmo_msgs/kimera_pgmo_msgs/msg/detail/absolute_pose_stamped__type_support.cpp
[20.015s] -- Installing: /home/siny/hydra_ws/install/kimera_pgmo_msgs/include/kimera_pgmo_msgs/kimera_pgmo_msgs/msg/detail/triangle_indices__rosidl_typesupport_introspection_cpp.hpp
[20.015s] -- Installing: /home/siny/hydra_ws/install/kimera_pgmo_msgs/include/kimera_pgmo_msgs/kimera_pgmo_msgs/msg/detail/mesh_delta__type_support.cpp
[20.015s] -- Installing: /home/siny/hydra_ws/install/kimera_pgmo_msgs/lib/libkimera_pgmo_msgs__rosidl_typesupport_introspection_cpp.so
[20.015s] -- Set non-toolchain portion of runtime path of "/home/siny/hydra_ws/install/kimera_pgmo_msgs/lib/libkimera_pgmo_msgs__rosidl_typesupport_introspection_cpp.so" to ""
[20.022s] -- Installing: /home/siny/hydra_ws/install/kimera_pgmo_msgs/lib/libkimera_pgmo_msgs__rosidl_typesupport_cpp.so
[20.022s] -- Set non-toolchain portion of runtime path of "/home/siny/hydra_ws/install/kimera_pgmo_msgs/lib/libkimera_pgmo_msgs__rosidl_typesupport_cpp.so" to ""
[20.022s] -- Installing: /home/siny/hydra_ws/install/kimera_pgmo_msgs/share/kimera_pgmo_msgs/environment/pythonpath.sh
[20.022s] -- Installing: /home/siny/hydra_ws/install/kimera_pgmo_msgs/share/kimera_pgmo_msgs/environment/pythonpath.dsv
[20.022s] -- Installing: /home/siny/hydra_ws/install/kimera_pgmo_msgs/lib/python3.12/site-packages/kimera_pgmo_msgs-0.0.1-py3.12.egg-info
[20.022s] -- Installing: /home/siny/hydra_ws/install/kimera_pgmo_msgs/lib/python3.12/site-packages/kimera_pgmo_msgs-0.0.1-py3.12.egg-info/top_level.txt
[20.022s] -- Installing: /home/siny/hydra_ws/install/kimera_pgmo_msgs/lib/python3.12/site-packages/kimera_pgmo_msgs-0.0.1-py3.12.egg-info/PKG-INFO
[20.022s] -- Installing: /home/siny/hydra_ws/install/kimera_pgmo_msgs/lib/python3.12/site-packages/kimera_pgmo_msgs-0.0.1-py3.12.egg-info/SOURCES.txt
[20.022s] -- Installing: /home/siny/hydra_ws/install/kimera_pgmo_msgs/lib/python3.12/site-packages/kimera_pgmo_msgs-0.0.1-py3.12.egg-info/dependency_links.txt
[20.022s] -- Installing: /home/siny/hydra_ws/install/kimera_pgmo_msgs/lib/python3.12/site-packages/kimera_pgmo_msgs
[20.023s] -- Installing: /home/siny/hydra_ws/install/kimera_pgmo_msgs/lib/python3.12/site-packages/kimera_pgmo_msgs/_kimera_pgmo_msgs_s.ep.rosidl_typesupport_c.c
[20.023s] -- Installing: /home/siny/hydra_ws/install/kimera_pgmo_msgs/lib/python3.12/site-packages/kimera_pgmo_msgs/_kimera_pgmo_msgs_s.ep.rosidl_typesupport_fastrtps_c.c
[20.024s] -- Installing: /home/siny/hydra_ws/install/kimera_pgmo_msgs/lib/python3.12/site-packages/kimera_pgmo_msgs/_kimera_pgmo_msgs_s.ep.rosidl_typesupport_introspection_c.c
[20.024s] -- Installing: /home/siny/hydra_ws/install/kimera_pgmo_msgs/lib/python3.12/site-packages/kimera_pgmo_msgs/kimera_pgmo_msgs_s__rosidl_typesupport_fastrtps_c.so
[20.029s] -- Installing: /home/siny/hydra_ws/install/kimera_pgmo_msgs/lib/python3.12/site-packages/kimera_pgmo_msgs/srv
[20.029s] -- Installing: /home/siny/hydra_ws/install/kimera_pgmo_msgs/lib/python3.12/site-packages/kimera_pgmo_msgs/srv/_mesh_delta_query_s.c
[20.029s] -- Installing: /home/siny/hydra_ws/install/kimera_pgmo_msgs/lib/python3.12/site-packages/kimera_pgmo_msgs/srv/_mesh_delta_query.py
[20.029s] -- Installing: /home/siny/hydra_ws/install/kimera_pgmo_msgs/lib/python3.12/site-packages/kimera_pgmo_msgs/srv/_load_graph_mesh_s.c
[20.029s] -- Installing: /home/siny/hydra_ws/install/kimera_pgmo_msgs/lib/python3.12/site-packages/kimera_pgmo_msgs/srv/__init__.py
[20.030s] -- Installing: /home/siny/hydra_ws/install/kimera_pgmo_msgs/lib/python3.12/site-packages/kimera_pgmo_msgs/srv/_load_graph_mesh.py
[20.030s] -- Installing: /home/siny/hydra_ws/install/kimera_pgmo_msgs/lib/python3.12/site-packages/kimera_pgmo_msgs/msg
[20.030s] -- Installing: /home/siny/hydra_ws/install/kimera_pgmo_msgs/lib/python3.12/site-packages/kimera_pgmo_msgs/msg/_mesh.py
[20.030s] -- Installing: /home/siny/hydra_ws/install/kimera_pgmo_msgs/lib/python3.12/site-packages/kimera_pgmo_msgs/msg/_triangle_indices.py
[20.031s] -- Installing: /home/siny/hydra_ws/install/kimera_pgmo_msgs/lib/python3.12/site-packages/kimera_pgmo_msgs/msg/_mesh_delta.py
[20.031s] -- Installing: /home/siny/hydra_ws/install/kimera_pgmo_msgs/lib/python3.12/site-packages/kimera_pgmo_msgs/msg/_absolute_pose_stamped_s.c
[20.031s] -- Installing: /home/siny/hydra_ws/install/kimera_pgmo_msgs/lib/python3.12/site-packages/kimera_pgmo_msgs/msg/_triangle_indices_s.c
[20.031s] -- Installing: /home/siny/hydra_ws/install/kimera_pgmo_msgs/lib/python3.12/site-packages/kimera_pgmo_msgs/msg/_absolute_pose_stamped.py
[20.031s] -- Installing: /home/siny/hydra_ws/install/kimera_pgmo_msgs/lib/python3.12/site-packages/kimera_pgmo_msgs/msg/_mesh_delta_s.c
[20.031s] -- Installing: /home/siny/hydra_ws/install/kimera_pgmo_msgs/lib/python3.12/site-packages/kimera_pgmo_msgs/msg/_mesh_s.c
[20.031s] -- Installing: /home/siny/hydra_ws/install/kimera_pgmo_msgs/lib/python3.12/site-packages/kimera_pgmo_msgs/msg/__init__.py
[20.031s] -- Installing: /home/siny/hydra_ws/install/kimera_pgmo_msgs/lib/python3.12/site-packages/kimera_pgmo_msgs/kimera_pgmo_msgs_s__rosidl_typesupport_c.so
[20.031s] -- Installing: /home/siny/hydra_ws/install/kimera_pgmo_msgs/lib/python3.12/site-packages/kimera_pgmo_msgs/__init__.py
[20.031s] -- Installing: /home/siny/hydra_ws/install/kimera_pgmo_msgs/lib/python3.12/site-packages/kimera_pgmo_msgs/kimera_pgmo_msgs_s__rosidl_typesupport_introspection_c.so
[20.133s] Listing '/home/siny/hydra_ws/install/kimera_pgmo_msgs/lib/python3.12/site-packages/kimera_pgmo_msgs'...
[20.133s] Compiling '/home/siny/hydra_ws/install/kimera_pgmo_msgs/lib/python3.12/site-packages/kimera_pgmo_msgs/__init__.py'...
[20.134s] Listing '/home/siny/hydra_ws/install/kimera_pgmo_msgs/lib/python3.12/site-packages/kimera_pgmo_msgs/msg'...
[20.134s] Compiling '/home/siny/hydra_ws/install/kimera_pgmo_msgs/lib/python3.12/site-packages/kimera_pgmo_msgs/msg/__init__.py'...
[20.134s] Compiling '/home/siny/hydra_ws/install/kimera_pgmo_msgs/lib/python3.12/site-packages/kimera_pgmo_msgs/msg/_absolute_pose_stamped.py'...
[20.134s] Compiling '/home/siny/hydra_ws/install/kimera_pgmo_msgs/lib/python3.12/site-packages/kimera_pgmo_msgs/msg/_mesh.py'...
[20.134s] Compiling '/home/siny/hydra_ws/install/kimera_pgmo_msgs/lib/python3.12/site-packages/kimera_pgmo_msgs/msg/_mesh_delta.py'...
[20.134s] Compiling '/home/siny/hydra_ws/install/kimera_pgmo_msgs/lib/python3.12/site-packages/kimera_pgmo_msgs/msg/_triangle_indices.py'...
[20.134s] Listing '/home/siny/hydra_ws/install/kimera_pgmo_msgs/lib/python3.12/site-packages/kimera_pgmo_msgs/srv'...
[20.134s] Compiling '/home/siny/hydra_ws/install/kimera_pgmo_msgs/lib/python3.12/site-packages/kimera_pgmo_msgs/srv/__init__.py'...
[20.134s] Compiling '/home/siny/hydra_ws/install/kimera_pgmo_msgs/lib/python3.12/site-packages/kimera_pgmo_msgs/srv/_load_graph_mesh.py'...
[20.134s] Compiling '/home/siny/hydra_ws/install/kimera_pgmo_msgs/lib/python3.12/site-packages/kimera_pgmo_msgs/srv/_mesh_delta_query.py'...
[20.152s] -- Installing: /home/siny/hydra_ws/install/kimera_pgmo_msgs/lib/python3.12/site-packages/kimera_pgmo_msgs/kimera_pgmo_msgs_s__rosidl_typesupport_fastrtps_c.so
[20.152s] -- Set non-toolchain portion of runtime path of "/home/siny/hydra_ws/install/kimera_pgmo_msgs/lib/python3.12/site-packages/kimera_pgmo_msgs/kimera_pgmo_msgs_s__rosidl_typesupport_fastrtps_c.so" to ""
[20.152s] -- Installing: /home/siny/hydra_ws/install/kimera_pgmo_msgs/lib/python3.12/site-packages/kimera_pgmo_msgs/kimera_pgmo_msgs_s__rosidl_typesupport_introspection_c.so
[20.152s] -- Set non-toolchain portion of runtime path of "/home/siny/hydra_ws/install/kimera_pgmo_msgs/lib/python3.12/site-packages/kimera_pgmo_msgs/kimera_pgmo_msgs_s__rosidl_typesupport_introspection_c.so" to ""
[20.153s] -- Installing: /home/siny/hydra_ws/install/kimera_pgmo_msgs/lib/python3.12/site-packages/kimera_pgmo_msgs/kimera_pgmo_msgs_s__rosidl_typesupport_c.so
[20.157s] -- Set non-toolchain portion of runtime path of "/home/siny/hydra_ws/install/kimera_pgmo_msgs/lib/python3.12/site-packages/kimera_pgmo_msgs/kimera_pgmo_msgs_s__rosidl_typesupport_c.so" to ""
[20.157s] -- Installing: /home/siny/hydra_ws/install/kimera_pgmo_msgs/lib/libkimera_pgmo_msgs__rosidl_generator_py.so
[20.160s] -- Set non-toolchain portion of runtime path of "/home/siny/hydra_ws/install/kimera_pgmo_msgs/lib/libkimera_pgmo_msgs__rosidl_generator_py.so" to ""
[20.160s] -- Installing: /home/siny/hydra_ws/install/kimera_pgmo_msgs/share/kimera_pgmo_msgs/msg/AbsolutePoseStamped.idl
[20.160s] -- Installing: /home/siny/hydra_ws/install/kimera_pgmo_msgs/share/kimera_pgmo_msgs/msg/Mesh.idl
[20.161s] -- Installing: /home/siny/hydra_ws/install/kimera_pgmo_msgs/share/kimera_pgmo_msgs/msg/MeshDelta.idl
[20.161s] -- Installing: /home/siny/hydra_ws/install/kimera_pgmo_msgs/share/kimera_pgmo_msgs/msg/TriangleIndices.idl
[20.161s] -- Installing: /home/siny/hydra_ws/install/kimera_pgmo_msgs/share/kimera_pgmo_msgs/srv/LoadGraphMesh.idl
[20.164s] -- Installing: /home/siny/hydra_ws/install/kimera_pgmo_msgs/share/kimera_pgmo_msgs/srv/MeshDeltaQuery.idl
[20.164s] -- Installing: /home/siny/hydra_ws/install/kimera_pgmo_msgs/share/kimera_pgmo_msgs/msg/AbsolutePoseStamped.msg
[20.164s] -- Installing: /home/siny/hydra_ws/install/kimera_pgmo_msgs/share/kimera_pgmo_msgs/msg/Mesh.msg
[20.164s] -- Installing: /home/siny/hydra_ws/install/kimera_pgmo_msgs/share/kimera_pgmo_msgs/msg/MeshDelta.msg
[20.164s] -- Installing: /home/siny/hydra_ws/install/kimera_pgmo_msgs/share/kimera_pgmo_msgs/msg/TriangleIndices.msg
[20.164s] -- Installing: /home/siny/hydra_ws/install/kimera_pgmo_msgs/share/kimera_pgmo_msgs/srv/LoadGraphMesh.srv
[20.164s] -- Installing: /home/siny/hydra_ws/install/kimera_pgmo_msgs/share/kimera_pgmo_msgs/srv/MeshDeltaQuery.srv
[20.164s] -- Installing: /home/siny/hydra_ws/install/kimera_pgmo_msgs/share/ament_index/resource_index/package_run_dependencies/kimera_pgmo_msgs
[20.165s] -- Installing: /home/siny/hydra_ws/install/kimera_pgmo_msgs/share/ament_index/resource_index/parent_prefix_path/kimera_pgmo_msgs
[20.165s] -- Installing: /home/siny/hydra_ws/install/kimera_pgmo_msgs/share/kimera_pgmo_msgs/environment/ament_prefix_path.sh
[20.165s] -- Installing: /home/siny/hydra_ws/install/kimera_pgmo_msgs/share/kimera_pgmo_msgs/environment/ament_prefix_path.dsv
[20.165s] -- Installing: /home/siny/hydra_ws/install/kimera_pgmo_msgs/share/kimera_pgmo_msgs/environment/path.sh
[20.169s] -- Installing: /home/siny/hydra_ws/install/kimera_pgmo_msgs/share/kimera_pgmo_msgs/environment/path.dsv
[20.169s] -- Installing: /home/siny/hydra_ws/install/kimera_pgmo_msgs/share/kimera_pgmo_msgs/local_setup.bash
[20.170s] -- Installing: /home/siny/hydra_ws/install/kimera_pgmo_msgs/share/kimera_pgmo_msgs/local_setup.sh
[20.170s] -- Installing: /home/siny/hydra_ws/install/kimera_pgmo_msgs/share/kimera_pgmo_msgs/local_setup.zsh
[20.170s] -- Installing: /home/siny/hydra_ws/install/kimera_pgmo_msgs/share/kimera_pgmo_msgs/local_setup.dsv
[20.170s] -- Installing: /home/siny/hydra_ws/install/kimera_pgmo_msgs/share/kimera_pgmo_msgs/package.dsv
[20.170s] -- Installing: /home/siny/hydra_ws/install/kimera_pgmo_msgs/share/ament_index/resource_index/packages/kimera_pgmo_msgs
[20.170s] -- Installing: /home/siny/hydra_ws/install/kimera_pgmo_msgs/share/kimera_pgmo_msgs/cmake/export_kimera_pgmo_msgs__rosidl_generator_cExport.cmake
[20.171s] -- Installing: /home/siny/hydra_ws/install/kimera_pgmo_msgs/share/kimera_pgmo_msgs/cmake/export_kimera_pgmo_msgs__rosidl_generator_cExport-release.cmake
[20.171s] -- Installing: /home/siny/hydra_ws/install/kimera_pgmo_msgs/share/kimera_pgmo_msgs/cmake/export_kimera_pgmo_msgs__rosidl_typesupport_fastrtps_cExport.cmake
[20.171s] -- Installing: /home/siny/hydra_ws/install/kimera_pgmo_msgs/share/kimera_pgmo_msgs/cmake/export_kimera_pgmo_msgs__rosidl_typesupport_fastrtps_cExport-release.cmake
[20.171s] -- Installing: /home/siny/hydra_ws/install/kimera_pgmo_msgs/share/kimera_pgmo_msgs/cmake/export_kimera_pgmo_msgs__rosidl_generator_cppExport.cmake
[20.176s] -- Installing: /home/siny/hydra_ws/install/kimera_pgmo_msgs/share/kimera_pgmo_msgs/cmake/export_kimera_pgmo_msgs__rosidl_typesupport_fastrtps_cppExport.cmake
[20.176s] -- Installing: /home/siny/hydra_ws/install/kimera_pgmo_msgs/share/kimera_pgmo_msgs/cmake/export_kimera_pgmo_msgs__rosidl_typesupport_fastrtps_cppExport-release.cmake
[20.176s] -- Installing: /home/siny/hydra_ws/install/kimera_pgmo_msgs/share/kimera_pgmo_msgs/cmake/kimera_pgmo_msgs__rosidl_typesupport_introspection_cExport.cmake
[20.179s] -- Installing: /home/siny/hydra_ws/install/kimera_pgmo_msgs/share/kimera_pgmo_msgs/cmake/kimera_pgmo_msgs__rosidl_typesupport_introspection_cExport-release.cmake
[20.179s] -- Installing: /home/siny/hydra_ws/install/kimera_pgmo_msgs/share/kimera_pgmo_msgs/cmake/kimera_pgmo_msgs__rosidl_typesupport_cExport.cmake
[20.180s] -- Installing: /home/siny/hydra_ws/install/kimera_pgmo_msgs/share/kimera_pgmo_msgs/cmake/kimera_pgmo_msgs__rosidl_typesupport_cExport-release.cmake
[20.180s] -- Installing: /home/siny/hydra_ws/install/kimera_pgmo_msgs/share/kimera_pgmo_msgs/cmake/kimera_pgmo_msgs__rosidl_typesupport_introspection_cppExport.cmake
[20.180s] -- Installing: /home/siny/hydra_ws/install/kimera_pgmo_msgs/share/kimera_pgmo_msgs/cmake/kimera_pgmo_msgs__rosidl_typesupport_introspection_cppExport-release.cmake
[20.180s] -- Installing: /home/siny/hydra_ws/install/kimera_pgmo_msgs/share/kimera_pgmo_msgs/cmake/kimera_pgmo_msgs__rosidl_typesupport_cppExport.cmake
[20.180s] -- Installing: /home/siny/hydra_ws/install/kimera_pgmo_msgs/share/kimera_pgmo_msgs/cmake/kimera_pgmo_msgs__rosidl_typesupport_cppExport-release.cmake
[20.180s] -- Installing: /home/siny/hydra_ws/install/kimera_pgmo_msgs/share/kimera_pgmo_msgs/cmake/export_kimera_pgmo_msgs__rosidl_generator_pyExport.cmake
[20.181s] -- Installing: /home/siny/hydra_ws/install/kimera_pgmo_msgs/share/kimera_pgmo_msgs/cmake/export_kimera_pgmo_msgs__rosidl_generator_pyExport-release.cmake
[20.181s] -- Installing: /home/siny/hydra_ws/install/kimera_pgmo_msgs/share/kimera_pgmo_msgs/cmake/rosidl_cmake-extras.cmake
[20.181s] -- Installing: /home/siny/hydra_ws/install/kimera_pgmo_msgs/share/kimera_pgmo_msgs/cmake/ament_cmake_export_dependencies-extras.cmake
[20.181s] -- Installing: /home/siny/hydra_ws/install/kimera_pgmo_msgs/share/kimera_pgmo_msgs/cmake/ament_cmake_export_include_directories-extras.cmake
[20.181s] -- Installing: /home/siny/hydra_ws/install/kimera_pgmo_msgs/share/kimera_pgmo_msgs/cmake/ament_cmake_export_libraries-extras.cmake
[20.181s] -- Installing: /home/siny/hydra_ws/install/kimera_pgmo_msgs/share/kimera_pgmo_msgs/cmake/ament_cmake_export_targets-extras.cmake
[20.181s] -- Installing: /home/siny/hydra_ws/install/kimera_pgmo_msgs/share/kimera_pgmo_msgs/cmake/rosidl_cmake_export_typesupport_targets-extras.cmake
[20.182s] -- Installing: /home/siny/hydra_ws/install/kimera_pgmo_msgs/share/kimera_pgmo_msgs/cmake/rosidl_cmake_export_typesupport_libraries-extras.cmake
[20.182s] -- Installing: /home/siny/hydra_ws/install/kimera_pgmo_msgs/share/kimera_pgmo_msgs/cmake/kimera_pgmo_msgsConfig.cmake
[20.186s] -- Installing: /home/siny/hydra_ws/install/kimera_pgmo_msgs/share/kimera_pgmo_msgs/cmake/kimera_pgmo_msgsConfig-version.cmake
[20.186s] -- Installing: /home/siny/hydra_ws/install/kimera_pgmo_msgs/share/kimera_pgmo_msgs/package.xml
[20.199s] Invoked command in '/home/siny/hydra_ws/build/kimera_pgmo_msgs' returned '0': CMAKE_PREFIX_PATH=${CMAKE_PREFIX_PATH}:/opt/ros/jazzy:/home/siny/ros2_jazzy/install/ament_uncrustify:/home/siny/ros2_jazzy/install/tracetools_trace:/home/siny/ros2_jazzy/install/tracetools_read:/home/siny/ros2_jazzy/install/rpyutils:/home/siny/ros2_jazzy/install/rosidl_pycommon:/home/siny/ros2_jazzy/install/rosidl_cli:/home/siny/ros2_jazzy/install/launch_pytest:/home/siny/ros2_jazzy/install/launch_testing:/home/siny/ros2_jazzy/install/launch_yaml:/home/siny/ros2_jazzy/install/launch_xml:/home/siny/ros2_jazzy/install/launch:/home/siny/ros2_jazzy/install/osrf_pycommon:/home/siny/ros2_jazzy/install/domain_coordinator:/home/siny/ros2_jazzy/install/ament_xmllint:/home/siny/ros2_jazzy/install/ament_pyflakes:/home/siny/ros2_jazzy/install/ament_pycodestyle:/home/siny/ros2_jazzy/install/ament_pep257:/home/siny/ros2_jazzy/install/ament_pclint:/home/siny/ros2_jazzy/install/ament_package:/home/siny/ros2_jazzy/install/ament_mypy:/home/siny/ros2_jazzy/install/ament_lint_cmake:/home/siny/ros2_jazzy/install/ament_flake8:/home/siny/ros2_jazzy/install/ament_copyright:/home/siny/ros2_jazzy/install/ament_lint:/home/siny/ros2_jazzy/install/ament_index_python:/home/siny/ros2_jazzy/install/ament_cpplint:/home/siny/ros2_jazzy/install/ament_cppcheck:/home/siny/ros2_jazzy/install/ament_clang_tidy:/home/siny/ros2_jazzy/install/ament_clang_format DEBUGINFOD_URLS=https://debuginfod.ubuntu.com /usr/bin/cmake --install /home/siny/hydra_ws/build/kimera_pgmo_msgs
