[0.017s] Invoking command in '/home/siny/hydra_ws/build/pose_graph_tools': DEBUGINFOD_URLS=https://debuginfod.ubuntu.com /usr/bin/cmake --build /home/siny/hydra_ws/build/pose_graph_tools -- -j20 -l20
[0.062s] [100%] Built target pose_graph_tools
[0.077s] Invoked command in '/home/siny/hydra_ws/build/pose_graph_tools' returned '0': DEBUGINFOD_URLS=https://debuginfod.ubuntu.com /usr/bin/cmake --build /home/siny/hydra_ws/build/pose_graph_tools -- -j20 -l20
[0.100s] Invoking command in '/home/siny/hydra_ws/build/pose_graph_tools': DEBUGINFOD_URLS=https://debuginfod.ubuntu.com /usr/bin/cmake --install /home/siny/hydra_ws/build/pose_graph_tools
[0.114s] -- Install configuration: "Release"
[0.114s] -- Up-to-date: /home/siny/hydra_ws/install/pose_graph_tools/lib/libpose_graph_tools.so
[0.114s] -- Up-to-date: /home/siny/hydra_ws/install/pose_graph_tools/include
[0.114s] -- Up-to-date: /home/siny/hydra_ws/install/pose_graph_tools/include/pose_graph_tools
[0.114s] -- Up-to-date: /home/siny/hydra_ws/install/pose_graph_tools/include/pose_graph_tools/pose_graph_node.h
[0.114s] -- Up-to-date: /home/siny/hydra_ws/install/pose_graph_tools/include/pose_graph_tools/pose_graph.h
[0.114s] -- Up-to-date: /home/siny/hydra_ws/install/pose_graph_tools/include/pose_graph_tools/bow_queries.h
[0.114s] -- Up-to-date: /home/siny/hydra_ws/install/pose_graph_tools/include/pose_graph_tools/pose_graph_edge.h
[0.114s] -- Up-to-date: /home/siny/hydra_ws/install/pose_graph_tools/include/pose_graph_tools/all.h
[0.114s] -- Up-to-date: /home/siny/hydra_ws/install/pose_graph_tools/include/pose_graph_tools/bow_query.h
[0.114s] -- Up-to-date: /home/siny/hydra_ws/install/pose_graph_tools/include/pose_graph_tools/bow_vector.h
[0.114s] -- Up-to-date: /home/siny/hydra_ws/install/pose_graph_tools/lib/cmake/pose_graph_tools/pose_graph_toolsTargets.cmake
[0.114s] -- Up-to-date: /home/siny/hydra_ws/install/pose_graph_tools/lib/cmake/pose_graph_tools/pose_graph_toolsTargets-release.cmake
[0.115s] -- Up-to-date: /home/siny/hydra_ws/install/pose_graph_tools/lib/cmake/pose_graph_tools/pose_graph_toolsConfig.cmake
[0.115s] -- Up-to-date: /home/siny/hydra_ws/install/pose_graph_tools/lib/cmake/pose_graph_tools/pose_graph_toolsConfigVersion.cmake
[0.115s] Invoked command in '/home/siny/hydra_ws/build/pose_graph_tools' returned '0': DEBUGINFOD_URLS=https://debuginfod.ubuntu.com /usr/bin/cmake --install /home/siny/hydra_ws/build/pose_graph_tools
