[  1%] Built target pose_graph_tools_msgs__rosidl_generator_type_description
[  1%] Built target ament_cmake_python_copy_pose_graph_tools_msgs
[  1%] Built target pose_graph_tools_msgs__cpp
[ 28%] Built target pose_graph_tools_msgs__rosidl_generator_c
[ 37%] Built target pose_graph_tools_msgs__rosidl_typesupport_c
[ 47%] Built target pose_graph_tools_msgs__rosidl_typesupport_cpp
[ 56%] Built target pose_graph_tools_msgs__rosidl_typesupport_introspection_c
[ 66%] Built target pose_graph_tools_msgs__rosidl_typesupport_fastrtps_cpp
[ 76%] Built target pose_graph_tools_msgs__rosidl_typesupport_fastrtps_c
[ 86%] Built target pose_graph_tools_msgs__rosidl_typesupport_introspection_cpp
[ 86%] Built target pose_graph_tools_msgs
running egg_info
writing pose_graph_tools_msgs.egg-info/PKG-INFO
writing dependency_links to pose_graph_tools_msgs.egg-info/dependency_links.txt
writing top-level names to pose_graph_tools_msgs.egg-info/top_level.txt
[ 87%] Built target pose_graph_tools_msgs__py
reading manifest file 'pose_graph_tools_msgs.egg-info/SOURCES.txt'
writing manifest file 'pose_graph_tools_msgs.egg-info/SOURCES.txt'
[ 87%] Built target ament_cmake_python_build_pose_graph_tools_msgs_egg
[ 96%] Built target pose_graph_tools_msgs__rosidl_generator_py
[ 98%] Built target pose_graph_tools_msgs_s__rosidl_typesupport_introspection_c
[ 99%] Built target pose_graph_tools_msgs_s__rosidl_typesupport_c
[100%] Built target pose_graph_tools_msgs_s__rosidl_typesupport_fastrtps_c
-- Install configuration: "Release"
-- Up-to-date: /home/siny/hydra_ws/install/pose_graph_tools_msgs/share/ament_index/resource_index/rosidl_interfaces/pose_graph_tools_msgs
-- Up-to-date: /home/siny/hydra_ws/install/pose_graph_tools_msgs/share/pose_graph_tools_msgs/msg/BowQueries.json
-- Up-to-date: /home/siny/hydra_ws/install/pose_graph_tools_msgs/share/pose_graph_tools_msgs/msg/BowQuery.json
-- Up-to-date: /home/siny/hydra_ws/install/pose_graph_tools_msgs/share/pose_graph_tools_msgs/msg/BowRequests.json
-- Up-to-date: /home/siny/hydra_ws/install/pose_graph_tools_msgs/share/pose_graph_tools_msgs/msg/BowVector.json
-- Up-to-date: /home/siny/hydra_ws/install/pose_graph_tools_msgs/share/pose_graph_tools_msgs/msg/LoopClosures.json
-- Up-to-date: /home/siny/hydra_ws/install/pose_graph_tools_msgs/share/pose_graph_tools_msgs/msg/LoopClosuresAck.json
-- Up-to-date: /home/siny/hydra_ws/install/pose_graph_tools_msgs/share/pose_graph_tools_msgs/msg/PoseGraph.json
-- Up-to-date: /home/siny/hydra_ws/install/pose_graph_tools_msgs/share/pose_graph_tools_msgs/msg/PoseGraphEdge.json
-- Up-to-date: /home/siny/hydra_ws/install/pose_graph_tools_msgs/share/pose_graph_tools_msgs/msg/PoseGraphNode.json
-- Up-to-date: /home/siny/hydra_ws/install/pose_graph_tools_msgs/share/pose_graph_tools_msgs/msg/TimeRangeQuery.json
-- Up-to-date: /home/siny/hydra_ws/install/pose_graph_tools_msgs/share/pose_graph_tools_msgs/msg/VLCFrameMsg.json
-- Up-to-date: /home/siny/hydra_ws/install/pose_graph_tools_msgs/share/pose_graph_tools_msgs/msg/VLCFrames.json
-- Up-to-date: /home/siny/hydra_ws/install/pose_graph_tools_msgs/share/pose_graph_tools_msgs/msg/VLCRequests.json
-- Up-to-date: /home/siny/hydra_ws/install/pose_graph_tools_msgs/share/pose_graph_tools_msgs/srv/LcdFrameRegistration.json
-- Up-to-date: /home/siny/hydra_ws/install/pose_graph_tools_msgs/share/pose_graph_tools_msgs/srv/PoseGraphQuery.json
-- Up-to-date: /home/siny/hydra_ws/install/pose_graph_tools_msgs/share/pose_graph_tools_msgs/srv/VLCFrameQuery.json
-- Up-to-date: /home/siny/hydra_ws/install/pose_graph_tools_msgs/include/pose_graph_tools_msgs/pose_graph_tools_msgs
-- Up-to-date: /home/siny/hydra_ws/install/pose_graph_tools_msgs/include/pose_graph_tools_msgs/pose_graph_tools_msgs/srv
-- Up-to-date: /home/siny/hydra_ws/install/pose_graph_tools_msgs/include/pose_graph_tools_msgs/pose_graph_tools_msgs/srv/lcd_frame_registration.h
-- Up-to-date: /home/siny/hydra_ws/install/pose_graph_tools_msgs/include/pose_graph_tools_msgs/pose_graph_tools_msgs/srv/vlc_frame_query.h
-- Up-to-date: /home/siny/hydra_ws/install/pose_graph_tools_msgs/include/pose_graph_tools_msgs/pose_graph_tools_msgs/srv/pose_graph_query.h
-- Up-to-date: /home/siny/hydra_ws/install/pose_graph_tools_msgs/include/pose_graph_tools_msgs/pose_graph_tools_msgs/srv/detail
-- Up-to-date: /home/siny/hydra_ws/install/pose_graph_tools_msgs/include/pose_graph_tools_msgs/pose_graph_tools_msgs/srv/detail/vlc_frame_query__type_support.h
-- Up-to-date: /home/siny/hydra_ws/install/pose_graph_tools_msgs/include/pose_graph_tools_msgs/pose_graph_tools_msgs/srv/detail/lcd_frame_registration__description.c
-- Up-to-date: /home/siny/hydra_ws/install/pose_graph_tools_msgs/include/pose_graph_tools_msgs/pose_graph_tools_msgs/srv/detail/vlc_frame_query__functions.h
-- Up-to-date: /home/siny/hydra_ws/install/pose_graph_tools_msgs/include/pose_graph_tools_msgs/pose_graph_tools_msgs/srv/detail/pose_graph_query__type_support.c
-- Up-to-date: /home/siny/hydra_ws/install/pose_graph_tools_msgs/include/pose_graph_tools_msgs/pose_graph_tools_msgs/srv/detail/pose_graph_query__struct.h
-- Up-to-date: /home/siny/hydra_ws/install/pose_graph_tools_msgs/include/pose_graph_tools_msgs/pose_graph_tools_msgs/srv/detail/lcd_frame_registration__struct.h
-- Up-to-date: /home/siny/hydra_ws/install/pose_graph_tools_msgs/include/pose_graph_tools_msgs/pose_graph_tools_msgs/srv/detail/vlc_frame_query__type_support.c
-- Up-to-date: /home/siny/hydra_ws/install/pose_graph_tools_msgs/include/pose_graph_tools_msgs/pose_graph_tools_msgs/srv/detail/pose_graph_query__description.c
-- Up-to-date: /home/siny/hydra_ws/install/pose_graph_tools_msgs/include/pose_graph_tools_msgs/pose_graph_tools_msgs/srv/detail/lcd_frame_registration__type_support.c
-- Up-to-date: /home/siny/hydra_ws/install/pose_graph_tools_msgs/include/pose_graph_tools_msgs/pose_graph_tools_msgs/srv/detail/pose_graph_query__functions.h
-- Up-to-date: /home/siny/hydra_ws/install/pose_graph_tools_msgs/include/pose_graph_tools_msgs/pose_graph_tools_msgs/srv/detail/vlc_frame_query__description.c
-- Up-to-date: /home/siny/hydra_ws/install/pose_graph_tools_msgs/include/pose_graph_tools_msgs/pose_graph_tools_msgs/srv/detail/lcd_frame_registration__functions.h
-- Up-to-date: /home/siny/hydra_ws/install/pose_graph_tools_msgs/include/pose_graph_tools_msgs/pose_graph_tools_msgs/srv/detail/lcd_frame_registration__functions.c
-- Up-to-date: /home/siny/hydra_ws/install/pose_graph_tools_msgs/include/pose_graph_tools_msgs/pose_graph_tools_msgs/srv/detail/vlc_frame_query__functions.c
-- Up-to-date: /home/siny/hydra_ws/install/pose_graph_tools_msgs/include/pose_graph_tools_msgs/pose_graph_tools_msgs/srv/detail/lcd_frame_registration__type_support.h
-- Up-to-date: /home/siny/hydra_ws/install/pose_graph_tools_msgs/include/pose_graph_tools_msgs/pose_graph_tools_msgs/srv/detail/vlc_frame_query__struct.h
-- Up-to-date: /home/siny/hydra_ws/install/pose_graph_tools_msgs/include/pose_graph_tools_msgs/pose_graph_tools_msgs/srv/detail/pose_graph_query__functions.c
-- Up-to-date: /home/siny/hydra_ws/install/pose_graph_tools_msgs/include/pose_graph_tools_msgs/pose_graph_tools_msgs/srv/detail/pose_graph_query__type_support.h
-- Up-to-date: /home/siny/hydra_ws/install/pose_graph_tools_msgs/include/pose_graph_tools_msgs/pose_graph_tools_msgs/msg
-- Up-to-date: /home/siny/hydra_ws/install/pose_graph_tools_msgs/include/pose_graph_tools_msgs/pose_graph_tools_msgs/msg/vlc_requests.h
-- Up-to-date: /home/siny/hydra_ws/install/pose_graph_tools_msgs/include/pose_graph_tools_msgs/pose_graph_tools_msgs/msg/rosidl_generator_c__visibility_control.h
-- Up-to-date: /home/siny/hydra_ws/install/pose_graph_tools_msgs/include/pose_graph_tools_msgs/pose_graph_tools_msgs/msg/pose_graph_node.h
-- Up-to-date: /home/siny/hydra_ws/install/pose_graph_tools_msgs/include/pose_graph_tools_msgs/pose_graph_tools_msgs/msg/pose_graph.h
-- Up-to-date: /home/siny/hydra_ws/install/pose_graph_tools_msgs/include/pose_graph_tools_msgs/pose_graph_tools_msgs/msg/vlc_frame_msg.h
-- Up-to-date: /home/siny/hydra_ws/install/pose_graph_tools_msgs/include/pose_graph_tools_msgs/pose_graph_tools_msgs/msg/bow_queries.h
-- Up-to-date: /home/siny/hydra_ws/install/pose_graph_tools_msgs/include/pose_graph_tools_msgs/pose_graph_tools_msgs/msg/bow_requests.h
-- Up-to-date: /home/siny/hydra_ws/install/pose_graph_tools_msgs/include/pose_graph_tools_msgs/pose_graph_tools_msgs/msg/pose_graph_edge.h
-- Up-to-date: /home/siny/hydra_ws/install/pose_graph_tools_msgs/include/pose_graph_tools_msgs/pose_graph_tools_msgs/msg/loop_closures.h
-- Up-to-date: /home/siny/hydra_ws/install/pose_graph_tools_msgs/include/pose_graph_tools_msgs/pose_graph_tools_msgs/msg/loop_closures_ack.h
-- Up-to-date: /home/siny/hydra_ws/install/pose_graph_tools_msgs/include/pose_graph_tools_msgs/pose_graph_tools_msgs/msg/vlc_frames.h
-- Up-to-date: /home/siny/hydra_ws/install/pose_graph_tools_msgs/include/pose_graph_tools_msgs/pose_graph_tools_msgs/msg/time_range_query.h
-- Up-to-date: /home/siny/hydra_ws/install/pose_graph_tools_msgs/include/pose_graph_tools_msgs/pose_graph_tools_msgs/msg/bow_query.h
-- Up-to-date: /home/siny/hydra_ws/install/pose_graph_tools_msgs/include/pose_graph_tools_msgs/pose_graph_tools_msgs/msg/bow_vector.h
-- Up-to-date: /home/siny/hydra_ws/install/pose_graph_tools_msgs/include/pose_graph_tools_msgs/pose_graph_tools_msgs/msg/detail
-- Up-to-date: /home/siny/hydra_ws/install/pose_graph_tools_msgs/include/pose_graph_tools_msgs/pose_graph_tools_msgs/msg/detail/pose_graph_node__functions.c
-- Up-to-date: /home/siny/hydra_ws/install/pose_graph_tools_msgs/include/pose_graph_tools_msgs/pose_graph_tools_msgs/msg/detail/time_range_query__type_support.c
-- Up-to-date: /home/siny/hydra_ws/install/pose_graph_tools_msgs/include/pose_graph_tools_msgs/pose_graph_tools_msgs/msg/detail/pose_graph_edge__functions.c
-- Up-to-date: /home/siny/hydra_ws/install/pose_graph_tools_msgs/include/pose_graph_tools_msgs/pose_graph_tools_msgs/msg/detail/bow_vector__description.c
-- Up-to-date: /home/siny/hydra_ws/install/pose_graph_tools_msgs/include/pose_graph_tools_msgs/pose_graph_tools_msgs/msg/detail/bow_vector__functions.c
-- Up-to-date: /home/siny/hydra_ws/install/pose_graph_tools_msgs/include/pose_graph_tools_msgs/pose_graph_tools_msgs/msg/detail/vlc_frame_msg__functions.c
-- Up-to-date: /home/siny/hydra_ws/install/pose_graph_tools_msgs/include/pose_graph_tools_msgs/pose_graph_tools_msgs/msg/detail/vlc_frames__functions.c
-- Up-to-date: /home/siny/hydra_ws/install/pose_graph_tools_msgs/include/pose_graph_tools_msgs/pose_graph_tools_msgs/msg/detail/bow_requests__functions.c
-- Up-to-date: /home/siny/hydra_ws/install/pose_graph_tools_msgs/include/pose_graph_tools_msgs/pose_graph_tools_msgs/msg/detail/bow_query__type_support.h
-- Up-to-date: /home/siny/hydra_ws/install/pose_graph_tools_msgs/include/pose_graph_tools_msgs/pose_graph_tools_msgs/msg/detail/loop_closures_ack__struct.h
-- Up-to-date: /home/siny/hydra_ws/install/pose_graph_tools_msgs/include/pose_graph_tools_msgs/pose_graph_tools_msgs/msg/detail/pose_graph_edge__functions.h
-- Up-to-date: /home/siny/hydra_ws/install/pose_graph_tools_msgs/include/pose_graph_tools_msgs/pose_graph_tools_msgs/msg/detail/loop_closures__functions.c
-- Up-to-date: /home/siny/hydra_ws/install/pose_graph_tools_msgs/include/pose_graph_tools_msgs/pose_graph_tools_msgs/msg/detail/vlc_requests__functions.h
-- Up-to-date: /home/siny/hydra_ws/install/pose_graph_tools_msgs/include/pose_graph_tools_msgs/pose_graph_tools_msgs/msg/detail/pose_graph_edge__struct.h
-- Up-to-date: /home/siny/hydra_ws/install/pose_graph_tools_msgs/include/pose_graph_tools_msgs/pose_graph_tools_msgs/msg/detail/pose_graph__functions.c
-- Up-to-date: /home/siny/hydra_ws/install/pose_graph_tools_msgs/include/pose_graph_tools_msgs/pose_graph_tools_msgs/msg/detail/pose_graph__description.c
-- Up-to-date: /home/siny/hydra_ws/install/pose_graph_tools_msgs/include/pose_graph_tools_msgs/pose_graph_tools_msgs/msg/detail/pose_graph__type_support.h
-- Up-to-date: /home/siny/hydra_ws/install/pose_graph_tools_msgs/include/pose_graph_tools_msgs/pose_graph_tools_msgs/msg/detail/bow_query__functions.c
-- Up-to-date: /home/siny/hydra_ws/install/pose_graph_tools_msgs/include/pose_graph_tools_msgs/pose_graph_tools_msgs/msg/detail/vlc_requests__functions.c
-- Up-to-date: /home/siny/hydra_ws/install/pose_graph_tools_msgs/include/pose_graph_tools_msgs/pose_graph_tools_msgs/msg/detail/loop_closures_ack__type_support.h
-- Up-to-date: /home/siny/hydra_ws/install/pose_graph_tools_msgs/include/pose_graph_tools_msgs/pose_graph_tools_msgs/msg/detail/vlc_frames__functions.h
-- Up-to-date: /home/siny/hydra_ws/install/pose_graph_tools_msgs/include/pose_graph_tools_msgs/pose_graph_tools_msgs/msg/detail/bow_requests__struct.h
-- Up-to-date: /home/siny/hydra_ws/install/pose_graph_tools_msgs/include/pose_graph_tools_msgs/pose_graph_tools_msgs/msg/detail/pose_graph_edge__description.c
-- Up-to-date: /home/siny/hydra_ws/install/pose_graph_tools_msgs/include/pose_graph_tools_msgs/pose_graph_tools_msgs/msg/detail/bow_requests__description.c
-- Up-to-date: /home/siny/hydra_ws/install/pose_graph_tools_msgs/include/pose_graph_tools_msgs/pose_graph_tools_msgs/msg/detail/loop_closures_ack__functions.h
-- Up-to-date: /home/siny/hydra_ws/install/pose_graph_tools_msgs/include/pose_graph_tools_msgs/pose_graph_tools_msgs/msg/detail/loop_closures_ack__description.c
-- Up-to-date: /home/siny/hydra_ws/install/pose_graph_tools_msgs/include/pose_graph_tools_msgs/pose_graph_tools_msgs/msg/detail/pose_graph_edge__type_support.h
-- Up-to-date: /home/siny/hydra_ws/install/pose_graph_tools_msgs/include/pose_graph_tools_msgs/pose_graph_tools_msgs/msg/detail/vlc_frames__type_support.c
-- Up-to-date: /home/siny/hydra_ws/install/pose_graph_tools_msgs/include/pose_graph_tools_msgs/pose_graph_tools_msgs/msg/detail/bow_vector__struct.h
-- Up-to-date: /home/siny/hydra_ws/install/pose_graph_tools_msgs/include/pose_graph_tools_msgs/pose_graph_tools_msgs/msg/detail/pose_graph_node__type_support.c
-- Up-to-date: /home/siny/hydra_ws/install/pose_graph_tools_msgs/include/pose_graph_tools_msgs/pose_graph_tools_msgs/msg/detail/vlc_frames__type_support.h
-- Up-to-date: /home/siny/hydra_ws/install/pose_graph_tools_msgs/include/pose_graph_tools_msgs/pose_graph_tools_msgs/msg/detail/vlc_frame_msg__functions.h
-- Up-to-date: /home/siny/hydra_ws/install/pose_graph_tools_msgs/include/pose_graph_tools_msgs/pose_graph_tools_msgs/msg/detail/pose_graph_node__description.c
-- Up-to-date: /home/siny/hydra_ws/install/pose_graph_tools_msgs/include/pose_graph_tools_msgs/pose_graph_tools_msgs/msg/detail/vlc_frame_msg__type_support.c
-- Up-to-date: /home/siny/hydra_ws/install/pose_graph_tools_msgs/include/pose_graph_tools_msgs/pose_graph_tools_msgs/msg/detail/loop_closures_ack__type_support.c
-- Up-to-date: /home/siny/hydra_ws/install/pose_graph_tools_msgs/include/pose_graph_tools_msgs/pose_graph_tools_msgs/msg/detail/loop_closures_ack__functions.c
-- Up-to-date: /home/siny/hydra_ws/install/pose_graph_tools_msgs/include/pose_graph_tools_msgs/pose_graph_tools_msgs/msg/detail/bow_vector__type_support.h
-- Up-to-date: /home/siny/hydra_ws/install/pose_graph_tools_msgs/include/pose_graph_tools_msgs/pose_graph_tools_msgs/msg/detail/vlc_frame_msg__struct.h
-- Up-to-date: /home/siny/hydra_ws/install/pose_graph_tools_msgs/include/pose_graph_tools_msgs/pose_graph_tools_msgs/msg/detail/bow_query__functions.h
-- Up-to-date: /home/siny/hydra_ws/install/pose_graph_tools_msgs/include/pose_graph_tools_msgs/pose_graph_tools_msgs/msg/detail/vlc_requests__description.c
-- Up-to-date: /home/siny/hydra_ws/install/pose_graph_tools_msgs/include/pose_graph_tools_msgs/pose_graph_tools_msgs/msg/detail/bow_queries__struct.h
-- Up-to-date: /home/siny/hydra_ws/install/pose_graph_tools_msgs/include/pose_graph_tools_msgs/pose_graph_tools_msgs/msg/detail/pose_graph_node__struct.h
-- Up-to-date: /home/siny/hydra_ws/install/pose_graph_tools_msgs/include/pose_graph_tools_msgs/pose_graph_tools_msgs/msg/detail/bow_query__type_support.c
-- Up-to-date: /home/siny/hydra_ws/install/pose_graph_tools_msgs/include/pose_graph_tools_msgs/pose_graph_tools_msgs/msg/detail/bow_queries__description.c
-- Up-to-date: /home/siny/hydra_ws/install/pose_graph_tools_msgs/include/pose_graph_tools_msgs/pose_graph_tools_msgs/msg/detail/time_range_query__functions.c
-- Up-to-date: /home/siny/hydra_ws/install/pose_graph_tools_msgs/include/pose_graph_tools_msgs/pose_graph_tools_msgs/msg/detail/loop_closures__type_support.h
-- Up-to-date: /home/siny/hydra_ws/install/pose_graph_tools_msgs/include/pose_graph_tools_msgs/pose_graph_tools_msgs/msg/detail/bow_vector__functions.h
-- Up-to-date: /home/siny/hydra_ws/install/pose_graph_tools_msgs/include/pose_graph_tools_msgs/pose_graph_tools_msgs/msg/detail/vlc_requests__type_support.c
-- Up-to-date: /home/siny/hydra_ws/install/pose_graph_tools_msgs/include/pose_graph_tools_msgs/pose_graph_tools_msgs/msg/detail/loop_closures__functions.h
-- Up-to-date: /home/siny/hydra_ws/install/pose_graph_tools_msgs/include/pose_graph_tools_msgs/pose_graph_tools_msgs/msg/detail/bow_requests__functions.h
-- Up-to-date: /home/siny/hydra_ws/install/pose_graph_tools_msgs/include/pose_graph_tools_msgs/pose_graph_tools_msgs/msg/detail/bow_requests__type_support.h
-- Up-to-date: /home/siny/hydra_ws/install/pose_graph_tools_msgs/include/pose_graph_tools_msgs/pose_graph_tools_msgs/msg/detail/bow_queries__type_support.c
-- Up-to-date: /home/siny/hydra_ws/install/pose_graph_tools_msgs/include/pose_graph_tools_msgs/pose_graph_tools_msgs/msg/detail/pose_graph_edge__type_support.c
-- Up-to-date: /home/siny/hydra_ws/install/pose_graph_tools_msgs/include/pose_graph_tools_msgs/pose_graph_tools_msgs/msg/detail/time_range_query__functions.h
-- Up-to-date: /home/siny/hydra_ws/install/pose_graph_tools_msgs/include/pose_graph_tools_msgs/pose_graph_tools_msgs/msg/detail/vlc_frames__description.c
-- Up-to-date: /home/siny/hydra_ws/install/pose_graph_tools_msgs/include/pose_graph_tools_msgs/pose_graph_tools_msgs/msg/detail/bow_queries__functions.h
-- Up-to-date: /home/siny/hydra_ws/install/pose_graph_tools_msgs/include/pose_graph_tools_msgs/pose_graph_tools_msgs/msg/detail/bow_queries__functions.c
-- Up-to-date: /home/siny/hydra_ws/install/pose_graph_tools_msgs/include/pose_graph_tools_msgs/pose_graph_tools_msgs/msg/detail/bow_query__description.c
-- Up-to-date: /home/siny/hydra_ws/install/pose_graph_tools_msgs/include/pose_graph_tools_msgs/pose_graph_tools_msgs/msg/detail/time_range_query__struct.h
-- Up-to-date: /home/siny/hydra_ws/install/pose_graph_tools_msgs/include/pose_graph_tools_msgs/pose_graph_tools_msgs/msg/detail/loop_closures__type_support.c
-- Up-to-date: /home/siny/hydra_ws/install/pose_graph_tools_msgs/include/pose_graph_tools_msgs/pose_graph_tools_msgs/msg/detail/vlc_frame_msg__description.c
-- Up-to-date: /home/siny/hydra_ws/install/pose_graph_tools_msgs/include/pose_graph_tools_msgs/pose_graph_tools_msgs/msg/detail/loop_closures__struct.h
-- Up-to-date: /home/siny/hydra_ws/install/pose_graph_tools_msgs/include/pose_graph_tools_msgs/pose_graph_tools_msgs/msg/detail/bow_query__struct.h
-- Up-to-date: /home/siny/hydra_ws/install/pose_graph_tools_msgs/include/pose_graph_tools_msgs/pose_graph_tools_msgs/msg/detail/loop_closures__description.c
-- Up-to-date: /home/siny/hydra_ws/install/pose_graph_tools_msgs/include/pose_graph_tools_msgs/pose_graph_tools_msgs/msg/detail/bow_queries__type_support.h
-- Up-to-date: /home/siny/hydra_ws/install/pose_graph_tools_msgs/include/pose_graph_tools_msgs/pose_graph_tools_msgs/msg/detail/pose_graph__functions.h
-- Up-to-date: /home/siny/hydra_ws/install/pose_graph_tools_msgs/include/pose_graph_tools_msgs/pose_graph_tools_msgs/msg/detail/time_range_query__description.c
-- Up-to-date: /home/siny/hydra_ws/install/pose_graph_tools_msgs/include/pose_graph_tools_msgs/pose_graph_tools_msgs/msg/detail/bow_vector__type_support.c
-- Up-to-date: /home/siny/hydra_ws/install/pose_graph_tools_msgs/include/pose_graph_tools_msgs/pose_graph_tools_msgs/msg/detail/vlc_requests__type_support.h
-- Up-to-date: /home/siny/hydra_ws/install/pose_graph_tools_msgs/include/pose_graph_tools_msgs/pose_graph_tools_msgs/msg/detail/vlc_frame_msg__type_support.h
-- Up-to-date: /home/siny/hydra_ws/install/pose_graph_tools_msgs/include/pose_graph_tools_msgs/pose_graph_tools_msgs/msg/detail/time_range_query__type_support.h
-- Up-to-date: /home/siny/hydra_ws/install/pose_graph_tools_msgs/include/pose_graph_tools_msgs/pose_graph_tools_msgs/msg/detail/pose_graph_node__functions.h
-- Up-to-date: /home/siny/hydra_ws/install/pose_graph_tools_msgs/include/pose_graph_tools_msgs/pose_graph_tools_msgs/msg/detail/pose_graph_node__type_support.h
-- Up-to-date: /home/siny/hydra_ws/install/pose_graph_tools_msgs/include/pose_graph_tools_msgs/pose_graph_tools_msgs/msg/detail/pose_graph__struct.h
-- Up-to-date: /home/siny/hydra_ws/install/pose_graph_tools_msgs/include/pose_graph_tools_msgs/pose_graph_tools_msgs/msg/detail/vlc_frames__struct.h
-- Up-to-date: /home/siny/hydra_ws/install/pose_graph_tools_msgs/include/pose_graph_tools_msgs/pose_graph_tools_msgs/msg/detail/vlc_requests__struct.h
-- Up-to-date: /home/siny/hydra_ws/install/pose_graph_tools_msgs/include/pose_graph_tools_msgs/pose_graph_tools_msgs/msg/detail/bow_requests__type_support.c
-- Up-to-date: /home/siny/hydra_ws/install/pose_graph_tools_msgs/include/pose_graph_tools_msgs/pose_graph_tools_msgs/msg/detail/pose_graph__type_support.c
-- Up-to-date: /home/siny/hydra_ws/install/pose_graph_tools_msgs/share/pose_graph_tools_msgs/environment/library_path.sh
-- Up-to-date: /home/siny/hydra_ws/install/pose_graph_tools_msgs/share/pose_graph_tools_msgs/environment/library_path.dsv
-- Up-to-date: /home/siny/hydra_ws/install/pose_graph_tools_msgs/lib/libpose_graph_tools_msgs__rosidl_generator_c.so
-- Up-to-date: /home/siny/hydra_ws/install/pose_graph_tools_msgs/include/pose_graph_tools_msgs/pose_graph_tools_msgs
-- Up-to-date: /home/siny/hydra_ws/install/pose_graph_tools_msgs/include/pose_graph_tools_msgs/pose_graph_tools_msgs/srv
-- Up-to-date: /home/siny/hydra_ws/install/pose_graph_tools_msgs/include/pose_graph_tools_msgs/pose_graph_tools_msgs/srv/detail
-- Up-to-date: /home/siny/hydra_ws/install/pose_graph_tools_msgs/include/pose_graph_tools_msgs/pose_graph_tools_msgs/srv/detail/lcd_frame_registration__rosidl_typesupport_fastrtps_c.h
-- Up-to-date: /home/siny/hydra_ws/install/pose_graph_tools_msgs/include/pose_graph_tools_msgs/pose_graph_tools_msgs/srv/detail/vlc_frame_query__rosidl_typesupport_fastrtps_c.h
-- Up-to-date: /home/siny/hydra_ws/install/pose_graph_tools_msgs/include/pose_graph_tools_msgs/pose_graph_tools_msgs/srv/detail/pose_graph_query__rosidl_typesupport_fastrtps_c.h
-- Up-to-date: /home/siny/hydra_ws/install/pose_graph_tools_msgs/include/pose_graph_tools_msgs/pose_graph_tools_msgs/msg
-- Up-to-date: /home/siny/hydra_ws/install/pose_graph_tools_msgs/include/pose_graph_tools_msgs/pose_graph_tools_msgs/msg/rosidl_typesupport_fastrtps_c__visibility_control.h
-- Up-to-date: /home/siny/hydra_ws/install/pose_graph_tools_msgs/include/pose_graph_tools_msgs/pose_graph_tools_msgs/msg/detail
-- Up-to-date: /home/siny/hydra_ws/install/pose_graph_tools_msgs/include/pose_graph_tools_msgs/pose_graph_tools_msgs/msg/detail/vlc_requests__rosidl_typesupport_fastrtps_c.h
-- Up-to-date: /home/siny/hydra_ws/install/pose_graph_tools_msgs/include/pose_graph_tools_msgs/pose_graph_tools_msgs/msg/detail/pose_graph_edge__rosidl_typesupport_fastrtps_c.h
-- Up-to-date: /home/siny/hydra_ws/install/pose_graph_tools_msgs/include/pose_graph_tools_msgs/pose_graph_tools_msgs/msg/detail/bow_requests__rosidl_typesupport_fastrtps_c.h
-- Up-to-date: /home/siny/hydra_ws/install/pose_graph_tools_msgs/include/pose_graph_tools_msgs/pose_graph_tools_msgs/msg/detail/time_range_query__rosidl_typesupport_fastrtps_c.h
-- Up-to-date: /home/siny/hydra_ws/install/pose_graph_tools_msgs/include/pose_graph_tools_msgs/pose_graph_tools_msgs/msg/detail/loop_closures_ack__rosidl_typesupport_fastrtps_c.h
-- Up-to-date: /home/siny/hydra_ws/install/pose_graph_tools_msgs/include/pose_graph_tools_msgs/pose_graph_tools_msgs/msg/detail/loop_closures__rosidl_typesupport_fastrtps_c.h
-- Up-to-date: /home/siny/hydra_ws/install/pose_graph_tools_msgs/include/pose_graph_tools_msgs/pose_graph_tools_msgs/msg/detail/pose_graph__rosidl_typesupport_fastrtps_c.h
-- Up-to-date: /home/siny/hydra_ws/install/pose_graph_tools_msgs/include/pose_graph_tools_msgs/pose_graph_tools_msgs/msg/detail/bow_vector__rosidl_typesupport_fastrtps_c.h
-- Up-to-date: /home/siny/hydra_ws/install/pose_graph_tools_msgs/include/pose_graph_tools_msgs/pose_graph_tools_msgs/msg/detail/bow_query__rosidl_typesupport_fastrtps_c.h
-- Up-to-date: /home/siny/hydra_ws/install/pose_graph_tools_msgs/include/pose_graph_tools_msgs/pose_graph_tools_msgs/msg/detail/vlc_frames__rosidl_typesupport_fastrtps_c.h
-- Up-to-date: /home/siny/hydra_ws/install/pose_graph_tools_msgs/include/pose_graph_tools_msgs/pose_graph_tools_msgs/msg/detail/bow_queries__rosidl_typesupport_fastrtps_c.h
-- Up-to-date: /home/siny/hydra_ws/install/pose_graph_tools_msgs/include/pose_graph_tools_msgs/pose_graph_tools_msgs/msg/detail/vlc_frame_msg__rosidl_typesupport_fastrtps_c.h
-- Up-to-date: /home/siny/hydra_ws/install/pose_graph_tools_msgs/include/pose_graph_tools_msgs/pose_graph_tools_msgs/msg/detail/pose_graph_node__rosidl_typesupport_fastrtps_c.h
-- Up-to-date: /home/siny/hydra_ws/install/pose_graph_tools_msgs/lib/libpose_graph_tools_msgs__rosidl_typesupport_fastrtps_c.so
-- Up-to-date: /home/siny/hydra_ws/install/pose_graph_tools_msgs/include/pose_graph_tools_msgs/pose_graph_tools_msgs
-- Up-to-date: /home/siny/hydra_ws/install/pose_graph_tools_msgs/include/pose_graph_tools_msgs/pose_graph_tools_msgs/srv
-- Up-to-date: /home/siny/hydra_ws/install/pose_graph_tools_msgs/include/pose_graph_tools_msgs/pose_graph_tools_msgs/srv/lcd_frame_registration.hpp
-- Up-to-date: /home/siny/hydra_ws/install/pose_graph_tools_msgs/include/pose_graph_tools_msgs/pose_graph_tools_msgs/srv/pose_graph_query.hpp
-- Up-to-date: /home/siny/hydra_ws/install/pose_graph_tools_msgs/include/pose_graph_tools_msgs/pose_graph_tools_msgs/srv/vlc_frame_query.hpp
-- Up-to-date: /home/siny/hydra_ws/install/pose_graph_tools_msgs/include/pose_graph_tools_msgs/pose_graph_tools_msgs/srv/detail
-- Up-to-date: /home/siny/hydra_ws/install/pose_graph_tools_msgs/include/pose_graph_tools_msgs/pose_graph_tools_msgs/srv/detail/vlc_frame_query__traits.hpp
-- Up-to-date: /home/siny/hydra_ws/install/pose_graph_tools_msgs/include/pose_graph_tools_msgs/pose_graph_tools_msgs/srv/detail/lcd_frame_registration__type_support.hpp
-- Up-to-date: /home/siny/hydra_ws/install/pose_graph_tools_msgs/include/pose_graph_tools_msgs/pose_graph_tools_msgs/srv/detail/vlc_frame_query__struct.hpp
-- Up-to-date: /home/siny/hydra_ws/install/pose_graph_tools_msgs/include/pose_graph_tools_msgs/pose_graph_tools_msgs/srv/detail/lcd_frame_registration__builder.hpp
-- Up-to-date: /home/siny/hydra_ws/install/pose_graph_tools_msgs/include/pose_graph_tools_msgs/pose_graph_tools_msgs/srv/detail/pose_graph_query__traits.hpp
-- Up-to-date: /home/siny/hydra_ws/install/pose_graph_tools_msgs/include/pose_graph_tools_msgs/pose_graph_tools_msgs/srv/detail/pose_graph_query__builder.hpp
-- Up-to-date: /home/siny/hydra_ws/install/pose_graph_tools_msgs/include/pose_graph_tools_msgs/pose_graph_tools_msgs/srv/detail/vlc_frame_query__type_support.hpp
-- Up-to-date: /home/siny/hydra_ws/install/pose_graph_tools_msgs/include/pose_graph_tools_msgs/pose_graph_tools_msgs/srv/detail/pose_graph_query__type_support.hpp
-- Up-to-date: /home/siny/hydra_ws/install/pose_graph_tools_msgs/include/pose_graph_tools_msgs/pose_graph_tools_msgs/srv/detail/lcd_frame_registration__struct.hpp
-- Up-to-date: /home/siny/hydra_ws/install/pose_graph_tools_msgs/include/pose_graph_tools_msgs/pose_graph_tools_msgs/srv/detail/pose_graph_query__struct.hpp
-- Up-to-date: /home/siny/hydra_ws/install/pose_graph_tools_msgs/include/pose_graph_tools_msgs/pose_graph_tools_msgs/srv/detail/vlc_frame_query__builder.hpp
-- Up-to-date: /home/siny/hydra_ws/install/pose_graph_tools_msgs/include/pose_graph_tools_msgs/pose_graph_tools_msgs/srv/detail/lcd_frame_registration__traits.hpp
-- Up-to-date: /home/siny/hydra_ws/install/pose_graph_tools_msgs/include/pose_graph_tools_msgs/pose_graph_tools_msgs/msg
-- Up-to-date: /home/siny/hydra_ws/install/pose_graph_tools_msgs/include/pose_graph_tools_msgs/pose_graph_tools_msgs/msg/time_range_query.hpp
-- Up-to-date: /home/siny/hydra_ws/install/pose_graph_tools_msgs/include/pose_graph_tools_msgs/pose_graph_tools_msgs/msg/bow_vector.hpp
-- Up-to-date: /home/siny/hydra_ws/install/pose_graph_tools_msgs/include/pose_graph_tools_msgs/pose_graph_tools_msgs/msg/pose_graph_node.hpp
-- Up-to-date: /home/siny/hydra_ws/install/pose_graph_tools_msgs/include/pose_graph_tools_msgs/pose_graph_tools_msgs/msg/loop_closures_ack.hpp
-- Up-to-date: /home/siny/hydra_ws/install/pose_graph_tools_msgs/include/pose_graph_tools_msgs/pose_graph_tools_msgs/msg/bow_queries.hpp
-- Up-to-date: /home/siny/hydra_ws/install/pose_graph_tools_msgs/include/pose_graph_tools_msgs/pose_graph_tools_msgs/msg/pose_graph_edge.hpp
-- Up-to-date: /home/siny/hydra_ws/install/pose_graph_tools_msgs/include/pose_graph_tools_msgs/pose_graph_tools_msgs/msg/vlc_requests.hpp
-- Up-to-date: /home/siny/hydra_ws/install/pose_graph_tools_msgs/include/pose_graph_tools_msgs/pose_graph_tools_msgs/msg/pose_graph.hpp
-- Up-to-date: /home/siny/hydra_ws/install/pose_graph_tools_msgs/include/pose_graph_tools_msgs/pose_graph_tools_msgs/msg/bow_query.hpp
-- Up-to-date: /home/siny/hydra_ws/install/pose_graph_tools_msgs/include/pose_graph_tools_msgs/pose_graph_tools_msgs/msg/detail
-- Up-to-date: /home/siny/hydra_ws/install/pose_graph_tools_msgs/include/pose_graph_tools_msgs/pose_graph_tools_msgs/msg/detail/bow_query__struct.hpp
-- Up-to-date: /home/siny/hydra_ws/install/pose_graph_tools_msgs/include/pose_graph_tools_msgs/pose_graph_tools_msgs/msg/detail/vlc_requests__type_support.hpp
-- Up-to-date: /home/siny/hydra_ws/install/pose_graph_tools_msgs/include/pose_graph_tools_msgs/pose_graph_tools_msgs/msg/detail/bow_vector__builder.hpp
-- Up-to-date: /home/siny/hydra_ws/install/pose_graph_tools_msgs/include/pose_graph_tools_msgs/pose_graph_tools_msgs/msg/detail/vlc_frames__builder.hpp
-- Up-to-date: /home/siny/hydra_ws/install/pose_graph_tools_msgs/include/pose_graph_tools_msgs/pose_graph_tools_msgs/msg/detail/pose_graph_node__struct.hpp
-- Up-to-date: /home/siny/hydra_ws/install/pose_graph_tools_msgs/include/pose_graph_tools_msgs/pose_graph_tools_msgs/msg/detail/bow_query__traits.hpp
-- Up-to-date: /home/siny/hydra_ws/install/pose_graph_tools_msgs/include/pose_graph_tools_msgs/pose_graph_tools_msgs/msg/detail/pose_graph__type_support.hpp
-- Up-to-date: /home/siny/hydra_ws/install/pose_graph_tools_msgs/include/pose_graph_tools_msgs/pose_graph_tools_msgs/msg/detail/vlc_frame_msg__struct.hpp
-- Up-to-date: /home/siny/hydra_ws/install/pose_graph_tools_msgs/include/pose_graph_tools_msgs/pose_graph_tools_msgs/msg/detail/loop_closures__traits.hpp
-- Up-to-date: /home/siny/hydra_ws/install/pose_graph_tools_msgs/include/pose_graph_tools_msgs/pose_graph_tools_msgs/msg/detail/vlc_requests__traits.hpp
-- Up-to-date: /home/siny/hydra_ws/install/pose_graph_tools_msgs/include/pose_graph_tools_msgs/pose_graph_tools_msgs/msg/detail/time_range_query__traits.hpp
-- Up-to-date: /home/siny/hydra_ws/install/pose_graph_tools_msgs/include/pose_graph_tools_msgs/pose_graph_tools_msgs/msg/detail/bow_query__builder.hpp
-- Up-to-date: /home/siny/hydra_ws/install/pose_graph_tools_msgs/include/pose_graph_tools_msgs/pose_graph_tools_msgs/msg/detail/vlc_requests__struct.hpp
-- Up-to-date: /home/siny/hydra_ws/install/pose_graph_tools_msgs/include/pose_graph_tools_msgs/pose_graph_tools_msgs/msg/detail/vlc_frames__type_support.hpp
-- Up-to-date: /home/siny/hydra_ws/install/pose_graph_tools_msgs/include/pose_graph_tools_msgs/pose_graph_tools_msgs/msg/detail/bow_requests__struct.hpp
-- Up-to-date: /home/siny/hydra_ws/install/pose_graph_tools_msgs/include/pose_graph_tools_msgs/pose_graph_tools_msgs/msg/detail/vlc_frame_msg__traits.hpp
-- Up-to-date: /home/siny/hydra_ws/install/pose_graph_tools_msgs/include/pose_graph_tools_msgs/pose_graph_tools_msgs/msg/detail/vlc_requests__builder.hpp
-- Up-to-date: /home/siny/hydra_ws/install/pose_graph_tools_msgs/include/pose_graph_tools_msgs/pose_graph_tools_msgs/msg/detail/loop_closures__builder.hpp
-- Up-to-date: /home/siny/hydra_ws/install/pose_graph_tools_msgs/include/pose_graph_tools_msgs/pose_graph_tools_msgs/msg/detail/bow_queries__struct.hpp
-- Up-to-date: /home/siny/hydra_ws/install/pose_graph_tools_msgs/include/pose_graph_tools_msgs/pose_graph_tools_msgs/msg/detail/bow_queries__type_support.hpp
-- Up-to-date: /home/siny/hydra_ws/install/pose_graph_tools_msgs/include/pose_graph_tools_msgs/pose_graph_tools_msgs/msg/detail/pose_graph__struct.hpp
-- Up-to-date: /home/siny/hydra_ws/install/pose_graph_tools_msgs/include/pose_graph_tools_msgs/pose_graph_tools_msgs/msg/detail/vlc_frames__traits.hpp
-- Up-to-date: /home/siny/hydra_ws/install/pose_graph_tools_msgs/include/pose_graph_tools_msgs/pose_graph_tools_msgs/msg/detail/bow_vector__type_support.hpp
-- Up-to-date: /home/siny/hydra_ws/install/pose_graph_tools_msgs/include/pose_graph_tools_msgs/pose_graph_tools_msgs/msg/detail/vlc_frame_msg__builder.hpp
-- Up-to-date: /home/siny/hydra_ws/install/pose_graph_tools_msgs/include/pose_graph_tools_msgs/pose_graph_tools_msgs/msg/detail/vlc_frame_msg__type_support.hpp
-- Up-to-date: /home/siny/hydra_ws/install/pose_graph_tools_msgs/include/pose_graph_tools_msgs/pose_graph_tools_msgs/msg/detail/pose_graph_edge__type_support.hpp
-- Up-to-date: /home/siny/hydra_ws/install/pose_graph_tools_msgs/include/pose_graph_tools_msgs/pose_graph_tools_msgs/msg/detail/loop_closures__struct.hpp
-- Up-to-date: /home/siny/hydra_ws/install/pose_graph_tools_msgs/include/pose_graph_tools_msgs/pose_graph_tools_msgs/msg/detail/bow_query__type_support.hpp
-- Up-to-date: /home/siny/hydra_ws/install/pose_graph_tools_msgs/include/pose_graph_tools_msgs/pose_graph_tools_msgs/msg/detail/time_range_query__struct.hpp
-- Up-to-date: /home/siny/hydra_ws/install/pose_graph_tools_msgs/include/pose_graph_tools_msgs/pose_graph_tools_msgs/msg/detail/bow_queries__traits.hpp
-- Up-to-date: /home/siny/hydra_ws/install/pose_graph_tools_msgs/include/pose_graph_tools_msgs/pose_graph_tools_msgs/msg/detail/vlc_frames__struct.hpp
-- Up-to-date: /home/siny/hydra_ws/install/pose_graph_tools_msgs/include/pose_graph_tools_msgs/pose_graph_tools_msgs/msg/detail/time_range_query__type_support.hpp
-- Up-to-date: /home/siny/hydra_ws/install/pose_graph_tools_msgs/include/pose_graph_tools_msgs/pose_graph_tools_msgs/msg/detail/bow_requests__traits.hpp
-- Up-to-date: /home/siny/hydra_ws/install/pose_graph_tools_msgs/include/pose_graph_tools_msgs/pose_graph_tools_msgs/msg/detail/time_range_query__builder.hpp
-- Up-to-date: /home/siny/hydra_ws/install/pose_graph_tools_msgs/include/pose_graph_tools_msgs/pose_graph_tools_msgs/msg/detail/pose_graph_node__traits.hpp
-- Up-to-date: /home/siny/hydra_ws/install/pose_graph_tools_msgs/include/pose_graph_tools_msgs/pose_graph_tools_msgs/msg/detail/pose_graph__traits.hpp
-- Up-to-date: /home/siny/hydra_ws/install/pose_graph_tools_msgs/include/pose_graph_tools_msgs/pose_graph_tools_msgs/msg/detail/bow_vector__struct.hpp
-- Up-to-date: /home/siny/hydra_ws/install/pose_graph_tools_msgs/include/pose_graph_tools_msgs/pose_graph_tools_msgs/msg/detail/pose_graph_edge__builder.hpp
-- Up-to-date: /home/siny/hydra_ws/install/pose_graph_tools_msgs/include/pose_graph_tools_msgs/pose_graph_tools_msgs/msg/detail/loop_closures_ack__traits.hpp
-- Up-to-date: /home/siny/hydra_ws/install/pose_graph_tools_msgs/include/pose_graph_tools_msgs/pose_graph_tools_msgs/msg/detail/pose_graph__builder.hpp
-- Up-to-date: /home/siny/hydra_ws/install/pose_graph_tools_msgs/include/pose_graph_tools_msgs/pose_graph_tools_msgs/msg/detail/pose_graph_edge__traits.hpp
-- Up-to-date: /home/siny/hydra_ws/install/pose_graph_tools_msgs/include/pose_graph_tools_msgs/pose_graph_tools_msgs/msg/detail/pose_graph_node__builder.hpp
-- Up-to-date: /home/siny/hydra_ws/install/pose_graph_tools_msgs/include/pose_graph_tools_msgs/pose_graph_tools_msgs/msg/detail/loop_closures_ack__struct.hpp
-- Up-to-date: /home/siny/hydra_ws/install/pose_graph_tools_msgs/include/pose_graph_tools_msgs/pose_graph_tools_msgs/msg/detail/loop_closures_ack__type_support.hpp
-- Up-to-date: /home/siny/hydra_ws/install/pose_graph_tools_msgs/include/pose_graph_tools_msgs/pose_graph_tools_msgs/msg/detail/pose_graph_edge__struct.hpp
-- Up-to-date: /home/siny/hydra_ws/install/pose_graph_tools_msgs/include/pose_graph_tools_msgs/pose_graph_tools_msgs/msg/detail/bow_queries__builder.hpp
-- Up-to-date: /home/siny/hydra_ws/install/pose_graph_tools_msgs/include/pose_graph_tools_msgs/pose_graph_tools_msgs/msg/detail/bow_requests__builder.hpp
-- Up-to-date: /home/siny/hydra_ws/install/pose_graph_tools_msgs/include/pose_graph_tools_msgs/pose_graph_tools_msgs/msg/detail/bow_requests__type_support.hpp
-- Up-to-date: /home/siny/hydra_ws/install/pose_graph_tools_msgs/include/pose_graph_tools_msgs/pose_graph_tools_msgs/msg/detail/bow_vector__traits.hpp
-- Up-to-date: /home/siny/hydra_ws/install/pose_graph_tools_msgs/include/pose_graph_tools_msgs/pose_graph_tools_msgs/msg/detail/loop_closures__type_support.hpp
-- Up-to-date: /home/siny/hydra_ws/install/pose_graph_tools_msgs/include/pose_graph_tools_msgs/pose_graph_tools_msgs/msg/detail/loop_closures_ack__builder.hpp
-- Up-to-date: /home/siny/hydra_ws/install/pose_graph_tools_msgs/include/pose_graph_tools_msgs/pose_graph_tools_msgs/msg/detail/pose_graph_node__type_support.hpp
-- Up-to-date: /home/siny/hydra_ws/install/pose_graph_tools_msgs/include/pose_graph_tools_msgs/pose_graph_tools_msgs/msg/vlc_frame_msg.hpp
-- Up-to-date: /home/siny/hydra_ws/install/pose_graph_tools_msgs/include/pose_graph_tools_msgs/pose_graph_tools_msgs/msg/vlc_frames.hpp
-- Up-to-date: /home/siny/hydra_ws/install/pose_graph_tools_msgs/include/pose_graph_tools_msgs/pose_graph_tools_msgs/msg/loop_closures.hpp
-- Up-to-date: /home/siny/hydra_ws/install/pose_graph_tools_msgs/include/pose_graph_tools_msgs/pose_graph_tools_msgs/msg/bow_requests.hpp
-- Up-to-date: /home/siny/hydra_ws/install/pose_graph_tools_msgs/include/pose_graph_tools_msgs/pose_graph_tools_msgs/msg/rosidl_generator_cpp__visibility_control.hpp
-- Up-to-date: /home/siny/hydra_ws/install/pose_graph_tools_msgs/include/pose_graph_tools_msgs/pose_graph_tools_msgs
-- Up-to-date: /home/siny/hydra_ws/install/pose_graph_tools_msgs/include/pose_graph_tools_msgs/pose_graph_tools_msgs/srv
-- Up-to-date: /home/siny/hydra_ws/install/pose_graph_tools_msgs/include/pose_graph_tools_msgs/pose_graph_tools_msgs/srv/detail
-- Up-to-date: /home/siny/hydra_ws/install/pose_graph_tools_msgs/include/pose_graph_tools_msgs/pose_graph_tools_msgs/srv/detail/pose_graph_query__rosidl_typesupport_fastrtps_cpp.hpp
-- Up-to-date: /home/siny/hydra_ws/install/pose_graph_tools_msgs/include/pose_graph_tools_msgs/pose_graph_tools_msgs/srv/detail/dds_fastrtps
-- Up-to-date: /home/siny/hydra_ws/install/pose_graph_tools_msgs/include/pose_graph_tools_msgs/pose_graph_tools_msgs/srv/detail/vlc_frame_query__rosidl_typesupport_fastrtps_cpp.hpp
-- Up-to-date: /home/siny/hydra_ws/install/pose_graph_tools_msgs/include/pose_graph_tools_msgs/pose_graph_tools_msgs/srv/detail/lcd_frame_registration__rosidl_typesupport_fastrtps_cpp.hpp
-- Up-to-date: /home/siny/hydra_ws/install/pose_graph_tools_msgs/include/pose_graph_tools_msgs/pose_graph_tools_msgs/msg
-- Up-to-date: /home/siny/hydra_ws/install/pose_graph_tools_msgs/include/pose_graph_tools_msgs/pose_graph_tools_msgs/msg/rosidl_typesupport_fastrtps_cpp__visibility_control.h
-- Up-to-date: /home/siny/hydra_ws/install/pose_graph_tools_msgs/include/pose_graph_tools_msgs/pose_graph_tools_msgs/msg/detail
-- Up-to-date: /home/siny/hydra_ws/install/pose_graph_tools_msgs/include/pose_graph_tools_msgs/pose_graph_tools_msgs/msg/detail/vlc_frames__rosidl_typesupport_fastrtps_cpp.hpp
-- Up-to-date: /home/siny/hydra_ws/install/pose_graph_tools_msgs/include/pose_graph_tools_msgs/pose_graph_tools_msgs/msg/detail/dds_fastrtps
-- Up-to-date: /home/siny/hydra_ws/install/pose_graph_tools_msgs/include/pose_graph_tools_msgs/pose_graph_tools_msgs/msg/detail/bow_queries__rosidl_typesupport_fastrtps_cpp.hpp
-- Up-to-date: /home/siny/hydra_ws/install/pose_graph_tools_msgs/include/pose_graph_tools_msgs/pose_graph_tools_msgs/msg/detail/pose_graph_edge__rosidl_typesupport_fastrtps_cpp.hpp
-- Up-to-date: /home/siny/hydra_ws/install/pose_graph_tools_msgs/include/pose_graph_tools_msgs/pose_graph_tools_msgs/msg/detail/bow_query__rosidl_typesupport_fastrtps_cpp.hpp
-- Up-to-date: /home/siny/hydra_ws/install/pose_graph_tools_msgs/include/pose_graph_tools_msgs/pose_graph_tools_msgs/msg/detail/bow_vector__rosidl_typesupport_fastrtps_cpp.hpp
-- Up-to-date: /home/siny/hydra_ws/install/pose_graph_tools_msgs/include/pose_graph_tools_msgs/pose_graph_tools_msgs/msg/detail/loop_closures__rosidl_typesupport_fastrtps_cpp.hpp
-- Up-to-date: /home/siny/hydra_ws/install/pose_graph_tools_msgs/include/pose_graph_tools_msgs/pose_graph_tools_msgs/msg/detail/vlc_requests__rosidl_typesupport_fastrtps_cpp.hpp
-- Up-to-date: /home/siny/hydra_ws/install/pose_graph_tools_msgs/include/pose_graph_tools_msgs/pose_graph_tools_msgs/msg/detail/loop_closures_ack__rosidl_typesupport_fastrtps_cpp.hpp
-- Up-to-date: /home/siny/hydra_ws/install/pose_graph_tools_msgs/include/pose_graph_tools_msgs/pose_graph_tools_msgs/msg/detail/time_range_query__rosidl_typesupport_fastrtps_cpp.hpp
-- Up-to-date: /home/siny/hydra_ws/install/pose_graph_tools_msgs/include/pose_graph_tools_msgs/pose_graph_tools_msgs/msg/detail/pose_graph_node__rosidl_typesupport_fastrtps_cpp.hpp
-- Up-to-date: /home/siny/hydra_ws/install/pose_graph_tools_msgs/include/pose_graph_tools_msgs/pose_graph_tools_msgs/msg/detail/vlc_frame_msg__rosidl_typesupport_fastrtps_cpp.hpp
-- Up-to-date: /home/siny/hydra_ws/install/pose_graph_tools_msgs/include/pose_graph_tools_msgs/pose_graph_tools_msgs/msg/detail/pose_graph__rosidl_typesupport_fastrtps_cpp.hpp
-- Up-to-date: /home/siny/hydra_ws/install/pose_graph_tools_msgs/include/pose_graph_tools_msgs/pose_graph_tools_msgs/msg/detail/bow_requests__rosidl_typesupport_fastrtps_cpp.hpp
-- Up-to-date: /home/siny/hydra_ws/install/pose_graph_tools_msgs/lib/libpose_graph_tools_msgs__rosidl_typesupport_fastrtps_cpp.so
-- Up-to-date: /home/siny/hydra_ws/install/pose_graph_tools_msgs/include/pose_graph_tools_msgs/pose_graph_tools_msgs
-- Up-to-date: /home/siny/hydra_ws/install/pose_graph_tools_msgs/include/pose_graph_tools_msgs/pose_graph_tools_msgs/srv
-- Up-to-date: /home/siny/hydra_ws/install/pose_graph_tools_msgs/include/pose_graph_tools_msgs/pose_graph_tools_msgs/srv/detail
-- Up-to-date: /home/siny/hydra_ws/install/pose_graph_tools_msgs/include/pose_graph_tools_msgs/pose_graph_tools_msgs/srv/detail/lcd_frame_registration__rosidl_typesupport_introspection_c.h
-- Up-to-date: /home/siny/hydra_ws/install/pose_graph_tools_msgs/include/pose_graph_tools_msgs/pose_graph_tools_msgs/srv/detail/pose_graph_query__type_support.c
-- Up-to-date: /home/siny/hydra_ws/install/pose_graph_tools_msgs/include/pose_graph_tools_msgs/pose_graph_tools_msgs/srv/detail/vlc_frame_query__type_support.c
-- Up-to-date: /home/siny/hydra_ws/install/pose_graph_tools_msgs/include/pose_graph_tools_msgs/pose_graph_tools_msgs/srv/detail/lcd_frame_registration__type_support.c
-- Up-to-date: /home/siny/hydra_ws/install/pose_graph_tools_msgs/include/pose_graph_tools_msgs/pose_graph_tools_msgs/srv/detail/vlc_frame_query__rosidl_typesupport_introspection_c.h
-- Up-to-date: /home/siny/hydra_ws/install/pose_graph_tools_msgs/include/pose_graph_tools_msgs/pose_graph_tools_msgs/srv/detail/pose_graph_query__rosidl_typesupport_introspection_c.h
-- Up-to-date: /home/siny/hydra_ws/install/pose_graph_tools_msgs/include/pose_graph_tools_msgs/pose_graph_tools_msgs/msg
-- Up-to-date: /home/siny/hydra_ws/install/pose_graph_tools_msgs/include/pose_graph_tools_msgs/pose_graph_tools_msgs/msg/detail
-- Up-to-date: /home/siny/hydra_ws/install/pose_graph_tools_msgs/include/pose_graph_tools_msgs/pose_graph_tools_msgs/msg/detail/pose_graph_edge__rosidl_typesupport_introspection_c.h
-- Up-to-date: /home/siny/hydra_ws/install/pose_graph_tools_msgs/include/pose_graph_tools_msgs/pose_graph_tools_msgs/msg/detail/bow_requests__rosidl_typesupport_introspection_c.h
-- Up-to-date: /home/siny/hydra_ws/install/pose_graph_tools_msgs/include/pose_graph_tools_msgs/pose_graph_tools_msgs/msg/detail/vlc_requests__rosidl_typesupport_introspection_c.h
-- Up-to-date: /home/siny/hydra_ws/install/pose_graph_tools_msgs/include/pose_graph_tools_msgs/pose_graph_tools_msgs/msg/detail/time_range_query__type_support.c
-- Up-to-date: /home/siny/hydra_ws/install/pose_graph_tools_msgs/include/pose_graph_tools_msgs/pose_graph_tools_msgs/msg/detail/vlc_frames__rosidl_typesupport_introspection_c.h
-- Up-to-date: /home/siny/hydra_ws/install/pose_graph_tools_msgs/include/pose_graph_tools_msgs/pose_graph_tools_msgs/msg/detail/loop_closures__rosidl_typesupport_introspection_c.h
-- Up-to-date: /home/siny/hydra_ws/install/pose_graph_tools_msgs/include/pose_graph_tools_msgs/pose_graph_tools_msgs/msg/detail/pose_graph__rosidl_typesupport_introspection_c.h
-- Up-to-date: /home/siny/hydra_ws/install/pose_graph_tools_msgs/include/pose_graph_tools_msgs/pose_graph_tools_msgs/msg/detail/vlc_frames__type_support.c
-- Up-to-date: /home/siny/hydra_ws/install/pose_graph_tools_msgs/include/pose_graph_tools_msgs/pose_graph_tools_msgs/msg/detail/pose_graph_node__type_support.c
-- Up-to-date: /home/siny/hydra_ws/install/pose_graph_tools_msgs/include/pose_graph_tools_msgs/pose_graph_tools_msgs/msg/detail/vlc_frame_msg__type_support.c
-- Up-to-date: /home/siny/hydra_ws/install/pose_graph_tools_msgs/include/pose_graph_tools_msgs/pose_graph_tools_msgs/msg/detail/bow_vector__rosidl_typesupport_introspection_c.h
-- Up-to-date: /home/siny/hydra_ws/install/pose_graph_tools_msgs/include/pose_graph_tools_msgs/pose_graph_tools_msgs/msg/detail/loop_closures_ack__type_support.c
-- Up-to-date: /home/siny/hydra_ws/install/pose_graph_tools_msgs/include/pose_graph_tools_msgs/pose_graph_tools_msgs/msg/detail/bow_queries__rosidl_typesupport_introspection_c.h
-- Up-to-date: /home/siny/hydra_ws/install/pose_graph_tools_msgs/include/pose_graph_tools_msgs/pose_graph_tools_msgs/msg/detail/bow_query__type_support.c
-- Up-to-date: /home/siny/hydra_ws/install/pose_graph_tools_msgs/include/pose_graph_tools_msgs/pose_graph_tools_msgs/msg/detail/vlc_frame_msg__rosidl_typesupport_introspection_c.h
-- Up-to-date: /home/siny/hydra_ws/install/pose_graph_tools_msgs/include/pose_graph_tools_msgs/pose_graph_tools_msgs/msg/detail/vlc_requests__type_support.c
-- Up-to-date: /home/siny/hydra_ws/install/pose_graph_tools_msgs/include/pose_graph_tools_msgs/pose_graph_tools_msgs/msg/detail/bow_queries__type_support.c
-- Up-to-date: /home/siny/hydra_ws/install/pose_graph_tools_msgs/include/pose_graph_tools_msgs/pose_graph_tools_msgs/msg/detail/pose_graph_edge__type_support.c
-- Up-to-date: /home/siny/hydra_ws/install/pose_graph_tools_msgs/include/pose_graph_tools_msgs/pose_graph_tools_msgs/msg/detail/loop_closures__type_support.c
-- Up-to-date: /home/siny/hydra_ws/install/pose_graph_tools_msgs/include/pose_graph_tools_msgs/pose_graph_tools_msgs/msg/detail/time_range_query__rosidl_typesupport_introspection_c.h
-- Up-to-date: /home/siny/hydra_ws/install/pose_graph_tools_msgs/include/pose_graph_tools_msgs/pose_graph_tools_msgs/msg/detail/pose_graph_node__rosidl_typesupport_introspection_c.h
-- Up-to-date: /home/siny/hydra_ws/install/pose_graph_tools_msgs/include/pose_graph_tools_msgs/pose_graph_tools_msgs/msg/detail/loop_closures_ack__rosidl_typesupport_introspection_c.h
-- Up-to-date: /home/siny/hydra_ws/install/pose_graph_tools_msgs/include/pose_graph_tools_msgs/pose_graph_tools_msgs/msg/detail/bow_vector__type_support.c
-- Up-to-date: /home/siny/hydra_ws/install/pose_graph_tools_msgs/include/pose_graph_tools_msgs/pose_graph_tools_msgs/msg/detail/bow_query__rosidl_typesupport_introspection_c.h
-- Up-to-date: /home/siny/hydra_ws/install/pose_graph_tools_msgs/include/pose_graph_tools_msgs/pose_graph_tools_msgs/msg/detail/bow_requests__type_support.c
-- Up-to-date: /home/siny/hydra_ws/install/pose_graph_tools_msgs/include/pose_graph_tools_msgs/pose_graph_tools_msgs/msg/detail/pose_graph__type_support.c
-- Up-to-date: /home/siny/hydra_ws/install/pose_graph_tools_msgs/include/pose_graph_tools_msgs/pose_graph_tools_msgs/msg/rosidl_typesupport_introspection_c__visibility_control.h
-- Up-to-date: /home/siny/hydra_ws/install/pose_graph_tools_msgs/lib/libpose_graph_tools_msgs__rosidl_typesupport_introspection_c.so
-- Up-to-date: /home/siny/hydra_ws/install/pose_graph_tools_msgs/lib/libpose_graph_tools_msgs__rosidl_typesupport_c.so
-- Up-to-date: /home/siny/hydra_ws/install/pose_graph_tools_msgs/include/pose_graph_tools_msgs/pose_graph_tools_msgs
-- Up-to-date: /home/siny/hydra_ws/install/pose_graph_tools_msgs/include/pose_graph_tools_msgs/pose_graph_tools_msgs/srv
-- Up-to-date: /home/siny/hydra_ws/install/pose_graph_tools_msgs/include/pose_graph_tools_msgs/pose_graph_tools_msgs/srv/detail
-- Up-to-date: /home/siny/hydra_ws/install/pose_graph_tools_msgs/include/pose_graph_tools_msgs/pose_graph_tools_msgs/srv/detail/lcd_frame_registration__type_support.cpp
-- Up-to-date: /home/siny/hydra_ws/install/pose_graph_tools_msgs/include/pose_graph_tools_msgs/pose_graph_tools_msgs/srv/detail/pose_graph_query__type_support.cpp
-- Up-to-date: /home/siny/hydra_ws/install/pose_graph_tools_msgs/include/pose_graph_tools_msgs/pose_graph_tools_msgs/srv/detail/vlc_frame_query__type_support.cpp
-- Up-to-date: /home/siny/hydra_ws/install/pose_graph_tools_msgs/include/pose_graph_tools_msgs/pose_graph_tools_msgs/srv/detail/lcd_frame_registration__rosidl_typesupport_introspection_cpp.hpp
-- Up-to-date: /home/siny/hydra_ws/install/pose_graph_tools_msgs/include/pose_graph_tools_msgs/pose_graph_tools_msgs/srv/detail/vlc_frame_query__rosidl_typesupport_introspection_cpp.hpp
-- Up-to-date: /home/siny/hydra_ws/install/pose_graph_tools_msgs/include/pose_graph_tools_msgs/pose_graph_tools_msgs/srv/detail/pose_graph_query__rosidl_typesupport_introspection_cpp.hpp
-- Up-to-date: /home/siny/hydra_ws/install/pose_graph_tools_msgs/include/pose_graph_tools_msgs/pose_graph_tools_msgs/msg
-- Up-to-date: /home/siny/hydra_ws/install/pose_graph_tools_msgs/include/pose_graph_tools_msgs/pose_graph_tools_msgs/msg/detail
-- Up-to-date: /home/siny/hydra_ws/install/pose_graph_tools_msgs/include/pose_graph_tools_msgs/pose_graph_tools_msgs/msg/detail/loop_closures__rosidl_typesupport_introspection_cpp.hpp
-- Up-to-date: /home/siny/hydra_ws/install/pose_graph_tools_msgs/include/pose_graph_tools_msgs/pose_graph_tools_msgs/msg/detail/vlc_frame_msg__rosidl_typesupport_introspection_cpp.hpp
-- Up-to-date: /home/siny/hydra_ws/install/pose_graph_tools_msgs/include/pose_graph_tools_msgs/pose_graph_tools_msgs/msg/detail/bow_requests__rosidl_typesupport_introspection_cpp.hpp
-- Up-to-date: /home/siny/hydra_ws/install/pose_graph_tools_msgs/include/pose_graph_tools_msgs/pose_graph_tools_msgs/msg/detail/loop_closures_ack__type_support.cpp
-- Up-to-date: /home/siny/hydra_ws/install/pose_graph_tools_msgs/include/pose_graph_tools_msgs/pose_graph_tools_msgs/msg/detail/time_range_query__type_support.cpp
-- Up-to-date: /home/siny/hydra_ws/install/pose_graph_tools_msgs/include/pose_graph_tools_msgs/pose_graph_tools_msgs/msg/detail/pose_graph__type_support.cpp
-- Up-to-date: /home/siny/hydra_ws/install/pose_graph_tools_msgs/include/pose_graph_tools_msgs/pose_graph_tools_msgs/msg/detail/vlc_frames__rosidl_typesupport_introspection_cpp.hpp
-- Up-to-date: /home/siny/hydra_ws/install/pose_graph_tools_msgs/include/pose_graph_tools_msgs/pose_graph_tools_msgs/msg/detail/vlc_frame_msg__type_support.cpp
-- Up-to-date: /home/siny/hydra_ws/install/pose_graph_tools_msgs/include/pose_graph_tools_msgs/pose_graph_tools_msgs/msg/detail/pose_graph_edge__rosidl_typesupport_introspection_cpp.hpp
-- Up-to-date: /home/siny/hydra_ws/install/pose_graph_tools_msgs/include/pose_graph_tools_msgs/pose_graph_tools_msgs/msg/detail/bow_vector__type_support.cpp
-- Up-to-date: /home/siny/hydra_ws/install/pose_graph_tools_msgs/include/pose_graph_tools_msgs/pose_graph_tools_msgs/msg/detail/vlc_frames__type_support.cpp
-- Up-to-date: /home/siny/hydra_ws/install/pose_graph_tools_msgs/include/pose_graph_tools_msgs/pose_graph_tools_msgs/msg/detail/pose_graph__rosidl_typesupport_introspection_cpp.hpp
-- Up-to-date: /home/siny/hydra_ws/install/pose_graph_tools_msgs/include/pose_graph_tools_msgs/pose_graph_tools_msgs/msg/detail/bow_vector__rosidl_typesupport_introspection_cpp.hpp
-- Up-to-date: /home/siny/hydra_ws/install/pose_graph_tools_msgs/include/pose_graph_tools_msgs/pose_graph_tools_msgs/msg/detail/vlc_requests__type_support.cpp
-- Up-to-date: /home/siny/hydra_ws/install/pose_graph_tools_msgs/include/pose_graph_tools_msgs/pose_graph_tools_msgs/msg/detail/bow_requests__type_support.cpp
-- Up-to-date: /home/siny/hydra_ws/install/pose_graph_tools_msgs/include/pose_graph_tools_msgs/pose_graph_tools_msgs/msg/detail/loop_closures__type_support.cpp
-- Up-to-date: /home/siny/hydra_ws/install/pose_graph_tools_msgs/include/pose_graph_tools_msgs/pose_graph_tools_msgs/msg/detail/bow_queries__type_support.cpp
-- Up-to-date: /home/siny/hydra_ws/install/pose_graph_tools_msgs/include/pose_graph_tools_msgs/pose_graph_tools_msgs/msg/detail/pose_graph_node__type_support.cpp
-- Up-to-date: /home/siny/hydra_ws/install/pose_graph_tools_msgs/include/pose_graph_tools_msgs/pose_graph_tools_msgs/msg/detail/bow_queries__rosidl_typesupport_introspection_cpp.hpp
-- Up-to-date: /home/siny/hydra_ws/install/pose_graph_tools_msgs/include/pose_graph_tools_msgs/pose_graph_tools_msgs/msg/detail/vlc_requests__rosidl_typesupport_introspection_cpp.hpp
-- Up-to-date: /home/siny/hydra_ws/install/pose_graph_tools_msgs/include/pose_graph_tools_msgs/pose_graph_tools_msgs/msg/detail/bow_query__rosidl_typesupport_introspection_cpp.hpp
-- Up-to-date: /home/siny/hydra_ws/install/pose_graph_tools_msgs/include/pose_graph_tools_msgs/pose_graph_tools_msgs/msg/detail/time_range_query__rosidl_typesupport_introspection_cpp.hpp
-- Up-to-date: /home/siny/hydra_ws/install/pose_graph_tools_msgs/include/pose_graph_tools_msgs/pose_graph_tools_msgs/msg/detail/loop_closures_ack__rosidl_typesupport_introspection_cpp.hpp
-- Up-to-date: /home/siny/hydra_ws/install/pose_graph_tools_msgs/include/pose_graph_tools_msgs/pose_graph_tools_msgs/msg/detail/pose_graph_edge__type_support.cpp
-- Up-to-date: /home/siny/hydra_ws/install/pose_graph_tools_msgs/include/pose_graph_tools_msgs/pose_graph_tools_msgs/msg/detail/pose_graph_node__rosidl_typesupport_introspection_cpp.hpp
-- Up-to-date: /home/siny/hydra_ws/install/pose_graph_tools_msgs/include/pose_graph_tools_msgs/pose_graph_tools_msgs/msg/detail/bow_query__type_support.cpp
-- Up-to-date: /home/siny/hydra_ws/install/pose_graph_tools_msgs/lib/libpose_graph_tools_msgs__rosidl_typesupport_introspection_cpp.so
-- Up-to-date: /home/siny/hydra_ws/install/pose_graph_tools_msgs/lib/libpose_graph_tools_msgs__rosidl_typesupport_cpp.so
-- Up-to-date: /home/siny/hydra_ws/install/pose_graph_tools_msgs/share/pose_graph_tools_msgs/environment/pythonpath.sh
-- Up-to-date: /home/siny/hydra_ws/install/pose_graph_tools_msgs/share/pose_graph_tools_msgs/environment/pythonpath.dsv
-- Up-to-date: /home/siny/hydra_ws/install/pose_graph_tools_msgs/lib/python3.12/site-packages/pose_graph_tools_msgs-1.0.0-py3.12.egg-info
-- Installing: /home/siny/hydra_ws/install/pose_graph_tools_msgs/lib/python3.12/site-packages/pose_graph_tools_msgs-1.0.0-py3.12.egg-info/top_level.txt
-- Installing: /home/siny/hydra_ws/install/pose_graph_tools_msgs/lib/python3.12/site-packages/pose_graph_tools_msgs-1.0.0-py3.12.egg-info/PKG-INFO
-- Installing: /home/siny/hydra_ws/install/pose_graph_tools_msgs/lib/python3.12/site-packages/pose_graph_tools_msgs-1.0.0-py3.12.egg-info/SOURCES.txt
-- Installing: /home/siny/hydra_ws/install/pose_graph_tools_msgs/lib/python3.12/site-packages/pose_graph_tools_msgs-1.0.0-py3.12.egg-info/dependency_links.txt
-- Up-to-date: /home/siny/hydra_ws/install/pose_graph_tools_msgs/lib/python3.12/site-packages/pose_graph_tools_msgs
-- Up-to-date: /home/siny/hydra_ws/install/pose_graph_tools_msgs/lib/python3.12/site-packages/pose_graph_tools_msgs/pose_graph_tools_msgs_s__rosidl_typesupport_fastrtps_c.so
-- Up-to-date: /home/siny/hydra_ws/install/pose_graph_tools_msgs/lib/python3.12/site-packages/pose_graph_tools_msgs/pose_graph_tools_msgs_s__rosidl_typesupport_c.so
-- Up-to-date: /home/siny/hydra_ws/install/pose_graph_tools_msgs/lib/python3.12/site-packages/pose_graph_tools_msgs/_pose_graph_tools_msgs_s.ep.rosidl_typesupport_introspection_c.c
-- Up-to-date: /home/siny/hydra_ws/install/pose_graph_tools_msgs/lib/python3.12/site-packages/pose_graph_tools_msgs/_pose_graph_tools_msgs_s.ep.rosidl_typesupport_c.c
-- Up-to-date: /home/siny/hydra_ws/install/pose_graph_tools_msgs/lib/python3.12/site-packages/pose_graph_tools_msgs/srv
-- Up-to-date: /home/siny/hydra_ws/install/pose_graph_tools_msgs/lib/python3.12/site-packages/pose_graph_tools_msgs/srv/_pose_graph_query.py
-- Up-to-date: /home/siny/hydra_ws/install/pose_graph_tools_msgs/lib/python3.12/site-packages/pose_graph_tools_msgs/srv/_lcd_frame_registration.py
-- Up-to-date: /home/siny/hydra_ws/install/pose_graph_tools_msgs/lib/python3.12/site-packages/pose_graph_tools_msgs/srv/_vlc_frame_query.py
-- Up-to-date: /home/siny/hydra_ws/install/pose_graph_tools_msgs/lib/python3.12/site-packages/pose_graph_tools_msgs/srv/_vlc_frame_query_s.c
-- Up-to-date: /home/siny/hydra_ws/install/pose_graph_tools_msgs/lib/python3.12/site-packages/pose_graph_tools_msgs/srv/_lcd_frame_registration_s.c
-- Up-to-date: /home/siny/hydra_ws/install/pose_graph_tools_msgs/lib/python3.12/site-packages/pose_graph_tools_msgs/srv/_pose_graph_query_s.c
-- Up-to-date: /home/siny/hydra_ws/install/pose_graph_tools_msgs/lib/python3.12/site-packages/pose_graph_tools_msgs/srv/__init__.py
-- Up-to-date: /home/siny/hydra_ws/install/pose_graph_tools_msgs/lib/python3.12/site-packages/pose_graph_tools_msgs/msg
-- Up-to-date: /home/siny/hydra_ws/install/pose_graph_tools_msgs/lib/python3.12/site-packages/pose_graph_tools_msgs/msg/_vlc_frames_s.c
-- Up-to-date: /home/siny/hydra_ws/install/pose_graph_tools_msgs/lib/python3.12/site-packages/pose_graph_tools_msgs/msg/_bow_vector.py
-- Up-to-date: /home/siny/hydra_ws/install/pose_graph_tools_msgs/lib/python3.12/site-packages/pose_graph_tools_msgs/msg/_time_range_query_s.c
-- Up-to-date: /home/siny/hydra_ws/install/pose_graph_tools_msgs/lib/python3.12/site-packages/pose_graph_tools_msgs/msg/_pose_graph_s.c
-- Up-to-date: /home/siny/hydra_ws/install/pose_graph_tools_msgs/lib/python3.12/site-packages/pose_graph_tools_msgs/msg/_bow_query_s.c
-- Up-to-date: /home/siny/hydra_ws/install/pose_graph_tools_msgs/lib/python3.12/site-packages/pose_graph_tools_msgs/msg/_vlc_frame_msg_s.c
-- Up-to-date: /home/siny/hydra_ws/install/pose_graph_tools_msgs/lib/python3.12/site-packages/pose_graph_tools_msgs/msg/_bow_vector_s.c
-- Up-to-date: /home/siny/hydra_ws/install/pose_graph_tools_msgs/lib/python3.12/site-packages/pose_graph_tools_msgs/msg/_vlc_frames.py
-- Up-to-date: /home/siny/hydra_ws/install/pose_graph_tools_msgs/lib/python3.12/site-packages/pose_graph_tools_msgs/msg/_pose_graph_node.py
-- Up-to-date: /home/siny/hydra_ws/install/pose_graph_tools_msgs/lib/python3.12/site-packages/pose_graph_tools_msgs/msg/_bow_queries.py
-- Up-to-date: /home/siny/hydra_ws/install/pose_graph_tools_msgs/lib/python3.12/site-packages/pose_graph_tools_msgs/msg/_vlc_frame_msg.py
-- Up-to-date: /home/siny/hydra_ws/install/pose_graph_tools_msgs/lib/python3.12/site-packages/pose_graph_tools_msgs/msg/_loop_closures_s.c
-- Up-to-date: /home/siny/hydra_ws/install/pose_graph_tools_msgs/lib/python3.12/site-packages/pose_graph_tools_msgs/msg/_time_range_query.py
-- Up-to-date: /home/siny/hydra_ws/install/pose_graph_tools_msgs/lib/python3.12/site-packages/pose_graph_tools_msgs/msg/_pose_graph_edge_s.c
-- Up-to-date: /home/siny/hydra_ws/install/pose_graph_tools_msgs/lib/python3.12/site-packages/pose_graph_tools_msgs/msg/_pose_graph_edge.py
-- Up-to-date: /home/siny/hydra_ws/install/pose_graph_tools_msgs/lib/python3.12/site-packages/pose_graph_tools_msgs/msg/_bow_requests.py
-- Up-to-date: /home/siny/hydra_ws/install/pose_graph_tools_msgs/lib/python3.12/site-packages/pose_graph_tools_msgs/msg/__init__.py
-- Up-to-date: /home/siny/hydra_ws/install/pose_graph_tools_msgs/lib/python3.12/site-packages/pose_graph_tools_msgs/msg/_bow_requests_s.c
-- Up-to-date: /home/siny/hydra_ws/install/pose_graph_tools_msgs/lib/python3.12/site-packages/pose_graph_tools_msgs/msg/_bow_query.py
-- Up-to-date: /home/siny/hydra_ws/install/pose_graph_tools_msgs/lib/python3.12/site-packages/pose_graph_tools_msgs/msg/_vlc_requests.py
-- Up-to-date: /home/siny/hydra_ws/install/pose_graph_tools_msgs/lib/python3.12/site-packages/pose_graph_tools_msgs/msg/_loop_closures_ack_s.c
-- Up-to-date: /home/siny/hydra_ws/install/pose_graph_tools_msgs/lib/python3.12/site-packages/pose_graph_tools_msgs/msg/_vlc_requests_s.c
-- Up-to-date: /home/siny/hydra_ws/install/pose_graph_tools_msgs/lib/python3.12/site-packages/pose_graph_tools_msgs/msg/_loop_closures_ack.py
-- Up-to-date: /home/siny/hydra_ws/install/pose_graph_tools_msgs/lib/python3.12/site-packages/pose_graph_tools_msgs/msg/_pose_graph_node_s.c
-- Up-to-date: /home/siny/hydra_ws/install/pose_graph_tools_msgs/lib/python3.12/site-packages/pose_graph_tools_msgs/msg/_bow_queries_s.c
-- Up-to-date: /home/siny/hydra_ws/install/pose_graph_tools_msgs/lib/python3.12/site-packages/pose_graph_tools_msgs/msg/_pose_graph.py
-- Up-to-date: /home/siny/hydra_ws/install/pose_graph_tools_msgs/lib/python3.12/site-packages/pose_graph_tools_msgs/msg/_loop_closures.py
-- Up-to-date: /home/siny/hydra_ws/install/pose_graph_tools_msgs/lib/python3.12/site-packages/pose_graph_tools_msgs/pose_graph_tools_msgs_s__rosidl_typesupport_introspection_c.so
-- Up-to-date: /home/siny/hydra_ws/install/pose_graph_tools_msgs/lib/python3.12/site-packages/pose_graph_tools_msgs/__init__.py
-- Up-to-date: /home/siny/hydra_ws/install/pose_graph_tools_msgs/lib/python3.12/site-packages/pose_graph_tools_msgs/_pose_graph_tools_msgs_s.ep.rosidl_typesupport_fastrtps_c.c
Listing '/home/siny/hydra_ws/install/pose_graph_tools_msgs/lib/python3.12/site-packages/pose_graph_tools_msgs'...
Listing '/home/siny/hydra_ws/install/pose_graph_tools_msgs/lib/python3.12/site-packages/pose_graph_tools_msgs/msg'...
Listing '/home/siny/hydra_ws/install/pose_graph_tools_msgs/lib/python3.12/site-packages/pose_graph_tools_msgs/srv'...
-- Up-to-date: /home/siny/hydra_ws/install/pose_graph_tools_msgs/lib/python3.12/site-packages/pose_graph_tools_msgs/pose_graph_tools_msgs_s__rosidl_typesupport_fastrtps_c.so
-- Up-to-date: /home/siny/hydra_ws/install/pose_graph_tools_msgs/lib/python3.12/site-packages/pose_graph_tools_msgs/pose_graph_tools_msgs_s__rosidl_typesupport_introspection_c.so
-- Up-to-date: /home/siny/hydra_ws/install/pose_graph_tools_msgs/lib/python3.12/site-packages/pose_graph_tools_msgs/pose_graph_tools_msgs_s__rosidl_typesupport_c.so
-- Up-to-date: /home/siny/hydra_ws/install/pose_graph_tools_msgs/lib/libpose_graph_tools_msgs__rosidl_generator_py.so
-- Up-to-date: /home/siny/hydra_ws/install/pose_graph_tools_msgs/share/pose_graph_tools_msgs/msg/BowQueries.idl
-- Up-to-date: /home/siny/hydra_ws/install/pose_graph_tools_msgs/share/pose_graph_tools_msgs/msg/BowQuery.idl
-- Up-to-date: /home/siny/hydra_ws/install/pose_graph_tools_msgs/share/pose_graph_tools_msgs/msg/BowRequests.idl
-- Up-to-date: /home/siny/hydra_ws/install/pose_graph_tools_msgs/share/pose_graph_tools_msgs/msg/BowVector.idl
-- Up-to-date: /home/siny/hydra_ws/install/pose_graph_tools_msgs/share/pose_graph_tools_msgs/msg/LoopClosures.idl
-- Up-to-date: /home/siny/hydra_ws/install/pose_graph_tools_msgs/share/pose_graph_tools_msgs/msg/LoopClosuresAck.idl
-- Up-to-date: /home/siny/hydra_ws/install/pose_graph_tools_msgs/share/pose_graph_tools_msgs/msg/PoseGraph.idl
-- Up-to-date: /home/siny/hydra_ws/install/pose_graph_tools_msgs/share/pose_graph_tools_msgs/msg/PoseGraphEdge.idl
-- Up-to-date: /home/siny/hydra_ws/install/pose_graph_tools_msgs/share/pose_graph_tools_msgs/msg/PoseGraphNode.idl
-- Up-to-date: /home/siny/hydra_ws/install/pose_graph_tools_msgs/share/pose_graph_tools_msgs/msg/TimeRangeQuery.idl
-- Up-to-date: /home/siny/hydra_ws/install/pose_graph_tools_msgs/share/pose_graph_tools_msgs/msg/VLCFrameMsg.idl
-- Up-to-date: /home/siny/hydra_ws/install/pose_graph_tools_msgs/share/pose_graph_tools_msgs/msg/VLCFrames.idl
-- Up-to-date: /home/siny/hydra_ws/install/pose_graph_tools_msgs/share/pose_graph_tools_msgs/msg/VLCRequests.idl
-- Up-to-date: /home/siny/hydra_ws/install/pose_graph_tools_msgs/share/pose_graph_tools_msgs/srv/LcdFrameRegistration.idl
-- Up-to-date: /home/siny/hydra_ws/install/pose_graph_tools_msgs/share/pose_graph_tools_msgs/srv/PoseGraphQuery.idl
-- Up-to-date: /home/siny/hydra_ws/install/pose_graph_tools_msgs/share/pose_graph_tools_msgs/srv/VLCFrameQuery.idl
-- Up-to-date: /home/siny/hydra_ws/install/pose_graph_tools_msgs/share/pose_graph_tools_msgs/msg/BowQueries.msg
-- Up-to-date: /home/siny/hydra_ws/install/pose_graph_tools_msgs/share/pose_graph_tools_msgs/msg/BowQuery.msg
-- Up-to-date: /home/siny/hydra_ws/install/pose_graph_tools_msgs/share/pose_graph_tools_msgs/msg/BowRequests.msg
-- Up-to-date: /home/siny/hydra_ws/install/pose_graph_tools_msgs/share/pose_graph_tools_msgs/msg/BowVector.msg
-- Up-to-date: /home/siny/hydra_ws/install/pose_graph_tools_msgs/share/pose_graph_tools_msgs/msg/LoopClosures.msg
-- Up-to-date: /home/siny/hydra_ws/install/pose_graph_tools_msgs/share/pose_graph_tools_msgs/msg/LoopClosuresAck.msg
-- Up-to-date: /home/siny/hydra_ws/install/pose_graph_tools_msgs/share/pose_graph_tools_msgs/msg/PoseGraph.msg
-- Up-to-date: /home/siny/hydra_ws/install/pose_graph_tools_msgs/share/pose_graph_tools_msgs/msg/PoseGraphEdge.msg
-- Up-to-date: /home/siny/hydra_ws/install/pose_graph_tools_msgs/share/pose_graph_tools_msgs/msg/PoseGraphNode.msg
-- Up-to-date: /home/siny/hydra_ws/install/pose_graph_tools_msgs/share/pose_graph_tools_msgs/msg/TimeRangeQuery.msg
-- Up-to-date: /home/siny/hydra_ws/install/pose_graph_tools_msgs/share/pose_graph_tools_msgs/msg/VLCFrameMsg.msg
-- Up-to-date: /home/siny/hydra_ws/install/pose_graph_tools_msgs/share/pose_graph_tools_msgs/msg/VLCFrames.msg
-- Up-to-date: /home/siny/hydra_ws/install/pose_graph_tools_msgs/share/pose_graph_tools_msgs/msg/VLCRequests.msg
-- Up-to-date: /home/siny/hydra_ws/install/pose_graph_tools_msgs/share/pose_graph_tools_msgs/srv/LcdFrameRegistration.srv
-- Up-to-date: /home/siny/hydra_ws/install/pose_graph_tools_msgs/share/pose_graph_tools_msgs/srv/PoseGraphQuery.srv
-- Up-to-date: /home/siny/hydra_ws/install/pose_graph_tools_msgs/share/pose_graph_tools_msgs/srv/VLCFrameQuery.srv
-- Up-to-date: /home/siny/hydra_ws/install/pose_graph_tools_msgs/share/ament_index/resource_index/package_run_dependencies/pose_graph_tools_msgs
-- Up-to-date: /home/siny/hydra_ws/install/pose_graph_tools_msgs/share/ament_index/resource_index/parent_prefix_path/pose_graph_tools_msgs
-- Up-to-date: /home/siny/hydra_ws/install/pose_graph_tools_msgs/share/pose_graph_tools_msgs/environment/ament_prefix_path.sh
-- Up-to-date: /home/siny/hydra_ws/install/pose_graph_tools_msgs/share/pose_graph_tools_msgs/environment/ament_prefix_path.dsv
-- Up-to-date: /home/siny/hydra_ws/install/pose_graph_tools_msgs/share/pose_graph_tools_msgs/environment/path.sh
-- Up-to-date: /home/siny/hydra_ws/install/pose_graph_tools_msgs/share/pose_graph_tools_msgs/environment/path.dsv
-- Up-to-date: /home/siny/hydra_ws/install/pose_graph_tools_msgs/share/pose_graph_tools_msgs/local_setup.bash
-- Up-to-date: /home/siny/hydra_ws/install/pose_graph_tools_msgs/share/pose_graph_tools_msgs/local_setup.sh
-- Up-to-date: /home/siny/hydra_ws/install/pose_graph_tools_msgs/share/pose_graph_tools_msgs/local_setup.zsh
-- Up-to-date: /home/siny/hydra_ws/install/pose_graph_tools_msgs/share/pose_graph_tools_msgs/local_setup.dsv
-- Installing: /home/siny/hydra_ws/install/pose_graph_tools_msgs/share/pose_graph_tools_msgs/package.dsv
-- Up-to-date: /home/siny/hydra_ws/install/pose_graph_tools_msgs/share/ament_index/resource_index/packages/pose_graph_tools_msgs
-- Up-to-date: /home/siny/hydra_ws/install/pose_graph_tools_msgs/share/pose_graph_tools_msgs/cmake/export_pose_graph_tools_msgs__rosidl_generator_cExport.cmake
-- Up-to-date: /home/siny/hydra_ws/install/pose_graph_tools_msgs/share/pose_graph_tools_msgs/cmake/export_pose_graph_tools_msgs__rosidl_generator_cExport-release.cmake
-- Up-to-date: /home/siny/hydra_ws/install/pose_graph_tools_msgs/share/pose_graph_tools_msgs/cmake/export_pose_graph_tools_msgs__rosidl_typesupport_fastrtps_cExport.cmake
-- Up-to-date: /home/siny/hydra_ws/install/pose_graph_tools_msgs/share/pose_graph_tools_msgs/cmake/export_pose_graph_tools_msgs__rosidl_typesupport_fastrtps_cExport-release.cmake
-- Up-to-date: /home/siny/hydra_ws/install/pose_graph_tools_msgs/share/pose_graph_tools_msgs/cmake/export_pose_graph_tools_msgs__rosidl_generator_cppExport.cmake
-- Up-to-date: /home/siny/hydra_ws/install/pose_graph_tools_msgs/share/pose_graph_tools_msgs/cmake/export_pose_graph_tools_msgs__rosidl_typesupport_fastrtps_cppExport.cmake
-- Up-to-date: /home/siny/hydra_ws/install/pose_graph_tools_msgs/share/pose_graph_tools_msgs/cmake/export_pose_graph_tools_msgs__rosidl_typesupport_fastrtps_cppExport-release.cmake
-- Up-to-date: /home/siny/hydra_ws/install/pose_graph_tools_msgs/share/pose_graph_tools_msgs/cmake/pose_graph_tools_msgs__rosidl_typesupport_introspection_cExport.cmake
-- Up-to-date: /home/siny/hydra_ws/install/pose_graph_tools_msgs/share/pose_graph_tools_msgs/cmake/pose_graph_tools_msgs__rosidl_typesupport_introspection_cExport-release.cmake
-- Up-to-date: /home/siny/hydra_ws/install/pose_graph_tools_msgs/share/pose_graph_tools_msgs/cmake/pose_graph_tools_msgs__rosidl_typesupport_cExport.cmake
-- Up-to-date: /home/siny/hydra_ws/install/pose_graph_tools_msgs/share/pose_graph_tools_msgs/cmake/pose_graph_tools_msgs__rosidl_typesupport_cExport-release.cmake
-- Up-to-date: /home/siny/hydra_ws/install/pose_graph_tools_msgs/share/pose_graph_tools_msgs/cmake/pose_graph_tools_msgs__rosidl_typesupport_introspection_cppExport.cmake
-- Up-to-date: /home/siny/hydra_ws/install/pose_graph_tools_msgs/share/pose_graph_tools_msgs/cmake/pose_graph_tools_msgs__rosidl_typesupport_introspection_cppExport-release.cmake
-- Up-to-date: /home/siny/hydra_ws/install/pose_graph_tools_msgs/share/pose_graph_tools_msgs/cmake/pose_graph_tools_msgs__rosidl_typesupport_cppExport.cmake
-- Up-to-date: /home/siny/hydra_ws/install/pose_graph_tools_msgs/share/pose_graph_tools_msgs/cmake/pose_graph_tools_msgs__rosidl_typesupport_cppExport-release.cmake
-- Up-to-date: /home/siny/hydra_ws/install/pose_graph_tools_msgs/share/pose_graph_tools_msgs/cmake/export_pose_graph_tools_msgs__rosidl_generator_pyExport.cmake
-- Up-to-date: /home/siny/hydra_ws/install/pose_graph_tools_msgs/share/pose_graph_tools_msgs/cmake/export_pose_graph_tools_msgs__rosidl_generator_pyExport-release.cmake
-- Up-to-date: /home/siny/hydra_ws/install/pose_graph_tools_msgs/share/pose_graph_tools_msgs/cmake/rosidl_cmake-extras.cmake
-- Up-to-date: /home/siny/hydra_ws/install/pose_graph_tools_msgs/share/pose_graph_tools_msgs/cmake/ament_cmake_export_dependencies-extras.cmake
-- Up-to-date: /home/siny/hydra_ws/install/pose_graph_tools_msgs/share/pose_graph_tools_msgs/cmake/ament_cmake_export_include_directories-extras.cmake
-- Up-to-date: /home/siny/hydra_ws/install/pose_graph_tools_msgs/share/pose_graph_tools_msgs/cmake/ament_cmake_export_libraries-extras.cmake
-- Up-to-date: /home/siny/hydra_ws/install/pose_graph_tools_msgs/share/pose_graph_tools_msgs/cmake/ament_cmake_export_targets-extras.cmake
-- Up-to-date: /home/siny/hydra_ws/install/pose_graph_tools_msgs/share/pose_graph_tools_msgs/cmake/rosidl_cmake_export_typesupport_targets-extras.cmake
-- Up-to-date: /home/siny/hydra_ws/install/pose_graph_tools_msgs/share/pose_graph_tools_msgs/cmake/rosidl_cmake_export_typesupport_libraries-extras.cmake
-- Up-to-date: /home/siny/hydra_ws/install/pose_graph_tools_msgs/share/pose_graph_tools_msgs/cmake/pose_graph_tools_msgsConfig.cmake
-- Up-to-date: /home/siny/hydra_ws/install/pose_graph_tools_msgs/share/pose_graph_tools_msgs/cmake/pose_graph_tools_msgsConfig-version.cmake
-- Up-to-date: /home/siny/hydra_ws/install/pose_graph_tools_msgs/share/pose_graph_tools_msgs/package.xml
