[0.014s] Invoking command in '/home/siny/hydra_ws/build/hydra': CMAKE_PREFIX_PATH=/home/siny/hydra_ws/install/kimera_pgmo:/home/siny/hydra_ws/install/teaserpp:/home/siny/hydra_ws/install/spatial_hash:/home/siny/hydra_ws/install/spark_dsg:/home/siny/hydra_ws/install/pose_graph_tools:/home/siny/hydra_ws/install/kimera_rpgo:/home/siny/hydra_ws/install/config_utilities CONDA_PROMPT_MODIFIER=(base) DEBUGINFOD_URLS=https://debuginfod.ubuntu.com LD_LIBRARY_PATH=/home/siny/hydra_ws/install/kimera_pgmo/lib:/home/siny/hydra_ws/install/teaserpp/lib:/home/siny/hydra_ws/install/spark_dsg/lib:/home/siny/hydra_ws/install/pose_graph_tools/lib:/home/siny/hydra_ws/install/kimera_rpgo/lib:/home/siny/hydra_ws/install/config_utilities/lib PATH=/home/siny/hydra_ws/install/kimera_pgmo/bin:/home/siny/hydra_ws/install/spark_dsg/bin:/home/siny/hydra_ws/install/config_utilities/bin:${PATH} PKG_CONFIG_PATH=/home/siny/hydra_ws/install/kimera_pgmo/lib/aarch64-linux-gnu/pkgconfig:/home/siny/hydra_ws/install/kimera_pgmo/lib/pkgconfig:/home/siny/hydra_ws/install/teaserpp/lib/aarch64-linux-gnu/pkgconfig:/home/siny/hydra_ws/install/teaserpp/lib/pkgconfig:/home/siny/hydra_ws/install/spatial_hash/lib/aarch64-linux-gnu/pkgconfig:/home/siny/hydra_ws/install/spatial_hash/lib/pkgconfig:/home/siny/hydra_ws/install/spark_dsg/lib/aarch64-linux-gnu/pkgconfig:/home/siny/hydra_ws/install/spark_dsg/lib/pkgconfig:/home/siny/hydra_ws/install/pose_graph_tools/lib/aarch64-linux-gnu/pkgconfig:/home/siny/hydra_ws/install/pose_graph_tools/lib/pkgconfig:/home/siny/hydra_ws/install/kimera_rpgo/lib/aarch64-linux-gnu/pkgconfig:/home/siny/hydra_ws/install/kimera_rpgo/lib/pkgconfig:/home/siny/hydra_ws/install/config_utilities/lib/aarch64-linux-gnu/pkgconfig:/home/siny/hydra_ws/install/config_utilities/lib/pkgconfig /usr/bin/cmake --build /home/siny/hydra_ws/build/hydra -- -j20 -l20
[0.150s] [  0%] Building CXX object CMakeFiles/hydra.dir/src/rooms/room_finder.cpp.o
[2.820s] [  0%] Linking CXX shared library libhydra.so
[3.130s] [ 63%] Built target hydra
[3.154s] [ 63%] Linking CXX shared library libhydra_eval.so
[3.198s] [ 64%] Linking CXX executable test_hydra
[3.244s] [ 68%] Built target hydra_eval
[3.259s] [ 69%] Linking CXX executable compute_filtrations
[3.261s] [ 70%] Linking CXX executable merge_graphs
[3.263s] [ 71%] Linking CXX executable evaluate_rooms
[3.263s] [ 71%] Linking CXX executable evaluate_places
[3.266s] [ 72%] Linking CXX executable compress_graph
[3.272s] [ 73%] Linking CXX executable optimize_graph
[3.276s] [ 73%] Linking CXX executable gt_trajectory_optimizer
[3.367s] [ 74%] Built target merge_graphs
[3.371s] [ 74%] Built target compute_filtrations
[3.375s] [ 74%] Built target evaluate_places
[3.385s] [ 75%] Built target gt_trajectory_optimizer
[3.389s] [ 76%] Built target evaluate_rooms
[3.396s] [ 76%] Built target compress_graph
[3.414s] [ 76%] Built target optimize_graph
[3.438s] [100%] Built target test_hydra
[3.447s] Invoked command in '/home/siny/hydra_ws/build/hydra' returned '0': CMAKE_PREFIX_PATH=/home/siny/hydra_ws/install/kimera_pgmo:/home/siny/hydra_ws/install/teaserpp:/home/siny/hydra_ws/install/spatial_hash:/home/siny/hydra_ws/install/spark_dsg:/home/siny/hydra_ws/install/pose_graph_tools:/home/siny/hydra_ws/install/kimera_rpgo:/home/siny/hydra_ws/install/config_utilities CONDA_PROMPT_MODIFIER=(base) DEBUGINFOD_URLS=https://debuginfod.ubuntu.com LD_LIBRARY_PATH=/home/siny/hydra_ws/install/kimera_pgmo/lib:/home/siny/hydra_ws/install/teaserpp/lib:/home/siny/hydra_ws/install/spark_dsg/lib:/home/siny/hydra_ws/install/pose_graph_tools/lib:/home/siny/hydra_ws/install/kimera_rpgo/lib:/home/siny/hydra_ws/install/config_utilities/lib PATH=/home/siny/hydra_ws/install/kimera_pgmo/bin:/home/siny/hydra_ws/install/spark_dsg/bin:/home/siny/hydra_ws/install/config_utilities/bin:${PATH} PKG_CONFIG_PATH=/home/siny/hydra_ws/install/kimera_pgmo/lib/aarch64-linux-gnu/pkgconfig:/home/siny/hydra_ws/install/kimera_pgmo/lib/pkgconfig:/home/siny/hydra_ws/install/teaserpp/lib/aarch64-linux-gnu/pkgconfig:/home/siny/hydra_ws/install/teaserpp/lib/pkgconfig:/home/siny/hydra_ws/install/spatial_hash/lib/aarch64-linux-gnu/pkgconfig:/home/siny/hydra_ws/install/spatial_hash/lib/pkgconfig:/home/siny/hydra_ws/install/spark_dsg/lib/aarch64-linux-gnu/pkgconfig:/home/siny/hydra_ws/install/spark_dsg/lib/pkgconfig:/home/siny/hydra_ws/install/pose_graph_tools/lib/aarch64-linux-gnu/pkgconfig:/home/siny/hydra_ws/install/pose_graph_tools/lib/pkgconfig:/home/siny/hydra_ws/install/kimera_rpgo/lib/aarch64-linux-gnu/pkgconfig:/home/siny/hydra_ws/install/kimera_rpgo/lib/pkgconfig:/home/siny/hydra_ws/install/config_utilities/lib/aarch64-linux-gnu/pkgconfig:/home/siny/hydra_ws/install/config_utilities/lib/pkgconfig /usr/bin/cmake --build /home/siny/hydra_ws/build/hydra -- -j20 -l20
[3.453s] Invoking command in '/home/siny/hydra_ws/build/hydra': CMAKE_PREFIX_PATH=/home/siny/hydra_ws/install/kimera_pgmo:/home/siny/hydra_ws/install/teaserpp:/home/siny/hydra_ws/install/spatial_hash:/home/siny/hydra_ws/install/spark_dsg:/home/siny/hydra_ws/install/pose_graph_tools:/home/siny/hydra_ws/install/kimera_rpgo:/home/siny/hydra_ws/install/config_utilities CONDA_PROMPT_MODIFIER=(base) DEBUGINFOD_URLS=https://debuginfod.ubuntu.com LD_LIBRARY_PATH=/home/siny/hydra_ws/install/kimera_pgmo/lib:/home/siny/hydra_ws/install/teaserpp/lib:/home/siny/hydra_ws/install/spark_dsg/lib:/home/siny/hydra_ws/install/pose_graph_tools/lib:/home/siny/hydra_ws/install/kimera_rpgo/lib:/home/siny/hydra_ws/install/config_utilities/lib PATH=/home/siny/hydra_ws/install/kimera_pgmo/bin:/home/siny/hydra_ws/install/spark_dsg/bin:/home/siny/hydra_ws/install/config_utilities/bin:${PATH} PKG_CONFIG_PATH=/home/siny/hydra_ws/install/kimera_pgmo/lib/aarch64-linux-gnu/pkgconfig:/home/siny/hydra_ws/install/kimera_pgmo/lib/pkgconfig:/home/siny/hydra_ws/install/teaserpp/lib/aarch64-linux-gnu/pkgconfig:/home/siny/hydra_ws/install/teaserpp/lib/pkgconfig:/home/siny/hydra_ws/install/spatial_hash/lib/aarch64-linux-gnu/pkgconfig:/home/siny/hydra_ws/install/spatial_hash/lib/pkgconfig:/home/siny/hydra_ws/install/spark_dsg/lib/aarch64-linux-gnu/pkgconfig:/home/siny/hydra_ws/install/spark_dsg/lib/pkgconfig:/home/siny/hydra_ws/install/pose_graph_tools/lib/aarch64-linux-gnu/pkgconfig:/home/siny/hydra_ws/install/pose_graph_tools/lib/pkgconfig:/home/siny/hydra_ws/install/kimera_rpgo/lib/aarch64-linux-gnu/pkgconfig:/home/siny/hydra_ws/install/kimera_rpgo/lib/pkgconfig:/home/siny/hydra_ws/install/config_utilities/lib/aarch64-linux-gnu/pkgconfig:/home/siny/hydra_ws/install/config_utilities/lib/pkgconfig /usr/bin/cmake --install /home/siny/hydra_ws/build/hydra
[3.457s] -- Install configuration: "Release"
[3.458s] -- Installing: /home/siny/hydra_ws/install/hydra/lib/libhydra_eval.so
[3.458s] -- Set non-toolchain portion of runtime path of "/home/siny/hydra_ws/install/hydra/lib/libhydra_eval.so" to ""
[3.459s] -- Installing: /home/siny/hydra_ws/install/hydra/lib/hydra/compress_graph
[3.459s] -- Set non-toolchain portion of runtime path of "/home/siny/hydra_ws/install/hydra/lib/hydra/compress_graph" to ""
[3.459s] -- Installing: /home/siny/hydra_ws/install/hydra/lib/hydra/compute_filtrations
[3.459s] -- Set non-toolchain portion of runtime path of "/home/siny/hydra_ws/install/hydra/lib/hydra/compute_filtrations" to ""
[3.459s] -- Installing: /home/siny/hydra_ws/install/hydra/lib/hydra/evaluate_places
[3.460s] -- Set non-toolchain portion of runtime path of "/home/siny/hydra_ws/install/hydra/lib/hydra/evaluate_places" to ""
[3.460s] -- Installing: /home/siny/hydra_ws/install/hydra/lib/hydra/evaluate_rooms
[3.460s] -- Set non-toolchain portion of runtime path of "/home/siny/hydra_ws/install/hydra/lib/hydra/evaluate_rooms" to ""
[3.460s] -- Installing: /home/siny/hydra_ws/install/hydra/lib/hydra/gt_trajectory_optimizer
[3.460s] -- Set non-toolchain portion of runtime path of "/home/siny/hydra_ws/install/hydra/lib/hydra/gt_trajectory_optimizer" to ""
[3.460s] -- Installing: /home/siny/hydra_ws/install/hydra/lib/hydra/merge_graphs
[3.460s] -- Set non-toolchain portion of runtime path of "/home/siny/hydra_ws/install/hydra/lib/hydra/merge_graphs" to ""
[3.461s] -- Installing: /home/siny/hydra_ws/install/hydra/lib/hydra/optimize_graph
[3.461s] -- Set non-toolchain portion of runtime path of "/home/siny/hydra_ws/install/hydra/lib/hydra/optimize_graph" to ""
[3.461s] -- Installing: /home/siny/hydra_ws/install/hydra/lib/hydra/test_hydra
[3.463s] -- Set non-toolchain portion of runtime path of "/home/siny/hydra_ws/install/hydra/lib/hydra/test_hydra" to ""
[3.463s] -- Installing: /home/siny/hydra_ws/install/hydra/lib/libhydra.so
[3.467s] -- Set non-toolchain portion of runtime path of "/home/siny/hydra_ws/install/hydra/lib/libhydra.so" to ""
[3.467s] -- Up-to-date: /home/siny/hydra_ws/install/hydra/include
[3.468s] -- Up-to-date: /home/siny/hydra_ws/install/hydra/include/hydra
[3.468s] -- Up-to-date: /home/siny/hydra_ws/install/hydra/include/hydra/places
[3.468s] -- Up-to-date: /home/siny/hydra_ws/install/hydra/include/hydra/places/gvd_utilities.h
[3.468s] -- Up-to-date: /home/siny/hydra_ws/install/hydra/include/hydra/places/gvd_integrator.h
[3.468s] -- Up-to-date: /home/siny/hydra_ws/install/hydra/include/hydra/places/gvd_integrator_config.h
[3.468s] -- Up-to-date: /home/siny/hydra_ws/install/hydra/include/hydra/places/robot_footprint_integrator.h
[3.468s] -- Up-to-date: /home/siny/hydra_ws/install/hydra/include/hydra/places/gvd_merge_policies.h
[3.468s] -- Up-to-date: /home/siny/hydra_ws/install/hydra/include/hydra/places/gvd_graph.h
[3.469s] -- Up-to-date: /home/siny/hydra_ws/install/hydra/include/hydra/places/graph_extractor.h
[3.469s] -- Up-to-date: /home/siny/hydra_ws/install/hydra/include/hydra/places/graph_extractor_utilities.h
[3.469s] -- Up-to-date: /home/siny/hydra_ws/install/hydra/include/hydra/places/update_statistics.h
[3.469s] -- Up-to-date: /home/siny/hydra_ws/install/hydra/include/hydra/places/gvd_voxel.h
[3.469s] -- Up-to-date: /home/siny/hydra_ws/install/hydra/include/hydra/places/gvd_parent_tracker.h
[3.469s] -- Up-to-date: /home/siny/hydra_ws/install/hydra/include/hydra/common
[3.469s] -- Up-to-date: /home/siny/hydra_ws/install/hydra/include/hydra/common/config_utilities.h
[3.469s] -- Up-to-date: /home/siny/hydra_ws/install/hydra/include/hydra/common/graph_update.h
[3.469s] -- Up-to-date: /home/siny/hydra_ws/install/hydra/include/hydra/common/pipeline_queues.h
[3.469s] -- Up-to-date: /home/siny/hydra_ws/install/hydra/include/hydra/common/common_types.h
[3.469s] -- Up-to-date: /home/siny/hydra_ws/install/hydra/include/hydra/common/batch_pipeline.h
[3.469s] -- Up-to-date: /home/siny/hydra_ws/install/hydra/include/hydra/common/dsg_types.h
[3.469s] -- Up-to-date: /home/siny/hydra_ws/install/hydra/include/hydra/common/hydra_pipeline.h
[3.469s] -- Up-to-date: /home/siny/hydra_ws/install/hydra/include/hydra/common/global_info.h
[3.469s] -- Up-to-date: /home/siny/hydra_ws/install/hydra/include/hydra/common/message_queue.h
[3.469s] -- Up-to-date: /home/siny/hydra_ws/install/hydra/include/hydra/common/label_space_config.h
[3.469s] -- Up-to-date: /home/siny/hydra_ws/install/hydra/include/hydra/common/shared_module_state.h
[3.469s] -- Up-to-date: /home/siny/hydra_ws/install/hydra/include/hydra/common/output_sink.h
[3.469s] -- Up-to-date: /home/siny/hydra_ws/install/hydra/include/hydra/common/label_remapper.h
[3.469s] -- Up-to-date: /home/siny/hydra_ws/install/hydra/include/hydra/common/semantic_color_map.h
[3.469s] -- Up-to-date: /home/siny/hydra_ws/install/hydra/include/hydra/common/module.h
[3.469s] -- Up-to-date: /home/siny/hydra_ws/install/hydra/include/hydra/common/launch_callbacks.h
[3.469s] -- Up-to-date: /home/siny/hydra_ws/install/hydra/include/hydra/common/shared_dsg_info.h
[3.469s] -- Up-to-date: /home/siny/hydra_ws/install/hydra/include/hydra/common/robot_prefix_config.h
[3.469s] -- Up-to-date: /home/siny/hydra_ws/install/hydra/include/hydra/input
[3.469s] -- Up-to-date: /home/siny/hydra_ws/install/hydra/include/hydra/input/sensor_extrinsics.h
[3.469s] -- Up-to-date: /home/siny/hydra_ws/install/hydra/include/hydra/input/camera.h
[3.469s] -- Up-to-date: /home/siny/hydra_ws/install/hydra/include/hydra/input/sensor_utilities.h
[3.469s] -- Up-to-date: /home/siny/hydra_ws/install/hydra/include/hydra/input/sensor_input_packet.h
[3.469s] -- Up-to-date: /home/siny/hydra_ws/install/hydra/include/hydra/input/sensor.h
[3.469s] -- Up-to-date: /home/siny/hydra_ws/install/hydra/include/hydra/input/data_receiver.h
[3.469s] -- Up-to-date: /home/siny/hydra_ws/install/hydra/include/hydra/input/input_data.h
[3.470s] -- Up-to-date: /home/siny/hydra_ws/install/hydra/include/hydra/input/input_packet.h
[3.470s] -- Up-to-date: /home/siny/hydra_ws/install/hydra/include/hydra/input/input_conversion.h
[3.470s] -- Up-to-date: /home/siny/hydra_ws/install/hydra/include/hydra/input/input_module.h
[3.470s] -- Up-to-date: /home/siny/hydra_ws/install/hydra/include/hydra/input/lidar.h
[3.470s] -- Up-to-date: /home/siny/hydra_ws/install/hydra/include/hydra/backend
[3.470s] -- Up-to-date: /home/siny/hydra_ws/install/hydra/include/hydra/backend/update_buildings_functor.h
[3.470s] -- Up-to-date: /home/siny/hydra_ws/install/hydra/include/hydra/backend/merge_proposer.h
[3.470s] -- Up-to-date: /home/siny/hydra_ws/install/hydra/include/hydra/backend/merge_tracker.h
[3.470s] -- Up-to-date: /home/siny/hydra_ws/install/hydra/include/hydra/backend/external_loop_closure_receiver.h
[3.470s] -- Up-to-date: /home/siny/hydra_ws/install/hydra/include/hydra/backend/zmq_interfaces.h
[3.470s] -- Up-to-date: /home/siny/hydra_ws/install/hydra/include/hydra/backend/backend_input.h
[3.470s] -- Up-to-date: /home/siny/hydra_ws/install/hydra/include/hydra/backend/pgmo_configs.h
[3.470s] -- Up-to-date: /home/siny/hydra_ws/install/hydra/include/hydra/backend/update_frontiers_functor.h
[3.470s] -- Up-to-date: /home/siny/hydra_ws/install/hydra/include/hydra/backend/association_strategies.h
[3.470s] -- Up-to-date: /home/siny/hydra_ws/install/hydra/include/hydra/backend/update_agents_functor.h
[3.470s] -- Up-to-date: /home/siny/hydra_ws/install/hydra/include/hydra/backend/backend_module.h
[3.470s] -- Up-to-date: /home/siny/hydra_ws/install/hydra/include/hydra/backend/backend_utilities.h
[3.470s] -- Up-to-date: /home/siny/hydra_ws/install/hydra/include/hydra/backend/deformation_interpolator.h
[3.470s] -- Up-to-date: /home/siny/hydra_ws/install/hydra/include/hydra/backend/update_rooms_functor.h
[3.470s] -- Up-to-date: /home/siny/hydra_ws/install/hydra/include/hydra/backend/update_functions.h
[3.470s] -- Up-to-date: /home/siny/hydra_ws/install/hydra/include/hydra/backend/update_surface_places_functor.h
[3.470s] -- Up-to-date: /home/siny/hydra_ws/install/hydra/include/hydra/backend/surface_place_utilities.h
[3.470s] -- Up-to-date: /home/siny/hydra_ws/install/hydra/include/hydra/backend/mst_factors.h
[3.470s] -- Up-to-date: /home/siny/hydra_ws/install/hydra/include/hydra/backend/update_objects_functor.h
[3.470s] -- Up-to-date: /home/siny/hydra_ws/install/hydra/include/hydra/backend/update_places_functor.h
[3.470s] -- Up-to-date: /home/siny/hydra_ws/install/hydra/include/hydra/backend/mesh_clustering.h
[3.470s] -- Up-to-date: /home/siny/hydra_ws/install/hydra/include/hydra/backend/dsg_updater.h
[3.470s] -- Up-to-date: /home/siny/hydra_ws/install/hydra/include/hydra/utils
[3.470s] -- Up-to-date: /home/siny/hydra_ws/install/hydra/include/hydra/utils/pgmo_mesh_traits.h
[3.470s] -- Up-to-date: /home/siny/hydra_ws/install/hydra/include/hydra/utils/nearest_neighbor_utilities.h
[3.470s] -- Up-to-date: /home/siny/hydra_ws/install/hydra/include/hydra/utils/data_directory.h
[3.470s] -- Up-to-date: /home/siny/hydra_ws/install/hydra/include/hydra/utils/display_utilities.h
[3.470s] -- Up-to-date: /home/siny/hydra_ws/install/hydra/include/hydra/utils/bucket_queue.h
[3.470s] -- Up-to-date: /home/siny/hydra_ws/install/hydra/include/hydra/utils/pgmo_mesh_interface.h
[3.470s] -- Up-to-date: /home/siny/hydra_ws/install/hydra/include/hydra/utils/minimum_spanning_tree.h
[3.470s] -- Up-to-date: /home/siny/hydra_ws/install/hydra/include/hydra/utils/id_tracker.h
[3.470s] -- Up-to-date: /home/siny/hydra_ws/install/hydra/include/hydra/utils/disjoint_set.h
[3.470s] -- Up-to-date: /home/siny/hydra_ws/install/hydra/include/hydra/utils/active_window_tracker.h
[3.470s] -- Up-to-date: /home/siny/hydra_ws/install/hydra/include/hydra/utils/pgmo_glog_sink.h
[3.471s] -- Up-to-date: /home/siny/hydra_ws/install/hydra/include/hydra/utils/timing_utilities.h
[3.471s] -- Up-to-date: /home/siny/hydra_ws/install/hydra/include/hydra/utils/mesh_utilities.h
[3.471s] -- Up-to-date: /home/siny/hydra_ws/install/hydra/include/hydra/utils/layer_io.h
[3.471s] -- Up-to-date: /home/siny/hydra_ws/install/hydra/include/hydra/utils/place_2d_ellipsoid_math.h
[3.471s] -- Up-to-date: /home/siny/hydra_ws/install/hydra/include/hydra/utils/csv_reader.h
[3.471s] -- Up-to-date: /home/siny/hydra_ws/install/hydra/include/hydra/utils/printing.h
[3.471s] -- Up-to-date: /home/siny/hydra_ws/install/hydra/include/hydra/odometry
[3.471s] -- Up-to-date: /home/siny/hydra_ws/install/hydra/include/hydra/odometry/pose_graph_from_odom.h
[3.471s] -- Up-to-date: /home/siny/hydra_ws/install/hydra/include/hydra/odometry/pose_graph_tracker.h
[3.471s] -- Up-to-date: /home/siny/hydra_ws/install/hydra/include/hydra/active_window
[3.471s] -- Up-to-date: /home/siny/hydra_ws/install/hydra/include/hydra/active_window/active_window_module.h
[3.471s] -- Up-to-date: /home/siny/hydra_ws/install/hydra/include/hydra/active_window/active_window_output.h
[3.471s] -- Up-to-date: /home/siny/hydra_ws/install/hydra/include/hydra/active_window/reconstruction_module.h
[3.471s] -- Up-to-date: /home/siny/hydra_ws/install/hydra/include/hydra/active_window/volumetric_window.h
[3.471s] -- Up-to-date: /home/siny/hydra_ws/install/hydra/include/hydra/loop_closure
[3.471s] -- Up-to-date: /home/siny/hydra_ws/install/hydra/include/hydra/loop_closure/descriptor_matching.h
[3.471s] -- Up-to-date: /home/siny/hydra_ws/install/hydra/include/hydra/loop_closure/registration.h
[3.471s] -- Up-to-date: /home/siny/hydra_ws/install/hydra/include/hydra/loop_closure/loop_closure_config.h
[3.471s] -- Up-to-date: /home/siny/hydra_ws/install/hydra/include/hydra/loop_closure/lcd_input.h
[3.471s] -- Up-to-date: /home/siny/hydra_ws/install/hydra/include/hydra/loop_closure/loop_closure_module.h
[3.471s] -- Up-to-date: /home/siny/hydra_ws/install/hydra/include/hydra/loop_closure/subgraph_extraction.h
[3.471s] -- Up-to-date: /home/siny/hydra_ws/install/hydra/include/hydra/loop_closure/registration_solution.h
[3.471s] -- Up-to-date: /home/siny/hydra_ws/install/hydra/include/hydra/loop_closure/detector.h
[3.471s] -- Up-to-date: /home/siny/hydra_ws/install/hydra/include/hydra/loop_closure/scene_graph_descriptors.h
[3.471s] -- Up-to-date: /home/siny/hydra_ws/install/hydra/include/hydra/loop_closure/gnn_descriptors.h
[3.471s] -- Up-to-date: /home/siny/hydra_ws/install/hydra/include/hydra/rooms
[3.471s] -- Up-to-date: /home/siny/hydra_ws/install/hydra/include/hydra/rooms/room_finder.h
[3.471s] -- Up-to-date: /home/siny/hydra_ws/install/hydra/include/hydra/rooms/graph_filtration.h
[3.471s] -- Up-to-date: /home/siny/hydra_ws/install/hydra/include/hydra/rooms/semantic_smoothing.h
[3.471s] -- Up-to-date: /home/siny/hydra_ws/install/hydra/include/hydra/rooms/graph_clustering.h
[3.471s] -- Up-to-date: /home/siny/hydra_ws/install/hydra/include/hydra/rooms/room_finder_config.h
[3.471s] -- Up-to-date: /home/siny/hydra_ws/install/hydra/include/hydra/rooms/room_utilities.h
[3.471s] -- Up-to-date: /home/siny/hydra_ws/install/hydra/include/hydra/openset
[3.471s] -- Up-to-date: /home/siny/hydra_ws/install/hydra/include/hydra/openset/openset_types.h
[3.471s] -- Up-to-date: /home/siny/hydra_ws/install/hydra/include/hydra/openset/embedding_distances.h
[3.472s] -- Up-to-date: /home/siny/hydra_ws/install/hydra/include/hydra/openset/embedding_pooling.h
[3.472s] -- Up-to-date: /home/siny/hydra_ws/install/hydra/include/hydra/openset/embedding_group.h
[3.472s] -- Up-to-date: /home/siny/hydra_ws/install/hydra/include/hydra/reconstruction
[3.472s] -- Up-to-date: /home/siny/hydra_ws/install/hydra/include/hydra/reconstruction/volumetric_map.h
[3.472s] -- Up-to-date: /home/siny/hydra_ws/install/hydra/include/hydra/reconstruction/marching_cubes.h
[3.472s] -- Up-to-date: /home/siny/hydra_ws/install/hydra/include/hydra/reconstruction/projection_interpolators.h
[3.472s] -- Up-to-date: /home/siny/hydra_ws/install/hydra/include/hydra/reconstruction/semantic_integrator.h
[3.472s] -- Up-to-date: /home/siny/hydra_ws/install/hydra/include/hydra/reconstruction/tsdf_interpolators.h
[3.472s] -- Up-to-date: /home/siny/hydra_ws/install/hydra/include/hydra/reconstruction/integration_masking.h
[3.472s] -- Up-to-date: /home/siny/hydra_ws/install/hydra/include/hydra/reconstruction/mesh_integrator.h
[3.472s] -- Up-to-date: /home/siny/hydra_ws/install/hydra/include/hydra/reconstruction/index_getter.h
[3.472s] -- Up-to-date: /home/siny/hydra_ws/install/hydra/include/hydra/reconstruction/voxel_types.h
[3.472s] -- Up-to-date: /home/siny/hydra_ws/install/hydra/include/hydra/reconstruction/projective_integrator.h
[3.472s] -- Up-to-date: /home/siny/hydra_ws/install/hydra/include/hydra/reconstruction/mesh_integrator_config.h
[3.472s] -- Up-to-date: /home/siny/hydra_ws/install/hydra/include/hydra/gnn
[3.472s] -- Up-to-date: /home/siny/hydra_ws/install/hydra/include/hydra/gnn/gnn_interface.h
[3.472s] -- Up-to-date: /home/siny/hydra_ws/install/hydra/include/hydra/gnn/tensor.h
[3.472s] -- Up-to-date: /home/siny/hydra_ws/install/hydra/include/hydra/gnn/ort_utilities.h
[3.472s] -- Up-to-date: /home/siny/hydra_ws/install/hydra/include/hydra/frontend
[3.472s] -- Up-to-date: /home/siny/hydra_ws/install/hydra/include/hydra/frontend/place_2d_segmenter.h
[3.472s] -- Up-to-date: /home/siny/hydra_ws/install/hydra/include/hydra/frontend/place_2d_split_logic.h
[3.472s] -- Up-to-date: /home/siny/hydra_ws/install/hydra/include/hydra/frontend/place_mesh_connector.h
[3.472s] -- Up-to-date: /home/siny/hydra_ws/install/hydra/include/hydra/frontend/view_database.h
[3.472s] -- Up-to-date: /home/siny/hydra_ws/install/hydra/include/hydra/frontend/graph_connector.h
[3.472s] -- Up-to-date: /home/siny/hydra_ws/install/hydra/include/hydra/frontend/freespace_places_interface.h
[3.472s] -- Up-to-date: /home/siny/hydra_ws/install/hydra/include/hydra/frontend/mesh_segmenter.h
[3.472s] -- Up-to-date: /home/siny/hydra_ws/install/hydra/include/hydra/frontend/view_selector.h
[3.472s] -- Up-to-date: /home/siny/hydra_ws/install/hydra/include/hydra/frontend/surface_places_interface.h
[3.472s] -- Up-to-date: /home/siny/hydra_ws/install/hydra/include/hydra/frontend/frontier_extractor.h
[3.472s] -- Up-to-date: /home/siny/hydra_ws/install/hydra/include/hydra/frontend/gvd_place_extractor.h
[3.472s] -- Up-to-date: /home/siny/hydra_ws/install/hydra/include/hydra/frontend/graph_builder.h
[3.472s] -- Up-to-date: /home/siny/hydra_ws/install/hydra/lib/cmake/hydra/hydraTargets.cmake
[3.472s] -- Up-to-date: /home/siny/hydra_ws/install/hydra/lib/cmake/hydra/hydraTargets-release.cmake
[3.472s] -- Up-to-date: /home/siny/hydra_ws/install/hydra/lib/cmake/hydra/hydraConfig.cmake
[3.472s] -- Up-to-date: /home/siny/hydra_ws/install/hydra/lib/cmake/hydra/hydraConfigVersion.cmake
[3.472s] -- Up-to-date: /home/siny/hydra_ws/install/hydra/share/hydra/config
[3.472s] -- Up-to-date: /home/siny/hydra_ws/install/hydra/share/hydra/config/lcd
[3.472s] -- Up-to-date: /home/siny/hydra_ws/install/hydra/share/hydra/config/lcd/default.yaml
[3.472s] -- Up-to-date: /home/siny/hydra_ws/install/hydra/share/hydra/config/lcd/default_gnn.yaml
[3.473s] -- Up-to-date: /home/siny/hydra_ws/install/hydra/share/hydra/config/lcd/uhumans2.yaml
[3.473s] -- Up-to-date: /home/siny/hydra_ws/install/hydra/share/hydra/config/lcd/uhumans2_gnn.yaml
[3.473s] -- Up-to-date: /home/siny/hydra_ws/install/hydra/share/hydra/config/label_remaps
[3.473s] -- Up-to-date: /home/siny/hydra_ws/install/hydra/share/hydra/config/label_remaps/uhumans2_apartment.yaml
[3.473s] -- Up-to-date: /home/siny/hydra_ws/install/hydra/share/hydra/config/label_remaps/uhumans2_neighborhood.yaml
[3.473s] -- Up-to-date: /home/siny/hydra_ws/install/hydra/share/hydra/config/label_remaps/12uhumans1_color.yaml
[3.473s] -- Up-to-date: /home/siny/hydra_ws/install/hydra/share/hydra/config/label_remaps/uhumans2_subway.yaml
[3.473s] -- Up-to-date: /home/siny/hydra_ws/install/hydra/share/hydra/config/label_remaps/uhumans2_office.yaml
[3.473s] -- Up-to-date: /home/siny/hydra_ws/install/hydra/share/hydra/config/label_remaps/tesse_cd_office.yaml
[3.473s] -- Up-to-date: /home/siny/hydra_ws/install/hydra/share/hydra/config/label_remaps/tesse_cd_apartment.yaml
[3.473s] -- Up-to-date: /home/siny/hydra_ws/install/hydra/share/hydra/config/datasets
[3.473s] -- Up-to-date: /home/siny/hydra_ws/install/hydra/share/hydra/config/datasets/sidpac.yaml
[3.473s] -- Up-to-date: /home/siny/hydra_ws/install/hydra/share/hydra/config/datasets/kimera_multi_velodyne16.yaml
[3.473s] -- Up-to-date: /home/siny/hydra_ws/install/hydra/share/hydra/config/datasets/simmons_a1.yaml
[3.473s] -- Up-to-date: /home/siny/hydra_ws/install/hydra/share/hydra/config/datasets/kimera_multi_ouster64.yaml
[3.473s] -- Up-to-date: /home/siny/hydra_ws/install/hydra/share/hydra/config/datasets/spot.yaml
[3.473s] -- Up-to-date: /home/siny/hydra_ws/install/hydra/share/hydra/config/datasets/d455_outdoor.yaml
[3.473s] -- Up-to-date: /home/siny/hydra_ws/install/hydra/share/hydra/config/datasets/uhumans2.yaml
[3.473s] -- Up-to-date: /home/siny/hydra_ws/install/hydra/share/hydra/config/datasets/habitat.yaml
[3.473s] -- Up-to-date: /home/siny/hydra_ws/install/hydra/share/hydra/config/datasets/kitti_360.yaml
[3.473s] -- Up-to-date: /home/siny/hydra_ws/install/hydra/share/hydra/config/datasets/pennquad.yaml
[3.473s] -- Up-to-date: /home/siny/hydra_ws/install/hydra/share/hydra/config/datasets/simmons_jackal.yaml
[3.473s] -- Up-to-date: /home/siny/hydra_ws/install/hydra/share/hydra/config/datasets/kimera_multi_rgbd.yaml
[3.473s] -- Up-to-date: /home/siny/hydra_ws/install/hydra/share/hydra/config/label_spaces
[3.473s] -- Up-to-date: /home/siny/hydra_ws/install/hydra/share/hydra/config/label_spaces/tesse_cd_office_label_space.yaml
[3.473s] -- Up-to-date: /home/siny/hydra_ws/install/hydra/share/hydra/config/label_spaces/tesse_cd_apartment_label_space.yaml
[3.473s] -- Up-to-date: /home/siny/hydra_ws/install/hydra/share/hydra/config/label_spaces/kitti_360_label_space.yaml
[3.473s] -- Up-to-date: /home/siny/hydra_ws/install/hydra/share/hydra/config/label_spaces/vlm_label_space.yaml
[3.473s] -- Up-to-date: /home/siny/hydra_ws/install/hydra/share/hydra/config/label_spaces/phoenix_label_space.yaml
[3.473s] -- Up-to-date: /home/siny/hydra_ws/install/hydra/share/hydra/config/label_spaces/ade20k_full_label_space.yaml
[3.473s] -- Up-to-date: /home/siny/hydra_ws/install/hydra/share/hydra/config/label_spaces/uhumans2_subway_label_space.yaml
[3.473s] -- Installing: /home/siny/hydra_ws/install/hydra/share/hydra/config/label_spaces/uhumans2_apartment_label_space.yaml
[3.473s] -- Up-to-date: /home/siny/hydra_ws/install/hydra/share/hydra/config/label_spaces/ade20k_mp3d_label_space.yaml
[3.473s] -- Up-to-date: /home/siny/hydra_ws/install/hydra/share/hydra/config/label_spaces/ade20k_mit_label_space.yaml
[3.473s] -- Up-to-date: /home/siny/hydra_ws/install/hydra/share/hydra/config/label_spaces/uhumans2_office_label_space.yaml
[3.473s] -- Up-to-date: /home/siny/hydra_ws/install/hydra/share/hydra/config/label_spaces/tesse_ade20k_label_space.yaml
[3.473s] -- Up-to-date: /home/siny/hydra_ws/install/hydra/share/hydra/config/label_spaces/ade20k_outdoor_label_space.yaml
[3.473s] -- Up-to-date: /home/siny/hydra_ws/install/hydra/share/hydra/config/label_spaces/vlm_apartment_label_space.yaml
[3.473s] -- Up-to-date: /home/siny/hydra_ws/install/hydra/share/hydra/config/label_spaces/mpcat40_label_space.yaml
[3.474s] -- Up-to-date: /home/siny/hydra_ws/install/hydra/share/hydra/config/label_spaces/ade20k_indoor_label_space.yaml
[3.474s] -- Up-to-date: /home/siny/hydra_ws/install/hydra/share/hydra/config/label_spaces/my_yolo_labels.yaml
[3.474s] -- Up-to-date: /home/siny/hydra_ws/install/hydra/share/ament_index/resource_index/package_run_dependencies/hydra
[3.474s] -- Up-to-date: /home/siny/hydra_ws/install/hydra/share/ament_index/resource_index/parent_prefix_path/hydra
[3.474s] -- Up-to-date: /home/siny/hydra_ws/install/hydra/share/hydra/environment/ament_prefix_path.sh
[3.474s] -- Up-to-date: /home/siny/hydra_ws/install/hydra/share/hydra/environment/ament_prefix_path.dsv
[3.474s] -- Up-to-date: /home/siny/hydra_ws/install/hydra/share/hydra/environment/path.sh
[3.474s] -- Up-to-date: /home/siny/hydra_ws/install/hydra/share/hydra/environment/path.dsv
[3.474s] -- Up-to-date: /home/siny/hydra_ws/install/hydra/share/hydra/local_setup.bash
[3.474s] -- Up-to-date: /home/siny/hydra_ws/install/hydra/share/hydra/local_setup.sh
[3.474s] -- Up-to-date: /home/siny/hydra_ws/install/hydra/share/hydra/local_setup.zsh
[3.474s] -- Up-to-date: /home/siny/hydra_ws/install/hydra/share/hydra/local_setup.dsv
[3.474s] -- Installing: /home/siny/hydra_ws/install/hydra/share/hydra/package.dsv
[3.474s] -- Up-to-date: /home/siny/hydra_ws/install/hydra/share/ament_index/resource_index/packages/hydra
[3.474s] -- Up-to-date: /home/siny/hydra_ws/install/hydra/share/hydra/cmake/hydraConfig.cmake
[3.474s] -- Up-to-date: /home/siny/hydra_ws/install/hydra/share/hydra/cmake/hydraConfig-version.cmake
[3.474s] -- Up-to-date: /home/siny/hydra_ws/install/hydra/share/hydra/package.xml
[3.474s] Invoked command in '/home/siny/hydra_ws/build/hydra' returned '0': CMAKE_PREFIX_PATH=/home/siny/hydra_ws/install/kimera_pgmo:/home/siny/hydra_ws/install/teaserpp:/home/siny/hydra_ws/install/spatial_hash:/home/siny/hydra_ws/install/spark_dsg:/home/siny/hydra_ws/install/pose_graph_tools:/home/siny/hydra_ws/install/kimera_rpgo:/home/siny/hydra_ws/install/config_utilities CONDA_PROMPT_MODIFIER=(base) DEBUGINFOD_URLS=https://debuginfod.ubuntu.com LD_LIBRARY_PATH=/home/siny/hydra_ws/install/kimera_pgmo/lib:/home/siny/hydra_ws/install/teaserpp/lib:/home/siny/hydra_ws/install/spark_dsg/lib:/home/siny/hydra_ws/install/pose_graph_tools/lib:/home/siny/hydra_ws/install/kimera_rpgo/lib:/home/siny/hydra_ws/install/config_utilities/lib PATH=/home/siny/hydra_ws/install/kimera_pgmo/bin:/home/siny/hydra_ws/install/spark_dsg/bin:/home/siny/hydra_ws/install/config_utilities/bin:${PATH} PKG_CONFIG_PATH=/home/siny/hydra_ws/install/kimera_pgmo/lib/aarch64-linux-gnu/pkgconfig:/home/siny/hydra_ws/install/kimera_pgmo/lib/pkgconfig:/home/siny/hydra_ws/install/teaserpp/lib/aarch64-linux-gnu/pkgconfig:/home/siny/hydra_ws/install/teaserpp/lib/pkgconfig:/home/siny/hydra_ws/install/spatial_hash/lib/aarch64-linux-gnu/pkgconfig:/home/siny/hydra_ws/install/spatial_hash/lib/pkgconfig:/home/siny/hydra_ws/install/spark_dsg/lib/aarch64-linux-gnu/pkgconfig:/home/siny/hydra_ws/install/spark_dsg/lib/pkgconfig:/home/siny/hydra_ws/install/pose_graph_tools/lib/aarch64-linux-gnu/pkgconfig:/home/siny/hydra_ws/install/pose_graph_tools/lib/pkgconfig:/home/siny/hydra_ws/install/kimera_rpgo/lib/aarch64-linux-gnu/pkgconfig:/home/siny/hydra_ws/install/kimera_rpgo/lib/pkgconfig:/home/siny/hydra_ws/install/config_utilities/lib/aarch64-linux-gnu/pkgconfig:/home/siny/hydra_ws/install/config_utilities/lib/pkgconfig /usr/bin/cmake --install /home/siny/hydra_ws/build/hydra
