[0.027s] Invoking command in '/home/siny/hydra_ws/build/kimera_rpgo': CMAKE_PREFIX_PATH=${CMAKE_PREFIX_PATH}:/opt/ros/jazzy:/home/siny/ros2_jazzy/install/ament_uncrustify:/home/siny/ros2_jazzy/install/tracetools_trace:/home/siny/ros2_jazzy/install/tracetools_read:/home/siny/ros2_jazzy/install/rpyutils:/home/siny/ros2_jazzy/install/rosidl_pycommon:/home/siny/ros2_jazzy/install/rosidl_cli:/home/siny/ros2_jazzy/install/launch_pytest:/home/siny/ros2_jazzy/install/launch_testing:/home/siny/ros2_jazzy/install/launch_yaml:/home/siny/ros2_jazzy/install/launch_xml:/home/siny/ros2_jazzy/install/launch:/home/siny/ros2_jazzy/install/osrf_pycommon:/home/siny/ros2_jazzy/install/domain_coordinator:/home/siny/ros2_jazzy/install/ament_xmllint:/home/siny/ros2_jazzy/install/ament_pyflakes:/home/siny/ros2_jazzy/install/ament_pycodestyle:/home/siny/ros2_jazzy/install/ament_pep257:/home/siny/ros2_jazzy/install/ament_pclint:/home/siny/ros2_jazzy/install/ament_package:/home/siny/ros2_jazzy/install/ament_mypy:/home/siny/ros2_jazzy/install/ament_lint_cmake:/home/siny/ros2_jazzy/install/ament_flake8:/home/siny/ros2_jazzy/install/ament_copyright:/home/siny/ros2_jazzy/install/ament_lint:/home/siny/ros2_jazzy/install/ament_index_python:/home/siny/ros2_jazzy/install/ament_cpplint:/home/siny/ros2_jazzy/install/ament_cppcheck:/home/siny/ros2_jazzy/install/ament_clang_tidy:/home/siny/ros2_jazzy/install/ament_clang_format DEBUGINFOD_URLS=https://debuginfod.ubuntu.com /usr/bin/cmake --build /home/siny/hydra_ws/build/kimera_rpgo -- -j20 -l20
[0.196s] [ 73%] Built target kimera_rpgo
[0.235s] [ 80%] Built target _kimera_rpgo_bindings
[0.258s] [100%] Built target test_kimera_rpgo
[0.282s] Invoked command in '/home/siny/hydra_ws/build/kimera_rpgo' returned '0': CMAKE_PREFIX_PATH=${CMAKE_PREFIX_PATH}:/opt/ros/jazzy:/home/siny/ros2_jazzy/install/ament_uncrustify:/home/siny/ros2_jazzy/install/tracetools_trace:/home/siny/ros2_jazzy/install/tracetools_read:/home/siny/ros2_jazzy/install/rpyutils:/home/siny/ros2_jazzy/install/rosidl_pycommon:/home/siny/ros2_jazzy/install/rosidl_cli:/home/siny/ros2_jazzy/install/launch_pytest:/home/siny/ros2_jazzy/install/launch_testing:/home/siny/ros2_jazzy/install/launch_yaml:/home/siny/ros2_jazzy/install/launch_xml:/home/siny/ros2_jazzy/install/launch:/home/siny/ros2_jazzy/install/osrf_pycommon:/home/siny/ros2_jazzy/install/domain_coordinator:/home/siny/ros2_jazzy/install/ament_xmllint:/home/siny/ros2_jazzy/install/ament_pyflakes:/home/siny/ros2_jazzy/install/ament_pycodestyle:/home/siny/ros2_jazzy/install/ament_pep257:/home/siny/ros2_jazzy/install/ament_pclint:/home/siny/ros2_jazzy/install/ament_package:/home/siny/ros2_jazzy/install/ament_mypy:/home/siny/ros2_jazzy/install/ament_lint_cmake:/home/siny/ros2_jazzy/install/ament_flake8:/home/siny/ros2_jazzy/install/ament_copyright:/home/siny/ros2_jazzy/install/ament_lint:/home/siny/ros2_jazzy/install/ament_index_python:/home/siny/ros2_jazzy/install/ament_cpplint:/home/siny/ros2_jazzy/install/ament_cppcheck:/home/siny/ros2_jazzy/install/ament_clang_tidy:/home/siny/ros2_jazzy/install/ament_clang_format DEBUGINFOD_URLS=https://debuginfod.ubuntu.com /usr/bin/cmake --build /home/siny/hydra_ws/build/kimera_rpgo -- -j20 -l20
[0.283s] Invoking command in '/home/siny/hydra_ws/build/kimera_rpgo': CMAKE_PREFIX_PATH=${CMAKE_PREFIX_PATH}:/opt/ros/jazzy:/home/siny/ros2_jazzy/install/ament_uncrustify:/home/siny/ros2_jazzy/install/tracetools_trace:/home/siny/ros2_jazzy/install/tracetools_read:/home/siny/ros2_jazzy/install/rpyutils:/home/siny/ros2_jazzy/install/rosidl_pycommon:/home/siny/ros2_jazzy/install/rosidl_cli:/home/siny/ros2_jazzy/install/launch_pytest:/home/siny/ros2_jazzy/install/launch_testing:/home/siny/ros2_jazzy/install/launch_yaml:/home/siny/ros2_jazzy/install/launch_xml:/home/siny/ros2_jazzy/install/launch:/home/siny/ros2_jazzy/install/osrf_pycommon:/home/siny/ros2_jazzy/install/domain_coordinator:/home/siny/ros2_jazzy/install/ament_xmllint:/home/siny/ros2_jazzy/install/ament_pyflakes:/home/siny/ros2_jazzy/install/ament_pycodestyle:/home/siny/ros2_jazzy/install/ament_pep257:/home/siny/ros2_jazzy/install/ament_pclint:/home/siny/ros2_jazzy/install/ament_package:/home/siny/ros2_jazzy/install/ament_mypy:/home/siny/ros2_jazzy/install/ament_lint_cmake:/home/siny/ros2_jazzy/install/ament_flake8:/home/siny/ros2_jazzy/install/ament_copyright:/home/siny/ros2_jazzy/install/ament_lint:/home/siny/ros2_jazzy/install/ament_index_python:/home/siny/ros2_jazzy/install/ament_cpplint:/home/siny/ros2_jazzy/install/ament_cppcheck:/home/siny/ros2_jazzy/install/ament_clang_tidy:/home/siny/ros2_jazzy/install/ament_clang_format DEBUGINFOD_URLS=https://debuginfod.ubuntu.com /usr/bin/cmake --install /home/siny/hydra_ws/build/kimera_rpgo
[0.288s] -- Install configuration: "Release"
[0.288s] -- Up-to-date: /home/siny/hydra_ws/install/kimera_rpgo/lib/libkimera_rpgo.so
[0.288s] -- Up-to-date: /home/siny/hydra_ws/install/kimera_rpgo/include
[0.288s] -- Up-to-date: /home/siny/hydra_ws/install/kimera_rpgo/include/kimera_rpgo
[0.288s] -- Up-to-date: /home/siny/hydra_ws/install/kimera_rpgo/include/kimera_rpgo/pcm
[0.288s] -- Up-to-date: /home/siny/hydra_ws/install/kimera_rpgo/include/kimera_rpgo/pcm/max_clique_finder
[0.288s] -- Up-to-date: /home/siny/hydra_ws/install/kimera_rpgo/include/kimera_rpgo/pcm/max_clique_finder/README.md
[0.288s] -- Up-to-date: /home/siny/hydra_ws/install/kimera_rpgo/include/kimera_rpgo/pcm/max_clique_finder/COPYRIGHT
[0.288s] -- Up-to-date: /home/siny/hydra_ws/install/kimera_rpgo/include/kimera_rpgo/pcm/max_clique_finder/findClique.h
[0.288s] -- Up-to-date: /home/siny/hydra_ws/install/kimera_rpgo/include/kimera_rpgo/pcm/max_clique_finder/graphIO.h
[0.288s] -- Up-to-date: /home/siny/hydra_ws/install/kimera_rpgo/include/kimera_rpgo/pcm/graph_utils.h
[0.289s] -- Up-to-date: /home/siny/hydra_ws/install/kimera_rpgo/include/kimera_rpgo/pcm/geometry_utils.h
[0.289s] -- Up-to-date: /home/siny/hydra_ws/install/kimera_rpgo/include/kimera_rpgo/pcm/pcm.h
[0.289s] -- Up-to-date: /home/siny/hydra_ws/install/kimera_rpgo/include/kimera_rpgo/rpgo.h
[0.289s] -- Up-to-date: /home/siny/hydra_ws/install/kimera_rpgo/include/kimera_rpgo/utils
[0.289s] -- Up-to-date: /home/siny/hydra_ws/install/kimera_rpgo/include/kimera_rpgo/utils/utils.h
[0.289s] -- Up-to-date: /home/siny/hydra_ws/install/kimera_rpgo/include/kimera_rpgo/utils/g2o.h
[0.289s] -- Up-to-date: /home/siny/hydra_ws/install/kimera_rpgo/include/kimera_rpgo/utils/loss_functions.h
[0.290s] -- Up-to-date: /home/siny/hydra_ws/install/kimera_rpgo/include/kimera_rpgo/utils/types.h
[0.290s] -- Up-to-date: /home/siny/hydra_ws/install/kimera_rpgo/include/kimera_rpgo/utils/pose_4dof.h
[0.290s] -- Up-to-date: /home/siny/hydra_ws/install/kimera_rpgo/include/kimera_rpgo/solver
[0.290s] -- Up-to-date: /home/siny/hydra_ws/install/kimera_rpgo/include/kimera_rpgo/solver/gnc_solver.h
[0.290s] -- Up-to-date: /home/siny/hydra_ws/install/kimera_rpgo/include/kimera_rpgo/solver/solver.h
[0.290s] -- Up-to-date: /home/siny/hydra_ws/install/kimera_rpgo/include/kimera_rpgo/solver/gradient_solver.h
[0.290s] -- Up-to-date: /home/siny/hydra_ws/install/kimera_rpgo/include/kimera_rpgo/solver/solver_config.h
[0.290s] -- Up-to-date: /home/siny/hydra_ws/install/kimera_rpgo/include/kimera_rpgo/solver/least_squares_solver.h
[0.291s] -- Up-to-date: /home/siny/hydra_ws/install/kimera_rpgo/lib/cmake/kimera_rpgo/kimera_rpgoTargets.cmake
[0.291s] -- Up-to-date: /home/siny/hydra_ws/install/kimera_rpgo/lib/cmake/kimera_rpgo/kimera_rpgoTargets-release.cmake
[0.291s] -- Up-to-date: /home/siny/hydra_ws/install/kimera_rpgo/lib/cmake/kimera_rpgo/kimera_rpgoConfig.cmake
[0.291s] -- Up-to-date: /home/siny/hydra_ws/install/kimera_rpgo/lib/cmake/kimera_rpgo/kimera_rpgoConfigVersion.cmake
[0.292s] Invoked command in '/home/siny/hydra_ws/build/kimera_rpgo' returned '0': CMAKE_PREFIX_PATH=${CMAKE_PREFIX_PATH}:/opt/ros/jazzy:/home/siny/ros2_jazzy/install/ament_uncrustify:/home/siny/ros2_jazzy/install/tracetools_trace:/home/siny/ros2_jazzy/install/tracetools_read:/home/siny/ros2_jazzy/install/rpyutils:/home/siny/ros2_jazzy/install/rosidl_pycommon:/home/siny/ros2_jazzy/install/rosidl_cli:/home/siny/ros2_jazzy/install/launch_pytest:/home/siny/ros2_jazzy/install/launch_testing:/home/siny/ros2_jazzy/install/launch_yaml:/home/siny/ros2_jazzy/install/launch_xml:/home/siny/ros2_jazzy/install/launch:/home/siny/ros2_jazzy/install/osrf_pycommon:/home/siny/ros2_jazzy/install/domain_coordinator:/home/siny/ros2_jazzy/install/ament_xmllint:/home/siny/ros2_jazzy/install/ament_pyflakes:/home/siny/ros2_jazzy/install/ament_pycodestyle:/home/siny/ros2_jazzy/install/ament_pep257:/home/siny/ros2_jazzy/install/ament_pclint:/home/siny/ros2_jazzy/install/ament_package:/home/siny/ros2_jazzy/install/ament_mypy:/home/siny/ros2_jazzy/install/ament_lint_cmake:/home/siny/ros2_jazzy/install/ament_flake8:/home/siny/ros2_jazzy/install/ament_copyright:/home/siny/ros2_jazzy/install/ament_lint:/home/siny/ros2_jazzy/install/ament_index_python:/home/siny/ros2_jazzy/install/ament_cpplint:/home/siny/ros2_jazzy/install/ament_cppcheck:/home/siny/ros2_jazzy/install/ament_clang_tidy:/home/siny/ros2_jazzy/install/ament_clang_format DEBUGINFOD_URLS=https://debuginfod.ubuntu.com /usr/bin/cmake --install /home/siny/hydra_ws/build/kimera_rpgo
