[0.014s] Invoking command in '/home/siny/hydra_ws/build/config_utilities_msgs': CMAKE_PREFIX_PATH=${CMAKE_PREFIX_PATH}:/opt/ros/jazzy DEBUGINFOD_URLS=https://debuginfod.ubuntu.com /usr/bin/cmake /home/siny/hydra_ws/src/config_utilities/config_utilities_msgs -DCMAKE_BUILD_TYPE=Release -DCMAKE_INSTALL_PREFIX=/home/siny/hydra_ws/install/config_utilities_msgs
[0.060s] -- The C compiler identification is GNU 13.3.0
[0.108s] -- The CXX compiler identification is GNU 13.3.0
[0.119s] -- Detecting C compiler ABI info
[0.178s] -- Detecting C compiler ABI info - done
[0.188s] -- Check for working C compiler: /usr/bin/cc - skipped
[0.189s] -- Detecting C compile features
[0.190s] -- Detecting C compile features - done
[0.195s] -- Detecting CXX compiler ABI info
[0.273s] -- Detecting CXX compiler ABI info - done
[0.278s] -- Check for working CXX compiler: /usr/bin/c++ - skipped
[0.278s] -- Detecting CXX compile features
[0.278s] -- Detecting CXX compile features - done
[0.279s] -- Found ament_cmake: 2.5.4 (/opt/ros/jazzy/share/ament_cmake/cmake)
[0.392s] -- Found Python3: /usr/bin/python3 (found version "3.12.3") found components: Interpreter 
[0.460s] -- Found std_msgs: 5.3.6 (/opt/ros/jazzy/share/std_msgs/cmake)
[0.476s] -- Found rosidl_generator_c: 4.6.6 (/opt/ros/jazzy/share/rosidl_generator_c/cmake)
[0.481s] -- Found rosidl_generator_cpp: 4.6.6 (/opt/ros/jazzy/share/rosidl_generator_cpp/cmake)
[0.488s] -- Using all available rosidl_typesupport_c: rosidl_typesupport_fastrtps_c;rosidl_typesupport_introspection_c
[0.495s] -- Using all available rosidl_typesupport_cpp: rosidl_typesupport_fastrtps_cpp;rosidl_typesupport_introspection_cpp
[0.512s] -- Found rosidl_default_generators: 1.6.0 (/opt/ros/jazzy/share/rosidl_default_generators/cmake)
[0.517s] -- Found rosidl_adapter: 4.6.6 (/opt/ros/jazzy/share/rosidl_adapter/cmake)
[1.418s] -- Found ament_cmake_ros: 0.12.0 (/opt/ros/jazzy/share/ament_cmake_ros/cmake)
[3.873s] -- Using all available rosidl_typesupport_c: rosidl_typesupport_fastrtps_c;rosidl_typesupport_introspection_c
[4.599s] -- Using all available rosidl_typesupport_cpp: rosidl_typesupport_fastrtps_cpp;rosidl_typesupport_introspection_cpp
[4.609s] -- Found python_cmake_module: 0.11.1 (/opt/ros/jazzy/share/python_cmake_module/cmake)
[4.816s] -- Found PythonExtra: /usr/bin/python3  
[5.780s] -- Found Python3: /usr/bin/python3 (found version "3.12.3") found components: Interpreter Development NumPy Development.Module Development.Embed 
[5.903s] -- Configuring done (5.9s)
[5.993s] -- Generating done (0.1s)
[6.014s] -- Build files have been written to: /home/siny/hydra_ws/build/config_utilities_msgs
[6.060s] Invoked command in '/home/siny/hydra_ws/build/config_utilities_msgs' returned '0': CMAKE_PREFIX_PATH=${CMAKE_PREFIX_PATH}:/opt/ros/jazzy DEBUGINFOD_URLS=https://debuginfod.ubuntu.com /usr/bin/cmake /home/siny/hydra_ws/src/config_utilities/config_utilities_msgs -DCMAKE_BUILD_TYPE=Release -DCMAKE_INSTALL_PREFIX=/home/siny/hydra_ws/install/config_utilities_msgs
[6.061s] Invoking command in '/home/siny/hydra_ws/build/config_utilities_msgs': CMAKE_PREFIX_PATH=${CMAKE_PREFIX_PATH}:/opt/ros/jazzy DEBUGINFOD_URLS=https://debuginfod.ubuntu.com /usr/bin/cmake --build /home/siny/hydra_ws/build/config_utilities_msgs -- -j20 -l20
[6.184s] [  2%] [34m[1mGenerating type hashes for ROS interfaces[0m
[6.218s] [  2%] Built target ament_cmake_python_copy_config_utilities_msgs
[6.602s] [  2%] Built target config_utilities_msgs__rosidl_generator_type_description
[6.617s] [  5%] [34m[1mGenerating C code for ROS interfaces[0m
[6.633s] [  8%] [34m[1mGenerating C++ code for ROS interfaces[0m
[6.735s] running egg_info
[6.739s] creating config_utilities_msgs.egg-info
[6.779s] writing config_utilities_msgs.egg-info/PKG-INFO
[6.782s] writing dependency_links to config_utilities_msgs.egg-info/dependency_links.txt
[6.782s] writing top-level names to config_utilities_msgs.egg-info/top_level.txt
[6.782s] writing manifest file 'config_utilities_msgs.egg-info/SOURCES.txt'
[6.920s] reading manifest file 'config_utilities_msgs.egg-info/SOURCES.txt'
[6.920s] writing manifest file 'config_utilities_msgs.egg-info/SOURCES.txt'
[7.004s] [  8%] Built target ament_cmake_python_build_config_utilities_msgs_egg
[7.045s] [  8%] Built target config_utilities_msgs__cpp
[7.262s] [ 11%] [32mBuilding C object CMakeFiles/config_utilities_msgs__rosidl_generator_c.dir/rosidl_generator_c/config_utilities_msgs/srv/detail/set_config__description.c.o[0m
[7.263s] [ 14%] [32mBuilding C object CMakeFiles/config_utilities_msgs__rosidl_generator_c.dir/rosidl_generator_c/config_utilities_msgs/srv/detail/set_config__functions.c.o[0m
[7.282s] [ 17%] [32mBuilding C object CMakeFiles/config_utilities_msgs__rosidl_generator_c.dir/rosidl_generator_c/config_utilities_msgs/srv/detail/set_config__type_support.c.o[0m
[7.720s] [ 20%] [32m[1mLinking C shared library libconfig_utilities_msgs__rosidl_generator_c.so[0m
[7.802s] [ 20%] Built target config_utilities_msgs__rosidl_generator_c
[7.819s] [ 23%] [34m[1mGenerating C type support for eProsima Fast-RTPS[0m
[7.821s] [ 26%] [34m[1mGenerating C++ introspection for ROS interfaces[0m
[7.821s] [ 29%] [34m[1mGenerating C type support dispatch for ROS interfaces[0m
[7.825s] [ 32%] [34m[1mGenerating C++ type support dispatch for ROS interfaces[0m
[7.833s] [ 35%] [34m[1mGenerating C introspection for ROS interfaces[0m
[7.833s] [ 38%] [34m[1mGenerating C++ type support for eProsima Fast-RTPS[0m
[8.166s] [ 41%] [32mBuilding CXX object CMakeFiles/config_utilities_msgs__rosidl_typesupport_cpp.dir/rosidl_typesupport_cpp/config_utilities_msgs/srv/set_config__type_support.cpp.o[0m
[8.197s] [ 44%] [32mBuilding CXX object CMakeFiles/config_utilities_msgs__rosidl_typesupport_c.dir/rosidl_typesupport_c/config_utilities_msgs/srv/set_config__type_support.cpp.o[0m
[8.219s] [ 47%] [32mBuilding CXX object CMakeFiles/config_utilities_msgs__rosidl_typesupport_fastrtps_c.dir/rosidl_typesupport_fastrtps_c/config_utilities_msgs/srv/detail/set_config__type_support_c.cpp.o[0m
[8.263s] [ 50%] [32mBuilding CXX object CMakeFiles/config_utilities_msgs__rosidl_typesupport_introspection_cpp.dir/rosidl_typesupport_introspection_cpp/config_utilities_msgs/srv/detail/set_config__type_support.cpp.o[0m
[8.269s] [ 52%] [32m[1mLinking CXX shared library libconfig_utilities_msgs__rosidl_typesupport_c.so[0m
[8.274s] [ 55%] [32mBuilding CXX object CMakeFiles/config_utilities_msgs__rosidl_typesupport_fastrtps_cpp.dir/rosidl_typesupport_fastrtps_cpp/config_utilities_msgs/srv/detail/dds_fastrtps/set_config__type_support.cpp.o[0m
[8.318s] [ 55%] Built target config_utilities_msgs__rosidl_typesupport_c
[8.445s] [ 58%] [32mBuilding C object CMakeFiles/config_utilities_msgs__rosidl_typesupport_introspection_c.dir/rosidl_typesupport_introspection_c/config_utilities_msgs/srv/detail/set_config__type_support.c.o[0m
[8.574s] [ 61%] [32m[1mLinking C shared library libconfig_utilities_msgs__rosidl_typesupport_introspection_c.so[0m
[8.655s] [ 61%] Built target config_utilities_msgs__rosidl_typesupport_introspection_c
[8.722s] [ 64%] [32m[1mLinking CXX shared library libconfig_utilities_msgs__rosidl_typesupport_cpp.so[0m
[8.799s] [ 64%] Built target config_utilities_msgs__rosidl_typesupport_cpp
[9.771s] [ 67%] [32m[1mLinking CXX shared library libconfig_utilities_msgs__rosidl_typesupport_fastrtps_c.so[0m
[9.909s] [ 70%] [32m[1mLinking CXX shared library libconfig_utilities_msgs__rosidl_typesupport_fastrtps_cpp.so[0m
[9.945s] [ 70%] Built target config_utilities_msgs__rosidl_typesupport_fastrtps_c
[10.016s] [ 73%] [32m[1mLinking CXX shared library libconfig_utilities_msgs__rosidl_typesupport_introspection_cpp.so[0m
[10.130s] [ 73%] Built target config_utilities_msgs__rosidl_typesupport_fastrtps_cpp
[10.251s] [ 73%] Built target config_utilities_msgs__rosidl_typesupport_introspection_cpp
[10.306s] [ 73%] Built target config_utilities_msgs
[10.391s] [ 76%] [34m[1mGenerating Python code for ROS interfaces[0m
[11.453s] [ 76%] Built target config_utilities_msgs__py
[11.488s] [ 79%] [32mBuilding C object CMakeFiles/config_utilities_msgs__rosidl_generator_py.dir/rosidl_generator_py/config_utilities_msgs/srv/_set_config_s.c.o[0m
[11.980s] [ 82%] [32m[1mLinking C shared library libconfig_utilities_msgs__rosidl_generator_py.so[0m
[12.086s] [ 82%] Built target config_utilities_msgs__rosidl_generator_py
[12.125s] [ 85%] [32mBuilding C object CMakeFiles/config_utilities_msgs_s__rosidl_typesupport_fastrtps_c.dir/rosidl_generator_py/config_utilities_msgs/_config_utilities_msgs_s.ep.rosidl_typesupport_fastrtps_c.c.o[0m
[12.132s] [ 88%] [32mBuilding C object CMakeFiles/config_utilities_msgs_s__rosidl_typesupport_introspection_c.dir/rosidl_generator_py/config_utilities_msgs/_config_utilities_msgs_s.ep.rosidl_typesupport_introspection_c.c.o[0m
[12.133s] [ 91%] [32mBuilding C object CMakeFiles/config_utilities_msgs_s__rosidl_typesupport_c.dir/rosidl_generator_py/config_utilities_msgs/_config_utilities_msgs_s.ep.rosidl_typesupport_c.c.o[0m
[12.288s] [ 94%] [32m[1mLinking C shared module rosidl_generator_py/config_utilities_msgs/config_utilities_msgs_s__rosidl_typesupport_c.so[0m
[12.305s] [ 97%] [32m[1mLinking C shared module rosidl_generator_py/config_utilities_msgs/config_utilities_msgs_s__rosidl_typesupport_introspection_c.so[0m
[12.322s] [100%] [32m[1mLinking C shared module rosidl_generator_py/config_utilities_msgs/config_utilities_msgs_s__rosidl_typesupport_fastrtps_c.so[0m
[12.332s] [100%] Built target config_utilities_msgs_s__rosidl_typesupport_c
[12.356s] [100%] Built target config_utilities_msgs_s__rosidl_typesupport_introspection_c
[12.364s] [100%] Built target config_utilities_msgs_s__rosidl_typesupport_fastrtps_c
[12.378s] Invoked command in '/home/siny/hydra_ws/build/config_utilities_msgs' returned '0': CMAKE_PREFIX_PATH=${CMAKE_PREFIX_PATH}:/opt/ros/jazzy DEBUGINFOD_URLS=https://debuginfod.ubuntu.com /usr/bin/cmake --build /home/siny/hydra_ws/build/config_utilities_msgs -- -j20 -l20
[12.382s] Invoking command in '/home/siny/hydra_ws/build/config_utilities_msgs': CMAKE_PREFIX_PATH=${CMAKE_PREFIX_PATH}:/opt/ros/jazzy DEBUGINFOD_URLS=https://debuginfod.ubuntu.com /usr/bin/cmake --install /home/siny/hydra_ws/build/config_utilities_msgs
[12.387s] -- Install configuration: "Release"
[12.387s] -- Installing: /home/siny/hydra_ws/install/config_utilities_msgs/share/ament_index/resource_index/rosidl_interfaces/config_utilities_msgs
[12.389s] -- Installing: /home/siny/hydra_ws/install/config_utilities_msgs/share/config_utilities_msgs/srv/SetConfig.json
[12.389s] -- Installing: /home/siny/hydra_ws/install/config_utilities_msgs/include/config_utilities_msgs/config_utilities_msgs
[12.389s] -- Installing: /home/siny/hydra_ws/install/config_utilities_msgs/include/config_utilities_msgs/config_utilities_msgs/srv
[12.389s] -- Installing: /home/siny/hydra_ws/install/config_utilities_msgs/include/config_utilities_msgs/config_utilities_msgs/srv/set_config.h
[12.389s] -- Installing: /home/siny/hydra_ws/install/config_utilities_msgs/include/config_utilities_msgs/config_utilities_msgs/srv/detail
[12.389s] -- Installing: /home/siny/hydra_ws/install/config_utilities_msgs/include/config_utilities_msgs/config_utilities_msgs/srv/detail/set_config__description.c
[12.389s] -- Installing: /home/siny/hydra_ws/install/config_utilities_msgs/include/config_utilities_msgs/config_utilities_msgs/srv/detail/set_config__functions.c
[12.390s] -- Installing: /home/siny/hydra_ws/install/config_utilities_msgs/include/config_utilities_msgs/config_utilities_msgs/srv/detail/set_config__type_support.c
[12.390s] -- Installing: /home/siny/hydra_ws/install/config_utilities_msgs/include/config_utilities_msgs/config_utilities_msgs/srv/detail/set_config__type_support.h
[12.390s] -- Installing: /home/siny/hydra_ws/install/config_utilities_msgs/include/config_utilities_msgs/config_utilities_msgs/srv/detail/set_config__struct.h
[12.390s] -- Installing: /home/siny/hydra_ws/install/config_utilities_msgs/include/config_utilities_msgs/config_utilities_msgs/srv/detail/set_config__functions.h
[12.390s] -- Installing: /home/siny/hydra_ws/install/config_utilities_msgs/include/config_utilities_msgs/config_utilities_msgs/msg
[12.390s] -- Installing: /home/siny/hydra_ws/install/config_utilities_msgs/include/config_utilities_msgs/config_utilities_msgs/msg/rosidl_generator_c__visibility_control.h
[12.390s] -- Installing: /home/siny/hydra_ws/install/config_utilities_msgs/share/config_utilities_msgs/environment/library_path.sh
[12.393s] -- Installing: /home/siny/hydra_ws/install/config_utilities_msgs/share/config_utilities_msgs/environment/library_path.dsv
[12.393s] -- Installing: /home/siny/hydra_ws/install/config_utilities_msgs/lib/libconfig_utilities_msgs__rosidl_generator_c.so
[12.393s] -- Set non-toolchain portion of runtime path of "/home/siny/hydra_ws/install/config_utilities_msgs/lib/libconfig_utilities_msgs__rosidl_generator_c.so" to ""
[12.393s] -- Up-to-date: /home/siny/hydra_ws/install/config_utilities_msgs/include/config_utilities_msgs/config_utilities_msgs
[12.393s] -- Up-to-date: /home/siny/hydra_ws/install/config_utilities_msgs/include/config_utilities_msgs/config_utilities_msgs/srv
[12.393s] -- Up-to-date: /home/siny/hydra_ws/install/config_utilities_msgs/include/config_utilities_msgs/config_utilities_msgs/srv/detail
[12.393s] -- Installing: /home/siny/hydra_ws/install/config_utilities_msgs/include/config_utilities_msgs/config_utilities_msgs/srv/detail/set_config__rosidl_typesupport_fastrtps_c.h
[12.393s] -- Up-to-date: /home/siny/hydra_ws/install/config_utilities_msgs/include/config_utilities_msgs/config_utilities_msgs/msg
[12.393s] -- Installing: /home/siny/hydra_ws/install/config_utilities_msgs/include/config_utilities_msgs/config_utilities_msgs/msg/rosidl_typesupport_fastrtps_c__visibility_control.h
[12.393s] -- Installing: /home/siny/hydra_ws/install/config_utilities_msgs/lib/libconfig_utilities_msgs__rosidl_typesupport_fastrtps_c.so
[12.393s] -- Set non-toolchain portion of runtime path of "/home/siny/hydra_ws/install/config_utilities_msgs/lib/libconfig_utilities_msgs__rosidl_typesupport_fastrtps_c.so" to ""
[12.393s] -- Up-to-date: /home/siny/hydra_ws/install/config_utilities_msgs/include/config_utilities_msgs/config_utilities_msgs
[12.393s] -- Up-to-date: /home/siny/hydra_ws/install/config_utilities_msgs/include/config_utilities_msgs/config_utilities_msgs/srv
[12.393s] -- Up-to-date: /home/siny/hydra_ws/install/config_utilities_msgs/include/config_utilities_msgs/config_utilities_msgs/srv/detail
[12.393s] -- Installing: /home/siny/hydra_ws/install/config_utilities_msgs/include/config_utilities_msgs/config_utilities_msgs/srv/detail/set_config__struct.hpp
[12.393s] -- Installing: /home/siny/hydra_ws/install/config_utilities_msgs/include/config_utilities_msgs/config_utilities_msgs/srv/detail/set_config__builder.hpp
[12.393s] -- Installing: /home/siny/hydra_ws/install/config_utilities_msgs/include/config_utilities_msgs/config_utilities_msgs/srv/detail/set_config__traits.hpp
[12.393s] -- Installing: /home/siny/hydra_ws/install/config_utilities_msgs/include/config_utilities_msgs/config_utilities_msgs/srv/detail/set_config__type_support.hpp
[12.393s] -- Installing: /home/siny/hydra_ws/install/config_utilities_msgs/include/config_utilities_msgs/config_utilities_msgs/srv/set_config.hpp
[12.393s] -- Up-to-date: /home/siny/hydra_ws/install/config_utilities_msgs/include/config_utilities_msgs/config_utilities_msgs/msg
[12.393s] -- Installing: /home/siny/hydra_ws/install/config_utilities_msgs/include/config_utilities_msgs/config_utilities_msgs/msg/rosidl_generator_cpp__visibility_control.hpp
[12.393s] -- Up-to-date: /home/siny/hydra_ws/install/config_utilities_msgs/include/config_utilities_msgs/config_utilities_msgs
[12.393s] -- Up-to-date: /home/siny/hydra_ws/install/config_utilities_msgs/include/config_utilities_msgs/config_utilities_msgs/srv
[12.393s] -- Up-to-date: /home/siny/hydra_ws/install/config_utilities_msgs/include/config_utilities_msgs/config_utilities_msgs/srv/detail
[12.393s] -- Installing: /home/siny/hydra_ws/install/config_utilities_msgs/include/config_utilities_msgs/config_utilities_msgs/srv/detail/dds_fastrtps
[12.393s] -- Installing: /home/siny/hydra_ws/install/config_utilities_msgs/include/config_utilities_msgs/config_utilities_msgs/srv/detail/set_config__rosidl_typesupport_fastrtps_cpp.hpp
[12.393s] -- Up-to-date: /home/siny/hydra_ws/install/config_utilities_msgs/include/config_utilities_msgs/config_utilities_msgs/msg
[12.393s] -- Installing: /home/siny/hydra_ws/install/config_utilities_msgs/include/config_utilities_msgs/config_utilities_msgs/msg/rosidl_typesupport_fastrtps_cpp__visibility_control.h
[12.393s] -- Installing: /home/siny/hydra_ws/install/config_utilities_msgs/lib/libconfig_utilities_msgs__rosidl_typesupport_fastrtps_cpp.so
[12.393s] -- Set non-toolchain portion of runtime path of "/home/siny/hydra_ws/install/config_utilities_msgs/lib/libconfig_utilities_msgs__rosidl_typesupport_fastrtps_cpp.so" to ""
[12.393s] -- Up-to-date: /home/siny/hydra_ws/install/config_utilities_msgs/include/config_utilities_msgs/config_utilities_msgs
[12.393s] -- Up-to-date: /home/siny/hydra_ws/install/config_utilities_msgs/include/config_utilities_msgs/config_utilities_msgs/srv
[12.394s] -- Up-to-date: /home/siny/hydra_ws/install/config_utilities_msgs/include/config_utilities_msgs/config_utilities_msgs/srv/detail
[12.394s] -- Installing: /home/siny/hydra_ws/install/config_utilities_msgs/include/config_utilities_msgs/config_utilities_msgs/srv/detail/set_config__type_support.c
[12.394s] -- Installing: /home/siny/hydra_ws/install/config_utilities_msgs/include/config_utilities_msgs/config_utilities_msgs/srv/detail/set_config__rosidl_typesupport_introspection_c.h
[12.394s] -- Up-to-date: /home/siny/hydra_ws/install/config_utilities_msgs/include/config_utilities_msgs/config_utilities_msgs/msg
[12.394s] -- Installing: /home/siny/hydra_ws/install/config_utilities_msgs/include/config_utilities_msgs/config_utilities_msgs/msg/rosidl_typesupport_introspection_c__visibility_control.h
[12.394s] -- Installing: /home/siny/hydra_ws/install/config_utilities_msgs/lib/libconfig_utilities_msgs__rosidl_typesupport_introspection_c.so
[12.394s] -- Set non-toolchain portion of runtime path of "/home/siny/hydra_ws/install/config_utilities_msgs/lib/libconfig_utilities_msgs__rosidl_typesupport_introspection_c.so" to ""
[12.394s] -- Installing: /home/siny/hydra_ws/install/config_utilities_msgs/lib/libconfig_utilities_msgs__rosidl_typesupport_c.so
[12.398s] -- Set non-toolchain portion of runtime path of "/home/siny/hydra_ws/install/config_utilities_msgs/lib/libconfig_utilities_msgs__rosidl_typesupport_c.so" to ""
[12.398s] -- Up-to-date: /home/siny/hydra_ws/install/config_utilities_msgs/include/config_utilities_msgs/config_utilities_msgs
[12.398s] -- Up-to-date: /home/siny/hydra_ws/install/config_utilities_msgs/include/config_utilities_msgs/config_utilities_msgs/srv
[12.398s] -- Up-to-date: /home/siny/hydra_ws/install/config_utilities_msgs/include/config_utilities_msgs/config_utilities_msgs/srv/detail
[12.398s] -- Installing: /home/siny/hydra_ws/install/config_utilities_msgs/include/config_utilities_msgs/config_utilities_msgs/srv/detail/set_config__rosidl_typesupport_introspection_cpp.hpp
[12.398s] -- Installing: /home/siny/hydra_ws/install/config_utilities_msgs/include/config_utilities_msgs/config_utilities_msgs/srv/detail/set_config__type_support.cpp
[12.398s] -- Installing: /home/siny/hydra_ws/install/config_utilities_msgs/lib/libconfig_utilities_msgs__rosidl_typesupport_introspection_cpp.so
[12.398s] -- Set non-toolchain portion of runtime path of "/home/siny/hydra_ws/install/config_utilities_msgs/lib/libconfig_utilities_msgs__rosidl_typesupport_introspection_cpp.so" to ""
[12.398s] -- Installing: /home/siny/hydra_ws/install/config_utilities_msgs/lib/libconfig_utilities_msgs__rosidl_typesupport_cpp.so
[12.398s] -- Set non-toolchain portion of runtime path of "/home/siny/hydra_ws/install/config_utilities_msgs/lib/libconfig_utilities_msgs__rosidl_typesupport_cpp.so" to ""
[12.398s] -- Installing: /home/siny/hydra_ws/install/config_utilities_msgs/share/config_utilities_msgs/environment/pythonpath.sh
[12.398s] -- Installing: /home/siny/hydra_ws/install/config_utilities_msgs/share/config_utilities_msgs/environment/pythonpath.dsv
[12.398s] -- Installing: /home/siny/hydra_ws/install/config_utilities_msgs/lib/python3.12/site-packages/config_utilities_msgs-2.0.0-py3.12.egg-info
[12.398s] -- Installing: /home/siny/hydra_ws/install/config_utilities_msgs/lib/python3.12/site-packages/config_utilities_msgs-2.0.0-py3.12.egg-info/top_level.txt
[12.398s] -- Installing: /home/siny/hydra_ws/install/config_utilities_msgs/lib/python3.12/site-packages/config_utilities_msgs-2.0.0-py3.12.egg-info/PKG-INFO
[12.398s] -- Installing: /home/siny/hydra_ws/install/config_utilities_msgs/lib/python3.12/site-packages/config_utilities_msgs-2.0.0-py3.12.egg-info/SOURCES.txt
[12.398s] -- Installing: /home/siny/hydra_ws/install/config_utilities_msgs/lib/python3.12/site-packages/config_utilities_msgs-2.0.0-py3.12.egg-info/dependency_links.txt
[12.398s] -- Installing: /home/siny/hydra_ws/install/config_utilities_msgs/lib/python3.12/site-packages/config_utilities_msgs
[12.398s] -- Installing: /home/siny/hydra_ws/install/config_utilities_msgs/lib/python3.12/site-packages/config_utilities_msgs/_config_utilities_msgs_s.ep.rosidl_typesupport_introspection_c.c
[12.398s] -- Installing: /home/siny/hydra_ws/install/config_utilities_msgs/lib/python3.12/site-packages/config_utilities_msgs/config_utilities_msgs_s__rosidl_typesupport_c.so
[12.398s] -- Installing: /home/siny/hydra_ws/install/config_utilities_msgs/lib/python3.12/site-packages/config_utilities_msgs/_config_utilities_msgs_s.ep.rosidl_typesupport_c.c
[12.398s] -- Installing: /home/siny/hydra_ws/install/config_utilities_msgs/lib/python3.12/site-packages/config_utilities_msgs/_config_utilities_msgs_s.ep.rosidl_typesupport_fastrtps_c.c
[12.398s] -- Installing: /home/siny/hydra_ws/install/config_utilities_msgs/lib/python3.12/site-packages/config_utilities_msgs/config_utilities_msgs_s__rosidl_typesupport_fastrtps_c.so
[12.398s] -- Installing: /home/siny/hydra_ws/install/config_utilities_msgs/lib/python3.12/site-packages/config_utilities_msgs/srv
[12.398s] -- Installing: /home/siny/hydra_ws/install/config_utilities_msgs/lib/python3.12/site-packages/config_utilities_msgs/srv/_set_config_s.c
[12.398s] -- Installing: /home/siny/hydra_ws/install/config_utilities_msgs/lib/python3.12/site-packages/config_utilities_msgs/srv/__init__.py
[12.398s] -- Installing: /home/siny/hydra_ws/install/config_utilities_msgs/lib/python3.12/site-packages/config_utilities_msgs/srv/_set_config.py
[12.398s] -- Installing: /home/siny/hydra_ws/install/config_utilities_msgs/lib/python3.12/site-packages/config_utilities_msgs/__init__.py
[12.398s] -- Installing: /home/siny/hydra_ws/install/config_utilities_msgs/lib/python3.12/site-packages/config_utilities_msgs/config_utilities_msgs_s__rosidl_typesupport_introspection_c.so
[12.468s] Listing '/home/siny/hydra_ws/install/config_utilities_msgs/lib/python3.12/site-packages/config_utilities_msgs'...
[12.468s] Compiling '/home/siny/hydra_ws/install/config_utilities_msgs/lib/python3.12/site-packages/config_utilities_msgs/__init__.py'...
[12.468s] Listing '/home/siny/hydra_ws/install/config_utilities_msgs/lib/python3.12/site-packages/config_utilities_msgs/srv'...
[12.468s] Compiling '/home/siny/hydra_ws/install/config_utilities_msgs/lib/python3.12/site-packages/config_utilities_msgs/srv/__init__.py'...
[12.468s] Compiling '/home/siny/hydra_ws/install/config_utilities_msgs/lib/python3.12/site-packages/config_utilities_msgs/srv/_set_config.py'...
[12.477s] -- Installing: /home/siny/hydra_ws/install/config_utilities_msgs/lib/python3.12/site-packages/config_utilities_msgs/config_utilities_msgs_s__rosidl_typesupport_fastrtps_c.so
[12.478s] -- Set non-toolchain portion of runtime path of "/home/siny/hydra_ws/install/config_utilities_msgs/lib/python3.12/site-packages/config_utilities_msgs/config_utilities_msgs_s__rosidl_typesupport_fastrtps_c.so" to ""
[12.478s] -- Installing: /home/siny/hydra_ws/install/config_utilities_msgs/lib/python3.12/site-packages/config_utilities_msgs/config_utilities_msgs_s__rosidl_typesupport_introspection_c.so
[12.478s] -- Set non-toolchain portion of runtime path of "/home/siny/hydra_ws/install/config_utilities_msgs/lib/python3.12/site-packages/config_utilities_msgs/config_utilities_msgs_s__rosidl_typesupport_introspection_c.so" to ""
[12.478s] -- Installing: /home/siny/hydra_ws/install/config_utilities_msgs/lib/python3.12/site-packages/config_utilities_msgs/config_utilities_msgs_s__rosidl_typesupport_c.so
[12.479s] -- Set non-toolchain portion of runtime path of "/home/siny/hydra_ws/install/config_utilities_msgs/lib/python3.12/site-packages/config_utilities_msgs/config_utilities_msgs_s__rosidl_typesupport_c.so" to ""
[12.479s] -- Installing: /home/siny/hydra_ws/install/config_utilities_msgs/lib/libconfig_utilities_msgs__rosidl_generator_py.so
[12.480s] -- Set non-toolchain portion of runtime path of "/home/siny/hydra_ws/install/config_utilities_msgs/lib/libconfig_utilities_msgs__rosidl_generator_py.so" to ""
[12.480s] -- Installing: /home/siny/hydra_ws/install/config_utilities_msgs/share/config_utilities_msgs/srv/SetConfig.idl
[12.481s] -- Installing: /home/siny/hydra_ws/install/config_utilities_msgs/share/config_utilities_msgs/srv/SetConfig.srv
[12.481s] -- Installing: /home/siny/hydra_ws/install/config_utilities_msgs/share/ament_index/resource_index/package_run_dependencies/config_utilities_msgs
[12.481s] -- Installing: /home/siny/hydra_ws/install/config_utilities_msgs/share/ament_index/resource_index/parent_prefix_path/config_utilities_msgs
[12.481s] -- Installing: /home/siny/hydra_ws/install/config_utilities_msgs/share/config_utilities_msgs/environment/ament_prefix_path.sh
[12.481s] -- Installing: /home/siny/hydra_ws/install/config_utilities_msgs/share/config_utilities_msgs/environment/ament_prefix_path.dsv
[12.482s] -- Installing: /home/siny/hydra_ws/install/config_utilities_msgs/share/config_utilities_msgs/environment/path.sh
[12.482s] -- Installing: /home/siny/hydra_ws/install/config_utilities_msgs/share/config_utilities_msgs/environment/path.dsv
[12.482s] -- Installing: /home/siny/hydra_ws/install/config_utilities_msgs/share/config_utilities_msgs/local_setup.bash
[12.482s] -- Installing: /home/siny/hydra_ws/install/config_utilities_msgs/share/config_utilities_msgs/local_setup.sh
[12.483s] -- Installing: /home/siny/hydra_ws/install/config_utilities_msgs/share/config_utilities_msgs/local_setup.zsh
[12.483s] -- Installing: /home/siny/hydra_ws/install/config_utilities_msgs/share/config_utilities_msgs/local_setup.dsv
[12.483s] -- Installing: /home/siny/hydra_ws/install/config_utilities_msgs/share/config_utilities_msgs/package.dsv
[12.483s] -- Installing: /home/siny/hydra_ws/install/config_utilities_msgs/share/ament_index/resource_index/packages/config_utilities_msgs
[12.483s] -- Installing: /home/siny/hydra_ws/install/config_utilities_msgs/share/config_utilities_msgs/cmake/export_config_utilities_msgs__rosidl_generator_cExport.cmake
[12.483s] -- Installing: /home/siny/hydra_ws/install/config_utilities_msgs/share/config_utilities_msgs/cmake/export_config_utilities_msgs__rosidl_generator_cExport-release.cmake
[12.484s] -- Installing: /home/siny/hydra_ws/install/config_utilities_msgs/share/config_utilities_msgs/cmake/export_config_utilities_msgs__rosidl_typesupport_fastrtps_cExport.cmake
[12.484s] -- Installing: /home/siny/hydra_ws/install/config_utilities_msgs/share/config_utilities_msgs/cmake/export_config_utilities_msgs__rosidl_typesupport_fastrtps_cExport-release.cmake
[12.484s] -- Installing: /home/siny/hydra_ws/install/config_utilities_msgs/share/config_utilities_msgs/cmake/export_config_utilities_msgs__rosidl_generator_cppExport.cmake
[12.484s] -- Installing: /home/siny/hydra_ws/install/config_utilities_msgs/share/config_utilities_msgs/cmake/export_config_utilities_msgs__rosidl_typesupport_fastrtps_cppExport.cmake
[12.484s] -- Installing: /home/siny/hydra_ws/install/config_utilities_msgs/share/config_utilities_msgs/cmake/export_config_utilities_msgs__rosidl_typesupport_fastrtps_cppExport-release.cmake
[12.484s] -- Installing: /home/siny/hydra_ws/install/config_utilities_msgs/share/config_utilities_msgs/cmake/config_utilities_msgs__rosidl_typesupport_introspection_cExport.cmake
[12.485s] -- Installing: /home/siny/hydra_ws/install/config_utilities_msgs/share/config_utilities_msgs/cmake/config_utilities_msgs__rosidl_typesupport_introspection_cExport-release.cmake
[12.485s] -- Installing: /home/siny/hydra_ws/install/config_utilities_msgs/share/config_utilities_msgs/cmake/config_utilities_msgs__rosidl_typesupport_cExport.cmake
[12.485s] -- Installing: /home/siny/hydra_ws/install/config_utilities_msgs/share/config_utilities_msgs/cmake/config_utilities_msgs__rosidl_typesupport_cExport-release.cmake
[12.485s] -- Installing: /home/siny/hydra_ws/install/config_utilities_msgs/share/config_utilities_msgs/cmake/config_utilities_msgs__rosidl_typesupport_introspection_cppExport.cmake
[12.485s] -- Installing: /home/siny/hydra_ws/install/config_utilities_msgs/share/config_utilities_msgs/cmake/config_utilities_msgs__rosidl_typesupport_introspection_cppExport-release.cmake
[12.485s] -- Installing: /home/siny/hydra_ws/install/config_utilities_msgs/share/config_utilities_msgs/cmake/config_utilities_msgs__rosidl_typesupport_cppExport.cmake
[12.486s] -- Installing: /home/siny/hydra_ws/install/config_utilities_msgs/share/config_utilities_msgs/cmake/config_utilities_msgs__rosidl_typesupport_cppExport-release.cmake
[12.486s] -- Installing: /home/siny/hydra_ws/install/config_utilities_msgs/share/config_utilities_msgs/cmake/export_config_utilities_msgs__rosidl_generator_pyExport.cmake
[12.486s] -- Installing: /home/siny/hydra_ws/install/config_utilities_msgs/share/config_utilities_msgs/cmake/export_config_utilities_msgs__rosidl_generator_pyExport-release.cmake
[12.486s] -- Installing: /home/siny/hydra_ws/install/config_utilities_msgs/share/config_utilities_msgs/cmake/rosidl_cmake-extras.cmake
[12.486s] -- Installing: /home/siny/hydra_ws/install/config_utilities_msgs/share/config_utilities_msgs/cmake/ament_cmake_export_dependencies-extras.cmake
[12.486s] -- Installing: /home/siny/hydra_ws/install/config_utilities_msgs/share/config_utilities_msgs/cmake/ament_cmake_export_include_directories-extras.cmake
[12.487s] -- Installing: /home/siny/hydra_ws/install/config_utilities_msgs/share/config_utilities_msgs/cmake/ament_cmake_export_libraries-extras.cmake
[12.487s] -- Installing: /home/siny/hydra_ws/install/config_utilities_msgs/share/config_utilities_msgs/cmake/ament_cmake_export_targets-extras.cmake
[12.487s] -- Installing: /home/siny/hydra_ws/install/config_utilities_msgs/share/config_utilities_msgs/cmake/rosidl_cmake_export_typesupport_targets-extras.cmake
[12.487s] -- Installing: /home/siny/hydra_ws/install/config_utilities_msgs/share/config_utilities_msgs/cmake/rosidl_cmake_export_typesupport_libraries-extras.cmake
[12.487s] -- Installing: /home/siny/hydra_ws/install/config_utilities_msgs/share/config_utilities_msgs/cmake/config_utilities_msgsConfig.cmake
[12.487s] -- Installing: /home/siny/hydra_ws/install/config_utilities_msgs/share/config_utilities_msgs/cmake/config_utilities_msgsConfig-version.cmake
[12.487s] -- Installing: /home/siny/hydra_ws/install/config_utilities_msgs/share/config_utilities_msgs/package.xml
[12.493s] Invoked command in '/home/siny/hydra_ws/build/config_utilities_msgs' returned '0': CMAKE_PREFIX_PATH=${CMAKE_PREFIX_PATH}:/opt/ros/jazzy DEBUGINFOD_URLS=https://debuginfod.ubuntu.com /usr/bin/cmake --install /home/siny/hydra_ws/build/config_utilities_msgs
