[0.019s] Invoking command in '/home/siny/hydra_ws/build/semantic_inference': CMAKE_PREFIX_PATH=/home/siny/hydra_ws/install/config_utilities:/opt/ros/jazzy/opt/gz_math_vendor:/opt/ros/jazzy/opt/gz_utils_vendor:/opt/ros/jazzy/opt/gz_cmake_vendor:/opt/ros/jazzy DEBUGINFOD_URLS=https://debuginfod.ubuntu.com LD_LIBRARY_PATH=/home/siny/hydra_ws/install/config_utilities/lib:${LD_LIBRARY_PATH} PATH=/home/siny/hydra_ws/install/config_utilities/bin:${PATH} PKG_CONFIG_PATH=/home/siny/hydra_ws/install/config_utilities/lib/aarch64-linux-gnu/pkgconfig:/home/siny/hydra_ws/install/config_utilities/lib/pkgconfig /usr/bin/cmake /home/siny/hydra_ws/src/semantic_inference/semantic_inference -DCMAKE_BUILD_TYPE=Release -DCMAKE_INSTALL_PREFIX=/home/siny/hydra_ws/install/semantic_inference
[0.063s] -- The C compiler identification is GNU 13.3.0
[0.112s] -- The CXX compiler identification is GNU 13.3.0
[0.125s] -- Detecting C compiler ABI info
[0.195s] -- Detecting C compiler ABI info - done
[0.203s] -- Check for working C compiler: /usr/bin/cc - skipped
[0.204s] -- Detecting C compile features
[0.204s] -- Detecting C compile features - done
[0.213s] -- Detecting CXX compiler ABI info
[0.302s] -- Detecting CXX compiler ABI info - done
[0.311s] -- Check for working CXX compiler: /usr/bin/c++ - skipped
[0.311s] -- Detecting CXX compile features
[0.311s] -- Detecting CXX compile features - done
[0.334s] -- Found OpenCV: /usr (found version "4.6.0") 
[0.361s] -- Found CUDAToolkit: /usr/local/cuda/targets/sbsa-linux/include (found version "13.0.88") 
[0.375s] -- Performing Test CMAKE_HAVE_LIBC_PTHREAD
[0.458s] -- Performing Test CMAKE_HAVE_LIBC_PTHREAD - Success
[0.459s] -- Found Threads: TRUE  
[0.536s] -- Found TensorRT: /usr/lib/aarch64-linux-gnu/libnvinfer.so (found version "") found components: onnxparser infer_plugin 
[0.541s] -- Found GTest: /usr/lib/aarch64-linux-gnu/cmake/GTest/GTestConfig.cmake (found version "1.14.0")  
[0.544s] -- Configuring done (0.5s)
[0.561s] -- Generating done (0.0s)
[0.565s] -- Build files have been written to: /home/siny/hydra_ws/build/semantic_inference
[0.572s] Invoked command in '/home/siny/hydra_ws/build/semantic_inference' returned '0': CMAKE_PREFIX_PATH=/home/siny/hydra_ws/install/config_utilities:/opt/ros/jazzy/opt/gz_math_vendor:/opt/ros/jazzy/opt/gz_utils_vendor:/opt/ros/jazzy/opt/gz_cmake_vendor:/opt/ros/jazzy DEBUGINFOD_URLS=https://debuginfod.ubuntu.com LD_LIBRARY_PATH=/home/siny/hydra_ws/install/config_utilities/lib:${LD_LIBRARY_PATH} PATH=/home/siny/hydra_ws/install/config_utilities/bin:${PATH} PKG_CONFIG_PATH=/home/siny/hydra_ws/install/config_utilities/lib/aarch64-linux-gnu/pkgconfig:/home/siny/hydra_ws/install/config_utilities/lib/pkgconfig /usr/bin/cmake /home/siny/hydra_ws/src/semantic_inference/semantic_inference -DCMAKE_BUILD_TYPE=Release -DCMAKE_INSTALL_PREFIX=/home/siny/hydra_ws/install/semantic_inference
[0.573s] Invoking command in '/home/siny/hydra_ws/build/semantic_inference': CMAKE_PREFIX_PATH=/home/siny/hydra_ws/install/config_utilities:/opt/ros/jazzy/opt/gz_math_vendor:/opt/ros/jazzy/opt/gz_utils_vendor:/opt/ros/jazzy/opt/gz_cmake_vendor:/opt/ros/jazzy DEBUGINFOD_URLS=https://debuginfod.ubuntu.com LD_LIBRARY_PATH=/home/siny/hydra_ws/install/config_utilities/lib:${LD_LIBRARY_PATH} PATH=/home/siny/hydra_ws/install/config_utilities/bin:${PATH} PKG_CONFIG_PATH=/home/siny/hydra_ws/install/config_utilities/lib/aarch64-linux-gnu/pkgconfig:/home/siny/hydra_ws/install/config_utilities/lib/pkgconfig /usr/bin/cmake --build /home/siny/hydra_ws/build/semantic_inference -- -j20 -l20
[0.621s] [ 21%] [32mBuilding CXX object CMakeFiles/semantic_inference.dir/src/image_utilities.cpp.o[0m
[0.622s] [ 21%] [32mBuilding CXX object CMakeFiles/semantic_inference.dir/src/image_recolor.cpp.o[0m
[0.622s] [ 21%] [32mBuilding CXX object CMakeFiles/semantic_inference.dir/src/image_rotator.cpp.o[0m
[0.622s] [ 50%] [32mBuilding CXX object CMakeFiles/semantic_inference.dir/src/segmenter.cpp.o[0m
[0.622s] [ 50%] [32mBuilding CXX object CMakeFiles/semantic_inference.dir/src/model_config.cpp.o[0m
[0.622s] [ 50%] [32mBuilding CXX object CMakeFiles/semantic_inference.dir/src/logging.cpp.o[0m
[0.622s] [ 50%] [32mBuilding CXX object CMakeFiles/semantic_inference.dir/src/trt_utilities.cpp.o[0m
[1.326s] [ 57%] [32mBuilding CXX object CMakeFiles/semantic_inference.dir/src/model.cpp.o[0m
[3.764s] [ 64%] [32m[1mLinking CXX shared library libsemantic_inference.so[0m
[3.869s] [ 64%] Built target semantic_inference
[3.882s] [ 71%] [32mBuilding CXX object CMakeFiles/demo_segmentation.dir/app/demo_segmentation.cpp.o[0m
[5.581s] [ 78%] [32m[1mLinking CXX executable demo_segmentation[0m
[5.771s] [ 78%] Built target demo_segmentation
[5.785s] [ 85%] [32mBuilding CXX object tests/CMakeFiles/test_semantic_inference.dir/utest_image_utilities.cpp.o[0m
[7.479s] [ 92%] [32mBuilding CXX object tests/CMakeFiles/test_semantic_inference.dir/utest_main.cpp.o[0m
[7.878s] [100%] [32m[1mLinking CXX executable test_semantic_inference[0m
[7.956s] [100%] Built target test_semantic_inference
[7.965s] Invoked command in '/home/siny/hydra_ws/build/semantic_inference' returned '0': CMAKE_PREFIX_PATH=/home/siny/hydra_ws/install/config_utilities:/opt/ros/jazzy/opt/gz_math_vendor:/opt/ros/jazzy/opt/gz_utils_vendor:/opt/ros/jazzy/opt/gz_cmake_vendor:/opt/ros/jazzy DEBUGINFOD_URLS=https://debuginfod.ubuntu.com LD_LIBRARY_PATH=/home/siny/hydra_ws/install/config_utilities/lib:${LD_LIBRARY_PATH} PATH=/home/siny/hydra_ws/install/config_utilities/bin:${PATH} PKG_CONFIG_PATH=/home/siny/hydra_ws/install/config_utilities/lib/aarch64-linux-gnu/pkgconfig:/home/siny/hydra_ws/install/config_utilities/lib/pkgconfig /usr/bin/cmake --build /home/siny/hydra_ws/build/semantic_inference -- -j20 -l20
[7.966s] Invoking command in '/home/siny/hydra_ws/build/semantic_inference': CMAKE_PREFIX_PATH=/home/siny/hydra_ws/install/config_utilities:/opt/ros/jazzy/opt/gz_math_vendor:/opt/ros/jazzy/opt/gz_utils_vendor:/opt/ros/jazzy/opt/gz_cmake_vendor:/opt/ros/jazzy DEBUGINFOD_URLS=https://debuginfod.ubuntu.com LD_LIBRARY_PATH=/home/siny/hydra_ws/install/config_utilities/lib:${LD_LIBRARY_PATH} PATH=/home/siny/hydra_ws/install/config_utilities/bin:${PATH} PKG_CONFIG_PATH=/home/siny/hydra_ws/install/config_utilities/lib/aarch64-linux-gnu/pkgconfig:/home/siny/hydra_ws/install/config_utilities/lib/pkgconfig /usr/bin/cmake --install /home/siny/hydra_ws/build/semantic_inference
[7.973s] -- Install configuration: "Release"
[7.974s] -- Installing: /home/siny/hydra_ws/install/semantic_inference/lib/libsemantic_inference.so
[7.974s] -- Set non-toolchain portion of runtime path of "/home/siny/hydra_ws/install/semantic_inference/lib/libsemantic_inference.so" to ""
[7.974s] -- Installing: /home/siny/hydra_ws/install/semantic_inference/bin/demo_segmentation
[7.975s] -- Set non-toolchain portion of runtime path of "/home/siny/hydra_ws/install/semantic_inference/bin/demo_segmentation" to ""
[7.975s] -- Installing: /home/siny/hydra_ws/install/semantic_inference/include
[7.975s] -- Installing: /home/siny/hydra_ws/install/semantic_inference/include/semantic_inference
[7.975s] -- Installing: /home/siny/hydra_ws/install/semantic_inference/include/semantic_inference/segmenter.h
[7.975s] -- Installing: /home/siny/hydra_ws/install/semantic_inference/include/semantic_inference/image_recolor.h
[7.975s] -- Installing: /home/siny/hydra_ws/install/semantic_inference/include/semantic_inference/model_config.h
[7.975s] -- Installing: /home/siny/hydra_ws/install/semantic_inference/include/semantic_inference/image_rotator.h
[7.975s] -- Installing: /home/siny/hydra_ws/install/semantic_inference/include/semantic_inference/image_utilities.h
[7.975s] -- Installing: /home/siny/hydra_ws/install/semantic_inference/include/semantic_inference/logging.h
[7.976s] -- Installing: /home/siny/hydra_ws/install/semantic_inference/lib/cmake/semantic_inference/semantic_inferenceTargets.cmake
[7.976s] -- Installing: /home/siny/hydra_ws/install/semantic_inference/lib/cmake/semantic_inference/semantic_inferenceTargets-release.cmake
[7.976s] -- Installing: /home/siny/hydra_ws/install/semantic_inference/lib/cmake/semantic_inference/semantic_inferenceConfig.cmake
[7.976s] -- Installing: /home/siny/hydra_ws/install/semantic_inference/lib/cmake/semantic_inference/semantic_inferenceConfigVersion.cmake
[7.978s] Invoked command in '/home/siny/hydra_ws/build/semantic_inference' returned '0': CMAKE_PREFIX_PATH=/home/siny/hydra_ws/install/config_utilities:/opt/ros/jazzy/opt/gz_math_vendor:/opt/ros/jazzy/opt/gz_utils_vendor:/opt/ros/jazzy/opt/gz_cmake_vendor:/opt/ros/jazzy DEBUGINFOD_URLS=https://debuginfod.ubuntu.com LD_LIBRARY_PATH=/home/siny/hydra_ws/install/config_utilities/lib:${LD_LIBRARY_PATH} PATH=/home/siny/hydra_ws/install/config_utilities/bin:${PATH} PKG_CONFIG_PATH=/home/siny/hydra_ws/install/config_utilities/lib/aarch64-linux-gnu/pkgconfig:/home/siny/hydra_ws/install/config_utilities/lib/pkgconfig /usr/bin/cmake --install /home/siny/hydra_ws/build/semantic_inference
