[0.021s] Invoking command in '/home/siny/hydra_ws/build/ianvs': CMAKE_PREFIX_PATH=${CMAKE_PREFIX_PATH}:/opt/ros/jazzy CONDA_PROMPT_MODIFIER=(base) DEBUGINFOD_URLS=https://debuginfod.ubuntu.com /usr/bin/cmake --build /home/siny/hydra_ws/build/ianvs -- -j20 -l20
[0.075s] [ 13%] Built target _ianvs_bindings
[0.075s] [ 13%] Built target ament_cmake_python_copy_ianvs
[0.077s] [ 13%] Built target ament_cmake_python_copy_ianvs_setup
[0.078s] [ 21%] Built target transform_file_broadcaster
[0.081s] [ 30%] Built target ianvs_rosbag
[0.084s] [ 65%] Built target ianvs
[0.124s] [ 73%] Built target play_rosbag
[0.146s] [ 82%] Built target merge_rosbags
[0.146s] [100%] Built target ianvs_plugins
[0.213s] running egg_info
[0.220s] writing ianvs.egg-info/PKG-INFO
[0.220s] writing dependency_links to ianvs.egg-info/dependency_links.txt
[0.221s] writing entry points to ianvs.egg-info/entry_points.txt
[0.221s] writing top-level names to ianvs.egg-info/top_level.txt
[0.245s] reading manifest file 'ianvs.egg-info/SOURCES.txt'
[0.246s] writing manifest file 'ianvs.egg-info/SOURCES.txt'
[0.266s] [100%] Built target ament_cmake_python_build_ianvs_egg
[0.280s] Invoked command in '/home/siny/hydra_ws/build/ianvs' returned '0': CMAKE_PREFIX_PATH=${CMAKE_PREFIX_PATH}:/opt/ros/jazzy CONDA_PROMPT_MODIFIER=(base) DEBUGINFOD_URLS=https://debuginfod.ubuntu.com /usr/bin/cmake --build /home/siny/hydra_ws/build/ianvs -- -j20 -l20
[0.281s] Invoking command in '/home/siny/hydra_ws/build/ianvs': CMAKE_PREFIX_PATH=${CMAKE_PREFIX_PATH}:/opt/ros/jazzy CONDA_PROMPT_MODIFIER=(base) DEBUGINFOD_URLS=https://debuginfod.ubuntu.com /usr/bin/cmake --install /home/siny/hydra_ws/build/ianvs
[0.289s] -- Install configuration: "Release"
[0.290s] -- Up-to-date: /home/siny/hydra_ws/install/ianvs/include/ianvs/
[0.290s] -- Up-to-date: /home/siny/hydra_ws/install/ianvs/include/ianvs//ianvs
[0.290s] -- Up-to-date: /home/siny/hydra_ws/install/ianvs/include/ianvs//ianvs/image_subscription.h
[0.290s] -- Up-to-date: /home/siny/hydra_ws/install/ianvs/include/ianvs//ianvs/node_handle.h
[0.290s] -- Up-to-date: /home/siny/hydra_ws/install/ianvs/include/ianvs//ianvs/app
[0.290s] -- Up-to-date: /home/siny/hydra_ws/install/ianvs/include/ianvs//ianvs/app/rosbag_play_plugins.h
[0.290s] -- Up-to-date: /home/siny/hydra_ws/install/ianvs/include/ianvs//ianvs/node_handle_factory.h
[0.290s] -- Up-to-date: /home/siny/hydra_ws/install/ianvs/include/ianvs//ianvs/image_publisher.h
[0.290s] -- Up-to-date: /home/siny/hydra_ws/install/ianvs/include/ianvs//ianvs/bag_reader.h
[0.290s] -- Up-to-date: /home/siny/hydra_ws/install/ianvs/include/ianvs//ianvs/lazy_publisher_group.h
[0.290s] -- Up-to-date: /home/siny/hydra_ws/install/ianvs/include/ianvs//ianvs/spin_functions.h
[0.291s] -- Up-to-date: /home/siny/hydra_ws/install/ianvs/include/ianvs//ianvs/detail
[0.291s] -- Up-to-date: /home/siny/hydra_ws/install/ianvs/include/ianvs//ianvs/detail/string_transforms.h
[0.291s] -- Up-to-date: /home/siny/hydra_ws/install/ianvs/include/ianvs//ianvs/visibility_control.h
[0.291s] -- Up-to-date: /home/siny/hydra_ws/install/ianvs/include/ianvs//ianvs/message_wait_functor.h
[0.291s] -- Up-to-date: /home/siny/hydra_ws/install/ianvs/include/ianvs//ianvs/node_init.h
[0.292s] -- Up-to-date: /home/siny/hydra_ws/install/ianvs/include/ianvs//ianvs/bindings
[0.292s] -- Up-to-date: /home/siny/hydra_ws/install/ianvs/include/ianvs//ianvs/bindings/image_encodings.h
[0.292s] -- Up-to-date: /home/siny/hydra_ws/install/ianvs/lib/libianvs.so
[0.292s] -- Up-to-date: /home/siny/hydra_ws/install/ianvs/lib/libianvs_plugins.so
[0.293s] -- Up-to-date: /home/siny/hydra_ws/install/ianvs/lib/libianvs_rosbag.so
[0.293s] -- Up-to-date: /home/siny/hydra_ws/install/ianvs/lib/ianvs/play_rosbag
[0.293s] -- Up-to-date: /home/siny/hydra_ws/install/ianvs/lib/ianvs/merge_rosbags
[0.293s] -- Up-to-date: /home/siny/hydra_ws/install/ianvs/lib/ianvs/transform_file_broadcaster
[0.294s] -- Up-to-date: /home/siny/hydra_ws/install/ianvs/lib/python3.12/site-packages/ianvs/_ianvs_bindings.cpython-312-aarch64-linux-gnu.so
[0.294s] -- Up-to-date: /home/siny/hydra_ws/install/ianvs/share/ianvs/environment/pythonpath.sh
[0.294s] -- Up-to-date: /home/siny/hydra_ws/install/ianvs/share/ianvs/environment/pythonpath.dsv
[0.294s] -- Up-to-date: /home/siny/hydra_ws/install/ianvs/lib/python3.12/site-packages/ianvs-0.0.0-py3.12.egg-info
[0.294s] -- Installing: /home/siny/hydra_ws/install/ianvs/lib/python3.12/site-packages/ianvs-0.0.0-py3.12.egg-info/entry_points.txt
[0.294s] -- Installing: /home/siny/hydra_ws/install/ianvs/lib/python3.12/site-packages/ianvs-0.0.0-py3.12.egg-info/top_level.txt
[0.294s] -- Installing: /home/siny/hydra_ws/install/ianvs/lib/python3.12/site-packages/ianvs-0.0.0-py3.12.egg-info/PKG-INFO
[0.294s] -- Installing: /home/siny/hydra_ws/install/ianvs/lib/python3.12/site-packages/ianvs-0.0.0-py3.12.egg-info/SOURCES.txt
[0.294s] -- Installing: /home/siny/hydra_ws/install/ianvs/lib/python3.12/site-packages/ianvs-0.0.0-py3.12.egg-info/dependency_links.txt
[0.294s] -- Up-to-date: /home/siny/hydra_ws/install/ianvs/lib/python3.12/site-packages/ianvs
[0.294s] -- Up-to-date: /home/siny/hydra_ws/install/ianvs/lib/python3.12/site-packages/ianvs/__init__.py
[0.294s] -- Up-to-date: /home/siny/hydra_ws/install/ianvs/lib/python3.12/site-packages/ianvs/launch.py
[0.406s] Listing '/home/siny/hydra_ws/install/ianvs/lib/python3.12/site-packages/ianvs'...
[0.410s] -- Up-to-date: /home/siny/hydra_ws/install/ianvs/share/ianvs/plugins.xml
[0.410s] -- Up-to-date: /home/siny/hydra_ws/install/ianvs/share/ianvs/environment/library_path.sh
[0.410s] -- Up-to-date: /home/siny/hydra_ws/install/ianvs/share/ianvs/environment/library_path.dsv
[0.410s] -- Up-to-date: /home/siny/hydra_ws/install/ianvs/share/ament_index/resource_index/package_run_dependencies/ianvs
[0.410s] -- Up-to-date: /home/siny/hydra_ws/install/ianvs/share/ament_index/resource_index/parent_prefix_path/ianvs
[0.410s] -- Up-to-date: /home/siny/hydra_ws/install/ianvs/share/ianvs/environment/ament_prefix_path.sh
[0.410s] -- Up-to-date: /home/siny/hydra_ws/install/ianvs/share/ianvs/environment/ament_prefix_path.dsv
[0.410s] -- Up-to-date: /home/siny/hydra_ws/install/ianvs/share/ianvs/environment/path.sh
[0.410s] -- Up-to-date: /home/siny/hydra_ws/install/ianvs/share/ianvs/environment/path.dsv
[0.411s] -- Up-to-date: /home/siny/hydra_ws/install/ianvs/share/ianvs/local_setup.bash
[0.411s] -- Up-to-date: /home/siny/hydra_ws/install/ianvs/share/ianvs/local_setup.sh
[0.411s] -- Up-to-date: /home/siny/hydra_ws/install/ianvs/share/ianvs/local_setup.zsh
[0.411s] -- Up-to-date: /home/siny/hydra_ws/install/ianvs/share/ianvs/local_setup.dsv
[0.411s] -- Installing: /home/siny/hydra_ws/install/ianvs/share/ianvs/package.dsv
[0.411s] -- Up-to-date: /home/siny/hydra_ws/install/ianvs/share/ament_index/resource_index/packages/ianvs
[0.411s] -- Up-to-date: /home/siny/hydra_ws/install/ianvs/share/ament_index/resource_index/ianvs__pluginlib__plugin/ianvs
[0.411s] -- Up-to-date: /home/siny/hydra_ws/install/ianvs/share/ianvs/cmake/ianvs-exportsExport.cmake
[0.411s] -- Up-to-date: /home/siny/hydra_ws/install/ianvs/share/ianvs/cmake/ianvs-exportsExport-release.cmake
[0.411s] -- Up-to-date: /home/siny/hydra_ws/install/ianvs/share/ianvs/cmake/ament_cmake_export_targets-extras.cmake
[0.411s] -- Up-to-date: /home/siny/hydra_ws/install/ianvs/share/ianvs/cmake/ament_cmake_export_dependencies-extras.cmake
[0.411s] -- Up-to-date: /home/siny/hydra_ws/install/ianvs/share/ianvs/cmake/ianvsConfig.cmake
[0.411s] -- Up-to-date: /home/siny/hydra_ws/install/ianvs/share/ianvs/cmake/ianvsConfig-version.cmake
[0.411s] -- Up-to-date: /home/siny/hydra_ws/install/ianvs/share/ianvs/package.xml
[0.451s] Invoked command in '/home/siny/hydra_ws/build/ianvs' returned '0': CMAKE_PREFIX_PATH=${CMAKE_PREFIX_PATH}:/opt/ros/jazzy CONDA_PROMPT_MODIFIER=(base) DEBUGINFOD_URLS=https://debuginfod.ubuntu.com /usr/bin/cmake --install /home/siny/hydra_ws/build/ianvs
