-- The C compiler identification is GNU 13.3.0
-- The CXX compiler identification is GNU 13.3.0
-- Detecting C compiler ABI info
-- Detecting C compiler ABI info - done
-- Check for working C compiler: /usr/bin/cc - skipped
-- Detecting C compile features
-- Detecting C compile features - done
-- Detecting CXX compiler ABI info
-- Detecting CXX compiler ABI info - done
-- Check for working CXX compiler: /usr/bin/c++ - skipped
-- Detecting CXX compile features
-- Detecting CXX compile features - done
-- Found ament_cmake: 2.5.4 (/opt/ros/jazzy/share/ament_cmake/cmake)
-- Found Python3: /usr/bin/python3 (found version "3.12.3") found components: Interpreter 
-- Found std_msgs: 5.3.6 (/opt/ros/jazzy/share/std_msgs/cmake)
-- Found rosidl_generator_c: 4.6.6 (/opt/ros/jazzy/share/rosidl_generator_c/cmake)
-- Found rosidl_generator_cpp: 4.6.6 (/opt/ros/jazzy/share/rosidl_generator_cpp/cmake)
-- Using all available rosidl_typesupport_c: rosidl_typesupport_fastrtps_c;rosidl_typesupport_introspection_c
-- Using all available rosidl_typesupport_cpp: rosidl_typesupport_fastrtps_cpp;rosidl_typesupport_introspection_cpp
-- Found rosidl_default_generators: 1.6.0 (/opt/ros/jazzy/share/rosidl_default_generators/cmake)
-- Found rosidl_adapter: 4.6.6 (/opt/ros/jazzy/share/rosidl_adapter/cmake)
-- Found ament_cmake_ros: 0.12.0 (/opt/ros/jazzy/share/ament_cmake_ros/cmake)
-- Using all available rosidl_typesupport_c: rosidl_typesupport_fastrtps_c;rosidl_typesupport_introspection_c
-- Using all available rosidl_typesupport_cpp: rosidl_typesupport_fastrtps_cpp;rosidl_typesupport_introspection_cpp
-- Found python_cmake_module: 0.11.1 (/opt/ros/jazzy/share/python_cmake_module/cmake)
-- Found PythonExtra: /usr/bin/python3  
-- Found Python3: /usr/bin/python3 (found version "3.12.3") found components: Interpreter Development NumPy Development.Module Development.Embed 
-- Configuring done (8.0s)
-- Generating done (0.1s)
-- Build files have been written to: /home/siny/hydra_ws/build/config_utilities_msgs
[  0%] Built target ament_cmake_python_copy_config_utilities_msgs
[  2%] [34m[1mGenerating type hashes for ROS interfaces[0m
[  2%] Built target config_utilities_msgs__rosidl_generator_type_description
[  5%] [34m[1mGenerating C code for ROS interfaces[0m
[  8%] [34m[1mGenerating C++ code for ROS interfaces[0m
running egg_info
creating config_utilities_msgs.egg-info
[ 11%] [32mBuilding C object CMakeFiles/config_utilities_msgs__rosidl_generator_c.dir/rosidl_generator_c/config_utilities_msgs/srv/detail/set_config__description.c.o[0m
[ 14%] [32mBuilding C object CMakeFiles/config_utilities_msgs__rosidl_generator_c.dir/rosidl_generator_c/config_utilities_msgs/srv/detail/set_config__functions.c.o[0m
[ 17%] [32mBuilding C object CMakeFiles/config_utilities_msgs__rosidl_generator_c.dir/rosidl_generator_c/config_utilities_msgs/srv/detail/set_config__type_support.c.o[0m
writing config_utilities_msgs.egg-info/PKG-INFO
writing dependency_links to config_utilities_msgs.egg-info/dependency_links.txt
writing top-level names to config_utilities_msgs.egg-info/top_level.txt
writing manifest file 'config_utilities_msgs.egg-info/SOURCES.txt'
reading manifest file 'config_utilities_msgs.egg-info/SOURCES.txt'
writing manifest file 'config_utilities_msgs.egg-info/SOURCES.txt'
[ 17%] Built target ament_cmake_python_build_config_utilities_msgs_egg
[ 17%] Built target config_utilities_msgs__cpp
[ 20%] [32m[1mLinking C shared library libconfig_utilities_msgs__rosidl_generator_c.so[0m
[ 20%] Built target config_utilities_msgs__rosidl_generator_c
[ 23%] [34m[1mGenerating C++ type support dispatch for ROS interfaces[0m
[ 26%] [34m[1mGenerating C type support for eProsima Fast-RTPS[0m
[ 29%] [34m[1mGenerating C type support dispatch for ROS interfaces[0m
[ 32%] [34m[1mGenerating C introspection for ROS interfaces[0m
[ 35%] [34m[1mGenerating C++ type support for eProsima Fast-RTPS[0m
[ 38%] [34m[1mGenerating C++ introspection for ROS interfaces[0m
[ 41%] [32mBuilding CXX object CMakeFiles/config_utilities_msgs__rosidl_typesupport_cpp.dir/rosidl_typesupport_cpp/config_utilities_msgs/srv/set_config__type_support.cpp.o[0m
[ 44%] [32mBuilding CXX object CMakeFiles/config_utilities_msgs__rosidl_typesupport_fastrtps_c.dir/rosidl_typesupport_fastrtps_c/config_utilities_msgs/srv/detail/set_config__type_support_c.cpp.o[0m
[ 47%] [32mBuilding C object CMakeFiles/config_utilities_msgs__rosidl_typesupport_introspection_c.dir/rosidl_typesupport_introspection_c/config_utilities_msgs/srv/detail/set_config__type_support.c.o[0m
[ 50%] [32mBuilding CXX object CMakeFiles/config_utilities_msgs__rosidl_typesupport_c.dir/rosidl_typesupport_c/config_utilities_msgs/srv/set_config__type_support.cpp.o[0m
[ 52%] [32mBuilding CXX object CMakeFiles/config_utilities_msgs__rosidl_typesupport_fastrtps_cpp.dir/rosidl_typesupport_fastrtps_cpp/config_utilities_msgs/srv/detail/dds_fastrtps/set_config__type_support.cpp.o[0m
[ 55%] [32m[1mLinking CXX shared library libconfig_utilities_msgs__rosidl_typesupport_c.so[0m
[ 58%] [32m[1mLinking C shared library libconfig_utilities_msgs__rosidl_typesupport_introspection_c.so[0m
[ 58%] Built target config_utilities_msgs__rosidl_typesupport_c
[ 61%] [32mBuilding CXX object CMakeFiles/config_utilities_msgs__rosidl_typesupport_introspection_cpp.dir/rosidl_typesupport_introspection_cpp/config_utilities_msgs/srv/detail/set_config__type_support.cpp.o[0m
[ 61%] Built target config_utilities_msgs__rosidl_typesupport_introspection_c
[ 64%] [32m[1mLinking CXX shared library libconfig_utilities_msgs__rosidl_typesupport_cpp.so[0m
[ 64%] Built target config_utilities_msgs__rosidl_typesupport_cpp
[ 67%] [32m[1mLinking CXX shared library libconfig_utilities_msgs__rosidl_typesupport_introspection_cpp.so[0m
[ 67%] Built target config_utilities_msgs__rosidl_typesupport_introspection_cpp
[ 70%] [32m[1mLinking CXX shared library libconfig_utilities_msgs__rosidl_typesupport_fastrtps_c.so[0m
[ 70%] Built target config_utilities_msgs__rosidl_typesupport_fastrtps_c
[ 73%] [32m[1mLinking CXX shared library libconfig_utilities_msgs__rosidl_typesupport_fastrtps_cpp.so[0m
[ 73%] Built target config_utilities_msgs__rosidl_typesupport_fastrtps_cpp
[ 73%] Built target config_utilities_msgs
[ 76%] [34m[1mGenerating Python code for ROS interfaces[0m
[ 76%] Built target config_utilities_msgs__py
[ 79%] [32mBuilding C object CMakeFiles/config_utilities_msgs__rosidl_generator_py.dir/rosidl_generator_py/config_utilities_msgs/srv/_set_config_s.c.o[0m
[ 82%] [32m[1mLinking C shared library libconfig_utilities_msgs__rosidl_generator_py.so[0m
[ 82%] Built target config_utilities_msgs__rosidl_generator_py
[ 85%] [32mBuilding C object CMakeFiles/config_utilities_msgs_s__rosidl_typesupport_introspection_c.dir/rosidl_generator_py/config_utilities_msgs/_config_utilities_msgs_s.ep.rosidl_typesupport_introspection_c.c.o[0m
[ 88%] [32mBuilding C object CMakeFiles/config_utilities_msgs_s__rosidl_typesupport_fastrtps_c.dir/rosidl_generator_py/config_utilities_msgs/_config_utilities_msgs_s.ep.rosidl_typesupport_fastrtps_c.c.o[0m
[ 91%] [32mBuilding C object CMakeFiles/config_utilities_msgs_s__rosidl_typesupport_c.dir/rosidl_generator_py/config_utilities_msgs/_config_utilities_msgs_s.ep.rosidl_typesupport_c.c.o[0m
[ 94%] [32m[1mLinking C shared module rosidl_generator_py/config_utilities_msgs/config_utilities_msgs_s__rosidl_typesupport_c.so[0m
[ 97%] [32m[1mLinking C shared module rosidl_generator_py/config_utilities_msgs/config_utilities_msgs_s__rosidl_typesupport_introspection_c.so[0m
[ 97%] Built target config_utilities_msgs_s__rosidl_typesupport_c
[ 97%] Built target config_utilities_msgs_s__rosidl_typesupport_introspection_c
[100%] [32m[1mLinking C shared module rosidl_generator_py/config_utilities_msgs/config_utilities_msgs_s__rosidl_typesupport_fastrtps_c.so[0m
[100%] Built target config_utilities_msgs_s__rosidl_typesupport_fastrtps_c
-- Install configuration: "Release"
-- Installing: /home/siny/hydra_ws/install/config_utilities_msgs/share/ament_index/resource_index/rosidl_interfaces/config_utilities_msgs
-- Installing: /home/siny/hydra_ws/install/config_utilities_msgs/share/config_utilities_msgs/srv/SetConfig.json
-- Installing: /home/siny/hydra_ws/install/config_utilities_msgs/include/config_utilities_msgs/config_utilities_msgs
-- Installing: /home/siny/hydra_ws/install/config_utilities_msgs/include/config_utilities_msgs/config_utilities_msgs/srv
-- Installing: /home/siny/hydra_ws/install/config_utilities_msgs/include/config_utilities_msgs/config_utilities_msgs/srv/set_config.h
-- Installing: /home/siny/hydra_ws/install/config_utilities_msgs/include/config_utilities_msgs/config_utilities_msgs/srv/detail
-- Installing: /home/siny/hydra_ws/install/config_utilities_msgs/include/config_utilities_msgs/config_utilities_msgs/srv/detail/set_config__description.c
-- Installing: /home/siny/hydra_ws/install/config_utilities_msgs/include/config_utilities_msgs/config_utilities_msgs/srv/detail/set_config__functions.c
-- Installing: /home/siny/hydra_ws/install/config_utilities_msgs/include/config_utilities_msgs/config_utilities_msgs/srv/detail/set_config__type_support.c
-- Installing: /home/siny/hydra_ws/install/config_utilities_msgs/include/config_utilities_msgs/config_utilities_msgs/srv/detail/set_config__type_support.h
-- Installing: /home/siny/hydra_ws/install/config_utilities_msgs/include/config_utilities_msgs/config_utilities_msgs/srv/detail/set_config__struct.h
-- Installing: /home/siny/hydra_ws/install/config_utilities_msgs/include/config_utilities_msgs/config_utilities_msgs/srv/detail/set_config__functions.h
-- Installing: /home/siny/hydra_ws/install/config_utilities_msgs/include/config_utilities_msgs/config_utilities_msgs/msg
-- Installing: /home/siny/hydra_ws/install/config_utilities_msgs/include/config_utilities_msgs/config_utilities_msgs/msg/rosidl_generator_c__visibility_control.h
-- Installing: /home/siny/hydra_ws/install/config_utilities_msgs/share/config_utilities_msgs/environment/library_path.sh
-- Installing: /home/siny/hydra_ws/install/config_utilities_msgs/share/config_utilities_msgs/environment/library_path.dsv
-- Installing: /home/siny/hydra_ws/install/config_utilities_msgs/lib/libconfig_utilities_msgs__rosidl_generator_c.so
-- Set non-toolchain portion of runtime path of "/home/siny/hydra_ws/install/config_utilities_msgs/lib/libconfig_utilities_msgs__rosidl_generator_c.so" to ""
-- Up-to-date: /home/siny/hydra_ws/install/config_utilities_msgs/include/config_utilities_msgs/config_utilities_msgs
-- Up-to-date: /home/siny/hydra_ws/install/config_utilities_msgs/include/config_utilities_msgs/config_utilities_msgs/srv
-- Up-to-date: /home/siny/hydra_ws/install/config_utilities_msgs/include/config_utilities_msgs/config_utilities_msgs/srv/detail
-- Installing: /home/siny/hydra_ws/install/config_utilities_msgs/include/config_utilities_msgs/config_utilities_msgs/srv/detail/set_config__rosidl_typesupport_fastrtps_c.h
-- Up-to-date: /home/siny/hydra_ws/install/config_utilities_msgs/include/config_utilities_msgs/config_utilities_msgs/msg
-- Installing: /home/siny/hydra_ws/install/config_utilities_msgs/include/config_utilities_msgs/config_utilities_msgs/msg/rosidl_typesupport_fastrtps_c__visibility_control.h
-- Installing: /home/siny/hydra_ws/install/config_utilities_msgs/lib/libconfig_utilities_msgs__rosidl_typesupport_fastrtps_c.so
-- Set non-toolchain portion of runtime path of "/home/siny/hydra_ws/install/config_utilities_msgs/lib/libconfig_utilities_msgs__rosidl_typesupport_fastrtps_c.so" to ""
-- Up-to-date: /home/siny/hydra_ws/install/config_utilities_msgs/include/config_utilities_msgs/config_utilities_msgs
-- Up-to-date: /home/siny/hydra_ws/install/config_utilities_msgs/include/config_utilities_msgs/config_utilities_msgs/srv
-- Up-to-date: /home/siny/hydra_ws/install/config_utilities_msgs/include/config_utilities_msgs/config_utilities_msgs/srv/detail
-- Installing: /home/siny/hydra_ws/install/config_utilities_msgs/include/config_utilities_msgs/config_utilities_msgs/srv/detail/set_config__struct.hpp
-- Installing: /home/siny/hydra_ws/install/config_utilities_msgs/include/config_utilities_msgs/config_utilities_msgs/srv/detail/set_config__builder.hpp
-- Installing: /home/siny/hydra_ws/install/config_utilities_msgs/include/config_utilities_msgs/config_utilities_msgs/srv/detail/set_config__traits.hpp
-- Installing: /home/siny/hydra_ws/install/config_utilities_msgs/include/config_utilities_msgs/config_utilities_msgs/srv/detail/set_config__type_support.hpp
-- Installing: /home/siny/hydra_ws/install/config_utilities_msgs/include/config_utilities_msgs/config_utilities_msgs/srv/set_config.hpp
-- Up-to-date: /home/siny/hydra_ws/install/config_utilities_msgs/include/config_utilities_msgs/config_utilities_msgs/msg
-- Installing: /home/siny/hydra_ws/install/config_utilities_msgs/include/config_utilities_msgs/config_utilities_msgs/msg/rosidl_generator_cpp__visibility_control.hpp
-- Up-to-date: /home/siny/hydra_ws/install/config_utilities_msgs/include/config_utilities_msgs/config_utilities_msgs
-- Up-to-date: /home/siny/hydra_ws/install/config_utilities_msgs/include/config_utilities_msgs/config_utilities_msgs/srv
-- Up-to-date: /home/siny/hydra_ws/install/config_utilities_msgs/include/config_utilities_msgs/config_utilities_msgs/srv/detail
-- Installing: /home/siny/hydra_ws/install/config_utilities_msgs/include/config_utilities_msgs/config_utilities_msgs/srv/detail/dds_fastrtps
-- Installing: /home/siny/hydra_ws/install/config_utilities_msgs/include/config_utilities_msgs/config_utilities_msgs/srv/detail/set_config__rosidl_typesupport_fastrtps_cpp.hpp
-- Up-to-date: /home/siny/hydra_ws/install/config_utilities_msgs/include/config_utilities_msgs/config_utilities_msgs/msg
-- Installing: /home/siny/hydra_ws/install/config_utilities_msgs/include/config_utilities_msgs/config_utilities_msgs/msg/rosidl_typesupport_fastrtps_cpp__visibility_control.h
-- Installing: /home/siny/hydra_ws/install/config_utilities_msgs/lib/libconfig_utilities_msgs__rosidl_typesupport_fastrtps_cpp.so
-- Set non-toolchain portion of runtime path of "/home/siny/hydra_ws/install/config_utilities_msgs/lib/libconfig_utilities_msgs__rosidl_typesupport_fastrtps_cpp.so" to ""
-- Up-to-date: /home/siny/hydra_ws/install/config_utilities_msgs/include/config_utilities_msgs/config_utilities_msgs
-- Up-to-date: /home/siny/hydra_ws/install/config_utilities_msgs/include/config_utilities_msgs/config_utilities_msgs/srv
-- Up-to-date: /home/siny/hydra_ws/install/config_utilities_msgs/include/config_utilities_msgs/config_utilities_msgs/srv/detail
-- Installing: /home/siny/hydra_ws/install/config_utilities_msgs/include/config_utilities_msgs/config_utilities_msgs/srv/detail/set_config__type_support.c
-- Installing: /home/siny/hydra_ws/install/config_utilities_msgs/include/config_utilities_msgs/config_utilities_msgs/srv/detail/set_config__rosidl_typesupport_introspection_c.h
-- Up-to-date: /home/siny/hydra_ws/install/config_utilities_msgs/include/config_utilities_msgs/config_utilities_msgs/msg
-- Installing: /home/siny/hydra_ws/install/config_utilities_msgs/include/config_utilities_msgs/config_utilities_msgs/msg/rosidl_typesupport_introspection_c__visibility_control.h
-- Installing: /home/siny/hydra_ws/install/config_utilities_msgs/lib/libconfig_utilities_msgs__rosidl_typesupport_introspection_c.so
-- Set non-toolchain portion of runtime path of "/home/siny/hydra_ws/install/config_utilities_msgs/lib/libconfig_utilities_msgs__rosidl_typesupport_introspection_c.so" to ""
-- Installing: /home/siny/hydra_ws/install/config_utilities_msgs/lib/libconfig_utilities_msgs__rosidl_typesupport_c.so
-- Set non-toolchain portion of runtime path of "/home/siny/hydra_ws/install/config_utilities_msgs/lib/libconfig_utilities_msgs__rosidl_typesupport_c.so" to ""
-- Up-to-date: /home/siny/hydra_ws/install/config_utilities_msgs/include/config_utilities_msgs/config_utilities_msgs
-- Up-to-date: /home/siny/hydra_ws/install/config_utilities_msgs/include/config_utilities_msgs/config_utilities_msgs/srv
-- Up-to-date: /home/siny/hydra_ws/install/config_utilities_msgs/include/config_utilities_msgs/config_utilities_msgs/srv/detail
-- Installing: /home/siny/hydra_ws/install/config_utilities_msgs/include/config_utilities_msgs/config_utilities_msgs/srv/detail/set_config__rosidl_typesupport_introspection_cpp.hpp
-- Installing: /home/siny/hydra_ws/install/config_utilities_msgs/include/config_utilities_msgs/config_utilities_msgs/srv/detail/set_config__type_support.cpp
-- Installing: /home/siny/hydra_ws/install/config_utilities_msgs/lib/libconfig_utilities_msgs__rosidl_typesupport_introspection_cpp.so
-- Set non-toolchain portion of runtime path of "/home/siny/hydra_ws/install/config_utilities_msgs/lib/libconfig_utilities_msgs__rosidl_typesupport_introspection_cpp.so" to ""
-- Installing: /home/siny/hydra_ws/install/config_utilities_msgs/lib/libconfig_utilities_msgs__rosidl_typesupport_cpp.so
-- Set non-toolchain portion of runtime path of "/home/siny/hydra_ws/install/config_utilities_msgs/lib/libconfig_utilities_msgs__rosidl_typesupport_cpp.so" to ""
-- Installing: /home/siny/hydra_ws/install/config_utilities_msgs/share/config_utilities_msgs/environment/pythonpath.sh
-- Installing: /home/siny/hydra_ws/install/config_utilities_msgs/share/config_utilities_msgs/environment/pythonpath.dsv
-- Installing: /home/siny/hydra_ws/install/config_utilities_msgs/lib/python3.12/site-packages/config_utilities_msgs-2.0.0-py3.12.egg-info
-- Installing: /home/siny/hydra_ws/install/config_utilities_msgs/lib/python3.12/site-packages/config_utilities_msgs-2.0.0-py3.12.egg-info/top_level.txt
-- Installing: /home/siny/hydra_ws/install/config_utilities_msgs/lib/python3.12/site-packages/config_utilities_msgs-2.0.0-py3.12.egg-info/PKG-INFO
-- Installing: /home/siny/hydra_ws/install/config_utilities_msgs/lib/python3.12/site-packages/config_utilities_msgs-2.0.0-py3.12.egg-info/SOURCES.txt
-- Installing: /home/siny/hydra_ws/install/config_utilities_msgs/lib/python3.12/site-packages/config_utilities_msgs-2.0.0-py3.12.egg-info/dependency_links.txt
-- Installing: /home/siny/hydra_ws/install/config_utilities_msgs/lib/python3.12/site-packages/config_utilities_msgs
-- Installing: /home/siny/hydra_ws/install/config_utilities_msgs/lib/python3.12/site-packages/config_utilities_msgs/_config_utilities_msgs_s.ep.rosidl_typesupport_introspection_c.c
-- Installing: /home/siny/hydra_ws/install/config_utilities_msgs/lib/python3.12/site-packages/config_utilities_msgs/config_utilities_msgs_s__rosidl_typesupport_c.so
-- Installing: /home/siny/hydra_ws/install/config_utilities_msgs/lib/python3.12/site-packages/config_utilities_msgs/_config_utilities_msgs_s.ep.rosidl_typesupport_c.c
-- Installing: /home/siny/hydra_ws/install/config_utilities_msgs/lib/python3.12/site-packages/config_utilities_msgs/_config_utilities_msgs_s.ep.rosidl_typesupport_fastrtps_c.c
-- Installing: /home/siny/hydra_ws/install/config_utilities_msgs/lib/python3.12/site-packages/config_utilities_msgs/config_utilities_msgs_s__rosidl_typesupport_fastrtps_c.so
-- Installing: /home/siny/hydra_ws/install/config_utilities_msgs/lib/python3.12/site-packages/config_utilities_msgs/srv
-- Installing: /home/siny/hydra_ws/install/config_utilities_msgs/lib/python3.12/site-packages/config_utilities_msgs/srv/_set_config_s.c
-- Installing: /home/siny/hydra_ws/install/config_utilities_msgs/lib/python3.12/site-packages/config_utilities_msgs/srv/__init__.py
-- Installing: /home/siny/hydra_ws/install/config_utilities_msgs/lib/python3.12/site-packages/config_utilities_msgs/srv/_set_config.py
-- Installing: /home/siny/hydra_ws/install/config_utilities_msgs/lib/python3.12/site-packages/config_utilities_msgs/__init__.py
-- Installing: /home/siny/hydra_ws/install/config_utilities_msgs/lib/python3.12/site-packages/config_utilities_msgs/config_utilities_msgs_s__rosidl_typesupport_introspection_c.so
Listing '/home/siny/hydra_ws/install/config_utilities_msgs/lib/python3.12/site-packages/config_utilities_msgs'...
Compiling '/home/siny/hydra_ws/install/config_utilities_msgs/lib/python3.12/site-packages/config_utilities_msgs/__init__.py'...
Listing '/home/siny/hydra_ws/install/config_utilities_msgs/lib/python3.12/site-packages/config_utilities_msgs/srv'...
Compiling '/home/siny/hydra_ws/install/config_utilities_msgs/lib/python3.12/site-packages/config_utilities_msgs/srv/__init__.py'...
Compiling '/home/siny/hydra_ws/install/config_utilities_msgs/lib/python3.12/site-packages/config_utilities_msgs/srv/_set_config.py'...
-- Installing: /home/siny/hydra_ws/install/config_utilities_msgs/lib/python3.12/site-packages/config_utilities_msgs/config_utilities_msgs_s__rosidl_typesupport_fastrtps_c.so
-- Set non-toolchain portion of runtime path of "/home/siny/hydra_ws/install/config_utilities_msgs/lib/python3.12/site-packages/config_utilities_msgs/config_utilities_msgs_s__rosidl_typesupport_fastrtps_c.so" to ""
-- Installing: /home/siny/hydra_ws/install/config_utilities_msgs/lib/python3.12/site-packages/config_utilities_msgs/config_utilities_msgs_s__rosidl_typesupport_introspection_c.so
-- Set non-toolchain portion of runtime path of "/home/siny/hydra_ws/install/config_utilities_msgs/lib/python3.12/site-packages/config_utilities_msgs/config_utilities_msgs_s__rosidl_typesupport_introspection_c.so" to ""
-- Installing: /home/siny/hydra_ws/install/config_utilities_msgs/lib/python3.12/site-packages/config_utilities_msgs/config_utilities_msgs_s__rosidl_typesupport_c.so
-- Set non-toolchain portion of runtime path of "/home/siny/hydra_ws/install/config_utilities_msgs/lib/python3.12/site-packages/config_utilities_msgs/config_utilities_msgs_s__rosidl_typesupport_c.so" to ""
-- Installing: /home/siny/hydra_ws/install/config_utilities_msgs/lib/libconfig_utilities_msgs__rosidl_generator_py.so
-- Set non-toolchain portion of runtime path of "/home/siny/hydra_ws/install/config_utilities_msgs/lib/libconfig_utilities_msgs__rosidl_generator_py.so" to ""
-- Installing: /home/siny/hydra_ws/install/config_utilities_msgs/share/config_utilities_msgs/srv/SetConfig.idl
-- Installing: /home/siny/hydra_ws/install/config_utilities_msgs/share/config_utilities_msgs/srv/SetConfig.srv
-- Installing: /home/siny/hydra_ws/install/config_utilities_msgs/share/ament_index/resource_index/package_run_dependencies/config_utilities_msgs
-- Installing: /home/siny/hydra_ws/install/config_utilities_msgs/share/ament_index/resource_index/parent_prefix_path/config_utilities_msgs
-- Installing: /home/siny/hydra_ws/install/config_utilities_msgs/share/config_utilities_msgs/environment/ament_prefix_path.sh
-- Installing: /home/siny/hydra_ws/install/config_utilities_msgs/share/config_utilities_msgs/environment/ament_prefix_path.dsv
-- Installing: /home/siny/hydra_ws/install/config_utilities_msgs/share/config_utilities_msgs/environment/path.sh
-- Installing: /home/siny/hydra_ws/install/config_utilities_msgs/share/config_utilities_msgs/environment/path.dsv
-- Installing: /home/siny/hydra_ws/install/config_utilities_msgs/share/config_utilities_msgs/local_setup.bash
-- Installing: /home/siny/hydra_ws/install/config_utilities_msgs/share/config_utilities_msgs/local_setup.sh
-- Installing: /home/siny/hydra_ws/install/config_utilities_msgs/share/config_utilities_msgs/local_setup.zsh
-- Installing: /home/siny/hydra_ws/install/config_utilities_msgs/share/config_utilities_msgs/local_setup.dsv
-- Installing: /home/siny/hydra_ws/install/config_utilities_msgs/share/config_utilities_msgs/package.dsv
-- Installing: /home/siny/hydra_ws/install/config_utilities_msgs/share/ament_index/resource_index/packages/config_utilities_msgs
-- Installing: /home/siny/hydra_ws/install/config_utilities_msgs/share/config_utilities_msgs/cmake/export_config_utilities_msgs__rosidl_generator_cExport.cmake
-- Installing: /home/siny/hydra_ws/install/config_utilities_msgs/share/config_utilities_msgs/cmake/export_config_utilities_msgs__rosidl_generator_cExport-release.cmake
-- Installing: /home/siny/hydra_ws/install/config_utilities_msgs/share/config_utilities_msgs/cmake/export_config_utilities_msgs__rosidl_typesupport_fastrtps_cExport.cmake
-- Installing: /home/siny/hydra_ws/install/config_utilities_msgs/share/config_utilities_msgs/cmake/export_config_utilities_msgs__rosidl_typesupport_fastrtps_cExport-release.cmake
-- Installing: /home/siny/hydra_ws/install/config_utilities_msgs/share/config_utilities_msgs/cmake/export_config_utilities_msgs__rosidl_generator_cppExport.cmake
-- Installing: /home/siny/hydra_ws/install/config_utilities_msgs/share/config_utilities_msgs/cmake/export_config_utilities_msgs__rosidl_typesupport_fastrtps_cppExport.cmake
-- Installing: /home/siny/hydra_ws/install/config_utilities_msgs/share/config_utilities_msgs/cmake/export_config_utilities_msgs__rosidl_typesupport_fastrtps_cppExport-release.cmake
-- Installing: /home/siny/hydra_ws/install/config_utilities_msgs/share/config_utilities_msgs/cmake/config_utilities_msgs__rosidl_typesupport_introspection_cExport.cmake
-- Installing: /home/siny/hydra_ws/install/config_utilities_msgs/share/config_utilities_msgs/cmake/config_utilities_msgs__rosidl_typesupport_introspection_cExport-release.cmake
-- Installing: /home/siny/hydra_ws/install/config_utilities_msgs/share/config_utilities_msgs/cmake/config_utilities_msgs__rosidl_typesupport_cExport.cmake
-- Installing: /home/siny/hydra_ws/install/config_utilities_msgs/share/config_utilities_msgs/cmake/config_utilities_msgs__rosidl_typesupport_cExport-release.cmake
-- Installing: /home/siny/hydra_ws/install/config_utilities_msgs/share/config_utilities_msgs/cmake/config_utilities_msgs__rosidl_typesupport_introspection_cppExport.cmake
-- Installing: /home/siny/hydra_ws/install/config_utilities_msgs/share/config_utilities_msgs/cmake/config_utilities_msgs__rosidl_typesupport_introspection_cppExport-release.cmake
-- Installing: /home/siny/hydra_ws/install/config_utilities_msgs/share/config_utilities_msgs/cmake/config_utilities_msgs__rosidl_typesupport_cppExport.cmake
-- Installing: /home/siny/hydra_ws/install/config_utilities_msgs/share/config_utilities_msgs/cmake/config_utilities_msgs__rosidl_typesupport_cppExport-release.cmake
-- Installing: /home/siny/hydra_ws/install/config_utilities_msgs/share/config_utilities_msgs/cmake/export_config_utilities_msgs__rosidl_generator_pyExport.cmake
-- Installing: /home/siny/hydra_ws/install/config_utilities_msgs/share/config_utilities_msgs/cmake/export_config_utilities_msgs__rosidl_generator_pyExport-release.cmake
-- Installing: /home/siny/hydra_ws/install/config_utilities_msgs/share/config_utilities_msgs/cmake/rosidl_cmake-extras.cmake
-- Installing: /home/siny/hydra_ws/install/config_utilities_msgs/share/config_utilities_msgs/cmake/ament_cmake_export_dependencies-extras.cmake
-- Installing: /home/siny/hydra_ws/install/config_utilities_msgs/share/config_utilities_msgs/cmake/ament_cmake_export_include_directories-extras.cmake
-- Installing: /home/siny/hydra_ws/install/config_utilities_msgs/share/config_utilities_msgs/cmake/ament_cmake_export_libraries-extras.cmake
-- Installing: /home/siny/hydra_ws/install/config_utilities_msgs/share/config_utilities_msgs/cmake/ament_cmake_export_targets-extras.cmake
-- Installing: /home/siny/hydra_ws/install/config_utilities_msgs/share/config_utilities_msgs/cmake/rosidl_cmake_export_typesupport_targets-extras.cmake
-- Installing: /home/siny/hydra_ws/install/config_utilities_msgs/share/config_utilities_msgs/cmake/rosidl_cmake_export_typesupport_libraries-extras.cmake
-- Installing: /home/siny/hydra_ws/install/config_utilities_msgs/share/config_utilities_msgs/cmake/config_utilities_msgsConfig.cmake
-- Installing: /home/siny/hydra_ws/install/config_utilities_msgs/share/config_utilities_msgs/cmake/config_utilities_msgsConfig-version.cmake
-- Installing: /home/siny/hydra_ws/install/config_utilities_msgs/share/config_utilities_msgs/package.xml
