[0.019s] Invoking command in '/home/siny/hydra_ws/build/ianvs': CMAKE_PREFIX_PATH=${CMAKE_PREFIX_PATH}:/opt/ros/jazzy DEBUGINFOD_URLS=https://debuginfod.ubuntu.com /usr/bin/cmake --build /home/siny/hydra_ws/build/ianvs -- -j20 -l20
[0.068s] [  8%] Built target ianvs_rosbag
[0.068s] [  8%] Built target ament_cmake_python_copy_ianvs_setup
[0.072s] [ 17%] Built target transform_file_broadcaster
[0.073s] [ 30%] Built target _ianvs_bindings
[0.079s] [ 65%] Built target ianvs
[0.095s] [ 65%] Built target ament_cmake_python_copy_ianvs
[0.120s] [ 73%] Built target merge_rosbags
[0.125s] [ 91%] Built target ianvs_plugins
[0.129s] [100%] Built target play_rosbag
[0.237s] running egg_info
[0.245s] writing ianvs.egg-info/PKG-INFO
[0.245s] writing dependency_links to ianvs.egg-info/dependency_links.txt
[0.245s] writing entry points to ianvs.egg-info/entry_points.txt
[0.245s] writing top-level names to ianvs.egg-info/top_level.txt
[0.269s] reading manifest file 'ianvs.egg-info/SOURCES.txt'
[0.269s] writing manifest file 'ianvs.egg-info/SOURCES.txt'
[0.287s] [100%] Built target ament_cmake_python_build_ianvs_egg
[0.297s] Invoked command in '/home/siny/hydra_ws/build/ianvs' returned '0': CMAKE_PREFIX_PATH=${CMAKE_PREFIX_PATH}:/opt/ros/jazzy DEBUGINFOD_URLS=https://debuginfod.ubuntu.com /usr/bin/cmake --build /home/siny/hydra_ws/build/ianvs -- -j20 -l20
[0.297s] Invoking command in '/home/siny/hydra_ws/build/ianvs': CMAKE_PREFIX_PATH=${CMAKE_PREFIX_PATH}:/opt/ros/jazzy DEBUGINFOD_URLS=https://debuginfod.ubuntu.com /usr/bin/cmake --install /home/siny/hydra_ws/build/ianvs
[0.307s] -- Install configuration: "Release"
[0.309s] -- Up-to-date: /home/siny/hydra_ws/install/ianvs/include/ianvs/
[0.309s] -- Up-to-date: /home/siny/hydra_ws/install/ianvs/include/ianvs//ianvs
[0.311s] -- Up-to-date: /home/siny/hydra_ws/install/ianvs/include/ianvs//ianvs/image_subscription.h
[0.311s] -- Up-to-date: /home/siny/hydra_ws/install/ianvs/include/ianvs//ianvs/node_handle.h
[0.311s] -- Up-to-date: /home/siny/hydra_ws/install/ianvs/include/ianvs//ianvs/app
[0.311s] -- Up-to-date: /home/siny/hydra_ws/install/ianvs/include/ianvs//ianvs/app/rosbag_play_plugins.h
[0.311s] -- Up-to-date: /home/siny/hydra_ws/install/ianvs/include/ianvs//ianvs/node_handle_factory.h
[0.311s] -- Up-to-date: /home/siny/hydra_ws/install/ianvs/include/ianvs//ianvs/image_publisher.h
[0.311s] -- Up-to-date: /home/siny/hydra_ws/install/ianvs/include/ianvs//ianvs/bag_reader.h
[0.311s] -- Up-to-date: /home/siny/hydra_ws/install/ianvs/include/ianvs//ianvs/lazy_publisher_group.h
[0.311s] -- Up-to-date: /home/siny/hydra_ws/install/ianvs/include/ianvs//ianvs/spin_functions.h
[0.311s] -- Up-to-date: /home/siny/hydra_ws/install/ianvs/include/ianvs//ianvs/detail
[0.311s] -- Up-to-date: /home/siny/hydra_ws/install/ianvs/include/ianvs//ianvs/detail/string_transforms.h
[0.311s] -- Up-to-date: /home/siny/hydra_ws/install/ianvs/include/ianvs//ianvs/visibility_control.h
[0.311s] -- Up-to-date: /home/siny/hydra_ws/install/ianvs/include/ianvs//ianvs/message_wait_functor.h
[0.311s] -- Up-to-date: /home/siny/hydra_ws/install/ianvs/include/ianvs//ianvs/node_init.h
[0.311s] -- Up-to-date: /home/siny/hydra_ws/install/ianvs/include/ianvs//ianvs/bindings
[0.311s] -- Up-to-date: /home/siny/hydra_ws/install/ianvs/include/ianvs//ianvs/bindings/image_encodings.h
[0.311s] -- Up-to-date: /home/siny/hydra_ws/install/ianvs/lib/libianvs.so
[0.311s] -- Up-to-date: /home/siny/hydra_ws/install/ianvs/lib/libianvs_plugins.so
[0.311s] -- Up-to-date: /home/siny/hydra_ws/install/ianvs/lib/libianvs_rosbag.so
[0.311s] -- Up-to-date: /home/siny/hydra_ws/install/ianvs/lib/ianvs/play_rosbag
[0.311s] -- Up-to-date: /home/siny/hydra_ws/install/ianvs/lib/ianvs/merge_rosbags
[0.311s] -- Up-to-date: /home/siny/hydra_ws/install/ianvs/lib/ianvs/transform_file_broadcaster
[0.312s] -- Up-to-date: /home/siny/hydra_ws/install/ianvs/lib/python3.12/site-packages/ianvs/_ianvs_bindings.cpython-312-aarch64-linux-gnu.so
[0.312s] -- Up-to-date: /home/siny/hydra_ws/install/ianvs/share/ianvs/environment/pythonpath.sh
[0.312s] -- Up-to-date: /home/siny/hydra_ws/install/ianvs/share/ianvs/environment/pythonpath.dsv
[0.312s] -- Up-to-date: /home/siny/hydra_ws/install/ianvs/lib/python3.12/site-packages/ianvs-0.0.0-py3.12.egg-info
[0.312s] -- Installing: /home/siny/hydra_ws/install/ianvs/lib/python3.12/site-packages/ianvs-0.0.0-py3.12.egg-info/entry_points.txt
[0.312s] -- Installing: /home/siny/hydra_ws/install/ianvs/lib/python3.12/site-packages/ianvs-0.0.0-py3.12.egg-info/top_level.txt
[0.312s] -- Installing: /home/siny/hydra_ws/install/ianvs/lib/python3.12/site-packages/ianvs-0.0.0-py3.12.egg-info/PKG-INFO
[0.312s] -- Installing: /home/siny/hydra_ws/install/ianvs/lib/python3.12/site-packages/ianvs-0.0.0-py3.12.egg-info/SOURCES.txt
[0.312s] -- Installing: /home/siny/hydra_ws/install/ianvs/lib/python3.12/site-packages/ianvs-0.0.0-py3.12.egg-info/dependency_links.txt
[0.312s] -- Up-to-date: /home/siny/hydra_ws/install/ianvs/lib/python3.12/site-packages/ianvs
[0.312s] -- Up-to-date: /home/siny/hydra_ws/install/ianvs/lib/python3.12/site-packages/ianvs/__init__.py
[0.312s] -- Up-to-date: /home/siny/hydra_ws/install/ianvs/lib/python3.12/site-packages/ianvs/launch.py
[0.353s] Listing '/home/siny/hydra_ws/install/ianvs/lib/python3.12/site-packages/ianvs'...
[0.357s] -- Up-to-date: /home/siny/hydra_ws/install/ianvs/share/ianvs/plugins.xml
[0.358s] -- Up-to-date: /home/siny/hydra_ws/install/ianvs/share/ianvs/environment/library_path.sh
[0.358s] -- Up-to-date: /home/siny/hydra_ws/install/ianvs/share/ianvs/environment/library_path.dsv
[0.358s] -- Up-to-date: /home/siny/hydra_ws/install/ianvs/share/ament_index/resource_index/package_run_dependencies/ianvs
[0.358s] -- Up-to-date: /home/siny/hydra_ws/install/ianvs/share/ament_index/resource_index/parent_prefix_path/ianvs
[0.358s] -- Up-to-date: /home/siny/hydra_ws/install/ianvs/share/ianvs/environment/ament_prefix_path.sh
[0.359s] -- Up-to-date: /home/siny/hydra_ws/install/ianvs/share/ianvs/environment/ament_prefix_path.dsv
[0.359s] -- Up-to-date: /home/siny/hydra_ws/install/ianvs/share/ianvs/environment/path.sh
[0.359s] -- Up-to-date: /home/siny/hydra_ws/install/ianvs/share/ianvs/environment/path.dsv
[0.359s] -- Up-to-date: /home/siny/hydra_ws/install/ianvs/share/ianvs/local_setup.bash
[0.360s] -- Up-to-date: /home/siny/hydra_ws/install/ianvs/share/ianvs/local_setup.sh
[0.361s] -- Up-to-date: /home/siny/hydra_ws/install/ianvs/share/ianvs/local_setup.zsh
[0.361s] -- Up-to-date: /home/siny/hydra_ws/install/ianvs/share/ianvs/local_setup.dsv
[0.361s] -- Installing: /home/siny/hydra_ws/install/ianvs/share/ianvs/package.dsv
[0.362s] -- Up-to-date: /home/siny/hydra_ws/install/ianvs/share/ament_index/resource_index/packages/ianvs
[0.362s] -- Up-to-date: /home/siny/hydra_ws/install/ianvs/share/ament_index/resource_index/ianvs__pluginlib__plugin/ianvs
[0.362s] -- Up-to-date: /home/siny/hydra_ws/install/ianvs/share/ianvs/cmake/ianvs-exportsExport.cmake
[0.363s] -- Up-to-date: /home/siny/hydra_ws/install/ianvs/share/ianvs/cmake/ianvs-exportsExport-release.cmake
[0.363s] -- Up-to-date: /home/siny/hydra_ws/install/ianvs/share/ianvs/cmake/ament_cmake_export_targets-extras.cmake
[0.364s] -- Up-to-date: /home/siny/hydra_ws/install/ianvs/share/ianvs/cmake/ament_cmake_export_dependencies-extras.cmake
[0.364s] -- Up-to-date: /home/siny/hydra_ws/install/ianvs/share/ianvs/cmake/ianvsConfig.cmake
[0.365s] -- Up-to-date: /home/siny/hydra_ws/install/ianvs/share/ianvs/cmake/ianvsConfig-version.cmake
[0.365s] -- Up-to-date: /home/siny/hydra_ws/install/ianvs/share/ianvs/package.xml
[0.411s] Invoked command in '/home/siny/hydra_ws/build/ianvs' returned '0': CMAKE_PREFIX_PATH=${CMAKE_PREFIX_PATH}:/opt/ros/jazzy DEBUGINFOD_URLS=https://debuginfod.ubuntu.com /usr/bin/cmake --install /home/siny/hydra_ws/build/ianvs
