[0.029s] Invoking command in '/home/siny/hydra_ws/build/semantic_inference_msgs': CMAKE_PREFIX_PATH=${CMAKE_PREFIX_PATH}:/opt/ros/jazzy:/home/siny/ros2_jazzy/install/ament_uncrustify:/home/siny/ros2_jazzy/install/tracetools_trace:/home/siny/ros2_jazzy/install/tracetools_read:/home/siny/ros2_jazzy/install/rpyutils:/home/siny/ros2_jazzy/install/rosidl_pycommon:/home/siny/ros2_jazzy/install/rosidl_cli:/home/siny/ros2_jazzy/install/launch_pytest:/home/siny/ros2_jazzy/install/launch_testing:/home/siny/ros2_jazzy/install/launch_yaml:/home/siny/ros2_jazzy/install/launch_xml:/home/siny/ros2_jazzy/install/launch:/home/siny/ros2_jazzy/install/osrf_pycommon:/home/siny/ros2_jazzy/install/domain_coordinator:/home/siny/ros2_jazzy/install/ament_xmllint:/home/siny/ros2_jazzy/install/ament_pyflakes:/home/siny/ros2_jazzy/install/ament_pycodestyle:/home/siny/ros2_jazzy/install/ament_pep257:/home/siny/ros2_jazzy/install/ament_pclint:/home/siny/ros2_jazzy/install/ament_package:/home/siny/ros2_jazzy/install/ament_mypy:/home/siny/ros2_jazzy/install/ament_lint_cmake:/home/siny/ros2_jazzy/install/ament_flake8:/home/siny/ros2_jazzy/install/ament_copyright:/home/siny/ros2_jazzy/install/ament_lint:/home/siny/ros2_jazzy/install/ament_index_python:/home/siny/ros2_jazzy/install/ament_cpplint:/home/siny/ros2_jazzy/install/ament_cppcheck:/home/siny/ros2_jazzy/install/ament_clang_tidy:/home/siny/ros2_jazzy/install/ament_clang_format DEBUGINFOD_URLS=https://debuginfod.ubuntu.com /usr/bin/cmake /home/siny/hydra_ws/src/semantic_inference/semantic_inference_msgs -DCMAKE_BUILD_TYPE=Release -DCMAKE_INSTALL_PREFIX=/home/siny/hydra_ws/install/semantic_inference_msgs
[0.072s] -- The C compiler identification is GNU 13.3.0
[0.122s] -- The CXX compiler identification is GNU 13.3.0
[0.134s] -- Detecting C compiler ABI info
[0.204s] -- Detecting C compiler ABI info - done
[0.212s] -- Check for working C compiler: /usr/bin/cc - skipped
[0.213s] -- Detecting C compile features
[0.213s] -- Detecting C compile features - done
[0.221s] -- Detecting CXX compiler ABI info
[0.303s] -- Detecting CXX compiler ABI info - done
[0.312s] -- Check for working CXX compiler: /usr/bin/c++ - skipped
[0.313s] -- Detecting CXX compile features
[0.313s] -- Detecting CXX compile features - done
[0.315s] -- Found ament_cmake: 2.5.4 (/opt/ros/jazzy/share/ament_cmake/cmake)
[0.489s] -- Found Python3: /usr/bin/python3 (found version "3.12.3") found components: Interpreter 
[0.576s] -- Found builtin_interfaces: 2.0.3 (/opt/ros/jazzy/share/builtin_interfaces/cmake)
[0.636s] -- Found rosidl_generator_c: 4.6.6 (/opt/ros/jazzy/share/rosidl_generator_c/cmake)
[0.652s] -- Found rosidl_generator_cpp: 4.6.6 (/opt/ros/jazzy/share/rosidl_generator_cpp/cmake)
[0.685s] -- Using all available rosidl_typesupport_c: rosidl_typesupport_fastrtps_c;rosidl_typesupport_introspection_c
[0.716s] -- Using all available rosidl_typesupport_cpp: rosidl_typesupport_fastrtps_cpp;rosidl_typesupport_introspection_cpp
[0.750s] -- Found rosidl_default_generators: 1.6.0 (/opt/ros/jazzy/share/rosidl_default_generators/cmake)
[0.792s] -- Found rosidl_adapter: 4.6.6 (/opt/ros/jazzy/share/rosidl_adapter/cmake)
[0.799s] -- Found sensor_msgs: 5.3.6 (/opt/ros/jazzy/share/sensor_msgs/cmake)
[2.216s] -- Found ament_cmake_ros: 0.12.0 (/opt/ros/jazzy/share/ament_cmake_ros/cmake)
[5.283s] -- Using all available rosidl_typesupport_c: rosidl_typesupport_fastrtps_c;rosidl_typesupport_introspection_c
[6.168s] -- Using all available rosidl_typesupport_cpp: rosidl_typesupport_fastrtps_cpp;rosidl_typesupport_introspection_cpp
[6.170s] -- Found python_cmake_module: 0.11.1 (/opt/ros/jazzy/share/python_cmake_module/cmake)
[6.454s] -- Found PythonExtra: /usr/bin/python3  
[7.841s] -- Found Python3: /usr/bin/python3 (found version "3.12.3") found components: Interpreter Development NumPy Development.Module Development.Embed 
[8.031s] -- Configuring done (8.0s)
[8.165s] -- Generating done (0.1s)
[8.180s] -- Build files have been written to: /home/siny/hydra_ws/build/semantic_inference_msgs
[8.232s] Invoked command in '/home/siny/hydra_ws/build/semantic_inference_msgs' returned '0': CMAKE_PREFIX_PATH=${CMAKE_PREFIX_PATH}:/opt/ros/jazzy:/home/siny/ros2_jazzy/install/ament_uncrustify:/home/siny/ros2_jazzy/install/tracetools_trace:/home/siny/ros2_jazzy/install/tracetools_read:/home/siny/ros2_jazzy/install/rpyutils:/home/siny/ros2_jazzy/install/rosidl_pycommon:/home/siny/ros2_jazzy/install/rosidl_cli:/home/siny/ros2_jazzy/install/launch_pytest:/home/siny/ros2_jazzy/install/launch_testing:/home/siny/ros2_jazzy/install/launch_yaml:/home/siny/ros2_jazzy/install/launch_xml:/home/siny/ros2_jazzy/install/launch:/home/siny/ros2_jazzy/install/osrf_pycommon:/home/siny/ros2_jazzy/install/domain_coordinator:/home/siny/ros2_jazzy/install/ament_xmllint:/home/siny/ros2_jazzy/install/ament_pyflakes:/home/siny/ros2_jazzy/install/ament_pycodestyle:/home/siny/ros2_jazzy/install/ament_pep257:/home/siny/ros2_jazzy/install/ament_pclint:/home/siny/ros2_jazzy/install/ament_package:/home/siny/ros2_jazzy/install/ament_mypy:/home/siny/ros2_jazzy/install/ament_lint_cmake:/home/siny/ros2_jazzy/install/ament_flake8:/home/siny/ros2_jazzy/install/ament_copyright:/home/siny/ros2_jazzy/install/ament_lint:/home/siny/ros2_jazzy/install/ament_index_python:/home/siny/ros2_jazzy/install/ament_cpplint:/home/siny/ros2_jazzy/install/ament_cppcheck:/home/siny/ros2_jazzy/install/ament_clang_tidy:/home/siny/ros2_jazzy/install/ament_clang_format DEBUGINFOD_URLS=https://debuginfod.ubuntu.com /usr/bin/cmake /home/siny/hydra_ws/src/semantic_inference/semantic_inference_msgs -DCMAKE_BUILD_TYPE=Release -DCMAKE_INSTALL_PREFIX=/home/siny/hydra_ws/install/semantic_inference_msgs
[8.232s] Invoking command in '/home/siny/hydra_ws/build/semantic_inference_msgs': CMAKE_PREFIX_PATH=${CMAKE_PREFIX_PATH}:/opt/ros/jazzy:/home/siny/ros2_jazzy/install/ament_uncrustify:/home/siny/ros2_jazzy/install/tracetools_trace:/home/siny/ros2_jazzy/install/tracetools_read:/home/siny/ros2_jazzy/install/rpyutils:/home/siny/ros2_jazzy/install/rosidl_pycommon:/home/siny/ros2_jazzy/install/rosidl_cli:/home/siny/ros2_jazzy/install/launch_pytest:/home/siny/ros2_jazzy/install/launch_testing:/home/siny/ros2_jazzy/install/launch_yaml:/home/siny/ros2_jazzy/install/launch_xml:/home/siny/ros2_jazzy/install/launch:/home/siny/ros2_jazzy/install/osrf_pycommon:/home/siny/ros2_jazzy/install/domain_coordinator:/home/siny/ros2_jazzy/install/ament_xmllint:/home/siny/ros2_jazzy/install/ament_pyflakes:/home/siny/ros2_jazzy/install/ament_pycodestyle:/home/siny/ros2_jazzy/install/ament_pep257:/home/siny/ros2_jazzy/install/ament_pclint:/home/siny/ros2_jazzy/install/ament_package:/home/siny/ros2_jazzy/install/ament_mypy:/home/siny/ros2_jazzy/install/ament_lint_cmake:/home/siny/ros2_jazzy/install/ament_flake8:/home/siny/ros2_jazzy/install/ament_copyright:/home/siny/ros2_jazzy/install/ament_lint:/home/siny/ros2_jazzy/install/ament_index_python:/home/siny/ros2_jazzy/install/ament_cpplint:/home/siny/ros2_jazzy/install/ament_cppcheck:/home/siny/ros2_jazzy/install/ament_clang_tidy:/home/siny/ros2_jazzy/install/ament_clang_format DEBUGINFOD_URLS=https://debuginfod.ubuntu.com /usr/bin/cmake --build /home/siny/hydra_ws/build/semantic_inference_msgs -- -j20 -l20
[8.381s] [  1%] [34m[1mGenerating type hashes for ROS interfaces[0m
[8.386s] [  1%] Built target ament_cmake_python_copy_semantic_inference_msgs
[8.802s] running egg_info
[8.809s] creating semantic_inference_msgs.egg-info
[8.831s] writing semantic_inference_msgs.egg-info/PKG-INFO
[8.831s] writing dependency_links to semantic_inference_msgs.egg-info/dependency_links.txt
[8.831s] writing top-level names to semantic_inference_msgs.egg-info/top_level.txt
[8.831s] writing manifest file 'semantic_inference_msgs.egg-info/SOURCES.txt'
[8.929s] reading manifest file 'semantic_inference_msgs.egg-info/SOURCES.txt'
[8.929s] writing manifest file 'semantic_inference_msgs.egg-info/SOURCES.txt'
[9.006s] [  1%] Built target ament_cmake_python_build_semantic_inference_msgs_egg
[9.315s] [  1%] Built target semantic_inference_msgs__rosidl_generator_type_description
[9.344s] [  2%] [34m[1mGenerating C code for ROS interfaces[0m
[9.384s] [  4%] [34m[1mGenerating C++ code for ROS interfaces[0m
[10.771s] [  5%] [32mBuilding C object CMakeFiles/semantic_inference_msgs__rosidl_generator_c.dir/rosidl_generator_c/semantic_inference_msgs/msg/detail/feature_vector__functions.c.o[0m
[10.771s] [  6%] [32mBuilding C object CMakeFiles/semantic_inference_msgs__rosidl_generator_c.dir/rosidl_generator_c/semantic_inference_msgs/msg/detail/feature_vector__type_support.c.o[0m
[10.775s] [  8%] [32mBuilding C object CMakeFiles/semantic_inference_msgs__rosidl_generator_c.dir/rosidl_generator_c/semantic_inference_msgs/msg/detail/feature_vector__description.c.o[0m
[10.782s] [  9%] [32mBuilding C object CMakeFiles/semantic_inference_msgs__rosidl_generator_c.dir/rosidl_generator_c/semantic_inference_msgs/msg/detail/feature_vectors__description.c.o[0m
[10.787s] [ 10%] [32mBuilding C object CMakeFiles/semantic_inference_msgs__rosidl_generator_c.dir/rosidl_generator_c/semantic_inference_msgs/msg/detail/feature_vectors__functions.c.o[0m
[10.793s] [ 12%] [32mBuilding C object CMakeFiles/semantic_inference_msgs__rosidl_generator_c.dir/rosidl_generator_c/semantic_inference_msgs/msg/detail/feature_vector_stamped__functions.c.o[0m
[10.797s] [ 13%] [32mBuilding C object CMakeFiles/semantic_inference_msgs__rosidl_generator_c.dir/rosidl_generator_c/semantic_inference_msgs/msg/detail/feature_vectors__type_support.c.o[0m
[10.805s] [ 14%] [32mBuilding C object CMakeFiles/semantic_inference_msgs__rosidl_generator_c.dir/rosidl_generator_c/semantic_inference_msgs/msg/detail/feature_vector_stamped__description.c.o[0m
[10.816s] [ 16%] [32mBuilding C object CMakeFiles/semantic_inference_msgs__rosidl_generator_c.dir/rosidl_generator_c/semantic_inference_msgs/msg/detail/feature_image__description.c.o[0m
[10.816s] [ 17%] [32mBuilding C object CMakeFiles/semantic_inference_msgs__rosidl_generator_c.dir/rosidl_generator_c/semantic_inference_msgs/msg/detail/feature_vector_stamped__type_support.c.o[0m
[10.824s] [ 18%] [32mBuilding C object CMakeFiles/semantic_inference_msgs__rosidl_generator_c.dir/rosidl_generator_c/semantic_inference_msgs/msg/detail/feature_image__functions.c.o[0m
[10.826s] [ 20%] [32mBuilding C object CMakeFiles/semantic_inference_msgs__rosidl_generator_c.dir/rosidl_generator_c/semantic_inference_msgs/msg/detail/feature_image__type_support.c.o[0m
[10.838s] [ 21%] [32mBuilding C object CMakeFiles/semantic_inference_msgs__rosidl_generator_c.dir/rosidl_generator_c/semantic_inference_msgs/srv/detail/encode_feature__description.c.o[0m
[10.849s] [ 22%] [32mBuilding C object CMakeFiles/semantic_inference_msgs__rosidl_generator_c.dir/rosidl_generator_c/semantic_inference_msgs/srv/detail/encode_feature__functions.c.o[0m
[10.849s] [ 24%] [32mBuilding C object CMakeFiles/semantic_inference_msgs__rosidl_generator_c.dir/rosidl_generator_c/semantic_inference_msgs/srv/detail/encode_feature__type_support.c.o[0m
[10.865s] [ 24%] Built target semantic_inference_msgs__cpp
[11.105s] [ 25%] [32m[1mLinking C shared library libsemantic_inference_msgs__rosidl_generator_c.so[0m
[11.190s] [ 25%] Built target semantic_inference_msgs__rosidl_generator_c
[11.218s] [ 27%] [34m[1mGenerating C introspection for ROS interfaces[0m
[11.219s] [ 28%] [34m[1mGenerating C type support for eProsima Fast-RTPS[0m
[11.220s] [ 29%] [34m[1mGenerating C++ introspection for ROS interfaces[0m
[11.225s] [ 31%] [34m[1mGenerating C++ type support for eProsima Fast-RTPS[0m
[11.226s] [ 32%] [34m[1mGenerating C++ type support dispatch for ROS interfaces[0m
[11.235s] [ 33%] [34m[1mGenerating C type support dispatch for ROS interfaces[0m
[11.914s] [ 35%] [32mBuilding CXX object CMakeFiles/semantic_inference_msgs__rosidl_typesupport_cpp.dir/rosidl_typesupport_cpp/semantic_inference_msgs/msg/feature_vector__type_support.cpp.o[0m
[11.918s] [ 36%] [32mBuilding CXX object CMakeFiles/semantic_inference_msgs__rosidl_typesupport_cpp.dir/rosidl_typesupport_cpp/semantic_inference_msgs/msg/feature_vectors__type_support.cpp.o[0m
[11.929s] [ 37%] [32mBuilding CXX object CMakeFiles/semantic_inference_msgs__rosidl_typesupport_cpp.dir/rosidl_typesupport_cpp/semantic_inference_msgs/msg/feature_vector_stamped__type_support.cpp.o[0m
[11.929s] [ 39%] [32mBuilding CXX object CMakeFiles/semantic_inference_msgs__rosidl_typesupport_cpp.dir/rosidl_typesupport_cpp/semantic_inference_msgs/srv/encode_feature__type_support.cpp.o[0m
[11.929s] [ 40%] [32mBuilding CXX object CMakeFiles/semantic_inference_msgs__rosidl_typesupport_cpp.dir/rosidl_typesupport_cpp/semantic_inference_msgs/msg/feature_image__type_support.cpp.o[0m
[12.229s] [ 41%] [32mBuilding C object CMakeFiles/semantic_inference_msgs__rosidl_typesupport_introspection_c.dir/rosidl_typesupport_introspection_c/semantic_inference_msgs/msg/detail/feature_vectors__type_support.c.o[0m
[12.229s] [ 43%] [32mBuilding C object CMakeFiles/semantic_inference_msgs__rosidl_typesupport_introspection_c.dir/rosidl_typesupport_introspection_c/semantic_inference_msgs/msg/detail/feature_vector__type_support.c.o[0m
[12.235s] [ 44%] [32mBuilding C object CMakeFiles/semantic_inference_msgs__rosidl_typesupport_introspection_c.dir/rosidl_typesupport_introspection_c/semantic_inference_msgs/msg/detail/feature_image__type_support.c.o[0m
[12.237s] [ 45%] [32mBuilding C object CMakeFiles/semantic_inference_msgs__rosidl_typesupport_introspection_c.dir/rosidl_typesupport_introspection_c/semantic_inference_msgs/msg/detail/feature_vector_stamped__type_support.c.o[0m
[12.237s] [ 47%] [32mBuilding CXX object CMakeFiles/semantic_inference_msgs__rosidl_typesupport_c.dir/rosidl_typesupport_c/semantic_inference_msgs/msg/feature_vector__type_support.cpp.o[0m
[12.243s] [ 48%] [32mBuilding CXX object CMakeFiles/semantic_inference_msgs__rosidl_typesupport_fastrtps_cpp.dir/rosidl_typesupport_fastrtps_cpp/semantic_inference_msgs/msg/detail/dds_fastrtps/feature_vectors__type_support.cpp.o[0m
[12.243s] [ 50%] [32mBuilding CXX object CMakeFiles/semantic_inference_msgs__rosidl_typesupport_fastrtps_cpp.dir/rosidl_typesupport_fastrtps_cpp/semantic_inference_msgs/msg/detail/dds_fastrtps/feature_vector__type_support.cpp.o[0m
[12.243s] [ 51%] [32mBuilding CXX object CMakeFiles/semantic_inference_msgs__rosidl_typesupport_c.dir/rosidl_typesupport_c/semantic_inference_msgs/msg/feature_vectors__type_support.cpp.o[0m
[12.243s] [ 52%] [32mBuilding C object CMakeFiles/semantic_inference_msgs__rosidl_typesupport_introspection_c.dir/rosidl_typesupport_introspection_c/semantic_inference_msgs/srv/detail/encode_feature__type_support.c.o[0m
[12.250s] [ 54%] [32mBuilding CXX object CMakeFiles/semantic_inference_msgs__rosidl_typesupport_fastrtps_cpp.dir/rosidl_typesupport_fastrtps_cpp/semantic_inference_msgs/msg/detail/dds_fastrtps/feature_vector_stamped__type_support.cpp.o[0m
[12.253s] [ 55%] [32mBuilding CXX object CMakeFiles/semantic_inference_msgs__rosidl_typesupport_c.dir/rosidl_typesupport_c/semantic_inference_msgs/msg/feature_vector_stamped__type_support.cpp.o[0m
[12.257s] [ 56%] [32mBuilding CXX object CMakeFiles/semantic_inference_msgs__rosidl_typesupport_fastrtps_cpp.dir/rosidl_typesupport_fastrtps_cpp/semantic_inference_msgs/msg/detail/dds_fastrtps/feature_image__type_support.cpp.o[0m
[12.263s] [ 58%] [32mBuilding CXX object CMakeFiles/semantic_inference_msgs__rosidl_typesupport_fastrtps_cpp.dir/rosidl_typesupport_fastrtps_cpp/semantic_inference_msgs/srv/detail/dds_fastrtps/encode_feature__type_support.cpp.o[0m
[12.341s] [ 59%] [32mBuilding CXX object CMakeFiles/semantic_inference_msgs__rosidl_typesupport_c.dir/rosidl_typesupport_c/semantic_inference_msgs/msg/feature_image__type_support.cpp.o[0m
[12.379s] [ 60%] [32mBuilding CXX object CMakeFiles/semantic_inference_msgs__rosidl_typesupport_c.dir/rosidl_typesupport_c/semantic_inference_msgs/srv/encode_feature__type_support.cpp.o[0m
[12.428s] [ 62%] [32m[1mLinking C shared library libsemantic_inference_msgs__rosidl_typesupport_introspection_c.so[0m
[12.466s] [ 63%] [32mBuilding CXX object CMakeFiles/semantic_inference_msgs__rosidl_typesupport_introspection_cpp.dir/rosidl_typesupport_introspection_cpp/semantic_inference_msgs/msg/detail/feature_vector__type_support.cpp.o[0m
[12.474s] [ 64%] [32mBuilding CXX object CMakeFiles/semantic_inference_msgs__rosidl_typesupport_introspection_cpp.dir/rosidl_typesupport_introspection_cpp/semantic_inference_msgs/msg/detail/feature_vectors__type_support.cpp.o[0m
[12.474s] [ 67%] [32mBuilding CXX object CMakeFiles/semantic_inference_msgs__rosidl_typesupport_introspection_cpp.dir/rosidl_typesupport_introspection_cpp/semantic_inference_msgs/srv/detail/encode_feature__type_support.cpp.o[0m
[12.475s] [ 67%] [32mBuilding CXX object CMakeFiles/semantic_inference_msgs__rosidl_typesupport_introspection_cpp.dir/rosidl_typesupport_introspection_cpp/semantic_inference_msgs/msg/detail/feature_vector_stamped__type_support.cpp.o[0m
[12.491s] [ 68%] [32mBuilding CXX object CMakeFiles/semantic_inference_msgs__rosidl_typesupport_introspection_cpp.dir/rosidl_typesupport_introspection_cpp/semantic_inference_msgs/msg/detail/feature_image__type_support.cpp.o[0m
[12.518s] [ 70%] [32mBuilding CXX object CMakeFiles/semantic_inference_msgs__rosidl_typesupport_fastrtps_c.dir/rosidl_typesupport_fastrtps_c/semantic_inference_msgs/msg/detail/feature_vector__type_support_c.cpp.o[0m
[12.518s] [ 70%] Built target semantic_inference_msgs__rosidl_typesupport_introspection_c
[12.550s] [ 71%] [32mBuilding CXX object CMakeFiles/semantic_inference_msgs__rosidl_typesupport_fastrtps_c.dir/rosidl_typesupport_fastrtps_c/semantic_inference_msgs/msg/detail/feature_image__type_support_c.cpp.o[0m
[12.550s] [ 72%] [32m[1mLinking CXX shared library libsemantic_inference_msgs__rosidl_typesupport_c.so[0m
[12.551s] [ 74%] [32mBuilding CXX object CMakeFiles/semantic_inference_msgs__rosidl_typesupport_fastrtps_c.dir/rosidl_typesupport_fastrtps_c/semantic_inference_msgs/msg/detail/feature_vectors__type_support_c.cpp.o[0m
[12.552s] [ 75%] [32mBuilding CXX object CMakeFiles/semantic_inference_msgs__rosidl_typesupport_fastrtps_c.dir/rosidl_typesupport_fastrtps_c/semantic_inference_msgs/msg/detail/feature_vector_stamped__type_support_c.cpp.o[0m
[12.620s] [ 77%] [32mBuilding CXX object CMakeFiles/semantic_inference_msgs__rosidl_typesupport_fastrtps_c.dir/rosidl_typesupport_fastrtps_c/semantic_inference_msgs/srv/detail/encode_feature__type_support_c.cpp.o[0m
[12.672s] [ 77%] Built target semantic_inference_msgs__rosidl_typesupport_c
[13.057s] [ 78%] [32m[1mLinking CXX shared library libsemantic_inference_msgs__rosidl_typesupport_cpp.so[0m
[13.340s] [ 78%] Built target semantic_inference_msgs__rosidl_typesupport_cpp
[14.054s] [ 79%] [32m[1mLinking CXX shared library libsemantic_inference_msgs__rosidl_typesupport_fastrtps_c.so[0m
[14.202s] [ 81%] [32m[1mLinking CXX shared library libsemantic_inference_msgs__rosidl_typesupport_fastrtps_cpp.so[0m
[14.221s] [ 81%] Built target semantic_inference_msgs__rosidl_typesupport_fastrtps_c
[14.371s] [ 81%] Built target semantic_inference_msgs__rosidl_typesupport_fastrtps_cpp
[14.408s] [ 82%] [32m[1mLinking CXX shared library libsemantic_inference_msgs__rosidl_typesupport_introspection_cpp.so[0m
[14.548s] [ 82%] Built target semantic_inference_msgs__rosidl_typesupport_introspection_cpp
[14.599s] [ 82%] Built target semantic_inference_msgs
[14.640s] [ 83%] [34m[1mGenerating Python code for ROS interfaces[0m
[15.951s] [ 83%] Built target semantic_inference_msgs__py
[16.011s] [ 85%] [32mBuilding C object CMakeFiles/semantic_inference_msgs__rosidl_generator_py.dir/rosidl_generator_py/semantic_inference_msgs/msg/_feature_vector_s.c.o[0m
[16.023s] [ 86%] [32mBuilding C object CMakeFiles/semantic_inference_msgs__rosidl_generator_py.dir/rosidl_generator_py/semantic_inference_msgs/msg/_feature_vectors_s.c.o[0m
[16.024s] [ 87%] [32mBuilding C object CMakeFiles/semantic_inference_msgs__rosidl_generator_py.dir/rosidl_generator_py/semantic_inference_msgs/msg/_feature_vector_stamped_s.c.o[0m
[16.029s] [ 89%] [32mBuilding C object CMakeFiles/semantic_inference_msgs__rosidl_generator_py.dir/rosidl_generator_py/semantic_inference_msgs/srv/_encode_feature_s.c.o[0m
[16.030s] [ 90%] [32mBuilding C object CMakeFiles/semantic_inference_msgs__rosidl_generator_py.dir/rosidl_generator_py/semantic_inference_msgs/msg/_feature_image_s.c.o[0m
[16.712s] [ 91%] [32m[1mLinking C shared library libsemantic_inference_msgs__rosidl_generator_py.so[0m
[16.833s] [ 91%] Built target semantic_inference_msgs__rosidl_generator_py
[16.887s] [ 93%] [32mBuilding C object CMakeFiles/semantic_inference_msgs_s__rosidl_typesupport_fastrtps_c.dir/rosidl_generator_py/semantic_inference_msgs/_semantic_inference_msgs_s.ep.rosidl_typesupport_fastrtps_c.c.o[0m
[16.902s] [ 94%] [32mBuilding C object CMakeFiles/semantic_inference_msgs_s__rosidl_typesupport_c.dir/rosidl_generator_py/semantic_inference_msgs/_semantic_inference_msgs_s.ep.rosidl_typesupport_c.c.o[0m
[16.903s] [ 95%] [32mBuilding C object CMakeFiles/semantic_inference_msgs_s__rosidl_typesupport_introspection_c.dir/rosidl_generator_py/semantic_inference_msgs/_semantic_inference_msgs_s.ep.rosidl_typesupport_introspection_c.c.o[0m
[17.351s] [ 97%] [32m[1mLinking C shared module rosidl_generator_py/semantic_inference_msgs/semantic_inference_msgs_s__rosidl_typesupport_c.so[0m
[17.386s] [ 98%] [32m[1mLinking C shared module rosidl_generator_py/semantic_inference_msgs/semantic_inference_msgs_s__rosidl_typesupport_fastrtps_c.so[0m
[17.398s] [100%] [32m[1mLinking C shared module rosidl_generator_py/semantic_inference_msgs/semantic_inference_msgs_s__rosidl_typesupport_introspection_c.so[0m
[17.420s] [100%] Built target semantic_inference_msgs_s__rosidl_typesupport_c
[17.443s] [100%] Built target semantic_inference_msgs_s__rosidl_typesupport_fastrtps_c
[17.443s] [100%] Built target semantic_inference_msgs_s__rosidl_typesupport_introspection_c
[17.462s] Invoked command in '/home/siny/hydra_ws/build/semantic_inference_msgs' returned '0': CMAKE_PREFIX_PATH=${CMAKE_PREFIX_PATH}:/opt/ros/jazzy:/home/siny/ros2_jazzy/install/ament_uncrustify:/home/siny/ros2_jazzy/install/tracetools_trace:/home/siny/ros2_jazzy/install/tracetools_read:/home/siny/ros2_jazzy/install/rpyutils:/home/siny/ros2_jazzy/install/rosidl_pycommon:/home/siny/ros2_jazzy/install/rosidl_cli:/home/siny/ros2_jazzy/install/launch_pytest:/home/siny/ros2_jazzy/install/launch_testing:/home/siny/ros2_jazzy/install/launch_yaml:/home/siny/ros2_jazzy/install/launch_xml:/home/siny/ros2_jazzy/install/launch:/home/siny/ros2_jazzy/install/osrf_pycommon:/home/siny/ros2_jazzy/install/domain_coordinator:/home/siny/ros2_jazzy/install/ament_xmllint:/home/siny/ros2_jazzy/install/ament_pyflakes:/home/siny/ros2_jazzy/install/ament_pycodestyle:/home/siny/ros2_jazzy/install/ament_pep257:/home/siny/ros2_jazzy/install/ament_pclint:/home/siny/ros2_jazzy/install/ament_package:/home/siny/ros2_jazzy/install/ament_mypy:/home/siny/ros2_jazzy/install/ament_lint_cmake:/home/siny/ros2_jazzy/install/ament_flake8:/home/siny/ros2_jazzy/install/ament_copyright:/home/siny/ros2_jazzy/install/ament_lint:/home/siny/ros2_jazzy/install/ament_index_python:/home/siny/ros2_jazzy/install/ament_cpplint:/home/siny/ros2_jazzy/install/ament_cppcheck:/home/siny/ros2_jazzy/install/ament_clang_tidy:/home/siny/ros2_jazzy/install/ament_clang_format DEBUGINFOD_URLS=https://debuginfod.ubuntu.com /usr/bin/cmake --build /home/siny/hydra_ws/build/semantic_inference_msgs -- -j20 -l20
[17.463s] Invoking command in '/home/siny/hydra_ws/build/semantic_inference_msgs': CMAKE_PREFIX_PATH=${CMAKE_PREFIX_PATH}:/opt/ros/jazzy:/home/siny/ros2_jazzy/install/ament_uncrustify:/home/siny/ros2_jazzy/install/tracetools_trace:/home/siny/ros2_jazzy/install/tracetools_read:/home/siny/ros2_jazzy/install/rpyutils:/home/siny/ros2_jazzy/install/rosidl_pycommon:/home/siny/ros2_jazzy/install/rosidl_cli:/home/siny/ros2_jazzy/install/launch_pytest:/home/siny/ros2_jazzy/install/launch_testing:/home/siny/ros2_jazzy/install/launch_yaml:/home/siny/ros2_jazzy/install/launch_xml:/home/siny/ros2_jazzy/install/launch:/home/siny/ros2_jazzy/install/osrf_pycommon:/home/siny/ros2_jazzy/install/domain_coordinator:/home/siny/ros2_jazzy/install/ament_xmllint:/home/siny/ros2_jazzy/install/ament_pyflakes:/home/siny/ros2_jazzy/install/ament_pycodestyle:/home/siny/ros2_jazzy/install/ament_pep257:/home/siny/ros2_jazzy/install/ament_pclint:/home/siny/ros2_jazzy/install/ament_package:/home/siny/ros2_jazzy/install/ament_mypy:/home/siny/ros2_jazzy/install/ament_lint_cmake:/home/siny/ros2_jazzy/install/ament_flake8:/home/siny/ros2_jazzy/install/ament_copyright:/home/siny/ros2_jazzy/install/ament_lint:/home/siny/ros2_jazzy/install/ament_index_python:/home/siny/ros2_jazzy/install/ament_cpplint:/home/siny/ros2_jazzy/install/ament_cppcheck:/home/siny/ros2_jazzy/install/ament_clang_tidy:/home/siny/ros2_jazzy/install/ament_clang_format DEBUGINFOD_URLS=https://debuginfod.ubuntu.com /usr/bin/cmake --install /home/siny/hydra_ws/build/semantic_inference_msgs
[17.482s] -- Install configuration: "Release"
[17.482s] -- Installing: /home/siny/hydra_ws/install/semantic_inference_msgs/share/ament_index/resource_index/rosidl_interfaces/semantic_inference_msgs
[17.482s] -- Installing: /home/siny/hydra_ws/install/semantic_inference_msgs/share/semantic_inference_msgs/msg/FeatureVector.json
[17.483s] -- Installing: /home/siny/hydra_ws/install/semantic_inference_msgs/share/semantic_inference_msgs/msg/FeatureVectors.json
[17.483s] -- Installing: /home/siny/hydra_ws/install/semantic_inference_msgs/share/semantic_inference_msgs/msg/FeatureVectorStamped.json
[17.483s] -- Installing: /home/siny/hydra_ws/install/semantic_inference_msgs/share/semantic_inference_msgs/msg/FeatureImage.json
[17.483s] -- Installing: /home/siny/hydra_ws/install/semantic_inference_msgs/share/semantic_inference_msgs/srv/EncodeFeature.json
[17.483s] -- Installing: /home/siny/hydra_ws/install/semantic_inference_msgs/include/semantic_inference_msgs/semantic_inference_msgs
[17.483s] -- Installing: /home/siny/hydra_ws/install/semantic_inference_msgs/include/semantic_inference_msgs/semantic_inference_msgs/srv
[17.483s] -- Installing: /home/siny/hydra_ws/install/semantic_inference_msgs/include/semantic_inference_msgs/semantic_inference_msgs/srv/encode_feature.h
[17.483s] -- Installing: /home/siny/hydra_ws/install/semantic_inference_msgs/include/semantic_inference_msgs/semantic_inference_msgs/srv/detail
[17.484s] -- Installing: /home/siny/hydra_ws/install/semantic_inference_msgs/include/semantic_inference_msgs/semantic_inference_msgs/srv/detail/encode_feature__description.c
[17.484s] -- Installing: /home/siny/hydra_ws/install/semantic_inference_msgs/include/semantic_inference_msgs/semantic_inference_msgs/srv/detail/encode_feature__functions.h
[17.484s] -- Installing: /home/siny/hydra_ws/install/semantic_inference_msgs/include/semantic_inference_msgs/semantic_inference_msgs/srv/detail/encode_feature__type_support.h
[17.484s] -- Installing: /home/siny/hydra_ws/install/semantic_inference_msgs/include/semantic_inference_msgs/semantic_inference_msgs/srv/detail/encode_feature__type_support.c
[17.484s] -- Installing: /home/siny/hydra_ws/install/semantic_inference_msgs/include/semantic_inference_msgs/semantic_inference_msgs/srv/detail/encode_feature__functions.c
[17.484s] -- Installing: /home/siny/hydra_ws/install/semantic_inference_msgs/include/semantic_inference_msgs/semantic_inference_msgs/srv/detail/encode_feature__struct.h
[17.484s] -- Installing: /home/siny/hydra_ws/install/semantic_inference_msgs/include/semantic_inference_msgs/semantic_inference_msgs/msg
[17.484s] -- Installing: /home/siny/hydra_ws/install/semantic_inference_msgs/include/semantic_inference_msgs/semantic_inference_msgs/msg/feature_vector.h
[17.488s] -- Installing: /home/siny/hydra_ws/install/semantic_inference_msgs/include/semantic_inference_msgs/semantic_inference_msgs/msg/rosidl_generator_c__visibility_control.h
[17.488s] -- Installing: /home/siny/hydra_ws/install/semantic_inference_msgs/include/semantic_inference_msgs/semantic_inference_msgs/msg/feature_image.h
[17.488s] -- Installing: /home/siny/hydra_ws/install/semantic_inference_msgs/include/semantic_inference_msgs/semantic_inference_msgs/msg/feature_vector_stamped.h
[17.488s] -- Installing: /home/siny/hydra_ws/install/semantic_inference_msgs/include/semantic_inference_msgs/semantic_inference_msgs/msg/feature_vectors.h
[17.488s] -- Installing: /home/siny/hydra_ws/install/semantic_inference_msgs/include/semantic_inference_msgs/semantic_inference_msgs/msg/detail
[17.489s] -- Installing: /home/siny/hydra_ws/install/semantic_inference_msgs/include/semantic_inference_msgs/semantic_inference_msgs/msg/detail/feature_image__functions.h
[17.489s] -- Installing: /home/siny/hydra_ws/install/semantic_inference_msgs/include/semantic_inference_msgs/semantic_inference_msgs/msg/detail/feature_vector_stamped__struct.h
[17.489s] -- Installing: /home/siny/hydra_ws/install/semantic_inference_msgs/include/semantic_inference_msgs/semantic_inference_msgs/msg/detail/feature_vector_stamped__description.c
[17.489s] -- Installing: /home/siny/hydra_ws/install/semantic_inference_msgs/include/semantic_inference_msgs/semantic_inference_msgs/msg/detail/feature_vector_stamped__functions.c
[17.489s] -- Installing: /home/siny/hydra_ws/install/semantic_inference_msgs/include/semantic_inference_msgs/semantic_inference_msgs/msg/detail/feature_vector_stamped__functions.h
[17.489s] -- Installing: /home/siny/hydra_ws/install/semantic_inference_msgs/include/semantic_inference_msgs/semantic_inference_msgs/msg/detail/feature_image__type_support.c
[17.490s] -- Installing: /home/siny/hydra_ws/install/semantic_inference_msgs/include/semantic_inference_msgs/semantic_inference_msgs/msg/detail/feature_vector__type_support.h
[17.490s] -- Installing: /home/siny/hydra_ws/install/semantic_inference_msgs/include/semantic_inference_msgs/semantic_inference_msgs/msg/detail/feature_vector__functions.h
[17.490s] -- Installing: /home/siny/hydra_ws/install/semantic_inference_msgs/include/semantic_inference_msgs/semantic_inference_msgs/msg/detail/feature_image__functions.c
[17.490s] -- Installing: /home/siny/hydra_ws/install/semantic_inference_msgs/include/semantic_inference_msgs/semantic_inference_msgs/msg/detail/feature_vector__struct.h
[17.490s] -- Installing: /home/siny/hydra_ws/install/semantic_inference_msgs/include/semantic_inference_msgs/semantic_inference_msgs/msg/detail/feature_image__struct.h
[17.490s] -- Installing: /home/siny/hydra_ws/install/semantic_inference_msgs/include/semantic_inference_msgs/semantic_inference_msgs/msg/detail/feature_vector_stamped__type_support.h
[17.490s] -- Installing: /home/siny/hydra_ws/install/semantic_inference_msgs/include/semantic_inference_msgs/semantic_inference_msgs/msg/detail/feature_vector_stamped__type_support.c
[17.490s] -- Installing: /home/siny/hydra_ws/install/semantic_inference_msgs/include/semantic_inference_msgs/semantic_inference_msgs/msg/detail/feature_vector__functions.c
[17.490s] -- Installing: /home/siny/hydra_ws/install/semantic_inference_msgs/include/semantic_inference_msgs/semantic_inference_msgs/msg/detail/feature_vectors__struct.h
[17.490s] -- Installing: /home/siny/hydra_ws/install/semantic_inference_msgs/include/semantic_inference_msgs/semantic_inference_msgs/msg/detail/feature_vector__type_support.c
[17.490s] -- Installing: /home/siny/hydra_ws/install/semantic_inference_msgs/include/semantic_inference_msgs/semantic_inference_msgs/msg/detail/feature_vectors__description.c
[17.490s] -- Installing: /home/siny/hydra_ws/install/semantic_inference_msgs/include/semantic_inference_msgs/semantic_inference_msgs/msg/detail/feature_image__type_support.h
[17.490s] -- Installing: /home/siny/hydra_ws/install/semantic_inference_msgs/include/semantic_inference_msgs/semantic_inference_msgs/msg/detail/feature_vectors__type_support.h
[17.494s] -- Installing: /home/siny/hydra_ws/install/semantic_inference_msgs/include/semantic_inference_msgs/semantic_inference_msgs/msg/detail/feature_vectors__type_support.c
[17.494s] -- Installing: /home/siny/hydra_ws/install/semantic_inference_msgs/include/semantic_inference_msgs/semantic_inference_msgs/msg/detail/feature_vectors__functions.c
[17.494s] -- Installing: /home/siny/hydra_ws/install/semantic_inference_msgs/include/semantic_inference_msgs/semantic_inference_msgs/msg/detail/feature_image__description.c
[17.494s] -- Installing: /home/siny/hydra_ws/install/semantic_inference_msgs/include/semantic_inference_msgs/semantic_inference_msgs/msg/detail/feature_vector__description.c
[17.494s] -- Installing: /home/siny/hydra_ws/install/semantic_inference_msgs/include/semantic_inference_msgs/semantic_inference_msgs/msg/detail/feature_vectors__functions.h
[17.495s] -- Installing: /home/siny/hydra_ws/install/semantic_inference_msgs/share/semantic_inference_msgs/environment/library_path.sh
[17.495s] -- Installing: /home/siny/hydra_ws/install/semantic_inference_msgs/share/semantic_inference_msgs/environment/library_path.dsv
[17.495s] -- Installing: /home/siny/hydra_ws/install/semantic_inference_msgs/lib/libsemantic_inference_msgs__rosidl_generator_c.so
[17.495s] -- Set non-toolchain portion of runtime path of "/home/siny/hydra_ws/install/semantic_inference_msgs/lib/libsemantic_inference_msgs__rosidl_generator_c.so" to ""
[17.495s] -- Up-to-date: /home/siny/hydra_ws/install/semantic_inference_msgs/include/semantic_inference_msgs/semantic_inference_msgs
[17.495s] -- Up-to-date: /home/siny/hydra_ws/install/semantic_inference_msgs/include/semantic_inference_msgs/semantic_inference_msgs/srv
[17.495s] -- Up-to-date: /home/siny/hydra_ws/install/semantic_inference_msgs/include/semantic_inference_msgs/semantic_inference_msgs/srv/detail
[17.495s] -- Installing: /home/siny/hydra_ws/install/semantic_inference_msgs/include/semantic_inference_msgs/semantic_inference_msgs/srv/detail/encode_feature__rosidl_typesupport_fastrtps_c.h
[17.495s] -- Up-to-date: /home/siny/hydra_ws/install/semantic_inference_msgs/include/semantic_inference_msgs/semantic_inference_msgs/msg
[17.495s] -- Installing: /home/siny/hydra_ws/install/semantic_inference_msgs/include/semantic_inference_msgs/semantic_inference_msgs/msg/rosidl_typesupport_fastrtps_c__visibility_control.h
[17.495s] -- Up-to-date: /home/siny/hydra_ws/install/semantic_inference_msgs/include/semantic_inference_msgs/semantic_inference_msgs/msg/detail
[17.495s] -- Installing: /home/siny/hydra_ws/install/semantic_inference_msgs/include/semantic_inference_msgs/semantic_inference_msgs/msg/detail/feature_image__rosidl_typesupport_fastrtps_c.h
[17.495s] -- Installing: /home/siny/hydra_ws/install/semantic_inference_msgs/include/semantic_inference_msgs/semantic_inference_msgs/msg/detail/feature_vector__rosidl_typesupport_fastrtps_c.h
[17.496s] -- Installing: /home/siny/hydra_ws/install/semantic_inference_msgs/include/semantic_inference_msgs/semantic_inference_msgs/msg/detail/feature_vector_stamped__rosidl_typesupport_fastrtps_c.h
[17.496s] -- Installing: /home/siny/hydra_ws/install/semantic_inference_msgs/include/semantic_inference_msgs/semantic_inference_msgs/msg/detail/feature_vectors__rosidl_typesupport_fastrtps_c.h
[17.496s] -- Installing: /home/siny/hydra_ws/install/semantic_inference_msgs/lib/libsemantic_inference_msgs__rosidl_typesupport_fastrtps_c.so
[17.496s] -- Set non-toolchain portion of runtime path of "/home/siny/hydra_ws/install/semantic_inference_msgs/lib/libsemantic_inference_msgs__rosidl_typesupport_fastrtps_c.so" to ""
[17.496s] -- Up-to-date: /home/siny/hydra_ws/install/semantic_inference_msgs/include/semantic_inference_msgs/semantic_inference_msgs
[17.496s] -- Up-to-date: /home/siny/hydra_ws/install/semantic_inference_msgs/include/semantic_inference_msgs/semantic_inference_msgs/srv
[17.496s] -- Installing: /home/siny/hydra_ws/install/semantic_inference_msgs/include/semantic_inference_msgs/semantic_inference_msgs/srv/encode_feature.hpp
[17.496s] -- Up-to-date: /home/siny/hydra_ws/install/semantic_inference_msgs/include/semantic_inference_msgs/semantic_inference_msgs/srv/detail
[17.496s] -- Installing: /home/siny/hydra_ws/install/semantic_inference_msgs/include/semantic_inference_msgs/semantic_inference_msgs/srv/detail/encode_feature__type_support.hpp
[17.497s] -- Installing: /home/siny/hydra_ws/install/semantic_inference_msgs/include/semantic_inference_msgs/semantic_inference_msgs/srv/detail/encode_feature__traits.hpp
[17.497s] -- Installing: /home/siny/hydra_ws/install/semantic_inference_msgs/include/semantic_inference_msgs/semantic_inference_msgs/srv/detail/encode_feature__builder.hpp
[17.497s] -- Installing: /home/siny/hydra_ws/install/semantic_inference_msgs/include/semantic_inference_msgs/semantic_inference_msgs/srv/detail/encode_feature__struct.hpp
[17.498s] -- Up-to-date: /home/siny/hydra_ws/install/semantic_inference_msgs/include/semantic_inference_msgs/semantic_inference_msgs/msg
[17.498s] -- Installing: /home/siny/hydra_ws/install/semantic_inference_msgs/include/semantic_inference_msgs/semantic_inference_msgs/msg/feature_vectors.hpp
[17.498s] -- Installing: /home/siny/hydra_ws/install/semantic_inference_msgs/include/semantic_inference_msgs/semantic_inference_msgs/msg/feature_vector_stamped.hpp
[17.498s] -- Installing: /home/siny/hydra_ws/install/semantic_inference_msgs/include/semantic_inference_msgs/semantic_inference_msgs/msg/feature_image.hpp
[17.501s] -- Up-to-date: /home/siny/hydra_ws/install/semantic_inference_msgs/include/semantic_inference_msgs/semantic_inference_msgs/msg/detail
[17.501s] -- Installing: /home/siny/hydra_ws/install/semantic_inference_msgs/include/semantic_inference_msgs/semantic_inference_msgs/msg/detail/feature_image__traits.hpp
[17.501s] -- Installing: /home/siny/hydra_ws/install/semantic_inference_msgs/include/semantic_inference_msgs/semantic_inference_msgs/msg/detail/feature_vectors__builder.hpp
[17.501s] -- Installing: /home/siny/hydra_ws/install/semantic_inference_msgs/include/semantic_inference_msgs/semantic_inference_msgs/msg/detail/feature_vector_stamped__traits.hpp
[17.501s] -- Installing: /home/siny/hydra_ws/install/semantic_inference_msgs/include/semantic_inference_msgs/semantic_inference_msgs/msg/detail/feature_vector__type_support.hpp
[17.501s] -- Installing: /home/siny/hydra_ws/install/semantic_inference_msgs/include/semantic_inference_msgs/semantic_inference_msgs/msg/detail/feature_image__struct.hpp
[17.501s] -- Installing: /home/siny/hydra_ws/install/semantic_inference_msgs/include/semantic_inference_msgs/semantic_inference_msgs/msg/detail/feature_vectors__type_support.hpp
[17.501s] -- Installing: /home/siny/hydra_ws/install/semantic_inference_msgs/include/semantic_inference_msgs/semantic_inference_msgs/msg/detail/feature_vectors__struct.hpp
[17.501s] -- Installing: /home/siny/hydra_ws/install/semantic_inference_msgs/include/semantic_inference_msgs/semantic_inference_msgs/msg/detail/feature_vector__builder.hpp
[17.501s] -- Installing: /home/siny/hydra_ws/install/semantic_inference_msgs/include/semantic_inference_msgs/semantic_inference_msgs/msg/detail/feature_vector__traits.hpp
[17.502s] -- Installing: /home/siny/hydra_ws/install/semantic_inference_msgs/include/semantic_inference_msgs/semantic_inference_msgs/msg/detail/feature_image__builder.hpp
[17.502s] -- Installing: /home/siny/hydra_ws/install/semantic_inference_msgs/include/semantic_inference_msgs/semantic_inference_msgs/msg/detail/feature_image__type_support.hpp
[17.502s] -- Installing: /home/siny/hydra_ws/install/semantic_inference_msgs/include/semantic_inference_msgs/semantic_inference_msgs/msg/detail/feature_vector__struct.hpp
[17.502s] -- Installing: /home/siny/hydra_ws/install/semantic_inference_msgs/include/semantic_inference_msgs/semantic_inference_msgs/msg/detail/feature_vector_stamped__builder.hpp
[17.502s] -- Installing: /home/siny/hydra_ws/install/semantic_inference_msgs/include/semantic_inference_msgs/semantic_inference_msgs/msg/detail/feature_vector_stamped__type_support.hpp
[17.502s] -- Installing: /home/siny/hydra_ws/install/semantic_inference_msgs/include/semantic_inference_msgs/semantic_inference_msgs/msg/detail/feature_vectors__traits.hpp
[17.502s] -- Installing: /home/siny/hydra_ws/install/semantic_inference_msgs/include/semantic_inference_msgs/semantic_inference_msgs/msg/detail/feature_vector_stamped__struct.hpp
[17.502s] -- Installing: /home/siny/hydra_ws/install/semantic_inference_msgs/include/semantic_inference_msgs/semantic_inference_msgs/msg/feature_vector.hpp
[17.502s] -- Installing: /home/siny/hydra_ws/install/semantic_inference_msgs/include/semantic_inference_msgs/semantic_inference_msgs/msg/rosidl_generator_cpp__visibility_control.hpp
[17.502s] -- Up-to-date: /home/siny/hydra_ws/install/semantic_inference_msgs/include/semantic_inference_msgs/semantic_inference_msgs
[17.503s] -- Up-to-date: /home/siny/hydra_ws/install/semantic_inference_msgs/include/semantic_inference_msgs/semantic_inference_msgs/srv
[17.503s] -- Up-to-date: /home/siny/hydra_ws/install/semantic_inference_msgs/include/semantic_inference_msgs/semantic_inference_msgs/srv/detail
[17.503s] -- Installing: /home/siny/hydra_ws/install/semantic_inference_msgs/include/semantic_inference_msgs/semantic_inference_msgs/srv/detail/dds_fastrtps
[17.503s] -- Installing: /home/siny/hydra_ws/install/semantic_inference_msgs/include/semantic_inference_msgs/semantic_inference_msgs/srv/detail/encode_feature__rosidl_typesupport_fastrtps_cpp.hpp
[17.503s] -- Up-to-date: /home/siny/hydra_ws/install/semantic_inference_msgs/include/semantic_inference_msgs/semantic_inference_msgs/msg
[17.503s] -- Installing: /home/siny/hydra_ws/install/semantic_inference_msgs/include/semantic_inference_msgs/semantic_inference_msgs/msg/rosidl_typesupport_fastrtps_cpp__visibility_control.h
[17.506s] -- Up-to-date: /home/siny/hydra_ws/install/semantic_inference_msgs/include/semantic_inference_msgs/semantic_inference_msgs/msg/detail
[17.506s] -- Installing: /home/siny/hydra_ws/install/semantic_inference_msgs/include/semantic_inference_msgs/semantic_inference_msgs/msg/detail/feature_image__rosidl_typesupport_fastrtps_cpp.hpp
[17.507s] -- Installing: /home/siny/hydra_ws/install/semantic_inference_msgs/include/semantic_inference_msgs/semantic_inference_msgs/msg/detail/dds_fastrtps
[17.507s] -- Installing: /home/siny/hydra_ws/install/semantic_inference_msgs/include/semantic_inference_msgs/semantic_inference_msgs/msg/detail/feature_vectors__rosidl_typesupport_fastrtps_cpp.hpp
[17.507s] -- Installing: /home/siny/hydra_ws/install/semantic_inference_msgs/include/semantic_inference_msgs/semantic_inference_msgs/msg/detail/feature_vector__rosidl_typesupport_fastrtps_cpp.hpp
[17.507s] -- Installing: /home/siny/hydra_ws/install/semantic_inference_msgs/include/semantic_inference_msgs/semantic_inference_msgs/msg/detail/feature_vector_stamped__rosidl_typesupport_fastrtps_cpp.hpp
[17.507s] -- Installing: /home/siny/hydra_ws/install/semantic_inference_msgs/lib/libsemantic_inference_msgs__rosidl_typesupport_fastrtps_cpp.so
[17.508s] -- Set non-toolchain portion of runtime path of "/home/siny/hydra_ws/install/semantic_inference_msgs/lib/libsemantic_inference_msgs__rosidl_typesupport_fastrtps_cpp.so" to ""
[17.508s] -- Up-to-date: /home/siny/hydra_ws/install/semantic_inference_msgs/include/semantic_inference_msgs/semantic_inference_msgs
[17.508s] -- Up-to-date: /home/siny/hydra_ws/install/semantic_inference_msgs/include/semantic_inference_msgs/semantic_inference_msgs/srv
[17.508s] -- Up-to-date: /home/siny/hydra_ws/install/semantic_inference_msgs/include/semantic_inference_msgs/semantic_inference_msgs/srv/detail
[17.508s] -- Installing: /home/siny/hydra_ws/install/semantic_inference_msgs/include/semantic_inference_msgs/semantic_inference_msgs/srv/detail/encode_feature__rosidl_typesupport_introspection_c.h
[17.508s] -- Installing: /home/siny/hydra_ws/install/semantic_inference_msgs/include/semantic_inference_msgs/semantic_inference_msgs/srv/detail/encode_feature__type_support.c
[17.508s] -- Up-to-date: /home/siny/hydra_ws/install/semantic_inference_msgs/include/semantic_inference_msgs/semantic_inference_msgs/msg
[17.508s] -- Up-to-date: /home/siny/hydra_ws/install/semantic_inference_msgs/include/semantic_inference_msgs/semantic_inference_msgs/msg/detail
[17.508s] -- Installing: /home/siny/hydra_ws/install/semantic_inference_msgs/include/semantic_inference_msgs/semantic_inference_msgs/msg/detail/feature_image__rosidl_typesupport_introspection_c.h
[17.508s] -- Installing: /home/siny/hydra_ws/install/semantic_inference_msgs/include/semantic_inference_msgs/semantic_inference_msgs/msg/detail/feature_image__type_support.c
[17.508s] -- Installing: /home/siny/hydra_ws/install/semantic_inference_msgs/include/semantic_inference_msgs/semantic_inference_msgs/msg/detail/feature_vector_stamped__type_support.c
[17.508s] -- Installing: /home/siny/hydra_ws/install/semantic_inference_msgs/include/semantic_inference_msgs/semantic_inference_msgs/msg/detail/feature_vector__type_support.c
[17.509s] -- Installing: /home/siny/hydra_ws/install/semantic_inference_msgs/include/semantic_inference_msgs/semantic_inference_msgs/msg/detail/feature_vector_stamped__rosidl_typesupport_introspection_c.h
[17.509s] -- Installing: /home/siny/hydra_ws/install/semantic_inference_msgs/include/semantic_inference_msgs/semantic_inference_msgs/msg/detail/feature_vector__rosidl_typesupport_introspection_c.h
[17.509s] -- Installing: /home/siny/hydra_ws/install/semantic_inference_msgs/include/semantic_inference_msgs/semantic_inference_msgs/msg/detail/feature_vectors__type_support.c
[17.509s] -- Installing: /home/siny/hydra_ws/install/semantic_inference_msgs/include/semantic_inference_msgs/semantic_inference_msgs/msg/detail/feature_vectors__rosidl_typesupport_introspection_c.h
[17.509s] -- Installing: /home/siny/hydra_ws/install/semantic_inference_msgs/include/semantic_inference_msgs/semantic_inference_msgs/msg/rosidl_typesupport_introspection_c__visibility_control.h
[17.509s] -- Installing: /home/siny/hydra_ws/install/semantic_inference_msgs/lib/libsemantic_inference_msgs__rosidl_typesupport_introspection_c.so
[17.510s] -- Set non-toolchain portion of runtime path of "/home/siny/hydra_ws/install/semantic_inference_msgs/lib/libsemantic_inference_msgs__rosidl_typesupport_introspection_c.so" to ""
[17.510s] -- Installing: /home/siny/hydra_ws/install/semantic_inference_msgs/lib/libsemantic_inference_msgs__rosidl_typesupport_c.so
[17.514s] -- Set non-toolchain portion of runtime path of "/home/siny/hydra_ws/install/semantic_inference_msgs/lib/libsemantic_inference_msgs__rosidl_typesupport_c.so" to ""
[17.514s] -- Up-to-date: /home/siny/hydra_ws/install/semantic_inference_msgs/include/semantic_inference_msgs/semantic_inference_msgs
[17.514s] -- Up-to-date: /home/siny/hydra_ws/install/semantic_inference_msgs/include/semantic_inference_msgs/semantic_inference_msgs/srv
[17.514s] -- Up-to-date: /home/siny/hydra_ws/install/semantic_inference_msgs/include/semantic_inference_msgs/semantic_inference_msgs/srv/detail
[17.514s] -- Installing: /home/siny/hydra_ws/install/semantic_inference_msgs/include/semantic_inference_msgs/semantic_inference_msgs/srv/detail/encode_feature__type_support.cpp
[17.514s] -- Installing: /home/siny/hydra_ws/install/semantic_inference_msgs/include/semantic_inference_msgs/semantic_inference_msgs/srv/detail/encode_feature__rosidl_typesupport_introspection_cpp.hpp
[17.514s] -- Up-to-date: /home/siny/hydra_ws/install/semantic_inference_msgs/include/semantic_inference_msgs/semantic_inference_msgs/msg
[17.514s] -- Up-to-date: /home/siny/hydra_ws/install/semantic_inference_msgs/include/semantic_inference_msgs/semantic_inference_msgs/msg/detail
[17.514s] -- Installing: /home/siny/hydra_ws/install/semantic_inference_msgs/include/semantic_inference_msgs/semantic_inference_msgs/msg/detail/feature_vectors__rosidl_typesupport_introspection_cpp.hpp
[17.514s] -- Installing: /home/siny/hydra_ws/install/semantic_inference_msgs/include/semantic_inference_msgs/semantic_inference_msgs/msg/detail/feature_vectors__type_support.cpp
[17.515s] -- Installing: /home/siny/hydra_ws/install/semantic_inference_msgs/include/semantic_inference_msgs/semantic_inference_msgs/msg/detail/feature_image__type_support.cpp
[17.515s] -- Installing: /home/siny/hydra_ws/install/semantic_inference_msgs/include/semantic_inference_msgs/semantic_inference_msgs/msg/detail/feature_vector_stamped__rosidl_typesupport_introspection_cpp.hpp
[17.515s] -- Installing: /home/siny/hydra_ws/install/semantic_inference_msgs/include/semantic_inference_msgs/semantic_inference_msgs/msg/detail/feature_vector__rosidl_typesupport_introspection_cpp.hpp
[17.515s] -- Installing: /home/siny/hydra_ws/install/semantic_inference_msgs/include/semantic_inference_msgs/semantic_inference_msgs/msg/detail/feature_vector_stamped__type_support.cpp
[17.515s] -- Installing: /home/siny/hydra_ws/install/semantic_inference_msgs/include/semantic_inference_msgs/semantic_inference_msgs/msg/detail/feature_vector__type_support.cpp
[17.515s] -- Installing: /home/siny/hydra_ws/install/semantic_inference_msgs/include/semantic_inference_msgs/semantic_inference_msgs/msg/detail/feature_image__rosidl_typesupport_introspection_cpp.hpp
[17.515s] -- Installing: /home/siny/hydra_ws/install/semantic_inference_msgs/lib/libsemantic_inference_msgs__rosidl_typesupport_introspection_cpp.so
[17.516s] -- Set non-toolchain portion of runtime path of "/home/siny/hydra_ws/install/semantic_inference_msgs/lib/libsemantic_inference_msgs__rosidl_typesupport_introspection_cpp.so" to ""
[17.516s] -- Installing: /home/siny/hydra_ws/install/semantic_inference_msgs/lib/libsemantic_inference_msgs__rosidl_typesupport_cpp.so
[17.516s] -- Set non-toolchain portion of runtime path of "/home/siny/hydra_ws/install/semantic_inference_msgs/lib/libsemantic_inference_msgs__rosidl_typesupport_cpp.so" to ""
[17.516s] -- Installing: /home/siny/hydra_ws/install/semantic_inference_msgs/share/semantic_inference_msgs/environment/pythonpath.sh
[17.516s] -- Installing: /home/siny/hydra_ws/install/semantic_inference_msgs/share/semantic_inference_msgs/environment/pythonpath.dsv
[17.516s] -- Installing: /home/siny/hydra_ws/install/semantic_inference_msgs/lib/python3.12/site-packages/semantic_inference_msgs-0.0.1-py3.12.egg-info
[17.517s] -- Installing: /home/siny/hydra_ws/install/semantic_inference_msgs/lib/python3.12/site-packages/semantic_inference_msgs-0.0.1-py3.12.egg-info/top_level.txt
[17.517s] -- Installing: /home/siny/hydra_ws/install/semantic_inference_msgs/lib/python3.12/site-packages/semantic_inference_msgs-0.0.1-py3.12.egg-info/PKG-INFO
[17.517s] -- Installing: /home/siny/hydra_ws/install/semantic_inference_msgs/lib/python3.12/site-packages/semantic_inference_msgs-0.0.1-py3.12.egg-info/SOURCES.txt
[17.517s] -- Installing: /home/siny/hydra_ws/install/semantic_inference_msgs/lib/python3.12/site-packages/semantic_inference_msgs-0.0.1-py3.12.egg-info/dependency_links.txt
[17.517s] -- Installing: /home/siny/hydra_ws/install/semantic_inference_msgs/lib/python3.12/site-packages/semantic_inference_msgs
[17.521s] -- Installing: /home/siny/hydra_ws/install/semantic_inference_msgs/lib/python3.12/site-packages/semantic_inference_msgs/semantic_inference_msgs_s__rosidl_typesupport_introspection_c.so
[17.521s] -- Installing: /home/siny/hydra_ws/install/semantic_inference_msgs/lib/python3.12/site-packages/semantic_inference_msgs/semantic_inference_msgs_s__rosidl_typesupport_c.so
[17.521s] -- Installing: /home/siny/hydra_ws/install/semantic_inference_msgs/lib/python3.12/site-packages/semantic_inference_msgs/_semantic_inference_msgs_s.ep.rosidl_typesupport_fastrtps_c.c
[17.521s] -- Installing: /home/siny/hydra_ws/install/semantic_inference_msgs/lib/python3.12/site-packages/semantic_inference_msgs/srv
[17.521s] -- Installing: /home/siny/hydra_ws/install/semantic_inference_msgs/lib/python3.12/site-packages/semantic_inference_msgs/srv/_encode_feature.py
[17.523s] -- Installing: /home/siny/hydra_ws/install/semantic_inference_msgs/lib/python3.12/site-packages/semantic_inference_msgs/srv/_encode_feature_s.c
[17.523s] -- Installing: /home/siny/hydra_ws/install/semantic_inference_msgs/lib/python3.12/site-packages/semantic_inference_msgs/srv/__init__.py
[17.523s] -- Installing: /home/siny/hydra_ws/install/semantic_inference_msgs/lib/python3.12/site-packages/semantic_inference_msgs/msg
[17.523s] -- Installing: /home/siny/hydra_ws/install/semantic_inference_msgs/lib/python3.12/site-packages/semantic_inference_msgs/msg/_feature_vectors.py
[17.523s] -- Installing: /home/siny/hydra_ws/install/semantic_inference_msgs/lib/python3.12/site-packages/semantic_inference_msgs/msg/_feature_vector_stamped.py
[17.523s] -- Installing: /home/siny/hydra_ws/install/semantic_inference_msgs/lib/python3.12/site-packages/semantic_inference_msgs/msg/_feature_vector.py
[17.524s] -- Installing: /home/siny/hydra_ws/install/semantic_inference_msgs/lib/python3.12/site-packages/semantic_inference_msgs/msg/_feature_vector_s.c
[17.524s] -- Installing: /home/siny/hydra_ws/install/semantic_inference_msgs/lib/python3.12/site-packages/semantic_inference_msgs/msg/_feature_vector_stamped_s.c
[17.524s] -- Installing: /home/siny/hydra_ws/install/semantic_inference_msgs/lib/python3.12/site-packages/semantic_inference_msgs/msg/_feature_vectors_s.c
[17.524s] -- Installing: /home/siny/hydra_ws/install/semantic_inference_msgs/lib/python3.12/site-packages/semantic_inference_msgs/msg/__init__.py
[17.524s] -- Installing: /home/siny/hydra_ws/install/semantic_inference_msgs/lib/python3.12/site-packages/semantic_inference_msgs/msg/_feature_image_s.c
[17.524s] -- Installing: /home/siny/hydra_ws/install/semantic_inference_msgs/lib/python3.12/site-packages/semantic_inference_msgs/msg/_feature_image.py
[17.524s] -- Installing: /home/siny/hydra_ws/install/semantic_inference_msgs/lib/python3.12/site-packages/semantic_inference_msgs/semantic_inference_msgs_s__rosidl_typesupport_fastrtps_c.so
[17.524s] -- Installing: /home/siny/hydra_ws/install/semantic_inference_msgs/lib/python3.12/site-packages/semantic_inference_msgs/_semantic_inference_msgs_s.ep.rosidl_typesupport_c.c
[17.524s] -- Installing: /home/siny/hydra_ws/install/semantic_inference_msgs/lib/python3.12/site-packages/semantic_inference_msgs/__init__.py
[17.524s] -- Installing: /home/siny/hydra_ws/install/semantic_inference_msgs/lib/python3.12/site-packages/semantic_inference_msgs/_semantic_inference_msgs_s.ep.rosidl_typesupport_introspection_c.c
[17.587s] Listing '/home/siny/hydra_ws/install/semantic_inference_msgs/lib/python3.12/site-packages/semantic_inference_msgs'...
[17.587s] Compiling '/home/siny/hydra_ws/install/semantic_inference_msgs/lib/python3.12/site-packages/semantic_inference_msgs/__init__.py'...
[17.588s] Listing '/home/siny/hydra_ws/install/semantic_inference_msgs/lib/python3.12/site-packages/semantic_inference_msgs/msg'...
[17.588s] Compiling '/home/siny/hydra_ws/install/semantic_inference_msgs/lib/python3.12/site-packages/semantic_inference_msgs/msg/__init__.py'...
[17.588s] Compiling '/home/siny/hydra_ws/install/semantic_inference_msgs/lib/python3.12/site-packages/semantic_inference_msgs/msg/_feature_image.py'...
[17.588s] Compiling '/home/siny/hydra_ws/install/semantic_inference_msgs/lib/python3.12/site-packages/semantic_inference_msgs/msg/_feature_vector.py'...
[17.588s] Compiling '/home/siny/hydra_ws/install/semantic_inference_msgs/lib/python3.12/site-packages/semantic_inference_msgs/msg/_feature_vector_stamped.py'...
[17.588s] Compiling '/home/siny/hydra_ws/install/semantic_inference_msgs/lib/python3.12/site-packages/semantic_inference_msgs/msg/_feature_vectors.py'...
[17.588s] Listing '/home/siny/hydra_ws/install/semantic_inference_msgs/lib/python3.12/site-packages/semantic_inference_msgs/srv'...
[17.588s] Compiling '/home/siny/hydra_ws/install/semantic_inference_msgs/lib/python3.12/site-packages/semantic_inference_msgs/srv/__init__.py'...
[17.588s] Compiling '/home/siny/hydra_ws/install/semantic_inference_msgs/lib/python3.12/site-packages/semantic_inference_msgs/srv/_encode_feature.py'...
[17.600s] -- Installing: /home/siny/hydra_ws/install/semantic_inference_msgs/lib/python3.12/site-packages/semantic_inference_msgs/semantic_inference_msgs_s__rosidl_typesupport_fastrtps_c.so
[17.600s] -- Set non-toolchain portion of runtime path of "/home/siny/hydra_ws/install/semantic_inference_msgs/lib/python3.12/site-packages/semantic_inference_msgs/semantic_inference_msgs_s__rosidl_typesupport_fastrtps_c.so" to ""
[17.600s] -- Installing: /home/siny/hydra_ws/install/semantic_inference_msgs/lib/python3.12/site-packages/semantic_inference_msgs/semantic_inference_msgs_s__rosidl_typesupport_introspection_c.so
[17.600s] -- Set non-toolchain portion of runtime path of "/home/siny/hydra_ws/install/semantic_inference_msgs/lib/python3.12/site-packages/semantic_inference_msgs/semantic_inference_msgs_s__rosidl_typesupport_introspection_c.so" to ""
[17.600s] -- Installing: /home/siny/hydra_ws/install/semantic_inference_msgs/lib/python3.12/site-packages/semantic_inference_msgs/semantic_inference_msgs_s__rosidl_typesupport_c.so
[17.600s] -- Set non-toolchain portion of runtime path of "/home/siny/hydra_ws/install/semantic_inference_msgs/lib/python3.12/site-packages/semantic_inference_msgs/semantic_inference_msgs_s__rosidl_typesupport_c.so" to ""
[17.600s] -- Installing: /home/siny/hydra_ws/install/semantic_inference_msgs/lib/libsemantic_inference_msgs__rosidl_generator_py.so
[17.600s] -- Set non-toolchain portion of runtime path of "/home/siny/hydra_ws/install/semantic_inference_msgs/lib/libsemantic_inference_msgs__rosidl_generator_py.so" to ""
[17.600s] -- Installing: /home/siny/hydra_ws/install/semantic_inference_msgs/share/semantic_inference_msgs/msg/FeatureVector.idl
[17.600s] -- Installing: /home/siny/hydra_ws/install/semantic_inference_msgs/share/semantic_inference_msgs/msg/FeatureVectors.idl
[17.600s] -- Installing: /home/siny/hydra_ws/install/semantic_inference_msgs/share/semantic_inference_msgs/msg/FeatureVectorStamped.idl
[17.600s] -- Installing: /home/siny/hydra_ws/install/semantic_inference_msgs/share/semantic_inference_msgs/msg/FeatureImage.idl
[17.600s] -- Installing: /home/siny/hydra_ws/install/semantic_inference_msgs/share/semantic_inference_msgs/srv/EncodeFeature.idl
[17.600s] -- Installing: /home/siny/hydra_ws/install/semantic_inference_msgs/share/semantic_inference_msgs/msg/FeatureVector.msg
[17.600s] -- Installing: /home/siny/hydra_ws/install/semantic_inference_msgs/share/semantic_inference_msgs/msg/FeatureVectors.msg
[17.600s] -- Installing: /home/siny/hydra_ws/install/semantic_inference_msgs/share/semantic_inference_msgs/msg/FeatureVectorStamped.msg
[17.600s] -- Installing: /home/siny/hydra_ws/install/semantic_inference_msgs/share/semantic_inference_msgs/msg/FeatureImage.msg
[17.600s] -- Installing: /home/siny/hydra_ws/install/semantic_inference_msgs/share/semantic_inference_msgs/srv/EncodeFeature.srv
[17.600s] -- Installing: /home/siny/hydra_ws/install/semantic_inference_msgs/share/ament_index/resource_index/package_run_dependencies/semantic_inference_msgs
[17.600s] -- Installing: /home/siny/hydra_ws/install/semantic_inference_msgs/share/ament_index/resource_index/parent_prefix_path/semantic_inference_msgs
[17.600s] -- Installing: /home/siny/hydra_ws/install/semantic_inference_msgs/share/semantic_inference_msgs/environment/ament_prefix_path.sh
[17.600s] -- Installing: /home/siny/hydra_ws/install/semantic_inference_msgs/share/semantic_inference_msgs/environment/ament_prefix_path.dsv
[17.601s] -- Installing: /home/siny/hydra_ws/install/semantic_inference_msgs/share/semantic_inference_msgs/environment/path.sh
[17.601s] -- Installing: /home/siny/hydra_ws/install/semantic_inference_msgs/share/semantic_inference_msgs/environment/path.dsv
[17.601s] -- Installing: /home/siny/hydra_ws/install/semantic_inference_msgs/share/semantic_inference_msgs/local_setup.bash
[17.601s] -- Installing: /home/siny/hydra_ws/install/semantic_inference_msgs/share/semantic_inference_msgs/local_setup.sh
[17.601s] -- Installing: /home/siny/hydra_ws/install/semantic_inference_msgs/share/semantic_inference_msgs/local_setup.zsh
[17.601s] -- Installing: /home/siny/hydra_ws/install/semantic_inference_msgs/share/semantic_inference_msgs/local_setup.dsv
[17.601s] -- Installing: /home/siny/hydra_ws/install/semantic_inference_msgs/share/semantic_inference_msgs/package.dsv
[17.601s] -- Installing: /home/siny/hydra_ws/install/semantic_inference_msgs/share/ament_index/resource_index/packages/semantic_inference_msgs
[17.601s] -- Installing: /home/siny/hydra_ws/install/semantic_inference_msgs/share/semantic_inference_msgs/cmake/export_semantic_inference_msgs__rosidl_generator_cExport.cmake
[17.601s] -- Installing: /home/siny/hydra_ws/install/semantic_inference_msgs/share/semantic_inference_msgs/cmake/export_semantic_inference_msgs__rosidl_generator_cExport-release.cmake
[17.602s] -- Installing: /home/siny/hydra_ws/install/semantic_inference_msgs/share/semantic_inference_msgs/cmake/export_semantic_inference_msgs__rosidl_typesupport_fastrtps_cExport.cmake
[17.602s] -- Installing: /home/siny/hydra_ws/install/semantic_inference_msgs/share/semantic_inference_msgs/cmake/export_semantic_inference_msgs__rosidl_typesupport_fastrtps_cExport-release.cmake
[17.602s] -- Installing: /home/siny/hydra_ws/install/semantic_inference_msgs/share/semantic_inference_msgs/cmake/export_semantic_inference_msgs__rosidl_generator_cppExport.cmake
[17.602s] -- Installing: /home/siny/hydra_ws/install/semantic_inference_msgs/share/semantic_inference_msgs/cmake/export_semantic_inference_msgs__rosidl_typesupport_fastrtps_cppExport.cmake
[17.602s] -- Installing: /home/siny/hydra_ws/install/semantic_inference_msgs/share/semantic_inference_msgs/cmake/export_semantic_inference_msgs__rosidl_typesupport_fastrtps_cppExport-release.cmake
[17.602s] -- Installing: /home/siny/hydra_ws/install/semantic_inference_msgs/share/semantic_inference_msgs/cmake/semantic_inference_msgs__rosidl_typesupport_introspection_cExport.cmake
[17.602s] -- Installing: /home/siny/hydra_ws/install/semantic_inference_msgs/share/semantic_inference_msgs/cmake/semantic_inference_msgs__rosidl_typesupport_introspection_cExport-release.cmake
[17.602s] -- Installing: /home/siny/hydra_ws/install/semantic_inference_msgs/share/semantic_inference_msgs/cmake/semantic_inference_msgs__rosidl_typesupport_cExport.cmake
[17.602s] -- Installing: /home/siny/hydra_ws/install/semantic_inference_msgs/share/semantic_inference_msgs/cmake/semantic_inference_msgs__rosidl_typesupport_cExport-release.cmake
[17.602s] -- Installing: /home/siny/hydra_ws/install/semantic_inference_msgs/share/semantic_inference_msgs/cmake/semantic_inference_msgs__rosidl_typesupport_introspection_cppExport.cmake
[17.602s] -- Installing: /home/siny/hydra_ws/install/semantic_inference_msgs/share/semantic_inference_msgs/cmake/semantic_inference_msgs__rosidl_typesupport_introspection_cppExport-release.cmake
[17.602s] -- Installing: /home/siny/hydra_ws/install/semantic_inference_msgs/share/semantic_inference_msgs/cmake/semantic_inference_msgs__rosidl_typesupport_cppExport.cmake
[17.602s] -- Installing: /home/siny/hydra_ws/install/semantic_inference_msgs/share/semantic_inference_msgs/cmake/semantic_inference_msgs__rosidl_typesupport_cppExport-release.cmake
[17.602s] -- Installing: /home/siny/hydra_ws/install/semantic_inference_msgs/share/semantic_inference_msgs/cmake/export_semantic_inference_msgs__rosidl_generator_pyExport.cmake
[17.603s] -- Installing: /home/siny/hydra_ws/install/semantic_inference_msgs/share/semantic_inference_msgs/cmake/export_semantic_inference_msgs__rosidl_generator_pyExport-release.cmake
[17.608s] -- Installing: /home/siny/hydra_ws/install/semantic_inference_msgs/share/semantic_inference_msgs/cmake/rosidl_cmake-extras.cmake
[17.608s] -- Installing: /home/siny/hydra_ws/install/semantic_inference_msgs/share/semantic_inference_msgs/cmake/ament_cmake_export_dependencies-extras.cmake
[17.608s] -- Installing: /home/siny/hydra_ws/install/semantic_inference_msgs/share/semantic_inference_msgs/cmake/ament_cmake_export_include_directories-extras.cmake
[17.609s] -- Installing: /home/siny/hydra_ws/install/semantic_inference_msgs/share/semantic_inference_msgs/cmake/ament_cmake_export_libraries-extras.cmake
[17.609s] -- Installing: /home/siny/hydra_ws/install/semantic_inference_msgs/share/semantic_inference_msgs/cmake/ament_cmake_export_targets-extras.cmake
[17.609s] -- Installing: /home/siny/hydra_ws/install/semantic_inference_msgs/share/semantic_inference_msgs/cmake/rosidl_cmake_export_typesupport_targets-extras.cmake
[17.609s] -- Installing: /home/siny/hydra_ws/install/semantic_inference_msgs/share/semantic_inference_msgs/cmake/rosidl_cmake_export_typesupport_libraries-extras.cmake
[17.609s] -- Installing: /home/siny/hydra_ws/install/semantic_inference_msgs/share/semantic_inference_msgs/cmake/semantic_inference_msgsConfig.cmake
[17.609s] -- Installing: /home/siny/hydra_ws/install/semantic_inference_msgs/share/semantic_inference_msgs/cmake/semantic_inference_msgsConfig-version.cmake
[17.609s] -- Installing: /home/siny/hydra_ws/install/semantic_inference_msgs/share/semantic_inference_msgs/package.xml
[17.616s] Invoked command in '/home/siny/hydra_ws/build/semantic_inference_msgs' returned '0': CMAKE_PREFIX_PATH=${CMAKE_PREFIX_PATH}:/opt/ros/jazzy:/home/siny/ros2_jazzy/install/ament_uncrustify:/home/siny/ros2_jazzy/install/tracetools_trace:/home/siny/ros2_jazzy/install/tracetools_read:/home/siny/ros2_jazzy/install/rpyutils:/home/siny/ros2_jazzy/install/rosidl_pycommon:/home/siny/ros2_jazzy/install/rosidl_cli:/home/siny/ros2_jazzy/install/launch_pytest:/home/siny/ros2_jazzy/install/launch_testing:/home/siny/ros2_jazzy/install/launch_yaml:/home/siny/ros2_jazzy/install/launch_xml:/home/siny/ros2_jazzy/install/launch:/home/siny/ros2_jazzy/install/osrf_pycommon:/home/siny/ros2_jazzy/install/domain_coordinator:/home/siny/ros2_jazzy/install/ament_xmllint:/home/siny/ros2_jazzy/install/ament_pyflakes:/home/siny/ros2_jazzy/install/ament_pycodestyle:/home/siny/ros2_jazzy/install/ament_pep257:/home/siny/ros2_jazzy/install/ament_pclint:/home/siny/ros2_jazzy/install/ament_package:/home/siny/ros2_jazzy/install/ament_mypy:/home/siny/ros2_jazzy/install/ament_lint_cmake:/home/siny/ros2_jazzy/install/ament_flake8:/home/siny/ros2_jazzy/install/ament_copyright:/home/siny/ros2_jazzy/install/ament_lint:/home/siny/ros2_jazzy/install/ament_index_python:/home/siny/ros2_jazzy/install/ament_cpplint:/home/siny/ros2_jazzy/install/ament_cppcheck:/home/siny/ros2_jazzy/install/ament_clang_tidy:/home/siny/ros2_jazzy/install/ament_clang_format DEBUGINFOD_URLS=https://debuginfod.ubuntu.com /usr/bin/cmake --install /home/siny/hydra_ws/build/semantic_inference_msgs
