[0.010s] Invoking command in '/home/siny/hydra_ws/build/kimera_pgmo': CMAKE_PREFIX_PATH=/home/siny/hydra_ws/install/spatial_hash:/home/siny/hydra_ws/install/pose_graph_tools:/home/siny/hydra_ws/install/kimera_rpgo:/home/siny/hydra_ws/install/config_utilities:/opt/ros/jazzy/opt/gz_math_vendor:/opt/ros/jazzy/opt/gz_utils_vendor:/opt/ros/jazzy/opt/gz_cmake_vendor:/opt/ros/jazzy DEBUGINFOD_URLS=https://debuginfod.ubuntu.com LD_LIBRARY_PATH=/home/siny/hydra_ws/install/pose_graph_tools/lib:/home/siny/hydra_ws/install/kimera_rpgo/lib:/home/siny/hydra_ws/install/config_utilities/lib:${LD_LIBRARY_PATH} PATH=/home/siny/hydra_ws/install/config_utilities/bin:${PATH} PKG_CONFIG_PATH=/home/siny/hydra_ws/install/spatial_hash/lib/aarch64-linux-gnu/pkgconfig:/home/siny/hydra_ws/install/spatial_hash/lib/pkgconfig:/home/siny/hydra_ws/install/pose_graph_tools/lib/aarch64-linux-gnu/pkgconfig:/home/siny/hydra_ws/install/pose_graph_tools/lib/pkgconfig:/home/siny/hydra_ws/install/kimera_rpgo/lib/aarch64-linux-gnu/pkgconfig:/home/siny/hydra_ws/install/kimera_rpgo/lib/pkgconfig:/home/siny/hydra_ws/install/config_utilities/lib/aarch64-linux-gnu/pkgconfig:/home/siny/hydra_ws/install/config_utilities/lib/pkgconfig /usr/bin/cmake /home/siny/hydra_ws/src/kimera_pgmo/kimera_pgmo -DCMAKE_BUILD_TYPE=Release -DCMAKE_INSTALL_PREFIX=/home/siny/hydra_ws/install/kimera_pgmo
[0.057s] -- The C compiler identification is GNU 13.3.0
[0.101s] -- The CXX compiler identification is GNU 13.3.0
[0.113s] -- Detecting C compiler ABI info
[0.179s] -- Detecting C compiler ABI info - done
[0.188s] -- Check for working C compiler: /usr/bin/cc - skipped
[0.188s] -- Detecting C compile features
[0.188s] -- Detecting C compile features - done
[0.195s] -- Detecting CXX compiler ABI info
[0.275s] -- Detecting CXX compiler ABI info - done
[0.284s] -- Check for working CXX compiler: /usr/bin/c++ - skipped
[0.284s] -- Detecting CXX compile features
[0.284s] -- Detecting CXX compile features - done
[0.394s] -- Found Boost: /usr/lib/aarch64-linux-gnu/cmake/Boost-1.83.0/BoostConfig.cmake (found suitable version "1.83.0", minimum required is "1.65") found components: serialization system filesystem thread program_options date_time timer chrono regex 
[0.397s] -- GTSAM include directory:  /opt/ros/jazzy/lib/cmake/GTSAM/../../../include
[0.400s] -- Found nlohmann_json: /usr/share/cmake/nlohmann_json/nlohmann_jsonConfig.cmake (found version "3.11.3") 
[0.401s] -- GTSAM include directory:  /opt/ros/jazzy/lib/cmake/GTSAM/../../../include
[0.405s] -- Found PkgConfig: /usr/bin/pkg-config (found version "1.8.1") 
[0.406s] -- Checking for module 'libglog'
[0.416s] --   Found libglog, version 0.6.0
[0.455s] -- Found Boost: /usr/lib/aarch64-linux-gnu/cmake/Boost-1.83.0/BoostConfig.cmake (found suitable version "1.83.0", minimum required is "1.65.0") found components: system filesystem iostreams serialization 
[0.457s] -- Found flann version 1.9.2
[0.457s] -- looking for PCL_COMMON
[0.458s] -- Found PCL_COMMON: /usr/lib/aarch64-linux-gnu/libpcl_common.so  
[0.458s] -- looking for PCL_GEOMETRY
[0.458s] -- Found PCL_GEOMETRY: /usr/include/pcl-1.14  
[0.458s] -- looking for PCL_KDTREE
[0.459s] -- Found PCL_KDTREE: /usr/lib/aarch64-linux-gnu/libpcl_kdtree.so  
[0.459s] -- looking for PCL_OCTREE
[0.460s] -- Found PCL_OCTREE: /usr/lib/aarch64-linux-gnu/libpcl_octree.so  
[0.460s] -- Found PCL: pcl_common;pcl_kdtree;pcl_octree;Boost::system;Boost::filesystem;Boost::iostreams;Boost::serialization;FLANN::FLANN  
[0.479s] -- Found GTest: /usr/lib/aarch64-linux-gnu/cmake/GTest/GTestConfig.cmake (found version "1.14.0")  
[0.493s] -- Configuring done (0.5s)
[0.522s] -- Generating done (0.0s)
[0.526s] -- Build files have been written to: /home/siny/hydra_ws/build/kimera_pgmo
[0.531s] Invoked command in '/home/siny/hydra_ws/build/kimera_pgmo' returned '0': CMAKE_PREFIX_PATH=/home/siny/hydra_ws/install/spatial_hash:/home/siny/hydra_ws/install/pose_graph_tools:/home/siny/hydra_ws/install/kimera_rpgo:/home/siny/hydra_ws/install/config_utilities:/opt/ros/jazzy/opt/gz_math_vendor:/opt/ros/jazzy/opt/gz_utils_vendor:/opt/ros/jazzy/opt/gz_cmake_vendor:/opt/ros/jazzy DEBUGINFOD_URLS=https://debuginfod.ubuntu.com LD_LIBRARY_PATH=/home/siny/hydra_ws/install/pose_graph_tools/lib:/home/siny/hydra_ws/install/kimera_rpgo/lib:/home/siny/hydra_ws/install/config_utilities/lib:${LD_LIBRARY_PATH} PATH=/home/siny/hydra_ws/install/config_utilities/bin:${PATH} PKG_CONFIG_PATH=/home/siny/hydra_ws/install/spatial_hash/lib/aarch64-linux-gnu/pkgconfig:/home/siny/hydra_ws/install/spatial_hash/lib/pkgconfig:/home/siny/hydra_ws/install/pose_graph_tools/lib/aarch64-linux-gnu/pkgconfig:/home/siny/hydra_ws/install/pose_graph_tools/lib/pkgconfig:/home/siny/hydra_ws/install/kimera_rpgo/lib/aarch64-linux-gnu/pkgconfig:/home/siny/hydra_ws/install/kimera_rpgo/lib/pkgconfig:/home/siny/hydra_ws/install/config_utilities/lib/aarch64-linux-gnu/pkgconfig:/home/siny/hydra_ws/install/config_utilities/lib/pkgconfig /usr/bin/cmake /home/siny/hydra_ws/src/kimera_pgmo/kimera_pgmo -DCMAKE_BUILD_TYPE=Release -DCMAKE_INSTALL_PREFIX=/home/siny/hydra_ws/install/kimera_pgmo
[0.532s] Invoking command in '/home/siny/hydra_ws/build/kimera_pgmo': CMAKE_PREFIX_PATH=/home/siny/hydra_ws/install/spatial_hash:/home/siny/hydra_ws/install/pose_graph_tools:/home/siny/hydra_ws/install/kimera_rpgo:/home/siny/hydra_ws/install/config_utilities:/opt/ros/jazzy/opt/gz_math_vendor:/opt/ros/jazzy/opt/gz_utils_vendor:/opt/ros/jazzy/opt/gz_cmake_vendor:/opt/ros/jazzy DEBUGINFOD_URLS=https://debuginfod.ubuntu.com LD_LIBRARY_PATH=/home/siny/hydra_ws/install/pose_graph_tools/lib:/home/siny/hydra_ws/install/kimera_rpgo/lib:/home/siny/hydra_ws/install/config_utilities/lib:${LD_LIBRARY_PATH} PATH=/home/siny/hydra_ws/install/config_utilities/bin:${PATH} PKG_CONFIG_PATH=/home/siny/hydra_ws/install/spatial_hash/lib/aarch64-linux-gnu/pkgconfig:/home/siny/hydra_ws/install/spatial_hash/lib/pkgconfig:/home/siny/hydra_ws/install/pose_graph_tools/lib/aarch64-linux-gnu/pkgconfig:/home/siny/hydra_ws/install/pose_graph_tools/lib/pkgconfig:/home/siny/hydra_ws/install/kimera_rpgo/lib/aarch64-linux-gnu/pkgconfig:/home/siny/hydra_ws/install/kimera_rpgo/lib/pkgconfig:/home/siny/hydra_ws/install/config_utilities/lib/aarch64-linux-gnu/pkgconfig:/home/siny/hydra_ws/install/config_utilities/lib/pkgconfig /usr/bin/cmake --build /home/siny/hydra_ws/build/kimera_pgmo -- -j20 -l20
[0.569s] [  4%] [32mBuilding CXX object CMakeFiles/kimera_pgmo.dir/src/compression/mesh_compression.cpp.o[0m
[0.569s] [  4%] [32mBuilding CXX object CMakeFiles/kimera_pgmo.dir/src/compression/delta_compression.cpp.o[0m
[0.570s] [  7%] [32mBuilding CXX object CMakeFiles/kimera_pgmo.dir/src/compression/block_compression.cpp.o[0m
[0.570s] [  9%] [32mBuilding CXX object CMakeFiles/kimera_pgmo.dir/src/compression/octree_compression.cpp.o[0m
[3.059s] [ 11%] [32mBuilding CXX object CMakeFiles/kimera_pgmo.dir/src/kimera_pgmo_interface.cpp.o[0m
[3.059s] [ 14%] [32mBuilding CXX object CMakeFiles/kimera_pgmo.dir/src/mesh_traits.cpp.o[0m
[3.061s] [ 16%] [32mBuilding CXX object CMakeFiles/kimera_pgmo.dir/src/sparse_keyframe.cpp.o[0m
[3.072s] [ 19%] [32mBuilding CXX object CMakeFiles/kimera_pgmo.dir/src/mesh_frontend_interface.cpp.o[0m
[3.562s] [ 23%] [32mBuilding CXX object CMakeFiles/kimera_pgmo.dir/src/mesh_delta.cpp.o[0m
[3.562s] [ 23%] [32mBuilding CXX object CMakeFiles/kimera_pgmo.dir/src/mesh_deformation.cpp.o[0m
[3.672s] [ 26%] [32mBuilding CXX object CMakeFiles/kimera_pgmo.dir/src/deformation_graph_io.cpp.o[0m
[3.835s] [ 28%] [32mBuilding CXX object CMakeFiles/kimera_pgmo.dir/src/deformation_graph.cpp.o[0m
[5.545s] [ 30%] [32mBuilding CXX object CMakeFiles/kimera_pgmo.dir/src/optimizer/kimera_rpgo_optimizer.cpp.o[0m
[5.545s] [ 38%] [32mBuilding CXX object CMakeFiles/kimera_pgmo.dir/src/utils/range_generator.cpp.o[0m
[5.545s] [ 38%] [32mBuilding CXX object CMakeFiles/kimera_pgmo.dir/src/utils/mesh_io.cpp.o[0m
[5.546s] [ 38%] [32mBuilding CXX object CMakeFiles/kimera_pgmo.dir/src/utils/logging.cpp.o[0m
[5.563s] [ 40%] [32mBuilding CXX object CMakeFiles/kimera_pgmo.dir/src/utils/common_structs.cpp.o[0m
[5.801s] [ 42%] [32mBuilding CXX object CMakeFiles/kimera_pgmo.dir/src/utils/common_functions.cpp.o[0m
[6.059s] [ 45%] [32mBuilding CXX object CMakeFiles/kimera_pgmo.dir/src/compression/voxel_clearing_compression.cpp.o[0m
[6.940s] [ 47%] [32mBuilding CXX object CMakeFiles/kimera_pgmo.dir/src/compression/redundancy_checker.cpp.o[0m
[17.886s] [ 50%] [32m[1mLinking CXX shared library libkimera_pgmo.so[0m
[18.069s] [ 50%] Built target kimera_pgmo
[18.090s] [ 52%] [32mBuilding CXX object CMakeFiles/offline_deformation.dir/app/offline_deformation.cpp.o[0m
[24.116s] [ 54%] [32m[1mLinking CXX executable offline_deformation[0m
[24.230s] [ 54%] Built target offline_deformation
[24.251s] [ 59%] [32mBuilding CXX object CMakeFiles/mesh_trajectory_deformer.dir/app/mesh_trajectory_deformer.cpp.o[0m
[24.251s] [ 59%] [32mBuilding CXX object test/CMakeFiles/test_kimera_pgmo.dir/pgmo_fixtures.cpp.o[0m
[24.251s] [ 61%] [32mBuilding CXX object test/CMakeFiles/test_kimera_pgmo.dir/pgmo_unit_tests.cpp.o[0m
[24.921s] [ 64%] [32mBuilding CXX object test/CMakeFiles/test_kimera_pgmo.dir/test_voxel_clearing_compression.cpp.o[0m
[26.541s] [ 66%] [32mBuilding CXX object test/CMakeFiles/test_kimera_pgmo.dir/test_block_compression.cpp.o[0m
[26.543s] [ 69%] [32mBuilding CXX object test/CMakeFiles/test_kimera_pgmo.dir/test_octree_compression.cpp.o[0m
[26.544s] [ 73%] [32mBuilding CXX object test/CMakeFiles/test_kimera_pgmo.dir/test_traits.cpp.o[0m
[26.544s] [ 73%] [32mBuilding CXX object test/CMakeFiles/test_kimera_pgmo.dir/test_mesh_io.cpp.o[0m
[28.273s] [ 76%] [32mBuilding CXX object test/CMakeFiles/test_kimera_pgmo.dir/test_mesh_frontend_interface.cpp.o[0m
[28.276s] [ 80%] [32mBuilding CXX object test/CMakeFiles/test_kimera_pgmo.dir/test_mesh_delta.cpp.o[0m
[28.277s] [ 80%] [32mBuilding CXX object test/CMakeFiles/test_kimera_pgmo.dir/test_mesh_deformation.cpp.o[0m
[28.417s] [ 83%] [32mBuilding CXX object test/CMakeFiles/test_kimera_pgmo.dir/test_graph.cpp.o[0m
[28.703s] [ 85%] [32mBuilding CXX object test/CMakeFiles/test_kimera_pgmo.dir/test_deformation_edge_factor.cpp.o[0m
[28.704s] [ 88%] [32mBuilding CXX object test/CMakeFiles/test_kimera_pgmo.dir/test_delta_compression.cpp.o[0m
[28.705s] [ 90%] [32mBuilding CXX object test/CMakeFiles/test_kimera_pgmo.dir/test_deformation_graph.cpp.o[0m
[29.632s] [ 92%] [32mBuilding CXX object test/CMakeFiles/test_kimera_pgmo.dir/test_common_structs.cpp.o[0m
[29.633s] [ 95%] [32mBuilding CXX object test/CMakeFiles/test_kimera_pgmo.dir/test_common_functions.cpp.o[0m
[29.975s] [ 97%] [32m[1mLinking CXX executable mesh_trajectory_deformer[0m
[30.069s] [ 97%] Built target mesh_trajectory_deformer
[35.872s] [100%] [32m[1mLinking CXX executable test_kimera_pgmo[0m
[35.993s] [100%] Built target test_kimera_pgmo
[36.007s] Invoked command in '/home/siny/hydra_ws/build/kimera_pgmo' returned '0': CMAKE_PREFIX_PATH=/home/siny/hydra_ws/install/spatial_hash:/home/siny/hydra_ws/install/pose_graph_tools:/home/siny/hydra_ws/install/kimera_rpgo:/home/siny/hydra_ws/install/config_utilities:/opt/ros/jazzy/opt/gz_math_vendor:/opt/ros/jazzy/opt/gz_utils_vendor:/opt/ros/jazzy/opt/gz_cmake_vendor:/opt/ros/jazzy DEBUGINFOD_URLS=https://debuginfod.ubuntu.com LD_LIBRARY_PATH=/home/siny/hydra_ws/install/pose_graph_tools/lib:/home/siny/hydra_ws/install/kimera_rpgo/lib:/home/siny/hydra_ws/install/config_utilities/lib:${LD_LIBRARY_PATH} PATH=/home/siny/hydra_ws/install/config_utilities/bin:${PATH} PKG_CONFIG_PATH=/home/siny/hydra_ws/install/spatial_hash/lib/aarch64-linux-gnu/pkgconfig:/home/siny/hydra_ws/install/spatial_hash/lib/pkgconfig:/home/siny/hydra_ws/install/pose_graph_tools/lib/aarch64-linux-gnu/pkgconfig:/home/siny/hydra_ws/install/pose_graph_tools/lib/pkgconfig:/home/siny/hydra_ws/install/kimera_rpgo/lib/aarch64-linux-gnu/pkgconfig:/home/siny/hydra_ws/install/kimera_rpgo/lib/pkgconfig:/home/siny/hydra_ws/install/config_utilities/lib/aarch64-linux-gnu/pkgconfig:/home/siny/hydra_ws/install/config_utilities/lib/pkgconfig /usr/bin/cmake --build /home/siny/hydra_ws/build/kimera_pgmo -- -j20 -l20
[36.008s] Invoking command in '/home/siny/hydra_ws/build/kimera_pgmo': CMAKE_PREFIX_PATH=/home/siny/hydra_ws/install/spatial_hash:/home/siny/hydra_ws/install/pose_graph_tools:/home/siny/hydra_ws/install/kimera_rpgo:/home/siny/hydra_ws/install/config_utilities:/opt/ros/jazzy/opt/gz_math_vendor:/opt/ros/jazzy/opt/gz_utils_vendor:/opt/ros/jazzy/opt/gz_cmake_vendor:/opt/ros/jazzy DEBUGINFOD_URLS=https://debuginfod.ubuntu.com LD_LIBRARY_PATH=/home/siny/hydra_ws/install/pose_graph_tools/lib:/home/siny/hydra_ws/install/kimera_rpgo/lib:/home/siny/hydra_ws/install/config_utilities/lib:${LD_LIBRARY_PATH} PATH=/home/siny/hydra_ws/install/config_utilities/bin:${PATH} PKG_CONFIG_PATH=/home/siny/hydra_ws/install/spatial_hash/lib/aarch64-linux-gnu/pkgconfig:/home/siny/hydra_ws/install/spatial_hash/lib/pkgconfig:/home/siny/hydra_ws/install/pose_graph_tools/lib/aarch64-linux-gnu/pkgconfig:/home/siny/hydra_ws/install/pose_graph_tools/lib/pkgconfig:/home/siny/hydra_ws/install/kimera_rpgo/lib/aarch64-linux-gnu/pkgconfig:/home/siny/hydra_ws/install/kimera_rpgo/lib/pkgconfig:/home/siny/hydra_ws/install/config_utilities/lib/aarch64-linux-gnu/pkgconfig:/home/siny/hydra_ws/install/config_utilities/lib/pkgconfig /usr/bin/cmake --install /home/siny/hydra_ws/build/kimera_pgmo
[36.013s] -- Install configuration: "Release"
[36.013s] -- Installing: /home/siny/hydra_ws/install/kimera_pgmo/lib/libkimera_pgmo.so
[36.014s] -- Set non-toolchain portion of runtime path of "/home/siny/hydra_ws/install/kimera_pgmo/lib/libkimera_pgmo.so" to ""
[36.014s] -- Installing: /home/siny/hydra_ws/install/kimera_pgmo/bin/mesh_trajectory_deformer
[36.014s] -- Set non-toolchain portion of runtime path of "/home/siny/hydra_ws/install/kimera_pgmo/bin/mesh_trajectory_deformer" to ""
[36.014s] -- Installing: /home/siny/hydra_ws/install/kimera_pgmo/include
[36.015s] -- Installing: /home/siny/hydra_ws/install/kimera_pgmo/include/kimera_pgmo
[36.015s] -- Installing: /home/siny/hydra_ws/install/kimera_pgmo/include/kimera_pgmo/pcl_mesh_traits.h
[36.015s] -- Installing: /home/siny/hydra_ws/install/kimera_pgmo/include/kimera_pgmo/compression
[36.015s] -- Installing: /home/siny/hydra_ws/install/kimera_pgmo/include/kimera_pgmo/compression/mesh_compression.h
[36.015s] -- Installing: /home/siny/hydra_ws/install/kimera_pgmo/include/kimera_pgmo/compression/voxel_clearing_compression.h
[36.015s] -- Installing: /home/siny/hydra_ws/install/kimera_pgmo/include/kimera_pgmo/compression/octree_compression.h
[36.015s] -- Installing: /home/siny/hydra_ws/install/kimera_pgmo/include/kimera_pgmo/compression/block_compression.h
[36.015s] -- Installing: /home/siny/hydra_ws/install/kimera_pgmo/include/kimera_pgmo/compression/delta_compression.h
[36.015s] -- Installing: /home/siny/hydra_ws/install/kimera_pgmo/include/kimera_pgmo/compression/redundancy_checker.h
[36.015s] -- Installing: /home/siny/hydra_ws/install/kimera_pgmo/include/kimera_pgmo/mesh_frontend_interface.h
[36.015s] -- Installing: /home/siny/hydra_ws/install/kimera_pgmo/include/kimera_pgmo/hashing.h
[36.015s] -- Installing: /home/siny/hydra_ws/install/kimera_pgmo/include/kimera_pgmo/mesh_deformation.h
[36.016s] -- Installing: /home/siny/hydra_ws/install/kimera_pgmo/include/kimera_pgmo/deformation_graph.h
[36.016s] -- Installing: /home/siny/hydra_ws/install/kimera_pgmo/include/kimera_pgmo/utils
[36.016s] -- Installing: /home/siny/hydra_ws/install/kimera_pgmo/include/kimera_pgmo/utils/common_functions.h
[36.016s] -- Installing: /home/siny/hydra_ws/install/kimera_pgmo/include/kimera_pgmo/utils/pcl_mesh_interface.h
[36.016s] -- Installing: /home/siny/hydra_ws/install/kimera_pgmo/include/kimera_pgmo/utils/range_generator.h
[36.016s] -- Installing: /home/siny/hydra_ws/install/kimera_pgmo/include/kimera_pgmo/utils/mesh_io.h
[36.016s] -- Installing: /home/siny/hydra_ws/install/kimera_pgmo/include/kimera_pgmo/utils/mesh_interface.h
[36.016s] -- Installing: /home/siny/hydra_ws/install/kimera_pgmo/include/kimera_pgmo/utils/logging.h
[36.016s] -- Installing: /home/siny/hydra_ws/install/kimera_pgmo/include/kimera_pgmo/utils/common_structs.h
[36.016s] -- Installing: /home/siny/hydra_ws/install/kimera_pgmo/include/kimera_pgmo/utils/happly
[36.016s] -- Installing: /home/siny/hydra_ws/install/kimera_pgmo/include/kimera_pgmo/utils/happly/README.md
[36.016s] -- Installing: /home/siny/hydra_ws/install/kimera_pgmo/include/kimera_pgmo/utils/happly/.gitignore
[36.016s] -- Installing: /home/siny/hydra_ws/install/kimera_pgmo/include/kimera_pgmo/utils/happly/happly.h
[36.016s] -- Installing: /home/siny/hydra_ws/install/kimera_pgmo/include/kimera_pgmo/utils/happly/.travis.yml
[36.016s] -- Installing: /home/siny/hydra_ws/install/kimera_pgmo/include/kimera_pgmo/utils/happly/.clang-format
[36.016s] -- Installing: /home/siny/hydra_ws/install/kimera_pgmo/include/kimera_pgmo/utils/happly/happly_logo.jpg
[36.017s] -- Installing: /home/siny/hydra_ws/install/kimera_pgmo/include/kimera_pgmo/utils/happly/LICENSE
[36.018s] -- Installing: /home/siny/hydra_ws/install/kimera_pgmo/include/kimera_pgmo/utils/happly/test
[36.018s] -- Installing: /home/siny/hydra_ws/install/kimera_pgmo/include/kimera_pgmo/utils/happly/test/sampledata
[36.018s] -- Installing: /home/siny/hydra_ws/install/kimera_pgmo/include/kimera_pgmo/utils/happly/test/sampledata/platonic_shelf_big_endian.ply
[36.018s] -- Installing: /home/siny/hydra_ws/install/kimera_pgmo/include/kimera_pgmo/utils/happly/test/sampledata/platonic_shelf.ply
[36.018s] -- Installing: /home/siny/hydra_ws/install/kimera_pgmo/include/kimera_pgmo/utils/happly/test/sampledata/platonic_shelf_ascii.ply
[36.018s] -- Installing: /home/siny/hydra_ws/install/kimera_pgmo/include/kimera_pgmo/utils/happly/test/CMakeLists.txt
[36.018s] -- Installing: /home/siny/hydra_ws/install/kimera_pgmo/include/kimera_pgmo/utils/happly/test/main_test.cpp
[36.019s] -- Installing: /home/siny/hydra_ws/install/kimera_pgmo/include/kimera_pgmo/utils/happly/test/CMakeLists.txt.in
[36.019s] -- Installing: /home/siny/hydra_ws/install/kimera_pgmo/include/kimera_pgmo/mesh_delta.h
[36.019s] -- Installing: /home/siny/hydra_ws/install/kimera_pgmo/include/kimera_pgmo/mesh_types.h
[36.019s] -- Installing: /home/siny/hydra_ws/install/kimera_pgmo/include/kimera_pgmo/kimera_pgmo_interface.h
[36.019s] -- Installing: /home/siny/hydra_ws/install/kimera_pgmo/include/kimera_pgmo/mesh_traits.h
[36.019s] -- Installing: /home/siny/hydra_ws/install/kimera_pgmo/include/kimera_pgmo/optimizer
[36.020s] -- Installing: /home/siny/hydra_ws/install/kimera_pgmo/include/kimera_pgmo/optimizer/kimera_rpgo_optimizer.h
[36.020s] -- Installing: /home/siny/hydra_ws/install/kimera_pgmo/include/kimera_pgmo/optimizer/optimizer_interface.h
[36.020s] -- Installing: /home/siny/hydra_ws/install/kimera_pgmo/include/kimera_pgmo/sparse_keyframe.h
[36.020s] -- Installing: /home/siny/hydra_ws/install/kimera_pgmo/include/kimera_pgmo/deformation_graph_4dof.h
[36.020s] -- Installing: /home/siny/hydra_ws/install/kimera_pgmo/lib/cmake/kimera_pgmo/kimera_pgmoTargets.cmake
[36.020s] -- Installing: /home/siny/hydra_ws/install/kimera_pgmo/lib/cmake/kimera_pgmo/kimera_pgmoTargets-release.cmake
[36.020s] -- Installing: /home/siny/hydra_ws/install/kimera_pgmo/lib/cmake/kimera_pgmo/kimera_pgmoConfig.cmake
[36.020s] -- Installing: /home/siny/hydra_ws/install/kimera_pgmo/lib/cmake/kimera_pgmo/kimera_pgmoConfigVersion.cmake
[36.021s] Invoked command in '/home/siny/hydra_ws/build/kimera_pgmo' returned '0': CMAKE_PREFIX_PATH=/home/siny/hydra_ws/install/spatial_hash:/home/siny/hydra_ws/install/pose_graph_tools:/home/siny/hydra_ws/install/kimera_rpgo:/home/siny/hydra_ws/install/config_utilities:/opt/ros/jazzy/opt/gz_math_vendor:/opt/ros/jazzy/opt/gz_utils_vendor:/opt/ros/jazzy/opt/gz_cmake_vendor:/opt/ros/jazzy DEBUGINFOD_URLS=https://debuginfod.ubuntu.com LD_LIBRARY_PATH=/home/siny/hydra_ws/install/pose_graph_tools/lib:/home/siny/hydra_ws/install/kimera_rpgo/lib:/home/siny/hydra_ws/install/config_utilities/lib:${LD_LIBRARY_PATH} PATH=/home/siny/hydra_ws/install/config_utilities/bin:${PATH} PKG_CONFIG_PATH=/home/siny/hydra_ws/install/spatial_hash/lib/aarch64-linux-gnu/pkgconfig:/home/siny/hydra_ws/install/spatial_hash/lib/pkgconfig:/home/siny/hydra_ws/install/pose_graph_tools/lib/aarch64-linux-gnu/pkgconfig:/home/siny/hydra_ws/install/pose_graph_tools/lib/pkgconfig:/home/siny/hydra_ws/install/kimera_rpgo/lib/aarch64-linux-gnu/pkgconfig:/home/siny/hydra_ws/install/kimera_rpgo/lib/pkgconfig:/home/siny/hydra_ws/install/config_utilities/lib/aarch64-linux-gnu/pkgconfig:/home/siny/hydra_ws/install/config_utilities/lib/pkgconfig /usr/bin/cmake --install /home/siny/hydra_ws/build/kimera_pgmo
