[0.027s] Invoking command in '/home/siny/hydra_ws/build/teaserpp': CMAKE_PREFIX_PATH=${CMAKE_PREFIX_PATH}:/opt/ros/jazzy:/home/siny/ros2_jazzy/install/ament_uncrustify:/home/siny/ros2_jazzy/install/tracetools_trace:/home/siny/ros2_jazzy/install/tracetools_read:/home/siny/ros2_jazzy/install/rpyutils:/home/siny/ros2_jazzy/install/rosidl_pycommon:/home/siny/ros2_jazzy/install/rosidl_cli:/home/siny/ros2_jazzy/install/launch_pytest:/home/siny/ros2_jazzy/install/launch_testing:/home/siny/ros2_jazzy/install/launch_yaml:/home/siny/ros2_jazzy/install/launch_xml:/home/siny/ros2_jazzy/install/launch:/home/siny/ros2_jazzy/install/osrf_pycommon:/home/siny/ros2_jazzy/install/domain_coordinator:/home/siny/ros2_jazzy/install/ament_xmllint:/home/siny/ros2_jazzy/install/ament_pyflakes:/home/siny/ros2_jazzy/install/ament_pycodestyle:/home/siny/ros2_jazzy/install/ament_pep257:/home/siny/ros2_jazzy/install/ament_pclint:/home/siny/ros2_jazzy/install/ament_package:/home/siny/ros2_jazzy/install/ament_mypy:/home/siny/ros2_jazzy/install/ament_lint_cmake:/home/siny/ros2_jazzy/install/ament_flake8:/home/siny/ros2_jazzy/install/ament_copyright:/home/siny/ros2_jazzy/install/ament_lint:/home/siny/ros2_jazzy/install/ament_index_python:/home/siny/ros2_jazzy/install/ament_cpplint:/home/siny/ros2_jazzy/install/ament_cppcheck:/home/siny/ros2_jazzy/install/ament_clang_tidy:/home/siny/ros2_jazzy/install/ament_clang_format DEBUGINFOD_URLS=https://debuginfod.ubuntu.com /usr/bin/cmake /home/siny/hydra_ws/src/teaser_plusplus -DCMAKE_BUILD_TYPE=Release -DCMAKE_INSTALL_PREFIX=/home/siny/hydra_ws/install/teaserpp
[0.065s] -- The C compiler identification is GNU 13.3.0
[0.100s] -- The CXX compiler identification is GNU 13.3.0
[0.112s] -- Detecting C compiler ABI info
[0.182s] -- Detecting C compiler ABI info - done
[0.186s] -- Check for working C compiler: /usr/bin/cc - skipped
[0.186s] -- Detecting C compile features
[0.187s] -- Detecting C compile features - done
[0.195s] -- Detecting CXX compiler ABI info
[0.272s] -- Detecting CXX compiler ABI info - done
[0.280s] -- Check for working CXX compiler: /usr/bin/c++ - skipped
[0.281s] -- Detecting CXX compile features
[0.281s] -- Detecting CXX compile features - done
[0.282s] -- Enable printing of diagnostic messages.
[4.915s] -- Found OpenMP_C: -fopenmp (found version "4.5") 
[5.239s] -- Found OpenMP_CXX: -fopenmp (found version "4.5") 
[5.240s] -- Found OpenMP: TRUE (found version "4.5")  
[18.513s] -- Performing Test CMAKE_HAVE_LIBC_PTHREAD
[18.709s] -- Performing Test CMAKE_HAVE_LIBC_PTHREAD - Success
[18.709s] -- Found Threads: TRUE  
[18.803s] -- Failed to find sphinx-build executable (missing: SPHINX_EXECUTABLE) 
[18.803s] -- Configuring done (18.8s)
[18.843s] -- Generating done (0.0s)
[18.855s] -- Build files have been written to: /home/siny/hydra_ws/build/teaserpp
[18.871s] Invoked command in '/home/siny/hydra_ws/build/teaserpp' returned '0': CMAKE_PREFIX_PATH=${CMAKE_PREFIX_PATH}:/opt/ros/jazzy:/home/siny/ros2_jazzy/install/ament_uncrustify:/home/siny/ros2_jazzy/install/tracetools_trace:/home/siny/ros2_jazzy/install/tracetools_read:/home/siny/ros2_jazzy/install/rpyutils:/home/siny/ros2_jazzy/install/rosidl_pycommon:/home/siny/ros2_jazzy/install/rosidl_cli:/home/siny/ros2_jazzy/install/launch_pytest:/home/siny/ros2_jazzy/install/launch_testing:/home/siny/ros2_jazzy/install/launch_yaml:/home/siny/ros2_jazzy/install/launch_xml:/home/siny/ros2_jazzy/install/launch:/home/siny/ros2_jazzy/install/osrf_pycommon:/home/siny/ros2_jazzy/install/domain_coordinator:/home/siny/ros2_jazzy/install/ament_xmllint:/home/siny/ros2_jazzy/install/ament_pyflakes:/home/siny/ros2_jazzy/install/ament_pycodestyle:/home/siny/ros2_jazzy/install/ament_pep257:/home/siny/ros2_jazzy/install/ament_pclint:/home/siny/ros2_jazzy/install/ament_package:/home/siny/ros2_jazzy/install/ament_mypy:/home/siny/ros2_jazzy/install/ament_lint_cmake:/home/siny/ros2_jazzy/install/ament_flake8:/home/siny/ros2_jazzy/install/ament_copyright:/home/siny/ros2_jazzy/install/ament_lint:/home/siny/ros2_jazzy/install/ament_index_python:/home/siny/ros2_jazzy/install/ament_cpplint:/home/siny/ros2_jazzy/install/ament_cppcheck:/home/siny/ros2_jazzy/install/ament_clang_tidy:/home/siny/ros2_jazzy/install/ament_clang_format DEBUGINFOD_URLS=https://debuginfod.ubuntu.com /usr/bin/cmake /home/siny/hydra_ws/src/teaser_plusplus -DCMAKE_BUILD_TYPE=Release -DCMAKE_INSTALL_PREFIX=/home/siny/hydra_ws/install/teaserpp
[18.871s] Invoking command in '/home/siny/hydra_ws/build/teaserpp': CMAKE_PREFIX_PATH=${CMAKE_PREFIX_PATH}:/opt/ros/jazzy:/home/siny/ros2_jazzy/install/ament_uncrustify:/home/siny/ros2_jazzy/install/tracetools_trace:/home/siny/ros2_jazzy/install/tracetools_read:/home/siny/ros2_jazzy/install/rpyutils:/home/siny/ros2_jazzy/install/rosidl_pycommon:/home/siny/ros2_jazzy/install/rosidl_cli:/home/siny/ros2_jazzy/install/launch_pytest:/home/siny/ros2_jazzy/install/launch_testing:/home/siny/ros2_jazzy/install/launch_yaml:/home/siny/ros2_jazzy/install/launch_xml:/home/siny/ros2_jazzy/install/launch:/home/siny/ros2_jazzy/install/osrf_pycommon:/home/siny/ros2_jazzy/install/domain_coordinator:/home/siny/ros2_jazzy/install/ament_xmllint:/home/siny/ros2_jazzy/install/ament_pyflakes:/home/siny/ros2_jazzy/install/ament_pycodestyle:/home/siny/ros2_jazzy/install/ament_pep257:/home/siny/ros2_jazzy/install/ament_pclint:/home/siny/ros2_jazzy/install/ament_package:/home/siny/ros2_jazzy/install/ament_mypy:/home/siny/ros2_jazzy/install/ament_lint_cmake:/home/siny/ros2_jazzy/install/ament_flake8:/home/siny/ros2_jazzy/install/ament_copyright:/home/siny/ros2_jazzy/install/ament_lint:/home/siny/ros2_jazzy/install/ament_index_python:/home/siny/ros2_jazzy/install/ament_cpplint:/home/siny/ros2_jazzy/install/ament_cppcheck:/home/siny/ros2_jazzy/install/ament_clang_tidy:/home/siny/ros2_jazzy/install/ament_clang_format DEBUGINFOD_URLS=https://debuginfod.ubuntu.com /usr/bin/cmake --build /home/siny/hydra_ws/build/teaserpp -- -j20 -l20
[18.946s] [  5%] [32mBuilding CXX object _deps/pmc-build/CMakeFiles/pmc.dir/pmc_heu.cpp.o[0m
[18.946s] [  5%] [32mBuilding CXX object teaser/CMakeFiles/teaser_io.dir/src/ply_io.cc.o[0m
[18.950s] [  8%] [32mBuilding CXX object _deps/pmc-build/CMakeFiles/pmc.dir/pmcx_maxclique.cpp.o[0m
[18.952s] [ 11%] [32mBuilding CXX object _deps/pmc-build/CMakeFiles/pmc.dir/pmc_maxclique.cpp.o[0m
[18.954s] [ 14%] [32mBuilding CXX object _deps/pmc-build/CMakeFiles/pmc.dir/pmc_cores.cpp.o[0m
[18.956s] [ 17%] [32mBuilding CXX object _deps/googletest-build/googletest/CMakeFiles/gtest.dir/src/gtest-all.cc.o[0m
[18.960s] [ 20%] [32mBuilding CXX object _deps/pmc-build/CMakeFiles/pmc.dir/pmc_utils.cpp.o[0m
[18.964s] [ 25%] [32mBuilding CXX object _deps/pmc-build/CMakeFiles/pmc.dir/pmcx_maxclique_basic.cpp.o[0m
[18.964s] [ 25%] [32mBuilding CXX object _deps/pmc-build/CMakeFiles/pmc.dir/pmc_graph.cpp.o[0m
[18.972s] [ 28%] [32mBuilding CXX object _deps/pmc-build/CMakeFiles/pmc.dir/pmc_clique_utils.cpp.o[0m
[22.077s] [ 31%] [32m[1mLinking CXX static library libpmc.a[0m
[22.193s] [ 31%] Built target pmc
[22.523s] [ 34%] [32m[1mLinking CXX shared library libteaser_io.so[0m
[22.651s] [ 34%] Built target teaser_io
[27.102s] [ 37%] [32m[1mLinking CXX shared library ../../../lib/libgtest.so[0m
[27.186s] [ 37%] Built target gtest
[27.205s] [ 40%] [32mBuilding CXX object teaser/CMakeFiles/teaser_registration.dir/src/certification.cc.o[0m
[36.530s] [ 42%] [32mBuilding CXX object teaser/CMakeFiles/teaser_registration.dir/src/graph.cc.o[0m
[37.164s] [ 45%] [32mBuilding CXX object teaser/CMakeFiles/teaser_registration.dir/src/registration.cc.o[0m
[41.566s] [ 48%] [32m[1mLinking CXX shared library libteaser_registration.so[0m
[41.643s] [ 48%] Built target teaser_registration
[41.665s] [ 51%] [32mBuilding CXX object _deps/googletest-build/googlemock/CMakeFiles/gmock.dir/src/gmock-all.cc.o[0m
[44.609s] [ 54%] [32m[1mLinking CXX shared library ../../../lib/libgmock.so[0m
[44.684s] [ 54%] Built target gmock
[44.700s] [ 57%] [32mBuilding CXX object test/benchmark/CMakeFiles/all_benchmarks.dir/main.cc.o[0m
[44.701s] [ 62%] [32mBuilding CXX object test/benchmark/CMakeFiles/all_benchmarks.dir/registration-benchmark.cc.o[0m
[44.701s] [ 62%] [32mBuilding CXX object test/teaser/CMakeFiles/all_tests.dir/geometry-test.cc.o[0m
[44.702s] [ 65%] [32mBuilding CXX object test/teaser/CMakeFiles/all_tests.dir/scale-solver-test.cc.o[0m
[44.702s] [ 68%] [32mBuilding CXX object test/teaser/CMakeFiles/all_tests.dir/rotation-solver-test.cc.o[0m
[44.702s] [ 71%] [32mBuilding CXX object test/teaser/CMakeFiles/all_tests.dir/utils-test.cc.o[0m
[44.703s] [ 74%] [32mBuilding CXX object test/teaser/CMakeFiles/all_tests.dir/main.cc.o[0m
[44.703s] [ 77%] [32mBuilding CXX object test/teaser/CMakeFiles/all_tests.dir/io-test.cc.o[0m
[44.703s] [ 80%] [32mBuilding CXX object test/teaser/CMakeFiles/all_tests.dir/tls-test.cc.o[0m
[45.263s] [ 82%] [32mBuilding CXX object test/teaser/CMakeFiles/all_tests.dir/linalg-test.cc.o[0m
[45.568s] [ 88%] [32mBuilding CXX object test/teaser/CMakeFiles/all_tests.dir/graph-test.cc.o[0m
[45.568s] [ 88%] [32mBuilding CXX object test/teaser/CMakeFiles/all_tests.dir/certification-test.cc.o[0m
[45.568s] [ 91%] [32mBuilding CXX object test/teaser/CMakeFiles/all_tests.dir/registration-test.cc.o[0m
[45.569s] [ 94%] [32mBuilding CXX object test/teaser/CMakeFiles/all_tests.dir/translation-solver-test.cc.o[0m
[46.665s] [ 97%] [32m[1mLinking CXX executable all_benchmarks[0m
[46.736s] [ 97%] Built target all_benchmarks
[50.514s] [100%] [32m[1mLinking CXX executable all_tests[0m
[50.615s] [100%] Built target all_tests
[50.629s] Invoked command in '/home/siny/hydra_ws/build/teaserpp' returned '0': CMAKE_PREFIX_PATH=${CMAKE_PREFIX_PATH}:/opt/ros/jazzy:/home/siny/ros2_jazzy/install/ament_uncrustify:/home/siny/ros2_jazzy/install/tracetools_trace:/home/siny/ros2_jazzy/install/tracetools_read:/home/siny/ros2_jazzy/install/rpyutils:/home/siny/ros2_jazzy/install/rosidl_pycommon:/home/siny/ros2_jazzy/install/rosidl_cli:/home/siny/ros2_jazzy/install/launch_pytest:/home/siny/ros2_jazzy/install/launch_testing:/home/siny/ros2_jazzy/install/launch_yaml:/home/siny/ros2_jazzy/install/launch_xml:/home/siny/ros2_jazzy/install/launch:/home/siny/ros2_jazzy/install/osrf_pycommon:/home/siny/ros2_jazzy/install/domain_coordinator:/home/siny/ros2_jazzy/install/ament_xmllint:/home/siny/ros2_jazzy/install/ament_pyflakes:/home/siny/ros2_jazzy/install/ament_pycodestyle:/home/siny/ros2_jazzy/install/ament_pep257:/home/siny/ros2_jazzy/install/ament_pclint:/home/siny/ros2_jazzy/install/ament_package:/home/siny/ros2_jazzy/install/ament_mypy:/home/siny/ros2_jazzy/install/ament_lint_cmake:/home/siny/ros2_jazzy/install/ament_flake8:/home/siny/ros2_jazzy/install/ament_copyright:/home/siny/ros2_jazzy/install/ament_lint:/home/siny/ros2_jazzy/install/ament_index_python:/home/siny/ros2_jazzy/install/ament_cpplint:/home/siny/ros2_jazzy/install/ament_cppcheck:/home/siny/ros2_jazzy/install/ament_clang_tidy:/home/siny/ros2_jazzy/install/ament_clang_format DEBUGINFOD_URLS=https://debuginfod.ubuntu.com /usr/bin/cmake --build /home/siny/hydra_ws/build/teaserpp -- -j20 -l20
[50.631s] Invoking command in '/home/siny/hydra_ws/build/teaserpp': CMAKE_PREFIX_PATH=${CMAKE_PREFIX_PATH}:/opt/ros/jazzy:/home/siny/ros2_jazzy/install/ament_uncrustify:/home/siny/ros2_jazzy/install/tracetools_trace:/home/siny/ros2_jazzy/install/tracetools_read:/home/siny/ros2_jazzy/install/rpyutils:/home/siny/ros2_jazzy/install/rosidl_pycommon:/home/siny/ros2_jazzy/install/rosidl_cli:/home/siny/ros2_jazzy/install/launch_pytest:/home/siny/ros2_jazzy/install/launch_testing:/home/siny/ros2_jazzy/install/launch_yaml:/home/siny/ros2_jazzy/install/launch_xml:/home/siny/ros2_jazzy/install/launch:/home/siny/ros2_jazzy/install/osrf_pycommon:/home/siny/ros2_jazzy/install/domain_coordinator:/home/siny/ros2_jazzy/install/ament_xmllint:/home/siny/ros2_jazzy/install/ament_pyflakes:/home/siny/ros2_jazzy/install/ament_pycodestyle:/home/siny/ros2_jazzy/install/ament_pep257:/home/siny/ros2_jazzy/install/ament_pclint:/home/siny/ros2_jazzy/install/ament_package:/home/siny/ros2_jazzy/install/ament_mypy:/home/siny/ros2_jazzy/install/ament_lint_cmake:/home/siny/ros2_jazzy/install/ament_flake8:/home/siny/ros2_jazzy/install/ament_copyright:/home/siny/ros2_jazzy/install/ament_lint:/home/siny/ros2_jazzy/install/ament_index_python:/home/siny/ros2_jazzy/install/ament_cpplint:/home/siny/ros2_jazzy/install/ament_cppcheck:/home/siny/ros2_jazzy/install/ament_clang_tidy:/home/siny/ros2_jazzy/install/ament_clang_format DEBUGINFOD_URLS=https://debuginfod.ubuntu.com /usr/bin/cmake --install /home/siny/hydra_ws/build/teaserpp
[50.639s] -- Install configuration: "Release"
[50.639s] -- Installing: /home/siny/hydra_ws/install/teaserpp/lib/libteaser_io.so
[50.639s] -- Installing: /home/siny/hydra_ws/install/teaserpp/lib/libteaser_registration.so
[50.640s] -- Installing: /home/siny/hydra_ws/install/teaserpp/lib/cmake/teaserpp/teaserppTargets.cmake
[50.640s] -- Installing: /home/siny/hydra_ws/install/teaserpp/lib/cmake/teaserpp/teaserppTargets-release.cmake
[50.640s] -- Installing: /home/siny/hydra_ws/install/teaserpp/include
[50.640s] -- Installing: /home/siny/hydra_ws/install/teaserpp/include/teaser
[50.640s] -- Installing: /home/siny/hydra_ws/install/teaserpp/include/teaser/graph.h
[50.640s] -- Installing: /home/siny/hydra_ws/install/teaserpp/include/teaser/geometry.h
[50.640s] -- Installing: /home/siny/hydra_ws/install/teaserpp/include/teaser/registration.h
[50.640s] -- Installing: /home/siny/hydra_ws/install/teaserpp/include/teaser/ply_io.h
[50.641s] -- Installing: /home/siny/hydra_ws/install/teaserpp/include/teaser/utils.h
[50.641s] -- Installing: /home/siny/hydra_ws/install/teaserpp/include/teaser/fpfh.h
[50.641s] -- Installing: /home/siny/hydra_ws/install/teaserpp/include/teaser/certification.h
[50.641s] -- Installing: /home/siny/hydra_ws/install/teaserpp/include/teaser/macros.h
[50.641s] -- Installing: /home/siny/hydra_ws/install/teaserpp/include/teaser/matcher.h
[50.641s] -- Installing: /home/siny/hydra_ws/install/teaserpp/lib/cmake/teaserpp/teaserppConfig.cmake
[50.643s] Invoked command in '/home/siny/hydra_ws/build/teaserpp' returned '0': CMAKE_PREFIX_PATH=${CMAKE_PREFIX_PATH}:/opt/ros/jazzy:/home/siny/ros2_jazzy/install/ament_uncrustify:/home/siny/ros2_jazzy/install/tracetools_trace:/home/siny/ros2_jazzy/install/tracetools_read:/home/siny/ros2_jazzy/install/rpyutils:/home/siny/ros2_jazzy/install/rosidl_pycommon:/home/siny/ros2_jazzy/install/rosidl_cli:/home/siny/ros2_jazzy/install/launch_pytest:/home/siny/ros2_jazzy/install/launch_testing:/home/siny/ros2_jazzy/install/launch_yaml:/home/siny/ros2_jazzy/install/launch_xml:/home/siny/ros2_jazzy/install/launch:/home/siny/ros2_jazzy/install/osrf_pycommon:/home/siny/ros2_jazzy/install/domain_coordinator:/home/siny/ros2_jazzy/install/ament_xmllint:/home/siny/ros2_jazzy/install/ament_pyflakes:/home/siny/ros2_jazzy/install/ament_pycodestyle:/home/siny/ros2_jazzy/install/ament_pep257:/home/siny/ros2_jazzy/install/ament_pclint:/home/siny/ros2_jazzy/install/ament_package:/home/siny/ros2_jazzy/install/ament_mypy:/home/siny/ros2_jazzy/install/ament_lint_cmake:/home/siny/ros2_jazzy/install/ament_flake8:/home/siny/ros2_jazzy/install/ament_copyright:/home/siny/ros2_jazzy/install/ament_lint:/home/siny/ros2_jazzy/install/ament_index_python:/home/siny/ros2_jazzy/install/ament_cpplint:/home/siny/ros2_jazzy/install/ament_cppcheck:/home/siny/ros2_jazzy/install/ament_clang_tidy:/home/siny/ros2_jazzy/install/ament_clang_format DEBUGINFOD_URLS=https://debuginfod.ubuntu.com /usr/bin/cmake --install /home/siny/hydra_ws/build/teaserpp
