[0.019s] Invoking command in '/home/siny/hydra_ws/build/teaserpp': CMAKE_PREFIX_PATH=${CMAKE_PREFIX_PATH}:/opt/ros/jazzy DEBUGINFOD_URLS=https://debuginfod.ubuntu.com /usr/bin/cmake --build /home/siny/hydra_ws/build/teaserpp -- -j20 -l20
[0.091s] [  5%] Built target gtest
[0.092s] [ 11%] Built target teaser_io
[0.092s] [ 37%] Built target pmc
[0.112s] [ 48%] Built target teaser_registration
[0.119s] [ 54%] Built target gmock
[0.159s] [ 62%] Built target all_benchmarks
[0.172s] [100%] Built target all_tests
[0.205s] Invoked command in '/home/siny/hydra_ws/build/teaserpp' returned '0': CMAKE_PREFIX_PATH=${CMAKE_PREFIX_PATH}:/opt/ros/jazzy DEBUGINFOD_URLS=https://debuginfod.ubuntu.com /usr/bin/cmake --build /home/siny/hydra_ws/build/teaserpp -- -j20 -l20
[0.207s] Invoking command in '/home/siny/hydra_ws/build/teaserpp': CMAKE_PREFIX_PATH=${CMAKE_PREFIX_PATH}:/opt/ros/jazzy DEBUGINFOD_URLS=https://debuginfod.ubuntu.com /usr/bin/cmake --install /home/siny/hydra_ws/build/teaserpp
[0.214s] -- Install configuration: "Release"
[0.216s] -- Up-to-date: /home/siny/hydra_ws/install/teaserpp/lib/libteaser_io.so
[0.216s] -- Up-to-date: /home/siny/hydra_ws/install/teaserpp/lib/libteaser_registration.so
[0.217s] -- Up-to-date: /home/siny/hydra_ws/install/teaserpp/lib/cmake/teaserpp/teaserppTargets.cmake
[0.217s] -- Up-to-date: /home/siny/hydra_ws/install/teaserpp/lib/cmake/teaserpp/teaserppTargets-release.cmake
[0.217s] -- Up-to-date: /home/siny/hydra_ws/install/teaserpp/include
[0.217s] -- Up-to-date: /home/siny/hydra_ws/install/teaserpp/include/teaser
[0.217s] -- Up-to-date: /home/siny/hydra_ws/install/teaserpp/include/teaser/graph.h
[0.217s] -- Up-to-date: /home/siny/hydra_ws/install/teaserpp/include/teaser/geometry.h
[0.217s] -- Up-to-date: /home/siny/hydra_ws/install/teaserpp/include/teaser/registration.h
[0.217s] -- Up-to-date: /home/siny/hydra_ws/install/teaserpp/include/teaser/ply_io.h
[0.217s] -- Up-to-date: /home/siny/hydra_ws/install/teaserpp/include/teaser/utils.h
[0.217s] -- Up-to-date: /home/siny/hydra_ws/install/teaserpp/include/teaser/fpfh.h
[0.217s] -- Up-to-date: /home/siny/hydra_ws/install/teaserpp/include/teaser/certification.h
[0.217s] -- Up-to-date: /home/siny/hydra_ws/install/teaserpp/include/teaser/macros.h
[0.217s] -- Up-to-date: /home/siny/hydra_ws/install/teaserpp/include/teaser/matcher.h
[0.218s] -- Up-to-date: /home/siny/hydra_ws/install/teaserpp/lib/cmake/teaserpp/teaserppConfig.cmake
[0.222s] Invoked command in '/home/siny/hydra_ws/build/teaserpp' returned '0': CMAKE_PREFIX_PATH=${CMAKE_PREFIX_PATH}:/opt/ros/jazzy DEBUGINFOD_URLS=https://debuginfod.ubuntu.com /usr/bin/cmake --install /home/siny/hydra_ws/build/teaserpp
