[0.046s] Invoking command in '/home/siny/hydra_ws/build/hydra_ros': CMAKE_PREFIX_PATH=/home/siny/hydra_ws/install/kimera_pgmo_ros:/home/siny/hydra_ws/install/hydra_visualizer:/home/siny/hydra_ws/install/hydra:/home/siny/hydra_ws/install/pose_graph_tools_ros:/home/siny/hydra_ws/install/kimera_pgmo_rviz:/home/siny/hydra_ws/install/kimera_pgmo:/home/siny/hydra_ws/install/config_utilities_ros:/home/siny/hydra_ws/install/teaserpp:/home/siny/hydra_ws/install/spatial_hash:/home/siny/hydra_ws/install/spark_dsg:/home/siny/hydra_ws/install/semantic_inference_msgs:/home/siny/hydra_ws/install/pose_graph_tools_msgs:/home/siny/hydra_ws/install/pose_graph_tools:/home/siny/hydra_ws/install/kimera_rpgo:/home/siny/hydra_ws/install/kimera_pgmo_msgs:/home/siny/hydra_ws/install/ianvs:/home/siny/hydra_ws/install/hydra_msgs:/home/siny/hydra_ws/install/config_utilities_msgs:/home/siny/hydra_ws/install/config_utilities:/opt/ros/jazzy/opt/gz_math_vendor:/opt/ros/jazzy/opt/gz_utils_vendor:/opt/ros/jazzy/opt/gz_cmake_vendor:/home/siny/hydra_ws/install/hydra_ros:/home/siny/hydra_ws/install/semantic_inference_ros:/home/siny/hydra_ws/install/semantic_inference:/opt/ros/jazzy DEBUGINFOD_URLS=https://debuginfod.ubuntu.com LD_LIBRARY_PATH=/home/siny/hydra_ws/install/kimera_pgmo_ros/lib:/home/siny/hydra_ws/install/hydra_visualizer/lib:/home/siny/hydra_ws/install/hydra/lib:/home/siny/hydra_ws/install/pose_graph_tools_ros/lib:/home/siny/hydra_ws/install/kimera_pgmo_rviz/lib:/home/siny/hydra_ws/install/kimera_pgmo/lib:/home/siny/hydra_ws/install/config_utilities_ros/lib:/home/siny/hydra_ws/install/teaserpp/lib:/home/siny/hydra_ws/install/spark_dsg/lib:/home/siny/hydra_ws/install/semantic_inference_msgs/lib:/home/siny/hydra_ws/install/pose_graph_tools_msgs/lib:/home/siny/hydra_ws/install/pose_graph_tools/lib:/home/siny/hydra_ws/install/kimera_rpgo/lib:/home/siny/hydra_ws/install/kimera_pgmo_msgs/lib:/home/siny/hydra_ws/install/ianvs/lib:/home/siny/hydra_ws/install/hydra_msgs/lib:/home/siny/hydra_ws/install/config_utilities_msgs/lib:/home/siny/hydra_ws/install/config_utilities/lib:/opt/ros/jazzy/opt/rviz_ogre_vendor/lib:/opt/ros/jazzy/lib/aarch64-linux-gnu:/opt/ros/jazzy/opt/gz_math_vendor/lib:/opt/ros/jazzy/opt/gz_utils_vendor/lib:/opt/ros/jazzy/opt/gz_cmake_vendor/lib:/opt/ros/jazzy/lib:/home/siny/hydra_ws/install/hydra_ros/lib:/home/siny/hydra_ws/install/semantic_inference_ros/lib:/home/siny/hydra_ws/install/semantic_inference/lib PATH=/home/siny/hydra_ws/install/kimera_pgmo/bin:/home/siny/hydra_ws/install/spark_dsg/bin:/home/siny/hydra_ws/install/config_utilities/bin:/opt/ros/jazzy/bin:/home/siny/hydra_ws/install/semantic_inference/bin:/home/siny/anaconda3/condabin:/home/siny/.local/bin:/usr/local/cuda/bin:/opt/bin:/usr/local/sbin:/usr/local/bin:/usr/sbin:/usr/bin:/sbin:/bin:/usr/games:/usr/local/games:/snap/bin:/snap/bin PKG_CONFIG_PATH=/home/siny/hydra_ws/install/hydra/lib/aarch64-linux-gnu/pkgconfig:/home/siny/hydra_ws/install/hydra/lib/pkgconfig:/home/siny/hydra_ws/install/kimera_pgmo/lib/aarch64-linux-gnu/pkgconfig:/home/siny/hydra_ws/install/kimera_pgmo/lib/pkgconfig:/home/siny/hydra_ws/install/teaserpp/lib/aarch64-linux-gnu/pkgconfig:/home/siny/hydra_ws/install/teaserpp/lib/pkgconfig:/home/siny/hydra_ws/install/spatial_hash/lib/aarch64-linux-gnu/pkgconfig:/home/siny/hydra_ws/install/spatial_hash/lib/pkgconfig:/home/siny/hydra_ws/install/spark_dsg/lib/aarch64-linux-gnu/pkgconfig:/home/siny/hydra_ws/install/spark_dsg/lib/pkgconfig:/home/siny/hydra_ws/install/pose_graph_tools/lib/aarch64-linux-gnu/pkgconfig:/home/siny/hydra_ws/install/pose_graph_tools/lib/pkgconfig:/home/siny/hydra_ws/install/kimera_rpgo/lib/aarch64-linux-gnu/pkgconfig:/home/siny/hydra_ws/install/kimera_rpgo/lib/pkgconfig:/home/siny/hydra_ws/install/config_utilities/lib/aarch64-linux-gnu/pkgconfig:/home/siny/hydra_ws/install/config_utilities/lib/pkgconfig:/home/siny/hydra_ws/install/semantic_inference/lib/aarch64-linux-gnu/pkgconfig:/home/siny/hydra_ws/install/semantic_inference/lib/pkgconfig PYTHONPATH=/home/siny/hydra_ws/install/config_utilities_ros/lib/python3.12/site-packages:/home/siny/hydra_ws/install/semantic_inference_msgs/lib/python3.12/site-packages:/home/siny/hydra_ws/install/pose_graph_tools_msgs/lib/python3.12/site-packages:/home/siny/hydra_ws/install/kimera_pgmo_msgs/lib/python3.12/site-packages:/home/siny/hydra_ws/install/ianvs/lib/python3.12/site-packages:/home/siny/hydra_ws/install/hydra_msgs/lib/python3.12/site-packages:/home/siny/hydra_ws/install/config_utilities_msgs/lib/python3.12/site-packages:/opt/ros/jazzy/lib/python3.12/site-packages:/home/siny/hydra_ws/install/hydra_ros/lib/python3.12/site-packages:/home/siny/hydra_ws/install/semantic_inference_ros/lib/python3.12/site-packages /usr/bin/cmake --build /home/siny/hydra_ws/build/hydra_ros -- -j20 -l20
[0.094s] [  5%] Built target gtest
[0.097s] [ 10%] Built target gtest_main
[0.101s] [ 15%] Built target scene_graph_logger
[0.102s] [ 15%] Built target ament_cmake_python_copy_hydra_ros
[0.144s] [ 87%] Built target hydra_ros
[0.170s] [ 94%] Built target test_hydra_ros
[0.180s] [100%] Built target hydra_ros_node
[0.221s] running egg_info
[0.229s] writing hydra_ros.egg-info/PKG-INFO
[0.229s] writing dependency_links to hydra_ros.egg-info/dependency_links.txt
[0.229s] writing top-level names to hydra_ros.egg-info/top_level.txt
[0.252s] reading manifest file 'hydra_ros.egg-info/SOURCES.txt'
[0.252s] writing manifest file 'hydra_ros.egg-info/SOURCES.txt'
[0.271s] [100%] Built target ament_cmake_python_build_hydra_ros_egg
[0.283s] Invoked command in '/home/siny/hydra_ws/build/hydra_ros' returned '0': CMAKE_PREFIX_PATH=/home/siny/hydra_ws/install/kimera_pgmo_ros:/home/siny/hydra_ws/install/hydra_visualizer:/home/siny/hydra_ws/install/hydra:/home/siny/hydra_ws/install/pose_graph_tools_ros:/home/siny/hydra_ws/install/kimera_pgmo_rviz:/home/siny/hydra_ws/install/kimera_pgmo:/home/siny/hydra_ws/install/config_utilities_ros:/home/siny/hydra_ws/install/teaserpp:/home/siny/hydra_ws/install/spatial_hash:/home/siny/hydra_ws/install/spark_dsg:/home/siny/hydra_ws/install/semantic_inference_msgs:/home/siny/hydra_ws/install/pose_graph_tools_msgs:/home/siny/hydra_ws/install/pose_graph_tools:/home/siny/hydra_ws/install/kimera_rpgo:/home/siny/hydra_ws/install/kimera_pgmo_msgs:/home/siny/hydra_ws/install/ianvs:/home/siny/hydra_ws/install/hydra_msgs:/home/siny/hydra_ws/install/config_utilities_msgs:/home/siny/hydra_ws/install/config_utilities:/opt/ros/jazzy/opt/gz_math_vendor:/opt/ros/jazzy/opt/gz_utils_vendor:/opt/ros/jazzy/opt/gz_cmake_vendor:/home/siny/hydra_ws/install/hydra_ros:/home/siny/hydra_ws/install/semantic_inference_ros:/home/siny/hydra_ws/install/semantic_inference:/opt/ros/jazzy DEBUGINFOD_URLS=https://debuginfod.ubuntu.com LD_LIBRARY_PATH=/home/siny/hydra_ws/install/kimera_pgmo_ros/lib:/home/siny/hydra_ws/install/hydra_visualizer/lib:/home/siny/hydra_ws/install/hydra/lib:/home/siny/hydra_ws/install/pose_graph_tools_ros/lib:/home/siny/hydra_ws/install/kimera_pgmo_rviz/lib:/home/siny/hydra_ws/install/kimera_pgmo/lib:/home/siny/hydra_ws/install/config_utilities_ros/lib:/home/siny/hydra_ws/install/teaserpp/lib:/home/siny/hydra_ws/install/spark_dsg/lib:/home/siny/hydra_ws/install/semantic_inference_msgs/lib:/home/siny/hydra_ws/install/pose_graph_tools_msgs/lib:/home/siny/hydra_ws/install/pose_graph_tools/lib:/home/siny/hydra_ws/install/kimera_rpgo/lib:/home/siny/hydra_ws/install/kimera_pgmo_msgs/lib:/home/siny/hydra_ws/install/ianvs/lib:/home/siny/hydra_ws/install/hydra_msgs/lib:/home/siny/hydra_ws/install/config_utilities_msgs/lib:/home/siny/hydra_ws/install/config_utilities/lib:/opt/ros/jazzy/opt/rviz_ogre_vendor/lib:/opt/ros/jazzy/lib/aarch64-linux-gnu:/opt/ros/jazzy/opt/gz_math_vendor/lib:/opt/ros/jazzy/opt/gz_utils_vendor/lib:/opt/ros/jazzy/opt/gz_cmake_vendor/lib:/opt/ros/jazzy/lib:/home/siny/hydra_ws/install/hydra_ros/lib:/home/siny/hydra_ws/install/semantic_inference_ros/lib:/home/siny/hydra_ws/install/semantic_inference/lib PATH=/home/siny/hydra_ws/install/kimera_pgmo/bin:/home/siny/hydra_ws/install/spark_dsg/bin:/home/siny/hydra_ws/install/config_utilities/bin:/opt/ros/jazzy/bin:/home/siny/hydra_ws/install/semantic_inference/bin:/home/siny/anaconda3/condabin:/home/siny/.local/bin:/usr/local/cuda/bin:/opt/bin:/usr/local/sbin:/usr/local/bin:/usr/sbin:/usr/bin:/sbin:/bin:/usr/games:/usr/local/games:/snap/bin:/snap/bin PKG_CONFIG_PATH=/home/siny/hydra_ws/install/hydra/lib/aarch64-linux-gnu/pkgconfig:/home/siny/hydra_ws/install/hydra/lib/pkgconfig:/home/siny/hydra_ws/install/kimera_pgmo/lib/aarch64-linux-gnu/pkgconfig:/home/siny/hydra_ws/install/kimera_pgmo/lib/pkgconfig:/home/siny/hydra_ws/install/teaserpp/lib/aarch64-linux-gnu/pkgconfig:/home/siny/hydra_ws/install/teaserpp/lib/pkgconfig:/home/siny/hydra_ws/install/spatial_hash/lib/aarch64-linux-gnu/pkgconfig:/home/siny/hydra_ws/install/spatial_hash/lib/pkgconfig:/home/siny/hydra_ws/install/spark_dsg/lib/aarch64-linux-gnu/pkgconfig:/home/siny/hydra_ws/install/spark_dsg/lib/pkgconfig:/home/siny/hydra_ws/install/pose_graph_tools/lib/aarch64-linux-gnu/pkgconfig:/home/siny/hydra_ws/install/pose_graph_tools/lib/pkgconfig:/home/siny/hydra_ws/install/kimera_rpgo/lib/aarch64-linux-gnu/pkgconfig:/home/siny/hydra_ws/install/kimera_rpgo/lib/pkgconfig:/home/siny/hydra_ws/install/config_utilities/lib/aarch64-linux-gnu/pkgconfig:/home/siny/hydra_ws/install/config_utilities/lib/pkgconfig:/home/siny/hydra_ws/install/semantic_inference/lib/aarch64-linux-gnu/pkgconfig:/home/siny/hydra_ws/install/semantic_inference/lib/pkgconfig PYTHONPATH=/home/siny/hydra_ws/install/config_utilities_ros/lib/python3.12/site-packages:/home/siny/hydra_ws/install/semantic_inference_msgs/lib/python3.12/site-packages:/home/siny/hydra_ws/install/pose_graph_tools_msgs/lib/python3.12/site-packages:/home/siny/hydra_ws/install/kimera_pgmo_msgs/lib/python3.12/site-packages:/home/siny/hydra_ws/install/ianvs/lib/python3.12/site-packages:/home/siny/hydra_ws/install/hydra_msgs/lib/python3.12/site-packages:/home/siny/hydra_ws/install/config_utilities_msgs/lib/python3.12/site-packages:/opt/ros/jazzy/lib/python3.12/site-packages:/home/siny/hydra_ws/install/hydra_ros/lib/python3.12/site-packages:/home/siny/hydra_ws/install/semantic_inference_ros/lib/python3.12/site-packages /usr/bin/cmake --build /home/siny/hydra_ws/build/hydra_ros -- -j20 -l20
[0.285s] Invoking command in '/home/siny/hydra_ws/build/hydra_ros': CMAKE_PREFIX_PATH=/home/siny/hydra_ws/install/kimera_pgmo_ros:/home/siny/hydra_ws/install/hydra_visualizer:/home/siny/hydra_ws/install/hydra:/home/siny/hydra_ws/install/pose_graph_tools_ros:/home/siny/hydra_ws/install/kimera_pgmo_rviz:/home/siny/hydra_ws/install/kimera_pgmo:/home/siny/hydra_ws/install/config_utilities_ros:/home/siny/hydra_ws/install/teaserpp:/home/siny/hydra_ws/install/spatial_hash:/home/siny/hydra_ws/install/spark_dsg:/home/siny/hydra_ws/install/semantic_inference_msgs:/home/siny/hydra_ws/install/pose_graph_tools_msgs:/home/siny/hydra_ws/install/pose_graph_tools:/home/siny/hydra_ws/install/kimera_rpgo:/home/siny/hydra_ws/install/kimera_pgmo_msgs:/home/siny/hydra_ws/install/ianvs:/home/siny/hydra_ws/install/hydra_msgs:/home/siny/hydra_ws/install/config_utilities_msgs:/home/siny/hydra_ws/install/config_utilities:/opt/ros/jazzy/opt/gz_math_vendor:/opt/ros/jazzy/opt/gz_utils_vendor:/opt/ros/jazzy/opt/gz_cmake_vendor:/home/siny/hydra_ws/install/hydra_ros:/home/siny/hydra_ws/install/semantic_inference_ros:/home/siny/hydra_ws/install/semantic_inference:/opt/ros/jazzy DEBUGINFOD_URLS=https://debuginfod.ubuntu.com LD_LIBRARY_PATH=/home/siny/hydra_ws/install/kimera_pgmo_ros/lib:/home/siny/hydra_ws/install/hydra_visualizer/lib:/home/siny/hydra_ws/install/hydra/lib:/home/siny/hydra_ws/install/pose_graph_tools_ros/lib:/home/siny/hydra_ws/install/kimera_pgmo_rviz/lib:/home/siny/hydra_ws/install/kimera_pgmo/lib:/home/siny/hydra_ws/install/config_utilities_ros/lib:/home/siny/hydra_ws/install/teaserpp/lib:/home/siny/hydra_ws/install/spark_dsg/lib:/home/siny/hydra_ws/install/semantic_inference_msgs/lib:/home/siny/hydra_ws/install/pose_graph_tools_msgs/lib:/home/siny/hydra_ws/install/pose_graph_tools/lib:/home/siny/hydra_ws/install/kimera_rpgo/lib:/home/siny/hydra_ws/install/kimera_pgmo_msgs/lib:/home/siny/hydra_ws/install/ianvs/lib:/home/siny/hydra_ws/install/hydra_msgs/lib:/home/siny/hydra_ws/install/config_utilities_msgs/lib:/home/siny/hydra_ws/install/config_utilities/lib:/opt/ros/jazzy/opt/rviz_ogre_vendor/lib:/opt/ros/jazzy/lib/aarch64-linux-gnu:/opt/ros/jazzy/opt/gz_math_vendor/lib:/opt/ros/jazzy/opt/gz_utils_vendor/lib:/opt/ros/jazzy/opt/gz_cmake_vendor/lib:/opt/ros/jazzy/lib:/home/siny/hydra_ws/install/hydra_ros/lib:/home/siny/hydra_ws/install/semantic_inference_ros/lib:/home/siny/hydra_ws/install/semantic_inference/lib PATH=/home/siny/hydra_ws/install/kimera_pgmo/bin:/home/siny/hydra_ws/install/spark_dsg/bin:/home/siny/hydra_ws/install/config_utilities/bin:/opt/ros/jazzy/bin:/home/siny/hydra_ws/install/semantic_inference/bin:/home/siny/anaconda3/condabin:/home/siny/.local/bin:/usr/local/cuda/bin:/opt/bin:/usr/local/sbin:/usr/local/bin:/usr/sbin:/usr/bin:/sbin:/bin:/usr/games:/usr/local/games:/snap/bin:/snap/bin PKG_CONFIG_PATH=/home/siny/hydra_ws/install/hydra/lib/aarch64-linux-gnu/pkgconfig:/home/siny/hydra_ws/install/hydra/lib/pkgconfig:/home/siny/hydra_ws/install/kimera_pgmo/lib/aarch64-linux-gnu/pkgconfig:/home/siny/hydra_ws/install/kimera_pgmo/lib/pkgconfig:/home/siny/hydra_ws/install/teaserpp/lib/aarch64-linux-gnu/pkgconfig:/home/siny/hydra_ws/install/teaserpp/lib/pkgconfig:/home/siny/hydra_ws/install/spatial_hash/lib/aarch64-linux-gnu/pkgconfig:/home/siny/hydra_ws/install/spatial_hash/lib/pkgconfig:/home/siny/hydra_ws/install/spark_dsg/lib/aarch64-linux-gnu/pkgconfig:/home/siny/hydra_ws/install/spark_dsg/lib/pkgconfig:/home/siny/hydra_ws/install/pose_graph_tools/lib/aarch64-linux-gnu/pkgconfig:/home/siny/hydra_ws/install/pose_graph_tools/lib/pkgconfig:/home/siny/hydra_ws/install/kimera_rpgo/lib/aarch64-linux-gnu/pkgconfig:/home/siny/hydra_ws/install/kimera_rpgo/lib/pkgconfig:/home/siny/hydra_ws/install/config_utilities/lib/aarch64-linux-gnu/pkgconfig:/home/siny/hydra_ws/install/config_utilities/lib/pkgconfig:/home/siny/hydra_ws/install/semantic_inference/lib/aarch64-linux-gnu/pkgconfig:/home/siny/hydra_ws/install/semantic_inference/lib/pkgconfig PYTHONPATH=/home/siny/hydra_ws/install/config_utilities_ros/lib/python3.12/site-packages:/home/siny/hydra_ws/install/semantic_inference_msgs/lib/python3.12/site-packages:/home/siny/hydra_ws/install/pose_graph_tools_msgs/lib/python3.12/site-packages:/home/siny/hydra_ws/install/kimera_pgmo_msgs/lib/python3.12/site-packages:/home/siny/hydra_ws/install/ianvs/lib/python3.12/site-packages:/home/siny/hydra_ws/install/hydra_msgs/lib/python3.12/site-packages:/home/siny/hydra_ws/install/config_utilities_msgs/lib/python3.12/site-packages:/opt/ros/jazzy/lib/python3.12/site-packages:/home/siny/hydra_ws/install/hydra_ros/lib/python3.12/site-packages:/home/siny/hydra_ws/install/semantic_inference_ros/lib/python3.12/site-packages /usr/bin/cmake --install /home/siny/hydra_ws/build/hydra_ros
[0.293s] -- Install configuration: "Release"
[0.294s] -- Up-to-date: /home/siny/hydra_ws/install/hydra_ros/share/hydra_ros/environment/pythonpath.sh
[0.294s] -- Up-to-date: /home/siny/hydra_ws/install/hydra_ros/share/hydra_ros/environment/pythonpath.dsv
[0.294s] -- Up-to-date: /home/siny/hydra_ws/install/hydra_ros/lib/python3.12/site-packages/hydra_ros-1.0.0-py3.12.egg-info
[0.294s] -- Installing: /home/siny/hydra_ws/install/hydra_ros/lib/python3.12/site-packages/hydra_ros-1.0.0-py3.12.egg-info/top_level.txt
[0.294s] -- Installing: /home/siny/hydra_ws/install/hydra_ros/lib/python3.12/site-packages/hydra_ros-1.0.0-py3.12.egg-info/PKG-INFO
[0.294s] -- Installing: /home/siny/hydra_ws/install/hydra_ros/lib/python3.12/site-packages/hydra_ros-1.0.0-py3.12.egg-info/SOURCES.txt
[0.294s] -- Installing: /home/siny/hydra_ws/install/hydra_ros/lib/python3.12/site-packages/hydra_ros-1.0.0-py3.12.egg-info/dependency_links.txt
[0.294s] -- Up-to-date: /home/siny/hydra_ws/install/hydra_ros/lib/python3.12/site-packages/hydra_ros
[0.294s] -- Up-to-date: /home/siny/hydra_ws/install/hydra_ros/lib/python3.12/site-packages/hydra_ros/__init__.py
[0.327s] Listing '/home/siny/hydra_ws/install/hydra_ros/lib/python3.12/site-packages/hydra_ros'...
[0.330s] -- Up-to-date: /home/siny/hydra_ws/install/hydra_ros/lib/hydra_ros/scene_graph_logger
[0.331s] -- Up-to-date: /home/siny/hydra_ws/install/hydra_ros/lib/libhydra_ros.so
[0.331s] -- Up-to-date: /home/siny/hydra_ws/install/hydra_ros/lib/hydra_ros/hydra_ros_node
[0.331s] -- Up-to-date: /home/siny/hydra_ws/install/hydra_ros/lib/hydra_ros/csv_to_tf
[0.331s] -- Up-to-date: /home/siny/hydra_ws/install/hydra_ros/lib/hydra_ros/dsg_republisher
[0.331s] -- Up-to-date: /home/siny/hydra_ws/install/hydra_ros/lib/hydra_ros/odom_to_tf
[0.331s] -- Up-to-date: /home/siny/hydra_ws/install/hydra_ros/lib/hydra_ros/noisy_tf_publisher
[0.331s] -- Up-to-date: /home/siny/hydra_ws/install/hydra_ros/include/
[0.331s] -- Up-to-date: /home/siny/hydra_ws/install/hydra_ros/include//hydra_ros
[0.331s] -- Up-to-date: /home/siny/hydra_ws/install/hydra_ros/include//hydra_ros/input
[0.332s] -- Up-to-date: /home/siny/hydra_ws/install/hydra_ros/include//hydra_ros/input/image_receiver.h
[0.332s] -- Up-to-date: /home/siny/hydra_ws/install/hydra_ros/include//hydra_ros/input/pointcloud_adaptor.h
[0.332s] -- Up-to-date: /home/siny/hydra_ws/install/hydra_ros/include//hydra_ros/input/pointcloud_receiver.h
[0.332s] -- Up-to-date: /home/siny/hydra_ws/install/hydra_ros/include//hydra_ros/input/ros_data_receiver.h
[0.332s] -- Up-to-date: /home/siny/hydra_ws/install/hydra_ros/include//hydra_ros/input/ros_input_module.h
[0.332s] -- Up-to-date: /home/siny/hydra_ws/install/hydra_ros/include//hydra_ros/input/ros_sensors.h
[0.333s] -- Up-to-date: /home/siny/hydra_ws/install/hydra_ros/include//hydra_ros/input/feature_receiver.h
[0.333s] -- Up-to-date: /home/siny/hydra_ws/install/hydra_ros/include//hydra_ros/visualizer
[0.333s] -- Up-to-date: /home/siny/hydra_ws/install/hydra_ros/include//hydra_ros/visualizer/feature_color_adaptors.h
[0.333s] -- Up-to-date: /home/siny/hydra_ws/install/hydra_ros/include//hydra_ros/visualizer/voxel_drawing.h
[0.333s] -- Up-to-date: /home/siny/hydra_ws/install/hydra_ros/include//hydra_ros/backend
[0.333s] -- Up-to-date: /home/siny/hydra_ws/install/hydra_ros/include//hydra_ros/backend/ros_backend_publisher.h
[0.333s] -- Up-to-date: /home/siny/hydra_ws/install/hydra_ros/include//hydra_ros/utils
[0.333s] -- Up-to-date: /home/siny/hydra_ws/install/hydra_ros/include//hydra_ros/utils/dsg_streaming_interface.h
[0.333s] -- Up-to-date: /home/siny/hydra_ws/install/hydra_ros/include//hydra_ros/utils/status_monitor.h
[0.333s] -- Up-to-date: /home/siny/hydra_ws/install/hydra_ros/include//hydra_ros/utils/input_data_to_messages.h
[0.333s] -- Up-to-date: /home/siny/hydra_ws/install/hydra_ros/include//hydra_ros/utils/external_loop_closure_subscriber.h
[0.333s] -- Up-to-date: /home/siny/hydra_ws/install/hydra_ros/include//hydra_ros/utils/scene_graph_logger.h
[0.333s] -- Up-to-date: /home/siny/hydra_ws/install/hydra_ros/include//hydra_ros/utils/bow_subscriber.h
[0.333s] -- Up-to-date: /home/siny/hydra_ws/install/hydra_ros/include//hydra_ros/utils/occupancy_publisher.h
[0.333s] -- Up-to-date: /home/siny/hydra_ws/install/hydra_ros/include//hydra_ros/utils/tf_lookup.h
[0.334s] -- Up-to-date: /home/siny/hydra_ws/install/hydra_ros/include//hydra_ros/odometry
[0.334s] -- Up-to-date: /home/siny/hydra_ws/install/hydra_ros/include//hydra_ros/odometry/ros_pose_graph_tracker.h
[0.334s] -- Up-to-date: /home/siny/hydra_ws/install/hydra_ros/include//hydra_ros/active_window
[0.334s] -- Up-to-date: /home/siny/hydra_ws/install/hydra_ros/include//hydra_ros/active_window/tsdf_occupancy_publisher.h
[0.334s] -- Up-to-date: /home/siny/hydra_ws/install/hydra_ros/include//hydra_ros/active_window/reconstruction_visualizer.h
[0.334s] -- Up-to-date: /home/siny/hydra_ws/install/hydra_ros/include//hydra_ros/openset
[0.334s] -- Up-to-date: /home/siny/hydra_ws/install/hydra_ros/include//hydra_ros/openset/ros_embedding_group.h
[0.334s] -- Up-to-date: /home/siny/hydra_ws/install/hydra_ros/include//hydra_ros/frontend
[0.334s] -- Up-to-date: /home/siny/hydra_ws/install/hydra_ros/include//hydra_ros/frontend/object_visualizer.h
[0.334s] -- Up-to-date: /home/siny/hydra_ws/install/hydra_ros/include//hydra_ros/frontend/ros_frontend_publisher.h
[0.334s] -- Up-to-date: /home/siny/hydra_ws/install/hydra_ros/include//hydra_ros/frontend/gvd_occupancy_publisher.h
[0.334s] -- Up-to-date: /home/siny/hydra_ws/install/hydra_ros/include//hydra_ros/frontend/gvd_visualization_utilities.h
[0.334s] -- Up-to-date: /home/siny/hydra_ws/install/hydra_ros/include//hydra_ros/frontend/places_visualizer.h
[0.334s] -- Up-to-date: /home/siny/hydra_ws/install/hydra_ros/include//hydra_ros/hydra_ros_pipeline.h
[0.334s] -- Up-to-date: /home/siny/hydra_ws/install/hydra_ros/share/hydra_ros/launch
[0.334s] -- Up-to-date: /home/siny/hydra_ws/install/hydra_ros/share/hydra_ros/launch/scene_graph_logger.launch.yaml
[0.334s] -- Up-to-date: /home/siny/hydra_ws/install/hydra_ros/share/hydra_ros/launch/datasets
[0.334s] -- Up-to-date: /home/siny/hydra_ws/install/hydra_ros/share/hydra_ros/launch/datasets/uhumans2.launch.yaml
[0.334s] -- Up-to-date: /home/siny/hydra_ws/install/hydra_ros/share/hydra_ros/launch/datasets/jackal_real.launch.yaml
[0.335s] -- Installing: /home/siny/hydra_ws/install/hydra_ros/share/hydra_ros/launch/datasets/debug_tf.launch.yaml
[0.335s] -- Up-to-date: /home/siny/hydra_ws/install/hydra_ros/share/hydra_ros/launch/datasets/a1.launch.yaml
[0.335s] -- Up-to-date: /home/siny/hydra_ws/install/hydra_ros/share/hydra_ros/launch/datasets/12uhumans1.launch.yaml
[0.335s] -- Up-to-date: /home/siny/hydra_ws/install/hydra_ros/share/hydra_ros/launch/datasets/zed2i.launch.yaml
[0.335s] -- Up-to-date: /home/siny/hydra_ws/install/hydra_ros/share/hydra_ros/launch/noisy_tf_publisher_node.launch.yaml
[0.335s] -- Up-to-date: /home/siny/hydra_ws/install/hydra_ros/share/hydra_ros/launch/hydra.launch.yaml
[0.335s] -- Up-to-date: /home/siny/hydra_ws/install/hydra_ros/share/hydra_ros/config
[0.335s] -- Up-to-date: /home/siny/hydra_ws/install/hydra_ros/share/hydra_ros/config/hydra_ros_visualizer_plugins.yaml
[0.335s] -- Up-to-date: /home/siny/hydra_ws/install/hydra_ros/share/hydra_ros/config/color
[0.335s] -- Up-to-date: /home/siny/hydra_ws/install/hydra_ros/share/hydra_ros/config/color/uhumans2_apartment.csv
[0.336s] -- Up-to-date: /home/siny/hydra_ws/install/hydra_ros/share/hydra_ros/config/color/uhumans2_office.csv
[0.336s] -- Up-to-date: /home/siny/hydra_ws/install/hydra_ros/share/hydra_ros/config/color/kitti_360.csv
[0.336s] -- Up-to-date: /home/siny/hydra_ws/install/hydra_ros/share/hydra_ros/config/color/uhumans2_subway.csv
[0.336s] -- Up-to-date: /home/siny/hydra_ws/install/hydra_ros/share/hydra_ros/config/color/phoenix.csv
[0.337s] -- Up-to-date: /home/siny/hydra_ws/install/hydra_ros/share/hydra_ros/config/sinks
[0.337s] -- Up-to-date: /home/siny/hydra_ws/install/hydra_ros/share/hydra_ros/config/sinks/active_window_sinks.yaml
[0.337s] -- Up-to-date: /home/siny/hydra_ws/install/hydra_ros/share/hydra_ros/config/sinks/gvd_places_sinks.yaml
[0.337s] -- Up-to-date: /home/siny/hydra_ws/install/hydra_ros/share/hydra_ros/config/sinks/mesh_segmenter_sinks.yaml
[0.337s] -- Up-to-date: /home/siny/hydra_ws/install/hydra_ros/share/hydra_ros/config/datasets
[0.337s] -- Up-to-date: /home/siny/hydra_ws/install/hydra_ros/share/hydra_ros/config/datasets/sidpac.yaml
[0.337s] -- Up-to-date: /home/siny/hydra_ws/install/hydra_ros/share/hydra_ros/config/datasets/a1.yaml
[0.337s] -- Up-to-date: /home/siny/hydra_ws/install/hydra_ros/share/hydra_ros/config/datasets/oakd.yaml
[0.338s] -- Up-to-date: /home/siny/hydra_ws/install/hydra_ros/share/hydra_ros/config/datasets/lis_spot.yaml
[0.338s] -- Up-to-date: /home/siny/hydra_ws/install/hydra_ros/share/hydra_ros/config/datasets/simmons.yaml
[0.338s] -- Up-to-date: /home/siny/hydra_ws/install/hydra_ros/share/hydra_ros/config/datasets/jackal.yaml
[0.338s] -- Up-to-date: /home/siny/hydra_ws/install/hydra_ros/share/hydra_ros/config/datasets/uhumans2.yaml
[0.338s] -- Up-to-date: /home/siny/hydra_ws/install/hydra_ros/share/hydra_ros/config/datasets/zed2i.yaml
[0.338s] -- Up-to-date: /home/siny/hydra_ws/install/hydra_ros/share/hydra_ros/config/datasets/kitti_360.yaml
[0.338s] -- Up-to-date: /home/siny/hydra_ws/install/hydra_ros/share/hydra_ros/environment/library_path.sh
[0.339s] -- Up-to-date: /home/siny/hydra_ws/install/hydra_ros/share/hydra_ros/environment/library_path.dsv
[0.339s] -- Up-to-date: /home/siny/hydra_ws/install/hydra_ros/share/ament_index/resource_index/package_run_dependencies/hydra_ros
[0.339s] -- Up-to-date: /home/siny/hydra_ws/install/hydra_ros/share/ament_index/resource_index/parent_prefix_path/hydra_ros
[0.339s] -- Up-to-date: /home/siny/hydra_ws/install/hydra_ros/share/hydra_ros/environment/ament_prefix_path.sh
[0.339s] -- Up-to-date: /home/siny/hydra_ws/install/hydra_ros/share/hydra_ros/environment/ament_prefix_path.dsv
[0.339s] -- Up-to-date: /home/siny/hydra_ws/install/hydra_ros/share/hydra_ros/environment/path.sh
[0.340s] -- Up-to-date: /home/siny/hydra_ws/install/hydra_ros/share/hydra_ros/environment/path.dsv
[0.340s] -- Up-to-date: /home/siny/hydra_ws/install/hydra_ros/share/hydra_ros/local_setup.bash
[0.340s] -- Up-to-date: /home/siny/hydra_ws/install/hydra_ros/share/hydra_ros/local_setup.sh
[0.341s] -- Up-to-date: /home/siny/hydra_ws/install/hydra_ros/share/hydra_ros/local_setup.zsh
[0.341s] -- Up-to-date: /home/siny/hydra_ws/install/hydra_ros/share/hydra_ros/local_setup.dsv
[0.341s] -- Installing: /home/siny/hydra_ws/install/hydra_ros/share/hydra_ros/package.dsv
[0.341s] -- Up-to-date: /home/siny/hydra_ws/install/hydra_ros/share/ament_index/resource_index/packages/hydra_ros
[0.341s] -- Up-to-date: /home/siny/hydra_ws/install/hydra_ros/share/ament_index/resource_index/rclcpp_components/hydra_ros
[0.342s] -- Up-to-date: /home/siny/hydra_ws/install/hydra_ros/share/hydra_ros/cmake/hydra_ros-targetsExport.cmake
[0.342s] -- Up-to-date: /home/siny/hydra_ws/install/hydra_ros/share/hydra_ros/cmake/hydra_ros-targetsExport-release.cmake
[0.342s] -- Up-to-date: /home/siny/hydra_ws/install/hydra_ros/share/hydra_ros/cmake/ament_cmake_export_targets-extras.cmake
[0.342s] -- Up-to-date: /home/siny/hydra_ws/install/hydra_ros/share/hydra_ros/cmake/ament_cmake_export_dependencies-extras.cmake
[0.343s] -- Up-to-date: /home/siny/hydra_ws/install/hydra_ros/share/hydra_ros/cmake/hydra_rosConfig.cmake
[0.343s] -- Up-to-date: /home/siny/hydra_ws/install/hydra_ros/share/hydra_ros/cmake/hydra_rosConfig-version.cmake
[0.343s] -- Up-to-date: /home/siny/hydra_ws/install/hydra_ros/share/hydra_ros/package.xml
[0.343s] Invoked command in '/home/siny/hydra_ws/build/hydra_ros' returned '0': CMAKE_PREFIX_PATH=/home/siny/hydra_ws/install/kimera_pgmo_ros:/home/siny/hydra_ws/install/hydra_visualizer:/home/siny/hydra_ws/install/hydra:/home/siny/hydra_ws/install/pose_graph_tools_ros:/home/siny/hydra_ws/install/kimera_pgmo_rviz:/home/siny/hydra_ws/install/kimera_pgmo:/home/siny/hydra_ws/install/config_utilities_ros:/home/siny/hydra_ws/install/teaserpp:/home/siny/hydra_ws/install/spatial_hash:/home/siny/hydra_ws/install/spark_dsg:/home/siny/hydra_ws/install/semantic_inference_msgs:/home/siny/hydra_ws/install/pose_graph_tools_msgs:/home/siny/hydra_ws/install/pose_graph_tools:/home/siny/hydra_ws/install/kimera_rpgo:/home/siny/hydra_ws/install/kimera_pgmo_msgs:/home/siny/hydra_ws/install/ianvs:/home/siny/hydra_ws/install/hydra_msgs:/home/siny/hydra_ws/install/config_utilities_msgs:/home/siny/hydra_ws/install/config_utilities:/opt/ros/jazzy/opt/gz_math_vendor:/opt/ros/jazzy/opt/gz_utils_vendor:/opt/ros/jazzy/opt/gz_cmake_vendor:/home/siny/hydra_ws/install/hydra_ros:/home/siny/hydra_ws/install/semantic_inference_ros:/home/siny/hydra_ws/install/semantic_inference:/opt/ros/jazzy DEBUGINFOD_URLS=https://debuginfod.ubuntu.com LD_LIBRARY_PATH=/home/siny/hydra_ws/install/kimera_pgmo_ros/lib:/home/siny/hydra_ws/install/hydra_visualizer/lib:/home/siny/hydra_ws/install/hydra/lib:/home/siny/hydra_ws/install/pose_graph_tools_ros/lib:/home/siny/hydra_ws/install/kimera_pgmo_rviz/lib:/home/siny/hydra_ws/install/kimera_pgmo/lib:/home/siny/hydra_ws/install/config_utilities_ros/lib:/home/siny/hydra_ws/install/teaserpp/lib:/home/siny/hydra_ws/install/spark_dsg/lib:/home/siny/hydra_ws/install/semantic_inference_msgs/lib:/home/siny/hydra_ws/install/pose_graph_tools_msgs/lib:/home/siny/hydra_ws/install/pose_graph_tools/lib:/home/siny/hydra_ws/install/kimera_rpgo/lib:/home/siny/hydra_ws/install/kimera_pgmo_msgs/lib:/home/siny/hydra_ws/install/ianvs/lib:/home/siny/hydra_ws/install/hydra_msgs/lib:/home/siny/hydra_ws/install/config_utilities_msgs/lib:/home/siny/hydra_ws/install/config_utilities/lib:/opt/ros/jazzy/opt/rviz_ogre_vendor/lib:/opt/ros/jazzy/lib/aarch64-linux-gnu:/opt/ros/jazzy/opt/gz_math_vendor/lib:/opt/ros/jazzy/opt/gz_utils_vendor/lib:/opt/ros/jazzy/opt/gz_cmake_vendor/lib:/opt/ros/jazzy/lib:/home/siny/hydra_ws/install/hydra_ros/lib:/home/siny/hydra_ws/install/semantic_inference_ros/lib:/home/siny/hydra_ws/install/semantic_inference/lib PATH=/home/siny/hydra_ws/install/kimera_pgmo/bin:/home/siny/hydra_ws/install/spark_dsg/bin:/home/siny/hydra_ws/install/config_utilities/bin:/opt/ros/jazzy/bin:/home/siny/hydra_ws/install/semantic_inference/bin:/home/siny/anaconda3/condabin:/home/siny/.local/bin:/usr/local/cuda/bin:/opt/bin:/usr/local/sbin:/usr/local/bin:/usr/sbin:/usr/bin:/sbin:/bin:/usr/games:/usr/local/games:/snap/bin:/snap/bin PKG_CONFIG_PATH=/home/siny/hydra_ws/install/hydra/lib/aarch64-linux-gnu/pkgconfig:/home/siny/hydra_ws/install/hydra/lib/pkgconfig:/home/siny/hydra_ws/install/kimera_pgmo/lib/aarch64-linux-gnu/pkgconfig:/home/siny/hydra_ws/install/kimera_pgmo/lib/pkgconfig:/home/siny/hydra_ws/install/teaserpp/lib/aarch64-linux-gnu/pkgconfig:/home/siny/hydra_ws/install/teaserpp/lib/pkgconfig:/home/siny/hydra_ws/install/spatial_hash/lib/aarch64-linux-gnu/pkgconfig:/home/siny/hydra_ws/install/spatial_hash/lib/pkgconfig:/home/siny/hydra_ws/install/spark_dsg/lib/aarch64-linux-gnu/pkgconfig:/home/siny/hydra_ws/install/spark_dsg/lib/pkgconfig:/home/siny/hydra_ws/install/pose_graph_tools/lib/aarch64-linux-gnu/pkgconfig:/home/siny/hydra_ws/install/pose_graph_tools/lib/pkgconfig:/home/siny/hydra_ws/install/kimera_rpgo/lib/aarch64-linux-gnu/pkgconfig:/home/siny/hydra_ws/install/kimera_rpgo/lib/pkgconfig:/home/siny/hydra_ws/install/config_utilities/lib/aarch64-linux-gnu/pkgconfig:/home/siny/hydra_ws/install/config_utilities/lib/pkgconfig:/home/siny/hydra_ws/install/semantic_inference/lib/aarch64-linux-gnu/pkgconfig:/home/siny/hydra_ws/install/semantic_inference/lib/pkgconfig PYTHONPATH=/home/siny/hydra_ws/install/config_utilities_ros/lib/python3.12/site-packages:/home/siny/hydra_ws/install/semantic_inference_msgs/lib/python3.12/site-packages:/home/siny/hydra_ws/install/pose_graph_tools_msgs/lib/python3.12/site-packages:/home/siny/hydra_ws/install/kimera_pgmo_msgs/lib/python3.12/site-packages:/home/siny/hydra_ws/install/ianvs/lib/python3.12/site-packages:/home/siny/hydra_ws/install/hydra_msgs/lib/python3.12/site-packages:/home/siny/hydra_ws/install/config_utilities_msgs/lib/python3.12/site-packages:/opt/ros/jazzy/lib/python3.12/site-packages:/home/siny/hydra_ws/install/hydra_ros/lib/python3.12/site-packages:/home/siny/hydra_ws/install/semantic_inference_ros/lib/python3.12/site-packages /usr/bin/cmake --install /home/siny/hydra_ws/build/hydra_ros
