[0.020s] Invoking command in '/home/siny/hydra_ws/build/hydra_msgs': CMAKE_PREFIX_PATH=${CMAKE_PREFIX_PATH}:/opt/ros/jazzy CONDA_PROMPT_MODIFIER=(base) DEBUGINFOD_URLS=https://debuginfod.ubuntu.com /usr/bin/cmake --build /home/siny/hydra_ws/build/hydra_msgs -- -j20 -l20
[0.060s] [  1%] Built target hydra_msgs__rosidl_generator_type_description
[0.080s] [  1%] Built target ament_cmake_python_copy_hydra_msgs
[0.083s] [  2%] Built target hydra_msgs__cpp
[0.095s] [ 26%] Built target hydra_msgs__rosidl_generator_c
[0.129s] [ 36%] Built target hydra_msgs__rosidl_typesupport_c
[0.132s] [ 45%] Built target hydra_msgs__rosidl_typesupport_fastrtps_cpp
[0.139s] [ 55%] Built target hydra_msgs__rosidl_typesupport_introspection_cpp
[0.171s] [ 64%] Built target hydra_msgs__rosidl_typesupport_introspection_c
[0.171s] [ 74%] Built target hydra_msgs__rosidl_typesupport_cpp
[0.171s] [ 84%] Built target hydra_msgs__rosidl_typesupport_fastrtps_c
[0.178s] [ 84%] Built target hydra_msgs
[0.198s] [ 85%] Built target hydra_msgs__py
[0.223s] [ 93%] Built target hydra_msgs__rosidl_generator_py
[0.232s] running egg_info
[0.240s] writing hydra_msgs.egg-info/PKG-INFO
[0.240s] writing dependency_links to hydra_msgs.egg-info/dependency_links.txt
[0.240s] writing top-level names to hydra_msgs.egg-info/top_level.txt
[0.245s] [ 95%] Built target hydra_msgs_s__rosidl_typesupport_c
[0.245s] [ 97%] Built target hydra_msgs_s__rosidl_typesupport_fastrtps_c
[0.246s] [100%] Built target hydra_msgs_s__rosidl_typesupport_introspection_c
[0.265s] reading manifest file 'hydra_msgs.egg-info/SOURCES.txt'
[0.265s] writing manifest file 'hydra_msgs.egg-info/SOURCES.txt'
[0.289s] [100%] Built target ament_cmake_python_build_hydra_msgs_egg
[0.301s] Invoked command in '/home/siny/hydra_ws/build/hydra_msgs' returned '0': CMAKE_PREFIX_PATH=${CMAKE_PREFIX_PATH}:/opt/ros/jazzy CONDA_PROMPT_MODIFIER=(base) DEBUGINFOD_URLS=https://debuginfod.ubuntu.com /usr/bin/cmake --build /home/siny/hydra_ws/build/hydra_msgs -- -j20 -l20
[0.301s] Invoking command in '/home/siny/hydra_ws/build/hydra_msgs': CMAKE_PREFIX_PATH=${CMAKE_PREFIX_PATH}:/opt/ros/jazzy CONDA_PROMPT_MODIFIER=(base) DEBUGINFOD_URLS=https://debuginfod.ubuntu.com /usr/bin/cmake --install /home/siny/hydra_ws/build/hydra_msgs
[0.314s] -- Install configuration: "Release"
[0.315s] -- Up-to-date: /home/siny/hydra_ws/install/hydra_msgs/share/ament_index/resource_index/rosidl_interfaces/hydra_msgs
[0.316s] -- Up-to-date: /home/siny/hydra_ws/install/hydra_msgs/share/hydra_msgs/msg/ActiveLayer.json
[0.316s] -- Up-to-date: /home/siny/hydra_ws/install/hydra_msgs/share/hydra_msgs/msg/DsgUpdate.json
[0.317s] -- Up-to-date: /home/siny/hydra_ws/install/hydra_msgs/share/hydra_msgs/msg/NodeLabelUpdate.json
[0.317s] -- Up-to-date: /home/siny/hydra_ws/install/hydra_msgs/share/hydra_msgs/msg/LabelUpdateRequest.json
[0.317s] -- Up-to-date: /home/siny/hydra_ws/install/hydra_msgs/share/hydra_msgs/msg/PlaceNode.json
[0.317s] -- Up-to-date: /home/siny/hydra_ws/install/hydra_msgs/share/hydra_msgs/msg/PlaceNodeArray.json
[0.317s] -- Up-to-date: /home/siny/hydra_ws/install/hydra_msgs/share/hydra_msgs/srv/GetDsg.json
[0.318s] -- Up-to-date: /home/siny/hydra_ws/install/hydra_msgs/include/hydra_msgs/hydra_msgs
[0.318s] -- Up-to-date: /home/siny/hydra_ws/install/hydra_msgs/include/hydra_msgs/hydra_msgs/srv
[0.319s] -- Up-to-date: /home/siny/hydra_ws/install/hydra_msgs/include/hydra_msgs/hydra_msgs/srv/get_dsg.h
[0.319s] -- Up-to-date: /home/siny/hydra_ws/install/hydra_msgs/include/hydra_msgs/hydra_msgs/srv/detail
[0.320s] -- Up-to-date: /home/siny/hydra_ws/install/hydra_msgs/include/hydra_msgs/hydra_msgs/srv/detail/get_dsg__functions.h
[0.320s] -- Up-to-date: /home/siny/hydra_ws/install/hydra_msgs/include/hydra_msgs/hydra_msgs/srv/detail/get_dsg__functions.c
[0.320s] -- Up-to-date: /home/siny/hydra_ws/install/hydra_msgs/include/hydra_msgs/hydra_msgs/srv/detail/get_dsg__type_support.c
[0.320s] -- Up-to-date: /home/siny/hydra_ws/install/hydra_msgs/include/hydra_msgs/hydra_msgs/srv/detail/get_dsg__struct.h
[0.321s] -- Up-to-date: /home/siny/hydra_ws/install/hydra_msgs/include/hydra_msgs/hydra_msgs/srv/detail/get_dsg__description.c
[0.321s] -- Up-to-date: /home/siny/hydra_ws/install/hydra_msgs/include/hydra_msgs/hydra_msgs/srv/detail/get_dsg__type_support.h
[0.321s] -- Up-to-date: /home/siny/hydra_ws/install/hydra_msgs/include/hydra_msgs/hydra_msgs/msg
[0.321s] -- Up-to-date: /home/siny/hydra_ws/install/hydra_msgs/include/hydra_msgs/hydra_msgs/msg/place_node.h
[0.321s] -- Up-to-date: /home/siny/hydra_ws/install/hydra_msgs/include/hydra_msgs/hydra_msgs/msg/rosidl_generator_c__visibility_control.h
[0.321s] -- Up-to-date: /home/siny/hydra_ws/install/hydra_msgs/include/hydra_msgs/hydra_msgs/msg/active_layer.h
[0.322s] -- Up-to-date: /home/siny/hydra_ws/install/hydra_msgs/include/hydra_msgs/hydra_msgs/msg/node_label_update.h
[0.322s] -- Up-to-date: /home/siny/hydra_ws/install/hydra_msgs/include/hydra_msgs/hydra_msgs/msg/label_update_request.h
[0.322s] -- Up-to-date: /home/siny/hydra_ws/install/hydra_msgs/include/hydra_msgs/hydra_msgs/msg/dsg_update.h
[0.322s] -- Up-to-date: /home/siny/hydra_ws/install/hydra_msgs/include/hydra_msgs/hydra_msgs/msg/place_node_array.h
[0.322s] -- Up-to-date: /home/siny/hydra_ws/install/hydra_msgs/include/hydra_msgs/hydra_msgs/msg/detail
[0.323s] -- Up-to-date: /home/siny/hydra_ws/install/hydra_msgs/include/hydra_msgs/hydra_msgs/msg/detail/label_update_request__type_support.c
[0.323s] -- Up-to-date: /home/siny/hydra_ws/install/hydra_msgs/include/hydra_msgs/hydra_msgs/msg/detail/label_update_request__type_support.h
[0.323s] -- Up-to-date: /home/siny/hydra_ws/install/hydra_msgs/include/hydra_msgs/hydra_msgs/msg/detail/place_node__type_support.h
[0.323s] -- Up-to-date: /home/siny/hydra_ws/install/hydra_msgs/include/hydra_msgs/hydra_msgs/msg/detail/node_label_update__type_support.h
[0.324s] -- Up-to-date: /home/siny/hydra_ws/install/hydra_msgs/include/hydra_msgs/hydra_msgs/msg/detail/label_update_request__struct.h
[0.324s] -- Up-to-date: /home/siny/hydra_ws/install/hydra_msgs/include/hydra_msgs/hydra_msgs/msg/detail/label_update_request__description.c
[0.324s] -- Up-to-date: /home/siny/hydra_ws/install/hydra_msgs/include/hydra_msgs/hydra_msgs/msg/detail/label_update_request__functions.h
[0.324s] -- Up-to-date: /home/siny/hydra_ws/install/hydra_msgs/include/hydra_msgs/hydra_msgs/msg/detail/place_node_array__functions.h
[0.324s] -- Up-to-date: /home/siny/hydra_ws/install/hydra_msgs/include/hydra_msgs/hydra_msgs/msg/detail/place_node_array__description.c
[0.325s] -- Up-to-date: /home/siny/hydra_ws/install/hydra_msgs/include/hydra_msgs/hydra_msgs/msg/detail/place_node_array__type_support.h
[0.325s] -- Up-to-date: /home/siny/hydra_ws/install/hydra_msgs/include/hydra_msgs/hydra_msgs/msg/detail/place_node__functions.h
[0.325s] -- Up-to-date: /home/siny/hydra_ws/install/hydra_msgs/include/hydra_msgs/hydra_msgs/msg/detail/active_layer__description.c
[0.325s] -- Up-to-date: /home/siny/hydra_ws/install/hydra_msgs/include/hydra_msgs/hydra_msgs/msg/detail/place_node__type_support.c
[0.325s] -- Up-to-date: /home/siny/hydra_ws/install/hydra_msgs/include/hydra_msgs/hydra_msgs/msg/detail/place_node__struct.h
[0.326s] -- Up-to-date: /home/siny/hydra_ws/install/hydra_msgs/include/hydra_msgs/hydra_msgs/msg/detail/dsg_update__functions.c
[0.326s] -- Up-to-date: /home/siny/hydra_ws/install/hydra_msgs/include/hydra_msgs/hydra_msgs/msg/detail/place_node_array__type_support.c
[0.328s] -- Up-to-date: /home/siny/hydra_ws/install/hydra_msgs/include/hydra_msgs/hydra_msgs/msg/detail/label_update_request__functions.c
[0.328s] -- Up-to-date: /home/siny/hydra_ws/install/hydra_msgs/include/hydra_msgs/hydra_msgs/msg/detail/active_layer__type_support.h
[0.328s] -- Up-to-date: /home/siny/hydra_ws/install/hydra_msgs/include/hydra_msgs/hydra_msgs/msg/detail/place_node__description.c
[0.328s] -- Up-to-date: /home/siny/hydra_ws/install/hydra_msgs/include/hydra_msgs/hydra_msgs/msg/detail/active_layer__functions.c
[0.328s] -- Up-to-date: /home/siny/hydra_ws/install/hydra_msgs/include/hydra_msgs/hydra_msgs/msg/detail/dsg_update__type_support.h
[0.328s] -- Up-to-date: /home/siny/hydra_ws/install/hydra_msgs/include/hydra_msgs/hydra_msgs/msg/detail/place_node_array__struct.h
[0.328s] -- Up-to-date: /home/siny/hydra_ws/install/hydra_msgs/include/hydra_msgs/hydra_msgs/msg/detail/dsg_update__description.c
[0.329s] -- Up-to-date: /home/siny/hydra_ws/install/hydra_msgs/include/hydra_msgs/hydra_msgs/msg/detail/node_label_update__struct.h
[0.329s] -- Up-to-date: /home/siny/hydra_ws/install/hydra_msgs/include/hydra_msgs/hydra_msgs/msg/detail/place_node_array__functions.c
[0.329s] -- Up-to-date: /home/siny/hydra_ws/install/hydra_msgs/include/hydra_msgs/hydra_msgs/msg/detail/node_label_update__type_support.c
[0.329s] -- Up-to-date: /home/siny/hydra_ws/install/hydra_msgs/include/hydra_msgs/hydra_msgs/msg/detail/active_layer__struct.h
[0.329s] -- Up-to-date: /home/siny/hydra_ws/install/hydra_msgs/include/hydra_msgs/hydra_msgs/msg/detail/node_label_update__functions.h
[0.329s] -- Up-to-date: /home/siny/hydra_ws/install/hydra_msgs/include/hydra_msgs/hydra_msgs/msg/detail/dsg_update__type_support.c
[0.329s] -- Up-to-date: /home/siny/hydra_ws/install/hydra_msgs/include/hydra_msgs/hydra_msgs/msg/detail/dsg_update__functions.h
[0.329s] -- Up-to-date: /home/siny/hydra_ws/install/hydra_msgs/include/hydra_msgs/hydra_msgs/msg/detail/place_node__functions.c
[0.329s] -- Up-to-date: /home/siny/hydra_ws/install/hydra_msgs/include/hydra_msgs/hydra_msgs/msg/detail/active_layer__type_support.c
[0.329s] -- Up-to-date: /home/siny/hydra_ws/install/hydra_msgs/include/hydra_msgs/hydra_msgs/msg/detail/node_label_update__description.c
[0.329s] -- Up-to-date: /home/siny/hydra_ws/install/hydra_msgs/include/hydra_msgs/hydra_msgs/msg/detail/dsg_update__struct.h
[0.330s] -- Up-to-date: /home/siny/hydra_ws/install/hydra_msgs/include/hydra_msgs/hydra_msgs/msg/detail/node_label_update__functions.c
[0.331s] -- Up-to-date: /home/siny/hydra_ws/install/hydra_msgs/include/hydra_msgs/hydra_msgs/msg/detail/active_layer__functions.h
[0.335s] -- Up-to-date: /home/siny/hydra_ws/install/hydra_msgs/share/hydra_msgs/environment/library_path.sh
[0.335s] -- Up-to-date: /home/siny/hydra_ws/install/hydra_msgs/share/hydra_msgs/environment/library_path.dsv
[0.336s] -- Up-to-date: /home/siny/hydra_ws/install/hydra_msgs/lib/libhydra_msgs__rosidl_generator_c.so
[0.340s] -- Up-to-date: /home/siny/hydra_ws/install/hydra_msgs/include/hydra_msgs/hydra_msgs
[0.340s] -- Up-to-date: /home/siny/hydra_ws/install/hydra_msgs/include/hydra_msgs/hydra_msgs/srv
[0.340s] -- Up-to-date: /home/siny/hydra_ws/install/hydra_msgs/include/hydra_msgs/hydra_msgs/srv/detail
[0.342s] -- Up-to-date: /home/siny/hydra_ws/install/hydra_msgs/include/hydra_msgs/hydra_msgs/srv/detail/get_dsg__rosidl_typesupport_fastrtps_c.h
[0.342s] -- Up-to-date: /home/siny/hydra_ws/install/hydra_msgs/include/hydra_msgs/hydra_msgs/msg
[0.343s] -- Up-to-date: /home/siny/hydra_ws/install/hydra_msgs/include/hydra_msgs/hydra_msgs/msg/rosidl_typesupport_fastrtps_c__visibility_control.h
[0.343s] -- Up-to-date: /home/siny/hydra_ws/install/hydra_msgs/include/hydra_msgs/hydra_msgs/msg/detail
[0.343s] -- Up-to-date: /home/siny/hydra_ws/install/hydra_msgs/include/hydra_msgs/hydra_msgs/msg/detail/label_update_request__rosidl_typesupport_fastrtps_c.h
[0.343s] -- Up-to-date: /home/siny/hydra_ws/install/hydra_msgs/include/hydra_msgs/hydra_msgs/msg/detail/active_layer__rosidl_typesupport_fastrtps_c.h
[0.343s] -- Up-to-date: /home/siny/hydra_ws/install/hydra_msgs/include/hydra_msgs/hydra_msgs/msg/detail/dsg_update__rosidl_typesupport_fastrtps_c.h
[0.344s] -- Up-to-date: /home/siny/hydra_ws/install/hydra_msgs/include/hydra_msgs/hydra_msgs/msg/detail/node_label_update__rosidl_typesupport_fastrtps_c.h
[0.344s] -- Up-to-date: /home/siny/hydra_ws/install/hydra_msgs/include/hydra_msgs/hydra_msgs/msg/detail/place_node_array__rosidl_typesupport_fastrtps_c.h
[0.345s] -- Up-to-date: /home/siny/hydra_ws/install/hydra_msgs/include/hydra_msgs/hydra_msgs/msg/detail/place_node__rosidl_typesupport_fastrtps_c.h
[0.345s] -- Up-to-date: /home/siny/hydra_ws/install/hydra_msgs/lib/libhydra_msgs__rosidl_typesupport_fastrtps_c.so
[0.350s] -- Up-to-date: /home/siny/hydra_ws/install/hydra_msgs/include/hydra_msgs/hydra_msgs
[0.350s] -- Up-to-date: /home/siny/hydra_ws/install/hydra_msgs/include/hydra_msgs/hydra_msgs/srv
[0.351s] -- Up-to-date: /home/siny/hydra_ws/install/hydra_msgs/include/hydra_msgs/hydra_msgs/srv/get_dsg.hpp
[0.351s] -- Up-to-date: /home/siny/hydra_ws/install/hydra_msgs/include/hydra_msgs/hydra_msgs/srv/detail
[0.351s] -- Up-to-date: /home/siny/hydra_ws/install/hydra_msgs/include/hydra_msgs/hydra_msgs/srv/detail/get_dsg__struct.hpp
[0.351s] -- Up-to-date: /home/siny/hydra_ws/install/hydra_msgs/include/hydra_msgs/hydra_msgs/srv/detail/get_dsg__traits.hpp
[0.352s] -- Up-to-date: /home/siny/hydra_ws/install/hydra_msgs/include/hydra_msgs/hydra_msgs/srv/detail/get_dsg__builder.hpp
[0.352s] -- Up-to-date: /home/siny/hydra_ws/install/hydra_msgs/include/hydra_msgs/hydra_msgs/srv/detail/get_dsg__type_support.hpp
[0.353s] -- Up-to-date: /home/siny/hydra_ws/install/hydra_msgs/include/hydra_msgs/hydra_msgs/msg
[0.353s] -- Up-to-date: /home/siny/hydra_ws/install/hydra_msgs/include/hydra_msgs/hydra_msgs/msg/place_node_array.hpp
[0.353s] -- Up-to-date: /home/siny/hydra_ws/install/hydra_msgs/include/hydra_msgs/hydra_msgs/msg/label_update_request.hpp
[0.353s] -- Up-to-date: /home/siny/hydra_ws/install/hydra_msgs/include/hydra_msgs/hydra_msgs/msg/dsg_update.hpp
[0.353s] -- Up-to-date: /home/siny/hydra_ws/install/hydra_msgs/include/hydra_msgs/hydra_msgs/msg/active_layer.hpp
[0.354s] -- Up-to-date: /home/siny/hydra_ws/install/hydra_msgs/include/hydra_msgs/hydra_msgs/msg/detail
[0.354s] -- Up-to-date: /home/siny/hydra_ws/install/hydra_msgs/include/hydra_msgs/hydra_msgs/msg/detail/place_node__builder.hpp
[0.354s] -- Up-to-date: /home/siny/hydra_ws/install/hydra_msgs/include/hydra_msgs/hydra_msgs/msg/detail/place_node_array__type_support.hpp
[0.354s] -- Up-to-date: /home/siny/hydra_ws/install/hydra_msgs/include/hydra_msgs/hydra_msgs/msg/detail/label_update_request__builder.hpp
[0.354s] -- Up-to-date: /home/siny/hydra_ws/install/hydra_msgs/include/hydra_msgs/hydra_msgs/msg/detail/place_node__traits.hpp
[0.355s] -- Up-to-date: /home/siny/hydra_ws/install/hydra_msgs/include/hydra_msgs/hydra_msgs/msg/detail/dsg_update__builder.hpp
[0.355s] -- Up-to-date: /home/siny/hydra_ws/install/hydra_msgs/include/hydra_msgs/hydra_msgs/msg/detail/node_label_update__type_support.hpp
[0.355s] -- Up-to-date: /home/siny/hydra_ws/install/hydra_msgs/include/hydra_msgs/hydra_msgs/msg/detail/label_update_request__type_support.hpp
[0.356s] -- Up-to-date: /home/siny/hydra_ws/install/hydra_msgs/include/hydra_msgs/hydra_msgs/msg/detail/node_label_update__traits.hpp
[0.356s] -- Up-to-date: /home/siny/hydra_ws/install/hydra_msgs/include/hydra_msgs/hydra_msgs/msg/detail/active_layer__type_support.hpp
[0.356s] -- Up-to-date: /home/siny/hydra_ws/install/hydra_msgs/include/hydra_msgs/hydra_msgs/msg/detail/active_layer__struct.hpp
[0.356s] -- Up-to-date: /home/siny/hydra_ws/install/hydra_msgs/include/hydra_msgs/hydra_msgs/msg/detail/place_node__struct.hpp
[0.356s] -- Up-to-date: /home/siny/hydra_ws/install/hydra_msgs/include/hydra_msgs/hydra_msgs/msg/detail/active_layer__builder.hpp
[0.358s] -- Up-to-date: /home/siny/hydra_ws/install/hydra_msgs/include/hydra_msgs/hydra_msgs/msg/detail/node_label_update__struct.hpp
[0.366s] -- Up-to-date: /home/siny/hydra_ws/install/hydra_msgs/include/hydra_msgs/hydra_msgs/msg/detail/label_update_request__traits.hpp
[0.366s] -- Up-to-date: /home/siny/hydra_ws/install/hydra_msgs/include/hydra_msgs/hydra_msgs/msg/detail/place_node_array__traits.hpp
[0.366s] -- Up-to-date: /home/siny/hydra_ws/install/hydra_msgs/include/hydra_msgs/hydra_msgs/msg/detail/place_node_array__struct.hpp
[0.366s] -- Up-to-date: /home/siny/hydra_ws/install/hydra_msgs/include/hydra_msgs/hydra_msgs/msg/detail/place_node__type_support.hpp
[0.366s] -- Up-to-date: /home/siny/hydra_ws/install/hydra_msgs/include/hydra_msgs/hydra_msgs/msg/detail/node_label_update__builder.hpp
[0.367s] -- Up-to-date: /home/siny/hydra_ws/install/hydra_msgs/include/hydra_msgs/hydra_msgs/msg/detail/dsg_update__type_support.hpp
[0.367s] -- Up-to-date: /home/siny/hydra_ws/install/hydra_msgs/include/hydra_msgs/hydra_msgs/msg/detail/dsg_update__traits.hpp
[0.367s] -- Up-to-date: /home/siny/hydra_ws/install/hydra_msgs/include/hydra_msgs/hydra_msgs/msg/detail/active_layer__traits.hpp
[0.367s] -- Up-to-date: /home/siny/hydra_ws/install/hydra_msgs/include/hydra_msgs/hydra_msgs/msg/detail/label_update_request__struct.hpp
[0.367s] -- Up-to-date: /home/siny/hydra_ws/install/hydra_msgs/include/hydra_msgs/hydra_msgs/msg/detail/dsg_update__struct.hpp
[0.367s] -- Up-to-date: /home/siny/hydra_ws/install/hydra_msgs/include/hydra_msgs/hydra_msgs/msg/detail/place_node_array__builder.hpp
[0.367s] -- Up-to-date: /home/siny/hydra_ws/install/hydra_msgs/include/hydra_msgs/hydra_msgs/msg/place_node.hpp
[0.368s] -- Up-to-date: /home/siny/hydra_ws/install/hydra_msgs/include/hydra_msgs/hydra_msgs/msg/rosidl_generator_cpp__visibility_control.hpp
[0.368s] -- Up-to-date: /home/siny/hydra_ws/install/hydra_msgs/include/hydra_msgs/hydra_msgs/msg/node_label_update.hpp
[0.368s] -- Up-to-date: /home/siny/hydra_ws/install/hydra_msgs/include/hydra_msgs/hydra_msgs
[0.368s] -- Up-to-date: /home/siny/hydra_ws/install/hydra_msgs/include/hydra_msgs/hydra_msgs/srv
[0.368s] -- Up-to-date: /home/siny/hydra_ws/install/hydra_msgs/include/hydra_msgs/hydra_msgs/srv/detail
[0.369s] -- Up-to-date: /home/siny/hydra_ws/install/hydra_msgs/include/hydra_msgs/hydra_msgs/srv/detail/dds_fastrtps
[0.369s] -- Up-to-date: /home/siny/hydra_ws/install/hydra_msgs/include/hydra_msgs/hydra_msgs/srv/detail/get_dsg__rosidl_typesupport_fastrtps_cpp.hpp
[0.369s] -- Up-to-date: /home/siny/hydra_ws/install/hydra_msgs/include/hydra_msgs/hydra_msgs/msg
[0.369s] -- Up-to-date: /home/siny/hydra_ws/install/hydra_msgs/include/hydra_msgs/hydra_msgs/msg/rosidl_typesupport_fastrtps_cpp__visibility_control.h
[0.369s] -- Up-to-date: /home/siny/hydra_ws/install/hydra_msgs/include/hydra_msgs/hydra_msgs/msg/detail
[0.370s] -- Up-to-date: /home/siny/hydra_ws/install/hydra_msgs/include/hydra_msgs/hydra_msgs/msg/detail/label_update_request__rosidl_typesupport_fastrtps_cpp.hpp
[0.370s] -- Up-to-date: /home/siny/hydra_ws/install/hydra_msgs/include/hydra_msgs/hydra_msgs/msg/detail/node_label_update__rosidl_typesupport_fastrtps_cpp.hpp
[0.370s] -- Up-to-date: /home/siny/hydra_ws/install/hydra_msgs/include/hydra_msgs/hydra_msgs/msg/detail/dds_fastrtps
[0.370s] -- Up-to-date: /home/siny/hydra_ws/install/hydra_msgs/include/hydra_msgs/hydra_msgs/msg/detail/place_node__rosidl_typesupport_fastrtps_cpp.hpp
[0.370s] -- Up-to-date: /home/siny/hydra_ws/install/hydra_msgs/include/hydra_msgs/hydra_msgs/msg/detail/active_layer__rosidl_typesupport_fastrtps_cpp.hpp
[0.371s] -- Up-to-date: /home/siny/hydra_ws/install/hydra_msgs/include/hydra_msgs/hydra_msgs/msg/detail/dsg_update__rosidl_typesupport_fastrtps_cpp.hpp
[0.371s] -- Up-to-date: /home/siny/hydra_ws/install/hydra_msgs/include/hydra_msgs/hydra_msgs/msg/detail/place_node_array__rosidl_typesupport_fastrtps_cpp.hpp
[0.371s] -- Up-to-date: /home/siny/hydra_ws/install/hydra_msgs/lib/libhydra_msgs__rosidl_typesupport_fastrtps_cpp.so
[0.371s] -- Up-to-date: /home/siny/hydra_ws/install/hydra_msgs/include/hydra_msgs/hydra_msgs
[0.371s] -- Up-to-date: /home/siny/hydra_ws/install/hydra_msgs/include/hydra_msgs/hydra_msgs/srv
[0.372s] -- Up-to-date: /home/siny/hydra_ws/install/hydra_msgs/include/hydra_msgs/hydra_msgs/srv/detail
[0.372s] -- Up-to-date: /home/siny/hydra_ws/install/hydra_msgs/include/hydra_msgs/hydra_msgs/srv/detail/get_dsg__rosidl_typesupport_introspection_c.h
[0.372s] -- Up-to-date: /home/siny/hydra_ws/install/hydra_msgs/include/hydra_msgs/hydra_msgs/srv/detail/get_dsg__type_support.c
[0.372s] -- Up-to-date: /home/siny/hydra_ws/install/hydra_msgs/include/hydra_msgs/hydra_msgs/msg
[0.372s] -- Up-to-date: /home/siny/hydra_ws/install/hydra_msgs/include/hydra_msgs/hydra_msgs/msg/detail
[0.372s] -- Up-to-date: /home/siny/hydra_ws/install/hydra_msgs/include/hydra_msgs/hydra_msgs/msg/detail/label_update_request__type_support.c
[0.373s] -- Up-to-date: /home/siny/hydra_ws/install/hydra_msgs/include/hydra_msgs/hydra_msgs/msg/detail/place_node_array__rosidl_typesupport_introspection_c.h
[0.373s] -- Up-to-date: /home/siny/hydra_ws/install/hydra_msgs/include/hydra_msgs/hydra_msgs/msg/detail/node_label_update__rosidl_typesupport_introspection_c.h
[0.373s] -- Up-to-date: /home/siny/hydra_ws/install/hydra_msgs/include/hydra_msgs/hydra_msgs/msg/detail/place_node__type_support.c
[0.373s] -- Up-to-date: /home/siny/hydra_ws/install/hydra_msgs/include/hydra_msgs/hydra_msgs/msg/detail/place_node_array__type_support.c
[0.373s] -- Up-to-date: /home/siny/hydra_ws/install/hydra_msgs/include/hydra_msgs/hydra_msgs/msg/detail/node_label_update__type_support.c
[0.373s] -- Up-to-date: /home/siny/hydra_ws/install/hydra_msgs/include/hydra_msgs/hydra_msgs/msg/detail/dsg_update__type_support.c
[0.373s] -- Up-to-date: /home/siny/hydra_ws/install/hydra_msgs/include/hydra_msgs/hydra_msgs/msg/detail/dsg_update__rosidl_typesupport_introspection_c.h
[0.373s] -- Up-to-date: /home/siny/hydra_ws/install/hydra_msgs/include/hydra_msgs/hydra_msgs/msg/detail/active_layer__rosidl_typesupport_introspection_c.h
[0.373s] -- Up-to-date: /home/siny/hydra_ws/install/hydra_msgs/include/hydra_msgs/hydra_msgs/msg/detail/active_layer__type_support.c
[0.374s] -- Up-to-date: /home/siny/hydra_ws/install/hydra_msgs/include/hydra_msgs/hydra_msgs/msg/detail/label_update_request__rosidl_typesupport_introspection_c.h
[0.374s] -- Up-to-date: /home/siny/hydra_ws/install/hydra_msgs/include/hydra_msgs/hydra_msgs/msg/detail/place_node__rosidl_typesupport_introspection_c.h
[0.374s] -- Up-to-date: /home/siny/hydra_ws/install/hydra_msgs/include/hydra_msgs/hydra_msgs/msg/rosidl_typesupport_introspection_c__visibility_control.h
[0.374s] -- Up-to-date: /home/siny/hydra_ws/install/hydra_msgs/lib/libhydra_msgs__rosidl_typesupport_introspection_c.so
[0.375s] -- Up-to-date: /home/siny/hydra_ws/install/hydra_msgs/lib/libhydra_msgs__rosidl_typesupport_c.so
[0.375s] -- Up-to-date: /home/siny/hydra_ws/install/hydra_msgs/include/hydra_msgs/hydra_msgs
[0.375s] -- Up-to-date: /home/siny/hydra_ws/install/hydra_msgs/include/hydra_msgs/hydra_msgs/srv
[0.375s] -- Up-to-date: /home/siny/hydra_ws/install/hydra_msgs/include/hydra_msgs/hydra_msgs/srv/detail
[0.375s] -- Up-to-date: /home/siny/hydra_ws/install/hydra_msgs/include/hydra_msgs/hydra_msgs/srv/detail/get_dsg__rosidl_typesupport_introspection_cpp.hpp
[0.377s] -- Up-to-date: /home/siny/hydra_ws/install/hydra_msgs/include/hydra_msgs/hydra_msgs/srv/detail/get_dsg__type_support.cpp
[0.377s] -- Up-to-date: /home/siny/hydra_ws/install/hydra_msgs/include/hydra_msgs/hydra_msgs/msg
[0.377s] -- Up-to-date: /home/siny/hydra_ws/install/hydra_msgs/include/hydra_msgs/hydra_msgs/msg/detail
[0.377s] -- Up-to-date: /home/siny/hydra_ws/install/hydra_msgs/include/hydra_msgs/hydra_msgs/msg/detail/place_node__type_support.cpp
[0.380s] -- Up-to-date: /home/siny/hydra_ws/install/hydra_msgs/include/hydra_msgs/hydra_msgs/msg/detail/node_label_update__type_support.cpp
[0.380s] -- Up-to-date: /home/siny/hydra_ws/install/hydra_msgs/include/hydra_msgs/hydra_msgs/msg/detail/node_label_update__rosidl_typesupport_introspection_cpp.hpp
[0.381s] -- Up-to-date: /home/siny/hydra_ws/install/hydra_msgs/include/hydra_msgs/hydra_msgs/msg/detail/dsg_update__type_support.cpp
[0.381s] -- Up-to-date: /home/siny/hydra_ws/install/hydra_msgs/include/hydra_msgs/hydra_msgs/msg/detail/place_node_array__type_support.cpp
[0.381s] -- Up-to-date: /home/siny/hydra_ws/install/hydra_msgs/include/hydra_msgs/hydra_msgs/msg/detail/active_layer__rosidl_typesupport_introspection_cpp.hpp
[0.381s] -- Up-to-date: /home/siny/hydra_ws/install/hydra_msgs/include/hydra_msgs/hydra_msgs/msg/detail/place_node__rosidl_typesupport_introspection_cpp.hpp
[0.381s] -- Up-to-date: /home/siny/hydra_ws/install/hydra_msgs/include/hydra_msgs/hydra_msgs/msg/detail/label_update_request__rosidl_typesupport_introspection_cpp.hpp
[0.381s] -- Up-to-date: /home/siny/hydra_ws/install/hydra_msgs/include/hydra_msgs/hydra_msgs/msg/detail/label_update_request__type_support.cpp
[0.382s] -- Up-to-date: /home/siny/hydra_ws/install/hydra_msgs/include/hydra_msgs/hydra_msgs/msg/detail/place_node_array__rosidl_typesupport_introspection_cpp.hpp
[0.382s] -- Up-to-date: /home/siny/hydra_ws/install/hydra_msgs/include/hydra_msgs/hydra_msgs/msg/detail/dsg_update__rosidl_typesupport_introspection_cpp.hpp
[0.382s] -- Up-to-date: /home/siny/hydra_ws/install/hydra_msgs/include/hydra_msgs/hydra_msgs/msg/detail/active_layer__type_support.cpp
[0.382s] -- Up-to-date: /home/siny/hydra_ws/install/hydra_msgs/lib/libhydra_msgs__rosidl_typesupport_introspection_cpp.so
[0.382s] -- Up-to-date: /home/siny/hydra_ws/install/hydra_msgs/lib/libhydra_msgs__rosidl_typesupport_cpp.so
[0.382s] -- Up-to-date: /home/siny/hydra_ws/install/hydra_msgs/share/hydra_msgs/environment/pythonpath.sh
[0.383s] -- Up-to-date: /home/siny/hydra_ws/install/hydra_msgs/share/hydra_msgs/environment/pythonpath.dsv
[0.386s] -- Up-to-date: /home/siny/hydra_ws/install/hydra_msgs/lib/python3.12/site-packages/hydra_msgs-0.0.1-py3.12.egg-info
[0.389s] -- Installing: /home/siny/hydra_ws/install/hydra_msgs/lib/python3.12/site-packages/hydra_msgs-0.0.1-py3.12.egg-info/top_level.txt
[0.389s] -- Installing: /home/siny/hydra_ws/install/hydra_msgs/lib/python3.12/site-packages/hydra_msgs-0.0.1-py3.12.egg-info/PKG-INFO
[0.389s] -- Installing: /home/siny/hydra_ws/install/hydra_msgs/lib/python3.12/site-packages/hydra_msgs-0.0.1-py3.12.egg-info/SOURCES.txt
[0.389s] -- Installing: /home/siny/hydra_ws/install/hydra_msgs/lib/python3.12/site-packages/hydra_msgs-0.0.1-py3.12.egg-info/dependency_links.txt
[0.391s] -- Up-to-date: /home/siny/hydra_ws/install/hydra_msgs/lib/python3.12/site-packages/hydra_msgs
[0.391s] -- Up-to-date: /home/siny/hydra_ws/install/hydra_msgs/lib/python3.12/site-packages/hydra_msgs/hydra_msgs_s__rosidl_typesupport_introspection_c.so
[0.392s] -- Up-to-date: /home/siny/hydra_ws/install/hydra_msgs/lib/python3.12/site-packages/hydra_msgs/_hydra_msgs_s.ep.rosidl_typesupport_introspection_c.c
[0.392s] -- Up-to-date: /home/siny/hydra_ws/install/hydra_msgs/lib/python3.12/site-packages/hydra_msgs/srv
[0.392s] -- Up-to-date: /home/siny/hydra_ws/install/hydra_msgs/lib/python3.12/site-packages/hydra_msgs/srv/_get_dsg_s.c
[0.392s] -- Up-to-date: /home/siny/hydra_ws/install/hydra_msgs/lib/python3.12/site-packages/hydra_msgs/srv/__init__.py
[0.392s] -- Up-to-date: /home/siny/hydra_ws/install/hydra_msgs/lib/python3.12/site-packages/hydra_msgs/srv/_get_dsg.py
[0.392s] -- Up-to-date: /home/siny/hydra_ws/install/hydra_msgs/lib/python3.12/site-packages/hydra_msgs/msg
[0.392s] -- Up-to-date: /home/siny/hydra_ws/install/hydra_msgs/lib/python3.12/site-packages/hydra_msgs/msg/_node_label_update.py
[0.393s] -- Up-to-date: /home/siny/hydra_ws/install/hydra_msgs/lib/python3.12/site-packages/hydra_msgs/msg/_place_node.py
[0.393s] -- Up-to-date: /home/siny/hydra_ws/install/hydra_msgs/lib/python3.12/site-packages/hydra_msgs/msg/_active_layer_s.c
[0.393s] -- Up-to-date: /home/siny/hydra_ws/install/hydra_msgs/lib/python3.12/site-packages/hydra_msgs/msg/_place_node_array.py
[0.393s] -- Up-to-date: /home/siny/hydra_ws/install/hydra_msgs/lib/python3.12/site-packages/hydra_msgs/msg/_dsg_update_s.c
[0.393s] -- Up-to-date: /home/siny/hydra_ws/install/hydra_msgs/lib/python3.12/site-packages/hydra_msgs/msg/_active_layer.py
[0.393s] -- Up-to-date: /home/siny/hydra_ws/install/hydra_msgs/lib/python3.12/site-packages/hydra_msgs/msg/_dsg_update.py
[0.393s] -- Up-to-date: /home/siny/hydra_ws/install/hydra_msgs/lib/python3.12/site-packages/hydra_msgs/msg/_node_label_update_s.c
[0.393s] -- Up-to-date: /home/siny/hydra_ws/install/hydra_msgs/lib/python3.12/site-packages/hydra_msgs/msg/_label_update_request.py
[0.393s] -- Up-to-date: /home/siny/hydra_ws/install/hydra_msgs/lib/python3.12/site-packages/hydra_msgs/msg/__init__.py
[0.393s] -- Up-to-date: /home/siny/hydra_ws/install/hydra_msgs/lib/python3.12/site-packages/hydra_msgs/msg/_place_node_s.c
[0.393s] -- Up-to-date: /home/siny/hydra_ws/install/hydra_msgs/lib/python3.12/site-packages/hydra_msgs/msg/_place_node_array_s.c
[0.394s] -- Up-to-date: /home/siny/hydra_ws/install/hydra_msgs/lib/python3.12/site-packages/hydra_msgs/msg/_label_update_request_s.c
[0.394s] -- Up-to-date: /home/siny/hydra_ws/install/hydra_msgs/lib/python3.12/site-packages/hydra_msgs/_hydra_msgs_s.ep.rosidl_typesupport_c.c
[0.394s] -- Up-to-date: /home/siny/hydra_ws/install/hydra_msgs/lib/python3.12/site-packages/hydra_msgs/__init__.py
[0.394s] -- Up-to-date: /home/siny/hydra_ws/install/hydra_msgs/lib/python3.12/site-packages/hydra_msgs/hydra_msgs_s__rosidl_typesupport_c.so
[0.394s] -- Up-to-date: /home/siny/hydra_ws/install/hydra_msgs/lib/python3.12/site-packages/hydra_msgs/_hydra_msgs_s.ep.rosidl_typesupport_fastrtps_c.c
[0.394s] -- Up-to-date: /home/siny/hydra_ws/install/hydra_msgs/lib/python3.12/site-packages/hydra_msgs/hydra_msgs_s__rosidl_typesupport_fastrtps_c.so
[0.437s] Listing '/home/siny/hydra_ws/install/hydra_msgs/lib/python3.12/site-packages/hydra_msgs'...
[0.437s] Listing '/home/siny/hydra_ws/install/hydra_msgs/lib/python3.12/site-packages/hydra_msgs/msg'...
[0.438s] Listing '/home/siny/hydra_ws/install/hydra_msgs/lib/python3.12/site-packages/hydra_msgs/srv'...
[0.440s] -- Up-to-date: /home/siny/hydra_ws/install/hydra_msgs/lib/python3.12/site-packages/hydra_msgs/hydra_msgs_s__rosidl_typesupport_fastrtps_c.so
[0.440s] -- Up-to-date: /home/siny/hydra_ws/install/hydra_msgs/lib/python3.12/site-packages/hydra_msgs/hydra_msgs_s__rosidl_typesupport_introspection_c.so
[0.440s] -- Up-to-date: /home/siny/hydra_ws/install/hydra_msgs/lib/python3.12/site-packages/hydra_msgs/hydra_msgs_s__rosidl_typesupport_c.so
[0.440s] -- Up-to-date: /home/siny/hydra_ws/install/hydra_msgs/lib/libhydra_msgs__rosidl_generator_py.so
[0.440s] -- Up-to-date: /home/siny/hydra_ws/install/hydra_msgs/share/hydra_msgs/msg/ActiveLayer.idl
[0.440s] -- Up-to-date: /home/siny/hydra_ws/install/hydra_msgs/share/hydra_msgs/msg/DsgUpdate.idl
[0.441s] -- Up-to-date: /home/siny/hydra_ws/install/hydra_msgs/share/hydra_msgs/msg/NodeLabelUpdate.idl
[0.441s] -- Up-to-date: /home/siny/hydra_ws/install/hydra_msgs/share/hydra_msgs/msg/LabelUpdateRequest.idl
[0.441s] -- Up-to-date: /home/siny/hydra_ws/install/hydra_msgs/share/hydra_msgs/msg/PlaceNode.idl
[0.441s] -- Up-to-date: /home/siny/hydra_ws/install/hydra_msgs/share/hydra_msgs/msg/PlaceNodeArray.idl
[0.441s] -- Up-to-date: /home/siny/hydra_ws/install/hydra_msgs/share/hydra_msgs/srv/GetDsg.idl
[0.441s] -- Up-to-date: /home/siny/hydra_ws/install/hydra_msgs/share/hydra_msgs/msg/ActiveLayer.msg
[0.441s] -- Up-to-date: /home/siny/hydra_ws/install/hydra_msgs/share/hydra_msgs/msg/DsgUpdate.msg
[0.442s] -- Up-to-date: /home/siny/hydra_ws/install/hydra_msgs/share/hydra_msgs/msg/NodeLabelUpdate.msg
[0.442s] -- Up-to-date: /home/siny/hydra_ws/install/hydra_msgs/share/hydra_msgs/msg/LabelUpdateRequest.msg
[0.442s] -- Up-to-date: /home/siny/hydra_ws/install/hydra_msgs/share/hydra_msgs/msg/PlaceNode.msg
[0.442s] -- Up-to-date: /home/siny/hydra_ws/install/hydra_msgs/share/hydra_msgs/msg/PlaceNodeArray.msg
[0.442s] -- Up-to-date: /home/siny/hydra_ws/install/hydra_msgs/share/hydra_msgs/srv/GetDsg.srv
[0.442s] -- Up-to-date: /home/siny/hydra_ws/install/hydra_msgs/share/ament_index/resource_index/package_run_dependencies/hydra_msgs
[0.442s] -- Up-to-date: /home/siny/hydra_ws/install/hydra_msgs/share/ament_index/resource_index/parent_prefix_path/hydra_msgs
[0.442s] -- Up-to-date: /home/siny/hydra_ws/install/hydra_msgs/share/hydra_msgs/environment/ament_prefix_path.sh
[0.442s] -- Up-to-date: /home/siny/hydra_ws/install/hydra_msgs/share/hydra_msgs/environment/ament_prefix_path.dsv
[0.442s] -- Up-to-date: /home/siny/hydra_ws/install/hydra_msgs/share/hydra_msgs/environment/path.sh
[0.443s] -- Up-to-date: /home/siny/hydra_ws/install/hydra_msgs/share/hydra_msgs/environment/path.dsv
[0.443s] -- Up-to-date: /home/siny/hydra_ws/install/hydra_msgs/share/hydra_msgs/local_setup.bash
[0.443s] -- Up-to-date: /home/siny/hydra_ws/install/hydra_msgs/share/hydra_msgs/local_setup.sh
[0.443s] -- Up-to-date: /home/siny/hydra_ws/install/hydra_msgs/share/hydra_msgs/local_setup.zsh
[0.443s] -- Up-to-date: /home/siny/hydra_ws/install/hydra_msgs/share/hydra_msgs/local_setup.dsv
[0.443s] -- Installing: /home/siny/hydra_ws/install/hydra_msgs/share/hydra_msgs/package.dsv
[0.444s] -- Up-to-date: /home/siny/hydra_ws/install/hydra_msgs/share/ament_index/resource_index/packages/hydra_msgs
[0.444s] -- Up-to-date: /home/siny/hydra_ws/install/hydra_msgs/share/hydra_msgs/cmake/export_hydra_msgs__rosidl_generator_cExport.cmake
[0.444s] -- Up-to-date: /home/siny/hydra_ws/install/hydra_msgs/share/hydra_msgs/cmake/export_hydra_msgs__rosidl_generator_cExport-release.cmake
[0.444s] -- Up-to-date: /home/siny/hydra_ws/install/hydra_msgs/share/hydra_msgs/cmake/export_hydra_msgs__rosidl_typesupport_fastrtps_cExport.cmake
[0.444s] -- Up-to-date: /home/siny/hydra_ws/install/hydra_msgs/share/hydra_msgs/cmake/export_hydra_msgs__rosidl_typesupport_fastrtps_cExport-release.cmake
[0.445s] -- Up-to-date: /home/siny/hydra_ws/install/hydra_msgs/share/hydra_msgs/cmake/export_hydra_msgs__rosidl_generator_cppExport.cmake
[0.445s] -- Up-to-date: /home/siny/hydra_ws/install/hydra_msgs/share/hydra_msgs/cmake/export_hydra_msgs__rosidl_typesupport_fastrtps_cppExport.cmake
[0.445s] -- Up-to-date: /home/siny/hydra_ws/install/hydra_msgs/share/hydra_msgs/cmake/export_hydra_msgs__rosidl_typesupport_fastrtps_cppExport-release.cmake
[0.445s] -- Up-to-date: /home/siny/hydra_ws/install/hydra_msgs/share/hydra_msgs/cmake/hydra_msgs__rosidl_typesupport_introspection_cExport.cmake
[0.445s] -- Up-to-date: /home/siny/hydra_ws/install/hydra_msgs/share/hydra_msgs/cmake/hydra_msgs__rosidl_typesupport_introspection_cExport-release.cmake
[0.446s] -- Up-to-date: /home/siny/hydra_ws/install/hydra_msgs/share/hydra_msgs/cmake/hydra_msgs__rosidl_typesupport_cExport.cmake
[0.446s] -- Up-to-date: /home/siny/hydra_ws/install/hydra_msgs/share/hydra_msgs/cmake/hydra_msgs__rosidl_typesupport_cExport-release.cmake
[0.446s] -- Up-to-date: /home/siny/hydra_ws/install/hydra_msgs/share/hydra_msgs/cmake/hydra_msgs__rosidl_typesupport_introspection_cppExport.cmake
[0.446s] -- Up-to-date: /home/siny/hydra_ws/install/hydra_msgs/share/hydra_msgs/cmake/hydra_msgs__rosidl_typesupport_introspection_cppExport-release.cmake
[0.446s] -- Up-to-date: /home/siny/hydra_ws/install/hydra_msgs/share/hydra_msgs/cmake/hydra_msgs__rosidl_typesupport_cppExport.cmake
[0.447s] -- Up-to-date: /home/siny/hydra_ws/install/hydra_msgs/share/hydra_msgs/cmake/hydra_msgs__rosidl_typesupport_cppExport-release.cmake
[0.447s] -- Up-to-date: /home/siny/hydra_ws/install/hydra_msgs/share/hydra_msgs/cmake/export_hydra_msgs__rosidl_generator_pyExport.cmake
[0.447s] -- Up-to-date: /home/siny/hydra_ws/install/hydra_msgs/share/hydra_msgs/cmake/export_hydra_msgs__rosidl_generator_pyExport-release.cmake
[0.447s] -- Up-to-date: /home/siny/hydra_ws/install/hydra_msgs/share/hydra_msgs/cmake/rosidl_cmake-extras.cmake
[0.447s] -- Up-to-date: /home/siny/hydra_ws/install/hydra_msgs/share/hydra_msgs/cmake/ament_cmake_export_dependencies-extras.cmake
[0.447s] -- Up-to-date: /home/siny/hydra_ws/install/hydra_msgs/share/hydra_msgs/cmake/ament_cmake_export_include_directories-extras.cmake
[0.448s] -- Up-to-date: /home/siny/hydra_ws/install/hydra_msgs/share/hydra_msgs/cmake/ament_cmake_export_libraries-extras.cmake
[0.448s] -- Up-to-date: /home/siny/hydra_ws/install/hydra_msgs/share/hydra_msgs/cmake/ament_cmake_export_targets-extras.cmake
[0.448s] -- Up-to-date: /home/siny/hydra_ws/install/hydra_msgs/share/hydra_msgs/cmake/rosidl_cmake_export_typesupport_targets-extras.cmake
[0.448s] -- Up-to-date: /home/siny/hydra_ws/install/hydra_msgs/share/hydra_msgs/cmake/rosidl_cmake_export_typesupport_libraries-extras.cmake
[0.448s] -- Up-to-date: /home/siny/hydra_ws/install/hydra_msgs/share/hydra_msgs/cmake/hydra_msgsConfig.cmake
[0.448s] -- Up-to-date: /home/siny/hydra_ws/install/hydra_msgs/share/hydra_msgs/cmake/hydra_msgsConfig-version.cmake
[0.448s] -- Up-to-date: /home/siny/hydra_ws/install/hydra_msgs/share/hydra_msgs/package.xml
[0.479s] Invoked command in '/home/siny/hydra_ws/build/hydra_msgs' returned '0': CMAKE_PREFIX_PATH=${CMAKE_PREFIX_PATH}:/opt/ros/jazzy CONDA_PROMPT_MODIFIER=(base) DEBUGINFOD_URLS=https://debuginfod.ubuntu.com /usr/bin/cmake --install /home/siny/hydra_ws/build/hydra_msgs
