[0.023s] Invoking command in '/home/siny/hydra_ws/build/spatial_hash': CMAKE_PREFIX_PATH=${CMAKE_PREFIX_PATH}:/opt/ros/jazzy DEBUGINFOD_URLS=https://debuginfod.ubuntu.com /usr/bin/cmake --build /home/siny/hydra_ws/build/spatial_hash -- -j20 -l20
[0.057s] [ 28%] Built target spatial_hash
[0.076s] [100%] Built target utest_spatial_hash
[0.098s] Invoked command in '/home/siny/hydra_ws/build/spatial_hash' returned '0': CMAKE_PREFIX_PATH=${CMAKE_PREFIX_PATH}:/opt/ros/jazzy DEBUGINFOD_URLS=https://debuginfod.ubuntu.com /usr/bin/cmake --build /home/siny/hydra_ws/build/spatial_hash -- -j20 -l20
[0.098s] Invoking command in '/home/siny/hydra_ws/build/spatial_hash': CMAKE_PREFIX_PATH=${CMAKE_PREFIX_PATH}:/opt/ros/jazzy DEBUGINFOD_URLS=https://debuginfod.ubuntu.com /usr/bin/cmake --install /home/siny/hydra_ws/build/spatial_hash
[0.120s] -- Install configuration: "Release"
[0.121s] -- Up-to-date: /home/siny/hydra_ws/install/spatial_hash/lib/libspatial_hash.a
[0.122s] -- Up-to-date: /home/siny/hydra_ws/install/spatial_hash/include
[0.122s] -- Up-to-date: /home/siny/hydra_ws/install/spatial_hash/include/spatial_hash
[0.122s] -- Up-to-date: /home/siny/hydra_ws/install/spatial_hash/include/spatial_hash/neighbor_utils.h
[0.122s] -- Up-to-date: /home/siny/hydra_ws/install/spatial_hash/include/spatial_hash/voxel_layer.h
[0.122s] -- Up-to-date: /home/siny/hydra_ws/install/spatial_hash/include/spatial_hash/layer.h
[0.122s] -- Up-to-date: /home/siny/hydra_ws/install/spatial_hash/include/spatial_hash/hash.h
[0.122s] -- Up-to-date: /home/siny/hydra_ws/install/spatial_hash/include/spatial_hash/voxel_block.h
[0.122s] -- Up-to-date: /home/siny/hydra_ws/install/spatial_hash/include/spatial_hash/impl
[0.122s] -- Up-to-date: /home/siny/hydra_ws/install/spatial_hash/include/spatial_hash/impl/block_layer_impl.h
[0.122s] -- Up-to-date: /home/siny/hydra_ws/install/spatial_hash/include/spatial_hash/impl/neighbor_utils_impl.h
[0.122s] -- Up-to-date: /home/siny/hydra_ws/install/spatial_hash/include/spatial_hash/impl/voxel_block_impl.h
[0.122s] -- Up-to-date: /home/siny/hydra_ws/install/spatial_hash/include/spatial_hash/impl/voxel_layer_impl.h
[0.122s] -- Up-to-date: /home/siny/hydra_ws/install/spatial_hash/include/spatial_hash/impl/layer_impl.h
[0.122s] -- Up-to-date: /home/siny/hydra_ws/install/spatial_hash/include/spatial_hash/types.h
[0.122s] -- Up-to-date: /home/siny/hydra_ws/install/spatial_hash/include/spatial_hash/block.h
[0.122s] -- Up-to-date: /home/siny/hydra_ws/install/spatial_hash/include/spatial_hash/grid.h
[0.122s] -- Up-to-date: /home/siny/hydra_ws/install/spatial_hash/include/spatial_hash/block_layer.h
[0.122s] -- Up-to-date: /home/siny/hydra_ws/install/spatial_hash/lib/cmake/spatial_hash/spatial_hashTargets.cmake
[0.122s] -- Up-to-date: /home/siny/hydra_ws/install/spatial_hash/lib/cmake/spatial_hash/spatial_hashTargets-release.cmake
[0.122s] -- Up-to-date: /home/siny/hydra_ws/install/spatial_hash/lib/cmake/spatial_hash/spatial_hashConfig.cmake
[0.122s] -- Up-to-date: /home/siny/hydra_ws/install/spatial_hash/lib/cmake/spatial_hash/spatial_hashConfigVersion.cmake
[0.134s] Invoked command in '/home/siny/hydra_ws/build/spatial_hash' returned '0': CMAKE_PREFIX_PATH=${CMAKE_PREFIX_PATH}:/opt/ros/jazzy DEBUGINFOD_URLS=https://debuginfod.ubuntu.com /usr/bin/cmake --install /home/siny/hydra_ws/build/spatial_hash
