[0.018s] Invoking command in '/home/siny/hydra_ws/build/semantic_inference_msgs': CONDA_PROMPT_MODIFIER=(base) DEBUGINFOD_URLS=https://debuginfod.ubuntu.com /usr/bin/cmake --build /home/siny/hydra_ws/build/semantic_inference_msgs -- -j20 -l20
[0.096s] [  1%] Built target semantic_inference_msgs__rosidl_generator_type_description
[0.109s] [  1%] Built target ament_cmake_python_copy_semantic_inference_msgs
[0.124s] [  6%] Built target semantic_inference_msgs__cpp
[0.124s] [ 25%] Built target semantic_inference_msgs__rosidl_generator_c
[0.168s] [ 35%] Built target semantic_inference_msgs__rosidl_typesupport_fastrtps_c
[0.169s] [ 44%] Built target semantic_inference_msgs__rosidl_typesupport_c
[0.171s] [ 54%] Built target semantic_inference_msgs__rosidl_typesupport_introspection_cpp
[0.175s] [ 63%] Built target semantic_inference_msgs__rosidl_typesupport_introspection_c
[0.182s] [ 72%] Built target semantic_inference_msgs__rosidl_typesupport_fastrtps_cpp
[0.183s] [ 82%] Built target semantic_inference_msgs__rosidl_typesupport_cpp
[0.198s] [ 82%] Built target semantic_inference_msgs
[0.217s] [ 83%] Built target semantic_inference_msgs__py
[0.223s] running egg_info
[0.228s] writing semantic_inference_msgs.egg-info/PKG-INFO
[0.228s] writing dependency_links to semantic_inference_msgs.egg-info/dependency_links.txt
[0.229s] writing top-level names to semantic_inference_msgs.egg-info/top_level.txt
[0.238s] [ 91%] Built target semantic_inference_msgs__rosidl_generator_py
[0.251s] reading manifest file 'semantic_inference_msgs.egg-info/SOURCES.txt'
[0.252s] writing manifest file 'semantic_inference_msgs.egg-info/SOURCES.txt'
[0.258s] [ 94%] Built target semantic_inference_msgs_s__rosidl_typesupport_c
[0.259s] [ 97%] Built target semantic_inference_msgs_s__rosidl_typesupport_introspection_c
[0.259s] [100%] Built target semantic_inference_msgs_s__rosidl_typesupport_fastrtps_c
[0.265s] [100%] Built target ament_cmake_python_build_semantic_inference_msgs_egg
[0.277s] Invoked command in '/home/siny/hydra_ws/build/semantic_inference_msgs' returned '0': CONDA_PROMPT_MODIFIER=(base) DEBUGINFOD_URLS=https://debuginfod.ubuntu.com /usr/bin/cmake --build /home/siny/hydra_ws/build/semantic_inference_msgs -- -j20 -l20
[0.279s] Invoking command in '/home/siny/hydra_ws/build/semantic_inference_msgs': CONDA_PROMPT_MODIFIER=(base) DEBUGINFOD_URLS=https://debuginfod.ubuntu.com /usr/bin/cmake --install /home/siny/hydra_ws/build/semantic_inference_msgs
[0.284s] -- Install configuration: "Release"
[0.284s] -- Up-to-date: /home/siny/hydra_ws/install/semantic_inference_msgs/share/ament_index/resource_index/rosidl_interfaces/semantic_inference_msgs
[0.284s] -- Up-to-date: /home/siny/hydra_ws/install/semantic_inference_msgs/share/semantic_inference_msgs/msg/FeatureVector.json
[0.284s] -- Up-to-date: /home/siny/hydra_ws/install/semantic_inference_msgs/share/semantic_inference_msgs/msg/FeatureVectors.json
[0.284s] -- Up-to-date: /home/siny/hydra_ws/install/semantic_inference_msgs/share/semantic_inference_msgs/msg/FeatureVectorStamped.json
[0.284s] -- Up-to-date: /home/siny/hydra_ws/install/semantic_inference_msgs/share/semantic_inference_msgs/msg/FeatureImage.json
[0.284s] -- Up-to-date: /home/siny/hydra_ws/install/semantic_inference_msgs/share/semantic_inference_msgs/srv/EncodeFeature.json
[0.285s] -- Up-to-date: /home/siny/hydra_ws/install/semantic_inference_msgs/include/semantic_inference_msgs/semantic_inference_msgs
[0.285s] -- Up-to-date: /home/siny/hydra_ws/install/semantic_inference_msgs/include/semantic_inference_msgs/semantic_inference_msgs/srv
[0.285s] -- Up-to-date: /home/siny/hydra_ws/install/semantic_inference_msgs/include/semantic_inference_msgs/semantic_inference_msgs/srv/encode_feature.h
[0.285s] -- Up-to-date: /home/siny/hydra_ws/install/semantic_inference_msgs/include/semantic_inference_msgs/semantic_inference_msgs/srv/detail
[0.285s] -- Up-to-date: /home/siny/hydra_ws/install/semantic_inference_msgs/include/semantic_inference_msgs/semantic_inference_msgs/srv/detail/encode_feature__description.c
[0.285s] -- Up-to-date: /home/siny/hydra_ws/install/semantic_inference_msgs/include/semantic_inference_msgs/semantic_inference_msgs/srv/detail/encode_feature__functions.h
[0.285s] -- Up-to-date: /home/siny/hydra_ws/install/semantic_inference_msgs/include/semantic_inference_msgs/semantic_inference_msgs/srv/detail/encode_feature__type_support.h
[0.285s] -- Up-to-date: /home/siny/hydra_ws/install/semantic_inference_msgs/include/semantic_inference_msgs/semantic_inference_msgs/srv/detail/encode_feature__type_support.c
[0.285s] -- Up-to-date: /home/siny/hydra_ws/install/semantic_inference_msgs/include/semantic_inference_msgs/semantic_inference_msgs/srv/detail/encode_feature__functions.c
[0.285s] -- Up-to-date: /home/siny/hydra_ws/install/semantic_inference_msgs/include/semantic_inference_msgs/semantic_inference_msgs/srv/detail/encode_feature__struct.h
[0.285s] -- Up-to-date: /home/siny/hydra_ws/install/semantic_inference_msgs/include/semantic_inference_msgs/semantic_inference_msgs/msg
[0.285s] -- Up-to-date: /home/siny/hydra_ws/install/semantic_inference_msgs/include/semantic_inference_msgs/semantic_inference_msgs/msg/feature_vector.h
[0.285s] -- Up-to-date: /home/siny/hydra_ws/install/semantic_inference_msgs/include/semantic_inference_msgs/semantic_inference_msgs/msg/rosidl_generator_c__visibility_control.h
[0.285s] -- Up-to-date: /home/siny/hydra_ws/install/semantic_inference_msgs/include/semantic_inference_msgs/semantic_inference_msgs/msg/feature_image.h
[0.285s] -- Up-to-date: /home/siny/hydra_ws/install/semantic_inference_msgs/include/semantic_inference_msgs/semantic_inference_msgs/msg/feature_vector_stamped.h
[0.285s] -- Up-to-date: /home/siny/hydra_ws/install/semantic_inference_msgs/include/semantic_inference_msgs/semantic_inference_msgs/msg/feature_vectors.h
[0.285s] -- Up-to-date: /home/siny/hydra_ws/install/semantic_inference_msgs/include/semantic_inference_msgs/semantic_inference_msgs/msg/detail
[0.285s] -- Up-to-date: /home/siny/hydra_ws/install/semantic_inference_msgs/include/semantic_inference_msgs/semantic_inference_msgs/msg/detail/feature_image__functions.h
[0.285s] -- Up-to-date: /home/siny/hydra_ws/install/semantic_inference_msgs/include/semantic_inference_msgs/semantic_inference_msgs/msg/detail/feature_vector_stamped__struct.h
[0.286s] -- Up-to-date: /home/siny/hydra_ws/install/semantic_inference_msgs/include/semantic_inference_msgs/semantic_inference_msgs/msg/detail/feature_vector_stamped__description.c
[0.286s] -- Up-to-date: /home/siny/hydra_ws/install/semantic_inference_msgs/include/semantic_inference_msgs/semantic_inference_msgs/msg/detail/feature_vector_stamped__functions.c
[0.286s] -- Up-to-date: /home/siny/hydra_ws/install/semantic_inference_msgs/include/semantic_inference_msgs/semantic_inference_msgs/msg/detail/feature_vector_stamped__functions.h
[0.286s] -- Up-to-date: /home/siny/hydra_ws/install/semantic_inference_msgs/include/semantic_inference_msgs/semantic_inference_msgs/msg/detail/feature_image__type_support.c
[0.286s] -- Up-to-date: /home/siny/hydra_ws/install/semantic_inference_msgs/include/semantic_inference_msgs/semantic_inference_msgs/msg/detail/feature_vector__type_support.h
[0.286s] -- Up-to-date: /home/siny/hydra_ws/install/semantic_inference_msgs/include/semantic_inference_msgs/semantic_inference_msgs/msg/detail/feature_vector__functions.h
[0.286s] -- Up-to-date: /home/siny/hydra_ws/install/semantic_inference_msgs/include/semantic_inference_msgs/semantic_inference_msgs/msg/detail/feature_image__functions.c
[0.286s] -- Up-to-date: /home/siny/hydra_ws/install/semantic_inference_msgs/include/semantic_inference_msgs/semantic_inference_msgs/msg/detail/feature_vector__struct.h
[0.286s] -- Up-to-date: /home/siny/hydra_ws/install/semantic_inference_msgs/include/semantic_inference_msgs/semantic_inference_msgs/msg/detail/feature_image__struct.h
[0.286s] -- Up-to-date: /home/siny/hydra_ws/install/semantic_inference_msgs/include/semantic_inference_msgs/semantic_inference_msgs/msg/detail/feature_vector_stamped__type_support.h
[0.286s] -- Up-to-date: /home/siny/hydra_ws/install/semantic_inference_msgs/include/semantic_inference_msgs/semantic_inference_msgs/msg/detail/feature_vector_stamped__type_support.c
[0.286s] -- Up-to-date: /home/siny/hydra_ws/install/semantic_inference_msgs/include/semantic_inference_msgs/semantic_inference_msgs/msg/detail/feature_vector__functions.c
[0.287s] -- Up-to-date: /home/siny/hydra_ws/install/semantic_inference_msgs/include/semantic_inference_msgs/semantic_inference_msgs/msg/detail/feature_vectors__struct.h
[0.287s] -- Up-to-date: /home/siny/hydra_ws/install/semantic_inference_msgs/include/semantic_inference_msgs/semantic_inference_msgs/msg/detail/feature_vector__type_support.c
[0.287s] -- Up-to-date: /home/siny/hydra_ws/install/semantic_inference_msgs/include/semantic_inference_msgs/semantic_inference_msgs/msg/detail/feature_vectors__description.c
[0.288s] -- Up-to-date: /home/siny/hydra_ws/install/semantic_inference_msgs/include/semantic_inference_msgs/semantic_inference_msgs/msg/detail/feature_image__type_support.h
[0.288s] -- Up-to-date: /home/siny/hydra_ws/install/semantic_inference_msgs/include/semantic_inference_msgs/semantic_inference_msgs/msg/detail/feature_vectors__type_support.h
[0.288s] -- Up-to-date: /home/siny/hydra_ws/install/semantic_inference_msgs/include/semantic_inference_msgs/semantic_inference_msgs/msg/detail/feature_vectors__type_support.c
[0.288s] -- Up-to-date: /home/siny/hydra_ws/install/semantic_inference_msgs/include/semantic_inference_msgs/semantic_inference_msgs/msg/detail/feature_vectors__functions.c
[0.288s] -- Up-to-date: /home/siny/hydra_ws/install/semantic_inference_msgs/include/semantic_inference_msgs/semantic_inference_msgs/msg/detail/feature_image__description.c
[0.288s] -- Up-to-date: /home/siny/hydra_ws/install/semantic_inference_msgs/include/semantic_inference_msgs/semantic_inference_msgs/msg/detail/feature_vector__description.c
[0.288s] -- Up-to-date: /home/siny/hydra_ws/install/semantic_inference_msgs/include/semantic_inference_msgs/semantic_inference_msgs/msg/detail/feature_vectors__functions.h
[0.289s] -- Up-to-date: /home/siny/hydra_ws/install/semantic_inference_msgs/share/semantic_inference_msgs/environment/library_path.sh
[0.289s] -- Up-to-date: /home/siny/hydra_ws/install/semantic_inference_msgs/share/semantic_inference_msgs/environment/library_path.dsv
[0.290s] -- Up-to-date: /home/siny/hydra_ws/install/semantic_inference_msgs/lib/libsemantic_inference_msgs__rosidl_generator_c.so
[0.290s] -- Up-to-date: /home/siny/hydra_ws/install/semantic_inference_msgs/include/semantic_inference_msgs/semantic_inference_msgs
[0.290s] -- Up-to-date: /home/siny/hydra_ws/install/semantic_inference_msgs/include/semantic_inference_msgs/semantic_inference_msgs/srv
[0.290s] -- Up-to-date: /home/siny/hydra_ws/install/semantic_inference_msgs/include/semantic_inference_msgs/semantic_inference_msgs/srv/detail
[0.290s] -- Up-to-date: /home/siny/hydra_ws/install/semantic_inference_msgs/include/semantic_inference_msgs/semantic_inference_msgs/srv/detail/encode_feature__rosidl_typesupport_fastrtps_c.h
[0.290s] -- Up-to-date: /home/siny/hydra_ws/install/semantic_inference_msgs/include/semantic_inference_msgs/semantic_inference_msgs/msg
[0.290s] -- Up-to-date: /home/siny/hydra_ws/install/semantic_inference_msgs/include/semantic_inference_msgs/semantic_inference_msgs/msg/rosidl_typesupport_fastrtps_c__visibility_control.h
[0.291s] -- Up-to-date: /home/siny/hydra_ws/install/semantic_inference_msgs/include/semantic_inference_msgs/semantic_inference_msgs/msg/detail
[0.291s] -- Up-to-date: /home/siny/hydra_ws/install/semantic_inference_msgs/include/semantic_inference_msgs/semantic_inference_msgs/msg/detail/feature_image__rosidl_typesupport_fastrtps_c.h
[0.291s] -- Up-to-date: /home/siny/hydra_ws/install/semantic_inference_msgs/include/semantic_inference_msgs/semantic_inference_msgs/msg/detail/feature_vector__rosidl_typesupport_fastrtps_c.h
[0.291s] -- Up-to-date: /home/siny/hydra_ws/install/semantic_inference_msgs/include/semantic_inference_msgs/semantic_inference_msgs/msg/detail/feature_vector_stamped__rosidl_typesupport_fastrtps_c.h
[0.291s] -- Up-to-date: /home/siny/hydra_ws/install/semantic_inference_msgs/include/semantic_inference_msgs/semantic_inference_msgs/msg/detail/feature_vectors__rosidl_typesupport_fastrtps_c.h
[0.291s] -- Up-to-date: /home/siny/hydra_ws/install/semantic_inference_msgs/lib/libsemantic_inference_msgs__rosidl_typesupport_fastrtps_c.so
[0.291s] -- Up-to-date: /home/siny/hydra_ws/install/semantic_inference_msgs/include/semantic_inference_msgs/semantic_inference_msgs
[0.291s] -- Up-to-date: /home/siny/hydra_ws/install/semantic_inference_msgs/include/semantic_inference_msgs/semantic_inference_msgs/srv
[0.291s] -- Up-to-date: /home/siny/hydra_ws/install/semantic_inference_msgs/include/semantic_inference_msgs/semantic_inference_msgs/srv/encode_feature.hpp
[0.291s] -- Up-to-date: /home/siny/hydra_ws/install/semantic_inference_msgs/include/semantic_inference_msgs/semantic_inference_msgs/srv/detail
[0.291s] -- Up-to-date: /home/siny/hydra_ws/install/semantic_inference_msgs/include/semantic_inference_msgs/semantic_inference_msgs/srv/detail/encode_feature__type_support.hpp
[0.291s] -- Up-to-date: /home/siny/hydra_ws/install/semantic_inference_msgs/include/semantic_inference_msgs/semantic_inference_msgs/srv/detail/encode_feature__traits.hpp
[0.291s] -- Up-to-date: /home/siny/hydra_ws/install/semantic_inference_msgs/include/semantic_inference_msgs/semantic_inference_msgs/srv/detail/encode_feature__builder.hpp
[0.291s] -- Up-to-date: /home/siny/hydra_ws/install/semantic_inference_msgs/include/semantic_inference_msgs/semantic_inference_msgs/srv/detail/encode_feature__struct.hpp
[0.292s] -- Up-to-date: /home/siny/hydra_ws/install/semantic_inference_msgs/include/semantic_inference_msgs/semantic_inference_msgs/msg
[0.292s] -- Up-to-date: /home/siny/hydra_ws/install/semantic_inference_msgs/include/semantic_inference_msgs/semantic_inference_msgs/msg/feature_vectors.hpp
[0.292s] -- Up-to-date: /home/siny/hydra_ws/install/semantic_inference_msgs/include/semantic_inference_msgs/semantic_inference_msgs/msg/feature_vector_stamped.hpp
[0.292s] -- Up-to-date: /home/siny/hydra_ws/install/semantic_inference_msgs/include/semantic_inference_msgs/semantic_inference_msgs/msg/feature_image.hpp
[0.293s] -- Up-to-date: /home/siny/hydra_ws/install/semantic_inference_msgs/include/semantic_inference_msgs/semantic_inference_msgs/msg/detail
[0.293s] -- Up-to-date: /home/siny/hydra_ws/install/semantic_inference_msgs/include/semantic_inference_msgs/semantic_inference_msgs/msg/detail/feature_image__traits.hpp
[0.293s] -- Up-to-date: /home/siny/hydra_ws/install/semantic_inference_msgs/include/semantic_inference_msgs/semantic_inference_msgs/msg/detail/feature_vectors__builder.hpp
[0.293s] -- Up-to-date: /home/siny/hydra_ws/install/semantic_inference_msgs/include/semantic_inference_msgs/semantic_inference_msgs/msg/detail/feature_vector_stamped__traits.hpp
[0.293s] -- Up-to-date: /home/siny/hydra_ws/install/semantic_inference_msgs/include/semantic_inference_msgs/semantic_inference_msgs/msg/detail/feature_vector__type_support.hpp
[0.293s] -- Up-to-date: /home/siny/hydra_ws/install/semantic_inference_msgs/include/semantic_inference_msgs/semantic_inference_msgs/msg/detail/feature_image__struct.hpp
[0.293s] -- Up-to-date: /home/siny/hydra_ws/install/semantic_inference_msgs/include/semantic_inference_msgs/semantic_inference_msgs/msg/detail/feature_vectors__type_support.hpp
[0.293s] -- Up-to-date: /home/siny/hydra_ws/install/semantic_inference_msgs/include/semantic_inference_msgs/semantic_inference_msgs/msg/detail/feature_vectors__struct.hpp
[0.293s] -- Up-to-date: /home/siny/hydra_ws/install/semantic_inference_msgs/include/semantic_inference_msgs/semantic_inference_msgs/msg/detail/feature_vector__builder.hpp
[0.294s] -- Up-to-date: /home/siny/hydra_ws/install/semantic_inference_msgs/include/semantic_inference_msgs/semantic_inference_msgs/msg/detail/feature_vector__traits.hpp
[0.294s] -- Up-to-date: /home/siny/hydra_ws/install/semantic_inference_msgs/include/semantic_inference_msgs/semantic_inference_msgs/msg/detail/feature_image__builder.hpp
[0.294s] -- Up-to-date: /home/siny/hydra_ws/install/semantic_inference_msgs/include/semantic_inference_msgs/semantic_inference_msgs/msg/detail/feature_image__type_support.hpp
[0.294s] -- Up-to-date: /home/siny/hydra_ws/install/semantic_inference_msgs/include/semantic_inference_msgs/semantic_inference_msgs/msg/detail/feature_vector__struct.hpp
[0.294s] -- Up-to-date: /home/siny/hydra_ws/install/semantic_inference_msgs/include/semantic_inference_msgs/semantic_inference_msgs/msg/detail/feature_vector_stamped__builder.hpp
[0.294s] -- Up-to-date: /home/siny/hydra_ws/install/semantic_inference_msgs/include/semantic_inference_msgs/semantic_inference_msgs/msg/detail/feature_vector_stamped__type_support.hpp
[0.294s] -- Up-to-date: /home/siny/hydra_ws/install/semantic_inference_msgs/include/semantic_inference_msgs/semantic_inference_msgs/msg/detail/feature_vectors__traits.hpp
[0.294s] -- Up-to-date: /home/siny/hydra_ws/install/semantic_inference_msgs/include/semantic_inference_msgs/semantic_inference_msgs/msg/detail/feature_vector_stamped__struct.hpp
[0.294s] -- Up-to-date: /home/siny/hydra_ws/install/semantic_inference_msgs/include/semantic_inference_msgs/semantic_inference_msgs/msg/feature_vector.hpp
[0.294s] -- Up-to-date: /home/siny/hydra_ws/install/semantic_inference_msgs/include/semantic_inference_msgs/semantic_inference_msgs/msg/rosidl_generator_cpp__visibility_control.hpp
[0.295s] -- Up-to-date: /home/siny/hydra_ws/install/semantic_inference_msgs/include/semantic_inference_msgs/semantic_inference_msgs
[0.295s] -- Up-to-date: /home/siny/hydra_ws/install/semantic_inference_msgs/include/semantic_inference_msgs/semantic_inference_msgs/srv
[0.295s] -- Up-to-date: /home/siny/hydra_ws/install/semantic_inference_msgs/include/semantic_inference_msgs/semantic_inference_msgs/srv/detail
[0.295s] -- Up-to-date: /home/siny/hydra_ws/install/semantic_inference_msgs/include/semantic_inference_msgs/semantic_inference_msgs/srv/detail/dds_fastrtps
[0.295s] -- Up-to-date: /home/siny/hydra_ws/install/semantic_inference_msgs/include/semantic_inference_msgs/semantic_inference_msgs/srv/detail/encode_feature__rosidl_typesupport_fastrtps_cpp.hpp
[0.295s] -- Up-to-date: /home/siny/hydra_ws/install/semantic_inference_msgs/include/semantic_inference_msgs/semantic_inference_msgs/msg
[0.295s] -- Up-to-date: /home/siny/hydra_ws/install/semantic_inference_msgs/include/semantic_inference_msgs/semantic_inference_msgs/msg/rosidl_typesupport_fastrtps_cpp__visibility_control.h
[0.295s] -- Up-to-date: /home/siny/hydra_ws/install/semantic_inference_msgs/include/semantic_inference_msgs/semantic_inference_msgs/msg/detail
[0.295s] -- Up-to-date: /home/siny/hydra_ws/install/semantic_inference_msgs/include/semantic_inference_msgs/semantic_inference_msgs/msg/detail/feature_image__rosidl_typesupport_fastrtps_cpp.hpp
[0.295s] -- Up-to-date: /home/siny/hydra_ws/install/semantic_inference_msgs/include/semantic_inference_msgs/semantic_inference_msgs/msg/detail/dds_fastrtps
[0.295s] -- Up-to-date: /home/siny/hydra_ws/install/semantic_inference_msgs/include/semantic_inference_msgs/semantic_inference_msgs/msg/detail/feature_vectors__rosidl_typesupport_fastrtps_cpp.hpp
[0.296s] -- Up-to-date: /home/siny/hydra_ws/install/semantic_inference_msgs/include/semantic_inference_msgs/semantic_inference_msgs/msg/detail/feature_vector__rosidl_typesupport_fastrtps_cpp.hpp
[0.296s] -- Up-to-date: /home/siny/hydra_ws/install/semantic_inference_msgs/include/semantic_inference_msgs/semantic_inference_msgs/msg/detail/feature_vector_stamped__rosidl_typesupport_fastrtps_cpp.hpp
[0.299s] -- Up-to-date: /home/siny/hydra_ws/install/semantic_inference_msgs/lib/libsemantic_inference_msgs__rosidl_typesupport_fastrtps_cpp.so
[0.299s] -- Up-to-date: /home/siny/hydra_ws/install/semantic_inference_msgs/include/semantic_inference_msgs/semantic_inference_msgs
[0.299s] -- Up-to-date: /home/siny/hydra_ws/install/semantic_inference_msgs/include/semantic_inference_msgs/semantic_inference_msgs/srv
[0.300s] -- Up-to-date: /home/siny/hydra_ws/install/semantic_inference_msgs/include/semantic_inference_msgs/semantic_inference_msgs/srv/detail
[0.300s] -- Up-to-date: /home/siny/hydra_ws/install/semantic_inference_msgs/include/semantic_inference_msgs/semantic_inference_msgs/srv/detail/encode_feature__rosidl_typesupport_introspection_c.h
[0.300s] -- Up-to-date: /home/siny/hydra_ws/install/semantic_inference_msgs/include/semantic_inference_msgs/semantic_inference_msgs/srv/detail/encode_feature__type_support.c
[0.300s] -- Up-to-date: /home/siny/hydra_ws/install/semantic_inference_msgs/include/semantic_inference_msgs/semantic_inference_msgs/msg
[0.300s] -- Up-to-date: /home/siny/hydra_ws/install/semantic_inference_msgs/include/semantic_inference_msgs/semantic_inference_msgs/msg/detail
[0.300s] -- Up-to-date: /home/siny/hydra_ws/install/semantic_inference_msgs/include/semantic_inference_msgs/semantic_inference_msgs/msg/detail/feature_image__rosidl_typesupport_introspection_c.h
[0.300s] -- Up-to-date: /home/siny/hydra_ws/install/semantic_inference_msgs/include/semantic_inference_msgs/semantic_inference_msgs/msg/detail/feature_image__type_support.c
[0.300s] -- Up-to-date: /home/siny/hydra_ws/install/semantic_inference_msgs/include/semantic_inference_msgs/semantic_inference_msgs/msg/detail/feature_vector_stamped__type_support.c
[0.301s] -- Up-to-date: /home/siny/hydra_ws/install/semantic_inference_msgs/include/semantic_inference_msgs/semantic_inference_msgs/msg/detail/feature_vector__type_support.c
[0.301s] -- Up-to-date: /home/siny/hydra_ws/install/semantic_inference_msgs/include/semantic_inference_msgs/semantic_inference_msgs/msg/detail/feature_vector_stamped__rosidl_typesupport_introspection_c.h
[0.301s] -- Up-to-date: /home/siny/hydra_ws/install/semantic_inference_msgs/include/semantic_inference_msgs/semantic_inference_msgs/msg/detail/feature_vector__rosidl_typesupport_introspection_c.h
[0.301s] -- Up-to-date: /home/siny/hydra_ws/install/semantic_inference_msgs/include/semantic_inference_msgs/semantic_inference_msgs/msg/detail/feature_vectors__type_support.c
[0.301s] -- Up-to-date: /home/siny/hydra_ws/install/semantic_inference_msgs/include/semantic_inference_msgs/semantic_inference_msgs/msg/detail/feature_vectors__rosidl_typesupport_introspection_c.h
[0.301s] -- Up-to-date: /home/siny/hydra_ws/install/semantic_inference_msgs/include/semantic_inference_msgs/semantic_inference_msgs/msg/rosidl_typesupport_introspection_c__visibility_control.h
[0.302s] -- Up-to-date: /home/siny/hydra_ws/install/semantic_inference_msgs/lib/libsemantic_inference_msgs__rosidl_typesupport_introspection_c.so
[0.303s] -- Up-to-date: /home/siny/hydra_ws/install/semantic_inference_msgs/lib/libsemantic_inference_msgs__rosidl_typesupport_c.so
[0.303s] -- Up-to-date: /home/siny/hydra_ws/install/semantic_inference_msgs/include/semantic_inference_msgs/semantic_inference_msgs
[0.303s] -- Up-to-date: /home/siny/hydra_ws/install/semantic_inference_msgs/include/semantic_inference_msgs/semantic_inference_msgs/srv
[0.303s] -- Up-to-date: /home/siny/hydra_ws/install/semantic_inference_msgs/include/semantic_inference_msgs/semantic_inference_msgs/srv/detail
[0.303s] -- Up-to-date: /home/siny/hydra_ws/install/semantic_inference_msgs/include/semantic_inference_msgs/semantic_inference_msgs/srv/detail/encode_feature__type_support.cpp
[0.304s] -- Up-to-date: /home/siny/hydra_ws/install/semantic_inference_msgs/include/semantic_inference_msgs/semantic_inference_msgs/srv/detail/encode_feature__rosidl_typesupport_introspection_cpp.hpp
[0.304s] -- Up-to-date: /home/siny/hydra_ws/install/semantic_inference_msgs/include/semantic_inference_msgs/semantic_inference_msgs/msg
[0.304s] -- Up-to-date: /home/siny/hydra_ws/install/semantic_inference_msgs/include/semantic_inference_msgs/semantic_inference_msgs/msg/detail
[0.304s] -- Up-to-date: /home/siny/hydra_ws/install/semantic_inference_msgs/include/semantic_inference_msgs/semantic_inference_msgs/msg/detail/feature_vectors__rosidl_typesupport_introspection_cpp.hpp
[0.304s] -- Up-to-date: /home/siny/hydra_ws/install/semantic_inference_msgs/include/semantic_inference_msgs/semantic_inference_msgs/msg/detail/feature_vectors__type_support.cpp
[0.305s] -- Up-to-date: /home/siny/hydra_ws/install/semantic_inference_msgs/include/semantic_inference_msgs/semantic_inference_msgs/msg/detail/feature_image__type_support.cpp
[0.305s] -- Up-to-date: /home/siny/hydra_ws/install/semantic_inference_msgs/include/semantic_inference_msgs/semantic_inference_msgs/msg/detail/feature_vector_stamped__rosidl_typesupport_introspection_cpp.hpp
[0.305s] -- Up-to-date: /home/siny/hydra_ws/install/semantic_inference_msgs/include/semantic_inference_msgs/semantic_inference_msgs/msg/detail/feature_vector__rosidl_typesupport_introspection_cpp.hpp
[0.305s] -- Up-to-date: /home/siny/hydra_ws/install/semantic_inference_msgs/include/semantic_inference_msgs/semantic_inference_msgs/msg/detail/feature_vector_stamped__type_support.cpp
[0.305s] -- Up-to-date: /home/siny/hydra_ws/install/semantic_inference_msgs/include/semantic_inference_msgs/semantic_inference_msgs/msg/detail/feature_vector__type_support.cpp
[0.306s] -- Up-to-date: /home/siny/hydra_ws/install/semantic_inference_msgs/include/semantic_inference_msgs/semantic_inference_msgs/msg/detail/feature_image__rosidl_typesupport_introspection_cpp.hpp
[0.307s] -- Up-to-date: /home/siny/hydra_ws/install/semantic_inference_msgs/lib/libsemantic_inference_msgs__rosidl_typesupport_introspection_cpp.so
[0.308s] -- Up-to-date: /home/siny/hydra_ws/install/semantic_inference_msgs/lib/libsemantic_inference_msgs__rosidl_typesupport_cpp.so
[0.308s] -- Up-to-date: /home/siny/hydra_ws/install/semantic_inference_msgs/share/semantic_inference_msgs/environment/pythonpath.sh
[0.308s] -- Up-to-date: /home/siny/hydra_ws/install/semantic_inference_msgs/share/semantic_inference_msgs/environment/pythonpath.dsv
[0.308s] -- Up-to-date: /home/siny/hydra_ws/install/semantic_inference_msgs/lib/python3.12/site-packages/semantic_inference_msgs-0.0.1-py3.12.egg-info
[0.308s] -- Installing: /home/siny/hydra_ws/install/semantic_inference_msgs/lib/python3.12/site-packages/semantic_inference_msgs-0.0.1-py3.12.egg-info/top_level.txt
[0.309s] -- Installing: /home/siny/hydra_ws/install/semantic_inference_msgs/lib/python3.12/site-packages/semantic_inference_msgs-0.0.1-py3.12.egg-info/PKG-INFO
[0.309s] -- Installing: /home/siny/hydra_ws/install/semantic_inference_msgs/lib/python3.12/site-packages/semantic_inference_msgs-0.0.1-py3.12.egg-info/SOURCES.txt
[0.310s] -- Installing: /home/siny/hydra_ws/install/semantic_inference_msgs/lib/python3.12/site-packages/semantic_inference_msgs-0.0.1-py3.12.egg-info/dependency_links.txt
[0.310s] -- Up-to-date: /home/siny/hydra_ws/install/semantic_inference_msgs/lib/python3.12/site-packages/semantic_inference_msgs
[0.310s] -- Up-to-date: /home/siny/hydra_ws/install/semantic_inference_msgs/lib/python3.12/site-packages/semantic_inference_msgs/semantic_inference_msgs_s__rosidl_typesupport_introspection_c.so
[0.311s] -- Up-to-date: /home/siny/hydra_ws/install/semantic_inference_msgs/lib/python3.12/site-packages/semantic_inference_msgs/semantic_inference_msgs_s__rosidl_typesupport_c.so
[0.311s] -- Up-to-date: /home/siny/hydra_ws/install/semantic_inference_msgs/lib/python3.12/site-packages/semantic_inference_msgs/_semantic_inference_msgs_s.ep.rosidl_typesupport_fastrtps_c.c
[0.311s] -- Up-to-date: /home/siny/hydra_ws/install/semantic_inference_msgs/lib/python3.12/site-packages/semantic_inference_msgs/srv
[0.311s] -- Up-to-date: /home/siny/hydra_ws/install/semantic_inference_msgs/lib/python3.12/site-packages/semantic_inference_msgs/srv/_encode_feature.py
[0.311s] -- Up-to-date: /home/siny/hydra_ws/install/semantic_inference_msgs/lib/python3.12/site-packages/semantic_inference_msgs/srv/_encode_feature_s.c
[0.311s] -- Up-to-date: /home/siny/hydra_ws/install/semantic_inference_msgs/lib/python3.12/site-packages/semantic_inference_msgs/srv/__init__.py
[0.311s] -- Up-to-date: /home/siny/hydra_ws/install/semantic_inference_msgs/lib/python3.12/site-packages/semantic_inference_msgs/msg
[0.311s] -- Up-to-date: /home/siny/hydra_ws/install/semantic_inference_msgs/lib/python3.12/site-packages/semantic_inference_msgs/msg/_feature_vectors.py
[0.311s] -- Up-to-date: /home/siny/hydra_ws/install/semantic_inference_msgs/lib/python3.12/site-packages/semantic_inference_msgs/msg/_feature_vector_stamped.py
[0.311s] -- Up-to-date: /home/siny/hydra_ws/install/semantic_inference_msgs/lib/python3.12/site-packages/semantic_inference_msgs/msg/_feature_vector.py
[0.311s] -- Up-to-date: /home/siny/hydra_ws/install/semantic_inference_msgs/lib/python3.12/site-packages/semantic_inference_msgs/msg/_feature_vector_s.c
[0.312s] -- Up-to-date: /home/siny/hydra_ws/install/semantic_inference_msgs/lib/python3.12/site-packages/semantic_inference_msgs/msg/_feature_vector_stamped_s.c
[0.312s] -- Up-to-date: /home/siny/hydra_ws/install/semantic_inference_msgs/lib/python3.12/site-packages/semantic_inference_msgs/msg/_feature_vectors_s.c
[0.312s] -- Up-to-date: /home/siny/hydra_ws/install/semantic_inference_msgs/lib/python3.12/site-packages/semantic_inference_msgs/msg/__init__.py
[0.312s] -- Up-to-date: /home/siny/hydra_ws/install/semantic_inference_msgs/lib/python3.12/site-packages/semantic_inference_msgs/msg/_feature_image_s.c
[0.312s] -- Up-to-date: /home/siny/hydra_ws/install/semantic_inference_msgs/lib/python3.12/site-packages/semantic_inference_msgs/msg/_feature_image.py
[0.312s] -- Up-to-date: /home/siny/hydra_ws/install/semantic_inference_msgs/lib/python3.12/site-packages/semantic_inference_msgs/semantic_inference_msgs_s__rosidl_typesupport_fastrtps_c.so
[0.312s] -- Up-to-date: /home/siny/hydra_ws/install/semantic_inference_msgs/lib/python3.12/site-packages/semantic_inference_msgs/_semantic_inference_msgs_s.ep.rosidl_typesupport_c.c
[0.312s] -- Up-to-date: /home/siny/hydra_ws/install/semantic_inference_msgs/lib/python3.12/site-packages/semantic_inference_msgs/__init__.py
[0.313s] -- Up-to-date: /home/siny/hydra_ws/install/semantic_inference_msgs/lib/python3.12/site-packages/semantic_inference_msgs/_semantic_inference_msgs_s.ep.rosidl_typesupport_introspection_c.c
[0.377s] Listing '/home/siny/hydra_ws/install/semantic_inference_msgs/lib/python3.12/site-packages/semantic_inference_msgs'...
[0.377s] Listing '/home/siny/hydra_ws/install/semantic_inference_msgs/lib/python3.12/site-packages/semantic_inference_msgs/msg'...
[0.377s] Listing '/home/siny/hydra_ws/install/semantic_inference_msgs/lib/python3.12/site-packages/semantic_inference_msgs/srv'...
[0.391s] -- Up-to-date: /home/siny/hydra_ws/install/semantic_inference_msgs/lib/python3.12/site-packages/semantic_inference_msgs/semantic_inference_msgs_s__rosidl_typesupport_fastrtps_c.so
[0.392s] -- Up-to-date: /home/siny/hydra_ws/install/semantic_inference_msgs/lib/python3.12/site-packages/semantic_inference_msgs/semantic_inference_msgs_s__rosidl_typesupport_introspection_c.so
[0.393s] -- Up-to-date: /home/siny/hydra_ws/install/semantic_inference_msgs/lib/python3.12/site-packages/semantic_inference_msgs/semantic_inference_msgs_s__rosidl_typesupport_c.so
[0.394s] -- Up-to-date: /home/siny/hydra_ws/install/semantic_inference_msgs/lib/libsemantic_inference_msgs__rosidl_generator_py.so
[0.395s] -- Up-to-date: /home/siny/hydra_ws/install/semantic_inference_msgs/share/semantic_inference_msgs/msg/FeatureVector.idl
[0.395s] -- Up-to-date: /home/siny/hydra_ws/install/semantic_inference_msgs/share/semantic_inference_msgs/msg/FeatureVectors.idl
[0.395s] -- Up-to-date: /home/siny/hydra_ws/install/semantic_inference_msgs/share/semantic_inference_msgs/msg/FeatureVectorStamped.idl
[0.395s] -- Up-to-date: /home/siny/hydra_ws/install/semantic_inference_msgs/share/semantic_inference_msgs/msg/FeatureImage.idl
[0.395s] -- Up-to-date: /home/siny/hydra_ws/install/semantic_inference_msgs/share/semantic_inference_msgs/srv/EncodeFeature.idl
[0.395s] -- Up-to-date: /home/siny/hydra_ws/install/semantic_inference_msgs/share/semantic_inference_msgs/msg/FeatureVector.msg
[0.395s] -- Up-to-date: /home/siny/hydra_ws/install/semantic_inference_msgs/share/semantic_inference_msgs/msg/FeatureVectors.msg
[0.396s] -- Up-to-date: /home/siny/hydra_ws/install/semantic_inference_msgs/share/semantic_inference_msgs/msg/FeatureVectorStamped.msg
[0.396s] -- Up-to-date: /home/siny/hydra_ws/install/semantic_inference_msgs/share/semantic_inference_msgs/msg/FeatureImage.msg
[0.396s] -- Up-to-date: /home/siny/hydra_ws/install/semantic_inference_msgs/share/semantic_inference_msgs/srv/EncodeFeature.srv
[0.396s] -- Up-to-date: /home/siny/hydra_ws/install/semantic_inference_msgs/share/ament_index/resource_index/package_run_dependencies/semantic_inference_msgs
[0.396s] -- Up-to-date: /home/siny/hydra_ws/install/semantic_inference_msgs/share/ament_index/resource_index/parent_prefix_path/semantic_inference_msgs
[0.396s] -- Up-to-date: /home/siny/hydra_ws/install/semantic_inference_msgs/share/semantic_inference_msgs/environment/ament_prefix_path.sh
[0.397s] -- Up-to-date: /home/siny/hydra_ws/install/semantic_inference_msgs/share/semantic_inference_msgs/environment/ament_prefix_path.dsv
[0.397s] -- Up-to-date: /home/siny/hydra_ws/install/semantic_inference_msgs/share/semantic_inference_msgs/environment/path.sh
[0.397s] -- Up-to-date: /home/siny/hydra_ws/install/semantic_inference_msgs/share/semantic_inference_msgs/environment/path.dsv
[0.397s] -- Up-to-date: /home/siny/hydra_ws/install/semantic_inference_msgs/share/semantic_inference_msgs/local_setup.bash
[0.397s] -- Up-to-date: /home/siny/hydra_ws/install/semantic_inference_msgs/share/semantic_inference_msgs/local_setup.sh
[0.397s] -- Up-to-date: /home/siny/hydra_ws/install/semantic_inference_msgs/share/semantic_inference_msgs/local_setup.zsh
[0.397s] -- Up-to-date: /home/siny/hydra_ws/install/semantic_inference_msgs/share/semantic_inference_msgs/local_setup.dsv
[0.397s] -- Installing: /home/siny/hydra_ws/install/semantic_inference_msgs/share/semantic_inference_msgs/package.dsv
[0.397s] -- Up-to-date: /home/siny/hydra_ws/install/semantic_inference_msgs/share/ament_index/resource_index/packages/semantic_inference_msgs
[0.398s] -- Up-to-date: /home/siny/hydra_ws/install/semantic_inference_msgs/share/semantic_inference_msgs/cmake/export_semantic_inference_msgs__rosidl_generator_cExport.cmake
[0.399s] -- Up-to-date: /home/siny/hydra_ws/install/semantic_inference_msgs/share/semantic_inference_msgs/cmake/export_semantic_inference_msgs__rosidl_generator_cExport-release.cmake
[0.401s] -- Up-to-date: /home/siny/hydra_ws/install/semantic_inference_msgs/share/semantic_inference_msgs/cmake/export_semantic_inference_msgs__rosidl_typesupport_fastrtps_cExport.cmake
[0.401s] -- Up-to-date: /home/siny/hydra_ws/install/semantic_inference_msgs/share/semantic_inference_msgs/cmake/export_semantic_inference_msgs__rosidl_typesupport_fastrtps_cExport-release.cmake
[0.402s] -- Up-to-date: /home/siny/hydra_ws/install/semantic_inference_msgs/share/semantic_inference_msgs/cmake/export_semantic_inference_msgs__rosidl_generator_cppExport.cmake
[0.402s] -- Up-to-date: /home/siny/hydra_ws/install/semantic_inference_msgs/share/semantic_inference_msgs/cmake/export_semantic_inference_msgs__rosidl_typesupport_fastrtps_cppExport.cmake
[0.402s] -- Up-to-date: /home/siny/hydra_ws/install/semantic_inference_msgs/share/semantic_inference_msgs/cmake/export_semantic_inference_msgs__rosidl_typesupport_fastrtps_cppExport-release.cmake
[0.404s] -- Up-to-date: /home/siny/hydra_ws/install/semantic_inference_msgs/share/semantic_inference_msgs/cmake/semantic_inference_msgs__rosidl_typesupport_introspection_cExport.cmake
[0.404s] -- Up-to-date: /home/siny/hydra_ws/install/semantic_inference_msgs/share/semantic_inference_msgs/cmake/semantic_inference_msgs__rosidl_typesupport_introspection_cExport-release.cmake
[0.406s] -- Up-to-date: /home/siny/hydra_ws/install/semantic_inference_msgs/share/semantic_inference_msgs/cmake/semantic_inference_msgs__rosidl_typesupport_cExport.cmake
[0.407s] -- Up-to-date: /home/siny/hydra_ws/install/semantic_inference_msgs/share/semantic_inference_msgs/cmake/semantic_inference_msgs__rosidl_typesupport_cExport-release.cmake
[0.411s] -- Up-to-date: /home/siny/hydra_ws/install/semantic_inference_msgs/share/semantic_inference_msgs/cmake/semantic_inference_msgs__rosidl_typesupport_introspection_cppExport.cmake
[0.411s] -- Up-to-date: /home/siny/hydra_ws/install/semantic_inference_msgs/share/semantic_inference_msgs/cmake/semantic_inference_msgs__rosidl_typesupport_introspection_cppExport-release.cmake
[0.412s] -- Up-to-date: /home/siny/hydra_ws/install/semantic_inference_msgs/share/semantic_inference_msgs/cmake/semantic_inference_msgs__rosidl_typesupport_cppExport.cmake
[0.413s] -- Up-to-date: /home/siny/hydra_ws/install/semantic_inference_msgs/share/semantic_inference_msgs/cmake/semantic_inference_msgs__rosidl_typesupport_cppExport-release.cmake
[0.415s] -- Up-to-date: /home/siny/hydra_ws/install/semantic_inference_msgs/share/semantic_inference_msgs/cmake/export_semantic_inference_msgs__rosidl_generator_pyExport.cmake
[0.415s] -- Up-to-date: /home/siny/hydra_ws/install/semantic_inference_msgs/share/semantic_inference_msgs/cmake/export_semantic_inference_msgs__rosidl_generator_pyExport-release.cmake
[0.415s] -- Up-to-date: /home/siny/hydra_ws/install/semantic_inference_msgs/share/semantic_inference_msgs/cmake/rosidl_cmake-extras.cmake
[0.416s] -- Up-to-date: /home/siny/hydra_ws/install/semantic_inference_msgs/share/semantic_inference_msgs/cmake/ament_cmake_export_dependencies-extras.cmake
[0.416s] -- Up-to-date: /home/siny/hydra_ws/install/semantic_inference_msgs/share/semantic_inference_msgs/cmake/ament_cmake_export_include_directories-extras.cmake
[0.416s] -- Up-to-date: /home/siny/hydra_ws/install/semantic_inference_msgs/share/semantic_inference_msgs/cmake/ament_cmake_export_libraries-extras.cmake
[0.416s] -- Up-to-date: /home/siny/hydra_ws/install/semantic_inference_msgs/share/semantic_inference_msgs/cmake/ament_cmake_export_targets-extras.cmake
[0.416s] -- Up-to-date: /home/siny/hydra_ws/install/semantic_inference_msgs/share/semantic_inference_msgs/cmake/rosidl_cmake_export_typesupport_targets-extras.cmake
[0.416s] -- Up-to-date: /home/siny/hydra_ws/install/semantic_inference_msgs/share/semantic_inference_msgs/cmake/rosidl_cmake_export_typesupport_libraries-extras.cmake
[0.416s] -- Up-to-date: /home/siny/hydra_ws/install/semantic_inference_msgs/share/semantic_inference_msgs/cmake/semantic_inference_msgsConfig.cmake
[0.417s] -- Up-to-date: /home/siny/hydra_ws/install/semantic_inference_msgs/share/semantic_inference_msgs/cmake/semantic_inference_msgsConfig-version.cmake
[0.417s] -- Up-to-date: /home/siny/hydra_ws/install/semantic_inference_msgs/share/semantic_inference_msgs/package.xml
[0.424s] Invoked command in '/home/siny/hydra_ws/build/semantic_inference_msgs' returned '0': CONDA_PROMPT_MODIFIER=(base) DEBUGINFOD_URLS=https://debuginfod.ubuntu.com /usr/bin/cmake --install /home/siny/hydra_ws/build/semantic_inference_msgs
