[0.034s] Invoking command in '/home/siny/hydra_ws/build/semantic_inference_msgs': CMAKE_PREFIX_PATH=${CMAKE_PREFIX_PATH}:/opt/ros/jazzy:/home/siny/ros2_jazzy/install/ament_uncrustify:/home/siny/ros2_jazzy/install/tracetools_trace:/home/siny/ros2_jazzy/install/tracetools_read:/home/siny/ros2_jazzy/install/rpyutils:/home/siny/ros2_jazzy/install/rosidl_pycommon:/home/siny/ros2_jazzy/install/rosidl_cli:/home/siny/ros2_jazzy/install/launch_pytest:/home/siny/ros2_jazzy/install/launch_testing:/home/siny/ros2_jazzy/install/launch_yaml:/home/siny/ros2_jazzy/install/launch_xml:/home/siny/ros2_jazzy/install/launch:/home/siny/ros2_jazzy/install/osrf_pycommon:/home/siny/ros2_jazzy/install/domain_coordinator:/home/siny/ros2_jazzy/install/ament_xmllint:/home/siny/ros2_jazzy/install/ament_pyflakes:/home/siny/ros2_jazzy/install/ament_pycodestyle:/home/siny/ros2_jazzy/install/ament_pep257:/home/siny/ros2_jazzy/install/ament_pclint:/home/siny/ros2_jazzy/install/ament_package:/home/siny/ros2_jazzy/install/ament_mypy:/home/siny/ros2_jazzy/install/ament_lint_cmake:/home/siny/ros2_jazzy/install/ament_flake8:/home/siny/ros2_jazzy/install/ament_copyright:/home/siny/ros2_jazzy/install/ament_lint:/home/siny/ros2_jazzy/install/ament_index_python:/home/siny/ros2_jazzy/install/ament_cpplint:/home/siny/ros2_jazzy/install/ament_cppcheck:/home/siny/ros2_jazzy/install/ament_clang_tidy:/home/siny/ros2_jazzy/install/ament_clang_format DEBUGINFOD_URLS=https://debuginfod.ubuntu.com /usr/bin/cmake --build /home/siny/hydra_ws/build/semantic_inference_msgs -- -j20 -l20
[0.092s] [  1%] Built target semantic_inference_msgs__rosidl_generator_type_description
[0.110s] [  1%] Built target ament_cmake_python_copy_semantic_inference_msgs
[0.117s] [  2%] Built target semantic_inference_msgs__cpp
[0.142s] [ 25%] Built target semantic_inference_msgs__rosidl_generator_c
[0.182s] [ 35%] Built target semantic_inference_msgs__rosidl_typesupport_introspection_c
[0.183s] [ 44%] Built target semantic_inference_msgs__rosidl_typesupport_introspection_cpp
[0.187s] [ 54%] Built target semantic_inference_msgs__rosidl_typesupport_c
[0.192s] [ 63%] Built target semantic_inference_msgs__rosidl_typesupport_cpp
[0.192s] [ 72%] Built target semantic_inference_msgs__rosidl_typesupport_fastrtps_cpp
[0.194s] [ 82%] Built target semantic_inference_msgs__rosidl_typesupport_fastrtps_c
[0.215s] [ 82%] Built target semantic_inference_msgs
[0.235s] [ 83%] Built target semantic_inference_msgs__py
[0.254s] running egg_info
[0.262s] writing semantic_inference_msgs.egg-info/PKG-INFO
[0.262s] writing dependency_links to semantic_inference_msgs.egg-info/dependency_links.txt
[0.263s] writing top-level names to semantic_inference_msgs.egg-info/top_level.txt
[0.264s] [ 91%] Built target semantic_inference_msgs__rosidl_generator_py
[0.286s] [ 97%] Built target semantic_inference_msgs_s__rosidl_typesupport_fastrtps_c
[0.286s] [ 97%] Built target semantic_inference_msgs_s__rosidl_typesupport_c
[0.289s] reading manifest file 'semantic_inference_msgs.egg-info/SOURCES.txt'
[0.289s] writing manifest file 'semantic_inference_msgs.egg-info/SOURCES.txt'
[0.290s] [100%] Built target semantic_inference_msgs_s__rosidl_typesupport_introspection_c
[0.308s] [100%] Built target ament_cmake_python_build_semantic_inference_msgs_egg
[0.325s] Invoked command in '/home/siny/hydra_ws/build/semantic_inference_msgs' returned '0': CMAKE_PREFIX_PATH=${CMAKE_PREFIX_PATH}:/opt/ros/jazzy:/home/siny/ros2_jazzy/install/ament_uncrustify:/home/siny/ros2_jazzy/install/tracetools_trace:/home/siny/ros2_jazzy/install/tracetools_read:/home/siny/ros2_jazzy/install/rpyutils:/home/siny/ros2_jazzy/install/rosidl_pycommon:/home/siny/ros2_jazzy/install/rosidl_cli:/home/siny/ros2_jazzy/install/launch_pytest:/home/siny/ros2_jazzy/install/launch_testing:/home/siny/ros2_jazzy/install/launch_yaml:/home/siny/ros2_jazzy/install/launch_xml:/home/siny/ros2_jazzy/install/launch:/home/siny/ros2_jazzy/install/osrf_pycommon:/home/siny/ros2_jazzy/install/domain_coordinator:/home/siny/ros2_jazzy/install/ament_xmllint:/home/siny/ros2_jazzy/install/ament_pyflakes:/home/siny/ros2_jazzy/install/ament_pycodestyle:/home/siny/ros2_jazzy/install/ament_pep257:/home/siny/ros2_jazzy/install/ament_pclint:/home/siny/ros2_jazzy/install/ament_package:/home/siny/ros2_jazzy/install/ament_mypy:/home/siny/ros2_jazzy/install/ament_lint_cmake:/home/siny/ros2_jazzy/install/ament_flake8:/home/siny/ros2_jazzy/install/ament_copyright:/home/siny/ros2_jazzy/install/ament_lint:/home/siny/ros2_jazzy/install/ament_index_python:/home/siny/ros2_jazzy/install/ament_cpplint:/home/siny/ros2_jazzy/install/ament_cppcheck:/home/siny/ros2_jazzy/install/ament_clang_tidy:/home/siny/ros2_jazzy/install/ament_clang_format DEBUGINFOD_URLS=https://debuginfod.ubuntu.com /usr/bin/cmake --build /home/siny/hydra_ws/build/semantic_inference_msgs -- -j20 -l20
[0.327s] Invoking command in '/home/siny/hydra_ws/build/semantic_inference_msgs': CMAKE_PREFIX_PATH=${CMAKE_PREFIX_PATH}:/opt/ros/jazzy:/home/siny/ros2_jazzy/install/ament_uncrustify:/home/siny/ros2_jazzy/install/tracetools_trace:/home/siny/ros2_jazzy/install/tracetools_read:/home/siny/ros2_jazzy/install/rpyutils:/home/siny/ros2_jazzy/install/rosidl_pycommon:/home/siny/ros2_jazzy/install/rosidl_cli:/home/siny/ros2_jazzy/install/launch_pytest:/home/siny/ros2_jazzy/install/launch_testing:/home/siny/ros2_jazzy/install/launch_yaml:/home/siny/ros2_jazzy/install/launch_xml:/home/siny/ros2_jazzy/install/launch:/home/siny/ros2_jazzy/install/osrf_pycommon:/home/siny/ros2_jazzy/install/domain_coordinator:/home/siny/ros2_jazzy/install/ament_xmllint:/home/siny/ros2_jazzy/install/ament_pyflakes:/home/siny/ros2_jazzy/install/ament_pycodestyle:/home/siny/ros2_jazzy/install/ament_pep257:/home/siny/ros2_jazzy/install/ament_pclint:/home/siny/ros2_jazzy/install/ament_package:/home/siny/ros2_jazzy/install/ament_mypy:/home/siny/ros2_jazzy/install/ament_lint_cmake:/home/siny/ros2_jazzy/install/ament_flake8:/home/siny/ros2_jazzy/install/ament_copyright:/home/siny/ros2_jazzy/install/ament_lint:/home/siny/ros2_jazzy/install/ament_index_python:/home/siny/ros2_jazzy/install/ament_cpplint:/home/siny/ros2_jazzy/install/ament_cppcheck:/home/siny/ros2_jazzy/install/ament_clang_tidy:/home/siny/ros2_jazzy/install/ament_clang_format DEBUGINFOD_URLS=https://debuginfod.ubuntu.com /usr/bin/cmake --install /home/siny/hydra_ws/build/semantic_inference_msgs
[0.332s] -- Install configuration: "Release"
[0.333s] -- Up-to-date: /home/siny/hydra_ws/install/semantic_inference_msgs/share/ament_index/resource_index/rosidl_interfaces/semantic_inference_msgs
[0.333s] -- Up-to-date: /home/siny/hydra_ws/install/semantic_inference_msgs/share/semantic_inference_msgs/msg/FeatureVector.json
[0.333s] -- Up-to-date: /home/siny/hydra_ws/install/semantic_inference_msgs/share/semantic_inference_msgs/msg/FeatureVectors.json
[0.333s] -- Up-to-date: /home/siny/hydra_ws/install/semantic_inference_msgs/share/semantic_inference_msgs/msg/FeatureVectorStamped.json
[0.333s] -- Up-to-date: /home/siny/hydra_ws/install/semantic_inference_msgs/share/semantic_inference_msgs/msg/FeatureImage.json
[0.333s] -- Up-to-date: /home/siny/hydra_ws/install/semantic_inference_msgs/share/semantic_inference_msgs/srv/EncodeFeature.json
[0.333s] -- Up-to-date: /home/siny/hydra_ws/install/semantic_inference_msgs/include/semantic_inference_msgs/semantic_inference_msgs
[0.333s] -- Up-to-date: /home/siny/hydra_ws/install/semantic_inference_msgs/include/semantic_inference_msgs/semantic_inference_msgs/srv
[0.334s] -- Up-to-date: /home/siny/hydra_ws/install/semantic_inference_msgs/include/semantic_inference_msgs/semantic_inference_msgs/srv/encode_feature.h
[0.334s] -- Up-to-date: /home/siny/hydra_ws/install/semantic_inference_msgs/include/semantic_inference_msgs/semantic_inference_msgs/srv/detail
[0.334s] -- Up-to-date: /home/siny/hydra_ws/install/semantic_inference_msgs/include/semantic_inference_msgs/semantic_inference_msgs/srv/detail/encode_feature__description.c
[0.335s] -- Up-to-date: /home/siny/hydra_ws/install/semantic_inference_msgs/include/semantic_inference_msgs/semantic_inference_msgs/srv/detail/encode_feature__functions.h
[0.335s] -- Up-to-date: /home/siny/hydra_ws/install/semantic_inference_msgs/include/semantic_inference_msgs/semantic_inference_msgs/srv/detail/encode_feature__type_support.h
[0.336s] -- Up-to-date: /home/siny/hydra_ws/install/semantic_inference_msgs/include/semantic_inference_msgs/semantic_inference_msgs/srv/detail/encode_feature__type_support.c
[0.336s] -- Up-to-date: /home/siny/hydra_ws/install/semantic_inference_msgs/include/semantic_inference_msgs/semantic_inference_msgs/srv/detail/encode_feature__functions.c
[0.336s] -- Up-to-date: /home/siny/hydra_ws/install/semantic_inference_msgs/include/semantic_inference_msgs/semantic_inference_msgs/srv/detail/encode_feature__struct.h
[0.336s] -- Up-to-date: /home/siny/hydra_ws/install/semantic_inference_msgs/include/semantic_inference_msgs/semantic_inference_msgs/msg
[0.336s] -- Up-to-date: /home/siny/hydra_ws/install/semantic_inference_msgs/include/semantic_inference_msgs/semantic_inference_msgs/msg/feature_vector.h
[0.336s] -- Up-to-date: /home/siny/hydra_ws/install/semantic_inference_msgs/include/semantic_inference_msgs/semantic_inference_msgs/msg/rosidl_generator_c__visibility_control.h
[0.336s] -- Up-to-date: /home/siny/hydra_ws/install/semantic_inference_msgs/include/semantic_inference_msgs/semantic_inference_msgs/msg/feature_image.h
[0.336s] -- Up-to-date: /home/siny/hydra_ws/install/semantic_inference_msgs/include/semantic_inference_msgs/semantic_inference_msgs/msg/feature_vector_stamped.h
[0.337s] -- Up-to-date: /home/siny/hydra_ws/install/semantic_inference_msgs/include/semantic_inference_msgs/semantic_inference_msgs/msg/feature_vectors.h
[0.337s] -- Up-to-date: /home/siny/hydra_ws/install/semantic_inference_msgs/include/semantic_inference_msgs/semantic_inference_msgs/msg/detail
[0.337s] -- Up-to-date: /home/siny/hydra_ws/install/semantic_inference_msgs/include/semantic_inference_msgs/semantic_inference_msgs/msg/detail/feature_image__functions.h
[0.337s] -- Up-to-date: /home/siny/hydra_ws/install/semantic_inference_msgs/include/semantic_inference_msgs/semantic_inference_msgs/msg/detail/feature_vector_stamped__struct.h
[0.337s] -- Up-to-date: /home/siny/hydra_ws/install/semantic_inference_msgs/include/semantic_inference_msgs/semantic_inference_msgs/msg/detail/feature_vector_stamped__description.c
[0.338s] -- Up-to-date: /home/siny/hydra_ws/install/semantic_inference_msgs/include/semantic_inference_msgs/semantic_inference_msgs/msg/detail/feature_vector_stamped__functions.c
[0.338s] -- Up-to-date: /home/siny/hydra_ws/install/semantic_inference_msgs/include/semantic_inference_msgs/semantic_inference_msgs/msg/detail/feature_vector_stamped__functions.h
[0.338s] -- Up-to-date: /home/siny/hydra_ws/install/semantic_inference_msgs/include/semantic_inference_msgs/semantic_inference_msgs/msg/detail/feature_image__type_support.c
[0.338s] -- Up-to-date: /home/siny/hydra_ws/install/semantic_inference_msgs/include/semantic_inference_msgs/semantic_inference_msgs/msg/detail/feature_vector__type_support.h
[0.338s] -- Up-to-date: /home/siny/hydra_ws/install/semantic_inference_msgs/include/semantic_inference_msgs/semantic_inference_msgs/msg/detail/feature_vector__functions.h
[0.338s] -- Up-to-date: /home/siny/hydra_ws/install/semantic_inference_msgs/include/semantic_inference_msgs/semantic_inference_msgs/msg/detail/feature_image__functions.c
[0.339s] -- Up-to-date: /home/siny/hydra_ws/install/semantic_inference_msgs/include/semantic_inference_msgs/semantic_inference_msgs/msg/detail/feature_vector__struct.h
[0.339s] -- Up-to-date: /home/siny/hydra_ws/install/semantic_inference_msgs/include/semantic_inference_msgs/semantic_inference_msgs/msg/detail/feature_image__struct.h
[0.339s] -- Up-to-date: /home/siny/hydra_ws/install/semantic_inference_msgs/include/semantic_inference_msgs/semantic_inference_msgs/msg/detail/feature_vector_stamped__type_support.h
[0.340s] -- Up-to-date: /home/siny/hydra_ws/install/semantic_inference_msgs/include/semantic_inference_msgs/semantic_inference_msgs/msg/detail/feature_vector_stamped__type_support.c
[0.340s] -- Up-to-date: /home/siny/hydra_ws/install/semantic_inference_msgs/include/semantic_inference_msgs/semantic_inference_msgs/msg/detail/feature_vector__functions.c
[0.340s] -- Up-to-date: /home/siny/hydra_ws/install/semantic_inference_msgs/include/semantic_inference_msgs/semantic_inference_msgs/msg/detail/feature_vectors__struct.h
[0.340s] -- Up-to-date: /home/siny/hydra_ws/install/semantic_inference_msgs/include/semantic_inference_msgs/semantic_inference_msgs/msg/detail/feature_vector__type_support.c
[0.341s] -- Up-to-date: /home/siny/hydra_ws/install/semantic_inference_msgs/include/semantic_inference_msgs/semantic_inference_msgs/msg/detail/feature_vectors__description.c
[0.341s] -- Up-to-date: /home/siny/hydra_ws/install/semantic_inference_msgs/include/semantic_inference_msgs/semantic_inference_msgs/msg/detail/feature_image__type_support.h
[0.341s] -- Up-to-date: /home/siny/hydra_ws/install/semantic_inference_msgs/include/semantic_inference_msgs/semantic_inference_msgs/msg/detail/feature_vectors__type_support.h
[0.341s] -- Up-to-date: /home/siny/hydra_ws/install/semantic_inference_msgs/include/semantic_inference_msgs/semantic_inference_msgs/msg/detail/feature_vectors__type_support.c
[0.342s] -- Up-to-date: /home/siny/hydra_ws/install/semantic_inference_msgs/include/semantic_inference_msgs/semantic_inference_msgs/msg/detail/feature_vectors__functions.c
[0.342s] -- Up-to-date: /home/siny/hydra_ws/install/semantic_inference_msgs/include/semantic_inference_msgs/semantic_inference_msgs/msg/detail/feature_image__description.c
[0.342s] -- Up-to-date: /home/siny/hydra_ws/install/semantic_inference_msgs/include/semantic_inference_msgs/semantic_inference_msgs/msg/detail/feature_vector__description.c
[0.342s] -- Up-to-date: /home/siny/hydra_ws/install/semantic_inference_msgs/include/semantic_inference_msgs/semantic_inference_msgs/msg/detail/feature_vectors__functions.h
[0.342s] -- Up-to-date: /home/siny/hydra_ws/install/semantic_inference_msgs/share/semantic_inference_msgs/environment/library_path.sh
[0.342s] -- Up-to-date: /home/siny/hydra_ws/install/semantic_inference_msgs/share/semantic_inference_msgs/environment/library_path.dsv
[0.343s] -- Up-to-date: /home/siny/hydra_ws/install/semantic_inference_msgs/lib/libsemantic_inference_msgs__rosidl_generator_c.so
[0.343s] -- Up-to-date: /home/siny/hydra_ws/install/semantic_inference_msgs/include/semantic_inference_msgs/semantic_inference_msgs
[0.343s] -- Up-to-date: /home/siny/hydra_ws/install/semantic_inference_msgs/include/semantic_inference_msgs/semantic_inference_msgs/srv
[0.343s] -- Up-to-date: /home/siny/hydra_ws/install/semantic_inference_msgs/include/semantic_inference_msgs/semantic_inference_msgs/srv/detail
[0.343s] -- Up-to-date: /home/siny/hydra_ws/install/semantic_inference_msgs/include/semantic_inference_msgs/semantic_inference_msgs/srv/detail/encode_feature__rosidl_typesupport_fastrtps_c.h
[0.343s] -- Up-to-date: /home/siny/hydra_ws/install/semantic_inference_msgs/include/semantic_inference_msgs/semantic_inference_msgs/msg
[0.343s] -- Up-to-date: /home/siny/hydra_ws/install/semantic_inference_msgs/include/semantic_inference_msgs/semantic_inference_msgs/msg/rosidl_typesupport_fastrtps_c__visibility_control.h
[0.343s] -- Up-to-date: /home/siny/hydra_ws/install/semantic_inference_msgs/include/semantic_inference_msgs/semantic_inference_msgs/msg/detail
[0.343s] -- Up-to-date: /home/siny/hydra_ws/install/semantic_inference_msgs/include/semantic_inference_msgs/semantic_inference_msgs/msg/detail/feature_image__rosidl_typesupport_fastrtps_c.h
[0.343s] -- Up-to-date: /home/siny/hydra_ws/install/semantic_inference_msgs/include/semantic_inference_msgs/semantic_inference_msgs/msg/detail/feature_vector__rosidl_typesupport_fastrtps_c.h
[0.343s] -- Up-to-date: /home/siny/hydra_ws/install/semantic_inference_msgs/include/semantic_inference_msgs/semantic_inference_msgs/msg/detail/feature_vector_stamped__rosidl_typesupport_fastrtps_c.h
[0.343s] -- Up-to-date: /home/siny/hydra_ws/install/semantic_inference_msgs/include/semantic_inference_msgs/semantic_inference_msgs/msg/detail/feature_vectors__rosidl_typesupport_fastrtps_c.h
[0.343s] -- Up-to-date: /home/siny/hydra_ws/install/semantic_inference_msgs/lib/libsemantic_inference_msgs__rosidl_typesupport_fastrtps_c.so
[0.343s] -- Up-to-date: /home/siny/hydra_ws/install/semantic_inference_msgs/include/semantic_inference_msgs/semantic_inference_msgs
[0.343s] -- Up-to-date: /home/siny/hydra_ws/install/semantic_inference_msgs/include/semantic_inference_msgs/semantic_inference_msgs/srv
[0.343s] -- Up-to-date: /home/siny/hydra_ws/install/semantic_inference_msgs/include/semantic_inference_msgs/semantic_inference_msgs/srv/encode_feature.hpp
[0.343s] -- Up-to-date: /home/siny/hydra_ws/install/semantic_inference_msgs/include/semantic_inference_msgs/semantic_inference_msgs/srv/detail
[0.343s] -- Up-to-date: /home/siny/hydra_ws/install/semantic_inference_msgs/include/semantic_inference_msgs/semantic_inference_msgs/srv/detail/encode_feature__type_support.hpp
[0.343s] -- Up-to-date: /home/siny/hydra_ws/install/semantic_inference_msgs/include/semantic_inference_msgs/semantic_inference_msgs/srv/detail/encode_feature__traits.hpp
[0.343s] -- Up-to-date: /home/siny/hydra_ws/install/semantic_inference_msgs/include/semantic_inference_msgs/semantic_inference_msgs/srv/detail/encode_feature__builder.hpp
[0.343s] -- Up-to-date: /home/siny/hydra_ws/install/semantic_inference_msgs/include/semantic_inference_msgs/semantic_inference_msgs/srv/detail/encode_feature__struct.hpp
[0.344s] -- Up-to-date: /home/siny/hydra_ws/install/semantic_inference_msgs/include/semantic_inference_msgs/semantic_inference_msgs/msg
[0.344s] -- Up-to-date: /home/siny/hydra_ws/install/semantic_inference_msgs/include/semantic_inference_msgs/semantic_inference_msgs/msg/feature_vectors.hpp
[0.344s] -- Up-to-date: /home/siny/hydra_ws/install/semantic_inference_msgs/include/semantic_inference_msgs/semantic_inference_msgs/msg/feature_vector_stamped.hpp
[0.344s] -- Up-to-date: /home/siny/hydra_ws/install/semantic_inference_msgs/include/semantic_inference_msgs/semantic_inference_msgs/msg/feature_image.hpp
[0.344s] -- Up-to-date: /home/siny/hydra_ws/install/semantic_inference_msgs/include/semantic_inference_msgs/semantic_inference_msgs/msg/detail
[0.344s] -- Up-to-date: /home/siny/hydra_ws/install/semantic_inference_msgs/include/semantic_inference_msgs/semantic_inference_msgs/msg/detail/feature_image__traits.hpp
[0.344s] -- Up-to-date: /home/siny/hydra_ws/install/semantic_inference_msgs/include/semantic_inference_msgs/semantic_inference_msgs/msg/detail/feature_vectors__builder.hpp
[0.344s] -- Up-to-date: /home/siny/hydra_ws/install/semantic_inference_msgs/include/semantic_inference_msgs/semantic_inference_msgs/msg/detail/feature_vector_stamped__traits.hpp
[0.344s] -- Up-to-date: /home/siny/hydra_ws/install/semantic_inference_msgs/include/semantic_inference_msgs/semantic_inference_msgs/msg/detail/feature_vector__type_support.hpp
[0.344s] -- Up-to-date: /home/siny/hydra_ws/install/semantic_inference_msgs/include/semantic_inference_msgs/semantic_inference_msgs/msg/detail/feature_image__struct.hpp
[0.344s] -- Up-to-date: /home/siny/hydra_ws/install/semantic_inference_msgs/include/semantic_inference_msgs/semantic_inference_msgs/msg/detail/feature_vectors__type_support.hpp
[0.344s] -- Up-to-date: /home/siny/hydra_ws/install/semantic_inference_msgs/include/semantic_inference_msgs/semantic_inference_msgs/msg/detail/feature_vectors__struct.hpp
[0.344s] -- Up-to-date: /home/siny/hydra_ws/install/semantic_inference_msgs/include/semantic_inference_msgs/semantic_inference_msgs/msg/detail/feature_vector__builder.hpp
[0.344s] -- Up-to-date: /home/siny/hydra_ws/install/semantic_inference_msgs/include/semantic_inference_msgs/semantic_inference_msgs/msg/detail/feature_vector__traits.hpp
[0.344s] -- Up-to-date: /home/siny/hydra_ws/install/semantic_inference_msgs/include/semantic_inference_msgs/semantic_inference_msgs/msg/detail/feature_image__builder.hpp
[0.344s] -- Up-to-date: /home/siny/hydra_ws/install/semantic_inference_msgs/include/semantic_inference_msgs/semantic_inference_msgs/msg/detail/feature_image__type_support.hpp
[0.344s] -- Up-to-date: /home/siny/hydra_ws/install/semantic_inference_msgs/include/semantic_inference_msgs/semantic_inference_msgs/msg/detail/feature_vector__struct.hpp
[0.344s] -- Up-to-date: /home/siny/hydra_ws/install/semantic_inference_msgs/include/semantic_inference_msgs/semantic_inference_msgs/msg/detail/feature_vector_stamped__builder.hpp
[0.344s] -- Up-to-date: /home/siny/hydra_ws/install/semantic_inference_msgs/include/semantic_inference_msgs/semantic_inference_msgs/msg/detail/feature_vector_stamped__type_support.hpp
[0.344s] -- Up-to-date: /home/siny/hydra_ws/install/semantic_inference_msgs/include/semantic_inference_msgs/semantic_inference_msgs/msg/detail/feature_vectors__traits.hpp
[0.344s] -- Up-to-date: /home/siny/hydra_ws/install/semantic_inference_msgs/include/semantic_inference_msgs/semantic_inference_msgs/msg/detail/feature_vector_stamped__struct.hpp
[0.344s] -- Up-to-date: /home/siny/hydra_ws/install/semantic_inference_msgs/include/semantic_inference_msgs/semantic_inference_msgs/msg/feature_vector.hpp
[0.344s] -- Up-to-date: /home/siny/hydra_ws/install/semantic_inference_msgs/include/semantic_inference_msgs/semantic_inference_msgs/msg/rosidl_generator_cpp__visibility_control.hpp
[0.344s] -- Up-to-date: /home/siny/hydra_ws/install/semantic_inference_msgs/include/semantic_inference_msgs/semantic_inference_msgs
[0.344s] -- Up-to-date: /home/siny/hydra_ws/install/semantic_inference_msgs/include/semantic_inference_msgs/semantic_inference_msgs/srv
[0.344s] -- Up-to-date: /home/siny/hydra_ws/install/semantic_inference_msgs/include/semantic_inference_msgs/semantic_inference_msgs/srv/detail
[0.344s] -- Up-to-date: /home/siny/hydra_ws/install/semantic_inference_msgs/include/semantic_inference_msgs/semantic_inference_msgs/srv/detail/dds_fastrtps
[0.344s] -- Up-to-date: /home/siny/hydra_ws/install/semantic_inference_msgs/include/semantic_inference_msgs/semantic_inference_msgs/srv/detail/encode_feature__rosidl_typesupport_fastrtps_cpp.hpp
[0.344s] -- Up-to-date: /home/siny/hydra_ws/install/semantic_inference_msgs/include/semantic_inference_msgs/semantic_inference_msgs/msg
[0.345s] -- Up-to-date: /home/siny/hydra_ws/install/semantic_inference_msgs/include/semantic_inference_msgs/semantic_inference_msgs/msg/rosidl_typesupport_fastrtps_cpp__visibility_control.h
[0.345s] -- Up-to-date: /home/siny/hydra_ws/install/semantic_inference_msgs/include/semantic_inference_msgs/semantic_inference_msgs/msg/detail
[0.345s] -- Up-to-date: /home/siny/hydra_ws/install/semantic_inference_msgs/include/semantic_inference_msgs/semantic_inference_msgs/msg/detail/feature_image__rosidl_typesupport_fastrtps_cpp.hpp
[0.345s] -- Up-to-date: /home/siny/hydra_ws/install/semantic_inference_msgs/include/semantic_inference_msgs/semantic_inference_msgs/msg/detail/dds_fastrtps
[0.345s] -- Up-to-date: /home/siny/hydra_ws/install/semantic_inference_msgs/include/semantic_inference_msgs/semantic_inference_msgs/msg/detail/feature_vectors__rosidl_typesupport_fastrtps_cpp.hpp
[0.345s] -- Up-to-date: /home/siny/hydra_ws/install/semantic_inference_msgs/include/semantic_inference_msgs/semantic_inference_msgs/msg/detail/feature_vector__rosidl_typesupport_fastrtps_cpp.hpp
[0.345s] -- Up-to-date: /home/siny/hydra_ws/install/semantic_inference_msgs/include/semantic_inference_msgs/semantic_inference_msgs/msg/detail/feature_vector_stamped__rosidl_typesupport_fastrtps_cpp.hpp
[0.345s] -- Up-to-date: /home/siny/hydra_ws/install/semantic_inference_msgs/lib/libsemantic_inference_msgs__rosidl_typesupport_fastrtps_cpp.so
[0.345s] -- Up-to-date: /home/siny/hydra_ws/install/semantic_inference_msgs/include/semantic_inference_msgs/semantic_inference_msgs
[0.345s] -- Up-to-date: /home/siny/hydra_ws/install/semantic_inference_msgs/include/semantic_inference_msgs/semantic_inference_msgs/srv
[0.345s] -- Up-to-date: /home/siny/hydra_ws/install/semantic_inference_msgs/include/semantic_inference_msgs/semantic_inference_msgs/srv/detail
[0.345s] -- Up-to-date: /home/siny/hydra_ws/install/semantic_inference_msgs/include/semantic_inference_msgs/semantic_inference_msgs/srv/detail/encode_feature__rosidl_typesupport_introspection_c.h
[0.345s] -- Up-to-date: /home/siny/hydra_ws/install/semantic_inference_msgs/include/semantic_inference_msgs/semantic_inference_msgs/srv/detail/encode_feature__type_support.c
[0.345s] -- Up-to-date: /home/siny/hydra_ws/install/semantic_inference_msgs/include/semantic_inference_msgs/semantic_inference_msgs/msg
[0.345s] -- Up-to-date: /home/siny/hydra_ws/install/semantic_inference_msgs/include/semantic_inference_msgs/semantic_inference_msgs/msg/detail
[0.345s] -- Up-to-date: /home/siny/hydra_ws/install/semantic_inference_msgs/include/semantic_inference_msgs/semantic_inference_msgs/msg/detail/feature_image__rosidl_typesupport_introspection_c.h
[0.345s] -- Up-to-date: /home/siny/hydra_ws/install/semantic_inference_msgs/include/semantic_inference_msgs/semantic_inference_msgs/msg/detail/feature_image__type_support.c
[0.345s] -- Up-to-date: /home/siny/hydra_ws/install/semantic_inference_msgs/include/semantic_inference_msgs/semantic_inference_msgs/msg/detail/feature_vector_stamped__type_support.c
[0.345s] -- Up-to-date: /home/siny/hydra_ws/install/semantic_inference_msgs/include/semantic_inference_msgs/semantic_inference_msgs/msg/detail/feature_vector__type_support.c
[0.345s] -- Up-to-date: /home/siny/hydra_ws/install/semantic_inference_msgs/include/semantic_inference_msgs/semantic_inference_msgs/msg/detail/feature_vector_stamped__rosidl_typesupport_introspection_c.h
[0.345s] -- Up-to-date: /home/siny/hydra_ws/install/semantic_inference_msgs/include/semantic_inference_msgs/semantic_inference_msgs/msg/detail/feature_vector__rosidl_typesupport_introspection_c.h
[0.345s] -- Up-to-date: /home/siny/hydra_ws/install/semantic_inference_msgs/include/semantic_inference_msgs/semantic_inference_msgs/msg/detail/feature_vectors__type_support.c
[0.345s] -- Up-to-date: /home/siny/hydra_ws/install/semantic_inference_msgs/include/semantic_inference_msgs/semantic_inference_msgs/msg/detail/feature_vectors__rosidl_typesupport_introspection_c.h
[0.345s] -- Up-to-date: /home/siny/hydra_ws/install/semantic_inference_msgs/include/semantic_inference_msgs/semantic_inference_msgs/msg/rosidl_typesupport_introspection_c__visibility_control.h
[0.345s] -- Up-to-date: /home/siny/hydra_ws/install/semantic_inference_msgs/lib/libsemantic_inference_msgs__rosidl_typesupport_introspection_c.so
[0.345s] -- Up-to-date: /home/siny/hydra_ws/install/semantic_inference_msgs/lib/libsemantic_inference_msgs__rosidl_typesupport_c.so
[0.345s] -- Up-to-date: /home/siny/hydra_ws/install/semantic_inference_msgs/include/semantic_inference_msgs/semantic_inference_msgs
[0.345s] -- Up-to-date: /home/siny/hydra_ws/install/semantic_inference_msgs/include/semantic_inference_msgs/semantic_inference_msgs/srv
[0.345s] -- Up-to-date: /home/siny/hydra_ws/install/semantic_inference_msgs/include/semantic_inference_msgs/semantic_inference_msgs/srv/detail
[0.345s] -- Up-to-date: /home/siny/hydra_ws/install/semantic_inference_msgs/include/semantic_inference_msgs/semantic_inference_msgs/srv/detail/encode_feature__type_support.cpp
[0.345s] -- Up-to-date: /home/siny/hydra_ws/install/semantic_inference_msgs/include/semantic_inference_msgs/semantic_inference_msgs/srv/detail/encode_feature__rosidl_typesupport_introspection_cpp.hpp
[0.345s] -- Up-to-date: /home/siny/hydra_ws/install/semantic_inference_msgs/include/semantic_inference_msgs/semantic_inference_msgs/msg
[0.345s] -- Up-to-date: /home/siny/hydra_ws/install/semantic_inference_msgs/include/semantic_inference_msgs/semantic_inference_msgs/msg/detail
[0.345s] -- Up-to-date: /home/siny/hydra_ws/install/semantic_inference_msgs/include/semantic_inference_msgs/semantic_inference_msgs/msg/detail/feature_vectors__rosidl_typesupport_introspection_cpp.hpp
[0.345s] -- Up-to-date: /home/siny/hydra_ws/install/semantic_inference_msgs/include/semantic_inference_msgs/semantic_inference_msgs/msg/detail/feature_vectors__type_support.cpp
[0.345s] -- Up-to-date: /home/siny/hydra_ws/install/semantic_inference_msgs/include/semantic_inference_msgs/semantic_inference_msgs/msg/detail/feature_image__type_support.cpp
[0.345s] -- Up-to-date: /home/siny/hydra_ws/install/semantic_inference_msgs/include/semantic_inference_msgs/semantic_inference_msgs/msg/detail/feature_vector_stamped__rosidl_typesupport_introspection_cpp.hpp
[0.345s] -- Up-to-date: /home/siny/hydra_ws/install/semantic_inference_msgs/include/semantic_inference_msgs/semantic_inference_msgs/msg/detail/feature_vector__rosidl_typesupport_introspection_cpp.hpp
[0.345s] -- Up-to-date: /home/siny/hydra_ws/install/semantic_inference_msgs/include/semantic_inference_msgs/semantic_inference_msgs/msg/detail/feature_vector_stamped__type_support.cpp
[0.345s] -- Up-to-date: /home/siny/hydra_ws/install/semantic_inference_msgs/include/semantic_inference_msgs/semantic_inference_msgs/msg/detail/feature_vector__type_support.cpp
[0.345s] -- Up-to-date: /home/siny/hydra_ws/install/semantic_inference_msgs/include/semantic_inference_msgs/semantic_inference_msgs/msg/detail/feature_image__rosidl_typesupport_introspection_cpp.hpp
[0.346s] -- Up-to-date: /home/siny/hydra_ws/install/semantic_inference_msgs/lib/libsemantic_inference_msgs__rosidl_typesupport_introspection_cpp.so
[0.346s] -- Up-to-date: /home/siny/hydra_ws/install/semantic_inference_msgs/lib/libsemantic_inference_msgs__rosidl_typesupport_cpp.so
[0.346s] -- Up-to-date: /home/siny/hydra_ws/install/semantic_inference_msgs/share/semantic_inference_msgs/environment/pythonpath.sh
[0.346s] -- Up-to-date: /home/siny/hydra_ws/install/semantic_inference_msgs/share/semantic_inference_msgs/environment/pythonpath.dsv
[0.346s] -- Up-to-date: /home/siny/hydra_ws/install/semantic_inference_msgs/lib/python3.12/site-packages/semantic_inference_msgs-0.0.1-py3.12.egg-info
[0.346s] -- Installing: /home/siny/hydra_ws/install/semantic_inference_msgs/lib/python3.12/site-packages/semantic_inference_msgs-0.0.1-py3.12.egg-info/top_level.txt
[0.346s] -- Installing: /home/siny/hydra_ws/install/semantic_inference_msgs/lib/python3.12/site-packages/semantic_inference_msgs-0.0.1-py3.12.egg-info/PKG-INFO
[0.346s] -- Installing: /home/siny/hydra_ws/install/semantic_inference_msgs/lib/python3.12/site-packages/semantic_inference_msgs-0.0.1-py3.12.egg-info/SOURCES.txt
[0.346s] -- Installing: /home/siny/hydra_ws/install/semantic_inference_msgs/lib/python3.12/site-packages/semantic_inference_msgs-0.0.1-py3.12.egg-info/dependency_links.txt
[0.346s] -- Up-to-date: /home/siny/hydra_ws/install/semantic_inference_msgs/lib/python3.12/site-packages/semantic_inference_msgs
[0.346s] -- Up-to-date: /home/siny/hydra_ws/install/semantic_inference_msgs/lib/python3.12/site-packages/semantic_inference_msgs/semantic_inference_msgs_s__rosidl_typesupport_introspection_c.so
[0.346s] -- Up-to-date: /home/siny/hydra_ws/install/semantic_inference_msgs/lib/python3.12/site-packages/semantic_inference_msgs/semantic_inference_msgs_s__rosidl_typesupport_c.so
[0.346s] -- Up-to-date: /home/siny/hydra_ws/install/semantic_inference_msgs/lib/python3.12/site-packages/semantic_inference_msgs/_semantic_inference_msgs_s.ep.rosidl_typesupport_fastrtps_c.c
[0.346s] -- Up-to-date: /home/siny/hydra_ws/install/semantic_inference_msgs/lib/python3.12/site-packages/semantic_inference_msgs/srv
[0.346s] -- Up-to-date: /home/siny/hydra_ws/install/semantic_inference_msgs/lib/python3.12/site-packages/semantic_inference_msgs/srv/_encode_feature.py
[0.346s] -- Up-to-date: /home/siny/hydra_ws/install/semantic_inference_msgs/lib/python3.12/site-packages/semantic_inference_msgs/srv/_encode_feature_s.c
[0.346s] -- Up-to-date: /home/siny/hydra_ws/install/semantic_inference_msgs/lib/python3.12/site-packages/semantic_inference_msgs/srv/__init__.py
[0.346s] -- Up-to-date: /home/siny/hydra_ws/install/semantic_inference_msgs/lib/python3.12/site-packages/semantic_inference_msgs/msg
[0.346s] -- Up-to-date: /home/siny/hydra_ws/install/semantic_inference_msgs/lib/python3.12/site-packages/semantic_inference_msgs/msg/_feature_vectors.py
[0.346s] -- Up-to-date: /home/siny/hydra_ws/install/semantic_inference_msgs/lib/python3.12/site-packages/semantic_inference_msgs/msg/_feature_vector_stamped.py
[0.346s] -- Up-to-date: /home/siny/hydra_ws/install/semantic_inference_msgs/lib/python3.12/site-packages/semantic_inference_msgs/msg/_feature_vector.py
[0.346s] -- Up-to-date: /home/siny/hydra_ws/install/semantic_inference_msgs/lib/python3.12/site-packages/semantic_inference_msgs/msg/_feature_vector_s.c
[0.346s] -- Up-to-date: /home/siny/hydra_ws/install/semantic_inference_msgs/lib/python3.12/site-packages/semantic_inference_msgs/msg/_feature_vector_stamped_s.c
[0.346s] -- Up-to-date: /home/siny/hydra_ws/install/semantic_inference_msgs/lib/python3.12/site-packages/semantic_inference_msgs/msg/_feature_vectors_s.c
[0.346s] -- Up-to-date: /home/siny/hydra_ws/install/semantic_inference_msgs/lib/python3.12/site-packages/semantic_inference_msgs/msg/__init__.py
[0.346s] -- Up-to-date: /home/siny/hydra_ws/install/semantic_inference_msgs/lib/python3.12/site-packages/semantic_inference_msgs/msg/_feature_image_s.c
[0.346s] -- Up-to-date: /home/siny/hydra_ws/install/semantic_inference_msgs/lib/python3.12/site-packages/semantic_inference_msgs/msg/_feature_image.py
[0.346s] -- Up-to-date: /home/siny/hydra_ws/install/semantic_inference_msgs/lib/python3.12/site-packages/semantic_inference_msgs/semantic_inference_msgs_s__rosidl_typesupport_fastrtps_c.so
[0.346s] -- Up-to-date: /home/siny/hydra_ws/install/semantic_inference_msgs/lib/python3.12/site-packages/semantic_inference_msgs/_semantic_inference_msgs_s.ep.rosidl_typesupport_c.c
[0.346s] -- Up-to-date: /home/siny/hydra_ws/install/semantic_inference_msgs/lib/python3.12/site-packages/semantic_inference_msgs/__init__.py
[0.346s] -- Up-to-date: /home/siny/hydra_ws/install/semantic_inference_msgs/lib/python3.12/site-packages/semantic_inference_msgs/_semantic_inference_msgs_s.ep.rosidl_typesupport_introspection_c.c
[0.356s] Listing '/home/siny/hydra_ws/install/semantic_inference_msgs/lib/python3.12/site-packages/semantic_inference_msgs'...
[0.356s] Listing '/home/siny/hydra_ws/install/semantic_inference_msgs/lib/python3.12/site-packages/semantic_inference_msgs/msg'...
[0.356s] Listing '/home/siny/hydra_ws/install/semantic_inference_msgs/lib/python3.12/site-packages/semantic_inference_msgs/srv'...
[0.359s] -- Up-to-date: /home/siny/hydra_ws/install/semantic_inference_msgs/lib/python3.12/site-packages/semantic_inference_msgs/semantic_inference_msgs_s__rosidl_typesupport_fastrtps_c.so
[0.359s] -- Up-to-date: /home/siny/hydra_ws/install/semantic_inference_msgs/lib/python3.12/site-packages/semantic_inference_msgs/semantic_inference_msgs_s__rosidl_typesupport_introspection_c.so
[0.360s] -- Up-to-date: /home/siny/hydra_ws/install/semantic_inference_msgs/lib/python3.12/site-packages/semantic_inference_msgs/semantic_inference_msgs_s__rosidl_typesupport_c.so
[0.360s] -- Up-to-date: /home/siny/hydra_ws/install/semantic_inference_msgs/lib/libsemantic_inference_msgs__rosidl_generator_py.so
[0.361s] -- Up-to-date: /home/siny/hydra_ws/install/semantic_inference_msgs/share/semantic_inference_msgs/msg/FeatureVector.idl
[0.361s] -- Up-to-date: /home/siny/hydra_ws/install/semantic_inference_msgs/share/semantic_inference_msgs/msg/FeatureVectors.idl
[0.361s] -- Up-to-date: /home/siny/hydra_ws/install/semantic_inference_msgs/share/semantic_inference_msgs/msg/FeatureVectorStamped.idl
[0.361s] -- Up-to-date: /home/siny/hydra_ws/install/semantic_inference_msgs/share/semantic_inference_msgs/msg/FeatureImage.idl
[0.362s] -- Up-to-date: /home/siny/hydra_ws/install/semantic_inference_msgs/share/semantic_inference_msgs/srv/EncodeFeature.idl
[0.362s] -- Up-to-date: /home/siny/hydra_ws/install/semantic_inference_msgs/share/semantic_inference_msgs/msg/FeatureVector.msg
[0.362s] -- Up-to-date: /home/siny/hydra_ws/install/semantic_inference_msgs/share/semantic_inference_msgs/msg/FeatureVectors.msg
[0.362s] -- Up-to-date: /home/siny/hydra_ws/install/semantic_inference_msgs/share/semantic_inference_msgs/msg/FeatureVectorStamped.msg
[0.362s] -- Up-to-date: /home/siny/hydra_ws/install/semantic_inference_msgs/share/semantic_inference_msgs/msg/FeatureImage.msg
[0.362s] -- Up-to-date: /home/siny/hydra_ws/install/semantic_inference_msgs/share/semantic_inference_msgs/srv/EncodeFeature.srv
[0.362s] -- Up-to-date: /home/siny/hydra_ws/install/semantic_inference_msgs/share/ament_index/resource_index/package_run_dependencies/semantic_inference_msgs
[0.362s] -- Up-to-date: /home/siny/hydra_ws/install/semantic_inference_msgs/share/ament_index/resource_index/parent_prefix_path/semantic_inference_msgs
[0.362s] -- Up-to-date: /home/siny/hydra_ws/install/semantic_inference_msgs/share/semantic_inference_msgs/environment/ament_prefix_path.sh
[0.362s] -- Up-to-date: /home/siny/hydra_ws/install/semantic_inference_msgs/share/semantic_inference_msgs/environment/ament_prefix_path.dsv
[0.362s] -- Up-to-date: /home/siny/hydra_ws/install/semantic_inference_msgs/share/semantic_inference_msgs/environment/path.sh
[0.362s] -- Up-to-date: /home/siny/hydra_ws/install/semantic_inference_msgs/share/semantic_inference_msgs/environment/path.dsv
[0.362s] -- Up-to-date: /home/siny/hydra_ws/install/semantic_inference_msgs/share/semantic_inference_msgs/local_setup.bash
[0.363s] -- Up-to-date: /home/siny/hydra_ws/install/semantic_inference_msgs/share/semantic_inference_msgs/local_setup.sh
[0.363s] -- Up-to-date: /home/siny/hydra_ws/install/semantic_inference_msgs/share/semantic_inference_msgs/local_setup.zsh
[0.363s] -- Up-to-date: /home/siny/hydra_ws/install/semantic_inference_msgs/share/semantic_inference_msgs/local_setup.dsv
[0.363s] -- Installing: /home/siny/hydra_ws/install/semantic_inference_msgs/share/semantic_inference_msgs/package.dsv
[0.363s] -- Up-to-date: /home/siny/hydra_ws/install/semantic_inference_msgs/share/ament_index/resource_index/packages/semantic_inference_msgs
[0.363s] -- Up-to-date: /home/siny/hydra_ws/install/semantic_inference_msgs/share/semantic_inference_msgs/cmake/export_semantic_inference_msgs__rosidl_generator_cExport.cmake
[0.363s] -- Up-to-date: /home/siny/hydra_ws/install/semantic_inference_msgs/share/semantic_inference_msgs/cmake/export_semantic_inference_msgs__rosidl_generator_cExport-release.cmake
[0.363s] -- Up-to-date: /home/siny/hydra_ws/install/semantic_inference_msgs/share/semantic_inference_msgs/cmake/export_semantic_inference_msgs__rosidl_typesupport_fastrtps_cExport.cmake
[0.363s] -- Up-to-date: /home/siny/hydra_ws/install/semantic_inference_msgs/share/semantic_inference_msgs/cmake/export_semantic_inference_msgs__rosidl_typesupport_fastrtps_cExport-release.cmake
[0.363s] -- Up-to-date: /home/siny/hydra_ws/install/semantic_inference_msgs/share/semantic_inference_msgs/cmake/export_semantic_inference_msgs__rosidl_generator_cppExport.cmake
[0.363s] -- Up-to-date: /home/siny/hydra_ws/install/semantic_inference_msgs/share/semantic_inference_msgs/cmake/export_semantic_inference_msgs__rosidl_typesupport_fastrtps_cppExport.cmake
[0.363s] -- Up-to-date: /home/siny/hydra_ws/install/semantic_inference_msgs/share/semantic_inference_msgs/cmake/export_semantic_inference_msgs__rosidl_typesupport_fastrtps_cppExport-release.cmake
[0.363s] -- Up-to-date: /home/siny/hydra_ws/install/semantic_inference_msgs/share/semantic_inference_msgs/cmake/semantic_inference_msgs__rosidl_typesupport_introspection_cExport.cmake
[0.363s] -- Up-to-date: /home/siny/hydra_ws/install/semantic_inference_msgs/share/semantic_inference_msgs/cmake/semantic_inference_msgs__rosidl_typesupport_introspection_cExport-release.cmake
[0.363s] -- Up-to-date: /home/siny/hydra_ws/install/semantic_inference_msgs/share/semantic_inference_msgs/cmake/semantic_inference_msgs__rosidl_typesupport_cExport.cmake
[0.363s] -- Up-to-date: /home/siny/hydra_ws/install/semantic_inference_msgs/share/semantic_inference_msgs/cmake/semantic_inference_msgs__rosidl_typesupport_cExport-release.cmake
[0.364s] -- Up-to-date: /home/siny/hydra_ws/install/semantic_inference_msgs/share/semantic_inference_msgs/cmake/semantic_inference_msgs__rosidl_typesupport_introspection_cppExport.cmake
[0.364s] -- Up-to-date: /home/siny/hydra_ws/install/semantic_inference_msgs/share/semantic_inference_msgs/cmake/semantic_inference_msgs__rosidl_typesupport_introspection_cppExport-release.cmake
[0.364s] -- Up-to-date: /home/siny/hydra_ws/install/semantic_inference_msgs/share/semantic_inference_msgs/cmake/semantic_inference_msgs__rosidl_typesupport_cppExport.cmake
[0.364s] -- Up-to-date: /home/siny/hydra_ws/install/semantic_inference_msgs/share/semantic_inference_msgs/cmake/semantic_inference_msgs__rosidl_typesupport_cppExport-release.cmake
[0.364s] -- Up-to-date: /home/siny/hydra_ws/install/semantic_inference_msgs/share/semantic_inference_msgs/cmake/export_semantic_inference_msgs__rosidl_generator_pyExport.cmake
[0.364s] -- Up-to-date: /home/siny/hydra_ws/install/semantic_inference_msgs/share/semantic_inference_msgs/cmake/export_semantic_inference_msgs__rosidl_generator_pyExport-release.cmake
[0.364s] -- Up-to-date: /home/siny/hydra_ws/install/semantic_inference_msgs/share/semantic_inference_msgs/cmake/rosidl_cmake-extras.cmake
[0.364s] -- Up-to-date: /home/siny/hydra_ws/install/semantic_inference_msgs/share/semantic_inference_msgs/cmake/ament_cmake_export_dependencies-extras.cmake
[0.364s] -- Up-to-date: /home/siny/hydra_ws/install/semantic_inference_msgs/share/semantic_inference_msgs/cmake/ament_cmake_export_include_directories-extras.cmake
[0.364s] -- Up-to-date: /home/siny/hydra_ws/install/semantic_inference_msgs/share/semantic_inference_msgs/cmake/ament_cmake_export_libraries-extras.cmake
[0.364s] -- Up-to-date: /home/siny/hydra_ws/install/semantic_inference_msgs/share/semantic_inference_msgs/cmake/ament_cmake_export_targets-extras.cmake
[0.364s] -- Up-to-date: /home/siny/hydra_ws/install/semantic_inference_msgs/share/semantic_inference_msgs/cmake/rosidl_cmake_export_typesupport_targets-extras.cmake
[0.364s] -- Up-to-date: /home/siny/hydra_ws/install/semantic_inference_msgs/share/semantic_inference_msgs/cmake/rosidl_cmake_export_typesupport_libraries-extras.cmake
[0.364s] -- Up-to-date: /home/siny/hydra_ws/install/semantic_inference_msgs/share/semantic_inference_msgs/cmake/semantic_inference_msgsConfig.cmake
[0.364s] -- Up-to-date: /home/siny/hydra_ws/install/semantic_inference_msgs/share/semantic_inference_msgs/cmake/semantic_inference_msgsConfig-version.cmake
[0.364s] -- Up-to-date: /home/siny/hydra_ws/install/semantic_inference_msgs/share/semantic_inference_msgs/package.xml
[0.373s] Invoked command in '/home/siny/hydra_ws/build/semantic_inference_msgs' returned '0': CMAKE_PREFIX_PATH=${CMAKE_PREFIX_PATH}:/opt/ros/jazzy:/home/siny/ros2_jazzy/install/ament_uncrustify:/home/siny/ros2_jazzy/install/tracetools_trace:/home/siny/ros2_jazzy/install/tracetools_read:/home/siny/ros2_jazzy/install/rpyutils:/home/siny/ros2_jazzy/install/rosidl_pycommon:/home/siny/ros2_jazzy/install/rosidl_cli:/home/siny/ros2_jazzy/install/launch_pytest:/home/siny/ros2_jazzy/install/launch_testing:/home/siny/ros2_jazzy/install/launch_yaml:/home/siny/ros2_jazzy/install/launch_xml:/home/siny/ros2_jazzy/install/launch:/home/siny/ros2_jazzy/install/osrf_pycommon:/home/siny/ros2_jazzy/install/domain_coordinator:/home/siny/ros2_jazzy/install/ament_xmllint:/home/siny/ros2_jazzy/install/ament_pyflakes:/home/siny/ros2_jazzy/install/ament_pycodestyle:/home/siny/ros2_jazzy/install/ament_pep257:/home/siny/ros2_jazzy/install/ament_pclint:/home/siny/ros2_jazzy/install/ament_package:/home/siny/ros2_jazzy/install/ament_mypy:/home/siny/ros2_jazzy/install/ament_lint_cmake:/home/siny/ros2_jazzy/install/ament_flake8:/home/siny/ros2_jazzy/install/ament_copyright:/home/siny/ros2_jazzy/install/ament_lint:/home/siny/ros2_jazzy/install/ament_index_python:/home/siny/ros2_jazzy/install/ament_cpplint:/home/siny/ros2_jazzy/install/ament_cppcheck:/home/siny/ros2_jazzy/install/ament_clang_tidy:/home/siny/ros2_jazzy/install/ament_clang_format DEBUGINFOD_URLS=https://debuginfod.ubuntu.com /usr/bin/cmake --install /home/siny/hydra_ws/build/semantic_inference_msgs
