[0.019s] Invoking command in '/home/siny/hydra_ws/build/spark_dsg': CMAKE_PREFIX_PATH=${CMAKE_PREFIX_PATH}:/opt/ros/jazzy:/home/siny/ros2_jazzy/install/ament_uncrustify:/home/siny/ros2_jazzy/install/tracetools_trace:/home/siny/ros2_jazzy/install/tracetools_read:/home/siny/ros2_jazzy/install/rpyutils:/home/siny/ros2_jazzy/install/rosidl_pycommon:/home/siny/ros2_jazzy/install/rosidl_cli:/home/siny/ros2_jazzy/install/launch_pytest:/home/siny/ros2_jazzy/install/launch_testing:/home/siny/ros2_jazzy/install/launch_yaml:/home/siny/ros2_jazzy/install/launch_xml:/home/siny/ros2_jazzy/install/launch:/home/siny/ros2_jazzy/install/osrf_pycommon:/home/siny/ros2_jazzy/install/domain_coordinator:/home/siny/ros2_jazzy/install/ament_xmllint:/home/siny/ros2_jazzy/install/ament_pyflakes:/home/siny/ros2_jazzy/install/ament_pycodestyle:/home/siny/ros2_jazzy/install/ament_pep257:/home/siny/ros2_jazzy/install/ament_pclint:/home/siny/ros2_jazzy/install/ament_package:/home/siny/ros2_jazzy/install/ament_mypy:/home/siny/ros2_jazzy/install/ament_lint_cmake:/home/siny/ros2_jazzy/install/ament_flake8:/home/siny/ros2_jazzy/install/ament_copyright:/home/siny/ros2_jazzy/install/ament_lint:/home/siny/ros2_jazzy/install/ament_index_python:/home/siny/ros2_jazzy/install/ament_cpplint:/home/siny/ros2_jazzy/install/ament_cppcheck:/home/siny/ros2_jazzy/install/ament_clang_tidy:/home/siny/ros2_jazzy/install/ament_clang_format DEBUGINFOD_URLS=https://debuginfod.ubuntu.com /usr/bin/cmake /home/siny/hydra_ws/src/spark_dsg -DCMAKE_BUILD_TYPE=Release -DCMAKE_INSTALL_PREFIX=/home/siny/hydra_ws/install/spark_dsg
[0.063s] -- The C compiler identification is GNU 13.3.0
[0.104s] -- The CXX compiler identification is GNU 13.3.0
[0.114s] -- Detecting C compiler ABI info
[0.185s] -- Detecting C compiler ABI info - done
[0.189s] -- Check for working C compiler: /usr/bin/cc - skipped
[0.189s] -- Detecting C compile features
[0.189s] -- Detecting C compile features - done
[0.196s] -- Detecting CXX compiler ABI info
[0.267s] -- Detecting CXX compiler ABI info - done
[0.276s] -- Check for working CXX compiler: /usr/bin/c++ - skipped
[0.276s] -- Detecting CXX compile features
[0.276s] -- Detecting CXX compile features - done
[0.281s] -- Found nlohmann_json: /usr/share/cmake/nlohmann_json/nlohmann_jsonConfig.cmake (found version "3.11.3") 
[0.293s] -- Found PkgConfig: /usr/bin/pkg-config (found version "1.8.1") 
[0.293s] -- Checking for module 'libzmq'
[0.311s] --   Found libzmq, version 4.3.5
[0.338s] -- Performing Test CMAKE_HAVE_LIBC_PTHREAD
[0.407s] -- Performing Test CMAKE_HAVE_LIBC_PTHREAD - Success
[0.407s] -- Found Threads: TRUE  
[0.416s] -- Found GTest: /usr/lib/aarch64-linux-gnu/cmake/GTest/GTestConfig.cmake (found version "1.14.0")  
[0.423s] -- Configuring done (0.4s)
[0.433s] -- Generating done (0.0s)
[0.437s] -- Build files have been written to: /home/siny/hydra_ws/build/spark_dsg
[0.442s] Invoked command in '/home/siny/hydra_ws/build/spark_dsg' returned '0': CMAKE_PREFIX_PATH=${CMAKE_PREFIX_PATH}:/opt/ros/jazzy:/home/siny/ros2_jazzy/install/ament_uncrustify:/home/siny/ros2_jazzy/install/tracetools_trace:/home/siny/ros2_jazzy/install/tracetools_read:/home/siny/ros2_jazzy/install/rpyutils:/home/siny/ros2_jazzy/install/rosidl_pycommon:/home/siny/ros2_jazzy/install/rosidl_cli:/home/siny/ros2_jazzy/install/launch_pytest:/home/siny/ros2_jazzy/install/launch_testing:/home/siny/ros2_jazzy/install/launch_yaml:/home/siny/ros2_jazzy/install/launch_xml:/home/siny/ros2_jazzy/install/launch:/home/siny/ros2_jazzy/install/osrf_pycommon:/home/siny/ros2_jazzy/install/domain_coordinator:/home/siny/ros2_jazzy/install/ament_xmllint:/home/siny/ros2_jazzy/install/ament_pyflakes:/home/siny/ros2_jazzy/install/ament_pycodestyle:/home/siny/ros2_jazzy/install/ament_pep257:/home/siny/ros2_jazzy/install/ament_pclint:/home/siny/ros2_jazzy/install/ament_package:/home/siny/ros2_jazzy/install/ament_mypy:/home/siny/ros2_jazzy/install/ament_lint_cmake:/home/siny/ros2_jazzy/install/ament_flake8:/home/siny/ros2_jazzy/install/ament_copyright:/home/siny/ros2_jazzy/install/ament_lint:/home/siny/ros2_jazzy/install/ament_index_python:/home/siny/ros2_jazzy/install/ament_cpplint:/home/siny/ros2_jazzy/install/ament_cppcheck:/home/siny/ros2_jazzy/install/ament_clang_tidy:/home/siny/ros2_jazzy/install/ament_clang_format DEBUGINFOD_URLS=https://debuginfod.ubuntu.com /usr/bin/cmake /home/siny/hydra_ws/src/spark_dsg -DCMAKE_BUILD_TYPE=Release -DCMAKE_INSTALL_PREFIX=/home/siny/hydra_ws/install/spark_dsg
[0.443s] Invoking command in '/home/siny/hydra_ws/build/spark_dsg': CMAKE_PREFIX_PATH=${CMAKE_PREFIX_PATH}:/opt/ros/jazzy:/home/siny/ros2_jazzy/install/ament_uncrustify:/home/siny/ros2_jazzy/install/tracetools_trace:/home/siny/ros2_jazzy/install/tracetools_read:/home/siny/ros2_jazzy/install/rpyutils:/home/siny/ros2_jazzy/install/rosidl_pycommon:/home/siny/ros2_jazzy/install/rosidl_cli:/home/siny/ros2_jazzy/install/launch_pytest:/home/siny/ros2_jazzy/install/launch_testing:/home/siny/ros2_jazzy/install/launch_yaml:/home/siny/ros2_jazzy/install/launch_xml:/home/siny/ros2_jazzy/install/launch:/home/siny/ros2_jazzy/install/osrf_pycommon:/home/siny/ros2_jazzy/install/domain_coordinator:/home/siny/ros2_jazzy/install/ament_xmllint:/home/siny/ros2_jazzy/install/ament_pyflakes:/home/siny/ros2_jazzy/install/ament_pycodestyle:/home/siny/ros2_jazzy/install/ament_pep257:/home/siny/ros2_jazzy/install/ament_pclint:/home/siny/ros2_jazzy/install/ament_package:/home/siny/ros2_jazzy/install/ament_mypy:/home/siny/ros2_jazzy/install/ament_lint_cmake:/home/siny/ros2_jazzy/install/ament_flake8:/home/siny/ros2_jazzy/install/ament_copyright:/home/siny/ros2_jazzy/install/ament_lint:/home/siny/ros2_jazzy/install/ament_index_python:/home/siny/ros2_jazzy/install/ament_cpplint:/home/siny/ros2_jazzy/install/ament_cppcheck:/home/siny/ros2_jazzy/install/ament_clang_tidy:/home/siny/ros2_jazzy/install/ament_clang_format DEBUGINFOD_URLS=https://debuginfod.ubuntu.com /usr/bin/cmake --build /home/siny/hydra_ws/build/spark_dsg -- -j20 -l20
[0.477s] [  1%] [32mBuilding CXX object CMakeFiles/spark_dsg.dir/src/bounding_box_extraction.cpp.o[0m
[0.478s] [  4%] [32mBuilding CXX object CMakeFiles/spark_dsg.dir/src/edge_attributes.cpp.o[0m
[0.478s] [  4%] [32mBuilding CXX object CMakeFiles/spark_dsg.dir/src/colormaps.cpp.o[0m
[0.478s] [  8%] [32mBuilding CXX object CMakeFiles/spark_dsg.dir/src/adjacency_matrix.cpp.o[0m
[0.478s] [  8%] [32mBuilding CXX object CMakeFiles/spark_dsg.dir/src/color.cpp.o[0m
[0.479s] [  9%] [32mBuilding CXX object CMakeFiles/spark_dsg.dir/src/dynamic_scene_graph.cpp.o[0m
[0.480s] [ 11%] [32mBuilding CXX object CMakeFiles/spark_dsg.dir/src/edge_container.cpp.o[0m
[0.484s] [ 13%] [32mBuilding CXX object CMakeFiles/spark_dsg.dir/src/bounding_box.cpp.o[0m
[0.484s] [ 14%] [32mBuilding CXX object CMakeFiles/spark_dsg.dir/src/mesh.cpp.o[0m
[0.484s] [ 16%] [32mBuilding CXX object CMakeFiles/spark_dsg.dir/src/labelspace.cpp.o[0m
[0.484s] [ 18%] [32mBuilding CXX object CMakeFiles/spark_dsg.dir/src/layer_view.cpp.o[0m
[0.485s] [ 19%] [32mBuilding CXX object CMakeFiles/spark_dsg.dir/src/metadata.cpp.o[0m
[0.499s] [ 21%] [32mBuilding CXX object CMakeFiles/spark_dsg.dir/src/node_attributes.cpp.o[0m
[0.506s] [ 22%] [32mBuilding CXX object CMakeFiles/spark_dsg.dir/src/printing.cpp.o[0m
[0.510s] [ 24%] [32mBuilding CXX object CMakeFiles/spark_dsg.dir/src/scene_graph_types.cpp.o[0m
[0.512s] [ 26%] [32mBuilding CXX object CMakeFiles/spark_dsg.dir/src/scene_graph_node.cpp.o[0m
[0.514s] [ 29%] [32mBuilding CXX object CMakeFiles/spark_dsg.dir/src/scene_graph_layer.cpp.o[0m
[0.514s] [ 29%] [32mBuilding CXX object CMakeFiles/spark_dsg.dir/src/node_symbol.cpp.o[0m
[0.515s] [ 31%] [32mBuilding CXX object CMakeFiles/spark_dsg.dir/src/scene_graph_logger.cpp.o[0m
[0.516s] [ 32%] [32mBuilding CXX object CMakeFiles/spark_dsg.dir/src/scene_graph_utilities.cpp.o[0m
[0.884s] [ 34%] [32mBuilding CXX object CMakeFiles/spark_dsg.dir/src/traversability_boundary.cpp.o[0m
[1.097s] [ 36%] [32mBuilding CXX object CMakeFiles/spark_dsg.dir/src/zmq_interface.cpp.o[0m
[1.273s] [ 37%] [32mBuilding CXX object CMakeFiles/spark_dsg.dir/src/serialization/attribute_serialization.cpp.o[0m
[1.358s] [ 39%] [32mBuilding CXX object CMakeFiles/spark_dsg.dir/src/serialization/binary_conversions.cpp.o[0m
[2.540s] [ 40%] [32mBuilding CXX object CMakeFiles/spark_dsg.dir/src/serialization/binary_serialization.cpp.o[0m
[3.191s] [ 42%] [32mBuilding CXX object CMakeFiles/spark_dsg.dir/src/serialization/file_io.cpp.o[0m
[3.404s] [ 44%] [32mBuilding CXX object CMakeFiles/spark_dsg.dir/src/serialization/graph_binary_serialization.cpp.o[0m
[3.810s] [ 45%] [32mBuilding CXX object CMakeFiles/spark_dsg.dir/src/serialization/graph_json_serialization.cpp.o[0m
[4.619s] [ 47%] [32mBuilding CXX object CMakeFiles/spark_dsg.dir/src/serialization/json_conversions.cpp.o[0m
[4.747s] [ 49%] [32mBuilding CXX object CMakeFiles/spark_dsg.dir/src/serialization/mesh_serialization.cpp.o[0m
[4.767s] [ 50%] [32mBuilding CXX object CMakeFiles/spark_dsg.dir/src/serialization/versioning.cpp.o[0m
[17.882s] [ 52%] [32m[1mLinking CXX shared library libspark_dsg.so[0m
[21.363s] [ 52%] Built target spark_dsg
[21.400s] [ 54%] [32mBuilding CXX object tests/CMakeFiles/utest_spark_dsg.dir/utest_bounding_box_extraction.cpp.o[0m
[21.400s] [ 55%] [32mBuilding CXX object examples/CMakeFiles/dsg_repeater.dir/dsg_repeater.cpp.o[0m
[21.401s] [ 57%] [32mBuilding CXX object tests/CMakeFiles/utest_spark_dsg.dir/utest_bounding_box.cpp.o[0m
[21.405s] [ 59%] [32mBuilding CXX object tests/CMakeFiles/utest_spark_dsg.dir/utest_edge_container.cpp.o[0m
[21.405s] [ 60%] [32mBuilding CXX object tests/CMakeFiles/utest_spark_dsg.dir/utest_adjacency_matrix.cpp.o[0m
[21.405s] [ 62%] [32mBuilding CXX object tests/CMakeFiles/utest_spark_dsg.dir/utest_dynamic_scene_graph.cpp.o[0m
[21.405s] [ 63%] [32mBuilding CXX object tests/CMakeFiles/utest_spark_dsg.dir/utest_graph_utilities_layer.cpp.o[0m
[21.405s] [ 65%] [32mBuilding CXX object tests/CMakeFiles/utest_spark_dsg.dir/utest_color.cpp.o[0m
[21.411s] [ 67%] [32mBuilding CXX object examples/CMakeFiles/dsg_endpoint.dir/dsg_endpoint.cpp.o[0m
[21.416s] [ 68%] [32mBuilding CXX object tests/CMakeFiles/utest_spark_dsg.dir/utest_labelspace.cpp.o[0m
[25.039s] [ 70%] [32m[1mLinking CXX executable dsg_repeater[0m
[25.226s] [ 70%] Built target dsg_repeater
[25.422s] [ 72%] [32m[1mLinking CXX executable dsg_endpoint[0m
[25.612s] [ 72%] Built target dsg_endpoint
[27.238s] [ 73%] [32mBuilding CXX object tests/CMakeFiles/utest_spark_dsg.dir/utest_zmq_interface.cpp.o[0m
[28.743s] [ 75%] [32mBuilding CXX object tests/CMakeFiles/utest_spark_dsg.dir/serialization/utest_mesh_serialization.cpp.o[0m
[29.935s] [ 77%] [32mBuilding CXX object tests/CMakeFiles/utest_spark_dsg.dir/serialization/utest_json_conversions.cpp.o[0m
[32.555s] [ 78%] [32mBuilding CXX object tests/CMakeFiles/utest_spark_dsg.dir/serialization/utest_file_io.cpp.o[0m
[34.907s] [ 80%] [32mBuilding CXX object tests/CMakeFiles/utest_spark_dsg.dir/serialization/utest_graph_serialization.cpp.o[0m
[37.509s] [ 81%] [32mBuilding CXX object tests/CMakeFiles/utest_spark_dsg.dir/serialization/utest_binary_conversions.cpp.o[0m
[37.510s] [ 83%] [32mBuilding CXX object tests/CMakeFiles/utest_spark_dsg.dir/utest_traversability_boundary.cpp.o[0m
[37.511s] [ 85%] [32mBuilding CXX object tests/CMakeFiles/utest_spark_dsg.dir/serialization/utest_attribute_serialization.cpp.o[0m
[37.511s] [ 86%] [32mBuilding CXX object tests/CMakeFiles/utest_spark_dsg.dir/serialization/utest_binary_serialization.cpp.o[0m
[37.512s] [ 88%] [32mBuilding CXX object tests/CMakeFiles/utest_spark_dsg.dir/utest_scene_graph_utilities.cpp.o[0m
[38.764s] [ 91%] [32mBuilding CXX object tests/CMakeFiles/utest_spark_dsg.dir/utest_scene_graph_node.cpp.o[0m
[38.764s] [ 91%] [32mBuilding CXX object tests/CMakeFiles/utest_spark_dsg.dir/utest_scene_graph_layer.cpp.o[0m
[38.765s] [ 93%] [32mBuilding CXX object tests/CMakeFiles/utest_spark_dsg.dir/utest_node_symbol.cpp.o[0m
[38.765s] [ 95%] [32mBuilding CXX object tests/CMakeFiles/utest_spark_dsg.dir/utest_node_attributes.cpp.o[0m
[39.827s] [ 98%] [32mBuilding CXX object tests/CMakeFiles/utest_spark_dsg.dir/utest_mesh.cpp.o[0m
[39.827s] [ 98%] [32mBuilding CXX object tests/CMakeFiles/utest_spark_dsg.dir/utest_metadata.cpp.o[0m
[41.974s] [100%] [32m[1mLinking CXX executable utest_spark_dsg[0m
[44.340s] [100%] Built target utest_spark_dsg
[44.349s] Invoked command in '/home/siny/hydra_ws/build/spark_dsg' returned '0': CMAKE_PREFIX_PATH=${CMAKE_PREFIX_PATH}:/opt/ros/jazzy:/home/siny/ros2_jazzy/install/ament_uncrustify:/home/siny/ros2_jazzy/install/tracetools_trace:/home/siny/ros2_jazzy/install/tracetools_read:/home/siny/ros2_jazzy/install/rpyutils:/home/siny/ros2_jazzy/install/rosidl_pycommon:/home/siny/ros2_jazzy/install/rosidl_cli:/home/siny/ros2_jazzy/install/launch_pytest:/home/siny/ros2_jazzy/install/launch_testing:/home/siny/ros2_jazzy/install/launch_yaml:/home/siny/ros2_jazzy/install/launch_xml:/home/siny/ros2_jazzy/install/launch:/home/siny/ros2_jazzy/install/osrf_pycommon:/home/siny/ros2_jazzy/install/domain_coordinator:/home/siny/ros2_jazzy/install/ament_xmllint:/home/siny/ros2_jazzy/install/ament_pyflakes:/home/siny/ros2_jazzy/install/ament_pycodestyle:/home/siny/ros2_jazzy/install/ament_pep257:/home/siny/ros2_jazzy/install/ament_pclint:/home/siny/ros2_jazzy/install/ament_package:/home/siny/ros2_jazzy/install/ament_mypy:/home/siny/ros2_jazzy/install/ament_lint_cmake:/home/siny/ros2_jazzy/install/ament_flake8:/home/siny/ros2_jazzy/install/ament_copyright:/home/siny/ros2_jazzy/install/ament_lint:/home/siny/ros2_jazzy/install/ament_index_python:/home/siny/ros2_jazzy/install/ament_cpplint:/home/siny/ros2_jazzy/install/ament_cppcheck:/home/siny/ros2_jazzy/install/ament_clang_tidy:/home/siny/ros2_jazzy/install/ament_clang_format DEBUGINFOD_URLS=https://debuginfod.ubuntu.com /usr/bin/cmake --build /home/siny/hydra_ws/build/spark_dsg -- -j20 -l20
[44.351s] Invoking command in '/home/siny/hydra_ws/build/spark_dsg': CMAKE_PREFIX_PATH=${CMAKE_PREFIX_PATH}:/opt/ros/jazzy:/home/siny/ros2_jazzy/install/ament_uncrustify:/home/siny/ros2_jazzy/install/tracetools_trace:/home/siny/ros2_jazzy/install/tracetools_read:/home/siny/ros2_jazzy/install/rpyutils:/home/siny/ros2_jazzy/install/rosidl_pycommon:/home/siny/ros2_jazzy/install/rosidl_cli:/home/siny/ros2_jazzy/install/launch_pytest:/home/siny/ros2_jazzy/install/launch_testing:/home/siny/ros2_jazzy/install/launch_yaml:/home/siny/ros2_jazzy/install/launch_xml:/home/siny/ros2_jazzy/install/launch:/home/siny/ros2_jazzy/install/osrf_pycommon:/home/siny/ros2_jazzy/install/domain_coordinator:/home/siny/ros2_jazzy/install/ament_xmllint:/home/siny/ros2_jazzy/install/ament_pyflakes:/home/siny/ros2_jazzy/install/ament_pycodestyle:/home/siny/ros2_jazzy/install/ament_pep257:/home/siny/ros2_jazzy/install/ament_pclint:/home/siny/ros2_jazzy/install/ament_package:/home/siny/ros2_jazzy/install/ament_mypy:/home/siny/ros2_jazzy/install/ament_lint_cmake:/home/siny/ros2_jazzy/install/ament_flake8:/home/siny/ros2_jazzy/install/ament_copyright:/home/siny/ros2_jazzy/install/ament_lint:/home/siny/ros2_jazzy/install/ament_index_python:/home/siny/ros2_jazzy/install/ament_cpplint:/home/siny/ros2_jazzy/install/ament_cppcheck:/home/siny/ros2_jazzy/install/ament_clang_tidy:/home/siny/ros2_jazzy/install/ament_clang_format DEBUGINFOD_URLS=https://debuginfod.ubuntu.com /usr/bin/cmake --install /home/siny/hydra_ws/build/spark_dsg
[44.357s] -- Install configuration: "Release"
[44.357s] -- Installing: /home/siny/hydra_ws/install/spark_dsg/bin/dsg_repeater
[44.358s] -- Set non-toolchain portion of runtime path of "/home/siny/hydra_ws/install/spark_dsg/bin/dsg_repeater" to ""
[44.358s] -- Installing: /home/siny/hydra_ws/install/spark_dsg/bin/dsg_endpoint
[44.358s] -- Set non-toolchain portion of runtime path of "/home/siny/hydra_ws/install/spark_dsg/bin/dsg_endpoint" to ""
[44.359s] -- Installing: /home/siny/hydra_ws/install/spark_dsg/lib/libspark_dsg.so
[44.360s] -- Installing: /home/siny/hydra_ws/install/spark_dsg/include
[44.360s] -- Installing: /home/siny/hydra_ws/install/spark_dsg/include/spark_dsg
[44.360s] -- Installing: /home/siny/hydra_ws/install/spark_dsg/include/spark_dsg/serialization
[44.360s] -- Installing: /home/siny/hydra_ws/install/spark_dsg/include/spark_dsg/serialization/binary_conversions.h
[44.360s] -- Installing: /home/siny/hydra_ws/install/spark_dsg/include/spark_dsg/serialization/file_io.h
[44.360s] -- Installing: /home/siny/hydra_ws/install/spark_dsg/include/spark_dsg/serialization/binary_serialization.h
[44.360s] -- Installing: /home/siny/hydra_ws/install/spark_dsg/include/spark_dsg/serialization/graph_binary_serialization.h
[44.360s] -- Installing: /home/siny/hydra_ws/install/spark_dsg/include/spark_dsg/serialization/json_conversions.h
[44.360s] -- Installing: /home/siny/hydra_ws/install/spark_dsg/include/spark_dsg/serialization/attribute_serialization.h
[44.360s] -- Installing: /home/siny/hydra_ws/install/spark_dsg/include/spark_dsg/serialization/graph_json_serialization.h
[44.360s] -- Installing: /home/siny/hydra_ws/install/spark_dsg/include/spark_dsg/serialization/versioning.h
[44.361s] -- Installing: /home/siny/hydra_ws/install/spark_dsg/include/spark_dsg/serialization/attribute_registry.h
[44.361s] -- Installing: /home/siny/hydra_ws/install/spark_dsg/include/spark_dsg/bounding_box.h
[44.361s] -- Installing: /home/siny/hydra_ws/install/spark_dsg/include/spark_dsg/labelspace.h
[44.361s] -- Installing: /home/siny/hydra_ws/install/spark_dsg/include/spark_dsg/dynamic_scene_graph.h
[44.361s] -- Installing: /home/siny/hydra_ws/install/spark_dsg/include/spark_dsg/color.h
[44.361s] -- Installing: /home/siny/hydra_ws/install/spark_dsg/include/spark_dsg/scene_graph_layer.h
[44.361s] -- Installing: /home/siny/hydra_ws/install/spark_dsg/include/spark_dsg/bounding_box_extraction.h
[44.361s] -- Installing: /home/siny/hydra_ws/install/spark_dsg/include/spark_dsg/edge_container.h
[44.361s] -- Installing: /home/siny/hydra_ws/install/spark_dsg/include/spark_dsg/spark_dsg_fwd.h
[44.361s] -- Installing: /home/siny/hydra_ws/install/spark_dsg/include/spark_dsg/spark_dsg.h
[44.361s] -- Installing: /home/siny/hydra_ws/install/spark_dsg/include/spark_dsg/graph_utilities.h
[44.361s] -- Installing: /home/siny/hydra_ws/install/spark_dsg/include/spark_dsg/scene_graph_types.h
[44.361s] -- Installing: /home/siny/hydra_ws/install/spark_dsg/include/spark_dsg/colormaps.h
[44.361s] -- Installing: /home/siny/hydra_ws/install/spark_dsg/include/spark_dsg/scene_graph_logger.h
[44.362s] -- Installing: /home/siny/hydra_ws/install/spark_dsg/include/spark_dsg/scene_graph_utilities.h
[44.362s] -- Installing: /home/siny/hydra_ws/install/spark_dsg/include/spark_dsg/scene_graph_node.h
[44.362s] -- Installing: /home/siny/hydra_ws/install/spark_dsg/include/spark_dsg/metadata.h
[44.362s] -- Installing: /home/siny/hydra_ws/install/spark_dsg/include/spark_dsg/mesh.h
[44.362s] -- Installing: /home/siny/hydra_ws/install/spark_dsg/include/spark_dsg/edge_attributes.h
[44.362s] -- Installing: /home/siny/hydra_ws/install/spark_dsg/include/spark_dsg/node_attributes.h
[44.362s] -- Installing: /home/siny/hydra_ws/install/spark_dsg/include/spark_dsg/adjacency_matrix.h
[44.362s] -- Installing: /home/siny/hydra_ws/install/spark_dsg/include/spark_dsg/logging.h
[44.362s] -- Installing: /home/siny/hydra_ws/install/spark_dsg/include/spark_dsg/zmq_interface.h
[44.362s] -- Installing: /home/siny/hydra_ws/install/spark_dsg/include/spark_dsg/node_symbol.h
[44.363s] -- Installing: /home/siny/hydra_ws/install/spark_dsg/include/spark_dsg/traversability_boundary.h
[44.363s] -- Installing: /home/siny/hydra_ws/install/spark_dsg/include/spark_dsg/layer_view.h
[44.363s] -- Installing: /home/siny/hydra_ws/install/spark_dsg/include/spark_dsg/printing.h
[44.363s] -- Installing: /home/siny/hydra_ws/install/spark_dsg/lib/cmake/spark_dsg/spark_dsgTargets.cmake
[44.363s] -- Installing: /home/siny/hydra_ws/install/spark_dsg/lib/cmake/spark_dsg/spark_dsgTargets-release.cmake
[44.363s] -- Installing: /home/siny/hydra_ws/install/spark_dsg/lib/cmake/spark_dsg/spark_dsgConfig.cmake
[44.363s] -- Installing: /home/siny/hydra_ws/install/spark_dsg/lib/cmake/spark_dsg/spark_dsgConfigVersion.cmake
[44.365s] Invoked command in '/home/siny/hydra_ws/build/spark_dsg' returned '0': CMAKE_PREFIX_PATH=${CMAKE_PREFIX_PATH}:/opt/ros/jazzy:/home/siny/ros2_jazzy/install/ament_uncrustify:/home/siny/ros2_jazzy/install/tracetools_trace:/home/siny/ros2_jazzy/install/tracetools_read:/home/siny/ros2_jazzy/install/rpyutils:/home/siny/ros2_jazzy/install/rosidl_pycommon:/home/siny/ros2_jazzy/install/rosidl_cli:/home/siny/ros2_jazzy/install/launch_pytest:/home/siny/ros2_jazzy/install/launch_testing:/home/siny/ros2_jazzy/install/launch_yaml:/home/siny/ros2_jazzy/install/launch_xml:/home/siny/ros2_jazzy/install/launch:/home/siny/ros2_jazzy/install/osrf_pycommon:/home/siny/ros2_jazzy/install/domain_coordinator:/home/siny/ros2_jazzy/install/ament_xmllint:/home/siny/ros2_jazzy/install/ament_pyflakes:/home/siny/ros2_jazzy/install/ament_pycodestyle:/home/siny/ros2_jazzy/install/ament_pep257:/home/siny/ros2_jazzy/install/ament_pclint:/home/siny/ros2_jazzy/install/ament_package:/home/siny/ros2_jazzy/install/ament_mypy:/home/siny/ros2_jazzy/install/ament_lint_cmake:/home/siny/ros2_jazzy/install/ament_flake8:/home/siny/ros2_jazzy/install/ament_copyright:/home/siny/ros2_jazzy/install/ament_lint:/home/siny/ros2_jazzy/install/ament_index_python:/home/siny/ros2_jazzy/install/ament_cpplint:/home/siny/ros2_jazzy/install/ament_cppcheck:/home/siny/ros2_jazzy/install/ament_clang_tidy:/home/siny/ros2_jazzy/install/ament_clang_format DEBUGINFOD_URLS=https://debuginfod.ubuntu.com /usr/bin/cmake --install /home/siny/hydra_ws/build/spark_dsg
