[0.021s] Invoking command in '/home/siny/hydra_ws/build/kimera_rpgo': CMAKE_PREFIX_PATH=${CMAKE_PREFIX_PATH}:/opt/ros/jazzy DEBUGINFOD_URLS=https://debuginfod.ubuntu.com /usr/bin/cmake --build /home/siny/hydra_ws/build/kimera_rpgo -- -j20 -l20
[0.113s] [ 73%] Built target kimera_rpgo
[0.174s] [ 80%] Built target _kimera_rpgo_bindings
[0.180s] [100%] Built target test_kimera_rpgo
[0.214s] Invoked command in '/home/siny/hydra_ws/build/kimera_rpgo' returned '0': CMAKE_PREFIX_PATH=${CMAKE_PREFIX_PATH}:/opt/ros/jazzy DEBUGINFOD_URLS=https://debuginfod.ubuntu.com /usr/bin/cmake --build /home/siny/hydra_ws/build/kimera_rpgo -- -j20 -l20
[0.215s] Invoking command in '/home/siny/hydra_ws/build/kimera_rpgo': CMAKE_PREFIX_PATH=${CMAKE_PREFIX_PATH}:/opt/ros/jazzy DEBUGINFOD_URLS=https://debuginfod.ubuntu.com /usr/bin/cmake --install /home/siny/hydra_ws/build/kimera_rpgo
[0.223s] -- Install configuration: "Release"
[0.224s] -- Up-to-date: /home/siny/hydra_ws/install/kimera_rpgo/lib/libkimera_rpgo.so
[0.224s] -- Up-to-date: /home/siny/hydra_ws/install/kimera_rpgo/include
[0.224s] -- Up-to-date: /home/siny/hydra_ws/install/kimera_rpgo/include/kimera_rpgo
[0.224s] -- Up-to-date: /home/siny/hydra_ws/install/kimera_rpgo/include/kimera_rpgo/pcm
[0.224s] -- Up-to-date: /home/siny/hydra_ws/install/kimera_rpgo/include/kimera_rpgo/pcm/max_clique_finder
[0.225s] -- Up-to-date: /home/siny/hydra_ws/install/kimera_rpgo/include/kimera_rpgo/pcm/max_clique_finder/README.md
[0.225s] -- Up-to-date: /home/siny/hydra_ws/install/kimera_rpgo/include/kimera_rpgo/pcm/max_clique_finder/COPYRIGHT
[0.226s] -- Up-to-date: /home/siny/hydra_ws/install/kimera_rpgo/include/kimera_rpgo/pcm/max_clique_finder/findClique.h
[0.226s] -- Up-to-date: /home/siny/hydra_ws/install/kimera_rpgo/include/kimera_rpgo/pcm/max_clique_finder/graphIO.h
[0.226s] -- Up-to-date: /home/siny/hydra_ws/install/kimera_rpgo/include/kimera_rpgo/pcm/graph_utils.h
[0.226s] -- Up-to-date: /home/siny/hydra_ws/install/kimera_rpgo/include/kimera_rpgo/pcm/geometry_utils.h
[0.226s] -- Up-to-date: /home/siny/hydra_ws/install/kimera_rpgo/include/kimera_rpgo/pcm/pcm.h
[0.226s] -- Up-to-date: /home/siny/hydra_ws/install/kimera_rpgo/include/kimera_rpgo/rpgo.h
[0.226s] -- Up-to-date: /home/siny/hydra_ws/install/kimera_rpgo/include/kimera_rpgo/utils
[0.226s] -- Up-to-date: /home/siny/hydra_ws/install/kimera_rpgo/include/kimera_rpgo/utils/utils.h
[0.226s] -- Up-to-date: /home/siny/hydra_ws/install/kimera_rpgo/include/kimera_rpgo/utils/g2o.h
[0.227s] -- Up-to-date: /home/siny/hydra_ws/install/kimera_rpgo/include/kimera_rpgo/utils/loss_functions.h
[0.227s] -- Up-to-date: /home/siny/hydra_ws/install/kimera_rpgo/include/kimera_rpgo/utils/types.h
[0.227s] -- Up-to-date: /home/siny/hydra_ws/install/kimera_rpgo/include/kimera_rpgo/utils/pose_4dof.h
[0.227s] -- Up-to-date: /home/siny/hydra_ws/install/kimera_rpgo/include/kimera_rpgo/solver
[0.227s] -- Up-to-date: /home/siny/hydra_ws/install/kimera_rpgo/include/kimera_rpgo/solver/gnc_solver.h
[0.227s] -- Up-to-date: /home/siny/hydra_ws/install/kimera_rpgo/include/kimera_rpgo/solver/solver.h
[0.227s] -- Up-to-date: /home/siny/hydra_ws/install/kimera_rpgo/include/kimera_rpgo/solver/gradient_solver.h
[0.227s] -- Up-to-date: /home/siny/hydra_ws/install/kimera_rpgo/include/kimera_rpgo/solver/solver_config.h
[0.227s] -- Up-to-date: /home/siny/hydra_ws/install/kimera_rpgo/include/kimera_rpgo/solver/least_squares_solver.h
[0.227s] -- Up-to-date: /home/siny/hydra_ws/install/kimera_rpgo/lib/cmake/kimera_rpgo/kimera_rpgoTargets.cmake
[0.227s] -- Up-to-date: /home/siny/hydra_ws/install/kimera_rpgo/lib/cmake/kimera_rpgo/kimera_rpgoTargets-release.cmake
[0.227s] -- Up-to-date: /home/siny/hydra_ws/install/kimera_rpgo/lib/cmake/kimera_rpgo/kimera_rpgoConfig.cmake
[0.227s] -- Up-to-date: /home/siny/hydra_ws/install/kimera_rpgo/lib/cmake/kimera_rpgo/kimera_rpgoConfigVersion.cmake
[0.242s] Invoked command in '/home/siny/hydra_ws/build/kimera_rpgo' returned '0': CMAKE_PREFIX_PATH=${CMAKE_PREFIX_PATH}:/opt/ros/jazzy DEBUGINFOD_URLS=https://debuginfod.ubuntu.com /usr/bin/cmake --install /home/siny/hydra_ws/build/kimera_rpgo
