[0.014s] Invoking command in '/home/siny/hydra_ws/build/pose_graph_tools_ros': AMENT_PREFIX_PATH=/home/siny/hydra_ws/install/pose_graph_tools_msgs CMAKE_PREFIX_PATH=/home/siny/hydra_ws/install/pose_graph_tools_msgs:/home/siny/hydra_ws/install/pose_graph_tools CONDA_PROMPT_MODIFIER=(base) DEBUGINFOD_URLS=https://debuginfod.ubuntu.com LD_LIBRARY_PATH=/home/siny/hydra_ws/install/pose_graph_tools_msgs/lib:/home/siny/hydra_ws/install/pose_graph_tools/lib PKG_CONFIG_PATH=/home/siny/hydra_ws/install/pose_graph_tools/lib/aarch64-linux-gnu/pkgconfig:/home/siny/hydra_ws/install/pose_graph_tools/lib/pkgconfig PYTHONPATH=/home/siny/hydra_ws/install/pose_graph_tools_msgs/lib/python3.12/site-packages /usr/bin/cmake --build /home/siny/hydra_ws/build/pose_graph_tools_ros -- -j20 -l20
[0.062s] [ 33%] Built target visualizer_node
[0.069s] [100%] Built target pose_graph_tools_ros
[0.080s] Invoked command in '/home/siny/hydra_ws/build/pose_graph_tools_ros' returned '0': AMENT_PREFIX_PATH=/home/siny/hydra_ws/install/pose_graph_tools_msgs CMAKE_PREFIX_PATH=/home/siny/hydra_ws/install/pose_graph_tools_msgs:/home/siny/hydra_ws/install/pose_graph_tools CONDA_PROMPT_MODIFIER=(base) DEBUGINFOD_URLS=https://debuginfod.ubuntu.com LD_LIBRARY_PATH=/home/siny/hydra_ws/install/pose_graph_tools_msgs/lib:/home/siny/hydra_ws/install/pose_graph_tools/lib PKG_CONFIG_PATH=/home/siny/hydra_ws/install/pose_graph_tools/lib/aarch64-linux-gnu/pkgconfig:/home/siny/hydra_ws/install/pose_graph_tools/lib/pkgconfig PYTHONPATH=/home/siny/hydra_ws/install/pose_graph_tools_msgs/lib/python3.12/site-packages /usr/bin/cmake --build /home/siny/hydra_ws/build/pose_graph_tools_ros -- -j20 -l20
[0.081s] Invoking command in '/home/siny/hydra_ws/build/pose_graph_tools_ros': AMENT_PREFIX_PATH=/home/siny/hydra_ws/install/pose_graph_tools_msgs CMAKE_PREFIX_PATH=/home/siny/hydra_ws/install/pose_graph_tools_msgs:/home/siny/hydra_ws/install/pose_graph_tools CONDA_PROMPT_MODIFIER=(base) DEBUGINFOD_URLS=https://debuginfod.ubuntu.com LD_LIBRARY_PATH=/home/siny/hydra_ws/install/pose_graph_tools_msgs/lib:/home/siny/hydra_ws/install/pose_graph_tools/lib PKG_CONFIG_PATH=/home/siny/hydra_ws/install/pose_graph_tools/lib/aarch64-linux-gnu/pkgconfig:/home/siny/hydra_ws/install/pose_graph_tools/lib/pkgconfig PYTHONPATH=/home/siny/hydra_ws/install/pose_graph_tools_msgs/lib/python3.12/site-packages /usr/bin/cmake --install /home/siny/hydra_ws/build/pose_graph_tools_ros
[0.085s] -- Install configuration: "Release"
[0.085s] -- Up-to-date: /home/siny/hydra_ws/install/pose_graph_tools_ros/lib/pose_graph_tools_ros/visualizer_node
[0.086s] -- Up-to-date: /home/siny/hydra_ws/install/pose_graph_tools_ros/lib/libpose_graph_tools_ros.so
[0.086s] -- Up-to-date: /home/siny/hydra_ws/install/pose_graph_tools_ros/include/pose_graph_tools_ros/pose_graph_tools_ros
[0.086s] -- Up-to-date: /home/siny/hydra_ws/install/pose_graph_tools_ros/include/pose_graph_tools_ros/pose_graph_tools_ros/conversions.h
[0.086s] -- Up-to-date: /home/siny/hydra_ws/install/pose_graph_tools_ros/include/pose_graph_tools_ros/pose_graph_tools_ros/utils.h
[0.086s] -- Up-to-date: /home/siny/hydra_ws/install/pose_graph_tools_ros/share/pose_graph_tools_ros/launch
[0.086s] -- Up-to-date: /home/siny/hydra_ws/install/pose_graph_tools_ros/share/pose_graph_tools_ros/launch/posegraph_view.launch.yaml
[0.086s] -- Up-to-date: /home/siny/hydra_ws/install/pose_graph_tools_ros/share/ament_index/resource_index/package_run_dependencies/pose_graph_tools_ros
[0.087s] -- Up-to-date: /home/siny/hydra_ws/install/pose_graph_tools_ros/share/ament_index/resource_index/parent_prefix_path/pose_graph_tools_ros
[0.087s] -- Up-to-date: /home/siny/hydra_ws/install/pose_graph_tools_ros/share/pose_graph_tools_ros/environment/ament_prefix_path.sh
[0.087s] -- Up-to-date: /home/siny/hydra_ws/install/pose_graph_tools_ros/share/pose_graph_tools_ros/environment/ament_prefix_path.dsv
[0.087s] -- Up-to-date: /home/siny/hydra_ws/install/pose_graph_tools_ros/share/pose_graph_tools_ros/environment/path.sh
[0.087s] -- Up-to-date: /home/siny/hydra_ws/install/pose_graph_tools_ros/share/pose_graph_tools_ros/environment/path.dsv
[0.087s] -- Up-to-date: /home/siny/hydra_ws/install/pose_graph_tools_ros/share/pose_graph_tools_ros/local_setup.bash
[0.087s] -- Up-to-date: /home/siny/hydra_ws/install/pose_graph_tools_ros/share/pose_graph_tools_ros/local_setup.sh
[0.087s] -- Up-to-date: /home/siny/hydra_ws/install/pose_graph_tools_ros/share/pose_graph_tools_ros/local_setup.zsh
[0.087s] -- Up-to-date: /home/siny/hydra_ws/install/pose_graph_tools_ros/share/pose_graph_tools_ros/local_setup.dsv
[0.087s] -- Installing: /home/siny/hydra_ws/install/pose_graph_tools_ros/share/pose_graph_tools_ros/package.dsv
[0.087s] -- Up-to-date: /home/siny/hydra_ws/install/pose_graph_tools_ros/share/ament_index/resource_index/packages/pose_graph_tools_ros
[0.087s] -- Up-to-date: /home/siny/hydra_ws/install/pose_graph_tools_ros/share/ament_index/resource_index/rclcpp_components/pose_graph_tools_ros
[0.087s] -- Up-to-date: /home/siny/hydra_ws/install/pose_graph_tools_ros/share/pose_graph_tools_ros/cmake/pose_graph_tools_ros-targetsExport.cmake
[0.087s] -- Up-to-date: /home/siny/hydra_ws/install/pose_graph_tools_ros/share/pose_graph_tools_ros/cmake/pose_graph_tools_ros-targetsExport-release.cmake
[0.087s] -- Up-to-date: /home/siny/hydra_ws/install/pose_graph_tools_ros/share/pose_graph_tools_ros/cmake/ament_cmake_export_targets-extras.cmake
[0.087s] -- Up-to-date: /home/siny/hydra_ws/install/pose_graph_tools_ros/share/pose_graph_tools_ros/cmake/ament_cmake_export_dependencies-extras.cmake
[0.088s] -- Up-to-date: /home/siny/hydra_ws/install/pose_graph_tools_ros/share/pose_graph_tools_ros/cmake/pose_graph_tools_rosConfig.cmake
[0.088s] -- Up-to-date: /home/siny/hydra_ws/install/pose_graph_tools_ros/share/pose_graph_tools_ros/cmake/pose_graph_tools_rosConfig-version.cmake
[0.088s] -- Up-to-date: /home/siny/hydra_ws/install/pose_graph_tools_ros/share/pose_graph_tools_ros/package.xml
[0.089s] Invoked command in '/home/siny/hydra_ws/build/pose_graph_tools_ros' returned '0': AMENT_PREFIX_PATH=/home/siny/hydra_ws/install/pose_graph_tools_msgs CMAKE_PREFIX_PATH=/home/siny/hydra_ws/install/pose_graph_tools_msgs:/home/siny/hydra_ws/install/pose_graph_tools CONDA_PROMPT_MODIFIER=(base) DEBUGINFOD_URLS=https://debuginfod.ubuntu.com LD_LIBRARY_PATH=/home/siny/hydra_ws/install/pose_graph_tools_msgs/lib:/home/siny/hydra_ws/install/pose_graph_tools/lib PKG_CONFIG_PATH=/home/siny/hydra_ws/install/pose_graph_tools/lib/aarch64-linux-gnu/pkgconfig:/home/siny/hydra_ws/install/pose_graph_tools/lib/pkgconfig PYTHONPATH=/home/siny/hydra_ws/install/pose_graph_tools_msgs/lib/python3.12/site-packages /usr/bin/cmake --install /home/siny/hydra_ws/build/pose_graph_tools_ros
