-- The C compiler identification is GNU 13.3.0
-- The CXX compiler identification is GNU 13.3.0
-- Detecting C compiler ABI info
-- Detecting C compiler ABI info - done
-- Check for working C compiler: /usr/bin/cc - skipped
-- Detecting C compile features
-- Detecting C compile features - done
-- Detecting CXX compiler ABI info
-- Detecting CXX compiler ABI info - done
-- Check for working CXX compiler: /usr/bin/c++ - skipped
-- Detecting CXX compile features
-- Detecting CXX compile features - done
-- Found ament_cmake: 2.5.4 (/opt/ros/jazzy/share/ament_cmake/cmake)
-- Found Python3: /usr/bin/python3 (found version "3.12.3") found components: Interpreter 
-- Found kimera_pgmo_msgs: 0.0.1 (/home/siny/hydra_ws/install/kimera_pgmo_msgs/share/kimera_pgmo_msgs/cmake)
-- Found rosidl_generator_c: 4.6.6 (/opt/ros/jazzy/share/rosidl_generator_c/cmake)
-- Found rosidl_generator_cpp: 4.6.6 (/opt/ros/jazzy/share/rosidl_generator_cpp/cmake)
-- Using all available rosidl_typesupport_c: rosidl_typesupport_fastrtps_c;rosidl_typesupport_introspection_c
-- Using all available rosidl_typesupport_cpp: rosidl_typesupport_fastrtps_cpp;rosidl_typesupport_introspection_cpp
-- Found pluginlib: 5.4.3 (/opt/ros/jazzy/share/pluginlib/cmake)
-- Found TinyXML2 via Config file: /usr/lib/aarch64-linux-gnu/cmake/tinyxml2
-- Found rviz_common: 14.1.17 (/opt/ros/jazzy/share/rviz_common/cmake)
-- Found rmw_implementation_cmake: 7.3.2 (/opt/ros/jazzy/share/rmw_implementation_cmake/cmake)
-- Found rmw_fastrtps_cpp: 8.4.3 (/opt/ros/jazzy/share/rmw_fastrtps_cpp/cmake)
-- Found TinyXML2 via Config file: /usr/lib/aarch64-linux-gnu/cmake/tinyxml2
-- Found OpenSSL: /usr/lib/aarch64-linux-gnu/libcrypto.so (found version "3.0.13")  
-- Found TinyXML2 via Config file: /usr/lib/aarch64-linux-gnu/cmake/tinyxml2
-- Found FastRTPS: /opt/ros/jazzy/include (Required is at least version "2.13") 
-- Found TinyXML2 via Config file: /usr/lib/aarch64-linux-gnu/cmake/tinyxml2
-- Found TinyXML2 via Config file: /usr/lib/aarch64-linux-gnu/cmake/tinyxml2
-- Using RMW implementation 'rmw_fastrtps_cpp' as default
-- Setting OGRE_DIR to: '/opt/ros/jazzy/share/rviz_ogre_vendor/cmake/../../../opt/rviz_ogre_vendor/lib/OGRE/cmake'
-- Found OGRE
--   static     : OFF
--   components : MeshLodGenerator;Overlay;Paging;Property;RTShaderSystem;Terrain;Volume
--   plugins    : Plugin_BSPSceneManager;Plugin_OctreeSceneManager;Plugin_PCZSceneManager;Plugin_ParticleFX;RenderSystem_GL;RenderSystem_GL3Plus;Codec_STBI
--   media      : /opt/ros/jazzy/opt/rviz_ogre_vendor/share/OGRE/Media
-- OGRE_LIBRARIES: OgreMeshLodGenerator;OgreOverlay;OgrePaging;OgreProperty;OgreRTShaderSystem;OgreTerrain;OgreVolume;OgreMain
-- OGRE_LIBRARY_DIRS: /opt/ros/jazzy/opt/rviz_ogre_vendor/lib
-- OGRE_PLUGINS: Plugin_BSPSceneManager;Plugin_OctreeSceneManager;Plugin_PCZSceneManager;Plugin_ParticleFX;RenderSystem_GL;RenderSystem_GL3Plus;Codec_STBI
-- OGRE_PLUGIN_DIR: /opt/ros/jazzy/opt/rviz_ogre_vendor/lib/OGRE
-- rviz_ogre_vendor::OgreOverlay for IMPORTED_LOCATION_RELEASE: /opt/ros/jazzy/opt/rviz_ogre_vendor/lib/libOgreOverlay.so
-- rviz_ogre_vendor::OgreOverlay for IMPORTED_LOCATION_DEBUG: /opt/ros/jazzy/opt/rviz_ogre_vendor/lib/libOgreOverlay.so
-- rviz_ogre_vendor::OgreMain for IMPORTED_LOCATION_RELEASE: /opt/ros/jazzy/opt/rviz_ogre_vendor/lib/libOgreMain.so
-- rviz_ogre_vendor::OgreMain for IMPORTED_LOCATION_DEBUG: /opt/ros/jazzy/opt/rviz_ogre_vendor/lib/libOgreMain.so
-- Could not find freeimage library
-- Found ZLIB: /usr/lib/aarch64-linux-gnu/libz.so (found version "1.3")  
-- Found OpenGL: /usr/lib/aarch64-linux-gnu/libOpenGL.so   
-- Found X11: /usr/include   
-- Looking for XOpenDisplay in /usr/lib/aarch64-linux-gnu/libX11.so;/usr/lib/aarch64-linux-gnu/libXext.so
-- Looking for XOpenDisplay in /usr/lib/aarch64-linux-gnu/libX11.so;/usr/lib/aarch64-linux-gnu/libXext.so - found
-- Looking for gethostbyname
-- Looking for gethostbyname - found
-- Looking for connect
-- Looking for connect - found
-- Looking for remove
-- Looking for remove - found
-- Looking for shmat
-- Looking for shmat - found
-- Looking for IceConnectionNumber in ICE
-- Looking for IceConnectionNumber in ICE - found
-- Setting yaml-cpp_DIR to: '/opt/ros/jazzy/share/yaml_cpp_vendor/cmake/../../../opt/yaml_cpp_vendor/share/cmake/yaml-cpp'
-- Configuring done (3.8s)
-- Generating done (0.0s)
-- Build files have been written to: /home/siny/hydra_ws/build/kimera_pgmo_rviz
[  0%] Built target kimera_pgmo_rviz_autogen_timestamp_deps
[ 11%] [34m[1mAutomatic MOC for target kimera_pgmo_rviz[0m
[ 11%] Built target kimera_pgmo_rviz_autogen
[ 22%] [32mBuilding CXX object CMakeFiles/kimera_pgmo_rviz.dir/kimera_pgmo_rviz_autogen/mocs_compilation.cpp.o[0m
[ 33%] [32mBuilding CXX object CMakeFiles/kimera_pgmo_rviz.dir/src/visuals_map.cpp.o[0m
[ 44%] [32mBuilding CXX object CMakeFiles/kimera_pgmo_rviz.dir/src/mesh_display.cpp.o[0m
[ 55%] [32mBuilding CXX object CMakeFiles/kimera_pgmo_rviz.dir/src/tf_event_buffer.cpp.o[0m
[ 66%] [32mBuilding CXX object CMakeFiles/kimera_pgmo_rviz.dir/src/visibility_field.cpp.o[0m
[ 77%] [32mBuilding CXX object CMakeFiles/kimera_pgmo_rviz.dir/src/mesh_visual.cpp.o[0m
[ 88%] [32m[1mLinking CXX shared library libkimera_pgmo_rviz.so[0m
[100%] Built target kimera_pgmo_rviz
-- Install configuration: "Release"
-- Installing: /home/siny/hydra_ws/install/kimera_pgmo_rviz/lib/libkimera_pgmo_rviz.so
-- Set non-toolchain portion of runtime path of "/home/siny/hydra_ws/install/kimera_pgmo_rviz/lib/libkimera_pgmo_rviz.so" to ""
-- Installing: /home/siny/hydra_ws/install/kimera_pgmo_rviz/include/kimera_pgmo_rviz/
-- Installing: /home/siny/hydra_ws/install/kimera_pgmo_rviz/include/kimera_pgmo_rviz//mesh_display.h
-- Installing: /home/siny/hydra_ws/install/kimera_pgmo_rviz/include/kimera_pgmo_rviz//tf_event_buffer.h
-- Installing: /home/siny/hydra_ws/install/kimera_pgmo_rviz/include/kimera_pgmo_rviz//visuals_map.h
-- Installing: /home/siny/hydra_ws/install/kimera_pgmo_rviz/include/kimera_pgmo_rviz//mesh_visual.h
-- Installing: /home/siny/hydra_ws/install/kimera_pgmo_rviz/include/kimera_pgmo_rviz//visibility_field.h
-- Installing: /home/siny/hydra_ws/install/kimera_pgmo_rviz/share/kimera_pgmo_rviz/rviz_common_plugins.xml
-- Installing: /home/siny/hydra_ws/install/kimera_pgmo_rviz/share/kimera_pgmo_rviz/icons
-- Installing: /home/siny/hydra_ws/install/kimera_pgmo_rviz/share/kimera_pgmo_rviz/icons/classes
-- Installing: /home/siny/hydra_ws/install/kimera_pgmo_rviz/share/kimera_pgmo_rviz/icons/classes/MeshDisplay.png
-- Up-to-date: /home/siny/hydra_ws/install/kimera_pgmo_rviz/share/kimera_pgmo_rviz/rviz_common_plugins.xml
-- Installing: /home/siny/hydra_ws/install/kimera_pgmo_rviz/share/ament_index/resource_index/package_run_dependencies/kimera_pgmo_rviz
-- Installing: /home/siny/hydra_ws/install/kimera_pgmo_rviz/share/ament_index/resource_index/parent_prefix_path/kimera_pgmo_rviz
-- Installing: /home/siny/hydra_ws/install/kimera_pgmo_rviz/share/kimera_pgmo_rviz/environment/ament_prefix_path.sh
-- Installing: /home/siny/hydra_ws/install/kimera_pgmo_rviz/share/kimera_pgmo_rviz/environment/ament_prefix_path.dsv
-- Installing: /home/siny/hydra_ws/install/kimera_pgmo_rviz/share/kimera_pgmo_rviz/environment/path.sh
-- Installing: /home/siny/hydra_ws/install/kimera_pgmo_rviz/share/kimera_pgmo_rviz/environment/path.dsv
-- Installing: /home/siny/hydra_ws/install/kimera_pgmo_rviz/share/kimera_pgmo_rviz/local_setup.bash
-- Installing: /home/siny/hydra_ws/install/kimera_pgmo_rviz/share/kimera_pgmo_rviz/local_setup.sh
-- Installing: /home/siny/hydra_ws/install/kimera_pgmo_rviz/share/kimera_pgmo_rviz/local_setup.zsh
-- Installing: /home/siny/hydra_ws/install/kimera_pgmo_rviz/share/kimera_pgmo_rviz/local_setup.dsv
-- Installing: /home/siny/hydra_ws/install/kimera_pgmo_rviz/share/kimera_pgmo_rviz/package.dsv
-- Installing: /home/siny/hydra_ws/install/kimera_pgmo_rviz/share/ament_index/resource_index/packages/kimera_pgmo_rviz
-- Installing: /home/siny/hydra_ws/install/kimera_pgmo_rviz/share/ament_index/resource_index/rviz_common__pluginlib__plugin/kimera_pgmo_rviz
-- Installing: /home/siny/hydra_ws/install/kimera_pgmo_rviz/share/kimera_pgmo_rviz/cmake/kimera_pgmo_rviz-targetsExport.cmake
-- Installing: /home/siny/hydra_ws/install/kimera_pgmo_rviz/share/kimera_pgmo_rviz/cmake/kimera_pgmo_rviz-targetsExport-release.cmake
-- Installing: /home/siny/hydra_ws/install/kimera_pgmo_rviz/share/kimera_pgmo_rviz/cmake/ament_cmake_export_targets-extras.cmake
-- Installing: /home/siny/hydra_ws/install/kimera_pgmo_rviz/share/kimera_pgmo_rviz/cmake/kimera_pgmo_rvizConfig.cmake
-- Installing: /home/siny/hydra_ws/install/kimera_pgmo_rviz/share/kimera_pgmo_rviz/cmake/kimera_pgmo_rvizConfig-version.cmake
-- Installing: /home/siny/hydra_ws/install/kimera_pgmo_rviz/share/kimera_pgmo_rviz/package.xml
