[0.015s] Invoking command in '/home/siny/hydra_ws/build/kimera_pgmo_rviz': AMENT_PREFIX_PATH=/home/siny/hydra_ws/install/kimera_pgmo_msgs:${AMENT_PREFIX_PATH} CMAKE_PREFIX_PATH=/home/siny/hydra_ws/install/kimera_pgmo_msgs:/opt/ros/jazzy/opt/gz_math_vendor:/opt/ros/jazzy/opt/gz_utils_vendor:/opt/ros/jazzy/opt/gz_cmake_vendor:/opt/ros/jazzy DEBUGINFOD_URLS=https://debuginfod.ubuntu.com LD_LIBRARY_PATH=/home/siny/hydra_ws/install/kimera_pgmo_msgs/lib:${LD_LIBRARY_PATH} PYTHONPATH=/home/siny/hydra_ws/install/kimera_pgmo_msgs/lib/python3.12/site-packages:${PYTHONPATH} /usr/bin/cmake /home/siny/hydra_ws/src/kimera_pgmo/kimera_pgmo_rviz -DCMAKE_BUILD_TYPE=Release -DCMAKE_INSTALL_PREFIX=/home/siny/hydra_ws/install/kimera_pgmo_rviz
[0.100s] -- The C compiler identification is GNU 13.3.0
[0.201s] -- The CXX compiler identification is GNU 13.3.0
[0.231s] -- Detecting C compiler ABI info
[0.415s] -- Detecting C compiler ABI info - done
[0.423s] -- Check for working C compiler: /usr/bin/cc - skipped
[0.423s] -- Detecting C compile features
[0.424s] -- Detecting C compile features - done
[0.437s] -- Detecting CXX compiler ABI info
[0.683s] -- Detecting CXX compiler ABI info - done
[0.706s] -- Check for working CXX compiler: /usr/bin/c++ - skipped
[0.706s] -- Detecting CXX compile features
[0.707s] -- Detecting CXX compile features - done
[0.715s] -- Found ament_cmake: 2.5.4 (/opt/ros/jazzy/share/ament_cmake/cmake)
[1.024s] -- Found Python3: /usr/bin/python3 (found version "3.12.3") found components: Interpreter 
[1.170s] -- Found kimera_pgmo_msgs: 0.0.1 (/home/siny/hydra_ws/install/kimera_pgmo_msgs/share/kimera_pgmo_msgs/cmake)
[1.246s] -- Found rosidl_generator_c: 4.6.6 (/opt/ros/jazzy/share/rosidl_generator_c/cmake)
[1.274s] -- Found rosidl_generator_cpp: 4.6.6 (/opt/ros/jazzy/share/rosidl_generator_cpp/cmake)
[1.304s] -- Using all available rosidl_typesupport_c: rosidl_typesupport_fastrtps_c;rosidl_typesupport_introspection_c
[1.341s] -- Using all available rosidl_typesupport_cpp: rosidl_typesupport_fastrtps_cpp;rosidl_typesupport_introspection_cpp
[1.500s] -- Found pluginlib: 5.4.3 (/opt/ros/jazzy/share/pluginlib/cmake)
[1.538s] -- Found TinyXML2 via Config file: /usr/lib/aarch64-linux-gnu/cmake/tinyxml2
[1.550s] -- Found rviz_common: 14.1.17 (/opt/ros/jazzy/share/rviz_common/cmake)
[1.685s] -- Found rmw_implementation_cmake: 7.3.2 (/opt/ros/jazzy/share/rmw_implementation_cmake/cmake)
[1.692s] -- Found rmw_fastrtps_cpp: 8.4.3 (/opt/ros/jazzy/share/rmw_fastrtps_cpp/cmake)
[1.729s] -- Found TinyXML2 via Config file: /usr/lib/aarch64-linux-gnu/cmake/tinyxml2
[1.825s] -- Found OpenSSL: /usr/lib/aarch64-linux-gnu/libcrypto.so (found version "3.0.13")  
[1.825s] -- Found TinyXML2 via Config file: /usr/lib/aarch64-linux-gnu/cmake/tinyxml2
[1.849s] -- Found FastRTPS: /opt/ros/jazzy/include (Required is at least version "2.13") 
[1.856s] -- Found TinyXML2 via Config file: /usr/lib/aarch64-linux-gnu/cmake/tinyxml2
[1.865s] -- Found TinyXML2 via Config file: /usr/lib/aarch64-linux-gnu/cmake/tinyxml2
[1.878s] -- Using RMW implementation 'rmw_fastrtps_cpp' as default
[1.953s] -- Setting OGRE_DIR to: '/opt/ros/jazzy/share/rviz_ogre_vendor/cmake/../../../opt/rviz_ogre_vendor/lib/OGRE/cmake'
[1.957s] -- Found OGRE
[1.957s] --   static     : OFF
[1.957s] --   components : MeshLodGenerator;Overlay;Paging;Property;RTShaderSystem;Terrain;Volume
[1.957s] --   plugins    : Plugin_BSPSceneManager;Plugin_OctreeSceneManager;Plugin_PCZSceneManager;Plugin_ParticleFX;RenderSystem_GL;RenderSystem_GL3Plus;Codec_STBI
[1.957s] --   media      : /opt/ros/jazzy/opt/rviz_ogre_vendor/share/OGRE/Media
[1.957s] -- OGRE_LIBRARIES: OgreMeshLodGenerator;OgreOverlay;OgrePaging;OgreProperty;OgreRTShaderSystem;OgreTerrain;OgreVolume;OgreMain
[1.957s] -- OGRE_LIBRARY_DIRS: /opt/ros/jazzy/opt/rviz_ogre_vendor/lib
[1.957s] -- OGRE_PLUGINS: Plugin_BSPSceneManager;Plugin_OctreeSceneManager;Plugin_PCZSceneManager;Plugin_ParticleFX;RenderSystem_GL;RenderSystem_GL3Plus;Codec_STBI
[1.957s] -- OGRE_PLUGIN_DIR: /opt/ros/jazzy/opt/rviz_ogre_vendor/lib/OGRE
[1.957s] -- rviz_ogre_vendor::OgreOverlay for IMPORTED_LOCATION_RELEASE: /opt/ros/jazzy/opt/rviz_ogre_vendor/lib/libOgreOverlay.so
[1.958s] -- rviz_ogre_vendor::OgreOverlay for IMPORTED_LOCATION_DEBUG: /opt/ros/jazzy/opt/rviz_ogre_vendor/lib/libOgreOverlay.so
[1.958s] -- rviz_ogre_vendor::OgreMain for IMPORTED_LOCATION_RELEASE: /opt/ros/jazzy/opt/rviz_ogre_vendor/lib/libOgreMain.so
[1.958s] -- rviz_ogre_vendor::OgreMain for IMPORTED_LOCATION_DEBUG: /opt/ros/jazzy/opt/rviz_ogre_vendor/lib/libOgreMain.so
[1.958s] -- Could not find freeimage library
[1.987s] -- Found ZLIB: /usr/lib/aarch64-linux-gnu/libz.so (found version "1.3")  
[2.002s] -- Found OpenGL: /usr/lib/aarch64-linux-gnu/libOpenGL.so   
[2.216s] -- Found X11: /usr/include   
[2.222s] -- Looking for XOpenDisplay in /usr/lib/aarch64-linux-gnu/libX11.so;/usr/lib/aarch64-linux-gnu/libXext.so
[2.477s] -- Looking for XOpenDisplay in /usr/lib/aarch64-linux-gnu/libX11.so;/usr/lib/aarch64-linux-gnu/libXext.so - found
[2.478s] -- Looking for gethostbyname
[2.702s] -- Looking for gethostbyname - found
[2.702s] -- Looking for connect
[2.888s] -- Looking for connect - found
[2.888s] -- Looking for remove
[3.037s] -- Looking for remove - found
[3.037s] -- Looking for shmat
[3.206s] -- Looking for shmat - found
[3.211s] -- Looking for IceConnectionNumber in ICE
[3.362s] -- Looking for IceConnectionNumber in ICE - found
[3.707s] -- Setting yaml-cpp_DIR to: '/opt/ros/jazzy/share/yaml_cpp_vendor/cmake/../../../opt/yaml_cpp_vendor/share/cmake/yaml-cpp'
[3.855s] -- Configuring done (3.8s)
[3.907s] -- Generating done (0.0s)
[3.916s] -- Build files have been written to: /home/siny/hydra_ws/build/kimera_pgmo_rviz
[3.945s] Invoked command in '/home/siny/hydra_ws/build/kimera_pgmo_rviz' returned '0': AMENT_PREFIX_PATH=/home/siny/hydra_ws/install/kimera_pgmo_msgs:${AMENT_PREFIX_PATH} CMAKE_PREFIX_PATH=/home/siny/hydra_ws/install/kimera_pgmo_msgs:/opt/ros/jazzy/opt/gz_math_vendor:/opt/ros/jazzy/opt/gz_utils_vendor:/opt/ros/jazzy/opt/gz_cmake_vendor:/opt/ros/jazzy DEBUGINFOD_URLS=https://debuginfod.ubuntu.com LD_LIBRARY_PATH=/home/siny/hydra_ws/install/kimera_pgmo_msgs/lib:${LD_LIBRARY_PATH} PYTHONPATH=/home/siny/hydra_ws/install/kimera_pgmo_msgs/lib/python3.12/site-packages:${PYTHONPATH} /usr/bin/cmake /home/siny/hydra_ws/src/kimera_pgmo/kimera_pgmo_rviz -DCMAKE_BUILD_TYPE=Release -DCMAKE_INSTALL_PREFIX=/home/siny/hydra_ws/install/kimera_pgmo_rviz
[3.945s] Invoking command in '/home/siny/hydra_ws/build/kimera_pgmo_rviz': AMENT_PREFIX_PATH=/home/siny/hydra_ws/install/kimera_pgmo_msgs:${AMENT_PREFIX_PATH} CMAKE_PREFIX_PATH=/home/siny/hydra_ws/install/kimera_pgmo_msgs:/opt/ros/jazzy/opt/gz_math_vendor:/opt/ros/jazzy/opt/gz_utils_vendor:/opt/ros/jazzy/opt/gz_cmake_vendor:/opt/ros/jazzy DEBUGINFOD_URLS=https://debuginfod.ubuntu.com LD_LIBRARY_PATH=/home/siny/hydra_ws/install/kimera_pgmo_msgs/lib:${LD_LIBRARY_PATH} PYTHONPATH=/home/siny/hydra_ws/install/kimera_pgmo_msgs/lib/python3.12/site-packages:${PYTHONPATH} /usr/bin/cmake --build /home/siny/hydra_ws/build/kimera_pgmo_rviz -- -j20 -l20
[4.019s] [  0%] Built target kimera_pgmo_rviz_autogen_timestamp_deps
[4.050s] [ 11%] [34m[1mAutomatic MOC for target kimera_pgmo_rviz[0m
[4.714s] [ 11%] Built target kimera_pgmo_rviz_autogen
[4.766s] [ 22%] [32mBuilding CXX object CMakeFiles/kimera_pgmo_rviz.dir/kimera_pgmo_rviz_autogen/mocs_compilation.cpp.o[0m
[12.327s] [ 33%] [32mBuilding CXX object CMakeFiles/kimera_pgmo_rviz.dir/src/visuals_map.cpp.o[0m
[13.575s] [ 44%] [32mBuilding CXX object CMakeFiles/kimera_pgmo_rviz.dir/src/mesh_display.cpp.o[0m
[13.575s] [ 55%] [32mBuilding CXX object CMakeFiles/kimera_pgmo_rviz.dir/src/tf_event_buffer.cpp.o[0m
[13.576s] [ 66%] [32mBuilding CXX object CMakeFiles/kimera_pgmo_rviz.dir/src/visibility_field.cpp.o[0m
[13.577s] [ 77%] [32mBuilding CXX object CMakeFiles/kimera_pgmo_rviz.dir/src/mesh_visual.cpp.o[0m
[23.956s] [ 88%] [32m[1mLinking CXX shared library libkimera_pgmo_rviz.so[0m
[24.400s] [100%] Built target kimera_pgmo_rviz
[24.411s] Invoked command in '/home/siny/hydra_ws/build/kimera_pgmo_rviz' returned '0': AMENT_PREFIX_PATH=/home/siny/hydra_ws/install/kimera_pgmo_msgs:${AMENT_PREFIX_PATH} CMAKE_PREFIX_PATH=/home/siny/hydra_ws/install/kimera_pgmo_msgs:/opt/ros/jazzy/opt/gz_math_vendor:/opt/ros/jazzy/opt/gz_utils_vendor:/opt/ros/jazzy/opt/gz_cmake_vendor:/opt/ros/jazzy DEBUGINFOD_URLS=https://debuginfod.ubuntu.com LD_LIBRARY_PATH=/home/siny/hydra_ws/install/kimera_pgmo_msgs/lib:${LD_LIBRARY_PATH} PYTHONPATH=/home/siny/hydra_ws/install/kimera_pgmo_msgs/lib/python3.12/site-packages:${PYTHONPATH} /usr/bin/cmake --build /home/siny/hydra_ws/build/kimera_pgmo_rviz -- -j20 -l20
[24.412s] Invoking command in '/home/siny/hydra_ws/build/kimera_pgmo_rviz': AMENT_PREFIX_PATH=/home/siny/hydra_ws/install/kimera_pgmo_msgs:${AMENT_PREFIX_PATH} CMAKE_PREFIX_PATH=/home/siny/hydra_ws/install/kimera_pgmo_msgs:/opt/ros/jazzy/opt/gz_math_vendor:/opt/ros/jazzy/opt/gz_utils_vendor:/opt/ros/jazzy/opt/gz_cmake_vendor:/opt/ros/jazzy DEBUGINFOD_URLS=https://debuginfod.ubuntu.com LD_LIBRARY_PATH=/home/siny/hydra_ws/install/kimera_pgmo_msgs/lib:${LD_LIBRARY_PATH} PYTHONPATH=/home/siny/hydra_ws/install/kimera_pgmo_msgs/lib/python3.12/site-packages:${PYTHONPATH} /usr/bin/cmake --install /home/siny/hydra_ws/build/kimera_pgmo_rviz
[24.417s] -- Install configuration: "Release"
[24.417s] -- Installing: /home/siny/hydra_ws/install/kimera_pgmo_rviz/lib/libkimera_pgmo_rviz.so
[24.417s] -- Set non-toolchain portion of runtime path of "/home/siny/hydra_ws/install/kimera_pgmo_rviz/lib/libkimera_pgmo_rviz.so" to ""
[24.417s] -- Installing: /home/siny/hydra_ws/install/kimera_pgmo_rviz/include/kimera_pgmo_rviz/
[24.418s] -- Installing: /home/siny/hydra_ws/install/kimera_pgmo_rviz/include/kimera_pgmo_rviz//mesh_display.h
[24.418s] -- Installing: /home/siny/hydra_ws/install/kimera_pgmo_rviz/include/kimera_pgmo_rviz//tf_event_buffer.h
[24.418s] -- Installing: /home/siny/hydra_ws/install/kimera_pgmo_rviz/include/kimera_pgmo_rviz//visuals_map.h
[24.418s] -- Installing: /home/siny/hydra_ws/install/kimera_pgmo_rviz/include/kimera_pgmo_rviz//mesh_visual.h
[24.418s] -- Installing: /home/siny/hydra_ws/install/kimera_pgmo_rviz/include/kimera_pgmo_rviz//visibility_field.h
[24.418s] -- Installing: /home/siny/hydra_ws/install/kimera_pgmo_rviz/share/kimera_pgmo_rviz/rviz_common_plugins.xml
[24.418s] -- Installing: /home/siny/hydra_ws/install/kimera_pgmo_rviz/share/kimera_pgmo_rviz/icons
[24.418s] -- Installing: /home/siny/hydra_ws/install/kimera_pgmo_rviz/share/kimera_pgmo_rviz/icons/classes
[24.418s] -- Installing: /home/siny/hydra_ws/install/kimera_pgmo_rviz/share/kimera_pgmo_rviz/icons/classes/MeshDisplay.png
[24.418s] -- Up-to-date: /home/siny/hydra_ws/install/kimera_pgmo_rviz/share/kimera_pgmo_rviz/rviz_common_plugins.xml
[24.418s] -- Installing: /home/siny/hydra_ws/install/kimera_pgmo_rviz/share/ament_index/resource_index/package_run_dependencies/kimera_pgmo_rviz
[24.418s] -- Installing: /home/siny/hydra_ws/install/kimera_pgmo_rviz/share/ament_index/resource_index/parent_prefix_path/kimera_pgmo_rviz
[24.418s] -- Installing: /home/siny/hydra_ws/install/kimera_pgmo_rviz/share/kimera_pgmo_rviz/environment/ament_prefix_path.sh
[24.419s] -- Installing: /home/siny/hydra_ws/install/kimera_pgmo_rviz/share/kimera_pgmo_rviz/environment/ament_prefix_path.dsv
[24.419s] -- Installing: /home/siny/hydra_ws/install/kimera_pgmo_rviz/share/kimera_pgmo_rviz/environment/path.sh
[24.419s] -- Installing: /home/siny/hydra_ws/install/kimera_pgmo_rviz/share/kimera_pgmo_rviz/environment/path.dsv
[24.419s] -- Installing: /home/siny/hydra_ws/install/kimera_pgmo_rviz/share/kimera_pgmo_rviz/local_setup.bash
[24.419s] -- Installing: /home/siny/hydra_ws/install/kimera_pgmo_rviz/share/kimera_pgmo_rviz/local_setup.sh
[24.419s] -- Installing: /home/siny/hydra_ws/install/kimera_pgmo_rviz/share/kimera_pgmo_rviz/local_setup.zsh
[24.419s] -- Installing: /home/siny/hydra_ws/install/kimera_pgmo_rviz/share/kimera_pgmo_rviz/local_setup.dsv
[24.419s] -- Installing: /home/siny/hydra_ws/install/kimera_pgmo_rviz/share/kimera_pgmo_rviz/package.dsv
[24.419s] -- Installing: /home/siny/hydra_ws/install/kimera_pgmo_rviz/share/ament_index/resource_index/packages/kimera_pgmo_rviz
[24.419s] -- Installing: /home/siny/hydra_ws/install/kimera_pgmo_rviz/share/ament_index/resource_index/rviz_common__pluginlib__plugin/kimera_pgmo_rviz
[24.419s] -- Installing: /home/siny/hydra_ws/install/kimera_pgmo_rviz/share/kimera_pgmo_rviz/cmake/kimera_pgmo_rviz-targetsExport.cmake
[24.419s] -- Installing: /home/siny/hydra_ws/install/kimera_pgmo_rviz/share/kimera_pgmo_rviz/cmake/kimera_pgmo_rviz-targetsExport-release.cmake
[24.419s] -- Installing: /home/siny/hydra_ws/install/kimera_pgmo_rviz/share/kimera_pgmo_rviz/cmake/ament_cmake_export_targets-extras.cmake
[24.419s] -- Installing: /home/siny/hydra_ws/install/kimera_pgmo_rviz/share/kimera_pgmo_rviz/cmake/kimera_pgmo_rvizConfig.cmake
[24.420s] -- Installing: /home/siny/hydra_ws/install/kimera_pgmo_rviz/share/kimera_pgmo_rviz/cmake/kimera_pgmo_rvizConfig-version.cmake
[24.420s] -- Installing: /home/siny/hydra_ws/install/kimera_pgmo_rviz/share/kimera_pgmo_rviz/package.xml
[24.421s] Invoked command in '/home/siny/hydra_ws/build/kimera_pgmo_rviz' returned '0': AMENT_PREFIX_PATH=/home/siny/hydra_ws/install/kimera_pgmo_msgs:${AMENT_PREFIX_PATH} CMAKE_PREFIX_PATH=/home/siny/hydra_ws/install/kimera_pgmo_msgs:/opt/ros/jazzy/opt/gz_math_vendor:/opt/ros/jazzy/opt/gz_utils_vendor:/opt/ros/jazzy/opt/gz_cmake_vendor:/opt/ros/jazzy DEBUGINFOD_URLS=https://debuginfod.ubuntu.com LD_LIBRARY_PATH=/home/siny/hydra_ws/install/kimera_pgmo_msgs/lib:${LD_LIBRARY_PATH} PYTHONPATH=/home/siny/hydra_ws/install/kimera_pgmo_msgs/lib/python3.12/site-packages:${PYTHONPATH} /usr/bin/cmake --install /home/siny/hydra_ws/build/kimera_pgmo_rviz
