[0.019s] Invoking command in '/home/siny/hydra_ws/build/pose_graph_tools_msgs': CMAKE_PREFIX_PATH=${CMAKE_PREFIX_PATH}:/opt/ros/jazzy DEBUGINFOD_URLS=https://debuginfod.ubuntu.com /usr/bin/cmake --build /home/siny/hydra_ws/build/pose_graph_tools_msgs -- -j20 -l20
[0.075s] [  1%] Built target pose_graph_tools_msgs__rosidl_generator_type_description
[0.082s] [  1%] Built target ament_cmake_python_copy_pose_graph_tools_msgs
[0.099s] [  1%] Built target pose_graph_tools_msgs__cpp
[0.108s] [ 28%] Built target pose_graph_tools_msgs__rosidl_generator_c
[0.147s] [ 38%] Built target pose_graph_tools_msgs__rosidl_typesupport_introspection_cpp
[0.154s] [ 57%] Built target pose_graph_tools_msgs__rosidl_typesupport_c
[0.154s] [ 57%] Built target pose_graph_tools_msgs__rosidl_typesupport_fastrtps_cpp
[0.161s] [ 67%] Built target pose_graph_tools_msgs__rosidl_typesupport_cpp
[0.170s] [ 77%] Built target pose_graph_tools_msgs__rosidl_typesupport_fastrtps_c
[0.184s] [ 86%] Built target pose_graph_tools_msgs__rosidl_typesupport_introspection_c
[0.209s] [ 86%] Built target pose_graph_tools_msgs
[0.217s] [ 87%] Built target pose_graph_tools_msgs__py
[0.235s] running egg_info
[0.243s] writing pose_graph_tools_msgs.egg-info/PKG-INFO
[0.243s] writing dependency_links to pose_graph_tools_msgs.egg-info/dependency_links.txt
[0.243s] writing top-level names to pose_graph_tools_msgs.egg-info/top_level.txt
[0.247s] [ 96%] Built target pose_graph_tools_msgs__rosidl_generator_py
[0.263s] [ 97%] Built target pose_graph_tools_msgs_s__rosidl_typesupport_fastrtps_c
[0.265s] [ 98%] Built target pose_graph_tools_msgs_s__rosidl_typesupport_c
[0.269s] reading manifest file 'pose_graph_tools_msgs.egg-info/SOURCES.txt'
[0.269s] writing manifest file 'pose_graph_tools_msgs.egg-info/SOURCES.txt'
[0.271s] [100%] Built target pose_graph_tools_msgs_s__rosidl_typesupport_introspection_c
[0.291s] [100%] Built target ament_cmake_python_build_pose_graph_tools_msgs_egg
[0.325s] Invoked command in '/home/siny/hydra_ws/build/pose_graph_tools_msgs' returned '0': CMAKE_PREFIX_PATH=${CMAKE_PREFIX_PATH}:/opt/ros/jazzy DEBUGINFOD_URLS=https://debuginfod.ubuntu.com /usr/bin/cmake --build /home/siny/hydra_ws/build/pose_graph_tools_msgs -- -j20 -l20
[0.326s] Invoking command in '/home/siny/hydra_ws/build/pose_graph_tools_msgs': CMAKE_PREFIX_PATH=${CMAKE_PREFIX_PATH}:/opt/ros/jazzy DEBUGINFOD_URLS=https://debuginfod.ubuntu.com /usr/bin/cmake --install /home/siny/hydra_ws/build/pose_graph_tools_msgs
[0.343s] -- Install configuration: "Release"
[0.343s] -- Up-to-date: /home/siny/hydra_ws/install/pose_graph_tools_msgs/share/ament_index/resource_index/rosidl_interfaces/pose_graph_tools_msgs
[0.343s] -- Up-to-date: /home/siny/hydra_ws/install/pose_graph_tools_msgs/share/pose_graph_tools_msgs/msg/BowQueries.json
[0.343s] -- Up-to-date: /home/siny/hydra_ws/install/pose_graph_tools_msgs/share/pose_graph_tools_msgs/msg/BowQuery.json
[0.343s] -- Up-to-date: /home/siny/hydra_ws/install/pose_graph_tools_msgs/share/pose_graph_tools_msgs/msg/BowRequests.json
[0.343s] -- Up-to-date: /home/siny/hydra_ws/install/pose_graph_tools_msgs/share/pose_graph_tools_msgs/msg/BowVector.json
[0.343s] -- Up-to-date: /home/siny/hydra_ws/install/pose_graph_tools_msgs/share/pose_graph_tools_msgs/msg/LoopClosures.json
[0.344s] -- Up-to-date: /home/siny/hydra_ws/install/pose_graph_tools_msgs/share/pose_graph_tools_msgs/msg/LoopClosuresAck.json
[0.344s] -- Up-to-date: /home/siny/hydra_ws/install/pose_graph_tools_msgs/share/pose_graph_tools_msgs/msg/PoseGraph.json
[0.344s] -- Up-to-date: /home/siny/hydra_ws/install/pose_graph_tools_msgs/share/pose_graph_tools_msgs/msg/PoseGraphEdge.json
[0.344s] -- Up-to-date: /home/siny/hydra_ws/install/pose_graph_tools_msgs/share/pose_graph_tools_msgs/msg/PoseGraphNode.json
[0.344s] -- Up-to-date: /home/siny/hydra_ws/install/pose_graph_tools_msgs/share/pose_graph_tools_msgs/msg/TimeRangeQuery.json
[0.344s] -- Up-to-date: /home/siny/hydra_ws/install/pose_graph_tools_msgs/share/pose_graph_tools_msgs/msg/VLCFrameMsg.json
[0.344s] -- Up-to-date: /home/siny/hydra_ws/install/pose_graph_tools_msgs/share/pose_graph_tools_msgs/msg/VLCFrames.json
[0.344s] -- Up-to-date: /home/siny/hydra_ws/install/pose_graph_tools_msgs/share/pose_graph_tools_msgs/msg/VLCRequests.json
[0.344s] -- Up-to-date: /home/siny/hydra_ws/install/pose_graph_tools_msgs/share/pose_graph_tools_msgs/srv/LcdFrameRegistration.json
[0.344s] -- Up-to-date: /home/siny/hydra_ws/install/pose_graph_tools_msgs/share/pose_graph_tools_msgs/srv/PoseGraphQuery.json
[0.344s] -- Up-to-date: /home/siny/hydra_ws/install/pose_graph_tools_msgs/share/pose_graph_tools_msgs/srv/VLCFrameQuery.json
[0.344s] -- Up-to-date: /home/siny/hydra_ws/install/pose_graph_tools_msgs/include/pose_graph_tools_msgs/pose_graph_tools_msgs
[0.344s] -- Up-to-date: /home/siny/hydra_ws/install/pose_graph_tools_msgs/include/pose_graph_tools_msgs/pose_graph_tools_msgs/srv
[0.344s] -- Up-to-date: /home/siny/hydra_ws/install/pose_graph_tools_msgs/include/pose_graph_tools_msgs/pose_graph_tools_msgs/srv/lcd_frame_registration.h
[0.344s] -- Up-to-date: /home/siny/hydra_ws/install/pose_graph_tools_msgs/include/pose_graph_tools_msgs/pose_graph_tools_msgs/srv/vlc_frame_query.h
[0.345s] -- Up-to-date: /home/siny/hydra_ws/install/pose_graph_tools_msgs/include/pose_graph_tools_msgs/pose_graph_tools_msgs/srv/pose_graph_query.h
[0.345s] -- Up-to-date: /home/siny/hydra_ws/install/pose_graph_tools_msgs/include/pose_graph_tools_msgs/pose_graph_tools_msgs/srv/detail
[0.345s] -- Up-to-date: /home/siny/hydra_ws/install/pose_graph_tools_msgs/include/pose_graph_tools_msgs/pose_graph_tools_msgs/srv/detail/vlc_frame_query__type_support.h
[0.345s] -- Up-to-date: /home/siny/hydra_ws/install/pose_graph_tools_msgs/include/pose_graph_tools_msgs/pose_graph_tools_msgs/srv/detail/lcd_frame_registration__description.c
[0.345s] -- Up-to-date: /home/siny/hydra_ws/install/pose_graph_tools_msgs/include/pose_graph_tools_msgs/pose_graph_tools_msgs/srv/detail/vlc_frame_query__functions.h
[0.345s] -- Installing: /home/siny/hydra_ws/install/pose_graph_tools_msgs/include/pose_graph_tools_msgs/pose_graph_tools_msgs/srv/detail/pose_graph_query__type_support.c
[0.345s] -- Up-to-date: /home/siny/hydra_ws/install/pose_graph_tools_msgs/include/pose_graph_tools_msgs/pose_graph_tools_msgs/srv/detail/pose_graph_query__struct.h
[0.345s] -- Up-to-date: /home/siny/hydra_ws/install/pose_graph_tools_msgs/include/pose_graph_tools_msgs/pose_graph_tools_msgs/srv/detail/lcd_frame_registration__struct.h
[0.345s] -- Installing: /home/siny/hydra_ws/install/pose_graph_tools_msgs/include/pose_graph_tools_msgs/pose_graph_tools_msgs/srv/detail/vlc_frame_query__type_support.c
[0.345s] -- Up-to-date: /home/siny/hydra_ws/install/pose_graph_tools_msgs/include/pose_graph_tools_msgs/pose_graph_tools_msgs/srv/detail/pose_graph_query__description.c
[0.345s] -- Installing: /home/siny/hydra_ws/install/pose_graph_tools_msgs/include/pose_graph_tools_msgs/pose_graph_tools_msgs/srv/detail/lcd_frame_registration__type_support.c
[0.345s] -- Up-to-date: /home/siny/hydra_ws/install/pose_graph_tools_msgs/include/pose_graph_tools_msgs/pose_graph_tools_msgs/srv/detail/pose_graph_query__functions.h
[0.345s] -- Up-to-date: /home/siny/hydra_ws/install/pose_graph_tools_msgs/include/pose_graph_tools_msgs/pose_graph_tools_msgs/srv/detail/vlc_frame_query__description.c
[0.345s] -- Up-to-date: /home/siny/hydra_ws/install/pose_graph_tools_msgs/include/pose_graph_tools_msgs/pose_graph_tools_msgs/srv/detail/lcd_frame_registration__functions.h
[0.345s] -- Up-to-date: /home/siny/hydra_ws/install/pose_graph_tools_msgs/include/pose_graph_tools_msgs/pose_graph_tools_msgs/srv/detail/lcd_frame_registration__functions.c
[0.345s] -- Up-to-date: /home/siny/hydra_ws/install/pose_graph_tools_msgs/include/pose_graph_tools_msgs/pose_graph_tools_msgs/srv/detail/vlc_frame_query__functions.c
[0.345s] -- Up-to-date: /home/siny/hydra_ws/install/pose_graph_tools_msgs/include/pose_graph_tools_msgs/pose_graph_tools_msgs/srv/detail/lcd_frame_registration__type_support.h
[0.345s] -- Up-to-date: /home/siny/hydra_ws/install/pose_graph_tools_msgs/include/pose_graph_tools_msgs/pose_graph_tools_msgs/srv/detail/vlc_frame_query__struct.h
[0.345s] -- Up-to-date: /home/siny/hydra_ws/install/pose_graph_tools_msgs/include/pose_graph_tools_msgs/pose_graph_tools_msgs/srv/detail/pose_graph_query__functions.c
[0.345s] -- Up-to-date: /home/siny/hydra_ws/install/pose_graph_tools_msgs/include/pose_graph_tools_msgs/pose_graph_tools_msgs/srv/detail/pose_graph_query__type_support.h
[0.345s] -- Up-to-date: /home/siny/hydra_ws/install/pose_graph_tools_msgs/include/pose_graph_tools_msgs/pose_graph_tools_msgs/msg
[0.345s] -- Up-to-date: /home/siny/hydra_ws/install/pose_graph_tools_msgs/include/pose_graph_tools_msgs/pose_graph_tools_msgs/msg/vlc_requests.h
[0.345s] -- Up-to-date: /home/siny/hydra_ws/install/pose_graph_tools_msgs/include/pose_graph_tools_msgs/pose_graph_tools_msgs/msg/rosidl_generator_c__visibility_control.h
[0.345s] -- Up-to-date: /home/siny/hydra_ws/install/pose_graph_tools_msgs/include/pose_graph_tools_msgs/pose_graph_tools_msgs/msg/pose_graph_node.h
[0.345s] -- Up-to-date: /home/siny/hydra_ws/install/pose_graph_tools_msgs/include/pose_graph_tools_msgs/pose_graph_tools_msgs/msg/pose_graph.h
[0.345s] -- Up-to-date: /home/siny/hydra_ws/install/pose_graph_tools_msgs/include/pose_graph_tools_msgs/pose_graph_tools_msgs/msg/vlc_frame_msg.h
[0.345s] -- Up-to-date: /home/siny/hydra_ws/install/pose_graph_tools_msgs/include/pose_graph_tools_msgs/pose_graph_tools_msgs/msg/bow_queries.h
[0.345s] -- Up-to-date: /home/siny/hydra_ws/install/pose_graph_tools_msgs/include/pose_graph_tools_msgs/pose_graph_tools_msgs/msg/bow_requests.h
[0.346s] -- Up-to-date: /home/siny/hydra_ws/install/pose_graph_tools_msgs/include/pose_graph_tools_msgs/pose_graph_tools_msgs/msg/pose_graph_edge.h
[0.346s] -- Up-to-date: /home/siny/hydra_ws/install/pose_graph_tools_msgs/include/pose_graph_tools_msgs/pose_graph_tools_msgs/msg/loop_closures.h
[0.346s] -- Up-to-date: /home/siny/hydra_ws/install/pose_graph_tools_msgs/include/pose_graph_tools_msgs/pose_graph_tools_msgs/msg/loop_closures_ack.h
[0.346s] -- Up-to-date: /home/siny/hydra_ws/install/pose_graph_tools_msgs/include/pose_graph_tools_msgs/pose_graph_tools_msgs/msg/vlc_frames.h
[0.346s] -- Up-to-date: /home/siny/hydra_ws/install/pose_graph_tools_msgs/include/pose_graph_tools_msgs/pose_graph_tools_msgs/msg/time_range_query.h
[0.346s] -- Up-to-date: /home/siny/hydra_ws/install/pose_graph_tools_msgs/include/pose_graph_tools_msgs/pose_graph_tools_msgs/msg/bow_query.h
[0.346s] -- Up-to-date: /home/siny/hydra_ws/install/pose_graph_tools_msgs/include/pose_graph_tools_msgs/pose_graph_tools_msgs/msg/bow_vector.h
[0.346s] -- Up-to-date: /home/siny/hydra_ws/install/pose_graph_tools_msgs/include/pose_graph_tools_msgs/pose_graph_tools_msgs/msg/detail
[0.346s] -- Up-to-date: /home/siny/hydra_ws/install/pose_graph_tools_msgs/include/pose_graph_tools_msgs/pose_graph_tools_msgs/msg/detail/pose_graph_node__functions.c
[0.346s] -- Installing: /home/siny/hydra_ws/install/pose_graph_tools_msgs/include/pose_graph_tools_msgs/pose_graph_tools_msgs/msg/detail/time_range_query__type_support.c
[0.346s] -- Up-to-date: /home/siny/hydra_ws/install/pose_graph_tools_msgs/include/pose_graph_tools_msgs/pose_graph_tools_msgs/msg/detail/pose_graph_edge__functions.c
[0.346s] -- Up-to-date: /home/siny/hydra_ws/install/pose_graph_tools_msgs/include/pose_graph_tools_msgs/pose_graph_tools_msgs/msg/detail/bow_vector__description.c
[0.346s] -- Up-to-date: /home/siny/hydra_ws/install/pose_graph_tools_msgs/include/pose_graph_tools_msgs/pose_graph_tools_msgs/msg/detail/bow_vector__functions.c
[0.346s] -- Up-to-date: /home/siny/hydra_ws/install/pose_graph_tools_msgs/include/pose_graph_tools_msgs/pose_graph_tools_msgs/msg/detail/vlc_frame_msg__functions.c
[0.346s] -- Up-to-date: /home/siny/hydra_ws/install/pose_graph_tools_msgs/include/pose_graph_tools_msgs/pose_graph_tools_msgs/msg/detail/vlc_frames__functions.c
[0.346s] -- Up-to-date: /home/siny/hydra_ws/install/pose_graph_tools_msgs/include/pose_graph_tools_msgs/pose_graph_tools_msgs/msg/detail/bow_requests__functions.c
[0.346s] -- Up-to-date: /home/siny/hydra_ws/install/pose_graph_tools_msgs/include/pose_graph_tools_msgs/pose_graph_tools_msgs/msg/detail/bow_query__type_support.h
[0.346s] -- Up-to-date: /home/siny/hydra_ws/install/pose_graph_tools_msgs/include/pose_graph_tools_msgs/pose_graph_tools_msgs/msg/detail/loop_closures_ack__struct.h
[0.346s] -- Up-to-date: /home/siny/hydra_ws/install/pose_graph_tools_msgs/include/pose_graph_tools_msgs/pose_graph_tools_msgs/msg/detail/pose_graph_edge__functions.h
[0.346s] -- Up-to-date: /home/siny/hydra_ws/install/pose_graph_tools_msgs/include/pose_graph_tools_msgs/pose_graph_tools_msgs/msg/detail/loop_closures__functions.c
[0.346s] -- Up-to-date: /home/siny/hydra_ws/install/pose_graph_tools_msgs/include/pose_graph_tools_msgs/pose_graph_tools_msgs/msg/detail/vlc_requests__functions.h
[0.346s] -- Up-to-date: /home/siny/hydra_ws/install/pose_graph_tools_msgs/include/pose_graph_tools_msgs/pose_graph_tools_msgs/msg/detail/pose_graph_edge__struct.h
[0.346s] -- Up-to-date: /home/siny/hydra_ws/install/pose_graph_tools_msgs/include/pose_graph_tools_msgs/pose_graph_tools_msgs/msg/detail/pose_graph__functions.c
[0.346s] -- Up-to-date: /home/siny/hydra_ws/install/pose_graph_tools_msgs/include/pose_graph_tools_msgs/pose_graph_tools_msgs/msg/detail/pose_graph__description.c
[0.346s] -- Up-to-date: /home/siny/hydra_ws/install/pose_graph_tools_msgs/include/pose_graph_tools_msgs/pose_graph_tools_msgs/msg/detail/pose_graph__type_support.h
[0.346s] -- Up-to-date: /home/siny/hydra_ws/install/pose_graph_tools_msgs/include/pose_graph_tools_msgs/pose_graph_tools_msgs/msg/detail/bow_query__functions.c
[0.346s] -- Up-to-date: /home/siny/hydra_ws/install/pose_graph_tools_msgs/include/pose_graph_tools_msgs/pose_graph_tools_msgs/msg/detail/vlc_requests__functions.c
[0.346s] -- Up-to-date: /home/siny/hydra_ws/install/pose_graph_tools_msgs/include/pose_graph_tools_msgs/pose_graph_tools_msgs/msg/detail/loop_closures_ack__type_support.h
[0.346s] -- Up-to-date: /home/siny/hydra_ws/install/pose_graph_tools_msgs/include/pose_graph_tools_msgs/pose_graph_tools_msgs/msg/detail/vlc_frames__functions.h
[0.346s] -- Up-to-date: /home/siny/hydra_ws/install/pose_graph_tools_msgs/include/pose_graph_tools_msgs/pose_graph_tools_msgs/msg/detail/bow_requests__struct.h
[0.347s] -- Up-to-date: /home/siny/hydra_ws/install/pose_graph_tools_msgs/include/pose_graph_tools_msgs/pose_graph_tools_msgs/msg/detail/pose_graph_edge__description.c
[0.347s] -- Up-to-date: /home/siny/hydra_ws/install/pose_graph_tools_msgs/include/pose_graph_tools_msgs/pose_graph_tools_msgs/msg/detail/bow_requests__description.c
[0.347s] -- Up-to-date: /home/siny/hydra_ws/install/pose_graph_tools_msgs/include/pose_graph_tools_msgs/pose_graph_tools_msgs/msg/detail/loop_closures_ack__functions.h
[0.347s] -- Up-to-date: /home/siny/hydra_ws/install/pose_graph_tools_msgs/include/pose_graph_tools_msgs/pose_graph_tools_msgs/msg/detail/loop_closures_ack__description.c
[0.347s] -- Up-to-date: /home/siny/hydra_ws/install/pose_graph_tools_msgs/include/pose_graph_tools_msgs/pose_graph_tools_msgs/msg/detail/pose_graph_edge__type_support.h
[0.347s] -- Installing: /home/siny/hydra_ws/install/pose_graph_tools_msgs/include/pose_graph_tools_msgs/pose_graph_tools_msgs/msg/detail/vlc_frames__type_support.c
[0.347s] -- Up-to-date: /home/siny/hydra_ws/install/pose_graph_tools_msgs/include/pose_graph_tools_msgs/pose_graph_tools_msgs/msg/detail/bow_vector__struct.h
[0.347s] -- Installing: /home/siny/hydra_ws/install/pose_graph_tools_msgs/include/pose_graph_tools_msgs/pose_graph_tools_msgs/msg/detail/pose_graph_node__type_support.c
[0.347s] -- Up-to-date: /home/siny/hydra_ws/install/pose_graph_tools_msgs/include/pose_graph_tools_msgs/pose_graph_tools_msgs/msg/detail/vlc_frames__type_support.h
[0.347s] -- Up-to-date: /home/siny/hydra_ws/install/pose_graph_tools_msgs/include/pose_graph_tools_msgs/pose_graph_tools_msgs/msg/detail/vlc_frame_msg__functions.h
[0.347s] -- Up-to-date: /home/siny/hydra_ws/install/pose_graph_tools_msgs/include/pose_graph_tools_msgs/pose_graph_tools_msgs/msg/detail/pose_graph_node__description.c
[0.347s] -- Installing: /home/siny/hydra_ws/install/pose_graph_tools_msgs/include/pose_graph_tools_msgs/pose_graph_tools_msgs/msg/detail/vlc_frame_msg__type_support.c
[0.347s] -- Installing: /home/siny/hydra_ws/install/pose_graph_tools_msgs/include/pose_graph_tools_msgs/pose_graph_tools_msgs/msg/detail/loop_closures_ack__type_support.c
[0.347s] -- Up-to-date: /home/siny/hydra_ws/install/pose_graph_tools_msgs/include/pose_graph_tools_msgs/pose_graph_tools_msgs/msg/detail/loop_closures_ack__functions.c
[0.347s] -- Up-to-date: /home/siny/hydra_ws/install/pose_graph_tools_msgs/include/pose_graph_tools_msgs/pose_graph_tools_msgs/msg/detail/bow_vector__type_support.h
[0.347s] -- Up-to-date: /home/siny/hydra_ws/install/pose_graph_tools_msgs/include/pose_graph_tools_msgs/pose_graph_tools_msgs/msg/detail/vlc_frame_msg__struct.h
[0.347s] -- Up-to-date: /home/siny/hydra_ws/install/pose_graph_tools_msgs/include/pose_graph_tools_msgs/pose_graph_tools_msgs/msg/detail/bow_query__functions.h
[0.347s] -- Up-to-date: /home/siny/hydra_ws/install/pose_graph_tools_msgs/include/pose_graph_tools_msgs/pose_graph_tools_msgs/msg/detail/vlc_requests__description.c
[0.347s] -- Up-to-date: /home/siny/hydra_ws/install/pose_graph_tools_msgs/include/pose_graph_tools_msgs/pose_graph_tools_msgs/msg/detail/bow_queries__struct.h
[0.347s] -- Up-to-date: /home/siny/hydra_ws/install/pose_graph_tools_msgs/include/pose_graph_tools_msgs/pose_graph_tools_msgs/msg/detail/pose_graph_node__struct.h
[0.347s] -- Installing: /home/siny/hydra_ws/install/pose_graph_tools_msgs/include/pose_graph_tools_msgs/pose_graph_tools_msgs/msg/detail/bow_query__type_support.c
[0.347s] -- Up-to-date: /home/siny/hydra_ws/install/pose_graph_tools_msgs/include/pose_graph_tools_msgs/pose_graph_tools_msgs/msg/detail/bow_queries__description.c
[0.347s] -- Up-to-date: /home/siny/hydra_ws/install/pose_graph_tools_msgs/include/pose_graph_tools_msgs/pose_graph_tools_msgs/msg/detail/time_range_query__functions.c
[0.347s] -- Up-to-date: /home/siny/hydra_ws/install/pose_graph_tools_msgs/include/pose_graph_tools_msgs/pose_graph_tools_msgs/msg/detail/loop_closures__type_support.h
[0.347s] -- Up-to-date: /home/siny/hydra_ws/install/pose_graph_tools_msgs/include/pose_graph_tools_msgs/pose_graph_tools_msgs/msg/detail/bow_vector__functions.h
[0.347s] -- Installing: /home/siny/hydra_ws/install/pose_graph_tools_msgs/include/pose_graph_tools_msgs/pose_graph_tools_msgs/msg/detail/vlc_requests__type_support.c
[0.347s] -- Up-to-date: /home/siny/hydra_ws/install/pose_graph_tools_msgs/include/pose_graph_tools_msgs/pose_graph_tools_msgs/msg/detail/loop_closures__functions.h
[0.347s] -- Up-to-date: /home/siny/hydra_ws/install/pose_graph_tools_msgs/include/pose_graph_tools_msgs/pose_graph_tools_msgs/msg/detail/bow_requests__functions.h
[0.347s] -- Up-to-date: /home/siny/hydra_ws/install/pose_graph_tools_msgs/include/pose_graph_tools_msgs/pose_graph_tools_msgs/msg/detail/bow_requests__type_support.h
[0.348s] -- Installing: /home/siny/hydra_ws/install/pose_graph_tools_msgs/include/pose_graph_tools_msgs/pose_graph_tools_msgs/msg/detail/bow_queries__type_support.c
[0.348s] -- Installing: /home/siny/hydra_ws/install/pose_graph_tools_msgs/include/pose_graph_tools_msgs/pose_graph_tools_msgs/msg/detail/pose_graph_edge__type_support.c
[0.348s] -- Up-to-date: /home/siny/hydra_ws/install/pose_graph_tools_msgs/include/pose_graph_tools_msgs/pose_graph_tools_msgs/msg/detail/time_range_query__functions.h
[0.348s] -- Up-to-date: /home/siny/hydra_ws/install/pose_graph_tools_msgs/include/pose_graph_tools_msgs/pose_graph_tools_msgs/msg/detail/vlc_frames__description.c
[0.348s] -- Up-to-date: /home/siny/hydra_ws/install/pose_graph_tools_msgs/include/pose_graph_tools_msgs/pose_graph_tools_msgs/msg/detail/bow_queries__functions.h
[0.348s] -- Up-to-date: /home/siny/hydra_ws/install/pose_graph_tools_msgs/include/pose_graph_tools_msgs/pose_graph_tools_msgs/msg/detail/bow_queries__functions.c
[0.348s] -- Up-to-date: /home/siny/hydra_ws/install/pose_graph_tools_msgs/include/pose_graph_tools_msgs/pose_graph_tools_msgs/msg/detail/bow_query__description.c
[0.348s] -- Up-to-date: /home/siny/hydra_ws/install/pose_graph_tools_msgs/include/pose_graph_tools_msgs/pose_graph_tools_msgs/msg/detail/time_range_query__struct.h
[0.348s] -- Installing: /home/siny/hydra_ws/install/pose_graph_tools_msgs/include/pose_graph_tools_msgs/pose_graph_tools_msgs/msg/detail/loop_closures__type_support.c
[0.348s] -- Up-to-date: /home/siny/hydra_ws/install/pose_graph_tools_msgs/include/pose_graph_tools_msgs/pose_graph_tools_msgs/msg/detail/vlc_frame_msg__description.c
[0.348s] -- Up-to-date: /home/siny/hydra_ws/install/pose_graph_tools_msgs/include/pose_graph_tools_msgs/pose_graph_tools_msgs/msg/detail/loop_closures__struct.h
[0.348s] -- Up-to-date: /home/siny/hydra_ws/install/pose_graph_tools_msgs/include/pose_graph_tools_msgs/pose_graph_tools_msgs/msg/detail/bow_query__struct.h
[0.348s] -- Up-to-date: /home/siny/hydra_ws/install/pose_graph_tools_msgs/include/pose_graph_tools_msgs/pose_graph_tools_msgs/msg/detail/loop_closures__description.c
[0.348s] -- Up-to-date: /home/siny/hydra_ws/install/pose_graph_tools_msgs/include/pose_graph_tools_msgs/pose_graph_tools_msgs/msg/detail/bow_queries__type_support.h
[0.348s] -- Up-to-date: /home/siny/hydra_ws/install/pose_graph_tools_msgs/include/pose_graph_tools_msgs/pose_graph_tools_msgs/msg/detail/pose_graph__functions.h
[0.348s] -- Up-to-date: /home/siny/hydra_ws/install/pose_graph_tools_msgs/include/pose_graph_tools_msgs/pose_graph_tools_msgs/msg/detail/time_range_query__description.c
[0.348s] -- Installing: /home/siny/hydra_ws/install/pose_graph_tools_msgs/include/pose_graph_tools_msgs/pose_graph_tools_msgs/msg/detail/bow_vector__type_support.c
[0.348s] -- Up-to-date: /home/siny/hydra_ws/install/pose_graph_tools_msgs/include/pose_graph_tools_msgs/pose_graph_tools_msgs/msg/detail/vlc_requests__type_support.h
[0.348s] -- Up-to-date: /home/siny/hydra_ws/install/pose_graph_tools_msgs/include/pose_graph_tools_msgs/pose_graph_tools_msgs/msg/detail/vlc_frame_msg__type_support.h
[0.348s] -- Up-to-date: /home/siny/hydra_ws/install/pose_graph_tools_msgs/include/pose_graph_tools_msgs/pose_graph_tools_msgs/msg/detail/time_range_query__type_support.h
[0.348s] -- Up-to-date: /home/siny/hydra_ws/install/pose_graph_tools_msgs/include/pose_graph_tools_msgs/pose_graph_tools_msgs/msg/detail/pose_graph_node__functions.h
[0.348s] -- Up-to-date: /home/siny/hydra_ws/install/pose_graph_tools_msgs/include/pose_graph_tools_msgs/pose_graph_tools_msgs/msg/detail/pose_graph_node__type_support.h
[0.348s] -- Up-to-date: /home/siny/hydra_ws/install/pose_graph_tools_msgs/include/pose_graph_tools_msgs/pose_graph_tools_msgs/msg/detail/pose_graph__struct.h
[0.348s] -- Up-to-date: /home/siny/hydra_ws/install/pose_graph_tools_msgs/include/pose_graph_tools_msgs/pose_graph_tools_msgs/msg/detail/vlc_frames__struct.h
[0.348s] -- Up-to-date: /home/siny/hydra_ws/install/pose_graph_tools_msgs/include/pose_graph_tools_msgs/pose_graph_tools_msgs/msg/detail/vlc_requests__struct.h
[0.348s] -- Installing: /home/siny/hydra_ws/install/pose_graph_tools_msgs/include/pose_graph_tools_msgs/pose_graph_tools_msgs/msg/detail/bow_requests__type_support.c
[0.349s] -- Installing: /home/siny/hydra_ws/install/pose_graph_tools_msgs/include/pose_graph_tools_msgs/pose_graph_tools_msgs/msg/detail/pose_graph__type_support.c
[0.349s] -- Up-to-date: /home/siny/hydra_ws/install/pose_graph_tools_msgs/share/pose_graph_tools_msgs/environment/library_path.sh
[0.349s] -- Up-to-date: /home/siny/hydra_ws/install/pose_graph_tools_msgs/share/pose_graph_tools_msgs/environment/library_path.dsv
[0.349s] -- Up-to-date: /home/siny/hydra_ws/install/pose_graph_tools_msgs/lib/libpose_graph_tools_msgs__rosidl_generator_c.so
[0.349s] -- Up-to-date: /home/siny/hydra_ws/install/pose_graph_tools_msgs/include/pose_graph_tools_msgs/pose_graph_tools_msgs
[0.349s] -- Up-to-date: /home/siny/hydra_ws/install/pose_graph_tools_msgs/include/pose_graph_tools_msgs/pose_graph_tools_msgs/srv
[0.349s] -- Up-to-date: /home/siny/hydra_ws/install/pose_graph_tools_msgs/include/pose_graph_tools_msgs/pose_graph_tools_msgs/srv/detail
[0.349s] -- Up-to-date: /home/siny/hydra_ws/install/pose_graph_tools_msgs/include/pose_graph_tools_msgs/pose_graph_tools_msgs/srv/detail/lcd_frame_registration__rosidl_typesupport_fastrtps_c.h
[0.349s] -- Up-to-date: /home/siny/hydra_ws/install/pose_graph_tools_msgs/include/pose_graph_tools_msgs/pose_graph_tools_msgs/srv/detail/vlc_frame_query__rosidl_typesupport_fastrtps_c.h
[0.349s] -- Up-to-date: /home/siny/hydra_ws/install/pose_graph_tools_msgs/include/pose_graph_tools_msgs/pose_graph_tools_msgs/srv/detail/pose_graph_query__rosidl_typesupport_fastrtps_c.h
[0.349s] -- Up-to-date: /home/siny/hydra_ws/install/pose_graph_tools_msgs/include/pose_graph_tools_msgs/pose_graph_tools_msgs/msg
[0.349s] -- Up-to-date: /home/siny/hydra_ws/install/pose_graph_tools_msgs/include/pose_graph_tools_msgs/pose_graph_tools_msgs/msg/rosidl_typesupport_fastrtps_c__visibility_control.h
[0.349s] -- Up-to-date: /home/siny/hydra_ws/install/pose_graph_tools_msgs/include/pose_graph_tools_msgs/pose_graph_tools_msgs/msg/detail
[0.349s] -- Up-to-date: /home/siny/hydra_ws/install/pose_graph_tools_msgs/include/pose_graph_tools_msgs/pose_graph_tools_msgs/msg/detail/vlc_requests__rosidl_typesupport_fastrtps_c.h
[0.349s] -- Up-to-date: /home/siny/hydra_ws/install/pose_graph_tools_msgs/include/pose_graph_tools_msgs/pose_graph_tools_msgs/msg/detail/pose_graph_edge__rosidl_typesupport_fastrtps_c.h
[0.349s] -- Up-to-date: /home/siny/hydra_ws/install/pose_graph_tools_msgs/include/pose_graph_tools_msgs/pose_graph_tools_msgs/msg/detail/bow_requests__rosidl_typesupport_fastrtps_c.h
[0.349s] -- Up-to-date: /home/siny/hydra_ws/install/pose_graph_tools_msgs/include/pose_graph_tools_msgs/pose_graph_tools_msgs/msg/detail/time_range_query__rosidl_typesupport_fastrtps_c.h
[0.349s] -- Up-to-date: /home/siny/hydra_ws/install/pose_graph_tools_msgs/include/pose_graph_tools_msgs/pose_graph_tools_msgs/msg/detail/loop_closures_ack__rosidl_typesupport_fastrtps_c.h
[0.349s] -- Up-to-date: /home/siny/hydra_ws/install/pose_graph_tools_msgs/include/pose_graph_tools_msgs/pose_graph_tools_msgs/msg/detail/loop_closures__rosidl_typesupport_fastrtps_c.h
[0.349s] -- Up-to-date: /home/siny/hydra_ws/install/pose_graph_tools_msgs/include/pose_graph_tools_msgs/pose_graph_tools_msgs/msg/detail/pose_graph__rosidl_typesupport_fastrtps_c.h
[0.349s] -- Up-to-date: /home/siny/hydra_ws/install/pose_graph_tools_msgs/include/pose_graph_tools_msgs/pose_graph_tools_msgs/msg/detail/bow_vector__rosidl_typesupport_fastrtps_c.h
[0.349s] -- Up-to-date: /home/siny/hydra_ws/install/pose_graph_tools_msgs/include/pose_graph_tools_msgs/pose_graph_tools_msgs/msg/detail/bow_query__rosidl_typesupport_fastrtps_c.h
[0.349s] -- Up-to-date: /home/siny/hydra_ws/install/pose_graph_tools_msgs/include/pose_graph_tools_msgs/pose_graph_tools_msgs/msg/detail/vlc_frames__rosidl_typesupport_fastrtps_c.h
[0.349s] -- Up-to-date: /home/siny/hydra_ws/install/pose_graph_tools_msgs/include/pose_graph_tools_msgs/pose_graph_tools_msgs/msg/detail/bow_queries__rosidl_typesupport_fastrtps_c.h
[0.349s] -- Up-to-date: /home/siny/hydra_ws/install/pose_graph_tools_msgs/include/pose_graph_tools_msgs/pose_graph_tools_msgs/msg/detail/vlc_frame_msg__rosidl_typesupport_fastrtps_c.h
[0.349s] -- Up-to-date: /home/siny/hydra_ws/install/pose_graph_tools_msgs/include/pose_graph_tools_msgs/pose_graph_tools_msgs/msg/detail/pose_graph_node__rosidl_typesupport_fastrtps_c.h
[0.349s] -- Up-to-date: /home/siny/hydra_ws/install/pose_graph_tools_msgs/lib/libpose_graph_tools_msgs__rosidl_typesupport_fastrtps_c.so
[0.349s] -- Up-to-date: /home/siny/hydra_ws/install/pose_graph_tools_msgs/include/pose_graph_tools_msgs/pose_graph_tools_msgs
[0.349s] -- Up-to-date: /home/siny/hydra_ws/install/pose_graph_tools_msgs/include/pose_graph_tools_msgs/pose_graph_tools_msgs/srv
[0.349s] -- Up-to-date: /home/siny/hydra_ws/install/pose_graph_tools_msgs/include/pose_graph_tools_msgs/pose_graph_tools_msgs/srv/lcd_frame_registration.hpp
[0.349s] -- Up-to-date: /home/siny/hydra_ws/install/pose_graph_tools_msgs/include/pose_graph_tools_msgs/pose_graph_tools_msgs/srv/pose_graph_query.hpp
[0.350s] -- Up-to-date: /home/siny/hydra_ws/install/pose_graph_tools_msgs/include/pose_graph_tools_msgs/pose_graph_tools_msgs/srv/vlc_frame_query.hpp
[0.350s] -- Up-to-date: /home/siny/hydra_ws/install/pose_graph_tools_msgs/include/pose_graph_tools_msgs/pose_graph_tools_msgs/srv/detail
[0.350s] -- Up-to-date: /home/siny/hydra_ws/install/pose_graph_tools_msgs/include/pose_graph_tools_msgs/pose_graph_tools_msgs/srv/detail/vlc_frame_query__traits.hpp
[0.350s] -- Up-to-date: /home/siny/hydra_ws/install/pose_graph_tools_msgs/include/pose_graph_tools_msgs/pose_graph_tools_msgs/srv/detail/lcd_frame_registration__type_support.hpp
[0.350s] -- Up-to-date: /home/siny/hydra_ws/install/pose_graph_tools_msgs/include/pose_graph_tools_msgs/pose_graph_tools_msgs/srv/detail/vlc_frame_query__struct.hpp
[0.350s] -- Up-to-date: /home/siny/hydra_ws/install/pose_graph_tools_msgs/include/pose_graph_tools_msgs/pose_graph_tools_msgs/srv/detail/lcd_frame_registration__builder.hpp
[0.350s] -- Up-to-date: /home/siny/hydra_ws/install/pose_graph_tools_msgs/include/pose_graph_tools_msgs/pose_graph_tools_msgs/srv/detail/pose_graph_query__traits.hpp
[0.350s] -- Up-to-date: /home/siny/hydra_ws/install/pose_graph_tools_msgs/include/pose_graph_tools_msgs/pose_graph_tools_msgs/srv/detail/pose_graph_query__builder.hpp
[0.350s] -- Up-to-date: /home/siny/hydra_ws/install/pose_graph_tools_msgs/include/pose_graph_tools_msgs/pose_graph_tools_msgs/srv/detail/vlc_frame_query__type_support.hpp
[0.350s] -- Up-to-date: /home/siny/hydra_ws/install/pose_graph_tools_msgs/include/pose_graph_tools_msgs/pose_graph_tools_msgs/srv/detail/pose_graph_query__type_support.hpp
[0.350s] -- Up-to-date: /home/siny/hydra_ws/install/pose_graph_tools_msgs/include/pose_graph_tools_msgs/pose_graph_tools_msgs/srv/detail/lcd_frame_registration__struct.hpp
[0.350s] -- Up-to-date: /home/siny/hydra_ws/install/pose_graph_tools_msgs/include/pose_graph_tools_msgs/pose_graph_tools_msgs/srv/detail/pose_graph_query__struct.hpp
[0.350s] -- Up-to-date: /home/siny/hydra_ws/install/pose_graph_tools_msgs/include/pose_graph_tools_msgs/pose_graph_tools_msgs/srv/detail/vlc_frame_query__builder.hpp
[0.350s] -- Up-to-date: /home/siny/hydra_ws/install/pose_graph_tools_msgs/include/pose_graph_tools_msgs/pose_graph_tools_msgs/srv/detail/lcd_frame_registration__traits.hpp
[0.350s] -- Up-to-date: /home/siny/hydra_ws/install/pose_graph_tools_msgs/include/pose_graph_tools_msgs/pose_graph_tools_msgs/msg
[0.350s] -- Up-to-date: /home/siny/hydra_ws/install/pose_graph_tools_msgs/include/pose_graph_tools_msgs/pose_graph_tools_msgs/msg/time_range_query.hpp
[0.350s] -- Up-to-date: /home/siny/hydra_ws/install/pose_graph_tools_msgs/include/pose_graph_tools_msgs/pose_graph_tools_msgs/msg/bow_vector.hpp
[0.350s] -- Up-to-date: /home/siny/hydra_ws/install/pose_graph_tools_msgs/include/pose_graph_tools_msgs/pose_graph_tools_msgs/msg/pose_graph_node.hpp
[0.350s] -- Up-to-date: /home/siny/hydra_ws/install/pose_graph_tools_msgs/include/pose_graph_tools_msgs/pose_graph_tools_msgs/msg/loop_closures_ack.hpp
[0.350s] -- Up-to-date: /home/siny/hydra_ws/install/pose_graph_tools_msgs/include/pose_graph_tools_msgs/pose_graph_tools_msgs/msg/bow_queries.hpp
[0.351s] -- Up-to-date: /home/siny/hydra_ws/install/pose_graph_tools_msgs/include/pose_graph_tools_msgs/pose_graph_tools_msgs/msg/pose_graph_edge.hpp
[0.351s] -- Up-to-date: /home/siny/hydra_ws/install/pose_graph_tools_msgs/include/pose_graph_tools_msgs/pose_graph_tools_msgs/msg/vlc_requests.hpp
[0.351s] -- Up-to-date: /home/siny/hydra_ws/install/pose_graph_tools_msgs/include/pose_graph_tools_msgs/pose_graph_tools_msgs/msg/pose_graph.hpp
[0.351s] -- Up-to-date: /home/siny/hydra_ws/install/pose_graph_tools_msgs/include/pose_graph_tools_msgs/pose_graph_tools_msgs/msg/bow_query.hpp
[0.351s] -- Up-to-date: /home/siny/hydra_ws/install/pose_graph_tools_msgs/include/pose_graph_tools_msgs/pose_graph_tools_msgs/msg/detail
[0.351s] -- Up-to-date: /home/siny/hydra_ws/install/pose_graph_tools_msgs/include/pose_graph_tools_msgs/pose_graph_tools_msgs/msg/detail/bow_query__struct.hpp
[0.351s] -- Up-to-date: /home/siny/hydra_ws/install/pose_graph_tools_msgs/include/pose_graph_tools_msgs/pose_graph_tools_msgs/msg/detail/vlc_requests__type_support.hpp
[0.351s] -- Up-to-date: /home/siny/hydra_ws/install/pose_graph_tools_msgs/include/pose_graph_tools_msgs/pose_graph_tools_msgs/msg/detail/bow_vector__builder.hpp
[0.351s] -- Up-to-date: /home/siny/hydra_ws/install/pose_graph_tools_msgs/include/pose_graph_tools_msgs/pose_graph_tools_msgs/msg/detail/vlc_frames__builder.hpp
[0.351s] -- Up-to-date: /home/siny/hydra_ws/install/pose_graph_tools_msgs/include/pose_graph_tools_msgs/pose_graph_tools_msgs/msg/detail/pose_graph_node__struct.hpp
[0.351s] -- Up-to-date: /home/siny/hydra_ws/install/pose_graph_tools_msgs/include/pose_graph_tools_msgs/pose_graph_tools_msgs/msg/detail/bow_query__traits.hpp
[0.351s] -- Up-to-date: /home/siny/hydra_ws/install/pose_graph_tools_msgs/include/pose_graph_tools_msgs/pose_graph_tools_msgs/msg/detail/pose_graph__type_support.hpp
[0.351s] -- Up-to-date: /home/siny/hydra_ws/install/pose_graph_tools_msgs/include/pose_graph_tools_msgs/pose_graph_tools_msgs/msg/detail/vlc_frame_msg__struct.hpp
[0.351s] -- Up-to-date: /home/siny/hydra_ws/install/pose_graph_tools_msgs/include/pose_graph_tools_msgs/pose_graph_tools_msgs/msg/detail/loop_closures__traits.hpp
[0.351s] -- Up-to-date: /home/siny/hydra_ws/install/pose_graph_tools_msgs/include/pose_graph_tools_msgs/pose_graph_tools_msgs/msg/detail/vlc_requests__traits.hpp
[0.351s] -- Up-to-date: /home/siny/hydra_ws/install/pose_graph_tools_msgs/include/pose_graph_tools_msgs/pose_graph_tools_msgs/msg/detail/time_range_query__traits.hpp
[0.351s] -- Up-to-date: /home/siny/hydra_ws/install/pose_graph_tools_msgs/include/pose_graph_tools_msgs/pose_graph_tools_msgs/msg/detail/bow_query__builder.hpp
[0.351s] -- Up-to-date: /home/siny/hydra_ws/install/pose_graph_tools_msgs/include/pose_graph_tools_msgs/pose_graph_tools_msgs/msg/detail/vlc_requests__struct.hpp
[0.351s] -- Up-to-date: /home/siny/hydra_ws/install/pose_graph_tools_msgs/include/pose_graph_tools_msgs/pose_graph_tools_msgs/msg/detail/vlc_frames__type_support.hpp
[0.351s] -- Up-to-date: /home/siny/hydra_ws/install/pose_graph_tools_msgs/include/pose_graph_tools_msgs/pose_graph_tools_msgs/msg/detail/bow_requests__struct.hpp
[0.351s] -- Up-to-date: /home/siny/hydra_ws/install/pose_graph_tools_msgs/include/pose_graph_tools_msgs/pose_graph_tools_msgs/msg/detail/vlc_frame_msg__traits.hpp
[0.351s] -- Up-to-date: /home/siny/hydra_ws/install/pose_graph_tools_msgs/include/pose_graph_tools_msgs/pose_graph_tools_msgs/msg/detail/vlc_requests__builder.hpp
[0.351s] -- Up-to-date: /home/siny/hydra_ws/install/pose_graph_tools_msgs/include/pose_graph_tools_msgs/pose_graph_tools_msgs/msg/detail/loop_closures__builder.hpp
[0.351s] -- Up-to-date: /home/siny/hydra_ws/install/pose_graph_tools_msgs/include/pose_graph_tools_msgs/pose_graph_tools_msgs/msg/detail/bow_queries__struct.hpp
[0.351s] -- Up-to-date: /home/siny/hydra_ws/install/pose_graph_tools_msgs/include/pose_graph_tools_msgs/pose_graph_tools_msgs/msg/detail/bow_queries__type_support.hpp
[0.351s] -- Up-to-date: /home/siny/hydra_ws/install/pose_graph_tools_msgs/include/pose_graph_tools_msgs/pose_graph_tools_msgs/msg/detail/pose_graph__struct.hpp
[0.352s] -- Up-to-date: /home/siny/hydra_ws/install/pose_graph_tools_msgs/include/pose_graph_tools_msgs/pose_graph_tools_msgs/msg/detail/vlc_frames__traits.hpp
[0.352s] -- Up-to-date: /home/siny/hydra_ws/install/pose_graph_tools_msgs/include/pose_graph_tools_msgs/pose_graph_tools_msgs/msg/detail/bow_vector__type_support.hpp
[0.352s] -- Up-to-date: /home/siny/hydra_ws/install/pose_graph_tools_msgs/include/pose_graph_tools_msgs/pose_graph_tools_msgs/msg/detail/vlc_frame_msg__builder.hpp
[0.352s] -- Up-to-date: /home/siny/hydra_ws/install/pose_graph_tools_msgs/include/pose_graph_tools_msgs/pose_graph_tools_msgs/msg/detail/vlc_frame_msg__type_support.hpp
[0.352s] -- Up-to-date: /home/siny/hydra_ws/install/pose_graph_tools_msgs/include/pose_graph_tools_msgs/pose_graph_tools_msgs/msg/detail/pose_graph_edge__type_support.hpp
[0.352s] -- Up-to-date: /home/siny/hydra_ws/install/pose_graph_tools_msgs/include/pose_graph_tools_msgs/pose_graph_tools_msgs/msg/detail/loop_closures__struct.hpp
[0.352s] -- Up-to-date: /home/siny/hydra_ws/install/pose_graph_tools_msgs/include/pose_graph_tools_msgs/pose_graph_tools_msgs/msg/detail/bow_query__type_support.hpp
[0.352s] -- Up-to-date: /home/siny/hydra_ws/install/pose_graph_tools_msgs/include/pose_graph_tools_msgs/pose_graph_tools_msgs/msg/detail/time_range_query__struct.hpp
[0.352s] -- Up-to-date: /home/siny/hydra_ws/install/pose_graph_tools_msgs/include/pose_graph_tools_msgs/pose_graph_tools_msgs/msg/detail/bow_queries__traits.hpp
[0.352s] -- Up-to-date: /home/siny/hydra_ws/install/pose_graph_tools_msgs/include/pose_graph_tools_msgs/pose_graph_tools_msgs/msg/detail/vlc_frames__struct.hpp
[0.352s] -- Up-to-date: /home/siny/hydra_ws/install/pose_graph_tools_msgs/include/pose_graph_tools_msgs/pose_graph_tools_msgs/msg/detail/time_range_query__type_support.hpp
[0.352s] -- Up-to-date: /home/siny/hydra_ws/install/pose_graph_tools_msgs/include/pose_graph_tools_msgs/pose_graph_tools_msgs/msg/detail/bow_requests__traits.hpp
[0.352s] -- Up-to-date: /home/siny/hydra_ws/install/pose_graph_tools_msgs/include/pose_graph_tools_msgs/pose_graph_tools_msgs/msg/detail/time_range_query__builder.hpp
[0.352s] -- Up-to-date: /home/siny/hydra_ws/install/pose_graph_tools_msgs/include/pose_graph_tools_msgs/pose_graph_tools_msgs/msg/detail/pose_graph_node__traits.hpp
[0.352s] -- Up-to-date: /home/siny/hydra_ws/install/pose_graph_tools_msgs/include/pose_graph_tools_msgs/pose_graph_tools_msgs/msg/detail/pose_graph__traits.hpp
[0.352s] -- Up-to-date: /home/siny/hydra_ws/install/pose_graph_tools_msgs/include/pose_graph_tools_msgs/pose_graph_tools_msgs/msg/detail/bow_vector__struct.hpp
[0.352s] -- Up-to-date: /home/siny/hydra_ws/install/pose_graph_tools_msgs/include/pose_graph_tools_msgs/pose_graph_tools_msgs/msg/detail/pose_graph_edge__builder.hpp
[0.352s] -- Up-to-date: /home/siny/hydra_ws/install/pose_graph_tools_msgs/include/pose_graph_tools_msgs/pose_graph_tools_msgs/msg/detail/loop_closures_ack__traits.hpp
[0.352s] -- Up-to-date: /home/siny/hydra_ws/install/pose_graph_tools_msgs/include/pose_graph_tools_msgs/pose_graph_tools_msgs/msg/detail/pose_graph__builder.hpp
[0.352s] -- Up-to-date: /home/siny/hydra_ws/install/pose_graph_tools_msgs/include/pose_graph_tools_msgs/pose_graph_tools_msgs/msg/detail/pose_graph_edge__traits.hpp
[0.352s] -- Up-to-date: /home/siny/hydra_ws/install/pose_graph_tools_msgs/include/pose_graph_tools_msgs/pose_graph_tools_msgs/msg/detail/pose_graph_node__builder.hpp
[0.352s] -- Up-to-date: /home/siny/hydra_ws/install/pose_graph_tools_msgs/include/pose_graph_tools_msgs/pose_graph_tools_msgs/msg/detail/loop_closures_ack__struct.hpp
[0.352s] -- Up-to-date: /home/siny/hydra_ws/install/pose_graph_tools_msgs/include/pose_graph_tools_msgs/pose_graph_tools_msgs/msg/detail/loop_closures_ack__type_support.hpp
[0.352s] -- Up-to-date: /home/siny/hydra_ws/install/pose_graph_tools_msgs/include/pose_graph_tools_msgs/pose_graph_tools_msgs/msg/detail/pose_graph_edge__struct.hpp
[0.352s] -- Up-to-date: /home/siny/hydra_ws/install/pose_graph_tools_msgs/include/pose_graph_tools_msgs/pose_graph_tools_msgs/msg/detail/bow_queries__builder.hpp
[0.352s] -- Up-to-date: /home/siny/hydra_ws/install/pose_graph_tools_msgs/include/pose_graph_tools_msgs/pose_graph_tools_msgs/msg/detail/bow_requests__builder.hpp
[0.352s] -- Up-to-date: /home/siny/hydra_ws/install/pose_graph_tools_msgs/include/pose_graph_tools_msgs/pose_graph_tools_msgs/msg/detail/bow_requests__type_support.hpp
[0.353s] -- Up-to-date: /home/siny/hydra_ws/install/pose_graph_tools_msgs/include/pose_graph_tools_msgs/pose_graph_tools_msgs/msg/detail/bow_vector__traits.hpp
[0.353s] -- Up-to-date: /home/siny/hydra_ws/install/pose_graph_tools_msgs/include/pose_graph_tools_msgs/pose_graph_tools_msgs/msg/detail/loop_closures__type_support.hpp
[0.353s] -- Up-to-date: /home/siny/hydra_ws/install/pose_graph_tools_msgs/include/pose_graph_tools_msgs/pose_graph_tools_msgs/msg/detail/loop_closures_ack__builder.hpp
[0.353s] -- Up-to-date: /home/siny/hydra_ws/install/pose_graph_tools_msgs/include/pose_graph_tools_msgs/pose_graph_tools_msgs/msg/detail/pose_graph_node__type_support.hpp
[0.353s] -- Up-to-date: /home/siny/hydra_ws/install/pose_graph_tools_msgs/include/pose_graph_tools_msgs/pose_graph_tools_msgs/msg/vlc_frame_msg.hpp
[0.353s] -- Up-to-date: /home/siny/hydra_ws/install/pose_graph_tools_msgs/include/pose_graph_tools_msgs/pose_graph_tools_msgs/msg/vlc_frames.hpp
[0.353s] -- Up-to-date: /home/siny/hydra_ws/install/pose_graph_tools_msgs/include/pose_graph_tools_msgs/pose_graph_tools_msgs/msg/loop_closures.hpp
[0.353s] -- Up-to-date: /home/siny/hydra_ws/install/pose_graph_tools_msgs/include/pose_graph_tools_msgs/pose_graph_tools_msgs/msg/bow_requests.hpp
[0.353s] -- Up-to-date: /home/siny/hydra_ws/install/pose_graph_tools_msgs/include/pose_graph_tools_msgs/pose_graph_tools_msgs/msg/rosidl_generator_cpp__visibility_control.hpp
[0.353s] -- Up-to-date: /home/siny/hydra_ws/install/pose_graph_tools_msgs/include/pose_graph_tools_msgs/pose_graph_tools_msgs
[0.353s] -- Up-to-date: /home/siny/hydra_ws/install/pose_graph_tools_msgs/include/pose_graph_tools_msgs/pose_graph_tools_msgs/srv
[0.353s] -- Up-to-date: /home/siny/hydra_ws/install/pose_graph_tools_msgs/include/pose_graph_tools_msgs/pose_graph_tools_msgs/srv/detail
[0.353s] -- Up-to-date: /home/siny/hydra_ws/install/pose_graph_tools_msgs/include/pose_graph_tools_msgs/pose_graph_tools_msgs/srv/detail/pose_graph_query__rosidl_typesupport_fastrtps_cpp.hpp
[0.353s] -- Up-to-date: /home/siny/hydra_ws/install/pose_graph_tools_msgs/include/pose_graph_tools_msgs/pose_graph_tools_msgs/srv/detail/dds_fastrtps
[0.353s] -- Up-to-date: /home/siny/hydra_ws/install/pose_graph_tools_msgs/include/pose_graph_tools_msgs/pose_graph_tools_msgs/srv/detail/vlc_frame_query__rosidl_typesupport_fastrtps_cpp.hpp
[0.353s] -- Up-to-date: /home/siny/hydra_ws/install/pose_graph_tools_msgs/include/pose_graph_tools_msgs/pose_graph_tools_msgs/srv/detail/lcd_frame_registration__rosidl_typesupport_fastrtps_cpp.hpp
[0.353s] -- Up-to-date: /home/siny/hydra_ws/install/pose_graph_tools_msgs/include/pose_graph_tools_msgs/pose_graph_tools_msgs/msg
[0.353s] -- Up-to-date: /home/siny/hydra_ws/install/pose_graph_tools_msgs/include/pose_graph_tools_msgs/pose_graph_tools_msgs/msg/rosidl_typesupport_fastrtps_cpp__visibility_control.h
[0.353s] -- Up-to-date: /home/siny/hydra_ws/install/pose_graph_tools_msgs/include/pose_graph_tools_msgs/pose_graph_tools_msgs/msg/detail
[0.353s] -- Up-to-date: /home/siny/hydra_ws/install/pose_graph_tools_msgs/include/pose_graph_tools_msgs/pose_graph_tools_msgs/msg/detail/vlc_frames__rosidl_typesupport_fastrtps_cpp.hpp
[0.353s] -- Up-to-date: /home/siny/hydra_ws/install/pose_graph_tools_msgs/include/pose_graph_tools_msgs/pose_graph_tools_msgs/msg/detail/dds_fastrtps
[0.353s] -- Up-to-date: /home/siny/hydra_ws/install/pose_graph_tools_msgs/include/pose_graph_tools_msgs/pose_graph_tools_msgs/msg/detail/bow_queries__rosidl_typesupport_fastrtps_cpp.hpp
[0.353s] -- Up-to-date: /home/siny/hydra_ws/install/pose_graph_tools_msgs/include/pose_graph_tools_msgs/pose_graph_tools_msgs/msg/detail/pose_graph_edge__rosidl_typesupport_fastrtps_cpp.hpp
[0.353s] -- Up-to-date: /home/siny/hydra_ws/install/pose_graph_tools_msgs/include/pose_graph_tools_msgs/pose_graph_tools_msgs/msg/detail/bow_query__rosidl_typesupport_fastrtps_cpp.hpp
[0.354s] -- Up-to-date: /home/siny/hydra_ws/install/pose_graph_tools_msgs/include/pose_graph_tools_msgs/pose_graph_tools_msgs/msg/detail/bow_vector__rosidl_typesupport_fastrtps_cpp.hpp
[0.354s] -- Up-to-date: /home/siny/hydra_ws/install/pose_graph_tools_msgs/include/pose_graph_tools_msgs/pose_graph_tools_msgs/msg/detail/loop_closures__rosidl_typesupport_fastrtps_cpp.hpp
[0.354s] -- Up-to-date: /home/siny/hydra_ws/install/pose_graph_tools_msgs/include/pose_graph_tools_msgs/pose_graph_tools_msgs/msg/detail/vlc_requests__rosidl_typesupport_fastrtps_cpp.hpp
[0.354s] -- Up-to-date: /home/siny/hydra_ws/install/pose_graph_tools_msgs/include/pose_graph_tools_msgs/pose_graph_tools_msgs/msg/detail/loop_closures_ack__rosidl_typesupport_fastrtps_cpp.hpp
[0.354s] -- Up-to-date: /home/siny/hydra_ws/install/pose_graph_tools_msgs/include/pose_graph_tools_msgs/pose_graph_tools_msgs/msg/detail/time_range_query__rosidl_typesupport_fastrtps_cpp.hpp
[0.354s] -- Up-to-date: /home/siny/hydra_ws/install/pose_graph_tools_msgs/include/pose_graph_tools_msgs/pose_graph_tools_msgs/msg/detail/pose_graph_node__rosidl_typesupport_fastrtps_cpp.hpp
[0.354s] -- Up-to-date: /home/siny/hydra_ws/install/pose_graph_tools_msgs/include/pose_graph_tools_msgs/pose_graph_tools_msgs/msg/detail/vlc_frame_msg__rosidl_typesupport_fastrtps_cpp.hpp
[0.354s] -- Up-to-date: /home/siny/hydra_ws/install/pose_graph_tools_msgs/include/pose_graph_tools_msgs/pose_graph_tools_msgs/msg/detail/pose_graph__rosidl_typesupport_fastrtps_cpp.hpp
[0.354s] -- Up-to-date: /home/siny/hydra_ws/install/pose_graph_tools_msgs/include/pose_graph_tools_msgs/pose_graph_tools_msgs/msg/detail/bow_requests__rosidl_typesupport_fastrtps_cpp.hpp
[0.354s] -- Up-to-date: /home/siny/hydra_ws/install/pose_graph_tools_msgs/lib/libpose_graph_tools_msgs__rosidl_typesupport_fastrtps_cpp.so
[0.354s] -- Up-to-date: /home/siny/hydra_ws/install/pose_graph_tools_msgs/include/pose_graph_tools_msgs/pose_graph_tools_msgs
[0.354s] -- Up-to-date: /home/siny/hydra_ws/install/pose_graph_tools_msgs/include/pose_graph_tools_msgs/pose_graph_tools_msgs/srv
[0.354s] -- Up-to-date: /home/siny/hydra_ws/install/pose_graph_tools_msgs/include/pose_graph_tools_msgs/pose_graph_tools_msgs/srv/detail
[0.354s] -- Up-to-date: /home/siny/hydra_ws/install/pose_graph_tools_msgs/include/pose_graph_tools_msgs/pose_graph_tools_msgs/srv/detail/lcd_frame_registration__rosidl_typesupport_introspection_c.h
[0.354s] -- Installing: /home/siny/hydra_ws/install/pose_graph_tools_msgs/include/pose_graph_tools_msgs/pose_graph_tools_msgs/srv/detail/pose_graph_query__type_support.c
[0.354s] -- Installing: /home/siny/hydra_ws/install/pose_graph_tools_msgs/include/pose_graph_tools_msgs/pose_graph_tools_msgs/srv/detail/vlc_frame_query__type_support.c
[0.354s] -- Installing: /home/siny/hydra_ws/install/pose_graph_tools_msgs/include/pose_graph_tools_msgs/pose_graph_tools_msgs/srv/detail/lcd_frame_registration__type_support.c
[0.354s] -- Up-to-date: /home/siny/hydra_ws/install/pose_graph_tools_msgs/include/pose_graph_tools_msgs/pose_graph_tools_msgs/srv/detail/vlc_frame_query__rosidl_typesupport_introspection_c.h
[0.354s] -- Up-to-date: /home/siny/hydra_ws/install/pose_graph_tools_msgs/include/pose_graph_tools_msgs/pose_graph_tools_msgs/srv/detail/pose_graph_query__rosidl_typesupport_introspection_c.h
[0.354s] -- Up-to-date: /home/siny/hydra_ws/install/pose_graph_tools_msgs/include/pose_graph_tools_msgs/pose_graph_tools_msgs/msg
[0.354s] -- Up-to-date: /home/siny/hydra_ws/install/pose_graph_tools_msgs/include/pose_graph_tools_msgs/pose_graph_tools_msgs/msg/detail
[0.354s] -- Up-to-date: /home/siny/hydra_ws/install/pose_graph_tools_msgs/include/pose_graph_tools_msgs/pose_graph_tools_msgs/msg/detail/pose_graph_edge__rosidl_typesupport_introspection_c.h
[0.354s] -- Up-to-date: /home/siny/hydra_ws/install/pose_graph_tools_msgs/include/pose_graph_tools_msgs/pose_graph_tools_msgs/msg/detail/bow_requests__rosidl_typesupport_introspection_c.h
[0.354s] -- Up-to-date: /home/siny/hydra_ws/install/pose_graph_tools_msgs/include/pose_graph_tools_msgs/pose_graph_tools_msgs/msg/detail/vlc_requests__rosidl_typesupport_introspection_c.h
[0.355s] -- Installing: /home/siny/hydra_ws/install/pose_graph_tools_msgs/include/pose_graph_tools_msgs/pose_graph_tools_msgs/msg/detail/time_range_query__type_support.c
[0.355s] -- Up-to-date: /home/siny/hydra_ws/install/pose_graph_tools_msgs/include/pose_graph_tools_msgs/pose_graph_tools_msgs/msg/detail/vlc_frames__rosidl_typesupport_introspection_c.h
[0.355s] -- Up-to-date: /home/siny/hydra_ws/install/pose_graph_tools_msgs/include/pose_graph_tools_msgs/pose_graph_tools_msgs/msg/detail/loop_closures__rosidl_typesupport_introspection_c.h
[0.355s] -- Up-to-date: /home/siny/hydra_ws/install/pose_graph_tools_msgs/include/pose_graph_tools_msgs/pose_graph_tools_msgs/msg/detail/pose_graph__rosidl_typesupport_introspection_c.h
[0.355s] -- Installing: /home/siny/hydra_ws/install/pose_graph_tools_msgs/include/pose_graph_tools_msgs/pose_graph_tools_msgs/msg/detail/vlc_frames__type_support.c
[0.355s] -- Installing: /home/siny/hydra_ws/install/pose_graph_tools_msgs/include/pose_graph_tools_msgs/pose_graph_tools_msgs/msg/detail/pose_graph_node__type_support.c
[0.355s] -- Installing: /home/siny/hydra_ws/install/pose_graph_tools_msgs/include/pose_graph_tools_msgs/pose_graph_tools_msgs/msg/detail/vlc_frame_msg__type_support.c
[0.356s] -- Up-to-date: /home/siny/hydra_ws/install/pose_graph_tools_msgs/include/pose_graph_tools_msgs/pose_graph_tools_msgs/msg/detail/bow_vector__rosidl_typesupport_introspection_c.h
[0.356s] -- Installing: /home/siny/hydra_ws/install/pose_graph_tools_msgs/include/pose_graph_tools_msgs/pose_graph_tools_msgs/msg/detail/loop_closures_ack__type_support.c
[0.356s] -- Up-to-date: /home/siny/hydra_ws/install/pose_graph_tools_msgs/include/pose_graph_tools_msgs/pose_graph_tools_msgs/msg/detail/bow_queries__rosidl_typesupport_introspection_c.h
[0.356s] -- Installing: /home/siny/hydra_ws/install/pose_graph_tools_msgs/include/pose_graph_tools_msgs/pose_graph_tools_msgs/msg/detail/bow_query__type_support.c
[0.356s] -- Up-to-date: /home/siny/hydra_ws/install/pose_graph_tools_msgs/include/pose_graph_tools_msgs/pose_graph_tools_msgs/msg/detail/vlc_frame_msg__rosidl_typesupport_introspection_c.h
[0.356s] -- Installing: /home/siny/hydra_ws/install/pose_graph_tools_msgs/include/pose_graph_tools_msgs/pose_graph_tools_msgs/msg/detail/vlc_requests__type_support.c
[0.356s] -- Installing: /home/siny/hydra_ws/install/pose_graph_tools_msgs/include/pose_graph_tools_msgs/pose_graph_tools_msgs/msg/detail/bow_queries__type_support.c
[0.356s] -- Installing: /home/siny/hydra_ws/install/pose_graph_tools_msgs/include/pose_graph_tools_msgs/pose_graph_tools_msgs/msg/detail/pose_graph_edge__type_support.c
[0.356s] -- Installing: /home/siny/hydra_ws/install/pose_graph_tools_msgs/include/pose_graph_tools_msgs/pose_graph_tools_msgs/msg/detail/loop_closures__type_support.c
[0.356s] -- Up-to-date: /home/siny/hydra_ws/install/pose_graph_tools_msgs/include/pose_graph_tools_msgs/pose_graph_tools_msgs/msg/detail/time_range_query__rosidl_typesupport_introspection_c.h
[0.357s] -- Up-to-date: /home/siny/hydra_ws/install/pose_graph_tools_msgs/include/pose_graph_tools_msgs/pose_graph_tools_msgs/msg/detail/pose_graph_node__rosidl_typesupport_introspection_c.h
[0.357s] -- Up-to-date: /home/siny/hydra_ws/install/pose_graph_tools_msgs/include/pose_graph_tools_msgs/pose_graph_tools_msgs/msg/detail/loop_closures_ack__rosidl_typesupport_introspection_c.h
[0.357s] -- Installing: /home/siny/hydra_ws/install/pose_graph_tools_msgs/include/pose_graph_tools_msgs/pose_graph_tools_msgs/msg/detail/bow_vector__type_support.c
[0.357s] -- Up-to-date: /home/siny/hydra_ws/install/pose_graph_tools_msgs/include/pose_graph_tools_msgs/pose_graph_tools_msgs/msg/detail/bow_query__rosidl_typesupport_introspection_c.h
[0.357s] -- Installing: /home/siny/hydra_ws/install/pose_graph_tools_msgs/include/pose_graph_tools_msgs/pose_graph_tools_msgs/msg/detail/bow_requests__type_support.c
[0.357s] -- Installing: /home/siny/hydra_ws/install/pose_graph_tools_msgs/include/pose_graph_tools_msgs/pose_graph_tools_msgs/msg/detail/pose_graph__type_support.c
[0.357s] -- Up-to-date: /home/siny/hydra_ws/install/pose_graph_tools_msgs/include/pose_graph_tools_msgs/pose_graph_tools_msgs/msg/rosidl_typesupport_introspection_c__visibility_control.h
[0.357s] -- Up-to-date: /home/siny/hydra_ws/install/pose_graph_tools_msgs/lib/libpose_graph_tools_msgs__rosidl_typesupport_introspection_c.so
[0.357s] -- Up-to-date: /home/siny/hydra_ws/install/pose_graph_tools_msgs/lib/libpose_graph_tools_msgs__rosidl_typesupport_c.so
[0.358s] -- Up-to-date: /home/siny/hydra_ws/install/pose_graph_tools_msgs/include/pose_graph_tools_msgs/pose_graph_tools_msgs
[0.358s] -- Up-to-date: /home/siny/hydra_ws/install/pose_graph_tools_msgs/include/pose_graph_tools_msgs/pose_graph_tools_msgs/srv
[0.358s] -- Up-to-date: /home/siny/hydra_ws/install/pose_graph_tools_msgs/include/pose_graph_tools_msgs/pose_graph_tools_msgs/srv/detail
[0.358s] -- Up-to-date: /home/siny/hydra_ws/install/pose_graph_tools_msgs/include/pose_graph_tools_msgs/pose_graph_tools_msgs/srv/detail/lcd_frame_registration__type_support.cpp
[0.358s] -- Up-to-date: /home/siny/hydra_ws/install/pose_graph_tools_msgs/include/pose_graph_tools_msgs/pose_graph_tools_msgs/srv/detail/pose_graph_query__type_support.cpp
[0.358s] -- Up-to-date: /home/siny/hydra_ws/install/pose_graph_tools_msgs/include/pose_graph_tools_msgs/pose_graph_tools_msgs/srv/detail/vlc_frame_query__type_support.cpp
[0.358s] -- Up-to-date: /home/siny/hydra_ws/install/pose_graph_tools_msgs/include/pose_graph_tools_msgs/pose_graph_tools_msgs/srv/detail/lcd_frame_registration__rosidl_typesupport_introspection_cpp.hpp
[0.358s] -- Up-to-date: /home/siny/hydra_ws/install/pose_graph_tools_msgs/include/pose_graph_tools_msgs/pose_graph_tools_msgs/srv/detail/vlc_frame_query__rosidl_typesupport_introspection_cpp.hpp
[0.358s] -- Up-to-date: /home/siny/hydra_ws/install/pose_graph_tools_msgs/include/pose_graph_tools_msgs/pose_graph_tools_msgs/srv/detail/pose_graph_query__rosidl_typesupport_introspection_cpp.hpp
[0.358s] -- Up-to-date: /home/siny/hydra_ws/install/pose_graph_tools_msgs/include/pose_graph_tools_msgs/pose_graph_tools_msgs/msg
[0.358s] -- Up-to-date: /home/siny/hydra_ws/install/pose_graph_tools_msgs/include/pose_graph_tools_msgs/pose_graph_tools_msgs/msg/detail
[0.358s] -- Up-to-date: /home/siny/hydra_ws/install/pose_graph_tools_msgs/include/pose_graph_tools_msgs/pose_graph_tools_msgs/msg/detail/loop_closures__rosidl_typesupport_introspection_cpp.hpp
[0.358s] -- Up-to-date: /home/siny/hydra_ws/install/pose_graph_tools_msgs/include/pose_graph_tools_msgs/pose_graph_tools_msgs/msg/detail/vlc_frame_msg__rosidl_typesupport_introspection_cpp.hpp
[0.359s] -- Up-to-date: /home/siny/hydra_ws/install/pose_graph_tools_msgs/include/pose_graph_tools_msgs/pose_graph_tools_msgs/msg/detail/bow_requests__rosidl_typesupport_introspection_cpp.hpp
[0.359s] -- Up-to-date: /home/siny/hydra_ws/install/pose_graph_tools_msgs/include/pose_graph_tools_msgs/pose_graph_tools_msgs/msg/detail/loop_closures_ack__type_support.cpp
[0.359s] -- Up-to-date: /home/siny/hydra_ws/install/pose_graph_tools_msgs/include/pose_graph_tools_msgs/pose_graph_tools_msgs/msg/detail/time_range_query__type_support.cpp
[0.359s] -- Up-to-date: /home/siny/hydra_ws/install/pose_graph_tools_msgs/include/pose_graph_tools_msgs/pose_graph_tools_msgs/msg/detail/pose_graph__type_support.cpp
[0.359s] -- Up-to-date: /home/siny/hydra_ws/install/pose_graph_tools_msgs/include/pose_graph_tools_msgs/pose_graph_tools_msgs/msg/detail/vlc_frames__rosidl_typesupport_introspection_cpp.hpp
[0.359s] -- Up-to-date: /home/siny/hydra_ws/install/pose_graph_tools_msgs/include/pose_graph_tools_msgs/pose_graph_tools_msgs/msg/detail/vlc_frame_msg__type_support.cpp
[0.359s] -- Up-to-date: /home/siny/hydra_ws/install/pose_graph_tools_msgs/include/pose_graph_tools_msgs/pose_graph_tools_msgs/msg/detail/pose_graph_edge__rosidl_typesupport_introspection_cpp.hpp
[0.359s] -- Up-to-date: /home/siny/hydra_ws/install/pose_graph_tools_msgs/include/pose_graph_tools_msgs/pose_graph_tools_msgs/msg/detail/bow_vector__type_support.cpp
[0.359s] -- Up-to-date: /home/siny/hydra_ws/install/pose_graph_tools_msgs/include/pose_graph_tools_msgs/pose_graph_tools_msgs/msg/detail/vlc_frames__type_support.cpp
[0.359s] -- Up-to-date: /home/siny/hydra_ws/install/pose_graph_tools_msgs/include/pose_graph_tools_msgs/pose_graph_tools_msgs/msg/detail/pose_graph__rosidl_typesupport_introspection_cpp.hpp
[0.359s] -- Up-to-date: /home/siny/hydra_ws/install/pose_graph_tools_msgs/include/pose_graph_tools_msgs/pose_graph_tools_msgs/msg/detail/bow_vector__rosidl_typesupport_introspection_cpp.hpp
[0.359s] -- Up-to-date: /home/siny/hydra_ws/install/pose_graph_tools_msgs/include/pose_graph_tools_msgs/pose_graph_tools_msgs/msg/detail/vlc_requests__type_support.cpp
[0.359s] -- Up-to-date: /home/siny/hydra_ws/install/pose_graph_tools_msgs/include/pose_graph_tools_msgs/pose_graph_tools_msgs/msg/detail/bow_requests__type_support.cpp
[0.359s] -- Up-to-date: /home/siny/hydra_ws/install/pose_graph_tools_msgs/include/pose_graph_tools_msgs/pose_graph_tools_msgs/msg/detail/loop_closures__type_support.cpp
[0.359s] -- Up-to-date: /home/siny/hydra_ws/install/pose_graph_tools_msgs/include/pose_graph_tools_msgs/pose_graph_tools_msgs/msg/detail/bow_queries__type_support.cpp
[0.359s] -- Up-to-date: /home/siny/hydra_ws/install/pose_graph_tools_msgs/include/pose_graph_tools_msgs/pose_graph_tools_msgs/msg/detail/pose_graph_node__type_support.cpp
[0.359s] -- Up-to-date: /home/siny/hydra_ws/install/pose_graph_tools_msgs/include/pose_graph_tools_msgs/pose_graph_tools_msgs/msg/detail/bow_queries__rosidl_typesupport_introspection_cpp.hpp
[0.359s] -- Up-to-date: /home/siny/hydra_ws/install/pose_graph_tools_msgs/include/pose_graph_tools_msgs/pose_graph_tools_msgs/msg/detail/vlc_requests__rosidl_typesupport_introspection_cpp.hpp
[0.359s] -- Up-to-date: /home/siny/hydra_ws/install/pose_graph_tools_msgs/include/pose_graph_tools_msgs/pose_graph_tools_msgs/msg/detail/bow_query__rosidl_typesupport_introspection_cpp.hpp
[0.359s] -- Up-to-date: /home/siny/hydra_ws/install/pose_graph_tools_msgs/include/pose_graph_tools_msgs/pose_graph_tools_msgs/msg/detail/time_range_query__rosidl_typesupport_introspection_cpp.hpp
[0.359s] -- Up-to-date: /home/siny/hydra_ws/install/pose_graph_tools_msgs/include/pose_graph_tools_msgs/pose_graph_tools_msgs/msg/detail/loop_closures_ack__rosidl_typesupport_introspection_cpp.hpp
[0.359s] -- Up-to-date: /home/siny/hydra_ws/install/pose_graph_tools_msgs/include/pose_graph_tools_msgs/pose_graph_tools_msgs/msg/detail/pose_graph_edge__type_support.cpp
[0.359s] -- Up-to-date: /home/siny/hydra_ws/install/pose_graph_tools_msgs/include/pose_graph_tools_msgs/pose_graph_tools_msgs/msg/detail/pose_graph_node__rosidl_typesupport_introspection_cpp.hpp
[0.360s] -- Up-to-date: /home/siny/hydra_ws/install/pose_graph_tools_msgs/include/pose_graph_tools_msgs/pose_graph_tools_msgs/msg/detail/bow_query__type_support.cpp
[0.360s] -- Up-to-date: /home/siny/hydra_ws/install/pose_graph_tools_msgs/lib/libpose_graph_tools_msgs__rosidl_typesupport_introspection_cpp.so
[0.360s] -- Up-to-date: /home/siny/hydra_ws/install/pose_graph_tools_msgs/lib/libpose_graph_tools_msgs__rosidl_typesupport_cpp.so
[0.360s] -- Up-to-date: /home/siny/hydra_ws/install/pose_graph_tools_msgs/share/pose_graph_tools_msgs/environment/pythonpath.sh
[0.360s] -- Up-to-date: /home/siny/hydra_ws/install/pose_graph_tools_msgs/share/pose_graph_tools_msgs/environment/pythonpath.dsv
[0.360s] -- Up-to-date: /home/siny/hydra_ws/install/pose_graph_tools_msgs/lib/python3.12/site-packages/pose_graph_tools_msgs-1.0.0-py3.12.egg-info
[0.360s] -- Installing: /home/siny/hydra_ws/install/pose_graph_tools_msgs/lib/python3.12/site-packages/pose_graph_tools_msgs-1.0.0-py3.12.egg-info/top_level.txt
[0.361s] -- Installing: /home/siny/hydra_ws/install/pose_graph_tools_msgs/lib/python3.12/site-packages/pose_graph_tools_msgs-1.0.0-py3.12.egg-info/PKG-INFO
[0.361s] -- Installing: /home/siny/hydra_ws/install/pose_graph_tools_msgs/lib/python3.12/site-packages/pose_graph_tools_msgs-1.0.0-py3.12.egg-info/SOURCES.txt
[0.361s] -- Installing: /home/siny/hydra_ws/install/pose_graph_tools_msgs/lib/python3.12/site-packages/pose_graph_tools_msgs-1.0.0-py3.12.egg-info/dependency_links.txt
[0.361s] -- Up-to-date: /home/siny/hydra_ws/install/pose_graph_tools_msgs/lib/python3.12/site-packages/pose_graph_tools_msgs
[0.361s] -- Up-to-date: /home/siny/hydra_ws/install/pose_graph_tools_msgs/lib/python3.12/site-packages/pose_graph_tools_msgs/pose_graph_tools_msgs_s__rosidl_typesupport_fastrtps_c.so
[0.361s] -- Up-to-date: /home/siny/hydra_ws/install/pose_graph_tools_msgs/lib/python3.12/site-packages/pose_graph_tools_msgs/pose_graph_tools_msgs_s__rosidl_typesupport_c.so
[0.361s] -- Up-to-date: /home/siny/hydra_ws/install/pose_graph_tools_msgs/lib/python3.12/site-packages/pose_graph_tools_msgs/_pose_graph_tools_msgs_s.ep.rosidl_typesupport_introspection_c.c
[0.361s] -- Up-to-date: /home/siny/hydra_ws/install/pose_graph_tools_msgs/lib/python3.12/site-packages/pose_graph_tools_msgs/_pose_graph_tools_msgs_s.ep.rosidl_typesupport_c.c
[0.361s] -- Up-to-date: /home/siny/hydra_ws/install/pose_graph_tools_msgs/lib/python3.12/site-packages/pose_graph_tools_msgs/srv
[0.361s] -- Up-to-date: /home/siny/hydra_ws/install/pose_graph_tools_msgs/lib/python3.12/site-packages/pose_graph_tools_msgs/srv/_pose_graph_query.py
[0.361s] -- Up-to-date: /home/siny/hydra_ws/install/pose_graph_tools_msgs/lib/python3.12/site-packages/pose_graph_tools_msgs/srv/_lcd_frame_registration.py
[0.361s] -- Up-to-date: /home/siny/hydra_ws/install/pose_graph_tools_msgs/lib/python3.12/site-packages/pose_graph_tools_msgs/srv/_vlc_frame_query.py
[0.361s] -- Up-to-date: /home/siny/hydra_ws/install/pose_graph_tools_msgs/lib/python3.12/site-packages/pose_graph_tools_msgs/srv/_vlc_frame_query_s.c
[0.361s] -- Up-to-date: /home/siny/hydra_ws/install/pose_graph_tools_msgs/lib/python3.12/site-packages/pose_graph_tools_msgs/srv/_lcd_frame_registration_s.c
[0.361s] -- Up-to-date: /home/siny/hydra_ws/install/pose_graph_tools_msgs/lib/python3.12/site-packages/pose_graph_tools_msgs/srv/_pose_graph_query_s.c
[0.361s] -- Up-to-date: /home/siny/hydra_ws/install/pose_graph_tools_msgs/lib/python3.12/site-packages/pose_graph_tools_msgs/srv/__init__.py
[0.361s] -- Up-to-date: /home/siny/hydra_ws/install/pose_graph_tools_msgs/lib/python3.12/site-packages/pose_graph_tools_msgs/msg
[0.362s] -- Up-to-date: /home/siny/hydra_ws/install/pose_graph_tools_msgs/lib/python3.12/site-packages/pose_graph_tools_msgs/msg/_vlc_frames_s.c
[0.362s] -- Up-to-date: /home/siny/hydra_ws/install/pose_graph_tools_msgs/lib/python3.12/site-packages/pose_graph_tools_msgs/msg/_bow_vector.py
[0.362s] -- Up-to-date: /home/siny/hydra_ws/install/pose_graph_tools_msgs/lib/python3.12/site-packages/pose_graph_tools_msgs/msg/_time_range_query_s.c
[0.362s] -- Up-to-date: /home/siny/hydra_ws/install/pose_graph_tools_msgs/lib/python3.12/site-packages/pose_graph_tools_msgs/msg/_pose_graph_s.c
[0.362s] -- Up-to-date: /home/siny/hydra_ws/install/pose_graph_tools_msgs/lib/python3.12/site-packages/pose_graph_tools_msgs/msg/_bow_query_s.c
[0.362s] -- Up-to-date: /home/siny/hydra_ws/install/pose_graph_tools_msgs/lib/python3.12/site-packages/pose_graph_tools_msgs/msg/_vlc_frame_msg_s.c
[0.362s] -- Up-to-date: /home/siny/hydra_ws/install/pose_graph_tools_msgs/lib/python3.12/site-packages/pose_graph_tools_msgs/msg/_bow_vector_s.c
[0.362s] -- Up-to-date: /home/siny/hydra_ws/install/pose_graph_tools_msgs/lib/python3.12/site-packages/pose_graph_tools_msgs/msg/_vlc_frames.py
[0.362s] -- Up-to-date: /home/siny/hydra_ws/install/pose_graph_tools_msgs/lib/python3.12/site-packages/pose_graph_tools_msgs/msg/_pose_graph_node.py
[0.362s] -- Up-to-date: /home/siny/hydra_ws/install/pose_graph_tools_msgs/lib/python3.12/site-packages/pose_graph_tools_msgs/msg/_bow_queries.py
[0.362s] -- Up-to-date: /home/siny/hydra_ws/install/pose_graph_tools_msgs/lib/python3.12/site-packages/pose_graph_tools_msgs/msg/_vlc_frame_msg.py
[0.362s] -- Up-to-date: /home/siny/hydra_ws/install/pose_graph_tools_msgs/lib/python3.12/site-packages/pose_graph_tools_msgs/msg/_loop_closures_s.c
[0.362s] -- Up-to-date: /home/siny/hydra_ws/install/pose_graph_tools_msgs/lib/python3.12/site-packages/pose_graph_tools_msgs/msg/_time_range_query.py
[0.362s] -- Up-to-date: /home/siny/hydra_ws/install/pose_graph_tools_msgs/lib/python3.12/site-packages/pose_graph_tools_msgs/msg/_pose_graph_edge_s.c
[0.362s] -- Up-to-date: /home/siny/hydra_ws/install/pose_graph_tools_msgs/lib/python3.12/site-packages/pose_graph_tools_msgs/msg/_pose_graph_edge.py
[0.362s] -- Up-to-date: /home/siny/hydra_ws/install/pose_graph_tools_msgs/lib/python3.12/site-packages/pose_graph_tools_msgs/msg/_bow_requests.py
[0.362s] -- Up-to-date: /home/siny/hydra_ws/install/pose_graph_tools_msgs/lib/python3.12/site-packages/pose_graph_tools_msgs/msg/__init__.py
[0.362s] -- Up-to-date: /home/siny/hydra_ws/install/pose_graph_tools_msgs/lib/python3.12/site-packages/pose_graph_tools_msgs/msg/_bow_requests_s.c
[0.362s] -- Up-to-date: /home/siny/hydra_ws/install/pose_graph_tools_msgs/lib/python3.12/site-packages/pose_graph_tools_msgs/msg/_bow_query.py
[0.363s] -- Up-to-date: /home/siny/hydra_ws/install/pose_graph_tools_msgs/lib/python3.12/site-packages/pose_graph_tools_msgs/msg/_vlc_requests.py
[0.363s] -- Up-to-date: /home/siny/hydra_ws/install/pose_graph_tools_msgs/lib/python3.12/site-packages/pose_graph_tools_msgs/msg/_loop_closures_ack_s.c
[0.363s] -- Up-to-date: /home/siny/hydra_ws/install/pose_graph_tools_msgs/lib/python3.12/site-packages/pose_graph_tools_msgs/msg/_vlc_requests_s.c
[0.363s] -- Up-to-date: /home/siny/hydra_ws/install/pose_graph_tools_msgs/lib/python3.12/site-packages/pose_graph_tools_msgs/msg/_loop_closures_ack.py
[0.363s] -- Up-to-date: /home/siny/hydra_ws/install/pose_graph_tools_msgs/lib/python3.12/site-packages/pose_graph_tools_msgs/msg/_pose_graph_node_s.c
[0.363s] -- Up-to-date: /home/siny/hydra_ws/install/pose_graph_tools_msgs/lib/python3.12/site-packages/pose_graph_tools_msgs/msg/_bow_queries_s.c
[0.363s] -- Up-to-date: /home/siny/hydra_ws/install/pose_graph_tools_msgs/lib/python3.12/site-packages/pose_graph_tools_msgs/msg/_pose_graph.py
[0.363s] -- Up-to-date: /home/siny/hydra_ws/install/pose_graph_tools_msgs/lib/python3.12/site-packages/pose_graph_tools_msgs/msg/_loop_closures.py
[0.363s] -- Up-to-date: /home/siny/hydra_ws/install/pose_graph_tools_msgs/lib/python3.12/site-packages/pose_graph_tools_msgs/pose_graph_tools_msgs_s__rosidl_typesupport_introspection_c.so
[0.363s] -- Up-to-date: /home/siny/hydra_ws/install/pose_graph_tools_msgs/lib/python3.12/site-packages/pose_graph_tools_msgs/__init__.py
[0.363s] -- Up-to-date: /home/siny/hydra_ws/install/pose_graph_tools_msgs/lib/python3.12/site-packages/pose_graph_tools_msgs/_pose_graph_tools_msgs_s.ep.rosidl_typesupport_fastrtps_c.c
[0.366s] Listing '/home/siny/hydra_ws/install/pose_graph_tools_msgs/lib/python3.12/site-packages/pose_graph_tools_msgs'...
[0.366s] Listing '/home/siny/hydra_ws/install/pose_graph_tools_msgs/lib/python3.12/site-packages/pose_graph_tools_msgs/msg'...
[0.366s] Listing '/home/siny/hydra_ws/install/pose_graph_tools_msgs/lib/python3.12/site-packages/pose_graph_tools_msgs/srv'...
[0.366s] -- Up-to-date: /home/siny/hydra_ws/install/pose_graph_tools_msgs/lib/python3.12/site-packages/pose_graph_tools_msgs/pose_graph_tools_msgs_s__rosidl_typesupport_fastrtps_c.so
[0.366s] -- Up-to-date: /home/siny/hydra_ws/install/pose_graph_tools_msgs/lib/python3.12/site-packages/pose_graph_tools_msgs/pose_graph_tools_msgs_s__rosidl_typesupport_introspection_c.so
[0.366s] -- Up-to-date: /home/siny/hydra_ws/install/pose_graph_tools_msgs/lib/python3.12/site-packages/pose_graph_tools_msgs/pose_graph_tools_msgs_s__rosidl_typesupport_c.so
[0.366s] -- Up-to-date: /home/siny/hydra_ws/install/pose_graph_tools_msgs/lib/libpose_graph_tools_msgs__rosidl_generator_py.so
[0.366s] -- Up-to-date: /home/siny/hydra_ws/install/pose_graph_tools_msgs/share/pose_graph_tools_msgs/msg/BowQueries.idl
[0.366s] -- Up-to-date: /home/siny/hydra_ws/install/pose_graph_tools_msgs/share/pose_graph_tools_msgs/msg/BowQuery.idl
[0.366s] -- Up-to-date: /home/siny/hydra_ws/install/pose_graph_tools_msgs/share/pose_graph_tools_msgs/msg/BowRequests.idl
[0.366s] -- Up-to-date: /home/siny/hydra_ws/install/pose_graph_tools_msgs/share/pose_graph_tools_msgs/msg/BowVector.idl
[0.366s] -- Up-to-date: /home/siny/hydra_ws/install/pose_graph_tools_msgs/share/pose_graph_tools_msgs/msg/LoopClosures.idl
[0.366s] -- Up-to-date: /home/siny/hydra_ws/install/pose_graph_tools_msgs/share/pose_graph_tools_msgs/msg/LoopClosuresAck.idl
[0.366s] -- Up-to-date: /home/siny/hydra_ws/install/pose_graph_tools_msgs/share/pose_graph_tools_msgs/msg/PoseGraph.idl
[0.366s] -- Up-to-date: /home/siny/hydra_ws/install/pose_graph_tools_msgs/share/pose_graph_tools_msgs/msg/PoseGraphEdge.idl
[0.366s] -- Up-to-date: /home/siny/hydra_ws/install/pose_graph_tools_msgs/share/pose_graph_tools_msgs/msg/PoseGraphNode.idl
[0.366s] -- Up-to-date: /home/siny/hydra_ws/install/pose_graph_tools_msgs/share/pose_graph_tools_msgs/msg/TimeRangeQuery.idl
[0.367s] -- Up-to-date: /home/siny/hydra_ws/install/pose_graph_tools_msgs/share/pose_graph_tools_msgs/msg/VLCFrameMsg.idl
[0.367s] -- Up-to-date: /home/siny/hydra_ws/install/pose_graph_tools_msgs/share/pose_graph_tools_msgs/msg/VLCFrames.idl
[0.367s] -- Up-to-date: /home/siny/hydra_ws/install/pose_graph_tools_msgs/share/pose_graph_tools_msgs/msg/VLCRequests.idl
[0.367s] -- Up-to-date: /home/siny/hydra_ws/install/pose_graph_tools_msgs/share/pose_graph_tools_msgs/srv/LcdFrameRegistration.idl
[0.367s] -- Up-to-date: /home/siny/hydra_ws/install/pose_graph_tools_msgs/share/pose_graph_tools_msgs/srv/PoseGraphQuery.idl
[0.367s] -- Up-to-date: /home/siny/hydra_ws/install/pose_graph_tools_msgs/share/pose_graph_tools_msgs/srv/VLCFrameQuery.idl
[0.367s] -- Up-to-date: /home/siny/hydra_ws/install/pose_graph_tools_msgs/share/pose_graph_tools_msgs/msg/BowQueries.msg
[0.367s] -- Up-to-date: /home/siny/hydra_ws/install/pose_graph_tools_msgs/share/pose_graph_tools_msgs/msg/BowQuery.msg
[0.367s] -- Up-to-date: /home/siny/hydra_ws/install/pose_graph_tools_msgs/share/pose_graph_tools_msgs/msg/BowRequests.msg
[0.367s] -- Up-to-date: /home/siny/hydra_ws/install/pose_graph_tools_msgs/share/pose_graph_tools_msgs/msg/BowVector.msg
[0.367s] -- Up-to-date: /home/siny/hydra_ws/install/pose_graph_tools_msgs/share/pose_graph_tools_msgs/msg/LoopClosures.msg
[0.367s] -- Up-to-date: /home/siny/hydra_ws/install/pose_graph_tools_msgs/share/pose_graph_tools_msgs/msg/LoopClosuresAck.msg
[0.367s] -- Up-to-date: /home/siny/hydra_ws/install/pose_graph_tools_msgs/share/pose_graph_tools_msgs/msg/PoseGraph.msg
[0.367s] -- Up-to-date: /home/siny/hydra_ws/install/pose_graph_tools_msgs/share/pose_graph_tools_msgs/msg/PoseGraphEdge.msg
[0.367s] -- Up-to-date: /home/siny/hydra_ws/install/pose_graph_tools_msgs/share/pose_graph_tools_msgs/msg/PoseGraphNode.msg
[0.367s] -- Up-to-date: /home/siny/hydra_ws/install/pose_graph_tools_msgs/share/pose_graph_tools_msgs/msg/TimeRangeQuery.msg
[0.367s] -- Up-to-date: /home/siny/hydra_ws/install/pose_graph_tools_msgs/share/pose_graph_tools_msgs/msg/VLCFrameMsg.msg
[0.367s] -- Up-to-date: /home/siny/hydra_ws/install/pose_graph_tools_msgs/share/pose_graph_tools_msgs/msg/VLCFrames.msg
[0.367s] -- Up-to-date: /home/siny/hydra_ws/install/pose_graph_tools_msgs/share/pose_graph_tools_msgs/msg/VLCRequests.msg
[0.367s] -- Up-to-date: /home/siny/hydra_ws/install/pose_graph_tools_msgs/share/pose_graph_tools_msgs/srv/LcdFrameRegistration.srv
[0.367s] -- Up-to-date: /home/siny/hydra_ws/install/pose_graph_tools_msgs/share/pose_graph_tools_msgs/srv/PoseGraphQuery.srv
[0.367s] -- Up-to-date: /home/siny/hydra_ws/install/pose_graph_tools_msgs/share/pose_graph_tools_msgs/srv/VLCFrameQuery.srv
[0.367s] -- Up-to-date: /home/siny/hydra_ws/install/pose_graph_tools_msgs/share/ament_index/resource_index/package_run_dependencies/pose_graph_tools_msgs
[0.367s] -- Up-to-date: /home/siny/hydra_ws/install/pose_graph_tools_msgs/share/ament_index/resource_index/parent_prefix_path/pose_graph_tools_msgs
[0.367s] -- Up-to-date: /home/siny/hydra_ws/install/pose_graph_tools_msgs/share/pose_graph_tools_msgs/environment/ament_prefix_path.sh
[0.367s] -- Up-to-date: /home/siny/hydra_ws/install/pose_graph_tools_msgs/share/pose_graph_tools_msgs/environment/ament_prefix_path.dsv
[0.367s] -- Up-to-date: /home/siny/hydra_ws/install/pose_graph_tools_msgs/share/pose_graph_tools_msgs/environment/path.sh
[0.368s] -- Up-to-date: /home/siny/hydra_ws/install/pose_graph_tools_msgs/share/pose_graph_tools_msgs/environment/path.dsv
[0.368s] -- Up-to-date: /home/siny/hydra_ws/install/pose_graph_tools_msgs/share/pose_graph_tools_msgs/local_setup.bash
[0.368s] -- Up-to-date: /home/siny/hydra_ws/install/pose_graph_tools_msgs/share/pose_graph_tools_msgs/local_setup.sh
[0.368s] -- Up-to-date: /home/siny/hydra_ws/install/pose_graph_tools_msgs/share/pose_graph_tools_msgs/local_setup.zsh
[0.368s] -- Up-to-date: /home/siny/hydra_ws/install/pose_graph_tools_msgs/share/pose_graph_tools_msgs/local_setup.dsv
[0.368s] -- Installing: /home/siny/hydra_ws/install/pose_graph_tools_msgs/share/pose_graph_tools_msgs/package.dsv
[0.368s] -- Up-to-date: /home/siny/hydra_ws/install/pose_graph_tools_msgs/share/ament_index/resource_index/packages/pose_graph_tools_msgs
[0.368s] -- Up-to-date: /home/siny/hydra_ws/install/pose_graph_tools_msgs/share/pose_graph_tools_msgs/cmake/export_pose_graph_tools_msgs__rosidl_generator_cExport.cmake
[0.368s] -- Up-to-date: /home/siny/hydra_ws/install/pose_graph_tools_msgs/share/pose_graph_tools_msgs/cmake/export_pose_graph_tools_msgs__rosidl_generator_cExport-release.cmake
[0.368s] -- Up-to-date: /home/siny/hydra_ws/install/pose_graph_tools_msgs/share/pose_graph_tools_msgs/cmake/export_pose_graph_tools_msgs__rosidl_typesupport_fastrtps_cExport.cmake
[0.368s] -- Up-to-date: /home/siny/hydra_ws/install/pose_graph_tools_msgs/share/pose_graph_tools_msgs/cmake/export_pose_graph_tools_msgs__rosidl_typesupport_fastrtps_cExport-release.cmake
[0.368s] -- Up-to-date: /home/siny/hydra_ws/install/pose_graph_tools_msgs/share/pose_graph_tools_msgs/cmake/export_pose_graph_tools_msgs__rosidl_generator_cppExport.cmake
[0.368s] -- Up-to-date: /home/siny/hydra_ws/install/pose_graph_tools_msgs/share/pose_graph_tools_msgs/cmake/export_pose_graph_tools_msgs__rosidl_typesupport_fastrtps_cppExport.cmake
[0.368s] -- Up-to-date: /home/siny/hydra_ws/install/pose_graph_tools_msgs/share/pose_graph_tools_msgs/cmake/export_pose_graph_tools_msgs__rosidl_typesupport_fastrtps_cppExport-release.cmake
[0.368s] -- Up-to-date: /home/siny/hydra_ws/install/pose_graph_tools_msgs/share/pose_graph_tools_msgs/cmake/pose_graph_tools_msgs__rosidl_typesupport_introspection_cExport.cmake
[0.368s] -- Up-to-date: /home/siny/hydra_ws/install/pose_graph_tools_msgs/share/pose_graph_tools_msgs/cmake/pose_graph_tools_msgs__rosidl_typesupport_introspection_cExport-release.cmake
[0.368s] -- Up-to-date: /home/siny/hydra_ws/install/pose_graph_tools_msgs/share/pose_graph_tools_msgs/cmake/pose_graph_tools_msgs__rosidl_typesupport_cExport.cmake
[0.368s] -- Up-to-date: /home/siny/hydra_ws/install/pose_graph_tools_msgs/share/pose_graph_tools_msgs/cmake/pose_graph_tools_msgs__rosidl_typesupport_cExport-release.cmake
[0.368s] -- Up-to-date: /home/siny/hydra_ws/install/pose_graph_tools_msgs/share/pose_graph_tools_msgs/cmake/pose_graph_tools_msgs__rosidl_typesupport_introspection_cppExport.cmake
[0.368s] -- Up-to-date: /home/siny/hydra_ws/install/pose_graph_tools_msgs/share/pose_graph_tools_msgs/cmake/pose_graph_tools_msgs__rosidl_typesupport_introspection_cppExport-release.cmake
[0.368s] -- Up-to-date: /home/siny/hydra_ws/install/pose_graph_tools_msgs/share/pose_graph_tools_msgs/cmake/pose_graph_tools_msgs__rosidl_typesupport_cppExport.cmake
[0.368s] -- Up-to-date: /home/siny/hydra_ws/install/pose_graph_tools_msgs/share/pose_graph_tools_msgs/cmake/pose_graph_tools_msgs__rosidl_typesupport_cppExport-release.cmake
[0.368s] -- Up-to-date: /home/siny/hydra_ws/install/pose_graph_tools_msgs/share/pose_graph_tools_msgs/cmake/export_pose_graph_tools_msgs__rosidl_generator_pyExport.cmake
[0.368s] -- Up-to-date: /home/siny/hydra_ws/install/pose_graph_tools_msgs/share/pose_graph_tools_msgs/cmake/export_pose_graph_tools_msgs__rosidl_generator_pyExport-release.cmake
[0.368s] -- Up-to-date: /home/siny/hydra_ws/install/pose_graph_tools_msgs/share/pose_graph_tools_msgs/cmake/rosidl_cmake-extras.cmake
[0.368s] -- Up-to-date: /home/siny/hydra_ws/install/pose_graph_tools_msgs/share/pose_graph_tools_msgs/cmake/ament_cmake_export_dependencies-extras.cmake
[0.368s] -- Up-to-date: /home/siny/hydra_ws/install/pose_graph_tools_msgs/share/pose_graph_tools_msgs/cmake/ament_cmake_export_include_directories-extras.cmake
[0.368s] -- Up-to-date: /home/siny/hydra_ws/install/pose_graph_tools_msgs/share/pose_graph_tools_msgs/cmake/ament_cmake_export_libraries-extras.cmake
[0.368s] -- Up-to-date: /home/siny/hydra_ws/install/pose_graph_tools_msgs/share/pose_graph_tools_msgs/cmake/ament_cmake_export_targets-extras.cmake
[0.368s] -- Up-to-date: /home/siny/hydra_ws/install/pose_graph_tools_msgs/share/pose_graph_tools_msgs/cmake/rosidl_cmake_export_typesupport_targets-extras.cmake
[0.368s] -- Up-to-date: /home/siny/hydra_ws/install/pose_graph_tools_msgs/share/pose_graph_tools_msgs/cmake/rosidl_cmake_export_typesupport_libraries-extras.cmake
[0.368s] -- Up-to-date: /home/siny/hydra_ws/install/pose_graph_tools_msgs/share/pose_graph_tools_msgs/cmake/pose_graph_tools_msgsConfig.cmake
[0.368s] -- Up-to-date: /home/siny/hydra_ws/install/pose_graph_tools_msgs/share/pose_graph_tools_msgs/cmake/pose_graph_tools_msgsConfig-version.cmake
[0.368s] -- Up-to-date: /home/siny/hydra_ws/install/pose_graph_tools_msgs/share/pose_graph_tools_msgs/package.xml
[0.374s] Invoked command in '/home/siny/hydra_ws/build/pose_graph_tools_msgs' returned '0': CMAKE_PREFIX_PATH=${CMAKE_PREFIX_PATH}:/opt/ros/jazzy DEBUGINFOD_URLS=https://debuginfod.ubuntu.com /usr/bin/cmake --install /home/siny/hydra_ws/build/pose_graph_tools_msgs
