-- The C compiler identification is GNU 13.3.0
-- The CXX compiler identification is GNU 13.3.0
-- Detecting C compiler ABI info
-- Detecting C compiler ABI info - done
-- Check for working C compiler: /usr/bin/cc - skipped
-- Detecting C compile features
-- Detecting C compile features - done
-- Detecting CXX compiler ABI info
-- Detecting CXX compiler ABI info - done
-- Check for working CXX compiler: /usr/bin/c++ - skipped
-- Detecting CXX compile features
-- Detecting CXX compile features - done
-- Found Boost: /usr/lib/aarch64-linux-gnu/cmake/Boost-1.83.0/BoostConfig.cmake (found suitable version "1.83.0", minimum required is "1.65") found components: serialization system filesystem thread program_options date_time timer chrono regex 
-- GTSAM include directory:  /opt/ros/jazzy/lib/cmake/GTSAM/../../../include
-- Found nlohmann_json: /usr/share/cmake/nlohmann_json/nlohmann_jsonConfig.cmake (found version "3.11.3") 
-- GTSAM include directory:  /opt/ros/jazzy/lib/cmake/GTSAM/../../../include
-- Found PkgConfig: /usr/bin/pkg-config (found version "1.8.1") 
-- Checking for module 'libglog'
--   Found libglog, version 0.6.0
-- Found Boost: /usr/lib/aarch64-linux-gnu/cmake/Boost-1.83.0/BoostConfig.cmake (found suitable version "1.83.0", minimum required is "1.65.0") found components: system filesystem iostreams serialization 
-- Found flann version 1.9.2
-- looking for PCL_COMMON
-- Found PCL_COMMON: /usr/lib/aarch64-linux-gnu/libpcl_common.so  
-- looking for PCL_GEOMETRY
-- Found PCL_GEOMETRY: /usr/include/pcl-1.14  
-- looking for PCL_KDTREE
-- Found PCL_KDTREE: /usr/lib/aarch64-linux-gnu/libpcl_kdtree.so  
-- looking for PCL_OCTREE
-- Found PCL_OCTREE: /usr/lib/aarch64-linux-gnu/libpcl_octree.so  
-- Found PCL: pcl_common;pcl_kdtree;pcl_octree;Boost::system;Boost::filesystem;Boost::iostreams;Boost::serialization;FLANN::FLANN  
-- Found GTest: /usr/lib/aarch64-linux-gnu/cmake/GTest/GTestConfig.cmake (found version "1.14.0")  
-- Configuring done (0.6s)
-- Generating done (0.0s)
-- Build files have been written to: /home/siny/hydra_ws/build/kimera_pgmo
[  2%] [32mBuilding CXX object CMakeFiles/kimera_pgmo.dir/src/compression/delta_compression.cpp.o[0m
[  7%] [32mBuilding CXX object CMakeFiles/kimera_pgmo.dir/src/compression/voxel_clearing_compression.cpp.o[0m
[  7%] [32mBuilding CXX object CMakeFiles/kimera_pgmo.dir/src/utils/common_structs.cpp.o[0m
[  9%] [32mBuilding CXX object CMakeFiles/kimera_pgmo.dir/src/compression/block_compression.cpp.o[0m
[ 11%] [32mBuilding CXX object CMakeFiles/kimera_pgmo.dir/src/compression/mesh_compression.cpp.o[0m
[ 16%] [32mBuilding CXX object CMakeFiles/kimera_pgmo.dir/src/compression/octree_compression.cpp.o[0m
[ 16%] [32mBuilding CXX object CMakeFiles/kimera_pgmo.dir/src/utils/common_functions.cpp.o[0m
[ 19%] [32mBuilding CXX object CMakeFiles/kimera_pgmo.dir/src/compression/redundancy_checker.cpp.o[0m
[ 21%] [32mBuilding CXX object CMakeFiles/kimera_pgmo.dir/src/sparse_keyframe.cpp.o[0m
[ 26%] [32mBuilding CXX object CMakeFiles/kimera_pgmo.dir/src/kimera_pgmo_interface.cpp.o[0m
[ 26%] [32mBuilding CXX object CMakeFiles/kimera_pgmo.dir/src/mesh_traits.cpp.o[0m
[ 28%] [32mBuilding CXX object CMakeFiles/kimera_pgmo.dir/src/mesh_frontend_interface.cpp.o[0m
[ 30%] [32mBuilding CXX object CMakeFiles/kimera_pgmo.dir/src/mesh_delta.cpp.o[0m
[ 38%] [32mBuilding CXX object CMakeFiles/kimera_pgmo.dir/src/mesh_deformation.cpp.o[0m
[ 38%] [32mBuilding CXX object CMakeFiles/kimera_pgmo.dir/src/deformation_graph_io.cpp.o[0m
[ 38%] [32mBuilding CXX object CMakeFiles/kimera_pgmo.dir/src/deformation_graph.cpp.o[0m
[ 40%] [32mBuilding CXX object CMakeFiles/kimera_pgmo.dir/src/utils/range_generator.cpp.o[0m
[ 45%] [32mBuilding CXX object CMakeFiles/kimera_pgmo.dir/src/utils/mesh_io.cpp.o[0m
[ 45%] [32mBuilding CXX object CMakeFiles/kimera_pgmo.dir/src/optimizer/kimera_rpgo_optimizer.cpp.o[0m
[ 47%] [32mBuilding CXX object CMakeFiles/kimera_pgmo.dir/src/utils/logging.cpp.o[0m
[ 50%] [32m[1mLinking CXX shared library libkimera_pgmo.so[0m
[ 50%] Built target kimera_pgmo
[ 52%] [32mBuilding CXX object CMakeFiles/offline_deformation.dir/app/offline_deformation.cpp.o[0m
[ 54%] [32mBuilding CXX object CMakeFiles/mesh_trajectory_deformer.dir/app/mesh_trajectory_deformer.cpp.o[0m
[ 57%] [32mBuilding CXX object test/CMakeFiles/test_kimera_pgmo.dir/pgmo_unit_tests.cpp.o[0m
[ 59%] [32mBuilding CXX object test/CMakeFiles/test_kimera_pgmo.dir/pgmo_fixtures.cpp.o[0m
[ 61%] [32mBuilding CXX object test/CMakeFiles/test_kimera_pgmo.dir/test_deformation_graph.cpp.o[0m
[ 66%] [32mBuilding CXX object test/CMakeFiles/test_kimera_pgmo.dir/test_common_functions.cpp.o[0m
[ 66%] [32mBuilding CXX object test/CMakeFiles/test_kimera_pgmo.dir/test_common_structs.cpp.o[0m
[ 69%] [32mBuilding CXX object test/CMakeFiles/test_kimera_pgmo.dir/test_deformation_edge_factor.cpp.o[0m
[ 71%] [32mBuilding CXX object test/CMakeFiles/test_kimera_pgmo.dir/test_delta_compression.cpp.o[0m
[ 73%] [32mBuilding CXX object test/CMakeFiles/test_kimera_pgmo.dir/test_voxel_clearing_compression.cpp.o[0m
[ 76%] [32mBuilding CXX object test/CMakeFiles/test_kimera_pgmo.dir/test_mesh_frontend_interface.cpp.o[0m
[ 78%] [32mBuilding CXX object test/CMakeFiles/test_kimera_pgmo.dir/test_mesh_io.cpp.o[0m
[ 80%] [32mBuilding CXX object test/CMakeFiles/test_kimera_pgmo.dir/test_block_compression.cpp.o[0m
[ 83%] [32mBuilding CXX object test/CMakeFiles/test_kimera_pgmo.dir/test_octree_compression.cpp.o[0m
[ 85%] [32mBuilding CXX object test/CMakeFiles/test_kimera_pgmo.dir/test_traits.cpp.o[0m
[ 88%] [32m[1mLinking CXX executable mesh_trajectory_deformer[0m
[ 88%] Built target mesh_trajectory_deformer
[ 90%] [32m[1mLinking CXX executable offline_deformation[0m
[ 90%] Built target offline_deformation
[ 92%] [32mBuilding CXX object test/CMakeFiles/test_kimera_pgmo.dir/test_mesh_delta.cpp.o[0m
[ 95%] [32mBuilding CXX object test/CMakeFiles/test_kimera_pgmo.dir/test_mesh_deformation.cpp.o[0m
[ 97%] [32mBuilding CXX object test/CMakeFiles/test_kimera_pgmo.dir/test_graph.cpp.o[0m
[100%] [32m[1mLinking CXX executable test_kimera_pgmo[0m
[100%] Built target test_kimera_pgmo
-- Install configuration: "Release"
-- Installing: /home/siny/hydra_ws/install/kimera_pgmo/lib/libkimera_pgmo.so
-- Set non-toolchain portion of runtime path of "/home/siny/hydra_ws/install/kimera_pgmo/lib/libkimera_pgmo.so" to ""
-- Installing: /home/siny/hydra_ws/install/kimera_pgmo/bin/mesh_trajectory_deformer
-- Set non-toolchain portion of runtime path of "/home/siny/hydra_ws/install/kimera_pgmo/bin/mesh_trajectory_deformer" to ""
-- Installing: /home/siny/hydra_ws/install/kimera_pgmo/include
-- Installing: /home/siny/hydra_ws/install/kimera_pgmo/include/kimera_pgmo
-- Installing: /home/siny/hydra_ws/install/kimera_pgmo/include/kimera_pgmo/pcl_mesh_traits.h
-- Installing: /home/siny/hydra_ws/install/kimera_pgmo/include/kimera_pgmo/compression
-- Installing: /home/siny/hydra_ws/install/kimera_pgmo/include/kimera_pgmo/compression/mesh_compression.h
-- Installing: /home/siny/hydra_ws/install/kimera_pgmo/include/kimera_pgmo/compression/voxel_clearing_compression.h
-- Installing: /home/siny/hydra_ws/install/kimera_pgmo/include/kimera_pgmo/compression/octree_compression.h
-- Installing: /home/siny/hydra_ws/install/kimera_pgmo/include/kimera_pgmo/compression/block_compression.h
-- Installing: /home/siny/hydra_ws/install/kimera_pgmo/include/kimera_pgmo/compression/delta_compression.h
-- Installing: /home/siny/hydra_ws/install/kimera_pgmo/include/kimera_pgmo/compression/redundancy_checker.h
-- Installing: /home/siny/hydra_ws/install/kimera_pgmo/include/kimera_pgmo/mesh_frontend_interface.h
-- Installing: /home/siny/hydra_ws/install/kimera_pgmo/include/kimera_pgmo/hashing.h
-- Installing: /home/siny/hydra_ws/install/kimera_pgmo/include/kimera_pgmo/mesh_deformation.h
-- Installing: /home/siny/hydra_ws/install/kimera_pgmo/include/kimera_pgmo/deformation_graph.h
-- Installing: /home/siny/hydra_ws/install/kimera_pgmo/include/kimera_pgmo/utils
-- Installing: /home/siny/hydra_ws/install/kimera_pgmo/include/kimera_pgmo/utils/common_functions.h
-- Installing: /home/siny/hydra_ws/install/kimera_pgmo/include/kimera_pgmo/utils/pcl_mesh_interface.h
-- Installing: /home/siny/hydra_ws/install/kimera_pgmo/include/kimera_pgmo/utils/range_generator.h
-- Installing: /home/siny/hydra_ws/install/kimera_pgmo/include/kimera_pgmo/utils/mesh_io.h
-- Installing: /home/siny/hydra_ws/install/kimera_pgmo/include/kimera_pgmo/utils/mesh_interface.h
-- Installing: /home/siny/hydra_ws/install/kimera_pgmo/include/kimera_pgmo/utils/logging.h
-- Installing: /home/siny/hydra_ws/install/kimera_pgmo/include/kimera_pgmo/utils/common_structs.h
-- Installing: /home/siny/hydra_ws/install/kimera_pgmo/include/kimera_pgmo/utils/happly
-- Installing: /home/siny/hydra_ws/install/kimera_pgmo/include/kimera_pgmo/utils/happly/README.md
-- Installing: /home/siny/hydra_ws/install/kimera_pgmo/include/kimera_pgmo/utils/happly/.gitignore
-- Installing: /home/siny/hydra_ws/install/kimera_pgmo/include/kimera_pgmo/utils/happly/happly.h
-- Installing: /home/siny/hydra_ws/install/kimera_pgmo/include/kimera_pgmo/utils/happly/.travis.yml
-- Installing: /home/siny/hydra_ws/install/kimera_pgmo/include/kimera_pgmo/utils/happly/.clang-format
-- Installing: /home/siny/hydra_ws/install/kimera_pgmo/include/kimera_pgmo/utils/happly/happly_logo.jpg
-- Installing: /home/siny/hydra_ws/install/kimera_pgmo/include/kimera_pgmo/utils/happly/LICENSE
-- Installing: /home/siny/hydra_ws/install/kimera_pgmo/include/kimera_pgmo/utils/happly/test
-- Installing: /home/siny/hydra_ws/install/kimera_pgmo/include/kimera_pgmo/utils/happly/test/sampledata
-- Installing: /home/siny/hydra_ws/install/kimera_pgmo/include/kimera_pgmo/utils/happly/test/sampledata/platonic_shelf_big_endian.ply
-- Installing: /home/siny/hydra_ws/install/kimera_pgmo/include/kimera_pgmo/utils/happly/test/sampledata/platonic_shelf.ply
-- Installing: /home/siny/hydra_ws/install/kimera_pgmo/include/kimera_pgmo/utils/happly/test/sampledata/platonic_shelf_ascii.ply
-- Installing: /home/siny/hydra_ws/install/kimera_pgmo/include/kimera_pgmo/utils/happly/test/CMakeLists.txt
-- Installing: /home/siny/hydra_ws/install/kimera_pgmo/include/kimera_pgmo/utils/happly/test/main_test.cpp
-- Installing: /home/siny/hydra_ws/install/kimera_pgmo/include/kimera_pgmo/utils/happly/test/CMakeLists.txt.in
-- Installing: /home/siny/hydra_ws/install/kimera_pgmo/include/kimera_pgmo/mesh_delta.h
-- Installing: /home/siny/hydra_ws/install/kimera_pgmo/include/kimera_pgmo/mesh_types.h
-- Installing: /home/siny/hydra_ws/install/kimera_pgmo/include/kimera_pgmo/kimera_pgmo_interface.h
-- Installing: /home/siny/hydra_ws/install/kimera_pgmo/include/kimera_pgmo/mesh_traits.h
-- Installing: /home/siny/hydra_ws/install/kimera_pgmo/include/kimera_pgmo/optimizer
-- Installing: /home/siny/hydra_ws/install/kimera_pgmo/include/kimera_pgmo/optimizer/kimera_rpgo_optimizer.h
-- Installing: /home/siny/hydra_ws/install/kimera_pgmo/include/kimera_pgmo/optimizer/optimizer_interface.h
-- Installing: /home/siny/hydra_ws/install/kimera_pgmo/include/kimera_pgmo/sparse_keyframe.h
-- Installing: /home/siny/hydra_ws/install/kimera_pgmo/include/kimera_pgmo/deformation_graph_4dof.h
-- Installing: /home/siny/hydra_ws/install/kimera_pgmo/lib/cmake/kimera_pgmo/kimera_pgmoTargets.cmake
-- Installing: /home/siny/hydra_ws/install/kimera_pgmo/lib/cmake/kimera_pgmo/kimera_pgmoTargets-release.cmake
-- Installing: /home/siny/hydra_ws/install/kimera_pgmo/lib/cmake/kimera_pgmo/kimera_pgmoConfig.cmake
-- Installing: /home/siny/hydra_ws/install/kimera_pgmo/lib/cmake/kimera_pgmo/kimera_pgmoConfigVersion.cmake
