[0.038s] Invoking command in '/home/siny/hydra_ws/build/hydra_ros': AMENT_PREFIX_PATH=/home/siny/hydra_ws/install/kimera_pgmo_ros:/home/siny/hydra_ws/install/hydra_visualizer:/home/siny/hydra_ws/install/hydra:/home/siny/hydra_ws/install/pose_graph_tools_ros:/home/siny/hydra_ws/install/kimera_pgmo_rviz:/home/siny/hydra_ws/install/config_utilities_ros:/home/siny/hydra_ws/install/semantic_inference_msgs:/home/siny/hydra_ws/install/pose_graph_tools_msgs:/home/siny/hydra_ws/install/kimera_pgmo_msgs:/home/siny/hydra_ws/install/ianvs:/home/siny/hydra_ws/install/hydra_msgs:/home/siny/hydra_ws/install/config_utilities_msgs:${AMENT_PREFIX_PATH} CMAKE_PREFIX_PATH=/home/siny/hydra_ws/install/kimera_pgmo_ros:/home/siny/hydra_ws/install/hydra_visualizer:/home/siny/hydra_ws/install/hydra:/home/siny/hydra_ws/install/pose_graph_tools_ros:/home/siny/hydra_ws/install/kimera_pgmo_rviz:/home/siny/hydra_ws/install/kimera_pgmo:/home/siny/hydra_ws/install/config_utilities_ros:/home/siny/hydra_ws/install/teaserpp:/home/siny/hydra_ws/install/spatial_hash:/home/siny/hydra_ws/install/spark_dsg:/home/siny/hydra_ws/install/semantic_inference_msgs:/home/siny/hydra_ws/install/pose_graph_tools_msgs:/home/siny/hydra_ws/install/pose_graph_tools:/home/siny/hydra_ws/install/kimera_rpgo:/home/siny/hydra_ws/install/kimera_pgmo_msgs:/home/siny/hydra_ws/install/ianvs:/home/siny/hydra_ws/install/hydra_msgs:/home/siny/hydra_ws/install/config_utilities_msgs:/home/siny/hydra_ws/install/config_utilities:/opt/ros/jazzy/opt/gz_math_vendor:/opt/ros/jazzy/opt/gz_utils_vendor:/opt/ros/jazzy/opt/gz_cmake_vendor:/opt/ros/jazzy DEBUGINFOD_URLS=https://debuginfod.ubuntu.com LD_LIBRARY_PATH=/home/siny/hydra_ws/install/kimera_pgmo_ros/lib:/home/siny/hydra_ws/install/hydra_visualizer/lib:/home/siny/hydra_ws/install/hydra/lib:/home/siny/hydra_ws/install/pose_graph_tools_ros/lib:/home/siny/hydra_ws/install/kimera_pgmo_rviz/lib:/home/siny/hydra_ws/install/kimera_pgmo/lib:/home/siny/hydra_ws/install/config_utilities_ros/lib:/home/siny/hydra_ws/install/teaserpp/lib:/home/siny/hydra_ws/install/spark_dsg/lib:/home/siny/hydra_ws/install/semantic_inference_msgs/lib:/home/siny/hydra_ws/install/pose_graph_tools_msgs/lib:/home/siny/hydra_ws/install/pose_graph_tools/lib:/home/siny/hydra_ws/install/kimera_rpgo/lib:/home/siny/hydra_ws/install/kimera_pgmo_msgs/lib:/home/siny/hydra_ws/install/ianvs/lib:/home/siny/hydra_ws/install/hydra_msgs/lib:/home/siny/hydra_ws/install/config_utilities_msgs/lib:/home/siny/hydra_ws/install/config_utilities/lib:${LD_LIBRARY_PATH} PATH=/home/siny/hydra_ws/install/kimera_pgmo/bin:/home/siny/hydra_ws/install/spark_dsg/bin:/home/siny/hydra_ws/install/config_utilities/bin:${PATH} PKG_CONFIG_PATH=/home/siny/hydra_ws/install/hydra/lib/aarch64-linux-gnu/pkgconfig:/home/siny/hydra_ws/install/hydra/lib/pkgconfig:/home/siny/hydra_ws/install/kimera_pgmo/lib/aarch64-linux-gnu/pkgconfig:/home/siny/hydra_ws/install/kimera_pgmo/lib/pkgconfig:/home/siny/hydra_ws/install/teaserpp/lib/aarch64-linux-gnu/pkgconfig:/home/siny/hydra_ws/install/teaserpp/lib/pkgconfig:/home/siny/hydra_ws/install/spatial_hash/lib/aarch64-linux-gnu/pkgconfig:/home/siny/hydra_ws/install/spatial_hash/lib/pkgconfig:/home/siny/hydra_ws/install/spark_dsg/lib/aarch64-linux-gnu/pkgconfig:/home/siny/hydra_ws/install/spark_dsg/lib/pkgconfig:/home/siny/hydra_ws/install/pose_graph_tools/lib/aarch64-linux-gnu/pkgconfig:/home/siny/hydra_ws/install/pose_graph_tools/lib/pkgconfig:/home/siny/hydra_ws/install/kimera_rpgo/lib/aarch64-linux-gnu/pkgconfig:/home/siny/hydra_ws/install/kimera_rpgo/lib/pkgconfig:/home/siny/hydra_ws/install/config_utilities/lib/aarch64-linux-gnu/pkgconfig:/home/siny/hydra_ws/install/config_utilities/lib/pkgconfig PYTHONPATH=/home/siny/hydra_ws/install/config_utilities_ros/lib/python3.12/site-packages:/home/siny/hydra_ws/install/semantic_inference_msgs/lib/python3.12/site-packages:/home/siny/hydra_ws/install/pose_graph_tools_msgs/lib/python3.12/site-packages:/home/siny/hydra_ws/install/kimera_pgmo_msgs/lib/python3.12/site-packages:/home/siny/hydra_ws/install/ianvs/lib/python3.12/site-packages:/home/siny/hydra_ws/install/hydra_msgs/lib/python3.12/site-packages:/home/siny/hydra_ws/install/config_utilities_msgs/lib/python3.12/site-packages:${PYTHONPATH} /usr/bin/cmake /home/siny/hydra_ws/src/hydra_ros/hydra_ros -DCMAKE_BUILD_TYPE=Release -DCMAKE_INSTALL_PREFIX=/home/siny/hydra_ws/install/hydra_ros
[0.078s] -- The C compiler identification is GNU 13.3.0
[0.125s] -- The CXX compiler identification is GNU 13.3.0
[0.138s] -- Detecting C compiler ABI info
[0.216s] -- Detecting C compiler ABI info - done
[0.224s] -- Check for working C compiler: /usr/bin/cc - skipped
[0.224s] -- Detecting C compile features
[0.225s] -- Detecting C compile features - done
[0.233s] -- Detecting CXX compiler ABI info
[0.322s] -- Detecting CXX compiler ABI info - done
[0.331s] -- Check for working CXX compiler: /usr/bin/c++ - skipped
[0.331s] -- Detecting CXX compile features
[0.331s] -- Detecting CXX compile features - done
[0.335s] -- Found ament_cmake: 2.5.4 (/opt/ros/jazzy/share/ament_cmake/cmake)
[0.479s] -- Found Python3: /usr/bin/python3 (found version "3.12.3") found components: Interpreter 
[0.552s] -- Found cv_bridge: 4.1.0 (/opt/ros/jazzy/share/cv_bridge/cmake)
[0.581s] -- Found rosidl_generator_c: 4.6.6 (/opt/ros/jazzy/share/rosidl_generator_c/cmake)
[0.588s] -- Found rosidl_generator_cpp: 4.6.6 (/opt/ros/jazzy/share/rosidl_generator_cpp/cmake)
[0.595s] -- Using all available rosidl_typesupport_c: rosidl_typesupport_fastrtps_c;rosidl_typesupport_introspection_c
[0.604s] -- Using all available rosidl_typesupport_cpp: rosidl_typesupport_fastrtps_cpp;rosidl_typesupport_introspection_cpp
[0.664s] -- Found rmw_implementation_cmake: 7.3.2 (/opt/ros/jazzy/share/rmw_implementation_cmake/cmake)
[0.666s] -- Found rmw_fastrtps_cpp: 8.4.3 (/opt/ros/jazzy/share/rmw_fastrtps_cpp/cmake)
[0.727s] -- Found OpenSSL: /usr/lib/aarch64-linux-gnu/libcrypto.so (found version "3.0.13")  
[0.738s] -- Found FastRTPS: /opt/ros/jazzy/include (Required is at least version "2.13") 
[0.753s] -- Using RMW implementation 'rmw_fastrtps_cpp' as default
[0.896s] -- Found Boost: /usr/lib/aarch64-linux-gnu/cmake/Boost-1.83.0/BoostConfig.cmake (found suitable version "1.83.0", minimum required is "1.65") found components: serialization system filesystem thread program_options date_time timer chrono regex 
[0.897s] -- GTSAM include directory:  /opt/ros/jazzy/lib/cmake/GTSAM/../../../include
[0.900s] -- Found nlohmann_json: /usr/share/cmake/nlohmann_json/nlohmann_jsonConfig.cmake (found version "3.11.3") 
[0.905s] -- Found PkgConfig: /usr/bin/pkg-config (found version "1.8.1") 
[0.905s] -- Checking for module 'libglog'
[0.915s] --   Found libglog, version 0.6.0
[0.960s] -- Found Boost: /usr/lib/aarch64-linux-gnu/cmake/Boost-1.83.0/BoostConfig.cmake (found suitable version "1.83.0", minimum required is "1.65.0") found components: system filesystem iostreams serialization 
[0.963s] -- Found flann version 1.9.2
[0.963s] -- looking for PCL_COMPATIBILITY
[0.964s] -- Could NOT find PCL_COMPATIBILITY (missing: PCL_COMPATIBILITY_LIBRARY PCL_COMPATIBILITY_INCLUDE_DIR) 
[0.964s] -- looking for PCL_COMMON
[0.964s] -- Found PCL_COMMON: /usr/lib/aarch64-linux-gnu/libpcl_common.so  
[0.964s] -- looking for PCL_GEOMETRY
[0.965s] -- Found PCL_GEOMETRY: /usr/include/pcl-1.14  
[0.965s] -- looking for PCL_KDTREE
[0.966s] -- Found PCL_KDTREE: /usr/lib/aarch64-linux-gnu/libpcl_kdtree.so  
[0.966s] -- looking for PCL_OCTREE
[0.966s] -- Found PCL_OCTREE: /usr/lib/aarch64-linux-gnu/libpcl_octree.so  
[0.967s] -- Found PCL: pcl_common;pcl_kdtree;pcl_octree;Boost::system;Boost::filesystem;Boost::iostreams;Boost::serialization;FLANN::FLANN  
[0.972s] -- Found OpenCV: /usr (found version "4.6.0") found components: core imgproc 
[0.974s] -- Found hydra_msgs: 0.0.1 (/home/siny/hydra_ws/install/hydra_msgs/share/hydra_msgs/cmake)
[0.984s] -- Found hydra_visualizer: 1.0.0 (/home/siny/hydra_ws/install/hydra_visualizer/share/hydra_visualizer/cmake)
[1.088s] -- Found kimera_pgmo_ros: 0.0.1 (/home/siny/hydra_ws/install/kimera_pgmo_ros/share/kimera_pgmo_ros/cmake)
[1.121s] -- Found tf2_eigen: 0.36.16 (/opt/ros/jazzy/share/tf2_eigen/cmake)
[1.123s] -- Found semantic_inference_msgs: 0.0.1 (/home/siny/hydra_ws/install/semantic_inference_msgs/share/semantic_inference_msgs/cmake)
[1.193s] -- Found ament_cmake_gtest: 2.5.4 (/opt/ros/jazzy/share/ament_cmake_gtest/cmake)
[1.195s] -- Found gtest sources under '/opt/ros/jazzy/src/gtest_vendor': C++ tests using 'Google Test' will be built
[1.198s] -- Found Threads: TRUE  
[1.245s] -- Configuring done (1.2s)
[1.283s] -- Generating done (0.0s)
[1.289s] -- Build files have been written to: /home/siny/hydra_ws/build/hydra_ros
[1.301s] Invoked command in '/home/siny/hydra_ws/build/hydra_ros' returned '0': AMENT_PREFIX_PATH=/home/siny/hydra_ws/install/kimera_pgmo_ros:/home/siny/hydra_ws/install/hydra_visualizer:/home/siny/hydra_ws/install/hydra:/home/siny/hydra_ws/install/pose_graph_tools_ros:/home/siny/hydra_ws/install/kimera_pgmo_rviz:/home/siny/hydra_ws/install/config_utilities_ros:/home/siny/hydra_ws/install/semantic_inference_msgs:/home/siny/hydra_ws/install/pose_graph_tools_msgs:/home/siny/hydra_ws/install/kimera_pgmo_msgs:/home/siny/hydra_ws/install/ianvs:/home/siny/hydra_ws/install/hydra_msgs:/home/siny/hydra_ws/install/config_utilities_msgs:${AMENT_PREFIX_PATH} CMAKE_PREFIX_PATH=/home/siny/hydra_ws/install/kimera_pgmo_ros:/home/siny/hydra_ws/install/hydra_visualizer:/home/siny/hydra_ws/install/hydra:/home/siny/hydra_ws/install/pose_graph_tools_ros:/home/siny/hydra_ws/install/kimera_pgmo_rviz:/home/siny/hydra_ws/install/kimera_pgmo:/home/siny/hydra_ws/install/config_utilities_ros:/home/siny/hydra_ws/install/teaserpp:/home/siny/hydra_ws/install/spatial_hash:/home/siny/hydra_ws/install/spark_dsg:/home/siny/hydra_ws/install/semantic_inference_msgs:/home/siny/hydra_ws/install/pose_graph_tools_msgs:/home/siny/hydra_ws/install/pose_graph_tools:/home/siny/hydra_ws/install/kimera_rpgo:/home/siny/hydra_ws/install/kimera_pgmo_msgs:/home/siny/hydra_ws/install/ianvs:/home/siny/hydra_ws/install/hydra_msgs:/home/siny/hydra_ws/install/config_utilities_msgs:/home/siny/hydra_ws/install/config_utilities:/opt/ros/jazzy/opt/gz_math_vendor:/opt/ros/jazzy/opt/gz_utils_vendor:/opt/ros/jazzy/opt/gz_cmake_vendor:/opt/ros/jazzy DEBUGINFOD_URLS=https://debuginfod.ubuntu.com LD_LIBRARY_PATH=/home/siny/hydra_ws/install/kimera_pgmo_ros/lib:/home/siny/hydra_ws/install/hydra_visualizer/lib:/home/siny/hydra_ws/install/hydra/lib:/home/siny/hydra_ws/install/pose_graph_tools_ros/lib:/home/siny/hydra_ws/install/kimera_pgmo_rviz/lib:/home/siny/hydra_ws/install/kimera_pgmo/lib:/home/siny/hydra_ws/install/config_utilities_ros/lib:/home/siny/hydra_ws/install/teaserpp/lib:/home/siny/hydra_ws/install/spark_dsg/lib:/home/siny/hydra_ws/install/semantic_inference_msgs/lib:/home/siny/hydra_ws/install/pose_graph_tools_msgs/lib:/home/siny/hydra_ws/install/pose_graph_tools/lib:/home/siny/hydra_ws/install/kimera_rpgo/lib:/home/siny/hydra_ws/install/kimera_pgmo_msgs/lib:/home/siny/hydra_ws/install/ianvs/lib:/home/siny/hydra_ws/install/hydra_msgs/lib:/home/siny/hydra_ws/install/config_utilities_msgs/lib:/home/siny/hydra_ws/install/config_utilities/lib:${LD_LIBRARY_PATH} PATH=/home/siny/hydra_ws/install/kimera_pgmo/bin:/home/siny/hydra_ws/install/spark_dsg/bin:/home/siny/hydra_ws/install/config_utilities/bin:${PATH} PKG_CONFIG_PATH=/home/siny/hydra_ws/install/hydra/lib/aarch64-linux-gnu/pkgconfig:/home/siny/hydra_ws/install/hydra/lib/pkgconfig:/home/siny/hydra_ws/install/kimera_pgmo/lib/aarch64-linux-gnu/pkgconfig:/home/siny/hydra_ws/install/kimera_pgmo/lib/pkgconfig:/home/siny/hydra_ws/install/teaserpp/lib/aarch64-linux-gnu/pkgconfig:/home/siny/hydra_ws/install/teaserpp/lib/pkgconfig:/home/siny/hydra_ws/install/spatial_hash/lib/aarch64-linux-gnu/pkgconfig:/home/siny/hydra_ws/install/spatial_hash/lib/pkgconfig:/home/siny/hydra_ws/install/spark_dsg/lib/aarch64-linux-gnu/pkgconfig:/home/siny/hydra_ws/install/spark_dsg/lib/pkgconfig:/home/siny/hydra_ws/install/pose_graph_tools/lib/aarch64-linux-gnu/pkgconfig:/home/siny/hydra_ws/install/pose_graph_tools/lib/pkgconfig:/home/siny/hydra_ws/install/kimera_rpgo/lib/aarch64-linux-gnu/pkgconfig:/home/siny/hydra_ws/install/kimera_rpgo/lib/pkgconfig:/home/siny/hydra_ws/install/config_utilities/lib/aarch64-linux-gnu/pkgconfig:/home/siny/hydra_ws/install/config_utilities/lib/pkgconfig PYTHONPATH=/home/siny/hydra_ws/install/config_utilities_ros/lib/python3.12/site-packages:/home/siny/hydra_ws/install/semantic_inference_msgs/lib/python3.12/site-packages:/home/siny/hydra_ws/install/pose_graph_tools_msgs/lib/python3.12/site-packages:/home/siny/hydra_ws/install/kimera_pgmo_msgs/lib/python3.12/site-packages:/home/siny/hydra_ws/install/ianvs/lib/python3.12/site-packages:/home/siny/hydra_ws/install/hydra_msgs/lib/python3.12/site-packages:/home/siny/hydra_ws/install/config_utilities_msgs/lib/python3.12/site-packages:${PYTHONPATH} /usr/bin/cmake /home/siny/hydra_ws/src/hydra_ros/hydra_ros -DCMAKE_BUILD_TYPE=Release -DCMAKE_INSTALL_PREFIX=/home/siny/hydra_ws/install/hydra_ros
[1.302s] Invoking command in '/home/siny/hydra_ws/build/hydra_ros': AMENT_PREFIX_PATH=/home/siny/hydra_ws/install/kimera_pgmo_ros:/home/siny/hydra_ws/install/hydra_visualizer:/home/siny/hydra_ws/install/hydra:/home/siny/hydra_ws/install/pose_graph_tools_ros:/home/siny/hydra_ws/install/kimera_pgmo_rviz:/home/siny/hydra_ws/install/config_utilities_ros:/home/siny/hydra_ws/install/semantic_inference_msgs:/home/siny/hydra_ws/install/pose_graph_tools_msgs:/home/siny/hydra_ws/install/kimera_pgmo_msgs:/home/siny/hydra_ws/install/ianvs:/home/siny/hydra_ws/install/hydra_msgs:/home/siny/hydra_ws/install/config_utilities_msgs:${AMENT_PREFIX_PATH} CMAKE_PREFIX_PATH=/home/siny/hydra_ws/install/kimera_pgmo_ros:/home/siny/hydra_ws/install/hydra_visualizer:/home/siny/hydra_ws/install/hydra:/home/siny/hydra_ws/install/pose_graph_tools_ros:/home/siny/hydra_ws/install/kimera_pgmo_rviz:/home/siny/hydra_ws/install/kimera_pgmo:/home/siny/hydra_ws/install/config_utilities_ros:/home/siny/hydra_ws/install/teaserpp:/home/siny/hydra_ws/install/spatial_hash:/home/siny/hydra_ws/install/spark_dsg:/home/siny/hydra_ws/install/semantic_inference_msgs:/home/siny/hydra_ws/install/pose_graph_tools_msgs:/home/siny/hydra_ws/install/pose_graph_tools:/home/siny/hydra_ws/install/kimera_rpgo:/home/siny/hydra_ws/install/kimera_pgmo_msgs:/home/siny/hydra_ws/install/ianvs:/home/siny/hydra_ws/install/hydra_msgs:/home/siny/hydra_ws/install/config_utilities_msgs:/home/siny/hydra_ws/install/config_utilities:/opt/ros/jazzy/opt/gz_math_vendor:/opt/ros/jazzy/opt/gz_utils_vendor:/opt/ros/jazzy/opt/gz_cmake_vendor:/opt/ros/jazzy DEBUGINFOD_URLS=https://debuginfod.ubuntu.com LD_LIBRARY_PATH=/home/siny/hydra_ws/install/kimera_pgmo_ros/lib:/home/siny/hydra_ws/install/hydra_visualizer/lib:/home/siny/hydra_ws/install/hydra/lib:/home/siny/hydra_ws/install/pose_graph_tools_ros/lib:/home/siny/hydra_ws/install/kimera_pgmo_rviz/lib:/home/siny/hydra_ws/install/kimera_pgmo/lib:/home/siny/hydra_ws/install/config_utilities_ros/lib:/home/siny/hydra_ws/install/teaserpp/lib:/home/siny/hydra_ws/install/spark_dsg/lib:/home/siny/hydra_ws/install/semantic_inference_msgs/lib:/home/siny/hydra_ws/install/pose_graph_tools_msgs/lib:/home/siny/hydra_ws/install/pose_graph_tools/lib:/home/siny/hydra_ws/install/kimera_rpgo/lib:/home/siny/hydra_ws/install/kimera_pgmo_msgs/lib:/home/siny/hydra_ws/install/ianvs/lib:/home/siny/hydra_ws/install/hydra_msgs/lib:/home/siny/hydra_ws/install/config_utilities_msgs/lib:/home/siny/hydra_ws/install/config_utilities/lib:${LD_LIBRARY_PATH} PATH=/home/siny/hydra_ws/install/kimera_pgmo/bin:/home/siny/hydra_ws/install/spark_dsg/bin:/home/siny/hydra_ws/install/config_utilities/bin:${PATH} PKG_CONFIG_PATH=/home/siny/hydra_ws/install/hydra/lib/aarch64-linux-gnu/pkgconfig:/home/siny/hydra_ws/install/hydra/lib/pkgconfig:/home/siny/hydra_ws/install/kimera_pgmo/lib/aarch64-linux-gnu/pkgconfig:/home/siny/hydra_ws/install/kimera_pgmo/lib/pkgconfig:/home/siny/hydra_ws/install/teaserpp/lib/aarch64-linux-gnu/pkgconfig:/home/siny/hydra_ws/install/teaserpp/lib/pkgconfig:/home/siny/hydra_ws/install/spatial_hash/lib/aarch64-linux-gnu/pkgconfig:/home/siny/hydra_ws/install/spatial_hash/lib/pkgconfig:/home/siny/hydra_ws/install/spark_dsg/lib/aarch64-linux-gnu/pkgconfig:/home/siny/hydra_ws/install/spark_dsg/lib/pkgconfig:/home/siny/hydra_ws/install/pose_graph_tools/lib/aarch64-linux-gnu/pkgconfig:/home/siny/hydra_ws/install/pose_graph_tools/lib/pkgconfig:/home/siny/hydra_ws/install/kimera_rpgo/lib/aarch64-linux-gnu/pkgconfig:/home/siny/hydra_ws/install/kimera_rpgo/lib/pkgconfig:/home/siny/hydra_ws/install/config_utilities/lib/aarch64-linux-gnu/pkgconfig:/home/siny/hydra_ws/install/config_utilities/lib/pkgconfig PYTHONPATH=/home/siny/hydra_ws/install/config_utilities_ros/lib/python3.12/site-packages:/home/siny/hydra_ws/install/semantic_inference_msgs/lib/python3.12/site-packages:/home/siny/hydra_ws/install/pose_graph_tools_msgs/lib/python3.12/site-packages:/home/siny/hydra_ws/install/kimera_pgmo_msgs/lib/python3.12/site-packages:/home/siny/hydra_ws/install/ianvs/lib/python3.12/site-packages:/home/siny/hydra_ws/install/hydra_msgs/lib/python3.12/site-packages:/home/siny/hydra_ws/install/config_utilities_msgs/lib/python3.12/site-packages:${PYTHONPATH} /usr/bin/cmake --build /home/siny/hydra_ws/build/hydra_ros -- -j20 -l20
[1.348s] [  7%] [32mBuilding CXX object CMakeFiles/hydra_ros.dir/src/active_window/tsdf_occupancy_publisher.cpp.o[0m
[1.348s] [  7%] [32mBuilding CXX object CMakeFiles/hydra_ros.dir/src/active_window/reconstruction_visualizer.cpp.o[0m
[1.349s] [  7%] [32mBuilding CXX object CMakeFiles/hydra_ros.dir/src/backend/ros_backend_publisher.cpp.o[0m
[1.349s] [ 15%] [32mBuilding CXX object CMakeFiles/hydra_ros.dir/src/frontend/ros_frontend_publisher.cpp.o[0m
[1.349s] [ 15%] [32mBuilding CXX object CMakeFiles/hydra_ros.dir/src/frontend/places_visualizer.cpp.o[0m
[1.349s] [ 15%] [32mBuilding CXX object CMakeFiles/hydra_ros.dir/src/input/feature_receiver.cpp.o[0m
[1.350s] [ 17%] [32mBuilding CXX object CMakeFiles/hydra_ros.dir/src/input/pointcloud_adaptor.cpp.o[0m
[1.350s] [ 20%] [32mBuilding CXX object CMakeFiles/hydra_ros.dir/src/hydra_ros_pipeline.cpp.o[0m
[1.351s] [ 23%] [32mBuilding CXX object gtest/CMakeFiles/gtest.dir/src/gtest-all.cc.o[0m
[1.351s] [ 28%] [32mBuilding CXX object CMakeFiles/scene_graph_logger.dir/rclcpp_components/node_main_scene_graph_logger.cpp.o[0m
[1.351s] [ 28%] [32mBuilding CXX object CMakeFiles/hydra_ros.dir/src/frontend/object_visualizer.cpp.o[0m
[1.351s] [ 30%] [32mBuilding CXX object CMakeFiles/hydra_ros.dir/src/frontend/gvd_visualization_utilities.cpp.o[0m
[1.351s] [ 33%] [32mBuilding CXX object gtest/CMakeFiles/gtest_main.dir/src/gtest_main.cc.o[0m
[1.351s] [ 35%] [32mBuilding CXX object CMakeFiles/hydra_ros.dir/src/frontend/gvd_occupancy_publisher.cpp.o[0m
[1.352s] [ 38%] [32mBuilding CXX object CMakeFiles/hydra_ros.dir/src/input/image_receiver.cpp.o[0m
[1.352s] [ 41%] [32mBuilding CXX object CMakeFiles/hydra_ros.dir/src/input/pointcloud_receiver.cpp.o[0m
[1.355s] [ 41%] Built target ament_cmake_python_copy_hydra_ros
[1.936s] [ 43%] [32m[1mLinking CXX static library libgtest_main.a[0m
[2.003s] [ 43%] Built target gtest_main
[2.233s] running egg_info
[2.234s] creating hydra_ros.egg-info
[2.252s] writing hydra_ros.egg-info/PKG-INFO
[2.252s] writing dependency_links to hydra_ros.egg-info/dependency_links.txt
[2.252s] writing top-level names to hydra_ros.egg-info/top_level.txt
[2.252s] writing manifest file 'hydra_ros.egg-info/SOURCES.txt'
[2.310s] reading manifest file 'hydra_ros.egg-info/SOURCES.txt'
[2.311s] writing manifest file 'hydra_ros.egg-info/SOURCES.txt'
[2.345s] [ 43%] Built target ament_cmake_python_build_hydra_ros_egg
[2.356s] [ 48%] [32mBuilding CXX object CMakeFiles/hydra_ros.dir/src/openset/ros_embedding_group.cpp.o[0m
[2.356s] [ 48%] [32mBuilding CXX object CMakeFiles/hydra_ros.dir/src/input/ros_sensors.cpp.o[0m
[2.356s] [ 51%] [32mBuilding CXX object CMakeFiles/hydra_ros.dir/src/odometry/ros_pose_graph_tracker.cpp.o[0m
[2.356s] [ 53%] [32mBuilding CXX object CMakeFiles/hydra_ros.dir/src/input/ros_data_receiver.cpp.o[0m
[2.357s] [ 56%] [32mBuilding CXX object CMakeFiles/hydra_ros.dir/src/input/ros_input_module.cpp.o[0m
[3.007s] [ 58%] [32mBuilding CXX object CMakeFiles/hydra_ros.dir/src/utils/bow_subscriber.cpp.o[0m
[3.128s] [ 61%] [32m[1mLinking CXX executable scene_graph_logger[0m
[3.228s] [ 61%] Built target scene_graph_logger
[3.239s] [ 64%] [32mBuilding CXX object CMakeFiles/hydra_ros.dir/src/utils/dsg_streaming_interface.cpp.o[0m
[5.987s] [ 66%] [32m[1mLinking CXX static library libgtest.a[0m
[6.058s] [ 66%] Built target gtest
[6.070s] [ 69%] [32mBuilding CXX object CMakeFiles/hydra_ros.dir/src/utils/external_loop_closure_subscriber.cpp.o[0m
[8.379s] [ 71%] [32mBuilding CXX object CMakeFiles/hydra_ros.dir/src/utils/input_data_to_messages.cpp.o[0m
[8.429s] [ 74%] [32mBuilding CXX object CMakeFiles/hydra_ros.dir/src/utils/occupancy_publisher.cpp.o[0m
[8.874s] [ 76%] [32mBuilding CXX object CMakeFiles/hydra_ros.dir/src/utils/scene_graph_logger.cpp.o[0m
[9.805s] [ 79%] [32mBuilding CXX object CMakeFiles/hydra_ros.dir/src/utils/status_monitor.cpp.o[0m
[10.369s] [ 82%] [32mBuilding CXX object CMakeFiles/hydra_ros.dir/src/utils/tf_lookup.cpp.o[0m
[11.163s] [ 84%] [32mBuilding CXX object CMakeFiles/hydra_ros.dir/src/visualizer/feature_color_adaptors.cpp.o[0m
[26.067s] [ 87%] [32m[1mLinking CXX shared library libhydra_ros.so[0m
[26.587s] [ 87%] Built target hydra_ros
[26.605s] [ 89%] [32mBuilding CXX object CMakeFiles/hydra_ros_node.dir/app/hydra_node.cpp.o[0m
[26.606s] [ 92%] [32mBuilding CXX object CMakeFiles/test_hydra_ros.dir/tests/main.cpp.o[0m
[26.609s] [ 94%] [32mBuilding CXX object CMakeFiles/test_hydra_ros.dir/tests/test_ros_sensors.cpp.o[0m
[33.041s] [ 97%] [32m[1mLinking CXX executable test_hydra_ros[0m
[33.492s] [ 97%] Built target test_hydra_ros
[35.519s] [100%] [32m[1mLinking CXX executable hydra_ros_node[0m
[35.930s] [100%] Built target hydra_ros_node
[35.943s] Invoked command in '/home/siny/hydra_ws/build/hydra_ros' returned '0': AMENT_PREFIX_PATH=/home/siny/hydra_ws/install/kimera_pgmo_ros:/home/siny/hydra_ws/install/hydra_visualizer:/home/siny/hydra_ws/install/hydra:/home/siny/hydra_ws/install/pose_graph_tools_ros:/home/siny/hydra_ws/install/kimera_pgmo_rviz:/home/siny/hydra_ws/install/config_utilities_ros:/home/siny/hydra_ws/install/semantic_inference_msgs:/home/siny/hydra_ws/install/pose_graph_tools_msgs:/home/siny/hydra_ws/install/kimera_pgmo_msgs:/home/siny/hydra_ws/install/ianvs:/home/siny/hydra_ws/install/hydra_msgs:/home/siny/hydra_ws/install/config_utilities_msgs:${AMENT_PREFIX_PATH} CMAKE_PREFIX_PATH=/home/siny/hydra_ws/install/kimera_pgmo_ros:/home/siny/hydra_ws/install/hydra_visualizer:/home/siny/hydra_ws/install/hydra:/home/siny/hydra_ws/install/pose_graph_tools_ros:/home/siny/hydra_ws/install/kimera_pgmo_rviz:/home/siny/hydra_ws/install/kimera_pgmo:/home/siny/hydra_ws/install/config_utilities_ros:/home/siny/hydra_ws/install/teaserpp:/home/siny/hydra_ws/install/spatial_hash:/home/siny/hydra_ws/install/spark_dsg:/home/siny/hydra_ws/install/semantic_inference_msgs:/home/siny/hydra_ws/install/pose_graph_tools_msgs:/home/siny/hydra_ws/install/pose_graph_tools:/home/siny/hydra_ws/install/kimera_rpgo:/home/siny/hydra_ws/install/kimera_pgmo_msgs:/home/siny/hydra_ws/install/ianvs:/home/siny/hydra_ws/install/hydra_msgs:/home/siny/hydra_ws/install/config_utilities_msgs:/home/siny/hydra_ws/install/config_utilities:/opt/ros/jazzy/opt/gz_math_vendor:/opt/ros/jazzy/opt/gz_utils_vendor:/opt/ros/jazzy/opt/gz_cmake_vendor:/opt/ros/jazzy DEBUGINFOD_URLS=https://debuginfod.ubuntu.com LD_LIBRARY_PATH=/home/siny/hydra_ws/install/kimera_pgmo_ros/lib:/home/siny/hydra_ws/install/hydra_visualizer/lib:/home/siny/hydra_ws/install/hydra/lib:/home/siny/hydra_ws/install/pose_graph_tools_ros/lib:/home/siny/hydra_ws/install/kimera_pgmo_rviz/lib:/home/siny/hydra_ws/install/kimera_pgmo/lib:/home/siny/hydra_ws/install/config_utilities_ros/lib:/home/siny/hydra_ws/install/teaserpp/lib:/home/siny/hydra_ws/install/spark_dsg/lib:/home/siny/hydra_ws/install/semantic_inference_msgs/lib:/home/siny/hydra_ws/install/pose_graph_tools_msgs/lib:/home/siny/hydra_ws/install/pose_graph_tools/lib:/home/siny/hydra_ws/install/kimera_rpgo/lib:/home/siny/hydra_ws/install/kimera_pgmo_msgs/lib:/home/siny/hydra_ws/install/ianvs/lib:/home/siny/hydra_ws/install/hydra_msgs/lib:/home/siny/hydra_ws/install/config_utilities_msgs/lib:/home/siny/hydra_ws/install/config_utilities/lib:${LD_LIBRARY_PATH} PATH=/home/siny/hydra_ws/install/kimera_pgmo/bin:/home/siny/hydra_ws/install/spark_dsg/bin:/home/siny/hydra_ws/install/config_utilities/bin:${PATH} PKG_CONFIG_PATH=/home/siny/hydra_ws/install/hydra/lib/aarch64-linux-gnu/pkgconfig:/home/siny/hydra_ws/install/hydra/lib/pkgconfig:/home/siny/hydra_ws/install/kimera_pgmo/lib/aarch64-linux-gnu/pkgconfig:/home/siny/hydra_ws/install/kimera_pgmo/lib/pkgconfig:/home/siny/hydra_ws/install/teaserpp/lib/aarch64-linux-gnu/pkgconfig:/home/siny/hydra_ws/install/teaserpp/lib/pkgconfig:/home/siny/hydra_ws/install/spatial_hash/lib/aarch64-linux-gnu/pkgconfig:/home/siny/hydra_ws/install/spatial_hash/lib/pkgconfig:/home/siny/hydra_ws/install/spark_dsg/lib/aarch64-linux-gnu/pkgconfig:/home/siny/hydra_ws/install/spark_dsg/lib/pkgconfig:/home/siny/hydra_ws/install/pose_graph_tools/lib/aarch64-linux-gnu/pkgconfig:/home/siny/hydra_ws/install/pose_graph_tools/lib/pkgconfig:/home/siny/hydra_ws/install/kimera_rpgo/lib/aarch64-linux-gnu/pkgconfig:/home/siny/hydra_ws/install/kimera_rpgo/lib/pkgconfig:/home/siny/hydra_ws/install/config_utilities/lib/aarch64-linux-gnu/pkgconfig:/home/siny/hydra_ws/install/config_utilities/lib/pkgconfig PYTHONPATH=/home/siny/hydra_ws/install/config_utilities_ros/lib/python3.12/site-packages:/home/siny/hydra_ws/install/semantic_inference_msgs/lib/python3.12/site-packages:/home/siny/hydra_ws/install/pose_graph_tools_msgs/lib/python3.12/site-packages:/home/siny/hydra_ws/install/kimera_pgmo_msgs/lib/python3.12/site-packages:/home/siny/hydra_ws/install/ianvs/lib/python3.12/site-packages:/home/siny/hydra_ws/install/hydra_msgs/lib/python3.12/site-packages:/home/siny/hydra_ws/install/config_utilities_msgs/lib/python3.12/site-packages:${PYTHONPATH} /usr/bin/cmake --build /home/siny/hydra_ws/build/hydra_ros -- -j20 -l20
[35.944s] Invoking command in '/home/siny/hydra_ws/build/hydra_ros': AMENT_PREFIX_PATH=/home/siny/hydra_ws/install/kimera_pgmo_ros:/home/siny/hydra_ws/install/hydra_visualizer:/home/siny/hydra_ws/install/hydra:/home/siny/hydra_ws/install/pose_graph_tools_ros:/home/siny/hydra_ws/install/kimera_pgmo_rviz:/home/siny/hydra_ws/install/config_utilities_ros:/home/siny/hydra_ws/install/semantic_inference_msgs:/home/siny/hydra_ws/install/pose_graph_tools_msgs:/home/siny/hydra_ws/install/kimera_pgmo_msgs:/home/siny/hydra_ws/install/ianvs:/home/siny/hydra_ws/install/hydra_msgs:/home/siny/hydra_ws/install/config_utilities_msgs:${AMENT_PREFIX_PATH} CMAKE_PREFIX_PATH=/home/siny/hydra_ws/install/kimera_pgmo_ros:/home/siny/hydra_ws/install/hydra_visualizer:/home/siny/hydra_ws/install/hydra:/home/siny/hydra_ws/install/pose_graph_tools_ros:/home/siny/hydra_ws/install/kimera_pgmo_rviz:/home/siny/hydra_ws/install/kimera_pgmo:/home/siny/hydra_ws/install/config_utilities_ros:/home/siny/hydra_ws/install/teaserpp:/home/siny/hydra_ws/install/spatial_hash:/home/siny/hydra_ws/install/spark_dsg:/home/siny/hydra_ws/install/semantic_inference_msgs:/home/siny/hydra_ws/install/pose_graph_tools_msgs:/home/siny/hydra_ws/install/pose_graph_tools:/home/siny/hydra_ws/install/kimera_rpgo:/home/siny/hydra_ws/install/kimera_pgmo_msgs:/home/siny/hydra_ws/install/ianvs:/home/siny/hydra_ws/install/hydra_msgs:/home/siny/hydra_ws/install/config_utilities_msgs:/home/siny/hydra_ws/install/config_utilities:/opt/ros/jazzy/opt/gz_math_vendor:/opt/ros/jazzy/opt/gz_utils_vendor:/opt/ros/jazzy/opt/gz_cmake_vendor:/opt/ros/jazzy DEBUGINFOD_URLS=https://debuginfod.ubuntu.com LD_LIBRARY_PATH=/home/siny/hydra_ws/install/kimera_pgmo_ros/lib:/home/siny/hydra_ws/install/hydra_visualizer/lib:/home/siny/hydra_ws/install/hydra/lib:/home/siny/hydra_ws/install/pose_graph_tools_ros/lib:/home/siny/hydra_ws/install/kimera_pgmo_rviz/lib:/home/siny/hydra_ws/install/kimera_pgmo/lib:/home/siny/hydra_ws/install/config_utilities_ros/lib:/home/siny/hydra_ws/install/teaserpp/lib:/home/siny/hydra_ws/install/spark_dsg/lib:/home/siny/hydra_ws/install/semantic_inference_msgs/lib:/home/siny/hydra_ws/install/pose_graph_tools_msgs/lib:/home/siny/hydra_ws/install/pose_graph_tools/lib:/home/siny/hydra_ws/install/kimera_rpgo/lib:/home/siny/hydra_ws/install/kimera_pgmo_msgs/lib:/home/siny/hydra_ws/install/ianvs/lib:/home/siny/hydra_ws/install/hydra_msgs/lib:/home/siny/hydra_ws/install/config_utilities_msgs/lib:/home/siny/hydra_ws/install/config_utilities/lib:${LD_LIBRARY_PATH} PATH=/home/siny/hydra_ws/install/kimera_pgmo/bin:/home/siny/hydra_ws/install/spark_dsg/bin:/home/siny/hydra_ws/install/config_utilities/bin:${PATH} PKG_CONFIG_PATH=/home/siny/hydra_ws/install/hydra/lib/aarch64-linux-gnu/pkgconfig:/home/siny/hydra_ws/install/hydra/lib/pkgconfig:/home/siny/hydra_ws/install/kimera_pgmo/lib/aarch64-linux-gnu/pkgconfig:/home/siny/hydra_ws/install/kimera_pgmo/lib/pkgconfig:/home/siny/hydra_ws/install/teaserpp/lib/aarch64-linux-gnu/pkgconfig:/home/siny/hydra_ws/install/teaserpp/lib/pkgconfig:/home/siny/hydra_ws/install/spatial_hash/lib/aarch64-linux-gnu/pkgconfig:/home/siny/hydra_ws/install/spatial_hash/lib/pkgconfig:/home/siny/hydra_ws/install/spark_dsg/lib/aarch64-linux-gnu/pkgconfig:/home/siny/hydra_ws/install/spark_dsg/lib/pkgconfig:/home/siny/hydra_ws/install/pose_graph_tools/lib/aarch64-linux-gnu/pkgconfig:/home/siny/hydra_ws/install/pose_graph_tools/lib/pkgconfig:/home/siny/hydra_ws/install/kimera_rpgo/lib/aarch64-linux-gnu/pkgconfig:/home/siny/hydra_ws/install/kimera_rpgo/lib/pkgconfig:/home/siny/hydra_ws/install/config_utilities/lib/aarch64-linux-gnu/pkgconfig:/home/siny/hydra_ws/install/config_utilities/lib/pkgconfig PYTHONPATH=/home/siny/hydra_ws/install/config_utilities_ros/lib/python3.12/site-packages:/home/siny/hydra_ws/install/semantic_inference_msgs/lib/python3.12/site-packages:/home/siny/hydra_ws/install/pose_graph_tools_msgs/lib/python3.12/site-packages:/home/siny/hydra_ws/install/kimera_pgmo_msgs/lib/python3.12/site-packages:/home/siny/hydra_ws/install/ianvs/lib/python3.12/site-packages:/home/siny/hydra_ws/install/hydra_msgs/lib/python3.12/site-packages:/home/siny/hydra_ws/install/config_utilities_msgs/lib/python3.12/site-packages:${PYTHONPATH} /usr/bin/cmake --install /home/siny/hydra_ws/build/hydra_ros
[35.949s] -- Install configuration: "Release"
[35.949s] -- Installing: /home/siny/hydra_ws/install/hydra_ros/share/hydra_ros/environment/pythonpath.sh
[35.949s] -- Installing: /home/siny/hydra_ws/install/hydra_ros/share/hydra_ros/environment/pythonpath.dsv
[35.949s] -- Installing: /home/siny/hydra_ws/install/hydra_ros/lib/python3.12/site-packages/hydra_ros-1.0.0-py3.12.egg-info
[35.949s] -- Installing: /home/siny/hydra_ws/install/hydra_ros/lib/python3.12/site-packages/hydra_ros-1.0.0-py3.12.egg-info/top_level.txt
[35.949s] -- Installing: /home/siny/hydra_ws/install/hydra_ros/lib/python3.12/site-packages/hydra_ros-1.0.0-py3.12.egg-info/PKG-INFO
[35.949s] -- Installing: /home/siny/hydra_ws/install/hydra_ros/lib/python3.12/site-packages/hydra_ros-1.0.0-py3.12.egg-info/SOURCES.txt
[35.950s] -- Installing: /home/siny/hydra_ws/install/hydra_ros/lib/python3.12/site-packages/hydra_ros-1.0.0-py3.12.egg-info/dependency_links.txt
[35.950s] -- Installing: /home/siny/hydra_ws/install/hydra_ros/lib/python3.12/site-packages/hydra_ros
[35.950s] -- Installing: /home/siny/hydra_ws/install/hydra_ros/lib/python3.12/site-packages/hydra_ros/__init__.py
[35.984s] Listing '/home/siny/hydra_ws/install/hydra_ros/lib/python3.12/site-packages/hydra_ros'...
[35.984s] Compiling '/home/siny/hydra_ws/install/hydra_ros/lib/python3.12/site-packages/hydra_ros/__init__.py'...
[35.987s] -- Installing: /home/siny/hydra_ws/install/hydra_ros/lib/hydra_ros/scene_graph_logger
[35.987s] -- Set non-toolchain portion of runtime path of "/home/siny/hydra_ws/install/hydra_ros/lib/hydra_ros/scene_graph_logger" to ""
[35.988s] -- Installing: /home/siny/hydra_ws/install/hydra_ros/lib/libhydra_ros.so
[35.997s] -- Set non-toolchain portion of runtime path of "/home/siny/hydra_ws/install/hydra_ros/lib/libhydra_ros.so" to ""
[35.997s] -- Installing: /home/siny/hydra_ws/install/hydra_ros/lib/hydra_ros/hydra_ros_node
[35.997s] -- Set non-toolchain portion of runtime path of "/home/siny/hydra_ws/install/hydra_ros/lib/hydra_ros/hydra_ros_node" to ""
[35.997s] -- Installing: /home/siny/hydra_ws/install/hydra_ros/lib/hydra_ros/csv_to_tf
[35.998s] -- Installing: /home/siny/hydra_ws/install/hydra_ros/lib/hydra_ros/dsg_republisher
[35.998s] -- Installing: /home/siny/hydra_ws/install/hydra_ros/lib/hydra_ros/odom_to_tf
[35.998s] -- Installing: /home/siny/hydra_ws/install/hydra_ros/lib/hydra_ros/noisy_tf_publisher
[35.999s] -- Installing: /home/siny/hydra_ws/install/hydra_ros/include/
[35.999s] -- Installing: /home/siny/hydra_ws/install/hydra_ros/include//hydra_ros
[35.999s] -- Installing: /home/siny/hydra_ws/install/hydra_ros/include//hydra_ros/input
[35.999s] -- Installing: /home/siny/hydra_ws/install/hydra_ros/include//hydra_ros/input/image_receiver.h
[35.999s] -- Installing: /home/siny/hydra_ws/install/hydra_ros/include//hydra_ros/input/pointcloud_adaptor.h
[35.999s] -- Installing: /home/siny/hydra_ws/install/hydra_ros/include//hydra_ros/input/pointcloud_receiver.h
[35.999s] -- Installing: /home/siny/hydra_ws/install/hydra_ros/include//hydra_ros/input/ros_data_receiver.h
[35.999s] -- Installing: /home/siny/hydra_ws/install/hydra_ros/include//hydra_ros/input/ros_input_module.h
[35.999s] -- Installing: /home/siny/hydra_ws/install/hydra_ros/include//hydra_ros/input/ros_sensors.h
[35.999s] -- Installing: /home/siny/hydra_ws/install/hydra_ros/include//hydra_ros/input/feature_receiver.h
[35.999s] -- Installing: /home/siny/hydra_ws/install/hydra_ros/include//hydra_ros/visualizer
[35.999s] -- Installing: /home/siny/hydra_ws/install/hydra_ros/include//hydra_ros/visualizer/feature_color_adaptors.h
[35.999s] -- Installing: /home/siny/hydra_ws/install/hydra_ros/include//hydra_ros/visualizer/voxel_drawing.h
[35.999s] -- Installing: /home/siny/hydra_ws/install/hydra_ros/include//hydra_ros/backend
[35.999s] -- Installing: /home/siny/hydra_ws/install/hydra_ros/include//hydra_ros/backend/ros_backend_publisher.h
[35.999s] -- Installing: /home/siny/hydra_ws/install/hydra_ros/include//hydra_ros/utils
[35.999s] -- Installing: /home/siny/hydra_ws/install/hydra_ros/include//hydra_ros/utils/dsg_streaming_interface.h
[35.999s] -- Installing: /home/siny/hydra_ws/install/hydra_ros/include//hydra_ros/utils/status_monitor.h
[35.999s] -- Installing: /home/siny/hydra_ws/install/hydra_ros/include//hydra_ros/utils/input_data_to_messages.h
[35.999s] -- Installing: /home/siny/hydra_ws/install/hydra_ros/include//hydra_ros/utils/external_loop_closure_subscriber.h
[35.999s] -- Installing: /home/siny/hydra_ws/install/hydra_ros/include//hydra_ros/utils/scene_graph_logger.h
[36.000s] -- Installing: /home/siny/hydra_ws/install/hydra_ros/include//hydra_ros/utils/bow_subscriber.h
[36.000s] -- Installing: /home/siny/hydra_ws/install/hydra_ros/include//hydra_ros/utils/occupancy_publisher.h
[36.000s] -- Installing: /home/siny/hydra_ws/install/hydra_ros/include//hydra_ros/utils/tf_lookup.h
[36.000s] -- Installing: /home/siny/hydra_ws/install/hydra_ros/include//hydra_ros/odometry
[36.000s] -- Installing: /home/siny/hydra_ws/install/hydra_ros/include//hydra_ros/odometry/ros_pose_graph_tracker.h
[36.000s] -- Installing: /home/siny/hydra_ws/install/hydra_ros/include//hydra_ros/active_window
[36.000s] -- Installing: /home/siny/hydra_ws/install/hydra_ros/include//hydra_ros/active_window/tsdf_occupancy_publisher.h
[36.000s] -- Installing: /home/siny/hydra_ws/install/hydra_ros/include//hydra_ros/active_window/reconstruction_visualizer.h
[36.000s] -- Installing: /home/siny/hydra_ws/install/hydra_ros/include//hydra_ros/openset
[36.000s] -- Installing: /home/siny/hydra_ws/install/hydra_ros/include//hydra_ros/openset/ros_embedding_group.h
[36.000s] -- Installing: /home/siny/hydra_ws/install/hydra_ros/include//hydra_ros/frontend
[36.000s] -- Installing: /home/siny/hydra_ws/install/hydra_ros/include//hydra_ros/frontend/object_visualizer.h
[36.000s] -- Installing: /home/siny/hydra_ws/install/hydra_ros/include//hydra_ros/frontend/ros_frontend_publisher.h
[36.000s] -- Installing: /home/siny/hydra_ws/install/hydra_ros/include//hydra_ros/frontend/gvd_occupancy_publisher.h
[36.000s] -- Installing: /home/siny/hydra_ws/install/hydra_ros/include//hydra_ros/frontend/gvd_visualization_utilities.h
[36.000s] -- Installing: /home/siny/hydra_ws/install/hydra_ros/include//hydra_ros/frontend/places_visualizer.h
[36.000s] -- Installing: /home/siny/hydra_ws/install/hydra_ros/include//hydra_ros/hydra_ros_pipeline.h
[36.000s] -- Installing: /home/siny/hydra_ws/install/hydra_ros/share/hydra_ros/launch
[36.000s] -- Installing: /home/siny/hydra_ws/install/hydra_ros/share/hydra_ros/launch/scene_graph_logger.launch.yaml
[36.000s] -- Installing: /home/siny/hydra_ws/install/hydra_ros/share/hydra_ros/launch/datasets
[36.000s] -- Installing: /home/siny/hydra_ws/install/hydra_ros/share/hydra_ros/launch/datasets/uhumans2.launch.yaml
[36.000s] -- Installing: /home/siny/hydra_ws/install/hydra_ros/share/hydra_ros/launch/datasets/a1.launch.yaml
[36.000s] -- Installing: /home/siny/hydra_ws/install/hydra_ros/share/hydra_ros/launch/datasets/12uhumans1.launch.yaml
[36.000s] -- Installing: /home/siny/hydra_ws/install/hydra_ros/share/hydra_ros/launch/datasets/zed2i.launch.yaml
[36.001s] -- Installing: /home/siny/hydra_ws/install/hydra_ros/share/hydra_ros/launch/noisy_tf_publisher_node.launch.yaml
[36.001s] -- Installing: /home/siny/hydra_ws/install/hydra_ros/share/hydra_ros/launch/hydra.launch.yaml
[36.001s] -- Installing: /home/siny/hydra_ws/install/hydra_ros/share/hydra_ros/config
[36.001s] -- Installing: /home/siny/hydra_ws/install/hydra_ros/share/hydra_ros/config/hydra_ros_visualizer_plugins.yaml
[36.001s] -- Installing: /home/siny/hydra_ws/install/hydra_ros/share/hydra_ros/config/color
[36.001s] -- Installing: /home/siny/hydra_ws/install/hydra_ros/share/hydra_ros/config/color/uhumans2_apartment.csv
[36.002s] -- Installing: /home/siny/hydra_ws/install/hydra_ros/share/hydra_ros/config/color/uhumans2_office.csv
[36.002s] -- Installing: /home/siny/hydra_ws/install/hydra_ros/share/hydra_ros/config/color/kitti_360.csv
[36.002s] -- Installing: /home/siny/hydra_ws/install/hydra_ros/share/hydra_ros/config/color/uhumans2_subway.csv
[36.002s] -- Installing: /home/siny/hydra_ws/install/hydra_ros/share/hydra_ros/config/color/phoenix.csv
[36.003s] -- Installing: /home/siny/hydra_ws/install/hydra_ros/share/hydra_ros/config/color/vlm_colors.csv
[36.003s] -- Installing: /home/siny/hydra_ws/install/hydra_ros/share/hydra_ros/config/sinks
[36.003s] -- Installing: /home/siny/hydra_ws/install/hydra_ros/share/hydra_ros/config/sinks/active_window_sinks.yaml
[36.003s] -- Installing: /home/siny/hydra_ws/install/hydra_ros/share/hydra_ros/config/sinks/gvd_places_sinks.yaml
[36.003s] -- Installing: /home/siny/hydra_ws/install/hydra_ros/share/hydra_ros/config/sinks/mesh_segmenter_sinks.yaml
[36.004s] -- Installing: /home/siny/hydra_ws/install/hydra_ros/share/hydra_ros/config/datasets
[36.004s] -- Installing: /home/siny/hydra_ws/install/hydra_ros/share/hydra_ros/config/datasets/sidpac.yaml
[36.004s] -- Installing: /home/siny/hydra_ws/install/hydra_ros/share/hydra_ros/config/datasets/a1.yaml
[36.004s] -- Installing: /home/siny/hydra_ws/install/hydra_ros/share/hydra_ros/config/datasets/oakd.yaml
[36.004s] -- Installing: /home/siny/hydra_ws/install/hydra_ros/share/hydra_ros/config/datasets/lis_spot.yaml
[36.005s] -- Installing: /home/siny/hydra_ws/install/hydra_ros/share/hydra_ros/config/datasets/simmons.yaml
[36.005s] -- Installing: /home/siny/hydra_ws/install/hydra_ros/share/hydra_ros/config/datasets/uhumans2.yaml
[36.005s] -- Installing: /home/siny/hydra_ws/install/hydra_ros/share/hydra_ros/config/datasets/zed2i.yaml
[36.006s] -- Installing: /home/siny/hydra_ws/install/hydra_ros/share/hydra_ros/config/datasets/kitti_360.yaml
[36.006s] -- Installing: /home/siny/hydra_ws/install/hydra_ros/share/hydra_ros/environment/library_path.sh
[36.006s] -- Installing: /home/siny/hydra_ws/install/hydra_ros/share/hydra_ros/environment/library_path.dsv
[36.006s] -- Installing: /home/siny/hydra_ws/install/hydra_ros/share/ament_index/resource_index/package_run_dependencies/hydra_ros
[36.006s] -- Installing: /home/siny/hydra_ws/install/hydra_ros/share/ament_index/resource_index/parent_prefix_path/hydra_ros
[36.006s] -- Installing: /home/siny/hydra_ws/install/hydra_ros/share/hydra_ros/environment/ament_prefix_path.sh
[36.006s] -- Installing: /home/siny/hydra_ws/install/hydra_ros/share/hydra_ros/environment/ament_prefix_path.dsv
[36.006s] -- Installing: /home/siny/hydra_ws/install/hydra_ros/share/hydra_ros/environment/path.sh
[36.006s] -- Installing: /home/siny/hydra_ws/install/hydra_ros/share/hydra_ros/environment/path.dsv
[36.006s] -- Installing: /home/siny/hydra_ws/install/hydra_ros/share/hydra_ros/local_setup.bash
[36.006s] -- Installing: /home/siny/hydra_ws/install/hydra_ros/share/hydra_ros/local_setup.sh
[36.006s] -- Installing: /home/siny/hydra_ws/install/hydra_ros/share/hydra_ros/local_setup.zsh
[36.006s] -- Installing: /home/siny/hydra_ws/install/hydra_ros/share/hydra_ros/local_setup.dsv
[36.006s] -- Installing: /home/siny/hydra_ws/install/hydra_ros/share/hydra_ros/package.dsv
[36.007s] -- Installing: /home/siny/hydra_ws/install/hydra_ros/share/ament_index/resource_index/packages/hydra_ros
[36.007s] -- Installing: /home/siny/hydra_ws/install/hydra_ros/share/ament_index/resource_index/rclcpp_components/hydra_ros
[36.007s] -- Installing: /home/siny/hydra_ws/install/hydra_ros/share/hydra_ros/cmake/hydra_ros-targetsExport.cmake
[36.007s] -- Installing: /home/siny/hydra_ws/install/hydra_ros/share/hydra_ros/cmake/hydra_ros-targetsExport-release.cmake
[36.007s] -- Installing: /home/siny/hydra_ws/install/hydra_ros/share/hydra_ros/cmake/ament_cmake_export_targets-extras.cmake
[36.007s] -- Installing: /home/siny/hydra_ws/install/hydra_ros/share/hydra_ros/cmake/ament_cmake_export_dependencies-extras.cmake
[36.007s] -- Installing: /home/siny/hydra_ws/install/hydra_ros/share/hydra_ros/cmake/hydra_rosConfig.cmake
[36.007s] -- Installing: /home/siny/hydra_ws/install/hydra_ros/share/hydra_ros/cmake/hydra_rosConfig-version.cmake
[36.007s] -- Installing: /home/siny/hydra_ws/install/hydra_ros/share/hydra_ros/package.xml
[36.009s] Invoked command in '/home/siny/hydra_ws/build/hydra_ros' returned '0': AMENT_PREFIX_PATH=/home/siny/hydra_ws/install/kimera_pgmo_ros:/home/siny/hydra_ws/install/hydra_visualizer:/home/siny/hydra_ws/install/hydra:/home/siny/hydra_ws/install/pose_graph_tools_ros:/home/siny/hydra_ws/install/kimera_pgmo_rviz:/home/siny/hydra_ws/install/config_utilities_ros:/home/siny/hydra_ws/install/semantic_inference_msgs:/home/siny/hydra_ws/install/pose_graph_tools_msgs:/home/siny/hydra_ws/install/kimera_pgmo_msgs:/home/siny/hydra_ws/install/ianvs:/home/siny/hydra_ws/install/hydra_msgs:/home/siny/hydra_ws/install/config_utilities_msgs:${AMENT_PREFIX_PATH} CMAKE_PREFIX_PATH=/home/siny/hydra_ws/install/kimera_pgmo_ros:/home/siny/hydra_ws/install/hydra_visualizer:/home/siny/hydra_ws/install/hydra:/home/siny/hydra_ws/install/pose_graph_tools_ros:/home/siny/hydra_ws/install/kimera_pgmo_rviz:/home/siny/hydra_ws/install/kimera_pgmo:/home/siny/hydra_ws/install/config_utilities_ros:/home/siny/hydra_ws/install/teaserpp:/home/siny/hydra_ws/install/spatial_hash:/home/siny/hydra_ws/install/spark_dsg:/home/siny/hydra_ws/install/semantic_inference_msgs:/home/siny/hydra_ws/install/pose_graph_tools_msgs:/home/siny/hydra_ws/install/pose_graph_tools:/home/siny/hydra_ws/install/kimera_rpgo:/home/siny/hydra_ws/install/kimera_pgmo_msgs:/home/siny/hydra_ws/install/ianvs:/home/siny/hydra_ws/install/hydra_msgs:/home/siny/hydra_ws/install/config_utilities_msgs:/home/siny/hydra_ws/install/config_utilities:/opt/ros/jazzy/opt/gz_math_vendor:/opt/ros/jazzy/opt/gz_utils_vendor:/opt/ros/jazzy/opt/gz_cmake_vendor:/opt/ros/jazzy DEBUGINFOD_URLS=https://debuginfod.ubuntu.com LD_LIBRARY_PATH=/home/siny/hydra_ws/install/kimera_pgmo_ros/lib:/home/siny/hydra_ws/install/hydra_visualizer/lib:/home/siny/hydra_ws/install/hydra/lib:/home/siny/hydra_ws/install/pose_graph_tools_ros/lib:/home/siny/hydra_ws/install/kimera_pgmo_rviz/lib:/home/siny/hydra_ws/install/kimera_pgmo/lib:/home/siny/hydra_ws/install/config_utilities_ros/lib:/home/siny/hydra_ws/install/teaserpp/lib:/home/siny/hydra_ws/install/spark_dsg/lib:/home/siny/hydra_ws/install/semantic_inference_msgs/lib:/home/siny/hydra_ws/install/pose_graph_tools_msgs/lib:/home/siny/hydra_ws/install/pose_graph_tools/lib:/home/siny/hydra_ws/install/kimera_rpgo/lib:/home/siny/hydra_ws/install/kimera_pgmo_msgs/lib:/home/siny/hydra_ws/install/ianvs/lib:/home/siny/hydra_ws/install/hydra_msgs/lib:/home/siny/hydra_ws/install/config_utilities_msgs/lib:/home/siny/hydra_ws/install/config_utilities/lib:${LD_LIBRARY_PATH} PATH=/home/siny/hydra_ws/install/kimera_pgmo/bin:/home/siny/hydra_ws/install/spark_dsg/bin:/home/siny/hydra_ws/install/config_utilities/bin:${PATH} PKG_CONFIG_PATH=/home/siny/hydra_ws/install/hydra/lib/aarch64-linux-gnu/pkgconfig:/home/siny/hydra_ws/install/hydra/lib/pkgconfig:/home/siny/hydra_ws/install/kimera_pgmo/lib/aarch64-linux-gnu/pkgconfig:/home/siny/hydra_ws/install/kimera_pgmo/lib/pkgconfig:/home/siny/hydra_ws/install/teaserpp/lib/aarch64-linux-gnu/pkgconfig:/home/siny/hydra_ws/install/teaserpp/lib/pkgconfig:/home/siny/hydra_ws/install/spatial_hash/lib/aarch64-linux-gnu/pkgconfig:/home/siny/hydra_ws/install/spatial_hash/lib/pkgconfig:/home/siny/hydra_ws/install/spark_dsg/lib/aarch64-linux-gnu/pkgconfig:/home/siny/hydra_ws/install/spark_dsg/lib/pkgconfig:/home/siny/hydra_ws/install/pose_graph_tools/lib/aarch64-linux-gnu/pkgconfig:/home/siny/hydra_ws/install/pose_graph_tools/lib/pkgconfig:/home/siny/hydra_ws/install/kimera_rpgo/lib/aarch64-linux-gnu/pkgconfig:/home/siny/hydra_ws/install/kimera_rpgo/lib/pkgconfig:/home/siny/hydra_ws/install/config_utilities/lib/aarch64-linux-gnu/pkgconfig:/home/siny/hydra_ws/install/config_utilities/lib/pkgconfig PYTHONPATH=/home/siny/hydra_ws/install/config_utilities_ros/lib/python3.12/site-packages:/home/siny/hydra_ws/install/semantic_inference_msgs/lib/python3.12/site-packages:/home/siny/hydra_ws/install/pose_graph_tools_msgs/lib/python3.12/site-packages:/home/siny/hydra_ws/install/kimera_pgmo_msgs/lib/python3.12/site-packages:/home/siny/hydra_ws/install/ianvs/lib/python3.12/site-packages:/home/siny/hydra_ws/install/hydra_msgs/lib/python3.12/site-packages:/home/siny/hydra_ws/install/config_utilities_msgs/lib/python3.12/site-packages:${PYTHONPATH} /usr/bin/cmake --install /home/siny/hydra_ws/build/hydra_ros
