[0.013s] Invoking command in '/home/siny/hydra_ws/build/semantic_inference_ros': AMENT_PREFIX_PATH=/home/siny/hydra_ws/install/ianvs CMAKE_PREFIX_PATH=/home/siny/hydra_ws/install/semantic_inference:/home/siny/hydra_ws/install/ianvs:/home/siny/hydra_ws/install/config_utilities CONDA_PROMPT_MODIFIER=(base) DEBUGINFOD_URLS=https://debuginfod.ubuntu.com LD_LIBRARY_PATH=/home/siny/hydra_ws/install/semantic_inference/lib:/home/siny/hydra_ws/install/ianvs/lib:/home/siny/hydra_ws/install/config_utilities/lib PATH=/home/siny/hydra_ws/install/semantic_inference/bin:/home/siny/hydra_ws/install/config_utilities/bin:${PATH} PKG_CONFIG_PATH=/home/siny/hydra_ws/install/semantic_inference/lib/aarch64-linux-gnu/pkgconfig:/home/siny/hydra_ws/install/semantic_inference/lib/pkgconfig:/home/siny/hydra_ws/install/config_utilities/lib/aarch64-linux-gnu/pkgconfig:/home/siny/hydra_ws/install/config_utilities/lib/pkgconfig PYTHONPATH=/home/siny/hydra_ws/install/ianvs/lib/python3.12/site-packages /usr/bin/cmake --build /home/siny/hydra_ws/build/semantic_inference_ros -- -j20 -l20
[0.062s] [  7%] Built target relabel_node
[0.065s] [ 14%] Built target gtest
[0.065s] [ 22%] Built target gtest_main
[0.065s] [ 29%] Built target mask_node
[0.065s] [ 37%] Built target backprojection_node
[0.065s] [ 37%] Built target ament_cmake_python_copy_semantic_inference_ros
[0.067s] [ 44%] Built target rgbd_closed_set_node
[0.067s] [ 51%] Built target closed_set_node
[0.080s] [ 81%] Built target semantic_inference_ros
[0.102s] [ 88%] Built target closed_set_rosbag_writer
[0.115s] [100%] Built target semantic_inference_ros_test
[0.174s] running egg_info
[0.179s] writing semantic_inference_ros.egg-info/PKG-INFO
[0.179s] writing dependency_links to semantic_inference_ros.egg-info/dependency_links.txt
[0.179s] writing top-level names to semantic_inference_ros.egg-info/top_level.txt
[0.195s] reading manifest file 'semantic_inference_ros.egg-info/SOURCES.txt'
[0.195s] writing manifest file 'semantic_inference_ros.egg-info/SOURCES.txt'
[0.213s] [100%] Built target ament_cmake_python_build_semantic_inference_ros_egg
[0.225s] Invoked command in '/home/siny/hydra_ws/build/semantic_inference_ros' returned '0': AMENT_PREFIX_PATH=/home/siny/hydra_ws/install/ianvs CMAKE_PREFIX_PATH=/home/siny/hydra_ws/install/semantic_inference:/home/siny/hydra_ws/install/ianvs:/home/siny/hydra_ws/install/config_utilities CONDA_PROMPT_MODIFIER=(base) DEBUGINFOD_URLS=https://debuginfod.ubuntu.com LD_LIBRARY_PATH=/home/siny/hydra_ws/install/semantic_inference/lib:/home/siny/hydra_ws/install/ianvs/lib:/home/siny/hydra_ws/install/config_utilities/lib PATH=/home/siny/hydra_ws/install/semantic_inference/bin:/home/siny/hydra_ws/install/config_utilities/bin:${PATH} PKG_CONFIG_PATH=/home/siny/hydra_ws/install/semantic_inference/lib/aarch64-linux-gnu/pkgconfig:/home/siny/hydra_ws/install/semantic_inference/lib/pkgconfig:/home/siny/hydra_ws/install/config_utilities/lib/aarch64-linux-gnu/pkgconfig:/home/siny/hydra_ws/install/config_utilities/lib/pkgconfig PYTHONPATH=/home/siny/hydra_ws/install/ianvs/lib/python3.12/site-packages /usr/bin/cmake --build /home/siny/hydra_ws/build/semantic_inference_ros -- -j20 -l20
[0.226s] Invoking command in '/home/siny/hydra_ws/build/semantic_inference_ros': AMENT_PREFIX_PATH=/home/siny/hydra_ws/install/ianvs CMAKE_PREFIX_PATH=/home/siny/hydra_ws/install/semantic_inference:/home/siny/hydra_ws/install/ianvs:/home/siny/hydra_ws/install/config_utilities CONDA_PROMPT_MODIFIER=(base) DEBUGINFOD_URLS=https://debuginfod.ubuntu.com LD_LIBRARY_PATH=/home/siny/hydra_ws/install/semantic_inference/lib:/home/siny/hydra_ws/install/ianvs/lib:/home/siny/hydra_ws/install/config_utilities/lib PATH=/home/siny/hydra_ws/install/semantic_inference/bin:/home/siny/hydra_ws/install/config_utilities/bin:${PATH} PKG_CONFIG_PATH=/home/siny/hydra_ws/install/semantic_inference/lib/aarch64-linux-gnu/pkgconfig:/home/siny/hydra_ws/install/semantic_inference/lib/pkgconfig:/home/siny/hydra_ws/install/config_utilities/lib/aarch64-linux-gnu/pkgconfig:/home/siny/hydra_ws/install/config_utilities/lib/pkgconfig PYTHONPATH=/home/siny/hydra_ws/install/ianvs/lib/python3.12/site-packages /usr/bin/cmake --install /home/siny/hydra_ws/build/semantic_inference_ros
[0.233s] -- Install configuration: "Release"
[0.234s] -- Up-to-date: /home/siny/hydra_ws/install/semantic_inference_ros/lib/semantic_inference_ros/backprojection_node
[0.235s] -- Up-to-date: /home/siny/hydra_ws/install/semantic_inference_ros/lib/semantic_inference_ros/closed_set_node
[0.236s] -- Up-to-date: /home/siny/hydra_ws/install/semantic_inference_ros/lib/semantic_inference_ros/mask_node
[0.237s] -- Up-to-date: /home/siny/hydra_ws/install/semantic_inference_ros/lib/semantic_inference_ros/relabel_node
[0.238s] -- Up-to-date: /home/siny/hydra_ws/install/semantic_inference_ros/lib/semantic_inference_ros/rgbd_closed_set_node
[0.239s] -- Up-to-date: /home/siny/hydra_ws/install/semantic_inference_ros/lib/libsemantic_inference_ros.so
[0.239s] -- Up-to-date: /home/siny/hydra_ws/install/semantic_inference_ros/lib/semantic_inference_ros/image_embedding_node
[0.239s] -- Up-to-date: /home/siny/hydra_ws/install/semantic_inference_ros/lib/semantic_inference_ros/open_set_node
[0.239s] -- Up-to-date: /home/siny/hydra_ws/install/semantic_inference_ros/lib/semantic_inference_ros/text_embedding_node
[0.240s] -- Up-to-date: /home/siny/hydra_ws/install/semantic_inference_ros/lib/semantic_inference_ros/closed_set_rosbag_writer
[0.240s] -- Up-to-date: /home/siny/hydra_ws/install/semantic_inference_ros/include/semantic_inference_ros/
[0.240s] -- Up-to-date: /home/siny/hydra_ws/install/semantic_inference_ros/include/semantic_inference_ros//pointcloud_projection.h
[0.240s] -- Up-to-date: /home/siny/hydra_ws/install/semantic_inference_ros/include/semantic_inference_ros//ros_log_sink.h
[0.240s] -- Up-to-date: /home/siny/hydra_ws/install/semantic_inference_ros/include/semantic_inference_ros//output_publisher.h
[0.240s] -- Up-to-date: /home/siny/hydra_ws/install/semantic_inference_ros/include/semantic_inference_ros//worker.h
[0.240s] -- Up-to-date: /home/siny/hydra_ws/install/semantic_inference_ros/share/semantic_inference_ros/launch
[0.240s] -- Up-to-date: /home/siny/hydra_ws/install/semantic_inference_ros/share/semantic_inference_ros/launch/image_embedding_node.launch.yaml
[0.240s] -- Up-to-date: /home/siny/hydra_ws/install/semantic_inference_ros/share/semantic_inference_ros/launch/closed_set.launch.yaml
[0.240s] -- Up-to-date: /home/siny/hydra_ws/install/semantic_inference_ros/share/semantic_inference_ros/launch/text_embedding_node.launch.yaml
[0.241s] -- Up-to-date: /home/siny/hydra_ws/install/semantic_inference_ros/share/semantic_inference_ros/launch/open_set.launch.yaml
[0.241s] -- Up-to-date: /home/siny/hydra_ws/install/semantic_inference_ros/share/semantic_inference_ros/config
[0.241s] -- Up-to-date: /home/siny/hydra_ws/install/semantic_inference_ros/share/semantic_inference_ros/config/label_groupings
[0.241s] -- Up-to-date: /home/siny/hydra_ws/install/semantic_inference_ros/share/semantic_inference_ros/config/label_groupings/mpcat40.yaml
[0.241s] -- Up-to-date: /home/siny/hydra_ws/install/semantic_inference_ros/share/semantic_inference_ros/config/label_groupings/ade20k_mit.yaml
[0.241s] -- Up-to-date: /home/siny/hydra_ws/install/semantic_inference_ros/share/semantic_inference_ros/config/label_groupings/ade20k_outdoor.yaml
[0.241s] -- Up-to-date: /home/siny/hydra_ws/install/semantic_inference_ros/share/semantic_inference_ros/config/label_groupings/ade20k_mp3d.yaml
[0.241s] -- Up-to-date: /home/siny/hydra_ws/install/semantic_inference_ros/share/semantic_inference_ros/config/label_groupings/ade20k_full.yaml
[0.241s] -- Up-to-date: /home/siny/hydra_ws/install/semantic_inference_ros/share/semantic_inference_ros/config/label_groupings/ade20k_indoor.yaml
[0.241s] -- Up-to-date: /home/siny/hydra_ws/install/semantic_inference_ros/share/semantic_inference_ros/config/distinct_150_colors.csv
[0.241s] -- Up-to-date: /home/siny/hydra_ws/install/semantic_inference_ros/share/semantic_inference_ros/config/openset
[0.241s] -- Up-to-date: /home/siny/hydra_ws/install/semantic_inference_ros/share/semantic_inference_ros/config/openset/fastsam-clip_vit14l.yaml
[0.241s] -- Up-to-date: /home/siny/hydra_ws/install/semantic_inference_ros/share/semantic_inference_ros/config/models
[0.241s] -- Up-to-date: /home/siny/hydra_ws/install/semantic_inference_ros/share/semantic_inference_ros/config/models/ade20k-hrnetv2-c1.yaml
[0.241s] -- Up-to-date: /home/siny/hydra_ws/install/semantic_inference_ros/share/semantic_inference_ros/config/models/ade20k-mobilenetv2dilated-c1_deepsup.yaml
[0.241s] -- Up-to-date: /home/siny/hydra_ws/install/semantic_inference_ros/share/semantic_inference_ros/config/models/ade20k-efficientvit_seg_l2.yaml
[0.242s] -- Up-to-date: /home/siny/hydra_ws/install/semantic_inference_ros/share/semantic_inference_ros/environment/pythonpath.sh
[0.242s] -- Up-to-date: /home/siny/hydra_ws/install/semantic_inference_ros/share/semantic_inference_ros/environment/pythonpath.dsv
[0.242s] -- Up-to-date: /home/siny/hydra_ws/install/semantic_inference_ros/lib/python3.12/site-packages/semantic_inference_ros-0.0.1-py3.12.egg-info
[0.242s] -- Installing: /home/siny/hydra_ws/install/semantic_inference_ros/lib/python3.12/site-packages/semantic_inference_ros-0.0.1-py3.12.egg-info/top_level.txt
[0.242s] -- Installing: /home/siny/hydra_ws/install/semantic_inference_ros/lib/python3.12/site-packages/semantic_inference_ros-0.0.1-py3.12.egg-info/PKG-INFO
[0.242s] -- Installing: /home/siny/hydra_ws/install/semantic_inference_ros/lib/python3.12/site-packages/semantic_inference_ros-0.0.1-py3.12.egg-info/SOURCES.txt
[0.242s] -- Installing: /home/siny/hydra_ws/install/semantic_inference_ros/lib/python3.12/site-packages/semantic_inference_ros-0.0.1-py3.12.egg-info/dependency_links.txt
[0.242s] -- Up-to-date: /home/siny/hydra_ws/install/semantic_inference_ros/lib/python3.12/site-packages/semantic_inference_ros
[0.242s] -- Up-to-date: /home/siny/hydra_ws/install/semantic_inference_ros/lib/python3.12/site-packages/semantic_inference_ros/image_worker.py
[0.242s] -- Up-to-date: /home/siny/hydra_ws/install/semantic_inference_ros/lib/python3.12/site-packages/semantic_inference_ros/ros_logging.py
[0.242s] -- Up-to-date: /home/siny/hydra_ws/install/semantic_inference_ros/lib/python3.12/site-packages/semantic_inference_ros/__init__.py
[0.242s] -- Up-to-date: /home/siny/hydra_ws/install/semantic_inference_ros/lib/python3.12/site-packages/semantic_inference_ros/prompt_encoder.py
[0.242s] -- Up-to-date: /home/siny/hydra_ws/install/semantic_inference_ros/lib/python3.12/site-packages/semantic_inference_ros/ros_conversions.py
[0.274s] Listing '/home/siny/hydra_ws/install/semantic_inference_ros/lib/python3.12/site-packages/semantic_inference_ros'...
[0.278s] -- Up-to-date: /home/siny/hydra_ws/install/semantic_inference_ros/share/ament_index/resource_index/package_run_dependencies/semantic_inference_ros
[0.278s] -- Up-to-date: /home/siny/hydra_ws/install/semantic_inference_ros/share/ament_index/resource_index/parent_prefix_path/semantic_inference_ros
[0.278s] -- Up-to-date: /home/siny/hydra_ws/install/semantic_inference_ros/share/semantic_inference_ros/environment/ament_prefix_path.sh
[0.278s] -- Up-to-date: /home/siny/hydra_ws/install/semantic_inference_ros/share/semantic_inference_ros/environment/ament_prefix_path.dsv
[0.278s] -- Up-to-date: /home/siny/hydra_ws/install/semantic_inference_ros/share/semantic_inference_ros/environment/path.sh
[0.278s] -- Up-to-date: /home/siny/hydra_ws/install/semantic_inference_ros/share/semantic_inference_ros/environment/path.dsv
[0.278s] -- Up-to-date: /home/siny/hydra_ws/install/semantic_inference_ros/share/semantic_inference_ros/local_setup.bash
[0.278s] -- Up-to-date: /home/siny/hydra_ws/install/semantic_inference_ros/share/semantic_inference_ros/local_setup.sh
[0.279s] -- Up-to-date: /home/siny/hydra_ws/install/semantic_inference_ros/share/semantic_inference_ros/local_setup.zsh
[0.279s] -- Up-to-date: /home/siny/hydra_ws/install/semantic_inference_ros/share/semantic_inference_ros/local_setup.dsv
[0.279s] -- Installing: /home/siny/hydra_ws/install/semantic_inference_ros/share/semantic_inference_ros/package.dsv
[0.279s] -- Up-to-date: /home/siny/hydra_ws/install/semantic_inference_ros/share/ament_index/resource_index/packages/semantic_inference_ros
[0.279s] -- Up-to-date: /home/siny/hydra_ws/install/semantic_inference_ros/share/ament_index/resource_index/rclcpp_components/semantic_inference_ros
[0.279s] -- Up-to-date: /home/siny/hydra_ws/install/semantic_inference_ros/share/semantic_inference_ros/cmake/semantic_inference_ros-targetsExport.cmake
[0.279s] -- Up-to-date: /home/siny/hydra_ws/install/semantic_inference_ros/share/semantic_inference_ros/cmake/semantic_inference_ros-targetsExport-release.cmake
[0.279s] -- Up-to-date: /home/siny/hydra_ws/install/semantic_inference_ros/share/semantic_inference_ros/cmake/ament_cmake_export_targets-extras.cmake
[0.279s] -- Up-to-date: /home/siny/hydra_ws/install/semantic_inference_ros/share/semantic_inference_ros/cmake/ament_cmake_export_dependencies-extras.cmake
[0.279s] -- Up-to-date: /home/siny/hydra_ws/install/semantic_inference_ros/share/semantic_inference_ros/cmake/semantic_inference_rosConfig.cmake
[0.279s] -- Up-to-date: /home/siny/hydra_ws/install/semantic_inference_ros/share/semantic_inference_ros/cmake/semantic_inference_rosConfig-version.cmake
[0.280s] -- Up-to-date: /home/siny/hydra_ws/install/semantic_inference_ros/share/semantic_inference_ros/package.xml
[0.295s] Invoked command in '/home/siny/hydra_ws/build/semantic_inference_ros' returned '0': AMENT_PREFIX_PATH=/home/siny/hydra_ws/install/ianvs CMAKE_PREFIX_PATH=/home/siny/hydra_ws/install/semantic_inference:/home/siny/hydra_ws/install/ianvs:/home/siny/hydra_ws/install/config_utilities CONDA_PROMPT_MODIFIER=(base) DEBUGINFOD_URLS=https://debuginfod.ubuntu.com LD_LIBRARY_PATH=/home/siny/hydra_ws/install/semantic_inference/lib:/home/siny/hydra_ws/install/ianvs/lib:/home/siny/hydra_ws/install/config_utilities/lib PATH=/home/siny/hydra_ws/install/semantic_inference/bin:/home/siny/hydra_ws/install/config_utilities/bin:${PATH} PKG_CONFIG_PATH=/home/siny/hydra_ws/install/semantic_inference/lib/aarch64-linux-gnu/pkgconfig:/home/siny/hydra_ws/install/semantic_inference/lib/pkgconfig:/home/siny/hydra_ws/install/config_utilities/lib/aarch64-linux-gnu/pkgconfig:/home/siny/hydra_ws/install/config_utilities/lib/pkgconfig PYTHONPATH=/home/siny/hydra_ws/install/ianvs/lib/python3.12/site-packages /usr/bin/cmake --install /home/siny/hydra_ws/build/semantic_inference_ros
