[0.018s] Invoking command in '/home/siny/hydra_ws/build/kimera_pgmo': CMAKE_PREFIX_PATH=/home/siny/hydra_ws/install/spatial_hash:/home/siny/hydra_ws/install/pose_graph_tools:/home/siny/hydra_ws/install/kimera_rpgo:/home/siny/hydra_ws/install/config_utilities CONDA_PROMPT_MODIFIER=(base) DEBUGINFOD_URLS=https://debuginfod.ubuntu.com LD_LIBRARY_PATH=/home/siny/hydra_ws/install/pose_graph_tools/lib:/home/siny/hydra_ws/install/kimera_rpgo/lib:/home/siny/hydra_ws/install/config_utilities/lib PATH=/home/siny/hydra_ws/install/config_utilities/bin:${PATH} PKG_CONFIG_PATH=/home/siny/hydra_ws/install/spatial_hash/lib/aarch64-linux-gnu/pkgconfig:/home/siny/hydra_ws/install/spatial_hash/lib/pkgconfig:/home/siny/hydra_ws/install/pose_graph_tools/lib/aarch64-linux-gnu/pkgconfig:/home/siny/hydra_ws/install/pose_graph_tools/lib/pkgconfig:/home/siny/hydra_ws/install/kimera_rpgo/lib/aarch64-linux-gnu/pkgconfig:/home/siny/hydra_ws/install/kimera_rpgo/lib/pkgconfig:/home/siny/hydra_ws/install/config_utilities/lib/aarch64-linux-gnu/pkgconfig:/home/siny/hydra_ws/install/config_utilities/lib/pkgconfig /usr/bin/cmake --build /home/siny/hydra_ws/build/kimera_pgmo -- -j20 -l20
[0.176s] [ 50%] Built target kimera_pgmo
[0.186s] [ 54%] Built target offline_deformation
[0.188s] [ 59%] Built target mesh_trajectory_deformer
[0.188s] [100%] Built target test_kimera_pgmo
[0.227s] Invoked command in '/home/siny/hydra_ws/build/kimera_pgmo' returned '0': CMAKE_PREFIX_PATH=/home/siny/hydra_ws/install/spatial_hash:/home/siny/hydra_ws/install/pose_graph_tools:/home/siny/hydra_ws/install/kimera_rpgo:/home/siny/hydra_ws/install/config_utilities CONDA_PROMPT_MODIFIER=(base) DEBUGINFOD_URLS=https://debuginfod.ubuntu.com LD_LIBRARY_PATH=/home/siny/hydra_ws/install/pose_graph_tools/lib:/home/siny/hydra_ws/install/kimera_rpgo/lib:/home/siny/hydra_ws/install/config_utilities/lib PATH=/home/siny/hydra_ws/install/config_utilities/bin:${PATH} PKG_CONFIG_PATH=/home/siny/hydra_ws/install/spatial_hash/lib/aarch64-linux-gnu/pkgconfig:/home/siny/hydra_ws/install/spatial_hash/lib/pkgconfig:/home/siny/hydra_ws/install/pose_graph_tools/lib/aarch64-linux-gnu/pkgconfig:/home/siny/hydra_ws/install/pose_graph_tools/lib/pkgconfig:/home/siny/hydra_ws/install/kimera_rpgo/lib/aarch64-linux-gnu/pkgconfig:/home/siny/hydra_ws/install/kimera_rpgo/lib/pkgconfig:/home/siny/hydra_ws/install/config_utilities/lib/aarch64-linux-gnu/pkgconfig:/home/siny/hydra_ws/install/config_utilities/lib/pkgconfig /usr/bin/cmake --build /home/siny/hydra_ws/build/kimera_pgmo -- -j20 -l20
[0.227s] Invoking command in '/home/siny/hydra_ws/build/kimera_pgmo': CMAKE_PREFIX_PATH=/home/siny/hydra_ws/install/spatial_hash:/home/siny/hydra_ws/install/pose_graph_tools:/home/siny/hydra_ws/install/kimera_rpgo:/home/siny/hydra_ws/install/config_utilities CONDA_PROMPT_MODIFIER=(base) DEBUGINFOD_URLS=https://debuginfod.ubuntu.com LD_LIBRARY_PATH=/home/siny/hydra_ws/install/pose_graph_tools/lib:/home/siny/hydra_ws/install/kimera_rpgo/lib:/home/siny/hydra_ws/install/config_utilities/lib PATH=/home/siny/hydra_ws/install/config_utilities/bin:${PATH} PKG_CONFIG_PATH=/home/siny/hydra_ws/install/spatial_hash/lib/aarch64-linux-gnu/pkgconfig:/home/siny/hydra_ws/install/spatial_hash/lib/pkgconfig:/home/siny/hydra_ws/install/pose_graph_tools/lib/aarch64-linux-gnu/pkgconfig:/home/siny/hydra_ws/install/pose_graph_tools/lib/pkgconfig:/home/siny/hydra_ws/install/kimera_rpgo/lib/aarch64-linux-gnu/pkgconfig:/home/siny/hydra_ws/install/kimera_rpgo/lib/pkgconfig:/home/siny/hydra_ws/install/config_utilities/lib/aarch64-linux-gnu/pkgconfig:/home/siny/hydra_ws/install/config_utilities/lib/pkgconfig /usr/bin/cmake --install /home/siny/hydra_ws/build/kimera_pgmo
[0.234s] -- Install configuration: "Release"
[0.235s] -- Up-to-date: /home/siny/hydra_ws/install/kimera_pgmo/lib/libkimera_pgmo.so
[0.237s] -- Up-to-date: /home/siny/hydra_ws/install/kimera_pgmo/bin/mesh_trajectory_deformer
[0.237s] -- Up-to-date: /home/siny/hydra_ws/install/kimera_pgmo/include
[0.237s] -- Up-to-date: /home/siny/hydra_ws/install/kimera_pgmo/include/kimera_pgmo
[0.237s] -- Up-to-date: /home/siny/hydra_ws/install/kimera_pgmo/include/kimera_pgmo/pcl_mesh_traits.h
[0.237s] -- Up-to-date: /home/siny/hydra_ws/install/kimera_pgmo/include/kimera_pgmo/compression
[0.237s] -- Up-to-date: /home/siny/hydra_ws/install/kimera_pgmo/include/kimera_pgmo/compression/mesh_compression.h
[0.237s] -- Up-to-date: /home/siny/hydra_ws/install/kimera_pgmo/include/kimera_pgmo/compression/voxel_clearing_compression.h
[0.237s] -- Up-to-date: /home/siny/hydra_ws/install/kimera_pgmo/include/kimera_pgmo/compression/octree_compression.h
[0.237s] -- Up-to-date: /home/siny/hydra_ws/install/kimera_pgmo/include/kimera_pgmo/compression/block_compression.h
[0.237s] -- Up-to-date: /home/siny/hydra_ws/install/kimera_pgmo/include/kimera_pgmo/compression/delta_compression.h
[0.237s] -- Up-to-date: /home/siny/hydra_ws/install/kimera_pgmo/include/kimera_pgmo/compression/redundancy_checker.h
[0.237s] -- Up-to-date: /home/siny/hydra_ws/install/kimera_pgmo/include/kimera_pgmo/mesh_frontend_interface.h
[0.238s] -- Up-to-date: /home/siny/hydra_ws/install/kimera_pgmo/include/kimera_pgmo/hashing.h
[0.238s] -- Up-to-date: /home/siny/hydra_ws/install/kimera_pgmo/include/kimera_pgmo/mesh_deformation.h
[0.238s] -- Up-to-date: /home/siny/hydra_ws/install/kimera_pgmo/include/kimera_pgmo/deformation_graph.h
[0.238s] -- Up-to-date: /home/siny/hydra_ws/install/kimera_pgmo/include/kimera_pgmo/utils
[0.238s] -- Up-to-date: /home/siny/hydra_ws/install/kimera_pgmo/include/kimera_pgmo/utils/common_functions.h
[0.238s] -- Up-to-date: /home/siny/hydra_ws/install/kimera_pgmo/include/kimera_pgmo/utils/pcl_mesh_interface.h
[0.238s] -- Up-to-date: /home/siny/hydra_ws/install/kimera_pgmo/include/kimera_pgmo/utils/range_generator.h
[0.238s] -- Up-to-date: /home/siny/hydra_ws/install/kimera_pgmo/include/kimera_pgmo/utils/mesh_io.h
[0.238s] -- Up-to-date: /home/siny/hydra_ws/install/kimera_pgmo/include/kimera_pgmo/utils/mesh_interface.h
[0.238s] -- Up-to-date: /home/siny/hydra_ws/install/kimera_pgmo/include/kimera_pgmo/utils/logging.h
[0.238s] -- Up-to-date: /home/siny/hydra_ws/install/kimera_pgmo/include/kimera_pgmo/utils/common_structs.h
[0.238s] -- Up-to-date: /home/siny/hydra_ws/install/kimera_pgmo/include/kimera_pgmo/utils/happly
[0.238s] -- Up-to-date: /home/siny/hydra_ws/install/kimera_pgmo/include/kimera_pgmo/utils/happly/README.md
[0.238s] -- Up-to-date: /home/siny/hydra_ws/install/kimera_pgmo/include/kimera_pgmo/utils/happly/.gitignore
[0.238s] -- Up-to-date: /home/siny/hydra_ws/install/kimera_pgmo/include/kimera_pgmo/utils/happly/happly.h
[0.238s] -- Up-to-date: /home/siny/hydra_ws/install/kimera_pgmo/include/kimera_pgmo/utils/happly/.travis.yml
[0.238s] -- Up-to-date: /home/siny/hydra_ws/install/kimera_pgmo/include/kimera_pgmo/utils/happly/.clang-format
[0.238s] -- Up-to-date: /home/siny/hydra_ws/install/kimera_pgmo/include/kimera_pgmo/utils/happly/happly_logo.jpg
[0.238s] -- Up-to-date: /home/siny/hydra_ws/install/kimera_pgmo/include/kimera_pgmo/utils/happly/LICENSE
[0.238s] -- Up-to-date: /home/siny/hydra_ws/install/kimera_pgmo/include/kimera_pgmo/utils/happly/test
[0.238s] -- Up-to-date: /home/siny/hydra_ws/install/kimera_pgmo/include/kimera_pgmo/utils/happly/test/sampledata
[0.238s] -- Up-to-date: /home/siny/hydra_ws/install/kimera_pgmo/include/kimera_pgmo/utils/happly/test/sampledata/platonic_shelf_big_endian.ply
[0.238s] -- Up-to-date: /home/siny/hydra_ws/install/kimera_pgmo/include/kimera_pgmo/utils/happly/test/sampledata/platonic_shelf.ply
[0.238s] -- Up-to-date: /home/siny/hydra_ws/install/kimera_pgmo/include/kimera_pgmo/utils/happly/test/sampledata/platonic_shelf_ascii.ply
[0.238s] -- Up-to-date: /home/siny/hydra_ws/install/kimera_pgmo/include/kimera_pgmo/utils/happly/test/CMakeLists.txt
[0.238s] -- Up-to-date: /home/siny/hydra_ws/install/kimera_pgmo/include/kimera_pgmo/utils/happly/test/main_test.cpp
[0.239s] -- Up-to-date: /home/siny/hydra_ws/install/kimera_pgmo/include/kimera_pgmo/utils/happly/test/CMakeLists.txt.in
[0.239s] -- Up-to-date: /home/siny/hydra_ws/install/kimera_pgmo/include/kimera_pgmo/mesh_delta.h
[0.239s] -- Up-to-date: /home/siny/hydra_ws/install/kimera_pgmo/include/kimera_pgmo/mesh_types.h
[0.239s] -- Up-to-date: /home/siny/hydra_ws/install/kimera_pgmo/include/kimera_pgmo/kimera_pgmo_interface.h
[0.239s] -- Up-to-date: /home/siny/hydra_ws/install/kimera_pgmo/include/kimera_pgmo/mesh_traits.h
[0.239s] -- Up-to-date: /home/siny/hydra_ws/install/kimera_pgmo/include/kimera_pgmo/optimizer
[0.239s] -- Up-to-date: /home/siny/hydra_ws/install/kimera_pgmo/include/kimera_pgmo/optimizer/kimera_rpgo_optimizer.h
[0.239s] -- Up-to-date: /home/siny/hydra_ws/install/kimera_pgmo/include/kimera_pgmo/optimizer/optimizer_interface.h
[0.239s] -- Up-to-date: /home/siny/hydra_ws/install/kimera_pgmo/include/kimera_pgmo/sparse_keyframe.h
[0.239s] -- Up-to-date: /home/siny/hydra_ws/install/kimera_pgmo/include/kimera_pgmo/deformation_graph_4dof.h
[0.239s] -- Up-to-date: /home/siny/hydra_ws/install/kimera_pgmo/lib/cmake/kimera_pgmo/kimera_pgmoTargets.cmake
[0.239s] -- Up-to-date: /home/siny/hydra_ws/install/kimera_pgmo/lib/cmake/kimera_pgmo/kimera_pgmoTargets-release.cmake
[0.239s] -- Up-to-date: /home/siny/hydra_ws/install/kimera_pgmo/lib/cmake/kimera_pgmo/kimera_pgmoConfig.cmake
[0.239s] -- Up-to-date: /home/siny/hydra_ws/install/kimera_pgmo/lib/cmake/kimera_pgmo/kimera_pgmoConfigVersion.cmake
[0.244s] Invoked command in '/home/siny/hydra_ws/build/kimera_pgmo' returned '0': CMAKE_PREFIX_PATH=/home/siny/hydra_ws/install/spatial_hash:/home/siny/hydra_ws/install/pose_graph_tools:/home/siny/hydra_ws/install/kimera_rpgo:/home/siny/hydra_ws/install/config_utilities CONDA_PROMPT_MODIFIER=(base) DEBUGINFOD_URLS=https://debuginfod.ubuntu.com LD_LIBRARY_PATH=/home/siny/hydra_ws/install/pose_graph_tools/lib:/home/siny/hydra_ws/install/kimera_rpgo/lib:/home/siny/hydra_ws/install/config_utilities/lib PATH=/home/siny/hydra_ws/install/config_utilities/bin:${PATH} PKG_CONFIG_PATH=/home/siny/hydra_ws/install/spatial_hash/lib/aarch64-linux-gnu/pkgconfig:/home/siny/hydra_ws/install/spatial_hash/lib/pkgconfig:/home/siny/hydra_ws/install/pose_graph_tools/lib/aarch64-linux-gnu/pkgconfig:/home/siny/hydra_ws/install/pose_graph_tools/lib/pkgconfig:/home/siny/hydra_ws/install/kimera_rpgo/lib/aarch64-linux-gnu/pkgconfig:/home/siny/hydra_ws/install/kimera_rpgo/lib/pkgconfig:/home/siny/hydra_ws/install/config_utilities/lib/aarch64-linux-gnu/pkgconfig:/home/siny/hydra_ws/install/config_utilities/lib/pkgconfig /usr/bin/cmake --install /home/siny/hydra_ws/build/kimera_pgmo
