[0.024s] Invoking command in '/home/siny/hydra_ws/build/config_utilities_msgs': CMAKE_PREFIX_PATH=${CMAKE_PREFIX_PATH}:/opt/ros/jazzy:/home/siny/ros2_jazzy/install/ament_uncrustify:/home/siny/ros2_jazzy/install/tracetools_trace:/home/siny/ros2_jazzy/install/tracetools_read:/home/siny/ros2_jazzy/install/rpyutils:/home/siny/ros2_jazzy/install/rosidl_pycommon:/home/siny/ros2_jazzy/install/rosidl_cli:/home/siny/ros2_jazzy/install/launch_pytest:/home/siny/ros2_jazzy/install/launch_testing:/home/siny/ros2_jazzy/install/launch_yaml:/home/siny/ros2_jazzy/install/launch_xml:/home/siny/ros2_jazzy/install/launch:/home/siny/ros2_jazzy/install/osrf_pycommon:/home/siny/ros2_jazzy/install/domain_coordinator:/home/siny/ros2_jazzy/install/ament_xmllint:/home/siny/ros2_jazzy/install/ament_pyflakes:/home/siny/ros2_jazzy/install/ament_pycodestyle:/home/siny/ros2_jazzy/install/ament_pep257:/home/siny/ros2_jazzy/install/ament_pclint:/home/siny/ros2_jazzy/install/ament_package:/home/siny/ros2_jazzy/install/ament_mypy:/home/siny/ros2_jazzy/install/ament_lint_cmake:/home/siny/ros2_jazzy/install/ament_flake8:/home/siny/ros2_jazzy/install/ament_copyright:/home/siny/ros2_jazzy/install/ament_lint:/home/siny/ros2_jazzy/install/ament_index_python:/home/siny/ros2_jazzy/install/ament_cpplint:/home/siny/ros2_jazzy/install/ament_cppcheck:/home/siny/ros2_jazzy/install/ament_clang_tidy:/home/siny/ros2_jazzy/install/ament_clang_format DEBUGINFOD_URLS=https://debuginfod.ubuntu.com /usr/bin/cmake --build /home/siny/hydra_ws/build/config_utilities_msgs -- -j20 -l20
[0.080s] [  2%] Built target config_utilities_msgs__rosidl_generator_type_description
[0.086s] [  2%] Built target ament_cmake_python_copy_config_utilities_msgs
[0.118s] [ 17%] Built target config_utilities_msgs__rosidl_generator_c
[0.123s] [ 20%] Built target config_utilities_msgs__cpp
[0.149s] [ 29%] Built target config_utilities_msgs__rosidl_typesupport_c
[0.151s] [ 38%] Built target config_utilities_msgs__rosidl_typesupport_introspection_c
[0.158s] [ 55%] Built target config_utilities_msgs__rosidl_typesupport_introspection_cpp
[0.158s] [ 55%] Built target config_utilities_msgs__rosidl_typesupport_fastrtps_c
[0.158s] [ 64%] Built target config_utilities_msgs__rosidl_typesupport_fastrtps_cpp
[0.160s] [ 73%] Built target config_utilities_msgs__rosidl_typesupport_cpp
[0.204s] [ 73%] Built target config_utilities_msgs
[0.222s] [ 76%] Built target config_utilities_msgs__py
[0.242s] [ 82%] Built target config_utilities_msgs__rosidl_generator_py
[0.257s] running egg_info
[0.259s] [ 88%] Built target config_utilities_msgs_s__rosidl_typesupport_fastrtps_c
[0.262s] [ 94%] Built target config_utilities_msgs_s__rosidl_typesupport_introspection_c
[0.264s] [100%] Built target config_utilities_msgs_s__rosidl_typesupport_c
[0.266s] writing config_utilities_msgs.egg-info/PKG-INFO
[0.266s] writing dependency_links to config_utilities_msgs.egg-info/dependency_links.txt
[0.266s] writing top-level names to config_utilities_msgs.egg-info/top_level.txt
[0.293s] reading manifest file 'config_utilities_msgs.egg-info/SOURCES.txt'
[0.293s] writing manifest file 'config_utilities_msgs.egg-info/SOURCES.txt'
[0.317s] [100%] Built target ament_cmake_python_build_config_utilities_msgs_egg
[0.330s] Invoked command in '/home/siny/hydra_ws/build/config_utilities_msgs' returned '0': CMAKE_PREFIX_PATH=${CMAKE_PREFIX_PATH}:/opt/ros/jazzy:/home/siny/ros2_jazzy/install/ament_uncrustify:/home/siny/ros2_jazzy/install/tracetools_trace:/home/siny/ros2_jazzy/install/tracetools_read:/home/siny/ros2_jazzy/install/rpyutils:/home/siny/ros2_jazzy/install/rosidl_pycommon:/home/siny/ros2_jazzy/install/rosidl_cli:/home/siny/ros2_jazzy/install/launch_pytest:/home/siny/ros2_jazzy/install/launch_testing:/home/siny/ros2_jazzy/install/launch_yaml:/home/siny/ros2_jazzy/install/launch_xml:/home/siny/ros2_jazzy/install/launch:/home/siny/ros2_jazzy/install/osrf_pycommon:/home/siny/ros2_jazzy/install/domain_coordinator:/home/siny/ros2_jazzy/install/ament_xmllint:/home/siny/ros2_jazzy/install/ament_pyflakes:/home/siny/ros2_jazzy/install/ament_pycodestyle:/home/siny/ros2_jazzy/install/ament_pep257:/home/siny/ros2_jazzy/install/ament_pclint:/home/siny/ros2_jazzy/install/ament_package:/home/siny/ros2_jazzy/install/ament_mypy:/home/siny/ros2_jazzy/install/ament_lint_cmake:/home/siny/ros2_jazzy/install/ament_flake8:/home/siny/ros2_jazzy/install/ament_copyright:/home/siny/ros2_jazzy/install/ament_lint:/home/siny/ros2_jazzy/install/ament_index_python:/home/siny/ros2_jazzy/install/ament_cpplint:/home/siny/ros2_jazzy/install/ament_cppcheck:/home/siny/ros2_jazzy/install/ament_clang_tidy:/home/siny/ros2_jazzy/install/ament_clang_format DEBUGINFOD_URLS=https://debuginfod.ubuntu.com /usr/bin/cmake --build /home/siny/hydra_ws/build/config_utilities_msgs -- -j20 -l20
[0.331s] Invoking command in '/home/siny/hydra_ws/build/config_utilities_msgs': CMAKE_PREFIX_PATH=${CMAKE_PREFIX_PATH}:/opt/ros/jazzy:/home/siny/ros2_jazzy/install/ament_uncrustify:/home/siny/ros2_jazzy/install/tracetools_trace:/home/siny/ros2_jazzy/install/tracetools_read:/home/siny/ros2_jazzy/install/rpyutils:/home/siny/ros2_jazzy/install/rosidl_pycommon:/home/siny/ros2_jazzy/install/rosidl_cli:/home/siny/ros2_jazzy/install/launch_pytest:/home/siny/ros2_jazzy/install/launch_testing:/home/siny/ros2_jazzy/install/launch_yaml:/home/siny/ros2_jazzy/install/launch_xml:/home/siny/ros2_jazzy/install/launch:/home/siny/ros2_jazzy/install/osrf_pycommon:/home/siny/ros2_jazzy/install/domain_coordinator:/home/siny/ros2_jazzy/install/ament_xmllint:/home/siny/ros2_jazzy/install/ament_pyflakes:/home/siny/ros2_jazzy/install/ament_pycodestyle:/home/siny/ros2_jazzy/install/ament_pep257:/home/siny/ros2_jazzy/install/ament_pclint:/home/siny/ros2_jazzy/install/ament_package:/home/siny/ros2_jazzy/install/ament_mypy:/home/siny/ros2_jazzy/install/ament_lint_cmake:/home/siny/ros2_jazzy/install/ament_flake8:/home/siny/ros2_jazzy/install/ament_copyright:/home/siny/ros2_jazzy/install/ament_lint:/home/siny/ros2_jazzy/install/ament_index_python:/home/siny/ros2_jazzy/install/ament_cpplint:/home/siny/ros2_jazzy/install/ament_cppcheck:/home/siny/ros2_jazzy/install/ament_clang_tidy:/home/siny/ros2_jazzy/install/ament_clang_format DEBUGINFOD_URLS=https://debuginfod.ubuntu.com /usr/bin/cmake --install /home/siny/hydra_ws/build/config_utilities_msgs
[0.344s] -- Install configuration: "Release"
[0.344s] -- Up-to-date: /home/siny/hydra_ws/install/config_utilities_msgs/share/ament_index/resource_index/rosidl_interfaces/config_utilities_msgs
[0.344s] -- Up-to-date: /home/siny/hydra_ws/install/config_utilities_msgs/share/config_utilities_msgs/srv/SetConfig.json
[0.344s] -- Up-to-date: /home/siny/hydra_ws/install/config_utilities_msgs/include/config_utilities_msgs/config_utilities_msgs
[0.345s] -- Up-to-date: /home/siny/hydra_ws/install/config_utilities_msgs/include/config_utilities_msgs/config_utilities_msgs/srv
[0.345s] -- Up-to-date: /home/siny/hydra_ws/install/config_utilities_msgs/include/config_utilities_msgs/config_utilities_msgs/srv/set_config.h
[0.345s] -- Up-to-date: /home/siny/hydra_ws/install/config_utilities_msgs/include/config_utilities_msgs/config_utilities_msgs/srv/detail
[0.346s] -- Up-to-date: /home/siny/hydra_ws/install/config_utilities_msgs/include/config_utilities_msgs/config_utilities_msgs/srv/detail/set_config__description.c
[0.346s] -- Up-to-date: /home/siny/hydra_ws/install/config_utilities_msgs/include/config_utilities_msgs/config_utilities_msgs/srv/detail/set_config__functions.c
[0.346s] -- Up-to-date: /home/siny/hydra_ws/install/config_utilities_msgs/include/config_utilities_msgs/config_utilities_msgs/srv/detail/set_config__type_support.c
[0.346s] -- Up-to-date: /home/siny/hydra_ws/install/config_utilities_msgs/include/config_utilities_msgs/config_utilities_msgs/srv/detail/set_config__type_support.h
[0.346s] -- Up-to-date: /home/siny/hydra_ws/install/config_utilities_msgs/include/config_utilities_msgs/config_utilities_msgs/srv/detail/set_config__struct.h
[0.347s] -- Up-to-date: /home/siny/hydra_ws/install/config_utilities_msgs/include/config_utilities_msgs/config_utilities_msgs/srv/detail/set_config__functions.h
[0.347s] -- Up-to-date: /home/siny/hydra_ws/install/config_utilities_msgs/include/config_utilities_msgs/config_utilities_msgs/msg
[0.347s] -- Up-to-date: /home/siny/hydra_ws/install/config_utilities_msgs/include/config_utilities_msgs/config_utilities_msgs/msg/rosidl_generator_c__visibility_control.h
[0.347s] -- Up-to-date: /home/siny/hydra_ws/install/config_utilities_msgs/share/config_utilities_msgs/environment/library_path.sh
[0.348s] -- Up-to-date: /home/siny/hydra_ws/install/config_utilities_msgs/share/config_utilities_msgs/environment/library_path.dsv
[0.348s] -- Up-to-date: /home/siny/hydra_ws/install/config_utilities_msgs/lib/libconfig_utilities_msgs__rosidl_generator_c.so
[0.348s] -- Up-to-date: /home/siny/hydra_ws/install/config_utilities_msgs/include/config_utilities_msgs/config_utilities_msgs
[0.348s] -- Up-to-date: /home/siny/hydra_ws/install/config_utilities_msgs/include/config_utilities_msgs/config_utilities_msgs/srv
[0.348s] -- Up-to-date: /home/siny/hydra_ws/install/config_utilities_msgs/include/config_utilities_msgs/config_utilities_msgs/srv/detail
[0.348s] -- Up-to-date: /home/siny/hydra_ws/install/config_utilities_msgs/include/config_utilities_msgs/config_utilities_msgs/srv/detail/set_config__rosidl_typesupport_fastrtps_c.h
[0.349s] -- Up-to-date: /home/siny/hydra_ws/install/config_utilities_msgs/include/config_utilities_msgs/config_utilities_msgs/msg
[0.349s] -- Up-to-date: /home/siny/hydra_ws/install/config_utilities_msgs/include/config_utilities_msgs/config_utilities_msgs/msg/rosidl_typesupport_fastrtps_c__visibility_control.h
[0.349s] -- Up-to-date: /home/siny/hydra_ws/install/config_utilities_msgs/lib/libconfig_utilities_msgs__rosidl_typesupport_fastrtps_c.so
[0.349s] -- Up-to-date: /home/siny/hydra_ws/install/config_utilities_msgs/include/config_utilities_msgs/config_utilities_msgs
[0.349s] -- Up-to-date: /home/siny/hydra_ws/install/config_utilities_msgs/include/config_utilities_msgs/config_utilities_msgs/srv
[0.350s] -- Up-to-date: /home/siny/hydra_ws/install/config_utilities_msgs/include/config_utilities_msgs/config_utilities_msgs/srv/detail
[0.350s] -- Up-to-date: /home/siny/hydra_ws/install/config_utilities_msgs/include/config_utilities_msgs/config_utilities_msgs/srv/detail/set_config__struct.hpp
[0.350s] -- Up-to-date: /home/siny/hydra_ws/install/config_utilities_msgs/include/config_utilities_msgs/config_utilities_msgs/srv/detail/set_config__builder.hpp
[0.350s] -- Up-to-date: /home/siny/hydra_ws/install/config_utilities_msgs/include/config_utilities_msgs/config_utilities_msgs/srv/detail/set_config__traits.hpp
[0.350s] -- Up-to-date: /home/siny/hydra_ws/install/config_utilities_msgs/include/config_utilities_msgs/config_utilities_msgs/srv/detail/set_config__type_support.hpp
[0.350s] -- Up-to-date: /home/siny/hydra_ws/install/config_utilities_msgs/include/config_utilities_msgs/config_utilities_msgs/srv/set_config.hpp
[0.350s] -- Up-to-date: /home/siny/hydra_ws/install/config_utilities_msgs/include/config_utilities_msgs/config_utilities_msgs/msg
[0.351s] -- Up-to-date: /home/siny/hydra_ws/install/config_utilities_msgs/include/config_utilities_msgs/config_utilities_msgs/msg/rosidl_generator_cpp__visibility_control.hpp
[0.351s] -- Up-to-date: /home/siny/hydra_ws/install/config_utilities_msgs/include/config_utilities_msgs/config_utilities_msgs
[0.351s] -- Up-to-date: /home/siny/hydra_ws/install/config_utilities_msgs/include/config_utilities_msgs/config_utilities_msgs/srv
[0.351s] -- Up-to-date: /home/siny/hydra_ws/install/config_utilities_msgs/include/config_utilities_msgs/config_utilities_msgs/srv/detail
[0.351s] -- Up-to-date: /home/siny/hydra_ws/install/config_utilities_msgs/include/config_utilities_msgs/config_utilities_msgs/srv/detail/dds_fastrtps
[0.352s] -- Up-to-date: /home/siny/hydra_ws/install/config_utilities_msgs/include/config_utilities_msgs/config_utilities_msgs/srv/detail/set_config__rosidl_typesupport_fastrtps_cpp.hpp
[0.352s] -- Up-to-date: /home/siny/hydra_ws/install/config_utilities_msgs/include/config_utilities_msgs/config_utilities_msgs/msg
[0.352s] -- Up-to-date: /home/siny/hydra_ws/install/config_utilities_msgs/include/config_utilities_msgs/config_utilities_msgs/msg/rosidl_typesupport_fastrtps_cpp__visibility_control.h
[0.352s] -- Up-to-date: /home/siny/hydra_ws/install/config_utilities_msgs/lib/libconfig_utilities_msgs__rosidl_typesupport_fastrtps_cpp.so
[0.352s] -- Up-to-date: /home/siny/hydra_ws/install/config_utilities_msgs/include/config_utilities_msgs/config_utilities_msgs
[0.352s] -- Up-to-date: /home/siny/hydra_ws/install/config_utilities_msgs/include/config_utilities_msgs/config_utilities_msgs/srv
[0.352s] -- Up-to-date: /home/siny/hydra_ws/install/config_utilities_msgs/include/config_utilities_msgs/config_utilities_msgs/srv/detail
[0.353s] -- Up-to-date: /home/siny/hydra_ws/install/config_utilities_msgs/include/config_utilities_msgs/config_utilities_msgs/srv/detail/set_config__type_support.c
[0.353s] -- Up-to-date: /home/siny/hydra_ws/install/config_utilities_msgs/include/config_utilities_msgs/config_utilities_msgs/srv/detail/set_config__rosidl_typesupport_introspection_c.h
[0.353s] -- Up-to-date: /home/siny/hydra_ws/install/config_utilities_msgs/include/config_utilities_msgs/config_utilities_msgs/msg
[0.353s] -- Up-to-date: /home/siny/hydra_ws/install/config_utilities_msgs/include/config_utilities_msgs/config_utilities_msgs/msg/rosidl_typesupport_introspection_c__visibility_control.h
[0.353s] -- Up-to-date: /home/siny/hydra_ws/install/config_utilities_msgs/lib/libconfig_utilities_msgs__rosidl_typesupport_introspection_c.so
[0.353s] -- Up-to-date: /home/siny/hydra_ws/install/config_utilities_msgs/lib/libconfig_utilities_msgs__rosidl_typesupport_c.so
[0.353s] -- Up-to-date: /home/siny/hydra_ws/install/config_utilities_msgs/include/config_utilities_msgs/config_utilities_msgs
[0.353s] -- Up-to-date: /home/siny/hydra_ws/install/config_utilities_msgs/include/config_utilities_msgs/config_utilities_msgs/srv
[0.353s] -- Up-to-date: /home/siny/hydra_ws/install/config_utilities_msgs/include/config_utilities_msgs/config_utilities_msgs/srv/detail
[0.354s] -- Up-to-date: /home/siny/hydra_ws/install/config_utilities_msgs/include/config_utilities_msgs/config_utilities_msgs/srv/detail/set_config__rosidl_typesupport_introspection_cpp.hpp
[0.354s] -- Up-to-date: /home/siny/hydra_ws/install/config_utilities_msgs/include/config_utilities_msgs/config_utilities_msgs/srv/detail/set_config__type_support.cpp
[0.354s] -- Up-to-date: /home/siny/hydra_ws/install/config_utilities_msgs/lib/libconfig_utilities_msgs__rosidl_typesupport_introspection_cpp.so
[0.354s] -- Up-to-date: /home/siny/hydra_ws/install/config_utilities_msgs/lib/libconfig_utilities_msgs__rosidl_typesupport_cpp.so
[0.354s] -- Up-to-date: /home/siny/hydra_ws/install/config_utilities_msgs/share/config_utilities_msgs/environment/pythonpath.sh
[0.354s] -- Up-to-date: /home/siny/hydra_ws/install/config_utilities_msgs/share/config_utilities_msgs/environment/pythonpath.dsv
[0.354s] -- Up-to-date: /home/siny/hydra_ws/install/config_utilities_msgs/lib/python3.12/site-packages/config_utilities_msgs-2.0.0-py3.12.egg-info
[0.355s] -- Installing: /home/siny/hydra_ws/install/config_utilities_msgs/lib/python3.12/site-packages/config_utilities_msgs-2.0.0-py3.12.egg-info/top_level.txt
[0.355s] -- Installing: /home/siny/hydra_ws/install/config_utilities_msgs/lib/python3.12/site-packages/config_utilities_msgs-2.0.0-py3.12.egg-info/PKG-INFO
[0.355s] -- Installing: /home/siny/hydra_ws/install/config_utilities_msgs/lib/python3.12/site-packages/config_utilities_msgs-2.0.0-py3.12.egg-info/SOURCES.txt
[0.355s] -- Installing: /home/siny/hydra_ws/install/config_utilities_msgs/lib/python3.12/site-packages/config_utilities_msgs-2.0.0-py3.12.egg-info/dependency_links.txt
[0.356s] -- Up-to-date: /home/siny/hydra_ws/install/config_utilities_msgs/lib/python3.12/site-packages/config_utilities_msgs
[0.356s] -- Up-to-date: /home/siny/hydra_ws/install/config_utilities_msgs/lib/python3.12/site-packages/config_utilities_msgs/_config_utilities_msgs_s.ep.rosidl_typesupport_introspection_c.c
[0.356s] -- Up-to-date: /home/siny/hydra_ws/install/config_utilities_msgs/lib/python3.12/site-packages/config_utilities_msgs/config_utilities_msgs_s__rosidl_typesupport_c.so
[0.357s] -- Up-to-date: /home/siny/hydra_ws/install/config_utilities_msgs/lib/python3.12/site-packages/config_utilities_msgs/_config_utilities_msgs_s.ep.rosidl_typesupport_c.c
[0.357s] -- Up-to-date: /home/siny/hydra_ws/install/config_utilities_msgs/lib/python3.12/site-packages/config_utilities_msgs/_config_utilities_msgs_s.ep.rosidl_typesupport_fastrtps_c.c
[0.357s] -- Up-to-date: /home/siny/hydra_ws/install/config_utilities_msgs/lib/python3.12/site-packages/config_utilities_msgs/config_utilities_msgs_s__rosidl_typesupport_fastrtps_c.so
[0.357s] -- Up-to-date: /home/siny/hydra_ws/install/config_utilities_msgs/lib/python3.12/site-packages/config_utilities_msgs/srv
[0.357s] -- Up-to-date: /home/siny/hydra_ws/install/config_utilities_msgs/lib/python3.12/site-packages/config_utilities_msgs/srv/_set_config_s.c
[0.358s] -- Up-to-date: /home/siny/hydra_ws/install/config_utilities_msgs/lib/python3.12/site-packages/config_utilities_msgs/srv/__init__.py
[0.358s] -- Up-to-date: /home/siny/hydra_ws/install/config_utilities_msgs/lib/python3.12/site-packages/config_utilities_msgs/srv/_set_config.py
[0.358s] -- Up-to-date: /home/siny/hydra_ws/install/config_utilities_msgs/lib/python3.12/site-packages/config_utilities_msgs/__init__.py
[0.358s] -- Up-to-date: /home/siny/hydra_ws/install/config_utilities_msgs/lib/python3.12/site-packages/config_utilities_msgs/config_utilities_msgs_s__rosidl_typesupport_introspection_c.so
[0.411s] Listing '/home/siny/hydra_ws/install/config_utilities_msgs/lib/python3.12/site-packages/config_utilities_msgs'...
[0.411s] Listing '/home/siny/hydra_ws/install/config_utilities_msgs/lib/python3.12/site-packages/config_utilities_msgs/srv'...
[0.438s] -- Up-to-date: /home/siny/hydra_ws/install/config_utilities_msgs/lib/python3.12/site-packages/config_utilities_msgs/config_utilities_msgs_s__rosidl_typesupport_fastrtps_c.so
[0.441s] -- Up-to-date: /home/siny/hydra_ws/install/config_utilities_msgs/lib/python3.12/site-packages/config_utilities_msgs/config_utilities_msgs_s__rosidl_typesupport_introspection_c.so
[0.443s] -- Up-to-date: /home/siny/hydra_ws/install/config_utilities_msgs/lib/python3.12/site-packages/config_utilities_msgs/config_utilities_msgs_s__rosidl_typesupport_c.so
[0.443s] -- Up-to-date: /home/siny/hydra_ws/install/config_utilities_msgs/lib/libconfig_utilities_msgs__rosidl_generator_py.so
[0.444s] -- Up-to-date: /home/siny/hydra_ws/install/config_utilities_msgs/share/config_utilities_msgs/srv/SetConfig.idl
[0.444s] -- Up-to-date: /home/siny/hydra_ws/install/config_utilities_msgs/share/config_utilities_msgs/srv/SetConfig.srv
[0.444s] -- Up-to-date: /home/siny/hydra_ws/install/config_utilities_msgs/share/ament_index/resource_index/package_run_dependencies/config_utilities_msgs
[0.448s] -- Up-to-date: /home/siny/hydra_ws/install/config_utilities_msgs/share/ament_index/resource_index/parent_prefix_path/config_utilities_msgs
[0.448s] -- Up-to-date: /home/siny/hydra_ws/install/config_utilities_msgs/share/config_utilities_msgs/environment/ament_prefix_path.sh
[0.448s] -- Up-to-date: /home/siny/hydra_ws/install/config_utilities_msgs/share/config_utilities_msgs/environment/ament_prefix_path.dsv
[0.448s] -- Up-to-date: /home/siny/hydra_ws/install/config_utilities_msgs/share/config_utilities_msgs/environment/path.sh
[0.448s] -- Up-to-date: /home/siny/hydra_ws/install/config_utilities_msgs/share/config_utilities_msgs/environment/path.dsv
[0.448s] -- Up-to-date: /home/siny/hydra_ws/install/config_utilities_msgs/share/config_utilities_msgs/local_setup.bash
[0.449s] -- Up-to-date: /home/siny/hydra_ws/install/config_utilities_msgs/share/config_utilities_msgs/local_setup.sh
[0.449s] -- Up-to-date: /home/siny/hydra_ws/install/config_utilities_msgs/share/config_utilities_msgs/local_setup.zsh
[0.449s] -- Up-to-date: /home/siny/hydra_ws/install/config_utilities_msgs/share/config_utilities_msgs/local_setup.dsv
[0.449s] -- Installing: /home/siny/hydra_ws/install/config_utilities_msgs/share/config_utilities_msgs/package.dsv
[0.449s] -- Up-to-date: /home/siny/hydra_ws/install/config_utilities_msgs/share/ament_index/resource_index/packages/config_utilities_msgs
[0.449s] -- Up-to-date: /home/siny/hydra_ws/install/config_utilities_msgs/share/config_utilities_msgs/cmake/export_config_utilities_msgs__rosidl_generator_cExport.cmake
[0.449s] -- Up-to-date: /home/siny/hydra_ws/install/config_utilities_msgs/share/config_utilities_msgs/cmake/export_config_utilities_msgs__rosidl_generator_cExport-release.cmake
[0.449s] -- Up-to-date: /home/siny/hydra_ws/install/config_utilities_msgs/share/config_utilities_msgs/cmake/export_config_utilities_msgs__rosidl_typesupport_fastrtps_cExport.cmake
[0.449s] -- Up-to-date: /home/siny/hydra_ws/install/config_utilities_msgs/share/config_utilities_msgs/cmake/export_config_utilities_msgs__rosidl_typesupport_fastrtps_cExport-release.cmake
[0.449s] -- Up-to-date: /home/siny/hydra_ws/install/config_utilities_msgs/share/config_utilities_msgs/cmake/export_config_utilities_msgs__rosidl_generator_cppExport.cmake
[0.449s] -- Up-to-date: /home/siny/hydra_ws/install/config_utilities_msgs/share/config_utilities_msgs/cmake/export_config_utilities_msgs__rosidl_typesupport_fastrtps_cppExport.cmake
[0.449s] -- Up-to-date: /home/siny/hydra_ws/install/config_utilities_msgs/share/config_utilities_msgs/cmake/export_config_utilities_msgs__rosidl_typesupport_fastrtps_cppExport-release.cmake
[0.449s] -- Up-to-date: /home/siny/hydra_ws/install/config_utilities_msgs/share/config_utilities_msgs/cmake/config_utilities_msgs__rosidl_typesupport_introspection_cExport.cmake
[0.449s] -- Up-to-date: /home/siny/hydra_ws/install/config_utilities_msgs/share/config_utilities_msgs/cmake/config_utilities_msgs__rosidl_typesupport_introspection_cExport-release.cmake
[0.450s] -- Up-to-date: /home/siny/hydra_ws/install/config_utilities_msgs/share/config_utilities_msgs/cmake/config_utilities_msgs__rosidl_typesupport_cExport.cmake
[0.450s] -- Up-to-date: /home/siny/hydra_ws/install/config_utilities_msgs/share/config_utilities_msgs/cmake/config_utilities_msgs__rosidl_typesupport_cExport-release.cmake
[0.450s] -- Up-to-date: /home/siny/hydra_ws/install/config_utilities_msgs/share/config_utilities_msgs/cmake/config_utilities_msgs__rosidl_typesupport_introspection_cppExport.cmake
[0.450s] -- Up-to-date: /home/siny/hydra_ws/install/config_utilities_msgs/share/config_utilities_msgs/cmake/config_utilities_msgs__rosidl_typesupport_introspection_cppExport-release.cmake
[0.450s] -- Up-to-date: /home/siny/hydra_ws/install/config_utilities_msgs/share/config_utilities_msgs/cmake/config_utilities_msgs__rosidl_typesupport_cppExport.cmake
[0.450s] -- Up-to-date: /home/siny/hydra_ws/install/config_utilities_msgs/share/config_utilities_msgs/cmake/config_utilities_msgs__rosidl_typesupport_cppExport-release.cmake
[0.450s] -- Up-to-date: /home/siny/hydra_ws/install/config_utilities_msgs/share/config_utilities_msgs/cmake/export_config_utilities_msgs__rosidl_generator_pyExport.cmake
[0.450s] -- Up-to-date: /home/siny/hydra_ws/install/config_utilities_msgs/share/config_utilities_msgs/cmake/export_config_utilities_msgs__rosidl_generator_pyExport-release.cmake
[0.450s] -- Up-to-date: /home/siny/hydra_ws/install/config_utilities_msgs/share/config_utilities_msgs/cmake/rosidl_cmake-extras.cmake
[0.451s] -- Up-to-date: /home/siny/hydra_ws/install/config_utilities_msgs/share/config_utilities_msgs/cmake/ament_cmake_export_dependencies-extras.cmake
[0.451s] -- Up-to-date: /home/siny/hydra_ws/install/config_utilities_msgs/share/config_utilities_msgs/cmake/ament_cmake_export_include_directories-extras.cmake
[0.451s] -- Up-to-date: /home/siny/hydra_ws/install/config_utilities_msgs/share/config_utilities_msgs/cmake/ament_cmake_export_libraries-extras.cmake
[0.451s] -- Up-to-date: /home/siny/hydra_ws/install/config_utilities_msgs/share/config_utilities_msgs/cmake/ament_cmake_export_targets-extras.cmake
[0.451s] -- Up-to-date: /home/siny/hydra_ws/install/config_utilities_msgs/share/config_utilities_msgs/cmake/rosidl_cmake_export_typesupport_targets-extras.cmake
[0.451s] -- Up-to-date: /home/siny/hydra_ws/install/config_utilities_msgs/share/config_utilities_msgs/cmake/rosidl_cmake_export_typesupport_libraries-extras.cmake
[0.451s] -- Up-to-date: /home/siny/hydra_ws/install/config_utilities_msgs/share/config_utilities_msgs/cmake/config_utilities_msgsConfig.cmake
[0.451s] -- Up-to-date: /home/siny/hydra_ws/install/config_utilities_msgs/share/config_utilities_msgs/cmake/config_utilities_msgsConfig-version.cmake
[0.451s] -- Up-to-date: /home/siny/hydra_ws/install/config_utilities_msgs/share/config_utilities_msgs/package.xml
[0.455s] Invoked command in '/home/siny/hydra_ws/build/config_utilities_msgs' returned '0': CMAKE_PREFIX_PATH=${CMAKE_PREFIX_PATH}:/opt/ros/jazzy:/home/siny/ros2_jazzy/install/ament_uncrustify:/home/siny/ros2_jazzy/install/tracetools_trace:/home/siny/ros2_jazzy/install/tracetools_read:/home/siny/ros2_jazzy/install/rpyutils:/home/siny/ros2_jazzy/install/rosidl_pycommon:/home/siny/ros2_jazzy/install/rosidl_cli:/home/siny/ros2_jazzy/install/launch_pytest:/home/siny/ros2_jazzy/install/launch_testing:/home/siny/ros2_jazzy/install/launch_yaml:/home/siny/ros2_jazzy/install/launch_xml:/home/siny/ros2_jazzy/install/launch:/home/siny/ros2_jazzy/install/osrf_pycommon:/home/siny/ros2_jazzy/install/domain_coordinator:/home/siny/ros2_jazzy/install/ament_xmllint:/home/siny/ros2_jazzy/install/ament_pyflakes:/home/siny/ros2_jazzy/install/ament_pycodestyle:/home/siny/ros2_jazzy/install/ament_pep257:/home/siny/ros2_jazzy/install/ament_pclint:/home/siny/ros2_jazzy/install/ament_package:/home/siny/ros2_jazzy/install/ament_mypy:/home/siny/ros2_jazzy/install/ament_lint_cmake:/home/siny/ros2_jazzy/install/ament_flake8:/home/siny/ros2_jazzy/install/ament_copyright:/home/siny/ros2_jazzy/install/ament_lint:/home/siny/ros2_jazzy/install/ament_index_python:/home/siny/ros2_jazzy/install/ament_cpplint:/home/siny/ros2_jazzy/install/ament_cppcheck:/home/siny/ros2_jazzy/install/ament_clang_tidy:/home/siny/ros2_jazzy/install/ament_clang_format DEBUGINFOD_URLS=https://debuginfod.ubuntu.com /usr/bin/cmake --install /home/siny/hydra_ws/build/config_utilities_msgs
