[0.048s] Invoking command in '/home/siny/hydra_ws/build/config_utilities_ros': AMENT_PREFIX_PATH=/home/siny/hydra_ws/install/config_utilities_msgs CMAKE_PREFIX_PATH=/home/siny/hydra_ws/install/config_utilities_msgs:/home/siny/hydra_ws/install/config_utilities CONDA_PROMPT_MODIFIER=(base) DEBUGINFOD_URLS=https://debuginfod.ubuntu.com LD_LIBRARY_PATH=/home/siny/hydra_ws/install/config_utilities_msgs/lib:/home/siny/hydra_ws/install/config_utilities/lib PATH=/home/siny/hydra_ws/install/config_utilities/bin:${PATH} PKG_CONFIG_PATH=/home/siny/hydra_ws/install/config_utilities/lib/aarch64-linux-gnu/pkgconfig:/home/siny/hydra_ws/install/config_utilities/lib/pkgconfig PYTHONPATH=/home/siny/hydra_ws/install/config_utilities_msgs/lib/python3.12/site-packages /usr/bin/cmake --build /home/siny/hydra_ws/build/config_utilities_ros -- -j20 -l20
[0.084s] [ 50%] Built target config_utilities_ros
[0.093s] [ 50%] Built target ament_cmake_python_copy_config_utilities_ros
[0.108s] [100%] Built target demo_ros_dynamic_config_server
[0.202s] running egg_info
[0.207s] writing config_utilities_ros.egg-info/PKG-INFO
[0.207s] writing dependency_links to config_utilities_ros.egg-info/dependency_links.txt
[0.207s] writing top-level names to config_utilities_ros.egg-info/top_level.txt
[0.222s] reading manifest file 'config_utilities_ros.egg-info/SOURCES.txt'
[0.222s] writing manifest file 'config_utilities_ros.egg-info/SOURCES.txt'
[0.237s] [100%] Built target ament_cmake_python_build_config_utilities_ros_egg
[0.247s] Invoked command in '/home/siny/hydra_ws/build/config_utilities_ros' returned '0': AMENT_PREFIX_PATH=/home/siny/hydra_ws/install/config_utilities_msgs CMAKE_PREFIX_PATH=/home/siny/hydra_ws/install/config_utilities_msgs:/home/siny/hydra_ws/install/config_utilities CONDA_PROMPT_MODIFIER=(base) DEBUGINFOD_URLS=https://debuginfod.ubuntu.com LD_LIBRARY_PATH=/home/siny/hydra_ws/install/config_utilities_msgs/lib:/home/siny/hydra_ws/install/config_utilities/lib PATH=/home/siny/hydra_ws/install/config_utilities/bin:${PATH} PKG_CONFIG_PATH=/home/siny/hydra_ws/install/config_utilities/lib/aarch64-linux-gnu/pkgconfig:/home/siny/hydra_ws/install/config_utilities/lib/pkgconfig PYTHONPATH=/home/siny/hydra_ws/install/config_utilities_msgs/lib/python3.12/site-packages /usr/bin/cmake --build /home/siny/hydra_ws/build/config_utilities_ros -- -j20 -l20
[0.249s] Invoking command in '/home/siny/hydra_ws/build/config_utilities_ros': AMENT_PREFIX_PATH=/home/siny/hydra_ws/install/config_utilities_msgs CMAKE_PREFIX_PATH=/home/siny/hydra_ws/install/config_utilities_msgs:/home/siny/hydra_ws/install/config_utilities CONDA_PROMPT_MODIFIER=(base) DEBUGINFOD_URLS=https://debuginfod.ubuntu.com LD_LIBRARY_PATH=/home/siny/hydra_ws/install/config_utilities_msgs/lib:/home/siny/hydra_ws/install/config_utilities/lib PATH=/home/siny/hydra_ws/install/config_utilities/bin:${PATH} PKG_CONFIG_PATH=/home/siny/hydra_ws/install/config_utilities/lib/aarch64-linux-gnu/pkgconfig:/home/siny/hydra_ws/install/config_utilities/lib/pkgconfig PYTHONPATH=/home/siny/hydra_ws/install/config_utilities_msgs/lib/python3.12/site-packages /usr/bin/cmake --install /home/siny/hydra_ws/build/config_utilities_ros
[0.254s] -- Install configuration: "Release"
[0.254s] -- Up-to-date: /home/siny/hydra_ws/install/config_utilities_ros/share/config_utilities_ros/environment/pythonpath.sh
[0.254s] -- Up-to-date: /home/siny/hydra_ws/install/config_utilities_ros/share/config_utilities_ros/environment/pythonpath.dsv
[0.254s] -- Up-to-date: /home/siny/hydra_ws/install/config_utilities_ros/lib/python3.12/site-packages/config_utilities_ros-2.0.0-py3.12.egg-info
[0.254s] -- Installing: /home/siny/hydra_ws/install/config_utilities_ros/lib/python3.12/site-packages/config_utilities_ros-2.0.0-py3.12.egg-info/top_level.txt
[0.254s] -- Installing: /home/siny/hydra_ws/install/config_utilities_ros/lib/python3.12/site-packages/config_utilities_ros-2.0.0-py3.12.egg-info/PKG-INFO
[0.254s] -- Installing: /home/siny/hydra_ws/install/config_utilities_ros/lib/python3.12/site-packages/config_utilities_ros-2.0.0-py3.12.egg-info/SOURCES.txt
[0.254s] -- Installing: /home/siny/hydra_ws/install/config_utilities_ros/lib/python3.12/site-packages/config_utilities_ros-2.0.0-py3.12.egg-info/dependency_links.txt
[0.254s] -- Up-to-date: /home/siny/hydra_ws/install/config_utilities_ros/lib/python3.12/site-packages/config_utilities_ros
[0.254s] -- Up-to-date: /home/siny/hydra_ws/install/config_utilities_ros/lib/python3.12/site-packages/config_utilities_ros/__init__.py
[0.254s] -- Up-to-date: /home/siny/hydra_ws/install/config_utilities_ros/lib/python3.12/site-packages/config_utilities_ros/gui
[0.254s] -- Up-to-date: /home/siny/hydra_ws/install/config_utilities_ros/lib/python3.12/site-packages/config_utilities_ros/gui/README.md
[0.254s] -- Up-to-date: /home/siny/hydra_ws/install/config_utilities_ros/lib/python3.12/site-packages/config_utilities_ros/gui/dynamic_config_gui.py
[0.254s] -- Up-to-date: /home/siny/hydra_ws/install/config_utilities_ros/lib/python3.12/site-packages/config_utilities_ros/gui/templates
[0.254s] -- Up-to-date: /home/siny/hydra_ws/install/config_utilities_ros/lib/python3.12/site-packages/config_utilities_ros/gui/templates/index.html
[0.254s] -- Up-to-date: /home/siny/hydra_ws/install/config_utilities_ros/lib/python3.12/site-packages/config_utilities_ros/gui/__init__.py
[0.254s] -- Up-to-date: /home/siny/hydra_ws/install/config_utilities_ros/lib/python3.12/site-packages/config_utilities_ros/gui/static
[0.254s] -- Up-to-date: /home/siny/hydra_ws/install/config_utilities_ros/lib/python3.12/site-packages/config_utilities_ros/gui/static/js
[0.254s] -- Up-to-date: /home/siny/hydra_ws/install/config_utilities_ros/lib/python3.12/site-packages/config_utilities_ros/gui/static/js/build_fields.js
[0.254s] -- Up-to-date: /home/siny/hydra_ws/install/config_utilities_ros/lib/python3.12/site-packages/config_utilities_ros/gui/static/js/selection_panes.js
[0.254s] -- Up-to-date: /home/siny/hydra_ws/install/config_utilities_ros/lib/python3.12/site-packages/config_utilities_ros/gui/static/js/config_table.js
[0.254s] -- Up-to-date: /home/siny/hydra_ws/install/config_utilities_ros/lib/python3.12/site-packages/config_utilities_ros/gui/static/css
[0.255s] -- Up-to-date: /home/siny/hydra_ws/install/config_utilities_ros/lib/python3.12/site-packages/config_utilities_ros/gui/static/css/style.css
[0.271s] Listing '/home/siny/hydra_ws/install/config_utilities_ros/lib/python3.12/site-packages/config_utilities_ros'...
[0.271s] Listing '/home/siny/hydra_ws/install/config_utilities_ros/lib/python3.12/site-packages/config_utilities_ros/gui'...
[0.271s] Listing '/home/siny/hydra_ws/install/config_utilities_ros/lib/python3.12/site-packages/config_utilities_ros/gui/static'...
[0.272s] Listing '/home/siny/hydra_ws/install/config_utilities_ros/lib/python3.12/site-packages/config_utilities_ros/gui/static/css'...
[0.272s] Listing '/home/siny/hydra_ws/install/config_utilities_ros/lib/python3.12/site-packages/config_utilities_ros/gui/static/js'...
[0.272s] Listing '/home/siny/hydra_ws/install/config_utilities_ros/lib/python3.12/site-packages/config_utilities_ros/gui/templates'...
[0.276s] -- Up-to-date: /home/siny/hydra_ws/install/config_utilities_ros/lib/libconfig_utilities_ros.so
[0.277s] -- Up-to-date: /home/siny/hydra_ws/install/config_utilities_ros/lib/config_utilities_ros/demo_ros_dynamic_config_server
[0.277s] -- Up-to-date: /home/siny/hydra_ws/install/config_utilities_ros/include/config_utilities_ros/
[0.277s] -- Up-to-date: /home/siny/hydra_ws/install/config_utilities_ros/include/config_utilities_ros//config_utilities_ros
[0.277s] -- Up-to-date: /home/siny/hydra_ws/install/config_utilities_ros/include/config_utilities_ros//config_utilities_ros/ros_dynamic_config_server.h
[0.277s] -- Up-to-date: /home/siny/hydra_ws/install/config_utilities_ros/share/config_utilities_ros//launch
[0.278s] -- Up-to-date: /home/siny/hydra_ws/install/config_utilities_ros/share/config_utilities_ros//launch/demo_ros_dynamic_config.yaml
[0.278s] -- Up-to-date: /home/siny/hydra_ws/install/config_utilities_ros/lib/config_utilities_ros/gui
[0.278s] -- Up-to-date: /home/siny/hydra_ws/install/config_utilities_ros/share/config_utilities_ros/environment/library_path.sh
[0.278s] -- Up-to-date: /home/siny/hydra_ws/install/config_utilities_ros/share/config_utilities_ros/environment/library_path.dsv
[0.278s] -- Up-to-date: /home/siny/hydra_ws/install/config_utilities_ros/share/ament_index/resource_index/package_run_dependencies/config_utilities_ros
[0.278s] -- Up-to-date: /home/siny/hydra_ws/install/config_utilities_ros/share/ament_index/resource_index/parent_prefix_path/config_utilities_ros
[0.278s] -- Up-to-date: /home/siny/hydra_ws/install/config_utilities_ros/share/config_utilities_ros/environment/ament_prefix_path.sh
[0.278s] -- Up-to-date: /home/siny/hydra_ws/install/config_utilities_ros/share/config_utilities_ros/environment/ament_prefix_path.dsv
[0.278s] -- Up-to-date: /home/siny/hydra_ws/install/config_utilities_ros/share/config_utilities_ros/environment/path.sh
[0.278s] -- Up-to-date: /home/siny/hydra_ws/install/config_utilities_ros/share/config_utilities_ros/environment/path.dsv
[0.278s] -- Up-to-date: /home/siny/hydra_ws/install/config_utilities_ros/share/config_utilities_ros/local_setup.bash
[0.278s] -- Up-to-date: /home/siny/hydra_ws/install/config_utilities_ros/share/config_utilities_ros/local_setup.sh
[0.279s] -- Up-to-date: /home/siny/hydra_ws/install/config_utilities_ros/share/config_utilities_ros/local_setup.zsh
[0.279s] -- Up-to-date: /home/siny/hydra_ws/install/config_utilities_ros/share/config_utilities_ros/local_setup.dsv
[0.279s] -- Installing: /home/siny/hydra_ws/install/config_utilities_ros/share/config_utilities_ros/package.dsv
[0.280s] -- Up-to-date: /home/siny/hydra_ws/install/config_utilities_ros/share/ament_index/resource_index/packages/config_utilities_ros
[0.280s] -- Up-to-date: /home/siny/hydra_ws/install/config_utilities_ros/share/config_utilities_ros/cmake/config_utilities_ros-targetsExport.cmake
[0.281s] -- Up-to-date: /home/siny/hydra_ws/install/config_utilities_ros/share/config_utilities_ros/cmake/config_utilities_ros-targetsExport-release.cmake
[0.281s] -- Up-to-date: /home/siny/hydra_ws/install/config_utilities_ros/share/config_utilities_ros/cmake/ament_cmake_export_targets-extras.cmake
[0.281s] -- Up-to-date: /home/siny/hydra_ws/install/config_utilities_ros/share/config_utilities_ros/cmake/ament_cmake_export_dependencies-extras.cmake
[0.281s] -- Up-to-date: /home/siny/hydra_ws/install/config_utilities_ros/share/config_utilities_ros/cmake/config_utilities_rosConfig.cmake
[0.281s] -- Up-to-date: /home/siny/hydra_ws/install/config_utilities_ros/share/config_utilities_ros/cmake/config_utilities_rosConfig-version.cmake
[0.282s] -- Up-to-date: /home/siny/hydra_ws/install/config_utilities_ros/share/config_utilities_ros/package.xml
[0.284s] Invoked command in '/home/siny/hydra_ws/build/config_utilities_ros' returned '0': AMENT_PREFIX_PATH=/home/siny/hydra_ws/install/config_utilities_msgs CMAKE_PREFIX_PATH=/home/siny/hydra_ws/install/config_utilities_msgs:/home/siny/hydra_ws/install/config_utilities CONDA_PROMPT_MODIFIER=(base) DEBUGINFOD_URLS=https://debuginfod.ubuntu.com LD_LIBRARY_PATH=/home/siny/hydra_ws/install/config_utilities_msgs/lib:/home/siny/hydra_ws/install/config_utilities/lib PATH=/home/siny/hydra_ws/install/config_utilities/bin:${PATH} PKG_CONFIG_PATH=/home/siny/hydra_ws/install/config_utilities/lib/aarch64-linux-gnu/pkgconfig:/home/siny/hydra_ws/install/config_utilities/lib/pkgconfig PYTHONPATH=/home/siny/hydra_ws/install/config_utilities_msgs/lib/python3.12/site-packages /usr/bin/cmake --install /home/siny/hydra_ws/build/config_utilities_ros
