[0.019s] Invoking command in '/home/siny/hydra_ws/build/teaserpp': DEBUGINFOD_URLS=https://debuginfod.ubuntu.com /usr/bin/cmake --build /home/siny/hydra_ws/build/teaserpp -- -j20 -l20
[0.077s] [  5%] Built target teaser_io
[0.081s] [ 11%] Built target gtest
[0.083s] [ 37%] Built target pmc
[0.109s] [ 42%] Built target gmock
[0.121s] [ 54%] Built target teaser_registration
[0.165s] [ 62%] Built target all_benchmarks
[0.172s] [100%] Built target all_tests
[0.200s] Invoked command in '/home/siny/hydra_ws/build/teaserpp' returned '0': DEBUGINFOD_URLS=https://debuginfod.ubuntu.com /usr/bin/cmake --build /home/siny/hydra_ws/build/teaserpp -- -j20 -l20
[0.200s] Invoking command in '/home/siny/hydra_ws/build/teaserpp': DEBUGINFOD_URLS=https://debuginfod.ubuntu.com /usr/bin/cmake --install /home/siny/hydra_ws/build/teaserpp
[0.213s] -- Install configuration: "Release"
[0.213s] -- Up-to-date: /home/siny/hydra_ws/install/teaserpp/lib/libteaser_io.so
[0.213s] -- Up-to-date: /home/siny/hydra_ws/install/teaserpp/lib/libteaser_registration.so
[0.213s] -- Up-to-date: /home/siny/hydra_ws/install/teaserpp/lib/cmake/teaserpp/teaserppTargets.cmake
[0.213s] -- Up-to-date: /home/siny/hydra_ws/install/teaserpp/lib/cmake/teaserpp/teaserppTargets-release.cmake
[0.213s] -- Up-to-date: /home/siny/hydra_ws/install/teaserpp/include
[0.213s] -- Up-to-date: /home/siny/hydra_ws/install/teaserpp/include/teaser
[0.214s] -- Up-to-date: /home/siny/hydra_ws/install/teaserpp/include/teaser/graph.h
[0.215s] -- Up-to-date: /home/siny/hydra_ws/install/teaserpp/include/teaser/geometry.h
[0.215s] -- Up-to-date: /home/siny/hydra_ws/install/teaserpp/include/teaser/registration.h
[0.215s] -- Up-to-date: /home/siny/hydra_ws/install/teaserpp/include/teaser/ply_io.h
[0.215s] -- Up-to-date: /home/siny/hydra_ws/install/teaserpp/include/teaser/utils.h
[0.215s] -- Up-to-date: /home/siny/hydra_ws/install/teaserpp/include/teaser/fpfh.h
[0.215s] -- Up-to-date: /home/siny/hydra_ws/install/teaserpp/include/teaser/certification.h
[0.215s] -- Up-to-date: /home/siny/hydra_ws/install/teaserpp/include/teaser/macros.h
[0.215s] -- Up-to-date: /home/siny/hydra_ws/install/teaserpp/include/teaser/matcher.h
[0.216s] -- Up-to-date: /home/siny/hydra_ws/install/teaserpp/lib/cmake/teaserpp/teaserppConfig.cmake
[0.235s] Invoked command in '/home/siny/hydra_ws/build/teaserpp' returned '0': DEBUGINFOD_URLS=https://debuginfod.ubuntu.com /usr/bin/cmake --install /home/siny/hydra_ws/build/teaserpp
