[0.012s] Invoking command in '/home/siny/hydra_ws/build/kimera_rpgo': CONDA_PROMPT_MODIFIER=(base) DEBUGINFOD_URLS=https://debuginfod.ubuntu.com /usr/bin/cmake --build /home/siny/hydra_ws/build/kimera_rpgo -- -j20 -l20
[0.160s] [ 73%] Built target kimera_rpgo
[0.201s] [ 80%] Built target _kimera_rpgo_bindings
[0.205s] [100%] Built target test_kimera_rpgo
[0.235s] Invoked command in '/home/siny/hydra_ws/build/kimera_rpgo' returned '0': CONDA_PROMPT_MODIFIER=(base) DEBUGINFOD_URLS=https://debuginfod.ubuntu.com /usr/bin/cmake --build /home/siny/hydra_ws/build/kimera_rpgo -- -j20 -l20
[0.237s] Invoking command in '/home/siny/hydra_ws/build/kimera_rpgo': CONDA_PROMPT_MODIFIER=(base) DEBUGINFOD_URLS=https://debuginfod.ubuntu.com /usr/bin/cmake --install /home/siny/hydra_ws/build/kimera_rpgo
[0.245s] -- Install configuration: "Release"
[0.247s] -- Up-to-date: /home/siny/hydra_ws/install/kimera_rpgo/lib/libkimera_rpgo.so
[0.248s] -- Up-to-date: /home/siny/hydra_ws/install/kimera_rpgo/include
[0.249s] -- Up-to-date: /home/siny/hydra_ws/install/kimera_rpgo/include/kimera_rpgo
[0.250s] -- Up-to-date: /home/siny/hydra_ws/install/kimera_rpgo/include/kimera_rpgo/pcm
[0.251s] -- Up-to-date: /home/siny/hydra_ws/install/kimera_rpgo/include/kimera_rpgo/pcm/max_clique_finder
[0.251s] -- Up-to-date: /home/siny/hydra_ws/install/kimera_rpgo/include/kimera_rpgo/pcm/max_clique_finder/README.md
[0.251s] -- Up-to-date: /home/siny/hydra_ws/install/kimera_rpgo/include/kimera_rpgo/pcm/max_clique_finder/COPYRIGHT
[0.251s] -- Up-to-date: /home/siny/hydra_ws/install/kimera_rpgo/include/kimera_rpgo/pcm/max_clique_finder/findClique.h
[0.251s] -- Up-to-date: /home/siny/hydra_ws/install/kimera_rpgo/include/kimera_rpgo/pcm/max_clique_finder/graphIO.h
[0.251s] -- Up-to-date: /home/siny/hydra_ws/install/kimera_rpgo/include/kimera_rpgo/pcm/graph_utils.h
[0.251s] -- Up-to-date: /home/siny/hydra_ws/install/kimera_rpgo/include/kimera_rpgo/pcm/geometry_utils.h
[0.251s] -- Up-to-date: /home/siny/hydra_ws/install/kimera_rpgo/include/kimera_rpgo/pcm/pcm.h
[0.251s] -- Up-to-date: /home/siny/hydra_ws/install/kimera_rpgo/include/kimera_rpgo/rpgo.h
[0.251s] -- Up-to-date: /home/siny/hydra_ws/install/kimera_rpgo/include/kimera_rpgo/utils
[0.251s] -- Up-to-date: /home/siny/hydra_ws/install/kimera_rpgo/include/kimera_rpgo/utils/utils.h
[0.253s] -- Up-to-date: /home/siny/hydra_ws/install/kimera_rpgo/include/kimera_rpgo/utils/g2o.h
[0.253s] -- Up-to-date: /home/siny/hydra_ws/install/kimera_rpgo/include/kimera_rpgo/utils/loss_functions.h
[0.253s] -- Up-to-date: /home/siny/hydra_ws/install/kimera_rpgo/include/kimera_rpgo/utils/types.h
[0.253s] -- Up-to-date: /home/siny/hydra_ws/install/kimera_rpgo/include/kimera_rpgo/utils/pose_4dof.h
[0.253s] -- Up-to-date: /home/siny/hydra_ws/install/kimera_rpgo/include/kimera_rpgo/solver
[0.254s] -- Up-to-date: /home/siny/hydra_ws/install/kimera_rpgo/include/kimera_rpgo/solver/gnc_solver.h
[0.254s] -- Up-to-date: /home/siny/hydra_ws/install/kimera_rpgo/include/kimera_rpgo/solver/solver.h
[0.254s] -- Up-to-date: /home/siny/hydra_ws/install/kimera_rpgo/include/kimera_rpgo/solver/gradient_solver.h
[0.254s] -- Up-to-date: /home/siny/hydra_ws/install/kimera_rpgo/include/kimera_rpgo/solver/solver_config.h
[0.254s] -- Up-to-date: /home/siny/hydra_ws/install/kimera_rpgo/include/kimera_rpgo/solver/least_squares_solver.h
[0.255s] -- Up-to-date: /home/siny/hydra_ws/install/kimera_rpgo/lib/cmake/kimera_rpgo/kimera_rpgoTargets.cmake
[0.255s] -- Up-to-date: /home/siny/hydra_ws/install/kimera_rpgo/lib/cmake/kimera_rpgo/kimera_rpgoTargets-release.cmake
[0.255s] -- Up-to-date: /home/siny/hydra_ws/install/kimera_rpgo/lib/cmake/kimera_rpgo/kimera_rpgoConfig.cmake
[0.255s] -- Up-to-date: /home/siny/hydra_ws/install/kimera_rpgo/lib/cmake/kimera_rpgo/kimera_rpgoConfigVersion.cmake
[0.265s] Invoked command in '/home/siny/hydra_ws/build/kimera_rpgo' returned '0': CONDA_PROMPT_MODIFIER=(base) DEBUGINFOD_URLS=https://debuginfod.ubuntu.com /usr/bin/cmake --install /home/siny/hydra_ws/build/kimera_rpgo
