[0.018s] Invoking command in '/home/siny/hydra_ws/build/hydra': CMAKE_PREFIX_PATH=/home/siny/hydra_ws/install/kimera_pgmo:/home/siny/hydra_ws/install/teaserpp:/home/siny/hydra_ws/install/spatial_hash:/home/siny/hydra_ws/install/spark_dsg:/home/siny/hydra_ws/install/pose_graph_tools:/home/siny/hydra_ws/install/kimera_rpgo:/home/siny/hydra_ws/install/config_utilities:/home/siny/hydra_ws/install/hydra_ros:/home/siny/hydra_ws/install/hydra:/home/siny/hydra_ws/install/kimera_pgmo_ros:/home/siny/hydra_ws/install/hydra_visualizer:/home/siny/hydra_ws/install/semantic_inference_ros:/home/siny/hydra_ws/install/semantic_inference_msgs:/home/siny/hydra_ws/install/semantic_inference:/home/siny/hydra_ws/install/pose_graph_tools_ros:/home/siny/hydra_ws/install/pose_graph_tools_msgs:/home/siny/hydra_ws/install/kimera_pgmo_rviz:/home/siny/hydra_ws/install/kimera_pgmo_msgs:/home/siny/hydra_ws/install/ianvs:/home/siny/hydra_ws/install/hydra_msgs:/home/siny/hydra_ws/install/config_utilities_ros:/home/siny/hydra_ws/install/config_utilities_msgs:/opt/ros/jazzy/opt/gz_math_vendor:/opt/ros/jazzy/opt/gz_utils_vendor:/opt/ros/jazzy/opt/gz_cmake_vendor:/opt/ros/jazzy DEBUGINFOD_URLS=https://debuginfod.ubuntu.com LD_LIBRARY_PATH=/home/siny/hydra_ws/install/kimera_pgmo/lib:/home/siny/hydra_ws/install/teaserpp/lib:/home/siny/hydra_ws/install/spark_dsg/lib:/home/siny/hydra_ws/install/pose_graph_tools/lib:/home/siny/hydra_ws/install/kimera_rpgo/lib:/home/siny/hydra_ws/install/config_utilities/lib:/home/siny/hydra_ws/install/hydra_ros/lib:/home/siny/hydra_ws/install/hydra/lib:/home/siny/hydra_ws/install/kimera_pgmo_ros/lib:/home/siny/hydra_ws/install/hydra_visualizer/lib:/home/siny/hydra_ws/install/semantic_inference_ros/lib:/home/siny/hydra_ws/install/semantic_inference_msgs/lib:/home/siny/hydra_ws/install/semantic_inference/lib:/home/siny/hydra_ws/install/pose_graph_tools_ros/lib:/home/siny/hydra_ws/install/pose_graph_tools_msgs/lib:/home/siny/hydra_ws/install/kimera_pgmo_rviz/lib:/home/siny/hydra_ws/install/kimera_pgmo_msgs/lib:/home/siny/hydra_ws/install/ianvs/lib:/home/siny/hydra_ws/install/hydra_msgs/lib:/home/siny/hydra_ws/install/config_utilities_ros/lib:/home/siny/hydra_ws/install/config_utilities_msgs/lib:/opt/ros/jazzy/opt/rviz_ogre_vendor/lib:/opt/ros/jazzy/lib/aarch64-linux-gnu:/opt/ros/jazzy/opt/gz_math_vendor/lib:/opt/ros/jazzy/opt/gz_utils_vendor/lib:/opt/ros/jazzy/opt/gz_cmake_vendor/lib:/opt/ros/jazzy/lib PATH=/home/siny/hydra_ws/install/kimera_pgmo/bin:/home/siny/hydra_ws/install/spark_dsg/bin:/home/siny/hydra_ws/install/config_utilities/bin:/home/siny/hydra_ws/install/semantic_inference/bin:/opt/ros/jazzy/bin:/home/siny/anaconda3/condabin:/home/siny/.local/bin:/usr/local/cuda/bin:/opt/bin:/usr/local/sbin:/usr/local/bin:/usr/sbin:/usr/bin:/sbin:/bin:/usr/games:/usr/local/games:/snap/bin:/snap/bin PKG_CONFIG_PATH=/home/siny/hydra_ws/install/kimera_pgmo/lib/aarch64-linux-gnu/pkgconfig:/home/siny/hydra_ws/install/kimera_pgmo/lib/pkgconfig:/home/siny/hydra_ws/install/teaserpp/lib/aarch64-linux-gnu/pkgconfig:/home/siny/hydra_ws/install/teaserpp/lib/pkgconfig:/home/siny/hydra_ws/install/spatial_hash/lib/aarch64-linux-gnu/pkgconfig:/home/siny/hydra_ws/install/spatial_hash/lib/pkgconfig:/home/siny/hydra_ws/install/spark_dsg/lib/aarch64-linux-gnu/pkgconfig:/home/siny/hydra_ws/install/spark_dsg/lib/pkgconfig:/home/siny/hydra_ws/install/pose_graph_tools/lib/aarch64-linux-gnu/pkgconfig:/home/siny/hydra_ws/install/pose_graph_tools/lib/pkgconfig:/home/siny/hydra_ws/install/kimera_rpgo/lib/aarch64-linux-gnu/pkgconfig:/home/siny/hydra_ws/install/kimera_rpgo/lib/pkgconfig:/home/siny/hydra_ws/install/config_utilities/lib/aarch64-linux-gnu/pkgconfig:/home/siny/hydra_ws/install/config_utilities/lib/pkgconfig:/home/siny/hydra_ws/install/hydra/lib/aarch64-linux-gnu/pkgconfig:/home/siny/hydra_ws/install/hydra/lib/pkgconfig:/home/siny/hydra_ws/install/semantic_inference/lib/aarch64-linux-gnu/pkgconfig:/home/siny/hydra_ws/install/semantic_inference/lib/pkgconfig /usr/bin/cmake --build /home/siny/hydra_ws/build/hydra -- -j20 -l20
[0.157s] [ 63%] Built target hydra
[0.183s] [ 67%] Built target hydra_eval
[0.202s] [ 68%] Built target evaluate_places
[0.202s] [ 69%] Built target compute_filtrations
[0.207s] [ 70%] Built target evaluate_rooms
[0.207s] [ 71%] Built target compress_graph
[0.208s] [ 72%] Built target merge_graphs
[0.210s] [ 74%] Built target optimize_graph
[0.214s] [ 75%] Built target gt_trajectory_optimizer
[0.231s] [100%] Built target test_hydra
[0.250s] Invoked command in '/home/siny/hydra_ws/build/hydra' returned '0': CMAKE_PREFIX_PATH=/home/siny/hydra_ws/install/kimera_pgmo:/home/siny/hydra_ws/install/teaserpp:/home/siny/hydra_ws/install/spatial_hash:/home/siny/hydra_ws/install/spark_dsg:/home/siny/hydra_ws/install/pose_graph_tools:/home/siny/hydra_ws/install/kimera_rpgo:/home/siny/hydra_ws/install/config_utilities:/home/siny/hydra_ws/install/hydra_ros:/home/siny/hydra_ws/install/hydra:/home/siny/hydra_ws/install/kimera_pgmo_ros:/home/siny/hydra_ws/install/hydra_visualizer:/home/siny/hydra_ws/install/semantic_inference_ros:/home/siny/hydra_ws/install/semantic_inference_msgs:/home/siny/hydra_ws/install/semantic_inference:/home/siny/hydra_ws/install/pose_graph_tools_ros:/home/siny/hydra_ws/install/pose_graph_tools_msgs:/home/siny/hydra_ws/install/kimera_pgmo_rviz:/home/siny/hydra_ws/install/kimera_pgmo_msgs:/home/siny/hydra_ws/install/ianvs:/home/siny/hydra_ws/install/hydra_msgs:/home/siny/hydra_ws/install/config_utilities_ros:/home/siny/hydra_ws/install/config_utilities_msgs:/opt/ros/jazzy/opt/gz_math_vendor:/opt/ros/jazzy/opt/gz_utils_vendor:/opt/ros/jazzy/opt/gz_cmake_vendor:/opt/ros/jazzy DEBUGINFOD_URLS=https://debuginfod.ubuntu.com LD_LIBRARY_PATH=/home/siny/hydra_ws/install/kimera_pgmo/lib:/home/siny/hydra_ws/install/teaserpp/lib:/home/siny/hydra_ws/install/spark_dsg/lib:/home/siny/hydra_ws/install/pose_graph_tools/lib:/home/siny/hydra_ws/install/kimera_rpgo/lib:/home/siny/hydra_ws/install/config_utilities/lib:/home/siny/hydra_ws/install/hydra_ros/lib:/home/siny/hydra_ws/install/hydra/lib:/home/siny/hydra_ws/install/kimera_pgmo_ros/lib:/home/siny/hydra_ws/install/hydra_visualizer/lib:/home/siny/hydra_ws/install/semantic_inference_ros/lib:/home/siny/hydra_ws/install/semantic_inference_msgs/lib:/home/siny/hydra_ws/install/semantic_inference/lib:/home/siny/hydra_ws/install/pose_graph_tools_ros/lib:/home/siny/hydra_ws/install/pose_graph_tools_msgs/lib:/home/siny/hydra_ws/install/kimera_pgmo_rviz/lib:/home/siny/hydra_ws/install/kimera_pgmo_msgs/lib:/home/siny/hydra_ws/install/ianvs/lib:/home/siny/hydra_ws/install/hydra_msgs/lib:/home/siny/hydra_ws/install/config_utilities_ros/lib:/home/siny/hydra_ws/install/config_utilities_msgs/lib:/opt/ros/jazzy/opt/rviz_ogre_vendor/lib:/opt/ros/jazzy/lib/aarch64-linux-gnu:/opt/ros/jazzy/opt/gz_math_vendor/lib:/opt/ros/jazzy/opt/gz_utils_vendor/lib:/opt/ros/jazzy/opt/gz_cmake_vendor/lib:/opt/ros/jazzy/lib PATH=/home/siny/hydra_ws/install/kimera_pgmo/bin:/home/siny/hydra_ws/install/spark_dsg/bin:/home/siny/hydra_ws/install/config_utilities/bin:/home/siny/hydra_ws/install/semantic_inference/bin:/opt/ros/jazzy/bin:/home/siny/anaconda3/condabin:/home/siny/.local/bin:/usr/local/cuda/bin:/opt/bin:/usr/local/sbin:/usr/local/bin:/usr/sbin:/usr/bin:/sbin:/bin:/usr/games:/usr/local/games:/snap/bin:/snap/bin PKG_CONFIG_PATH=/home/siny/hydra_ws/install/kimera_pgmo/lib/aarch64-linux-gnu/pkgconfig:/home/siny/hydra_ws/install/kimera_pgmo/lib/pkgconfig:/home/siny/hydra_ws/install/teaserpp/lib/aarch64-linux-gnu/pkgconfig:/home/siny/hydra_ws/install/teaserpp/lib/pkgconfig:/home/siny/hydra_ws/install/spatial_hash/lib/aarch64-linux-gnu/pkgconfig:/home/siny/hydra_ws/install/spatial_hash/lib/pkgconfig:/home/siny/hydra_ws/install/spark_dsg/lib/aarch64-linux-gnu/pkgconfig:/home/siny/hydra_ws/install/spark_dsg/lib/pkgconfig:/home/siny/hydra_ws/install/pose_graph_tools/lib/aarch64-linux-gnu/pkgconfig:/home/siny/hydra_ws/install/pose_graph_tools/lib/pkgconfig:/home/siny/hydra_ws/install/kimera_rpgo/lib/aarch64-linux-gnu/pkgconfig:/home/siny/hydra_ws/install/kimera_rpgo/lib/pkgconfig:/home/siny/hydra_ws/install/config_utilities/lib/aarch64-linux-gnu/pkgconfig:/home/siny/hydra_ws/install/config_utilities/lib/pkgconfig:/home/siny/hydra_ws/install/hydra/lib/aarch64-linux-gnu/pkgconfig:/home/siny/hydra_ws/install/hydra/lib/pkgconfig:/home/siny/hydra_ws/install/semantic_inference/lib/aarch64-linux-gnu/pkgconfig:/home/siny/hydra_ws/install/semantic_inference/lib/pkgconfig /usr/bin/cmake --build /home/siny/hydra_ws/build/hydra -- -j20 -l20
[0.250s] Invoking command in '/home/siny/hydra_ws/build/hydra': CMAKE_PREFIX_PATH=/home/siny/hydra_ws/install/kimera_pgmo:/home/siny/hydra_ws/install/teaserpp:/home/siny/hydra_ws/install/spatial_hash:/home/siny/hydra_ws/install/spark_dsg:/home/siny/hydra_ws/install/pose_graph_tools:/home/siny/hydra_ws/install/kimera_rpgo:/home/siny/hydra_ws/install/config_utilities:/home/siny/hydra_ws/install/hydra_ros:/home/siny/hydra_ws/install/hydra:/home/siny/hydra_ws/install/kimera_pgmo_ros:/home/siny/hydra_ws/install/hydra_visualizer:/home/siny/hydra_ws/install/semantic_inference_ros:/home/siny/hydra_ws/install/semantic_inference_msgs:/home/siny/hydra_ws/install/semantic_inference:/home/siny/hydra_ws/install/pose_graph_tools_ros:/home/siny/hydra_ws/install/pose_graph_tools_msgs:/home/siny/hydra_ws/install/kimera_pgmo_rviz:/home/siny/hydra_ws/install/kimera_pgmo_msgs:/home/siny/hydra_ws/install/ianvs:/home/siny/hydra_ws/install/hydra_msgs:/home/siny/hydra_ws/install/config_utilities_ros:/home/siny/hydra_ws/install/config_utilities_msgs:/opt/ros/jazzy/opt/gz_math_vendor:/opt/ros/jazzy/opt/gz_utils_vendor:/opt/ros/jazzy/opt/gz_cmake_vendor:/opt/ros/jazzy DEBUGINFOD_URLS=https://debuginfod.ubuntu.com LD_LIBRARY_PATH=/home/siny/hydra_ws/install/kimera_pgmo/lib:/home/siny/hydra_ws/install/teaserpp/lib:/home/siny/hydra_ws/install/spark_dsg/lib:/home/siny/hydra_ws/install/pose_graph_tools/lib:/home/siny/hydra_ws/install/kimera_rpgo/lib:/home/siny/hydra_ws/install/config_utilities/lib:/home/siny/hydra_ws/install/hydra_ros/lib:/home/siny/hydra_ws/install/hydra/lib:/home/siny/hydra_ws/install/kimera_pgmo_ros/lib:/home/siny/hydra_ws/install/hydra_visualizer/lib:/home/siny/hydra_ws/install/semantic_inference_ros/lib:/home/siny/hydra_ws/install/semantic_inference_msgs/lib:/home/siny/hydra_ws/install/semantic_inference/lib:/home/siny/hydra_ws/install/pose_graph_tools_ros/lib:/home/siny/hydra_ws/install/pose_graph_tools_msgs/lib:/home/siny/hydra_ws/install/kimera_pgmo_rviz/lib:/home/siny/hydra_ws/install/kimera_pgmo_msgs/lib:/home/siny/hydra_ws/install/ianvs/lib:/home/siny/hydra_ws/install/hydra_msgs/lib:/home/siny/hydra_ws/install/config_utilities_ros/lib:/home/siny/hydra_ws/install/config_utilities_msgs/lib:/opt/ros/jazzy/opt/rviz_ogre_vendor/lib:/opt/ros/jazzy/lib/aarch64-linux-gnu:/opt/ros/jazzy/opt/gz_math_vendor/lib:/opt/ros/jazzy/opt/gz_utils_vendor/lib:/opt/ros/jazzy/opt/gz_cmake_vendor/lib:/opt/ros/jazzy/lib PATH=/home/siny/hydra_ws/install/kimera_pgmo/bin:/home/siny/hydra_ws/install/spark_dsg/bin:/home/siny/hydra_ws/install/config_utilities/bin:/home/siny/hydra_ws/install/semantic_inference/bin:/opt/ros/jazzy/bin:/home/siny/anaconda3/condabin:/home/siny/.local/bin:/usr/local/cuda/bin:/opt/bin:/usr/local/sbin:/usr/local/bin:/usr/sbin:/usr/bin:/sbin:/bin:/usr/games:/usr/local/games:/snap/bin:/snap/bin PKG_CONFIG_PATH=/home/siny/hydra_ws/install/kimera_pgmo/lib/aarch64-linux-gnu/pkgconfig:/home/siny/hydra_ws/install/kimera_pgmo/lib/pkgconfig:/home/siny/hydra_ws/install/teaserpp/lib/aarch64-linux-gnu/pkgconfig:/home/siny/hydra_ws/install/teaserpp/lib/pkgconfig:/home/siny/hydra_ws/install/spatial_hash/lib/aarch64-linux-gnu/pkgconfig:/home/siny/hydra_ws/install/spatial_hash/lib/pkgconfig:/home/siny/hydra_ws/install/spark_dsg/lib/aarch64-linux-gnu/pkgconfig:/home/siny/hydra_ws/install/spark_dsg/lib/pkgconfig:/home/siny/hydra_ws/install/pose_graph_tools/lib/aarch64-linux-gnu/pkgconfig:/home/siny/hydra_ws/install/pose_graph_tools/lib/pkgconfig:/home/siny/hydra_ws/install/kimera_rpgo/lib/aarch64-linux-gnu/pkgconfig:/home/siny/hydra_ws/install/kimera_rpgo/lib/pkgconfig:/home/siny/hydra_ws/install/config_utilities/lib/aarch64-linux-gnu/pkgconfig:/home/siny/hydra_ws/install/config_utilities/lib/pkgconfig:/home/siny/hydra_ws/install/hydra/lib/aarch64-linux-gnu/pkgconfig:/home/siny/hydra_ws/install/hydra/lib/pkgconfig:/home/siny/hydra_ws/install/semantic_inference/lib/aarch64-linux-gnu/pkgconfig:/home/siny/hydra_ws/install/semantic_inference/lib/pkgconfig /usr/bin/cmake --install /home/siny/hydra_ws/build/hydra
[0.260s] -- Install configuration: "Release"
[0.261s] -- Up-to-date: /home/siny/hydra_ws/install/hydra/lib/libhydra_eval.so
[0.261s] -- Up-to-date: /home/siny/hydra_ws/install/hydra/lib/hydra/compress_graph
[0.261s] -- Up-to-date: /home/siny/hydra_ws/install/hydra/lib/hydra/compute_filtrations
[0.261s] -- Up-to-date: /home/siny/hydra_ws/install/hydra/lib/hydra/evaluate_places
[0.262s] -- Up-to-date: /home/siny/hydra_ws/install/hydra/lib/hydra/evaluate_rooms
[0.262s] -- Up-to-date: /home/siny/hydra_ws/install/hydra/lib/hydra/gt_trajectory_optimizer
[0.262s] -- Up-to-date: /home/siny/hydra_ws/install/hydra/lib/hydra/merge_graphs
[0.262s] -- Up-to-date: /home/siny/hydra_ws/install/hydra/lib/hydra/optimize_graph
[0.263s] -- Up-to-date: /home/siny/hydra_ws/install/hydra/lib/hydra/test_hydra
[0.263s] -- Up-to-date: /home/siny/hydra_ws/install/hydra/lib/libhydra.so
[0.263s] -- Up-to-date: /home/siny/hydra_ws/install/hydra/include
[0.263s] -- Up-to-date: /home/siny/hydra_ws/install/hydra/include/hydra
[0.263s] -- Up-to-date: /home/siny/hydra_ws/install/hydra/include/hydra/places
[0.263s] -- Up-to-date: /home/siny/hydra_ws/install/hydra/include/hydra/places/gvd_utilities.h
[0.263s] -- Up-to-date: /home/siny/hydra_ws/install/hydra/include/hydra/places/gvd_integrator.h
[0.263s] -- Up-to-date: /home/siny/hydra_ws/install/hydra/include/hydra/places/gvd_integrator_config.h
[0.264s] -- Up-to-date: /home/siny/hydra_ws/install/hydra/include/hydra/places/robot_footprint_integrator.h
[0.264s] -- Up-to-date: /home/siny/hydra_ws/install/hydra/include/hydra/places/gvd_merge_policies.h
[0.264s] -- Up-to-date: /home/siny/hydra_ws/install/hydra/include/hydra/places/gvd_graph.h
[0.264s] -- Up-to-date: /home/siny/hydra_ws/install/hydra/include/hydra/places/graph_extractor.h
[0.264s] -- Up-to-date: /home/siny/hydra_ws/install/hydra/include/hydra/places/graph_extractor_utilities.h
[0.264s] -- Up-to-date: /home/siny/hydra_ws/install/hydra/include/hydra/places/update_statistics.h
[0.264s] -- Up-to-date: /home/siny/hydra_ws/install/hydra/include/hydra/places/gvd_voxel.h
[0.264s] -- Up-to-date: /home/siny/hydra_ws/install/hydra/include/hydra/places/gvd_parent_tracker.h
[0.264s] -- Up-to-date: /home/siny/hydra_ws/install/hydra/include/hydra/common
[0.264s] -- Up-to-date: /home/siny/hydra_ws/install/hydra/include/hydra/common/config_utilities.h
[0.265s] -- Up-to-date: /home/siny/hydra_ws/install/hydra/include/hydra/common/graph_update.h
[0.265s] -- Up-to-date: /home/siny/hydra_ws/install/hydra/include/hydra/common/pipeline_queues.h
[0.265s] -- Up-to-date: /home/siny/hydra_ws/install/hydra/include/hydra/common/common_types.h
[0.265s] -- Up-to-date: /home/siny/hydra_ws/install/hydra/include/hydra/common/batch_pipeline.h
[0.265s] -- Up-to-date: /home/siny/hydra_ws/install/hydra/include/hydra/common/dsg_types.h
[0.265s] -- Up-to-date: /home/siny/hydra_ws/install/hydra/include/hydra/common/hydra_pipeline.h
[0.265s] -- Up-to-date: /home/siny/hydra_ws/install/hydra/include/hydra/common/global_info.h
[0.265s] -- Up-to-date: /home/siny/hydra_ws/install/hydra/include/hydra/common/message_queue.h
[0.265s] -- Up-to-date: /home/siny/hydra_ws/install/hydra/include/hydra/common/label_space_config.h
[0.265s] -- Up-to-date: /home/siny/hydra_ws/install/hydra/include/hydra/common/shared_module_state.h
[0.266s] -- Up-to-date: /home/siny/hydra_ws/install/hydra/include/hydra/common/output_sink.h
[0.266s] -- Up-to-date: /home/siny/hydra_ws/install/hydra/include/hydra/common/label_remapper.h
[0.266s] -- Up-to-date: /home/siny/hydra_ws/install/hydra/include/hydra/common/semantic_color_map.h
[0.266s] -- Up-to-date: /home/siny/hydra_ws/install/hydra/include/hydra/common/module.h
[0.266s] -- Up-to-date: /home/siny/hydra_ws/install/hydra/include/hydra/common/launch_callbacks.h
[0.266s] -- Up-to-date: /home/siny/hydra_ws/install/hydra/include/hydra/common/shared_dsg_info.h
[0.267s] -- Up-to-date: /home/siny/hydra_ws/install/hydra/include/hydra/common/robot_prefix_config.h
[0.267s] -- Up-to-date: /home/siny/hydra_ws/install/hydra/include/hydra/input
[0.267s] -- Up-to-date: /home/siny/hydra_ws/install/hydra/include/hydra/input/sensor_extrinsics.h
[0.267s] -- Up-to-date: /home/siny/hydra_ws/install/hydra/include/hydra/input/camera.h
[0.267s] -- Up-to-date: /home/siny/hydra_ws/install/hydra/include/hydra/input/sensor_utilities.h
[0.268s] -- Up-to-date: /home/siny/hydra_ws/install/hydra/include/hydra/input/sensor_input_packet.h
[0.268s] -- Up-to-date: /home/siny/hydra_ws/install/hydra/include/hydra/input/sensor.h
[0.268s] -- Up-to-date: /home/siny/hydra_ws/install/hydra/include/hydra/input/data_receiver.h
[0.268s] -- Up-to-date: /home/siny/hydra_ws/install/hydra/include/hydra/input/input_data.h
[0.268s] -- Up-to-date: /home/siny/hydra_ws/install/hydra/include/hydra/input/input_packet.h
[0.268s] -- Up-to-date: /home/siny/hydra_ws/install/hydra/include/hydra/input/input_conversion.h
[0.268s] -- Up-to-date: /home/siny/hydra_ws/install/hydra/include/hydra/input/input_module.h
[0.269s] -- Up-to-date: /home/siny/hydra_ws/install/hydra/include/hydra/input/lidar.h
[0.269s] -- Up-to-date: /home/siny/hydra_ws/install/hydra/include/hydra/backend
[0.269s] -- Up-to-date: /home/siny/hydra_ws/install/hydra/include/hydra/backend/update_buildings_functor.h
[0.269s] -- Up-to-date: /home/siny/hydra_ws/install/hydra/include/hydra/backend/merge_proposer.h
[0.269s] -- Up-to-date: /home/siny/hydra_ws/install/hydra/include/hydra/backend/merge_tracker.h
[0.269s] -- Up-to-date: /home/siny/hydra_ws/install/hydra/include/hydra/backend/external_loop_closure_receiver.h
[0.270s] -- Up-to-date: /home/siny/hydra_ws/install/hydra/include/hydra/backend/zmq_interfaces.h
[0.270s] -- Up-to-date: /home/siny/hydra_ws/install/hydra/include/hydra/backend/backend_input.h
[0.270s] -- Up-to-date: /home/siny/hydra_ws/install/hydra/include/hydra/backend/pgmo_configs.h
[0.270s] -- Up-to-date: /home/siny/hydra_ws/install/hydra/include/hydra/backend/update_frontiers_functor.h
[0.270s] -- Up-to-date: /home/siny/hydra_ws/install/hydra/include/hydra/backend/association_strategies.h
[0.270s] -- Up-to-date: /home/siny/hydra_ws/install/hydra/include/hydra/backend/update_agents_functor.h
[0.270s] -- Up-to-date: /home/siny/hydra_ws/install/hydra/include/hydra/backend/backend_module.h
[0.271s] -- Up-to-date: /home/siny/hydra_ws/install/hydra/include/hydra/backend/backend_utilities.h
[0.271s] -- Up-to-date: /home/siny/hydra_ws/install/hydra/include/hydra/backend/deformation_interpolator.h
[0.271s] -- Up-to-date: /home/siny/hydra_ws/install/hydra/include/hydra/backend/update_rooms_functor.h
[0.271s] -- Up-to-date: /home/siny/hydra_ws/install/hydra/include/hydra/backend/update_functions.h
[0.271s] -- Up-to-date: /home/siny/hydra_ws/install/hydra/include/hydra/backend/update_surface_places_functor.h
[0.271s] -- Up-to-date: /home/siny/hydra_ws/install/hydra/include/hydra/backend/surface_place_utilities.h
[0.271s] -- Up-to-date: /home/siny/hydra_ws/install/hydra/include/hydra/backend/mst_factors.h
[0.272s] -- Up-to-date: /home/siny/hydra_ws/install/hydra/include/hydra/backend/update_objects_functor.h
[0.272s] -- Up-to-date: /home/siny/hydra_ws/install/hydra/include/hydra/backend/update_places_functor.h
[0.272s] -- Up-to-date: /home/siny/hydra_ws/install/hydra/include/hydra/backend/mesh_clustering.h
[0.272s] -- Up-to-date: /home/siny/hydra_ws/install/hydra/include/hydra/backend/dsg_updater.h
[0.272s] -- Up-to-date: /home/siny/hydra_ws/install/hydra/include/hydra/utils
[0.272s] -- Up-to-date: /home/siny/hydra_ws/install/hydra/include/hydra/utils/pgmo_mesh_traits.h
[0.273s] -- Up-to-date: /home/siny/hydra_ws/install/hydra/include/hydra/utils/nearest_neighbor_utilities.h
[0.273s] -- Up-to-date: /home/siny/hydra_ws/install/hydra/include/hydra/utils/data_directory.h
[0.273s] -- Up-to-date: /home/siny/hydra_ws/install/hydra/include/hydra/utils/display_utilities.h
[0.273s] -- Up-to-date: /home/siny/hydra_ws/install/hydra/include/hydra/utils/bucket_queue.h
[0.273s] -- Up-to-date: /home/siny/hydra_ws/install/hydra/include/hydra/utils/pgmo_mesh_interface.h
[0.273s] -- Up-to-date: /home/siny/hydra_ws/install/hydra/include/hydra/utils/minimum_spanning_tree.h
[0.273s] -- Up-to-date: /home/siny/hydra_ws/install/hydra/include/hydra/utils/id_tracker.h
[0.274s] -- Up-to-date: /home/siny/hydra_ws/install/hydra/include/hydra/utils/disjoint_set.h
[0.274s] -- Up-to-date: /home/siny/hydra_ws/install/hydra/include/hydra/utils/active_window_tracker.h
[0.274s] -- Up-to-date: /home/siny/hydra_ws/install/hydra/include/hydra/utils/pgmo_glog_sink.h
[0.274s] -- Up-to-date: /home/siny/hydra_ws/install/hydra/include/hydra/utils/timing_utilities.h
[0.274s] -- Up-to-date: /home/siny/hydra_ws/install/hydra/include/hydra/utils/mesh_utilities.h
[0.275s] -- Up-to-date: /home/siny/hydra_ws/install/hydra/include/hydra/utils/layer_io.h
[0.275s] -- Up-to-date: /home/siny/hydra_ws/install/hydra/include/hydra/utils/place_2d_ellipsoid_math.h
[0.276s] -- Up-to-date: /home/siny/hydra_ws/install/hydra/include/hydra/utils/csv_reader.h
[0.276s] -- Up-to-date: /home/siny/hydra_ws/install/hydra/include/hydra/utils/printing.h
[0.276s] -- Up-to-date: /home/siny/hydra_ws/install/hydra/include/hydra/odometry
[0.276s] -- Up-to-date: /home/siny/hydra_ws/install/hydra/include/hydra/odometry/pose_graph_from_odom.h
[0.276s] -- Up-to-date: /home/siny/hydra_ws/install/hydra/include/hydra/odometry/pose_graph_tracker.h
[0.277s] -- Up-to-date: /home/siny/hydra_ws/install/hydra/include/hydra/active_window
[0.277s] -- Up-to-date: /home/siny/hydra_ws/install/hydra/include/hydra/active_window/active_window_module.h
[0.277s] -- Up-to-date: /home/siny/hydra_ws/install/hydra/include/hydra/active_window/active_window_output.h
[0.277s] -- Up-to-date: /home/siny/hydra_ws/install/hydra/include/hydra/active_window/reconstruction_module.h
[0.277s] -- Up-to-date: /home/siny/hydra_ws/install/hydra/include/hydra/active_window/volumetric_window.h
[0.277s] -- Up-to-date: /home/siny/hydra_ws/install/hydra/include/hydra/loop_closure
[0.278s] -- Up-to-date: /home/siny/hydra_ws/install/hydra/include/hydra/loop_closure/descriptor_matching.h
[0.278s] -- Up-to-date: /home/siny/hydra_ws/install/hydra/include/hydra/loop_closure/registration.h
[0.278s] -- Up-to-date: /home/siny/hydra_ws/install/hydra/include/hydra/loop_closure/loop_closure_config.h
[0.278s] -- Up-to-date: /home/siny/hydra_ws/install/hydra/include/hydra/loop_closure/lcd_input.h
[0.278s] -- Up-to-date: /home/siny/hydra_ws/install/hydra/include/hydra/loop_closure/loop_closure_module.h
[0.278s] -- Up-to-date: /home/siny/hydra_ws/install/hydra/include/hydra/loop_closure/subgraph_extraction.h
[0.279s] -- Up-to-date: /home/siny/hydra_ws/install/hydra/include/hydra/loop_closure/registration_solution.h
[0.279s] -- Up-to-date: /home/siny/hydra_ws/install/hydra/include/hydra/loop_closure/detector.h
[0.279s] -- Up-to-date: /home/siny/hydra_ws/install/hydra/include/hydra/loop_closure/scene_graph_descriptors.h
[0.279s] -- Up-to-date: /home/siny/hydra_ws/install/hydra/include/hydra/loop_closure/gnn_descriptors.h
[0.279s] -- Up-to-date: /home/siny/hydra_ws/install/hydra/include/hydra/rooms
[0.279s] -- Up-to-date: /home/siny/hydra_ws/install/hydra/include/hydra/rooms/room_finder.h
[0.279s] -- Up-to-date: /home/siny/hydra_ws/install/hydra/include/hydra/rooms/graph_filtration.h
[0.279s] -- Up-to-date: /home/siny/hydra_ws/install/hydra/include/hydra/rooms/graph_clustering.h
[0.280s] -- Up-to-date: /home/siny/hydra_ws/install/hydra/include/hydra/rooms/room_finder_config.h
[0.280s] -- Up-to-date: /home/siny/hydra_ws/install/hydra/include/hydra/rooms/room_utilities.h
[0.280s] -- Up-to-date: /home/siny/hydra_ws/install/hydra/include/hydra/openset
[0.280s] -- Up-to-date: /home/siny/hydra_ws/install/hydra/include/hydra/openset/openset_types.h
[0.280s] -- Up-to-date: /home/siny/hydra_ws/install/hydra/include/hydra/openset/embedding_distances.h
[0.280s] -- Up-to-date: /home/siny/hydra_ws/install/hydra/include/hydra/openset/embedding_pooling.h
[0.281s] -- Up-to-date: /home/siny/hydra_ws/install/hydra/include/hydra/openset/embedding_group.h
[0.281s] -- Up-to-date: /home/siny/hydra_ws/install/hydra/include/hydra/reconstruction
[0.281s] -- Up-to-date: /home/siny/hydra_ws/install/hydra/include/hydra/reconstruction/volumetric_map.h
[0.281s] -- Up-to-date: /home/siny/hydra_ws/install/hydra/include/hydra/reconstruction/marching_cubes.h
[0.281s] -- Up-to-date: /home/siny/hydra_ws/install/hydra/include/hydra/reconstruction/projection_interpolators.h
[0.282s] -- Up-to-date: /home/siny/hydra_ws/install/hydra/include/hydra/reconstruction/semantic_integrator.h
[0.282s] -- Up-to-date: /home/siny/hydra_ws/install/hydra/include/hydra/reconstruction/tsdf_interpolators.h
[0.282s] -- Up-to-date: /home/siny/hydra_ws/install/hydra/include/hydra/reconstruction/integration_masking.h
[0.282s] -- Up-to-date: /home/siny/hydra_ws/install/hydra/include/hydra/reconstruction/mesh_integrator.h
[0.282s] -- Up-to-date: /home/siny/hydra_ws/install/hydra/include/hydra/reconstruction/index_getter.h
[0.283s] -- Up-to-date: /home/siny/hydra_ws/install/hydra/include/hydra/reconstruction/voxel_types.h
[0.283s] -- Up-to-date: /home/siny/hydra_ws/install/hydra/include/hydra/reconstruction/projective_integrator.h
[0.283s] -- Up-to-date: /home/siny/hydra_ws/install/hydra/include/hydra/reconstruction/mesh_integrator_config.h
[0.283s] -- Up-to-date: /home/siny/hydra_ws/install/hydra/include/hydra/gnn
[0.283s] -- Up-to-date: /home/siny/hydra_ws/install/hydra/include/hydra/gnn/gnn_interface.h
[0.283s] -- Up-to-date: /home/siny/hydra_ws/install/hydra/include/hydra/gnn/tensor.h
[0.283s] -- Up-to-date: /home/siny/hydra_ws/install/hydra/include/hydra/gnn/ort_utilities.h
[0.283s] -- Up-to-date: /home/siny/hydra_ws/install/hydra/include/hydra/frontend
[0.283s] -- Up-to-date: /home/siny/hydra_ws/install/hydra/include/hydra/frontend/place_2d_segmenter.h
[0.284s] -- Up-to-date: /home/siny/hydra_ws/install/hydra/include/hydra/frontend/place_2d_split_logic.h
[0.284s] -- Up-to-date: /home/siny/hydra_ws/install/hydra/include/hydra/frontend/place_mesh_connector.h
[0.284s] -- Up-to-date: /home/siny/hydra_ws/install/hydra/include/hydra/frontend/view_database.h
[0.284s] -- Up-to-date: /home/siny/hydra_ws/install/hydra/include/hydra/frontend/graph_connector.h
[0.284s] -- Up-to-date: /home/siny/hydra_ws/install/hydra/include/hydra/frontend/freespace_places_interface.h
[0.284s] -- Up-to-date: /home/siny/hydra_ws/install/hydra/include/hydra/frontend/mesh_segmenter.h
[0.284s] -- Up-to-date: /home/siny/hydra_ws/install/hydra/include/hydra/frontend/view_selector.h
[0.285s] -- Up-to-date: /home/siny/hydra_ws/install/hydra/include/hydra/frontend/surface_places_interface.h
[0.285s] -- Up-to-date: /home/siny/hydra_ws/install/hydra/include/hydra/frontend/frontier_extractor.h
[0.285s] -- Up-to-date: /home/siny/hydra_ws/install/hydra/include/hydra/frontend/gvd_place_extractor.h
[0.285s] -- Up-to-date: /home/siny/hydra_ws/install/hydra/include/hydra/frontend/graph_builder.h
[0.285s] -- Up-to-date: /home/siny/hydra_ws/install/hydra/lib/cmake/hydra/hydraTargets.cmake
[0.285s] -- Up-to-date: /home/siny/hydra_ws/install/hydra/lib/cmake/hydra/hydraTargets-release.cmake
[0.286s] -- Up-to-date: /home/siny/hydra_ws/install/hydra/lib/cmake/hydra/hydraConfig.cmake
[0.286s] -- Up-to-date: /home/siny/hydra_ws/install/hydra/lib/cmake/hydra/hydraConfigVersion.cmake
[0.286s] -- Up-to-date: /home/siny/hydra_ws/install/hydra/share/hydra/config
[0.286s] -- Up-to-date: /home/siny/hydra_ws/install/hydra/share/hydra/config/lcd
[0.286s] -- Up-to-date: /home/siny/hydra_ws/install/hydra/share/hydra/config/lcd/default.yaml
[0.286s] -- Up-to-date: /home/siny/hydra_ws/install/hydra/share/hydra/config/lcd/default_gnn.yaml
[0.286s] -- Up-to-date: /home/siny/hydra_ws/install/hydra/share/hydra/config/lcd/uhumans2.yaml
[0.286s] -- Up-to-date: /home/siny/hydra_ws/install/hydra/share/hydra/config/lcd/uhumans2_gnn.yaml
[0.286s] -- Up-to-date: /home/siny/hydra_ws/install/hydra/share/hydra/config/label_remaps
[0.287s] -- Up-to-date: /home/siny/hydra_ws/install/hydra/share/hydra/config/label_remaps/uhumans2_apartment.yaml
[0.287s] -- Up-to-date: /home/siny/hydra_ws/install/hydra/share/hydra/config/label_remaps/uhumans2_neighborhood.yaml
[0.287s] -- Up-to-date: /home/siny/hydra_ws/install/hydra/share/hydra/config/label_remaps/12uhumans1_color.yaml
[0.287s] -- Up-to-date: /home/siny/hydra_ws/install/hydra/share/hydra/config/label_remaps/uhumans2_subway.yaml
[0.287s] -- Up-to-date: /home/siny/hydra_ws/install/hydra/share/hydra/config/label_remaps/uhumans2_office.yaml
[0.287s] -- Up-to-date: /home/siny/hydra_ws/install/hydra/share/hydra/config/label_remaps/tesse_cd_office.yaml
[0.288s] -- Up-to-date: /home/siny/hydra_ws/install/hydra/share/hydra/config/label_remaps/tesse_cd_apartment.yaml
[0.288s] -- Up-to-date: /home/siny/hydra_ws/install/hydra/share/hydra/config/datasets
[0.288s] -- Up-to-date: /home/siny/hydra_ws/install/hydra/share/hydra/config/datasets/sidpac.yaml
[0.288s] -- Up-to-date: /home/siny/hydra_ws/install/hydra/share/hydra/config/datasets/kimera_multi_velodyne16.yaml
[0.288s] -- Up-to-date: /home/siny/hydra_ws/install/hydra/share/hydra/config/datasets/simmons_a1.yaml
[0.288s] -- Up-to-date: /home/siny/hydra_ws/install/hydra/share/hydra/config/datasets/kimera_multi_ouster64.yaml
[0.288s] -- Up-to-date: /home/siny/hydra_ws/install/hydra/share/hydra/config/datasets/spot.yaml
[0.288s] -- Up-to-date: /home/siny/hydra_ws/install/hydra/share/hydra/config/datasets/d455_outdoor.yaml
[0.288s] -- Up-to-date: /home/siny/hydra_ws/install/hydra/share/hydra/config/datasets/uhumans2.yaml
[0.289s] -- Up-to-date: /home/siny/hydra_ws/install/hydra/share/hydra/config/datasets/habitat.yaml
[0.289s] -- Up-to-date: /home/siny/hydra_ws/install/hydra/share/hydra/config/datasets/kitti_360.yaml
[0.289s] -- Up-to-date: /home/siny/hydra_ws/install/hydra/share/hydra/config/datasets/pennquad.yaml
[0.289s] -- Up-to-date: /home/siny/hydra_ws/install/hydra/share/hydra/config/datasets/simmons_jackal.yaml
[0.289s] -- Up-to-date: /home/siny/hydra_ws/install/hydra/share/hydra/config/datasets/kimera_multi_rgbd.yaml
[0.289s] -- Up-to-date: /home/siny/hydra_ws/install/hydra/share/hydra/config/label_spaces
[0.289s] -- Up-to-date: /home/siny/hydra_ws/install/hydra/share/hydra/config/label_spaces/tesse_cd_office_label_space.yaml
[0.290s] -- Up-to-date: /home/siny/hydra_ws/install/hydra/share/hydra/config/label_spaces/tesse_cd_apartment_label_space.yaml
[0.290s] -- Up-to-date: /home/siny/hydra_ws/install/hydra/share/hydra/config/label_spaces/kitti_360_label_space.yaml
[0.290s] -- Up-to-date: /home/siny/hydra_ws/install/hydra/share/hydra/config/label_spaces/phoenix_label_space.yaml
[0.290s] -- Up-to-date: /home/siny/hydra_ws/install/hydra/share/hydra/config/label_spaces/ade20k_full_label_space.yaml
[0.290s] -- Up-to-date: /home/siny/hydra_ws/install/hydra/share/hydra/config/label_spaces/uhumans2_subway_label_space.yaml
[0.290s] -- Up-to-date: /home/siny/hydra_ws/install/hydra/share/hydra/config/label_spaces/uhumans2_apartment_label_space.yaml
[0.291s] -- Up-to-date: /home/siny/hydra_ws/install/hydra/share/hydra/config/label_spaces/ade20k_mp3d_label_space.yaml
[0.291s] -- Up-to-date: /home/siny/hydra_ws/install/hydra/share/hydra/config/label_spaces/ade20k_mit_label_space.yaml
[0.291s] -- Up-to-date: /home/siny/hydra_ws/install/hydra/share/hydra/config/label_spaces/uhumans2_office_label_space.yaml
[0.291s] -- Up-to-date: /home/siny/hydra_ws/install/hydra/share/hydra/config/label_spaces/tesse_ade20k_label_space.yaml
[0.291s] -- Up-to-date: /home/siny/hydra_ws/install/hydra/share/hydra/config/label_spaces/ade20k_outdoor_label_space.yaml
[0.291s] -- Up-to-date: /home/siny/hydra_ws/install/hydra/share/hydra/config/label_spaces/mpcat40_label_space.yaml
[0.291s] -- Up-to-date: /home/siny/hydra_ws/install/hydra/share/hydra/config/label_spaces/ade20k_indoor_label_space.yaml
[0.292s] -- Up-to-date: /home/siny/hydra_ws/install/hydra/share/hydra/config/label_spaces/my_yolo_labels.yaml
[0.292s] -- Up-to-date: /home/siny/hydra_ws/install/hydra/share/ament_index/resource_index/package_run_dependencies/hydra
[0.292s] -- Up-to-date: /home/siny/hydra_ws/install/hydra/share/ament_index/resource_index/parent_prefix_path/hydra
[0.292s] -- Up-to-date: /home/siny/hydra_ws/install/hydra/share/hydra/environment/ament_prefix_path.sh
[0.292s] -- Up-to-date: /home/siny/hydra_ws/install/hydra/share/hydra/environment/ament_prefix_path.dsv
[0.292s] -- Up-to-date: /home/siny/hydra_ws/install/hydra/share/hydra/environment/path.sh
[0.293s] -- Up-to-date: /home/siny/hydra_ws/install/hydra/share/hydra/environment/path.dsv
[0.293s] -- Up-to-date: /home/siny/hydra_ws/install/hydra/share/hydra/local_setup.bash
[0.293s] -- Up-to-date: /home/siny/hydra_ws/install/hydra/share/hydra/local_setup.sh
[0.293s] -- Up-to-date: /home/siny/hydra_ws/install/hydra/share/hydra/local_setup.zsh
[0.293s] -- Up-to-date: /home/siny/hydra_ws/install/hydra/share/hydra/local_setup.dsv
[0.293s] -- Installing: /home/siny/hydra_ws/install/hydra/share/hydra/package.dsv
[0.294s] -- Up-to-date: /home/siny/hydra_ws/install/hydra/share/ament_index/resource_index/packages/hydra
[0.294s] -- Up-to-date: /home/siny/hydra_ws/install/hydra/share/hydra/cmake/hydraConfig.cmake
[0.294s] -- Up-to-date: /home/siny/hydra_ws/install/hydra/share/hydra/cmake/hydraConfig-version.cmake
[0.294s] -- Up-to-date: /home/siny/hydra_ws/install/hydra/share/hydra/package.xml
[0.307s] Invoked command in '/home/siny/hydra_ws/build/hydra' returned '0': CMAKE_PREFIX_PATH=/home/siny/hydra_ws/install/kimera_pgmo:/home/siny/hydra_ws/install/teaserpp:/home/siny/hydra_ws/install/spatial_hash:/home/siny/hydra_ws/install/spark_dsg:/home/siny/hydra_ws/install/pose_graph_tools:/home/siny/hydra_ws/install/kimera_rpgo:/home/siny/hydra_ws/install/config_utilities:/home/siny/hydra_ws/install/hydra_ros:/home/siny/hydra_ws/install/hydra:/home/siny/hydra_ws/install/kimera_pgmo_ros:/home/siny/hydra_ws/install/hydra_visualizer:/home/siny/hydra_ws/install/semantic_inference_ros:/home/siny/hydra_ws/install/semantic_inference_msgs:/home/siny/hydra_ws/install/semantic_inference:/home/siny/hydra_ws/install/pose_graph_tools_ros:/home/siny/hydra_ws/install/pose_graph_tools_msgs:/home/siny/hydra_ws/install/kimera_pgmo_rviz:/home/siny/hydra_ws/install/kimera_pgmo_msgs:/home/siny/hydra_ws/install/ianvs:/home/siny/hydra_ws/install/hydra_msgs:/home/siny/hydra_ws/install/config_utilities_ros:/home/siny/hydra_ws/install/config_utilities_msgs:/opt/ros/jazzy/opt/gz_math_vendor:/opt/ros/jazzy/opt/gz_utils_vendor:/opt/ros/jazzy/opt/gz_cmake_vendor:/opt/ros/jazzy DEBUGINFOD_URLS=https://debuginfod.ubuntu.com LD_LIBRARY_PATH=/home/siny/hydra_ws/install/kimera_pgmo/lib:/home/siny/hydra_ws/install/teaserpp/lib:/home/siny/hydra_ws/install/spark_dsg/lib:/home/siny/hydra_ws/install/pose_graph_tools/lib:/home/siny/hydra_ws/install/kimera_rpgo/lib:/home/siny/hydra_ws/install/config_utilities/lib:/home/siny/hydra_ws/install/hydra_ros/lib:/home/siny/hydra_ws/install/hydra/lib:/home/siny/hydra_ws/install/kimera_pgmo_ros/lib:/home/siny/hydra_ws/install/hydra_visualizer/lib:/home/siny/hydra_ws/install/semantic_inference_ros/lib:/home/siny/hydra_ws/install/semantic_inference_msgs/lib:/home/siny/hydra_ws/install/semantic_inference/lib:/home/siny/hydra_ws/install/pose_graph_tools_ros/lib:/home/siny/hydra_ws/install/pose_graph_tools_msgs/lib:/home/siny/hydra_ws/install/kimera_pgmo_rviz/lib:/home/siny/hydra_ws/install/kimera_pgmo_msgs/lib:/home/siny/hydra_ws/install/ianvs/lib:/home/siny/hydra_ws/install/hydra_msgs/lib:/home/siny/hydra_ws/install/config_utilities_ros/lib:/home/siny/hydra_ws/install/config_utilities_msgs/lib:/opt/ros/jazzy/opt/rviz_ogre_vendor/lib:/opt/ros/jazzy/lib/aarch64-linux-gnu:/opt/ros/jazzy/opt/gz_math_vendor/lib:/opt/ros/jazzy/opt/gz_utils_vendor/lib:/opt/ros/jazzy/opt/gz_cmake_vendor/lib:/opt/ros/jazzy/lib PATH=/home/siny/hydra_ws/install/kimera_pgmo/bin:/home/siny/hydra_ws/install/spark_dsg/bin:/home/siny/hydra_ws/install/config_utilities/bin:/home/siny/hydra_ws/install/semantic_inference/bin:/opt/ros/jazzy/bin:/home/siny/anaconda3/condabin:/home/siny/.local/bin:/usr/local/cuda/bin:/opt/bin:/usr/local/sbin:/usr/local/bin:/usr/sbin:/usr/bin:/sbin:/bin:/usr/games:/usr/local/games:/snap/bin:/snap/bin PKG_CONFIG_PATH=/home/siny/hydra_ws/install/kimera_pgmo/lib/aarch64-linux-gnu/pkgconfig:/home/siny/hydra_ws/install/kimera_pgmo/lib/pkgconfig:/home/siny/hydra_ws/install/teaserpp/lib/aarch64-linux-gnu/pkgconfig:/home/siny/hydra_ws/install/teaserpp/lib/pkgconfig:/home/siny/hydra_ws/install/spatial_hash/lib/aarch64-linux-gnu/pkgconfig:/home/siny/hydra_ws/install/spatial_hash/lib/pkgconfig:/home/siny/hydra_ws/install/spark_dsg/lib/aarch64-linux-gnu/pkgconfig:/home/siny/hydra_ws/install/spark_dsg/lib/pkgconfig:/home/siny/hydra_ws/install/pose_graph_tools/lib/aarch64-linux-gnu/pkgconfig:/home/siny/hydra_ws/install/pose_graph_tools/lib/pkgconfig:/home/siny/hydra_ws/install/kimera_rpgo/lib/aarch64-linux-gnu/pkgconfig:/home/siny/hydra_ws/install/kimera_rpgo/lib/pkgconfig:/home/siny/hydra_ws/install/config_utilities/lib/aarch64-linux-gnu/pkgconfig:/home/siny/hydra_ws/install/config_utilities/lib/pkgconfig:/home/siny/hydra_ws/install/hydra/lib/aarch64-linux-gnu/pkgconfig:/home/siny/hydra_ws/install/hydra/lib/pkgconfig:/home/siny/hydra_ws/install/semantic_inference/lib/aarch64-linux-gnu/pkgconfig:/home/siny/hydra_ws/install/semantic_inference/lib/pkgconfig /usr/bin/cmake --install /home/siny/hydra_ws/build/hydra
