[0.017s] Invoking command in '/home/siny/hydra_ws/build/pose_graph_tools_msgs': DEBUGINFOD_URLS=https://debuginfod.ubuntu.com /usr/bin/cmake --build /home/siny/hydra_ws/build/pose_graph_tools_msgs -- -j20 -l20
[0.080s] [  1%] Built target pose_graph_tools_msgs__rosidl_generator_type_description
[0.111s] [  1%] Built target pose_graph_tools_msgs__cpp
[0.114s] [  1%] Built target ament_cmake_python_copy_pose_graph_tools_msgs
[0.121s] [ 28%] Built target pose_graph_tools_msgs__rosidl_generator_c
[0.151s] [ 38%] Built target pose_graph_tools_msgs__rosidl_typesupport_cpp
[0.159s] [ 48%] Built target pose_graph_tools_msgs__rosidl_typesupport_fastrtps_cpp
[0.159s] [ 57%] Built target pose_graph_tools_msgs__rosidl_typesupport_c
[0.174s] [ 67%] Built target pose_graph_tools_msgs__rosidl_typesupport_fastrtps_c
[0.174s] [ 76%] Built target pose_graph_tools_msgs__rosidl_typesupport_introspection_c
[0.174s] [ 86%] Built target pose_graph_tools_msgs__rosidl_typesupport_introspection_cpp
[0.186s] [ 86%] Built target pose_graph_tools_msgs
[0.215s] [ 87%] Built target pose_graph_tools_msgs__py
[0.222s] running egg_info
[0.225s] writing pose_graph_tools_msgs.egg-info/PKG-INFO
[0.226s] writing dependency_links to pose_graph_tools_msgs.egg-info/dependency_links.txt
[0.226s] writing top-level names to pose_graph_tools_msgs.egg-info/top_level.txt
[0.234s] [ 96%] Built target pose_graph_tools_msgs__rosidl_generator_py
[0.240s] reading manifest file 'pose_graph_tools_msgs.egg-info/SOURCES.txt'
[0.241s] writing manifest file 'pose_graph_tools_msgs.egg-info/SOURCES.txt'
[0.254s] [ 97%] Built target pose_graph_tools_msgs_s__rosidl_typesupport_fastrtps_c
[0.258s] [ 98%] Built target pose_graph_tools_msgs_s__rosidl_typesupport_c
[0.259s] [100%] Built target pose_graph_tools_msgs_s__rosidl_typesupport_introspection_c
[0.261s] [100%] Built target ament_cmake_python_build_pose_graph_tools_msgs_egg
[0.274s] Invoked command in '/home/siny/hydra_ws/build/pose_graph_tools_msgs' returned '0': DEBUGINFOD_URLS=https://debuginfod.ubuntu.com /usr/bin/cmake --build /home/siny/hydra_ws/build/pose_graph_tools_msgs -- -j20 -l20
[0.275s] Invoking command in '/home/siny/hydra_ws/build/pose_graph_tools_msgs': DEBUGINFOD_URLS=https://debuginfod.ubuntu.com /usr/bin/cmake --install /home/siny/hydra_ws/build/pose_graph_tools_msgs
[0.325s] -- Install configuration: "Release"
[0.326s] -- Up-to-date: /home/siny/hydra_ws/install/pose_graph_tools_msgs/share/ament_index/resource_index/rosidl_interfaces/pose_graph_tools_msgs
[0.326s] -- Up-to-date: /home/siny/hydra_ws/install/pose_graph_tools_msgs/share/pose_graph_tools_msgs/msg/BowQueries.json
[0.326s] -- Up-to-date: /home/siny/hydra_ws/install/pose_graph_tools_msgs/share/pose_graph_tools_msgs/msg/BowQuery.json
[0.326s] -- Up-to-date: /home/siny/hydra_ws/install/pose_graph_tools_msgs/share/pose_graph_tools_msgs/msg/BowRequests.json
[0.326s] -- Up-to-date: /home/siny/hydra_ws/install/pose_graph_tools_msgs/share/pose_graph_tools_msgs/msg/BowVector.json
[0.326s] -- Up-to-date: /home/siny/hydra_ws/install/pose_graph_tools_msgs/share/pose_graph_tools_msgs/msg/LoopClosures.json
[0.327s] -- Up-to-date: /home/siny/hydra_ws/install/pose_graph_tools_msgs/share/pose_graph_tools_msgs/msg/LoopClosuresAck.json
[0.327s] -- Up-to-date: /home/siny/hydra_ws/install/pose_graph_tools_msgs/share/pose_graph_tools_msgs/msg/PoseGraph.json
[0.327s] -- Up-to-date: /home/siny/hydra_ws/install/pose_graph_tools_msgs/share/pose_graph_tools_msgs/msg/PoseGraphEdge.json
[0.327s] -- Up-to-date: /home/siny/hydra_ws/install/pose_graph_tools_msgs/share/pose_graph_tools_msgs/msg/PoseGraphNode.json
[0.327s] -- Up-to-date: /home/siny/hydra_ws/install/pose_graph_tools_msgs/share/pose_graph_tools_msgs/msg/TimeRangeQuery.json
[0.327s] -- Up-to-date: /home/siny/hydra_ws/install/pose_graph_tools_msgs/share/pose_graph_tools_msgs/msg/VLCFrameMsg.json
[0.327s] -- Up-to-date: /home/siny/hydra_ws/install/pose_graph_tools_msgs/share/pose_graph_tools_msgs/msg/VLCFrames.json
[0.327s] -- Up-to-date: /home/siny/hydra_ws/install/pose_graph_tools_msgs/share/pose_graph_tools_msgs/msg/VLCRequests.json
[0.327s] -- Up-to-date: /home/siny/hydra_ws/install/pose_graph_tools_msgs/share/pose_graph_tools_msgs/srv/LcdFrameRegistration.json
[0.328s] -- Up-to-date: /home/siny/hydra_ws/install/pose_graph_tools_msgs/share/pose_graph_tools_msgs/srv/PoseGraphQuery.json
[0.328s] -- Up-to-date: /home/siny/hydra_ws/install/pose_graph_tools_msgs/share/pose_graph_tools_msgs/srv/VLCFrameQuery.json
[0.328s] -- Up-to-date: /home/siny/hydra_ws/install/pose_graph_tools_msgs/include/pose_graph_tools_msgs/pose_graph_tools_msgs
[0.328s] -- Up-to-date: /home/siny/hydra_ws/install/pose_graph_tools_msgs/include/pose_graph_tools_msgs/pose_graph_tools_msgs/srv
[0.328s] -- Up-to-date: /home/siny/hydra_ws/install/pose_graph_tools_msgs/include/pose_graph_tools_msgs/pose_graph_tools_msgs/srv/lcd_frame_registration.h
[0.328s] -- Up-to-date: /home/siny/hydra_ws/install/pose_graph_tools_msgs/include/pose_graph_tools_msgs/pose_graph_tools_msgs/srv/vlc_frame_query.h
[0.328s] -- Up-to-date: /home/siny/hydra_ws/install/pose_graph_tools_msgs/include/pose_graph_tools_msgs/pose_graph_tools_msgs/srv/pose_graph_query.h
[0.329s] -- Up-to-date: /home/siny/hydra_ws/install/pose_graph_tools_msgs/include/pose_graph_tools_msgs/pose_graph_tools_msgs/srv/detail
[0.330s] -- Up-to-date: /home/siny/hydra_ws/install/pose_graph_tools_msgs/include/pose_graph_tools_msgs/pose_graph_tools_msgs/srv/detail/vlc_frame_query__type_support.h
[0.330s] -- Up-to-date: /home/siny/hydra_ws/install/pose_graph_tools_msgs/include/pose_graph_tools_msgs/pose_graph_tools_msgs/srv/detail/lcd_frame_registration__description.c
[0.331s] -- Up-to-date: /home/siny/hydra_ws/install/pose_graph_tools_msgs/include/pose_graph_tools_msgs/pose_graph_tools_msgs/srv/detail/vlc_frame_query__functions.h
[0.331s] -- Installing: /home/siny/hydra_ws/install/pose_graph_tools_msgs/include/pose_graph_tools_msgs/pose_graph_tools_msgs/srv/detail/pose_graph_query__type_support.c
[0.332s] -- Up-to-date: /home/siny/hydra_ws/install/pose_graph_tools_msgs/include/pose_graph_tools_msgs/pose_graph_tools_msgs/srv/detail/pose_graph_query__struct.h
[0.333s] -- Up-to-date: /home/siny/hydra_ws/install/pose_graph_tools_msgs/include/pose_graph_tools_msgs/pose_graph_tools_msgs/srv/detail/lcd_frame_registration__struct.h
[0.333s] -- Installing: /home/siny/hydra_ws/install/pose_graph_tools_msgs/include/pose_graph_tools_msgs/pose_graph_tools_msgs/srv/detail/vlc_frame_query__type_support.c
[0.333s] -- Up-to-date: /home/siny/hydra_ws/install/pose_graph_tools_msgs/include/pose_graph_tools_msgs/pose_graph_tools_msgs/srv/detail/pose_graph_query__description.c
[0.333s] -- Installing: /home/siny/hydra_ws/install/pose_graph_tools_msgs/include/pose_graph_tools_msgs/pose_graph_tools_msgs/srv/detail/lcd_frame_registration__type_support.c
[0.333s] -- Up-to-date: /home/siny/hydra_ws/install/pose_graph_tools_msgs/include/pose_graph_tools_msgs/pose_graph_tools_msgs/srv/detail/pose_graph_query__functions.h
[0.333s] -- Up-to-date: /home/siny/hydra_ws/install/pose_graph_tools_msgs/include/pose_graph_tools_msgs/pose_graph_tools_msgs/srv/detail/vlc_frame_query__description.c
[0.333s] -- Up-to-date: /home/siny/hydra_ws/install/pose_graph_tools_msgs/include/pose_graph_tools_msgs/pose_graph_tools_msgs/srv/detail/lcd_frame_registration__functions.h
[0.333s] -- Up-to-date: /home/siny/hydra_ws/install/pose_graph_tools_msgs/include/pose_graph_tools_msgs/pose_graph_tools_msgs/srv/detail/lcd_frame_registration__functions.c
[0.333s] -- Up-to-date: /home/siny/hydra_ws/install/pose_graph_tools_msgs/include/pose_graph_tools_msgs/pose_graph_tools_msgs/srv/detail/vlc_frame_query__functions.c
[0.333s] -- Up-to-date: /home/siny/hydra_ws/install/pose_graph_tools_msgs/include/pose_graph_tools_msgs/pose_graph_tools_msgs/srv/detail/lcd_frame_registration__type_support.h
[0.333s] -- Up-to-date: /home/siny/hydra_ws/install/pose_graph_tools_msgs/include/pose_graph_tools_msgs/pose_graph_tools_msgs/srv/detail/vlc_frame_query__struct.h
[0.333s] -- Up-to-date: /home/siny/hydra_ws/install/pose_graph_tools_msgs/include/pose_graph_tools_msgs/pose_graph_tools_msgs/srv/detail/pose_graph_query__functions.c
[0.333s] -- Up-to-date: /home/siny/hydra_ws/install/pose_graph_tools_msgs/include/pose_graph_tools_msgs/pose_graph_tools_msgs/srv/detail/pose_graph_query__type_support.h
[0.334s] -- Up-to-date: /home/siny/hydra_ws/install/pose_graph_tools_msgs/include/pose_graph_tools_msgs/pose_graph_tools_msgs/msg
[0.334s] -- Up-to-date: /home/siny/hydra_ws/install/pose_graph_tools_msgs/include/pose_graph_tools_msgs/pose_graph_tools_msgs/msg/vlc_requests.h
[0.334s] -- Up-to-date: /home/siny/hydra_ws/install/pose_graph_tools_msgs/include/pose_graph_tools_msgs/pose_graph_tools_msgs/msg/rosidl_generator_c__visibility_control.h
[0.334s] -- Up-to-date: /home/siny/hydra_ws/install/pose_graph_tools_msgs/include/pose_graph_tools_msgs/pose_graph_tools_msgs/msg/pose_graph_node.h
[0.334s] -- Up-to-date: /home/siny/hydra_ws/install/pose_graph_tools_msgs/include/pose_graph_tools_msgs/pose_graph_tools_msgs/msg/pose_graph.h
[0.334s] -- Up-to-date: /home/siny/hydra_ws/install/pose_graph_tools_msgs/include/pose_graph_tools_msgs/pose_graph_tools_msgs/msg/vlc_frame_msg.h
[0.335s] -- Up-to-date: /home/siny/hydra_ws/install/pose_graph_tools_msgs/include/pose_graph_tools_msgs/pose_graph_tools_msgs/msg/bow_queries.h
[0.335s] -- Up-to-date: /home/siny/hydra_ws/install/pose_graph_tools_msgs/include/pose_graph_tools_msgs/pose_graph_tools_msgs/msg/bow_requests.h
[0.335s] -- Up-to-date: /home/siny/hydra_ws/install/pose_graph_tools_msgs/include/pose_graph_tools_msgs/pose_graph_tools_msgs/msg/pose_graph_edge.h
[0.335s] -- Up-to-date: /home/siny/hydra_ws/install/pose_graph_tools_msgs/include/pose_graph_tools_msgs/pose_graph_tools_msgs/msg/loop_closures.h
[0.335s] -- Up-to-date: /home/siny/hydra_ws/install/pose_graph_tools_msgs/include/pose_graph_tools_msgs/pose_graph_tools_msgs/msg/loop_closures_ack.h
[0.336s] -- Up-to-date: /home/siny/hydra_ws/install/pose_graph_tools_msgs/include/pose_graph_tools_msgs/pose_graph_tools_msgs/msg/vlc_frames.h
[0.336s] -- Up-to-date: /home/siny/hydra_ws/install/pose_graph_tools_msgs/include/pose_graph_tools_msgs/pose_graph_tools_msgs/msg/time_range_query.h
[0.336s] -- Up-to-date: /home/siny/hydra_ws/install/pose_graph_tools_msgs/include/pose_graph_tools_msgs/pose_graph_tools_msgs/msg/bow_query.h
[0.336s] -- Up-to-date: /home/siny/hydra_ws/install/pose_graph_tools_msgs/include/pose_graph_tools_msgs/pose_graph_tools_msgs/msg/bow_vector.h
[0.336s] -- Up-to-date: /home/siny/hydra_ws/install/pose_graph_tools_msgs/include/pose_graph_tools_msgs/pose_graph_tools_msgs/msg/detail
[0.337s] -- Up-to-date: /home/siny/hydra_ws/install/pose_graph_tools_msgs/include/pose_graph_tools_msgs/pose_graph_tools_msgs/msg/detail/pose_graph_node__functions.c
[0.337s] -- Installing: /home/siny/hydra_ws/install/pose_graph_tools_msgs/include/pose_graph_tools_msgs/pose_graph_tools_msgs/msg/detail/time_range_query__type_support.c
[0.337s] -- Up-to-date: /home/siny/hydra_ws/install/pose_graph_tools_msgs/include/pose_graph_tools_msgs/pose_graph_tools_msgs/msg/detail/pose_graph_edge__functions.c
[0.337s] -- Up-to-date: /home/siny/hydra_ws/install/pose_graph_tools_msgs/include/pose_graph_tools_msgs/pose_graph_tools_msgs/msg/detail/bow_vector__description.c
[0.337s] -- Up-to-date: /home/siny/hydra_ws/install/pose_graph_tools_msgs/include/pose_graph_tools_msgs/pose_graph_tools_msgs/msg/detail/bow_vector__functions.c
[0.337s] -- Up-to-date: /home/siny/hydra_ws/install/pose_graph_tools_msgs/include/pose_graph_tools_msgs/pose_graph_tools_msgs/msg/detail/vlc_frame_msg__functions.c
[0.337s] -- Up-to-date: /home/siny/hydra_ws/install/pose_graph_tools_msgs/include/pose_graph_tools_msgs/pose_graph_tools_msgs/msg/detail/vlc_frames__functions.c
[0.338s] -- Up-to-date: /home/siny/hydra_ws/install/pose_graph_tools_msgs/include/pose_graph_tools_msgs/pose_graph_tools_msgs/msg/detail/bow_requests__functions.c
[0.338s] -- Up-to-date: /home/siny/hydra_ws/install/pose_graph_tools_msgs/include/pose_graph_tools_msgs/pose_graph_tools_msgs/msg/detail/bow_query__type_support.h
[0.338s] -- Up-to-date: /home/siny/hydra_ws/install/pose_graph_tools_msgs/include/pose_graph_tools_msgs/pose_graph_tools_msgs/msg/detail/loop_closures_ack__struct.h
[0.338s] -- Up-to-date: /home/siny/hydra_ws/install/pose_graph_tools_msgs/include/pose_graph_tools_msgs/pose_graph_tools_msgs/msg/detail/pose_graph_edge__functions.h
[0.338s] -- Up-to-date: /home/siny/hydra_ws/install/pose_graph_tools_msgs/include/pose_graph_tools_msgs/pose_graph_tools_msgs/msg/detail/loop_closures__functions.c
[0.338s] -- Up-to-date: /home/siny/hydra_ws/install/pose_graph_tools_msgs/include/pose_graph_tools_msgs/pose_graph_tools_msgs/msg/detail/vlc_requests__functions.h
[0.338s] -- Up-to-date: /home/siny/hydra_ws/install/pose_graph_tools_msgs/include/pose_graph_tools_msgs/pose_graph_tools_msgs/msg/detail/pose_graph_edge__struct.h
[0.338s] -- Up-to-date: /home/siny/hydra_ws/install/pose_graph_tools_msgs/include/pose_graph_tools_msgs/pose_graph_tools_msgs/msg/detail/pose_graph__functions.c
[0.338s] -- Up-to-date: /home/siny/hydra_ws/install/pose_graph_tools_msgs/include/pose_graph_tools_msgs/pose_graph_tools_msgs/msg/detail/pose_graph__description.c
[0.338s] -- Up-to-date: /home/siny/hydra_ws/install/pose_graph_tools_msgs/include/pose_graph_tools_msgs/pose_graph_tools_msgs/msg/detail/pose_graph__type_support.h
[0.339s] -- Up-to-date: /home/siny/hydra_ws/install/pose_graph_tools_msgs/include/pose_graph_tools_msgs/pose_graph_tools_msgs/msg/detail/bow_query__functions.c
[0.339s] -- Up-to-date: /home/siny/hydra_ws/install/pose_graph_tools_msgs/include/pose_graph_tools_msgs/pose_graph_tools_msgs/msg/detail/vlc_requests__functions.c
[0.339s] -- Up-to-date: /home/siny/hydra_ws/install/pose_graph_tools_msgs/include/pose_graph_tools_msgs/pose_graph_tools_msgs/msg/detail/loop_closures_ack__type_support.h
[0.339s] -- Up-to-date: /home/siny/hydra_ws/install/pose_graph_tools_msgs/include/pose_graph_tools_msgs/pose_graph_tools_msgs/msg/detail/vlc_frames__functions.h
[0.339s] -- Up-to-date: /home/siny/hydra_ws/install/pose_graph_tools_msgs/include/pose_graph_tools_msgs/pose_graph_tools_msgs/msg/detail/bow_requests__struct.h
[0.339s] -- Up-to-date: /home/siny/hydra_ws/install/pose_graph_tools_msgs/include/pose_graph_tools_msgs/pose_graph_tools_msgs/msg/detail/pose_graph_edge__description.c
[0.339s] -- Up-to-date: /home/siny/hydra_ws/install/pose_graph_tools_msgs/include/pose_graph_tools_msgs/pose_graph_tools_msgs/msg/detail/bow_requests__description.c
[0.340s] -- Up-to-date: /home/siny/hydra_ws/install/pose_graph_tools_msgs/include/pose_graph_tools_msgs/pose_graph_tools_msgs/msg/detail/loop_closures_ack__functions.h
[0.340s] -- Up-to-date: /home/siny/hydra_ws/install/pose_graph_tools_msgs/include/pose_graph_tools_msgs/pose_graph_tools_msgs/msg/detail/loop_closures_ack__description.c
[0.340s] -- Up-to-date: /home/siny/hydra_ws/install/pose_graph_tools_msgs/include/pose_graph_tools_msgs/pose_graph_tools_msgs/msg/detail/pose_graph_edge__type_support.h
[0.340s] -- Installing: /home/siny/hydra_ws/install/pose_graph_tools_msgs/include/pose_graph_tools_msgs/pose_graph_tools_msgs/msg/detail/vlc_frames__type_support.c
[0.340s] -- Up-to-date: /home/siny/hydra_ws/install/pose_graph_tools_msgs/include/pose_graph_tools_msgs/pose_graph_tools_msgs/msg/detail/bow_vector__struct.h
[0.340s] -- Installing: /home/siny/hydra_ws/install/pose_graph_tools_msgs/include/pose_graph_tools_msgs/pose_graph_tools_msgs/msg/detail/pose_graph_node__type_support.c
[0.340s] -- Up-to-date: /home/siny/hydra_ws/install/pose_graph_tools_msgs/include/pose_graph_tools_msgs/pose_graph_tools_msgs/msg/detail/vlc_frames__type_support.h
[0.340s] -- Up-to-date: /home/siny/hydra_ws/install/pose_graph_tools_msgs/include/pose_graph_tools_msgs/pose_graph_tools_msgs/msg/detail/vlc_frame_msg__functions.h
[0.340s] -- Up-to-date: /home/siny/hydra_ws/install/pose_graph_tools_msgs/include/pose_graph_tools_msgs/pose_graph_tools_msgs/msg/detail/pose_graph_node__description.c
[0.341s] -- Installing: /home/siny/hydra_ws/install/pose_graph_tools_msgs/include/pose_graph_tools_msgs/pose_graph_tools_msgs/msg/detail/vlc_frame_msg__type_support.c
[0.341s] -- Installing: /home/siny/hydra_ws/install/pose_graph_tools_msgs/include/pose_graph_tools_msgs/pose_graph_tools_msgs/msg/detail/loop_closures_ack__type_support.c
[0.341s] -- Up-to-date: /home/siny/hydra_ws/install/pose_graph_tools_msgs/include/pose_graph_tools_msgs/pose_graph_tools_msgs/msg/detail/loop_closures_ack__functions.c
[0.341s] -- Up-to-date: /home/siny/hydra_ws/install/pose_graph_tools_msgs/include/pose_graph_tools_msgs/pose_graph_tools_msgs/msg/detail/bow_vector__type_support.h
[0.341s] -- Up-to-date: /home/siny/hydra_ws/install/pose_graph_tools_msgs/include/pose_graph_tools_msgs/pose_graph_tools_msgs/msg/detail/vlc_frame_msg__struct.h
[0.341s] -- Up-to-date: /home/siny/hydra_ws/install/pose_graph_tools_msgs/include/pose_graph_tools_msgs/pose_graph_tools_msgs/msg/detail/bow_query__functions.h
[0.341s] -- Up-to-date: /home/siny/hydra_ws/install/pose_graph_tools_msgs/include/pose_graph_tools_msgs/pose_graph_tools_msgs/msg/detail/vlc_requests__description.c
[0.341s] -- Up-to-date: /home/siny/hydra_ws/install/pose_graph_tools_msgs/include/pose_graph_tools_msgs/pose_graph_tools_msgs/msg/detail/bow_queries__struct.h
[0.341s] -- Up-to-date: /home/siny/hydra_ws/install/pose_graph_tools_msgs/include/pose_graph_tools_msgs/pose_graph_tools_msgs/msg/detail/pose_graph_node__struct.h
[0.341s] -- Installing: /home/siny/hydra_ws/install/pose_graph_tools_msgs/include/pose_graph_tools_msgs/pose_graph_tools_msgs/msg/detail/bow_query__type_support.c
[0.341s] -- Up-to-date: /home/siny/hydra_ws/install/pose_graph_tools_msgs/include/pose_graph_tools_msgs/pose_graph_tools_msgs/msg/detail/bow_queries__description.c
[0.342s] -- Up-to-date: /home/siny/hydra_ws/install/pose_graph_tools_msgs/include/pose_graph_tools_msgs/pose_graph_tools_msgs/msg/detail/time_range_query__functions.c
[0.342s] -- Up-to-date: /home/siny/hydra_ws/install/pose_graph_tools_msgs/include/pose_graph_tools_msgs/pose_graph_tools_msgs/msg/detail/loop_closures__type_support.h
[0.342s] -- Up-to-date: /home/siny/hydra_ws/install/pose_graph_tools_msgs/include/pose_graph_tools_msgs/pose_graph_tools_msgs/msg/detail/bow_vector__functions.h
[0.342s] -- Installing: /home/siny/hydra_ws/install/pose_graph_tools_msgs/include/pose_graph_tools_msgs/pose_graph_tools_msgs/msg/detail/vlc_requests__type_support.c
[0.342s] -- Up-to-date: /home/siny/hydra_ws/install/pose_graph_tools_msgs/include/pose_graph_tools_msgs/pose_graph_tools_msgs/msg/detail/loop_closures__functions.h
[0.342s] -- Up-to-date: /home/siny/hydra_ws/install/pose_graph_tools_msgs/include/pose_graph_tools_msgs/pose_graph_tools_msgs/msg/detail/bow_requests__functions.h
[0.342s] -- Up-to-date: /home/siny/hydra_ws/install/pose_graph_tools_msgs/include/pose_graph_tools_msgs/pose_graph_tools_msgs/msg/detail/bow_requests__type_support.h
[0.342s] -- Installing: /home/siny/hydra_ws/install/pose_graph_tools_msgs/include/pose_graph_tools_msgs/pose_graph_tools_msgs/msg/detail/bow_queries__type_support.c
[0.342s] -- Installing: /home/siny/hydra_ws/install/pose_graph_tools_msgs/include/pose_graph_tools_msgs/pose_graph_tools_msgs/msg/detail/pose_graph_edge__type_support.c
[0.342s] -- Up-to-date: /home/siny/hydra_ws/install/pose_graph_tools_msgs/include/pose_graph_tools_msgs/pose_graph_tools_msgs/msg/detail/time_range_query__functions.h
[0.343s] -- Up-to-date: /home/siny/hydra_ws/install/pose_graph_tools_msgs/include/pose_graph_tools_msgs/pose_graph_tools_msgs/msg/detail/vlc_frames__description.c
[0.343s] -- Up-to-date: /home/siny/hydra_ws/install/pose_graph_tools_msgs/include/pose_graph_tools_msgs/pose_graph_tools_msgs/msg/detail/bow_queries__functions.h
[0.343s] -- Up-to-date: /home/siny/hydra_ws/install/pose_graph_tools_msgs/include/pose_graph_tools_msgs/pose_graph_tools_msgs/msg/detail/bow_queries__functions.c
[0.343s] -- Up-to-date: /home/siny/hydra_ws/install/pose_graph_tools_msgs/include/pose_graph_tools_msgs/pose_graph_tools_msgs/msg/detail/bow_query__description.c
[0.343s] -- Up-to-date: /home/siny/hydra_ws/install/pose_graph_tools_msgs/include/pose_graph_tools_msgs/pose_graph_tools_msgs/msg/detail/time_range_query__struct.h
[0.343s] -- Installing: /home/siny/hydra_ws/install/pose_graph_tools_msgs/include/pose_graph_tools_msgs/pose_graph_tools_msgs/msg/detail/loop_closures__type_support.c
[0.343s] -- Up-to-date: /home/siny/hydra_ws/install/pose_graph_tools_msgs/include/pose_graph_tools_msgs/pose_graph_tools_msgs/msg/detail/vlc_frame_msg__description.c
[0.344s] -- Up-to-date: /home/siny/hydra_ws/install/pose_graph_tools_msgs/include/pose_graph_tools_msgs/pose_graph_tools_msgs/msg/detail/loop_closures__struct.h
[0.344s] -- Up-to-date: /home/siny/hydra_ws/install/pose_graph_tools_msgs/include/pose_graph_tools_msgs/pose_graph_tools_msgs/msg/detail/bow_query__struct.h
[0.344s] -- Up-to-date: /home/siny/hydra_ws/install/pose_graph_tools_msgs/include/pose_graph_tools_msgs/pose_graph_tools_msgs/msg/detail/loop_closures__description.c
[0.344s] -- Up-to-date: /home/siny/hydra_ws/install/pose_graph_tools_msgs/include/pose_graph_tools_msgs/pose_graph_tools_msgs/msg/detail/bow_queries__type_support.h
[0.344s] -- Up-to-date: /home/siny/hydra_ws/install/pose_graph_tools_msgs/include/pose_graph_tools_msgs/pose_graph_tools_msgs/msg/detail/pose_graph__functions.h
[0.344s] -- Up-to-date: /home/siny/hydra_ws/install/pose_graph_tools_msgs/include/pose_graph_tools_msgs/pose_graph_tools_msgs/msg/detail/time_range_query__description.c
[0.344s] -- Installing: /home/siny/hydra_ws/install/pose_graph_tools_msgs/include/pose_graph_tools_msgs/pose_graph_tools_msgs/msg/detail/bow_vector__type_support.c
[0.344s] -- Up-to-date: /home/siny/hydra_ws/install/pose_graph_tools_msgs/include/pose_graph_tools_msgs/pose_graph_tools_msgs/msg/detail/vlc_requests__type_support.h
[0.344s] -- Up-to-date: /home/siny/hydra_ws/install/pose_graph_tools_msgs/include/pose_graph_tools_msgs/pose_graph_tools_msgs/msg/detail/vlc_frame_msg__type_support.h
[0.344s] -- Up-to-date: /home/siny/hydra_ws/install/pose_graph_tools_msgs/include/pose_graph_tools_msgs/pose_graph_tools_msgs/msg/detail/time_range_query__type_support.h
[0.345s] -- Up-to-date: /home/siny/hydra_ws/install/pose_graph_tools_msgs/include/pose_graph_tools_msgs/pose_graph_tools_msgs/msg/detail/pose_graph_node__functions.h
[0.345s] -- Up-to-date: /home/siny/hydra_ws/install/pose_graph_tools_msgs/include/pose_graph_tools_msgs/pose_graph_tools_msgs/msg/detail/pose_graph_node__type_support.h
[0.345s] -- Up-to-date: /home/siny/hydra_ws/install/pose_graph_tools_msgs/include/pose_graph_tools_msgs/pose_graph_tools_msgs/msg/detail/pose_graph__struct.h
[0.346s] -- Up-to-date: /home/siny/hydra_ws/install/pose_graph_tools_msgs/include/pose_graph_tools_msgs/pose_graph_tools_msgs/msg/detail/vlc_frames__struct.h
[0.346s] -- Up-to-date: /home/siny/hydra_ws/install/pose_graph_tools_msgs/include/pose_graph_tools_msgs/pose_graph_tools_msgs/msg/detail/vlc_requests__struct.h
[0.346s] -- Installing: /home/siny/hydra_ws/install/pose_graph_tools_msgs/include/pose_graph_tools_msgs/pose_graph_tools_msgs/msg/detail/bow_requests__type_support.c
[0.347s] -- Installing: /home/siny/hydra_ws/install/pose_graph_tools_msgs/include/pose_graph_tools_msgs/pose_graph_tools_msgs/msg/detail/pose_graph__type_support.c
[0.348s] -- Up-to-date: /home/siny/hydra_ws/install/pose_graph_tools_msgs/share/pose_graph_tools_msgs/environment/library_path.sh
[0.349s] -- Up-to-date: /home/siny/hydra_ws/install/pose_graph_tools_msgs/share/pose_graph_tools_msgs/environment/library_path.dsv
[0.350s] -- Up-to-date: /home/siny/hydra_ws/install/pose_graph_tools_msgs/lib/libpose_graph_tools_msgs__rosidl_generator_c.so
[0.351s] -- Up-to-date: /home/siny/hydra_ws/install/pose_graph_tools_msgs/include/pose_graph_tools_msgs/pose_graph_tools_msgs
[0.353s] -- Up-to-date: /home/siny/hydra_ws/install/pose_graph_tools_msgs/include/pose_graph_tools_msgs/pose_graph_tools_msgs/srv
[0.353s] -- Up-to-date: /home/siny/hydra_ws/install/pose_graph_tools_msgs/include/pose_graph_tools_msgs/pose_graph_tools_msgs/srv/detail
[0.353s] -- Up-to-date: /home/siny/hydra_ws/install/pose_graph_tools_msgs/include/pose_graph_tools_msgs/pose_graph_tools_msgs/srv/detail/lcd_frame_registration__rosidl_typesupport_fastrtps_c.h
[0.353s] -- Up-to-date: /home/siny/hydra_ws/install/pose_graph_tools_msgs/include/pose_graph_tools_msgs/pose_graph_tools_msgs/srv/detail/vlc_frame_query__rosidl_typesupport_fastrtps_c.h
[0.353s] -- Up-to-date: /home/siny/hydra_ws/install/pose_graph_tools_msgs/include/pose_graph_tools_msgs/pose_graph_tools_msgs/srv/detail/pose_graph_query__rosidl_typesupport_fastrtps_c.h
[0.353s] -- Up-to-date: /home/siny/hydra_ws/install/pose_graph_tools_msgs/include/pose_graph_tools_msgs/pose_graph_tools_msgs/msg
[0.354s] -- Up-to-date: /home/siny/hydra_ws/install/pose_graph_tools_msgs/include/pose_graph_tools_msgs/pose_graph_tools_msgs/msg/rosidl_typesupport_fastrtps_c__visibility_control.h
[0.354s] -- Up-to-date: /home/siny/hydra_ws/install/pose_graph_tools_msgs/include/pose_graph_tools_msgs/pose_graph_tools_msgs/msg/detail
[0.354s] -- Up-to-date: /home/siny/hydra_ws/install/pose_graph_tools_msgs/include/pose_graph_tools_msgs/pose_graph_tools_msgs/msg/detail/vlc_requests__rosidl_typesupport_fastrtps_c.h
[0.354s] -- Up-to-date: /home/siny/hydra_ws/install/pose_graph_tools_msgs/include/pose_graph_tools_msgs/pose_graph_tools_msgs/msg/detail/pose_graph_edge__rosidl_typesupport_fastrtps_c.h
[0.354s] -- Up-to-date: /home/siny/hydra_ws/install/pose_graph_tools_msgs/include/pose_graph_tools_msgs/pose_graph_tools_msgs/msg/detail/bow_requests__rosidl_typesupport_fastrtps_c.h
[0.354s] -- Up-to-date: /home/siny/hydra_ws/install/pose_graph_tools_msgs/include/pose_graph_tools_msgs/pose_graph_tools_msgs/msg/detail/time_range_query__rosidl_typesupport_fastrtps_c.h
[0.354s] -- Up-to-date: /home/siny/hydra_ws/install/pose_graph_tools_msgs/include/pose_graph_tools_msgs/pose_graph_tools_msgs/msg/detail/loop_closures_ack__rosidl_typesupport_fastrtps_c.h
[0.354s] -- Up-to-date: /home/siny/hydra_ws/install/pose_graph_tools_msgs/include/pose_graph_tools_msgs/pose_graph_tools_msgs/msg/detail/loop_closures__rosidl_typesupport_fastrtps_c.h
[0.355s] -- Up-to-date: /home/siny/hydra_ws/install/pose_graph_tools_msgs/include/pose_graph_tools_msgs/pose_graph_tools_msgs/msg/detail/pose_graph__rosidl_typesupport_fastrtps_c.h
[0.355s] -- Up-to-date: /home/siny/hydra_ws/install/pose_graph_tools_msgs/include/pose_graph_tools_msgs/pose_graph_tools_msgs/msg/detail/bow_vector__rosidl_typesupport_fastrtps_c.h
[0.355s] -- Up-to-date: /home/siny/hydra_ws/install/pose_graph_tools_msgs/include/pose_graph_tools_msgs/pose_graph_tools_msgs/msg/detail/bow_query__rosidl_typesupport_fastrtps_c.h
[0.355s] -- Up-to-date: /home/siny/hydra_ws/install/pose_graph_tools_msgs/include/pose_graph_tools_msgs/pose_graph_tools_msgs/msg/detail/vlc_frames__rosidl_typesupport_fastrtps_c.h
[0.355s] -- Up-to-date: /home/siny/hydra_ws/install/pose_graph_tools_msgs/include/pose_graph_tools_msgs/pose_graph_tools_msgs/msg/detail/bow_queries__rosidl_typesupport_fastrtps_c.h
[0.355s] -- Up-to-date: /home/siny/hydra_ws/install/pose_graph_tools_msgs/include/pose_graph_tools_msgs/pose_graph_tools_msgs/msg/detail/vlc_frame_msg__rosidl_typesupport_fastrtps_c.h
[0.355s] -- Up-to-date: /home/siny/hydra_ws/install/pose_graph_tools_msgs/include/pose_graph_tools_msgs/pose_graph_tools_msgs/msg/detail/pose_graph_node__rosidl_typesupport_fastrtps_c.h
[0.355s] -- Up-to-date: /home/siny/hydra_ws/install/pose_graph_tools_msgs/lib/libpose_graph_tools_msgs__rosidl_typesupport_fastrtps_c.so
[0.356s] -- Up-to-date: /home/siny/hydra_ws/install/pose_graph_tools_msgs/include/pose_graph_tools_msgs/pose_graph_tools_msgs
[0.356s] -- Up-to-date: /home/siny/hydra_ws/install/pose_graph_tools_msgs/include/pose_graph_tools_msgs/pose_graph_tools_msgs/srv
[0.356s] -- Up-to-date: /home/siny/hydra_ws/install/pose_graph_tools_msgs/include/pose_graph_tools_msgs/pose_graph_tools_msgs/srv/lcd_frame_registration.hpp
[0.356s] -- Up-to-date: /home/siny/hydra_ws/install/pose_graph_tools_msgs/include/pose_graph_tools_msgs/pose_graph_tools_msgs/srv/pose_graph_query.hpp
[0.356s] -- Up-to-date: /home/siny/hydra_ws/install/pose_graph_tools_msgs/include/pose_graph_tools_msgs/pose_graph_tools_msgs/srv/vlc_frame_query.hpp
[0.356s] -- Up-to-date: /home/siny/hydra_ws/install/pose_graph_tools_msgs/include/pose_graph_tools_msgs/pose_graph_tools_msgs/srv/detail
[0.356s] -- Up-to-date: /home/siny/hydra_ws/install/pose_graph_tools_msgs/include/pose_graph_tools_msgs/pose_graph_tools_msgs/srv/detail/vlc_frame_query__traits.hpp
[0.356s] -- Up-to-date: /home/siny/hydra_ws/install/pose_graph_tools_msgs/include/pose_graph_tools_msgs/pose_graph_tools_msgs/srv/detail/lcd_frame_registration__type_support.hpp
[0.356s] -- Up-to-date: /home/siny/hydra_ws/install/pose_graph_tools_msgs/include/pose_graph_tools_msgs/pose_graph_tools_msgs/srv/detail/vlc_frame_query__struct.hpp
[0.357s] -- Up-to-date: /home/siny/hydra_ws/install/pose_graph_tools_msgs/include/pose_graph_tools_msgs/pose_graph_tools_msgs/srv/detail/lcd_frame_registration__builder.hpp
[0.357s] -- Up-to-date: /home/siny/hydra_ws/install/pose_graph_tools_msgs/include/pose_graph_tools_msgs/pose_graph_tools_msgs/srv/detail/pose_graph_query__traits.hpp
[0.357s] -- Up-to-date: /home/siny/hydra_ws/install/pose_graph_tools_msgs/include/pose_graph_tools_msgs/pose_graph_tools_msgs/srv/detail/pose_graph_query__builder.hpp
[0.357s] -- Up-to-date: /home/siny/hydra_ws/install/pose_graph_tools_msgs/include/pose_graph_tools_msgs/pose_graph_tools_msgs/srv/detail/vlc_frame_query__type_support.hpp
[0.358s] -- Up-to-date: /home/siny/hydra_ws/install/pose_graph_tools_msgs/include/pose_graph_tools_msgs/pose_graph_tools_msgs/srv/detail/pose_graph_query__type_support.hpp
[0.358s] -- Up-to-date: /home/siny/hydra_ws/install/pose_graph_tools_msgs/include/pose_graph_tools_msgs/pose_graph_tools_msgs/srv/detail/lcd_frame_registration__struct.hpp
[0.358s] -- Up-to-date: /home/siny/hydra_ws/install/pose_graph_tools_msgs/include/pose_graph_tools_msgs/pose_graph_tools_msgs/srv/detail/pose_graph_query__struct.hpp
[0.358s] -- Up-to-date: /home/siny/hydra_ws/install/pose_graph_tools_msgs/include/pose_graph_tools_msgs/pose_graph_tools_msgs/srv/detail/vlc_frame_query__builder.hpp
[0.358s] -- Up-to-date: /home/siny/hydra_ws/install/pose_graph_tools_msgs/include/pose_graph_tools_msgs/pose_graph_tools_msgs/srv/detail/lcd_frame_registration__traits.hpp
[0.358s] -- Up-to-date: /home/siny/hydra_ws/install/pose_graph_tools_msgs/include/pose_graph_tools_msgs/pose_graph_tools_msgs/msg
[0.358s] -- Up-to-date: /home/siny/hydra_ws/install/pose_graph_tools_msgs/include/pose_graph_tools_msgs/pose_graph_tools_msgs/msg/time_range_query.hpp
[0.358s] -- Up-to-date: /home/siny/hydra_ws/install/pose_graph_tools_msgs/include/pose_graph_tools_msgs/pose_graph_tools_msgs/msg/bow_vector.hpp
[0.358s] -- Up-to-date: /home/siny/hydra_ws/install/pose_graph_tools_msgs/include/pose_graph_tools_msgs/pose_graph_tools_msgs/msg/pose_graph_node.hpp
[0.358s] -- Up-to-date: /home/siny/hydra_ws/install/pose_graph_tools_msgs/include/pose_graph_tools_msgs/pose_graph_tools_msgs/msg/loop_closures_ack.hpp
[0.358s] -- Up-to-date: /home/siny/hydra_ws/install/pose_graph_tools_msgs/include/pose_graph_tools_msgs/pose_graph_tools_msgs/msg/bow_queries.hpp
[0.359s] -- Up-to-date: /home/siny/hydra_ws/install/pose_graph_tools_msgs/include/pose_graph_tools_msgs/pose_graph_tools_msgs/msg/pose_graph_edge.hpp
[0.359s] -- Up-to-date: /home/siny/hydra_ws/install/pose_graph_tools_msgs/include/pose_graph_tools_msgs/pose_graph_tools_msgs/msg/vlc_requests.hpp
[0.359s] -- Up-to-date: /home/siny/hydra_ws/install/pose_graph_tools_msgs/include/pose_graph_tools_msgs/pose_graph_tools_msgs/msg/pose_graph.hpp
[0.359s] -- Up-to-date: /home/siny/hydra_ws/install/pose_graph_tools_msgs/include/pose_graph_tools_msgs/pose_graph_tools_msgs/msg/bow_query.hpp
[0.360s] -- Up-to-date: /home/siny/hydra_ws/install/pose_graph_tools_msgs/include/pose_graph_tools_msgs/pose_graph_tools_msgs/msg/detail
[0.361s] -- Up-to-date: /home/siny/hydra_ws/install/pose_graph_tools_msgs/include/pose_graph_tools_msgs/pose_graph_tools_msgs/msg/detail/bow_query__struct.hpp
[0.361s] -- Up-to-date: /home/siny/hydra_ws/install/pose_graph_tools_msgs/include/pose_graph_tools_msgs/pose_graph_tools_msgs/msg/detail/vlc_requests__type_support.hpp
[0.361s] -- Up-to-date: /home/siny/hydra_ws/install/pose_graph_tools_msgs/include/pose_graph_tools_msgs/pose_graph_tools_msgs/msg/detail/bow_vector__builder.hpp
[0.361s] -- Up-to-date: /home/siny/hydra_ws/install/pose_graph_tools_msgs/include/pose_graph_tools_msgs/pose_graph_tools_msgs/msg/detail/vlc_frames__builder.hpp
[0.361s] -- Up-to-date: /home/siny/hydra_ws/install/pose_graph_tools_msgs/include/pose_graph_tools_msgs/pose_graph_tools_msgs/msg/detail/pose_graph_node__struct.hpp
[0.362s] -- Up-to-date: /home/siny/hydra_ws/install/pose_graph_tools_msgs/include/pose_graph_tools_msgs/pose_graph_tools_msgs/msg/detail/bow_query__traits.hpp
[0.362s] -- Up-to-date: /home/siny/hydra_ws/install/pose_graph_tools_msgs/include/pose_graph_tools_msgs/pose_graph_tools_msgs/msg/detail/pose_graph__type_support.hpp
[0.362s] -- Up-to-date: /home/siny/hydra_ws/install/pose_graph_tools_msgs/include/pose_graph_tools_msgs/pose_graph_tools_msgs/msg/detail/vlc_frame_msg__struct.hpp
[0.362s] -- Up-to-date: /home/siny/hydra_ws/install/pose_graph_tools_msgs/include/pose_graph_tools_msgs/pose_graph_tools_msgs/msg/detail/loop_closures__traits.hpp
[0.362s] -- Up-to-date: /home/siny/hydra_ws/install/pose_graph_tools_msgs/include/pose_graph_tools_msgs/pose_graph_tools_msgs/msg/detail/vlc_requests__traits.hpp
[0.362s] -- Up-to-date: /home/siny/hydra_ws/install/pose_graph_tools_msgs/include/pose_graph_tools_msgs/pose_graph_tools_msgs/msg/detail/time_range_query__traits.hpp
[0.362s] -- Up-to-date: /home/siny/hydra_ws/install/pose_graph_tools_msgs/include/pose_graph_tools_msgs/pose_graph_tools_msgs/msg/detail/bow_query__builder.hpp
[0.362s] -- Up-to-date: /home/siny/hydra_ws/install/pose_graph_tools_msgs/include/pose_graph_tools_msgs/pose_graph_tools_msgs/msg/detail/vlc_requests__struct.hpp
[0.362s] -- Up-to-date: /home/siny/hydra_ws/install/pose_graph_tools_msgs/include/pose_graph_tools_msgs/pose_graph_tools_msgs/msg/detail/vlc_frames__type_support.hpp
[0.362s] -- Up-to-date: /home/siny/hydra_ws/install/pose_graph_tools_msgs/include/pose_graph_tools_msgs/pose_graph_tools_msgs/msg/detail/bow_requests__struct.hpp
[0.363s] -- Up-to-date: /home/siny/hydra_ws/install/pose_graph_tools_msgs/include/pose_graph_tools_msgs/pose_graph_tools_msgs/msg/detail/vlc_frame_msg__traits.hpp
[0.363s] -- Up-to-date: /home/siny/hydra_ws/install/pose_graph_tools_msgs/include/pose_graph_tools_msgs/pose_graph_tools_msgs/msg/detail/vlc_requests__builder.hpp
[0.363s] -- Up-to-date: /home/siny/hydra_ws/install/pose_graph_tools_msgs/include/pose_graph_tools_msgs/pose_graph_tools_msgs/msg/detail/loop_closures__builder.hpp
[0.363s] -- Up-to-date: /home/siny/hydra_ws/install/pose_graph_tools_msgs/include/pose_graph_tools_msgs/pose_graph_tools_msgs/msg/detail/bow_queries__struct.hpp
[0.364s] -- Up-to-date: /home/siny/hydra_ws/install/pose_graph_tools_msgs/include/pose_graph_tools_msgs/pose_graph_tools_msgs/msg/detail/bow_queries__type_support.hpp
[0.364s] -- Up-to-date: /home/siny/hydra_ws/install/pose_graph_tools_msgs/include/pose_graph_tools_msgs/pose_graph_tools_msgs/msg/detail/pose_graph__struct.hpp
[0.364s] -- Up-to-date: /home/siny/hydra_ws/install/pose_graph_tools_msgs/include/pose_graph_tools_msgs/pose_graph_tools_msgs/msg/detail/vlc_frames__traits.hpp
[0.364s] -- Up-to-date: /home/siny/hydra_ws/install/pose_graph_tools_msgs/include/pose_graph_tools_msgs/pose_graph_tools_msgs/msg/detail/bow_vector__type_support.hpp
[0.364s] -- Up-to-date: /home/siny/hydra_ws/install/pose_graph_tools_msgs/include/pose_graph_tools_msgs/pose_graph_tools_msgs/msg/detail/vlc_frame_msg__builder.hpp
[0.364s] -- Up-to-date: /home/siny/hydra_ws/install/pose_graph_tools_msgs/include/pose_graph_tools_msgs/pose_graph_tools_msgs/msg/detail/vlc_frame_msg__type_support.hpp
[0.364s] -- Up-to-date: /home/siny/hydra_ws/install/pose_graph_tools_msgs/include/pose_graph_tools_msgs/pose_graph_tools_msgs/msg/detail/pose_graph_edge__type_support.hpp
[0.365s] -- Up-to-date: /home/siny/hydra_ws/install/pose_graph_tools_msgs/include/pose_graph_tools_msgs/pose_graph_tools_msgs/msg/detail/loop_closures__struct.hpp
[0.365s] -- Up-to-date: /home/siny/hydra_ws/install/pose_graph_tools_msgs/include/pose_graph_tools_msgs/pose_graph_tools_msgs/msg/detail/bow_query__type_support.hpp
[0.365s] -- Up-to-date: /home/siny/hydra_ws/install/pose_graph_tools_msgs/include/pose_graph_tools_msgs/pose_graph_tools_msgs/msg/detail/time_range_query__struct.hpp
[0.365s] -- Up-to-date: /home/siny/hydra_ws/install/pose_graph_tools_msgs/include/pose_graph_tools_msgs/pose_graph_tools_msgs/msg/detail/bow_queries__traits.hpp
[0.365s] -- Up-to-date: /home/siny/hydra_ws/install/pose_graph_tools_msgs/include/pose_graph_tools_msgs/pose_graph_tools_msgs/msg/detail/vlc_frames__struct.hpp
[0.366s] -- Up-to-date: /home/siny/hydra_ws/install/pose_graph_tools_msgs/include/pose_graph_tools_msgs/pose_graph_tools_msgs/msg/detail/time_range_query__type_support.hpp
[0.366s] -- Up-to-date: /home/siny/hydra_ws/install/pose_graph_tools_msgs/include/pose_graph_tools_msgs/pose_graph_tools_msgs/msg/detail/bow_requests__traits.hpp
[0.366s] -- Up-to-date: /home/siny/hydra_ws/install/pose_graph_tools_msgs/include/pose_graph_tools_msgs/pose_graph_tools_msgs/msg/detail/time_range_query__builder.hpp
[0.366s] -- Up-to-date: /home/siny/hydra_ws/install/pose_graph_tools_msgs/include/pose_graph_tools_msgs/pose_graph_tools_msgs/msg/detail/pose_graph_node__traits.hpp
[0.366s] -- Up-to-date: /home/siny/hydra_ws/install/pose_graph_tools_msgs/include/pose_graph_tools_msgs/pose_graph_tools_msgs/msg/detail/pose_graph__traits.hpp
[0.366s] -- Up-to-date: /home/siny/hydra_ws/install/pose_graph_tools_msgs/include/pose_graph_tools_msgs/pose_graph_tools_msgs/msg/detail/bow_vector__struct.hpp
[0.366s] -- Up-to-date: /home/siny/hydra_ws/install/pose_graph_tools_msgs/include/pose_graph_tools_msgs/pose_graph_tools_msgs/msg/detail/pose_graph_edge__builder.hpp
[0.366s] -- Up-to-date: /home/siny/hydra_ws/install/pose_graph_tools_msgs/include/pose_graph_tools_msgs/pose_graph_tools_msgs/msg/detail/loop_closures_ack__traits.hpp
[0.366s] -- Up-to-date: /home/siny/hydra_ws/install/pose_graph_tools_msgs/include/pose_graph_tools_msgs/pose_graph_tools_msgs/msg/detail/pose_graph__builder.hpp
[0.366s] -- Up-to-date: /home/siny/hydra_ws/install/pose_graph_tools_msgs/include/pose_graph_tools_msgs/pose_graph_tools_msgs/msg/detail/pose_graph_edge__traits.hpp
[0.366s] -- Up-to-date: /home/siny/hydra_ws/install/pose_graph_tools_msgs/include/pose_graph_tools_msgs/pose_graph_tools_msgs/msg/detail/pose_graph_node__builder.hpp
[0.367s] -- Up-to-date: /home/siny/hydra_ws/install/pose_graph_tools_msgs/include/pose_graph_tools_msgs/pose_graph_tools_msgs/msg/detail/loop_closures_ack__struct.hpp
[0.367s] -- Up-to-date: /home/siny/hydra_ws/install/pose_graph_tools_msgs/include/pose_graph_tools_msgs/pose_graph_tools_msgs/msg/detail/loop_closures_ack__type_support.hpp
[0.367s] -- Up-to-date: /home/siny/hydra_ws/install/pose_graph_tools_msgs/include/pose_graph_tools_msgs/pose_graph_tools_msgs/msg/detail/pose_graph_edge__struct.hpp
[0.367s] -- Up-to-date: /home/siny/hydra_ws/install/pose_graph_tools_msgs/include/pose_graph_tools_msgs/pose_graph_tools_msgs/msg/detail/bow_queries__builder.hpp
[0.367s] -- Up-to-date: /home/siny/hydra_ws/install/pose_graph_tools_msgs/include/pose_graph_tools_msgs/pose_graph_tools_msgs/msg/detail/bow_requests__builder.hpp
[0.367s] -- Up-to-date: /home/siny/hydra_ws/install/pose_graph_tools_msgs/include/pose_graph_tools_msgs/pose_graph_tools_msgs/msg/detail/bow_requests__type_support.hpp
[0.368s] -- Up-to-date: /home/siny/hydra_ws/install/pose_graph_tools_msgs/include/pose_graph_tools_msgs/pose_graph_tools_msgs/msg/detail/bow_vector__traits.hpp
[0.368s] -- Up-to-date: /home/siny/hydra_ws/install/pose_graph_tools_msgs/include/pose_graph_tools_msgs/pose_graph_tools_msgs/msg/detail/loop_closures__type_support.hpp
[0.369s] -- Up-to-date: /home/siny/hydra_ws/install/pose_graph_tools_msgs/include/pose_graph_tools_msgs/pose_graph_tools_msgs/msg/detail/loop_closures_ack__builder.hpp
[0.369s] -- Up-to-date: /home/siny/hydra_ws/install/pose_graph_tools_msgs/include/pose_graph_tools_msgs/pose_graph_tools_msgs/msg/detail/pose_graph_node__type_support.hpp
[0.369s] -- Up-to-date: /home/siny/hydra_ws/install/pose_graph_tools_msgs/include/pose_graph_tools_msgs/pose_graph_tools_msgs/msg/vlc_frame_msg.hpp
[0.369s] -- Up-to-date: /home/siny/hydra_ws/install/pose_graph_tools_msgs/include/pose_graph_tools_msgs/pose_graph_tools_msgs/msg/vlc_frames.hpp
[0.369s] -- Up-to-date: /home/siny/hydra_ws/install/pose_graph_tools_msgs/include/pose_graph_tools_msgs/pose_graph_tools_msgs/msg/loop_closures.hpp
[0.369s] -- Up-to-date: /home/siny/hydra_ws/install/pose_graph_tools_msgs/include/pose_graph_tools_msgs/pose_graph_tools_msgs/msg/bow_requests.hpp
[0.369s] -- Up-to-date: /home/siny/hydra_ws/install/pose_graph_tools_msgs/include/pose_graph_tools_msgs/pose_graph_tools_msgs/msg/rosidl_generator_cpp__visibility_control.hpp
[0.370s] -- Up-to-date: /home/siny/hydra_ws/install/pose_graph_tools_msgs/include/pose_graph_tools_msgs/pose_graph_tools_msgs
[0.370s] -- Up-to-date: /home/siny/hydra_ws/install/pose_graph_tools_msgs/include/pose_graph_tools_msgs/pose_graph_tools_msgs/srv
[0.370s] -- Up-to-date: /home/siny/hydra_ws/install/pose_graph_tools_msgs/include/pose_graph_tools_msgs/pose_graph_tools_msgs/srv/detail
[0.370s] -- Up-to-date: /home/siny/hydra_ws/install/pose_graph_tools_msgs/include/pose_graph_tools_msgs/pose_graph_tools_msgs/srv/detail/pose_graph_query__rosidl_typesupport_fastrtps_cpp.hpp
[0.370s] -- Up-to-date: /home/siny/hydra_ws/install/pose_graph_tools_msgs/include/pose_graph_tools_msgs/pose_graph_tools_msgs/srv/detail/dds_fastrtps
[0.371s] -- Up-to-date: /home/siny/hydra_ws/install/pose_graph_tools_msgs/include/pose_graph_tools_msgs/pose_graph_tools_msgs/srv/detail/vlc_frame_query__rosidl_typesupport_fastrtps_cpp.hpp
[0.371s] -- Up-to-date: /home/siny/hydra_ws/install/pose_graph_tools_msgs/include/pose_graph_tools_msgs/pose_graph_tools_msgs/srv/detail/lcd_frame_registration__rosidl_typesupport_fastrtps_cpp.hpp
[0.371s] -- Up-to-date: /home/siny/hydra_ws/install/pose_graph_tools_msgs/include/pose_graph_tools_msgs/pose_graph_tools_msgs/msg
[0.371s] -- Up-to-date: /home/siny/hydra_ws/install/pose_graph_tools_msgs/include/pose_graph_tools_msgs/pose_graph_tools_msgs/msg/rosidl_typesupport_fastrtps_cpp__visibility_control.h
[0.371s] -- Up-to-date: /home/siny/hydra_ws/install/pose_graph_tools_msgs/include/pose_graph_tools_msgs/pose_graph_tools_msgs/msg/detail
[0.371s] -- Up-to-date: /home/siny/hydra_ws/install/pose_graph_tools_msgs/include/pose_graph_tools_msgs/pose_graph_tools_msgs/msg/detail/vlc_frames__rosidl_typesupport_fastrtps_cpp.hpp
[0.371s] -- Up-to-date: /home/siny/hydra_ws/install/pose_graph_tools_msgs/include/pose_graph_tools_msgs/pose_graph_tools_msgs/msg/detail/dds_fastrtps
[0.371s] -- Up-to-date: /home/siny/hydra_ws/install/pose_graph_tools_msgs/include/pose_graph_tools_msgs/pose_graph_tools_msgs/msg/detail/bow_queries__rosidl_typesupport_fastrtps_cpp.hpp
[0.372s] -- Up-to-date: /home/siny/hydra_ws/install/pose_graph_tools_msgs/include/pose_graph_tools_msgs/pose_graph_tools_msgs/msg/detail/pose_graph_edge__rosidl_typesupport_fastrtps_cpp.hpp
[0.374s] -- Up-to-date: /home/siny/hydra_ws/install/pose_graph_tools_msgs/include/pose_graph_tools_msgs/pose_graph_tools_msgs/msg/detail/bow_query__rosidl_typesupport_fastrtps_cpp.hpp
[0.374s] -- Up-to-date: /home/siny/hydra_ws/install/pose_graph_tools_msgs/include/pose_graph_tools_msgs/pose_graph_tools_msgs/msg/detail/bow_vector__rosidl_typesupport_fastrtps_cpp.hpp
[0.374s] -- Up-to-date: /home/siny/hydra_ws/install/pose_graph_tools_msgs/include/pose_graph_tools_msgs/pose_graph_tools_msgs/msg/detail/loop_closures__rosidl_typesupport_fastrtps_cpp.hpp
[0.374s] -- Up-to-date: /home/siny/hydra_ws/install/pose_graph_tools_msgs/include/pose_graph_tools_msgs/pose_graph_tools_msgs/msg/detail/vlc_requests__rosidl_typesupport_fastrtps_cpp.hpp
[0.374s] -- Up-to-date: /home/siny/hydra_ws/install/pose_graph_tools_msgs/include/pose_graph_tools_msgs/pose_graph_tools_msgs/msg/detail/loop_closures_ack__rosidl_typesupport_fastrtps_cpp.hpp
[0.374s] -- Up-to-date: /home/siny/hydra_ws/install/pose_graph_tools_msgs/include/pose_graph_tools_msgs/pose_graph_tools_msgs/msg/detail/time_range_query__rosidl_typesupport_fastrtps_cpp.hpp
[0.375s] -- Up-to-date: /home/siny/hydra_ws/install/pose_graph_tools_msgs/include/pose_graph_tools_msgs/pose_graph_tools_msgs/msg/detail/pose_graph_node__rosidl_typesupport_fastrtps_cpp.hpp
[0.375s] -- Up-to-date: /home/siny/hydra_ws/install/pose_graph_tools_msgs/include/pose_graph_tools_msgs/pose_graph_tools_msgs/msg/detail/vlc_frame_msg__rosidl_typesupport_fastrtps_cpp.hpp
[0.376s] -- Up-to-date: /home/siny/hydra_ws/install/pose_graph_tools_msgs/include/pose_graph_tools_msgs/pose_graph_tools_msgs/msg/detail/pose_graph__rosidl_typesupport_fastrtps_cpp.hpp
[0.376s] -- Up-to-date: /home/siny/hydra_ws/install/pose_graph_tools_msgs/include/pose_graph_tools_msgs/pose_graph_tools_msgs/msg/detail/bow_requests__rosidl_typesupport_fastrtps_cpp.hpp
[0.376s] -- Up-to-date: /home/siny/hydra_ws/install/pose_graph_tools_msgs/lib/libpose_graph_tools_msgs__rosidl_typesupport_fastrtps_cpp.so
[0.377s] -- Up-to-date: /home/siny/hydra_ws/install/pose_graph_tools_msgs/include/pose_graph_tools_msgs/pose_graph_tools_msgs
[0.379s] -- Up-to-date: /home/siny/hydra_ws/install/pose_graph_tools_msgs/include/pose_graph_tools_msgs/pose_graph_tools_msgs/srv
[0.379s] -- Up-to-date: /home/siny/hydra_ws/install/pose_graph_tools_msgs/include/pose_graph_tools_msgs/pose_graph_tools_msgs/srv/detail
[0.379s] -- Up-to-date: /home/siny/hydra_ws/install/pose_graph_tools_msgs/include/pose_graph_tools_msgs/pose_graph_tools_msgs/srv/detail/lcd_frame_registration__rosidl_typesupport_introspection_c.h
[0.380s] -- Installing: /home/siny/hydra_ws/install/pose_graph_tools_msgs/include/pose_graph_tools_msgs/pose_graph_tools_msgs/srv/detail/pose_graph_query__type_support.c
[0.382s] -- Installing: /home/siny/hydra_ws/install/pose_graph_tools_msgs/include/pose_graph_tools_msgs/pose_graph_tools_msgs/srv/detail/vlc_frame_query__type_support.c
[0.382s] -- Installing: /home/siny/hydra_ws/install/pose_graph_tools_msgs/include/pose_graph_tools_msgs/pose_graph_tools_msgs/srv/detail/lcd_frame_registration__type_support.c
[0.382s] -- Up-to-date: /home/siny/hydra_ws/install/pose_graph_tools_msgs/include/pose_graph_tools_msgs/pose_graph_tools_msgs/srv/detail/vlc_frame_query__rosidl_typesupport_introspection_c.h
[0.382s] -- Up-to-date: /home/siny/hydra_ws/install/pose_graph_tools_msgs/include/pose_graph_tools_msgs/pose_graph_tools_msgs/srv/detail/pose_graph_query__rosidl_typesupport_introspection_c.h
[0.382s] -- Up-to-date: /home/siny/hydra_ws/install/pose_graph_tools_msgs/include/pose_graph_tools_msgs/pose_graph_tools_msgs/msg
[0.383s] -- Up-to-date: /home/siny/hydra_ws/install/pose_graph_tools_msgs/include/pose_graph_tools_msgs/pose_graph_tools_msgs/msg/detail
[0.383s] -- Up-to-date: /home/siny/hydra_ws/install/pose_graph_tools_msgs/include/pose_graph_tools_msgs/pose_graph_tools_msgs/msg/detail/pose_graph_edge__rosidl_typesupport_introspection_c.h
[0.383s] -- Up-to-date: /home/siny/hydra_ws/install/pose_graph_tools_msgs/include/pose_graph_tools_msgs/pose_graph_tools_msgs/msg/detail/bow_requests__rosidl_typesupport_introspection_c.h
[0.383s] -- Up-to-date: /home/siny/hydra_ws/install/pose_graph_tools_msgs/include/pose_graph_tools_msgs/pose_graph_tools_msgs/msg/detail/vlc_requests__rosidl_typesupport_introspection_c.h
[0.383s] -- Installing: /home/siny/hydra_ws/install/pose_graph_tools_msgs/include/pose_graph_tools_msgs/pose_graph_tools_msgs/msg/detail/time_range_query__type_support.c
[0.383s] -- Up-to-date: /home/siny/hydra_ws/install/pose_graph_tools_msgs/include/pose_graph_tools_msgs/pose_graph_tools_msgs/msg/detail/vlc_frames__rosidl_typesupport_introspection_c.h
[0.383s] -- Up-to-date: /home/siny/hydra_ws/install/pose_graph_tools_msgs/include/pose_graph_tools_msgs/pose_graph_tools_msgs/msg/detail/loop_closures__rosidl_typesupport_introspection_c.h
[0.383s] -- Up-to-date: /home/siny/hydra_ws/install/pose_graph_tools_msgs/include/pose_graph_tools_msgs/pose_graph_tools_msgs/msg/detail/pose_graph__rosidl_typesupport_introspection_c.h
[0.383s] -- Installing: /home/siny/hydra_ws/install/pose_graph_tools_msgs/include/pose_graph_tools_msgs/pose_graph_tools_msgs/msg/detail/vlc_frames__type_support.c
[0.383s] -- Installing: /home/siny/hydra_ws/install/pose_graph_tools_msgs/include/pose_graph_tools_msgs/pose_graph_tools_msgs/msg/detail/pose_graph_node__type_support.c
[0.385s] -- Installing: /home/siny/hydra_ws/install/pose_graph_tools_msgs/include/pose_graph_tools_msgs/pose_graph_tools_msgs/msg/detail/vlc_frame_msg__type_support.c
[0.385s] -- Up-to-date: /home/siny/hydra_ws/install/pose_graph_tools_msgs/include/pose_graph_tools_msgs/pose_graph_tools_msgs/msg/detail/bow_vector__rosidl_typesupport_introspection_c.h
[0.385s] -- Installing: /home/siny/hydra_ws/install/pose_graph_tools_msgs/include/pose_graph_tools_msgs/pose_graph_tools_msgs/msg/detail/loop_closures_ack__type_support.c
[0.385s] -- Up-to-date: /home/siny/hydra_ws/install/pose_graph_tools_msgs/include/pose_graph_tools_msgs/pose_graph_tools_msgs/msg/detail/bow_queries__rosidl_typesupport_introspection_c.h
[0.385s] -- Installing: /home/siny/hydra_ws/install/pose_graph_tools_msgs/include/pose_graph_tools_msgs/pose_graph_tools_msgs/msg/detail/bow_query__type_support.c
[0.385s] -- Up-to-date: /home/siny/hydra_ws/install/pose_graph_tools_msgs/include/pose_graph_tools_msgs/pose_graph_tools_msgs/msg/detail/vlc_frame_msg__rosidl_typesupport_introspection_c.h
[0.385s] -- Installing: /home/siny/hydra_ws/install/pose_graph_tools_msgs/include/pose_graph_tools_msgs/pose_graph_tools_msgs/msg/detail/vlc_requests__type_support.c
[0.386s] -- Installing: /home/siny/hydra_ws/install/pose_graph_tools_msgs/include/pose_graph_tools_msgs/pose_graph_tools_msgs/msg/detail/bow_queries__type_support.c
[0.386s] -- Installing: /home/siny/hydra_ws/install/pose_graph_tools_msgs/include/pose_graph_tools_msgs/pose_graph_tools_msgs/msg/detail/pose_graph_edge__type_support.c
[0.387s] -- Installing: /home/siny/hydra_ws/install/pose_graph_tools_msgs/include/pose_graph_tools_msgs/pose_graph_tools_msgs/msg/detail/loop_closures__type_support.c
[0.387s] -- Up-to-date: /home/siny/hydra_ws/install/pose_graph_tools_msgs/include/pose_graph_tools_msgs/pose_graph_tools_msgs/msg/detail/time_range_query__rosidl_typesupport_introspection_c.h
[0.387s] -- Up-to-date: /home/siny/hydra_ws/install/pose_graph_tools_msgs/include/pose_graph_tools_msgs/pose_graph_tools_msgs/msg/detail/pose_graph_node__rosidl_typesupport_introspection_c.h
[0.387s] -- Up-to-date: /home/siny/hydra_ws/install/pose_graph_tools_msgs/include/pose_graph_tools_msgs/pose_graph_tools_msgs/msg/detail/loop_closures_ack__rosidl_typesupport_introspection_c.h
[0.387s] -- Installing: /home/siny/hydra_ws/install/pose_graph_tools_msgs/include/pose_graph_tools_msgs/pose_graph_tools_msgs/msg/detail/bow_vector__type_support.c
[0.387s] -- Up-to-date: /home/siny/hydra_ws/install/pose_graph_tools_msgs/include/pose_graph_tools_msgs/pose_graph_tools_msgs/msg/detail/bow_query__rosidl_typesupport_introspection_c.h
[0.387s] -- Installing: /home/siny/hydra_ws/install/pose_graph_tools_msgs/include/pose_graph_tools_msgs/pose_graph_tools_msgs/msg/detail/bow_requests__type_support.c
[0.388s] -- Installing: /home/siny/hydra_ws/install/pose_graph_tools_msgs/include/pose_graph_tools_msgs/pose_graph_tools_msgs/msg/detail/pose_graph__type_support.c
[0.388s] -- Up-to-date: /home/siny/hydra_ws/install/pose_graph_tools_msgs/include/pose_graph_tools_msgs/pose_graph_tools_msgs/msg/rosidl_typesupport_introspection_c__visibility_control.h
[0.388s] -- Up-to-date: /home/siny/hydra_ws/install/pose_graph_tools_msgs/lib/libpose_graph_tools_msgs__rosidl_typesupport_introspection_c.so
[0.388s] -- Up-to-date: /home/siny/hydra_ws/install/pose_graph_tools_msgs/lib/libpose_graph_tools_msgs__rosidl_typesupport_c.so
[0.388s] -- Up-to-date: /home/siny/hydra_ws/install/pose_graph_tools_msgs/include/pose_graph_tools_msgs/pose_graph_tools_msgs
[0.388s] -- Up-to-date: /home/siny/hydra_ws/install/pose_graph_tools_msgs/include/pose_graph_tools_msgs/pose_graph_tools_msgs/srv
[0.388s] -- Up-to-date: /home/siny/hydra_ws/install/pose_graph_tools_msgs/include/pose_graph_tools_msgs/pose_graph_tools_msgs/srv/detail
[0.388s] -- Up-to-date: /home/siny/hydra_ws/install/pose_graph_tools_msgs/include/pose_graph_tools_msgs/pose_graph_tools_msgs/srv/detail/lcd_frame_registration__type_support.cpp
[0.389s] -- Up-to-date: /home/siny/hydra_ws/install/pose_graph_tools_msgs/include/pose_graph_tools_msgs/pose_graph_tools_msgs/srv/detail/pose_graph_query__type_support.cpp
[0.389s] -- Up-to-date: /home/siny/hydra_ws/install/pose_graph_tools_msgs/include/pose_graph_tools_msgs/pose_graph_tools_msgs/srv/detail/vlc_frame_query__type_support.cpp
[0.389s] -- Up-to-date: /home/siny/hydra_ws/install/pose_graph_tools_msgs/include/pose_graph_tools_msgs/pose_graph_tools_msgs/srv/detail/lcd_frame_registration__rosidl_typesupport_introspection_cpp.hpp
[0.389s] -- Up-to-date: /home/siny/hydra_ws/install/pose_graph_tools_msgs/include/pose_graph_tools_msgs/pose_graph_tools_msgs/srv/detail/vlc_frame_query__rosidl_typesupport_introspection_cpp.hpp
[0.389s] -- Up-to-date: /home/siny/hydra_ws/install/pose_graph_tools_msgs/include/pose_graph_tools_msgs/pose_graph_tools_msgs/srv/detail/pose_graph_query__rosidl_typesupport_introspection_cpp.hpp
[0.389s] -- Up-to-date: /home/siny/hydra_ws/install/pose_graph_tools_msgs/include/pose_graph_tools_msgs/pose_graph_tools_msgs/msg
[0.389s] -- Up-to-date: /home/siny/hydra_ws/install/pose_graph_tools_msgs/include/pose_graph_tools_msgs/pose_graph_tools_msgs/msg/detail
[0.389s] -- Up-to-date: /home/siny/hydra_ws/install/pose_graph_tools_msgs/include/pose_graph_tools_msgs/pose_graph_tools_msgs/msg/detail/loop_closures__rosidl_typesupport_introspection_cpp.hpp
[0.390s] -- Up-to-date: /home/siny/hydra_ws/install/pose_graph_tools_msgs/include/pose_graph_tools_msgs/pose_graph_tools_msgs/msg/detail/vlc_frame_msg__rosidl_typesupport_introspection_cpp.hpp
[0.390s] -- Up-to-date: /home/siny/hydra_ws/install/pose_graph_tools_msgs/include/pose_graph_tools_msgs/pose_graph_tools_msgs/msg/detail/bow_requests__rosidl_typesupport_introspection_cpp.hpp
[0.390s] -- Up-to-date: /home/siny/hydra_ws/install/pose_graph_tools_msgs/include/pose_graph_tools_msgs/pose_graph_tools_msgs/msg/detail/loop_closures_ack__type_support.cpp
[0.390s] -- Up-to-date: /home/siny/hydra_ws/install/pose_graph_tools_msgs/include/pose_graph_tools_msgs/pose_graph_tools_msgs/msg/detail/time_range_query__type_support.cpp
[0.390s] -- Up-to-date: /home/siny/hydra_ws/install/pose_graph_tools_msgs/include/pose_graph_tools_msgs/pose_graph_tools_msgs/msg/detail/pose_graph__type_support.cpp
[0.390s] -- Up-to-date: /home/siny/hydra_ws/install/pose_graph_tools_msgs/include/pose_graph_tools_msgs/pose_graph_tools_msgs/msg/detail/vlc_frames__rosidl_typesupport_introspection_cpp.hpp
[0.390s] -- Up-to-date: /home/siny/hydra_ws/install/pose_graph_tools_msgs/include/pose_graph_tools_msgs/pose_graph_tools_msgs/msg/detail/vlc_frame_msg__type_support.cpp
[0.391s] -- Up-to-date: /home/siny/hydra_ws/install/pose_graph_tools_msgs/include/pose_graph_tools_msgs/pose_graph_tools_msgs/msg/detail/pose_graph_edge__rosidl_typesupport_introspection_cpp.hpp
[0.391s] -- Up-to-date: /home/siny/hydra_ws/install/pose_graph_tools_msgs/include/pose_graph_tools_msgs/pose_graph_tools_msgs/msg/detail/bow_vector__type_support.cpp
[0.391s] -- Up-to-date: /home/siny/hydra_ws/install/pose_graph_tools_msgs/include/pose_graph_tools_msgs/pose_graph_tools_msgs/msg/detail/vlc_frames__type_support.cpp
[0.391s] -- Up-to-date: /home/siny/hydra_ws/install/pose_graph_tools_msgs/include/pose_graph_tools_msgs/pose_graph_tools_msgs/msg/detail/pose_graph__rosidl_typesupport_introspection_cpp.hpp
[0.391s] -- Up-to-date: /home/siny/hydra_ws/install/pose_graph_tools_msgs/include/pose_graph_tools_msgs/pose_graph_tools_msgs/msg/detail/bow_vector__rosidl_typesupport_introspection_cpp.hpp
[0.391s] -- Up-to-date: /home/siny/hydra_ws/install/pose_graph_tools_msgs/include/pose_graph_tools_msgs/pose_graph_tools_msgs/msg/detail/vlc_requests__type_support.cpp
[0.391s] -- Up-to-date: /home/siny/hydra_ws/install/pose_graph_tools_msgs/include/pose_graph_tools_msgs/pose_graph_tools_msgs/msg/detail/bow_requests__type_support.cpp
[0.391s] -- Up-to-date: /home/siny/hydra_ws/install/pose_graph_tools_msgs/include/pose_graph_tools_msgs/pose_graph_tools_msgs/msg/detail/loop_closures__type_support.cpp
[0.392s] -- Up-to-date: /home/siny/hydra_ws/install/pose_graph_tools_msgs/include/pose_graph_tools_msgs/pose_graph_tools_msgs/msg/detail/bow_queries__type_support.cpp
[0.392s] -- Up-to-date: /home/siny/hydra_ws/install/pose_graph_tools_msgs/include/pose_graph_tools_msgs/pose_graph_tools_msgs/msg/detail/pose_graph_node__type_support.cpp
[0.392s] -- Up-to-date: /home/siny/hydra_ws/install/pose_graph_tools_msgs/include/pose_graph_tools_msgs/pose_graph_tools_msgs/msg/detail/bow_queries__rosidl_typesupport_introspection_cpp.hpp
[0.392s] -- Up-to-date: /home/siny/hydra_ws/install/pose_graph_tools_msgs/include/pose_graph_tools_msgs/pose_graph_tools_msgs/msg/detail/vlc_requests__rosidl_typesupport_introspection_cpp.hpp
[0.392s] -- Up-to-date: /home/siny/hydra_ws/install/pose_graph_tools_msgs/include/pose_graph_tools_msgs/pose_graph_tools_msgs/msg/detail/bow_query__rosidl_typesupport_introspection_cpp.hpp
[0.392s] -- Up-to-date: /home/siny/hydra_ws/install/pose_graph_tools_msgs/include/pose_graph_tools_msgs/pose_graph_tools_msgs/msg/detail/time_range_query__rosidl_typesupport_introspection_cpp.hpp
[0.392s] -- Up-to-date: /home/siny/hydra_ws/install/pose_graph_tools_msgs/include/pose_graph_tools_msgs/pose_graph_tools_msgs/msg/detail/loop_closures_ack__rosidl_typesupport_introspection_cpp.hpp
[0.393s] -- Up-to-date: /home/siny/hydra_ws/install/pose_graph_tools_msgs/include/pose_graph_tools_msgs/pose_graph_tools_msgs/msg/detail/pose_graph_edge__type_support.cpp
[0.393s] -- Up-to-date: /home/siny/hydra_ws/install/pose_graph_tools_msgs/include/pose_graph_tools_msgs/pose_graph_tools_msgs/msg/detail/pose_graph_node__rosidl_typesupport_introspection_cpp.hpp
[0.393s] -- Up-to-date: /home/siny/hydra_ws/install/pose_graph_tools_msgs/include/pose_graph_tools_msgs/pose_graph_tools_msgs/msg/detail/bow_query__type_support.cpp
[0.393s] -- Up-to-date: /home/siny/hydra_ws/install/pose_graph_tools_msgs/lib/libpose_graph_tools_msgs__rosidl_typesupport_introspection_cpp.so
[0.393s] -- Up-to-date: /home/siny/hydra_ws/install/pose_graph_tools_msgs/lib/libpose_graph_tools_msgs__rosidl_typesupport_cpp.so
[0.393s] -- Up-to-date: /home/siny/hydra_ws/install/pose_graph_tools_msgs/share/pose_graph_tools_msgs/environment/pythonpath.sh
[0.394s] -- Up-to-date: /home/siny/hydra_ws/install/pose_graph_tools_msgs/share/pose_graph_tools_msgs/environment/pythonpath.dsv
[0.394s] -- Up-to-date: /home/siny/hydra_ws/install/pose_graph_tools_msgs/lib/python3.12/site-packages/pose_graph_tools_msgs-1.0.0-py3.12.egg-info
[0.394s] -- Installing: /home/siny/hydra_ws/install/pose_graph_tools_msgs/lib/python3.12/site-packages/pose_graph_tools_msgs-1.0.0-py3.12.egg-info/top_level.txt
[0.394s] -- Installing: /home/siny/hydra_ws/install/pose_graph_tools_msgs/lib/python3.12/site-packages/pose_graph_tools_msgs-1.0.0-py3.12.egg-info/PKG-INFO
[0.394s] -- Installing: /home/siny/hydra_ws/install/pose_graph_tools_msgs/lib/python3.12/site-packages/pose_graph_tools_msgs-1.0.0-py3.12.egg-info/SOURCES.txt
[0.394s] -- Installing: /home/siny/hydra_ws/install/pose_graph_tools_msgs/lib/python3.12/site-packages/pose_graph_tools_msgs-1.0.0-py3.12.egg-info/dependency_links.txt
[0.394s] -- Up-to-date: /home/siny/hydra_ws/install/pose_graph_tools_msgs/lib/python3.12/site-packages/pose_graph_tools_msgs
[0.394s] -- Up-to-date: /home/siny/hydra_ws/install/pose_graph_tools_msgs/lib/python3.12/site-packages/pose_graph_tools_msgs/pose_graph_tools_msgs_s__rosidl_typesupport_fastrtps_c.so
[0.394s] -- Up-to-date: /home/siny/hydra_ws/install/pose_graph_tools_msgs/lib/python3.12/site-packages/pose_graph_tools_msgs/pose_graph_tools_msgs_s__rosidl_typesupport_c.so
[0.394s] -- Up-to-date: /home/siny/hydra_ws/install/pose_graph_tools_msgs/lib/python3.12/site-packages/pose_graph_tools_msgs/_pose_graph_tools_msgs_s.ep.rosidl_typesupport_introspection_c.c
[0.394s] -- Up-to-date: /home/siny/hydra_ws/install/pose_graph_tools_msgs/lib/python3.12/site-packages/pose_graph_tools_msgs/_pose_graph_tools_msgs_s.ep.rosidl_typesupport_c.c
[0.394s] -- Up-to-date: /home/siny/hydra_ws/install/pose_graph_tools_msgs/lib/python3.12/site-packages/pose_graph_tools_msgs/srv
[0.394s] -- Up-to-date: /home/siny/hydra_ws/install/pose_graph_tools_msgs/lib/python3.12/site-packages/pose_graph_tools_msgs/srv/_pose_graph_query.py
[0.395s] -- Up-to-date: /home/siny/hydra_ws/install/pose_graph_tools_msgs/lib/python3.12/site-packages/pose_graph_tools_msgs/srv/_lcd_frame_registration.py
[0.395s] -- Up-to-date: /home/siny/hydra_ws/install/pose_graph_tools_msgs/lib/python3.12/site-packages/pose_graph_tools_msgs/srv/_vlc_frame_query.py
[0.395s] -- Up-to-date: /home/siny/hydra_ws/install/pose_graph_tools_msgs/lib/python3.12/site-packages/pose_graph_tools_msgs/srv/_vlc_frame_query_s.c
[0.395s] -- Up-to-date: /home/siny/hydra_ws/install/pose_graph_tools_msgs/lib/python3.12/site-packages/pose_graph_tools_msgs/srv/_lcd_frame_registration_s.c
[0.395s] -- Up-to-date: /home/siny/hydra_ws/install/pose_graph_tools_msgs/lib/python3.12/site-packages/pose_graph_tools_msgs/srv/_pose_graph_query_s.c
[0.395s] -- Up-to-date: /home/siny/hydra_ws/install/pose_graph_tools_msgs/lib/python3.12/site-packages/pose_graph_tools_msgs/srv/__init__.py
[0.395s] -- Up-to-date: /home/siny/hydra_ws/install/pose_graph_tools_msgs/lib/python3.12/site-packages/pose_graph_tools_msgs/msg
[0.395s] -- Up-to-date: /home/siny/hydra_ws/install/pose_graph_tools_msgs/lib/python3.12/site-packages/pose_graph_tools_msgs/msg/_vlc_frames_s.c
[0.395s] -- Up-to-date: /home/siny/hydra_ws/install/pose_graph_tools_msgs/lib/python3.12/site-packages/pose_graph_tools_msgs/msg/_bow_vector.py
[0.395s] -- Up-to-date: /home/siny/hydra_ws/install/pose_graph_tools_msgs/lib/python3.12/site-packages/pose_graph_tools_msgs/msg/_time_range_query_s.c
[0.395s] -- Up-to-date: /home/siny/hydra_ws/install/pose_graph_tools_msgs/lib/python3.12/site-packages/pose_graph_tools_msgs/msg/_pose_graph_s.c
[0.395s] -- Up-to-date: /home/siny/hydra_ws/install/pose_graph_tools_msgs/lib/python3.12/site-packages/pose_graph_tools_msgs/msg/_bow_query_s.c
[0.395s] -- Up-to-date: /home/siny/hydra_ws/install/pose_graph_tools_msgs/lib/python3.12/site-packages/pose_graph_tools_msgs/msg/_vlc_frame_msg_s.c
[0.395s] -- Up-to-date: /home/siny/hydra_ws/install/pose_graph_tools_msgs/lib/python3.12/site-packages/pose_graph_tools_msgs/msg/_bow_vector_s.c
[0.395s] -- Up-to-date: /home/siny/hydra_ws/install/pose_graph_tools_msgs/lib/python3.12/site-packages/pose_graph_tools_msgs/msg/_vlc_frames.py
[0.396s] -- Up-to-date: /home/siny/hydra_ws/install/pose_graph_tools_msgs/lib/python3.12/site-packages/pose_graph_tools_msgs/msg/_pose_graph_node.py
[0.396s] -- Up-to-date: /home/siny/hydra_ws/install/pose_graph_tools_msgs/lib/python3.12/site-packages/pose_graph_tools_msgs/msg/_bow_queries.py
[0.396s] -- Up-to-date: /home/siny/hydra_ws/install/pose_graph_tools_msgs/lib/python3.12/site-packages/pose_graph_tools_msgs/msg/_vlc_frame_msg.py
[0.396s] -- Up-to-date: /home/siny/hydra_ws/install/pose_graph_tools_msgs/lib/python3.12/site-packages/pose_graph_tools_msgs/msg/_loop_closures_s.c
[0.396s] -- Up-to-date: /home/siny/hydra_ws/install/pose_graph_tools_msgs/lib/python3.12/site-packages/pose_graph_tools_msgs/msg/_time_range_query.py
[0.396s] -- Up-to-date: /home/siny/hydra_ws/install/pose_graph_tools_msgs/lib/python3.12/site-packages/pose_graph_tools_msgs/msg/_pose_graph_edge_s.c
[0.396s] -- Up-to-date: /home/siny/hydra_ws/install/pose_graph_tools_msgs/lib/python3.12/site-packages/pose_graph_tools_msgs/msg/_pose_graph_edge.py
[0.396s] -- Up-to-date: /home/siny/hydra_ws/install/pose_graph_tools_msgs/lib/python3.12/site-packages/pose_graph_tools_msgs/msg/_bow_requests.py
[0.396s] -- Up-to-date: /home/siny/hydra_ws/install/pose_graph_tools_msgs/lib/python3.12/site-packages/pose_graph_tools_msgs/msg/__init__.py
[0.396s] -- Up-to-date: /home/siny/hydra_ws/install/pose_graph_tools_msgs/lib/python3.12/site-packages/pose_graph_tools_msgs/msg/_bow_requests_s.c
[0.396s] -- Up-to-date: /home/siny/hydra_ws/install/pose_graph_tools_msgs/lib/python3.12/site-packages/pose_graph_tools_msgs/msg/_bow_query.py
[0.397s] -- Up-to-date: /home/siny/hydra_ws/install/pose_graph_tools_msgs/lib/python3.12/site-packages/pose_graph_tools_msgs/msg/_vlc_requests.py
[0.397s] -- Up-to-date: /home/siny/hydra_ws/install/pose_graph_tools_msgs/lib/python3.12/site-packages/pose_graph_tools_msgs/msg/_loop_closures_ack_s.c
[0.397s] -- Up-to-date: /home/siny/hydra_ws/install/pose_graph_tools_msgs/lib/python3.12/site-packages/pose_graph_tools_msgs/msg/_vlc_requests_s.c
[0.397s] -- Up-to-date: /home/siny/hydra_ws/install/pose_graph_tools_msgs/lib/python3.12/site-packages/pose_graph_tools_msgs/msg/_loop_closures_ack.py
[0.397s] -- Up-to-date: /home/siny/hydra_ws/install/pose_graph_tools_msgs/lib/python3.12/site-packages/pose_graph_tools_msgs/msg/_pose_graph_node_s.c
[0.397s] -- Up-to-date: /home/siny/hydra_ws/install/pose_graph_tools_msgs/lib/python3.12/site-packages/pose_graph_tools_msgs/msg/_bow_queries_s.c
[0.397s] -- Up-to-date: /home/siny/hydra_ws/install/pose_graph_tools_msgs/lib/python3.12/site-packages/pose_graph_tools_msgs/msg/_pose_graph.py
[0.397s] -- Up-to-date: /home/siny/hydra_ws/install/pose_graph_tools_msgs/lib/python3.12/site-packages/pose_graph_tools_msgs/msg/_loop_closures.py
[0.397s] -- Up-to-date: /home/siny/hydra_ws/install/pose_graph_tools_msgs/lib/python3.12/site-packages/pose_graph_tools_msgs/pose_graph_tools_msgs_s__rosidl_typesupport_introspection_c.so
[0.398s] -- Up-to-date: /home/siny/hydra_ws/install/pose_graph_tools_msgs/lib/python3.12/site-packages/pose_graph_tools_msgs/__init__.py
[0.398s] -- Up-to-date: /home/siny/hydra_ws/install/pose_graph_tools_msgs/lib/python3.12/site-packages/pose_graph_tools_msgs/_pose_graph_tools_msgs_s.ep.rosidl_typesupport_fastrtps_c.c
[0.415s] Listing '/home/siny/hydra_ws/install/pose_graph_tools_msgs/lib/python3.12/site-packages/pose_graph_tools_msgs'...
[0.415s] Listing '/home/siny/hydra_ws/install/pose_graph_tools_msgs/lib/python3.12/site-packages/pose_graph_tools_msgs/msg'...
[0.415s] Listing '/home/siny/hydra_ws/install/pose_graph_tools_msgs/lib/python3.12/site-packages/pose_graph_tools_msgs/srv'...
[0.422s] -- Up-to-date: /home/siny/hydra_ws/install/pose_graph_tools_msgs/lib/python3.12/site-packages/pose_graph_tools_msgs/pose_graph_tools_msgs_s__rosidl_typesupport_fastrtps_c.so
[0.422s] -- Up-to-date: /home/siny/hydra_ws/install/pose_graph_tools_msgs/lib/python3.12/site-packages/pose_graph_tools_msgs/pose_graph_tools_msgs_s__rosidl_typesupport_introspection_c.so
[0.422s] -- Up-to-date: /home/siny/hydra_ws/install/pose_graph_tools_msgs/lib/python3.12/site-packages/pose_graph_tools_msgs/pose_graph_tools_msgs_s__rosidl_typesupport_c.so
[0.423s] -- Up-to-date: /home/siny/hydra_ws/install/pose_graph_tools_msgs/lib/libpose_graph_tools_msgs__rosidl_generator_py.so
[0.423s] -- Up-to-date: /home/siny/hydra_ws/install/pose_graph_tools_msgs/share/pose_graph_tools_msgs/msg/BowQueries.idl
[0.423s] -- Up-to-date: /home/siny/hydra_ws/install/pose_graph_tools_msgs/share/pose_graph_tools_msgs/msg/BowQuery.idl
[0.423s] -- Up-to-date: /home/siny/hydra_ws/install/pose_graph_tools_msgs/share/pose_graph_tools_msgs/msg/BowRequests.idl
[0.423s] -- Up-to-date: /home/siny/hydra_ws/install/pose_graph_tools_msgs/share/pose_graph_tools_msgs/msg/BowVector.idl
[0.423s] -- Up-to-date: /home/siny/hydra_ws/install/pose_graph_tools_msgs/share/pose_graph_tools_msgs/msg/LoopClosures.idl
[0.424s] -- Up-to-date: /home/siny/hydra_ws/install/pose_graph_tools_msgs/share/pose_graph_tools_msgs/msg/LoopClosuresAck.idl
[0.424s] -- Up-to-date: /home/siny/hydra_ws/install/pose_graph_tools_msgs/share/pose_graph_tools_msgs/msg/PoseGraph.idl
[0.424s] -- Up-to-date: /home/siny/hydra_ws/install/pose_graph_tools_msgs/share/pose_graph_tools_msgs/msg/PoseGraphEdge.idl
[0.424s] -- Up-to-date: /home/siny/hydra_ws/install/pose_graph_tools_msgs/share/pose_graph_tools_msgs/msg/PoseGraphNode.idl
[0.424s] -- Up-to-date: /home/siny/hydra_ws/install/pose_graph_tools_msgs/share/pose_graph_tools_msgs/msg/TimeRangeQuery.idl
[0.424s] -- Up-to-date: /home/siny/hydra_ws/install/pose_graph_tools_msgs/share/pose_graph_tools_msgs/msg/VLCFrameMsg.idl
[0.424s] -- Up-to-date: /home/siny/hydra_ws/install/pose_graph_tools_msgs/share/pose_graph_tools_msgs/msg/VLCFrames.idl
[0.424s] -- Up-to-date: /home/siny/hydra_ws/install/pose_graph_tools_msgs/share/pose_graph_tools_msgs/msg/VLCRequests.idl
[0.425s] -- Up-to-date: /home/siny/hydra_ws/install/pose_graph_tools_msgs/share/pose_graph_tools_msgs/srv/LcdFrameRegistration.idl
[0.425s] -- Up-to-date: /home/siny/hydra_ws/install/pose_graph_tools_msgs/share/pose_graph_tools_msgs/srv/PoseGraphQuery.idl
[0.425s] -- Up-to-date: /home/siny/hydra_ws/install/pose_graph_tools_msgs/share/pose_graph_tools_msgs/srv/VLCFrameQuery.idl
[0.425s] -- Up-to-date: /home/siny/hydra_ws/install/pose_graph_tools_msgs/share/pose_graph_tools_msgs/msg/BowQueries.msg
[0.425s] -- Up-to-date: /home/siny/hydra_ws/install/pose_graph_tools_msgs/share/pose_graph_tools_msgs/msg/BowQuery.msg
[0.425s] -- Up-to-date: /home/siny/hydra_ws/install/pose_graph_tools_msgs/share/pose_graph_tools_msgs/msg/BowRequests.msg
[0.425s] -- Up-to-date: /home/siny/hydra_ws/install/pose_graph_tools_msgs/share/pose_graph_tools_msgs/msg/BowVector.msg
[0.425s] -- Up-to-date: /home/siny/hydra_ws/install/pose_graph_tools_msgs/share/pose_graph_tools_msgs/msg/LoopClosures.msg
[0.426s] -- Up-to-date: /home/siny/hydra_ws/install/pose_graph_tools_msgs/share/pose_graph_tools_msgs/msg/LoopClosuresAck.msg
[0.426s] -- Up-to-date: /home/siny/hydra_ws/install/pose_graph_tools_msgs/share/pose_graph_tools_msgs/msg/PoseGraph.msg
[0.426s] -- Up-to-date: /home/siny/hydra_ws/install/pose_graph_tools_msgs/share/pose_graph_tools_msgs/msg/PoseGraphEdge.msg
[0.426s] -- Up-to-date: /home/siny/hydra_ws/install/pose_graph_tools_msgs/share/pose_graph_tools_msgs/msg/PoseGraphNode.msg
[0.426s] -- Up-to-date: /home/siny/hydra_ws/install/pose_graph_tools_msgs/share/pose_graph_tools_msgs/msg/TimeRangeQuery.msg
[0.426s] -- Up-to-date: /home/siny/hydra_ws/install/pose_graph_tools_msgs/share/pose_graph_tools_msgs/msg/VLCFrameMsg.msg
[0.426s] -- Up-to-date: /home/siny/hydra_ws/install/pose_graph_tools_msgs/share/pose_graph_tools_msgs/msg/VLCFrames.msg
[0.426s] -- Up-to-date: /home/siny/hydra_ws/install/pose_graph_tools_msgs/share/pose_graph_tools_msgs/msg/VLCRequests.msg
[0.426s] -- Up-to-date: /home/siny/hydra_ws/install/pose_graph_tools_msgs/share/pose_graph_tools_msgs/srv/LcdFrameRegistration.srv
[0.427s] -- Up-to-date: /home/siny/hydra_ws/install/pose_graph_tools_msgs/share/pose_graph_tools_msgs/srv/PoseGraphQuery.srv
[0.427s] -- Up-to-date: /home/siny/hydra_ws/install/pose_graph_tools_msgs/share/pose_graph_tools_msgs/srv/VLCFrameQuery.srv
[0.427s] -- Up-to-date: /home/siny/hydra_ws/install/pose_graph_tools_msgs/share/ament_index/resource_index/package_run_dependencies/pose_graph_tools_msgs
[0.427s] -- Up-to-date: /home/siny/hydra_ws/install/pose_graph_tools_msgs/share/ament_index/resource_index/parent_prefix_path/pose_graph_tools_msgs
[0.427s] -- Up-to-date: /home/siny/hydra_ws/install/pose_graph_tools_msgs/share/pose_graph_tools_msgs/environment/ament_prefix_path.sh
[0.427s] -- Up-to-date: /home/siny/hydra_ws/install/pose_graph_tools_msgs/share/pose_graph_tools_msgs/environment/ament_prefix_path.dsv
[0.427s] -- Up-to-date: /home/siny/hydra_ws/install/pose_graph_tools_msgs/share/pose_graph_tools_msgs/environment/path.sh
[0.427s] -- Up-to-date: /home/siny/hydra_ws/install/pose_graph_tools_msgs/share/pose_graph_tools_msgs/environment/path.dsv
[0.427s] -- Up-to-date: /home/siny/hydra_ws/install/pose_graph_tools_msgs/share/pose_graph_tools_msgs/local_setup.bash
[0.428s] -- Up-to-date: /home/siny/hydra_ws/install/pose_graph_tools_msgs/share/pose_graph_tools_msgs/local_setup.sh
[0.428s] -- Up-to-date: /home/siny/hydra_ws/install/pose_graph_tools_msgs/share/pose_graph_tools_msgs/local_setup.zsh
[0.428s] -- Up-to-date: /home/siny/hydra_ws/install/pose_graph_tools_msgs/share/pose_graph_tools_msgs/local_setup.dsv
[0.428s] -- Installing: /home/siny/hydra_ws/install/pose_graph_tools_msgs/share/pose_graph_tools_msgs/package.dsv
[0.428s] -- Up-to-date: /home/siny/hydra_ws/install/pose_graph_tools_msgs/share/ament_index/resource_index/packages/pose_graph_tools_msgs
[0.428s] -- Up-to-date: /home/siny/hydra_ws/install/pose_graph_tools_msgs/share/pose_graph_tools_msgs/cmake/export_pose_graph_tools_msgs__rosidl_generator_cExport.cmake
[0.428s] -- Up-to-date: /home/siny/hydra_ws/install/pose_graph_tools_msgs/share/pose_graph_tools_msgs/cmake/export_pose_graph_tools_msgs__rosidl_generator_cExport-release.cmake
[0.428s] -- Up-to-date: /home/siny/hydra_ws/install/pose_graph_tools_msgs/share/pose_graph_tools_msgs/cmake/export_pose_graph_tools_msgs__rosidl_typesupport_fastrtps_cExport.cmake
[0.428s] -- Up-to-date: /home/siny/hydra_ws/install/pose_graph_tools_msgs/share/pose_graph_tools_msgs/cmake/export_pose_graph_tools_msgs__rosidl_typesupport_fastrtps_cExport-release.cmake
[0.429s] -- Up-to-date: /home/siny/hydra_ws/install/pose_graph_tools_msgs/share/pose_graph_tools_msgs/cmake/export_pose_graph_tools_msgs__rosidl_generator_cppExport.cmake
[0.429s] -- Up-to-date: /home/siny/hydra_ws/install/pose_graph_tools_msgs/share/pose_graph_tools_msgs/cmake/export_pose_graph_tools_msgs__rosidl_typesupport_fastrtps_cppExport.cmake
[0.429s] -- Up-to-date: /home/siny/hydra_ws/install/pose_graph_tools_msgs/share/pose_graph_tools_msgs/cmake/export_pose_graph_tools_msgs__rosidl_typesupport_fastrtps_cppExport-release.cmake
[0.429s] -- Up-to-date: /home/siny/hydra_ws/install/pose_graph_tools_msgs/share/pose_graph_tools_msgs/cmake/pose_graph_tools_msgs__rosidl_typesupport_introspection_cExport.cmake
[0.429s] -- Up-to-date: /home/siny/hydra_ws/install/pose_graph_tools_msgs/share/pose_graph_tools_msgs/cmake/pose_graph_tools_msgs__rosidl_typesupport_introspection_cExport-release.cmake
[0.429s] -- Up-to-date: /home/siny/hydra_ws/install/pose_graph_tools_msgs/share/pose_graph_tools_msgs/cmake/pose_graph_tools_msgs__rosidl_typesupport_cExport.cmake
[0.430s] -- Up-to-date: /home/siny/hydra_ws/install/pose_graph_tools_msgs/share/pose_graph_tools_msgs/cmake/pose_graph_tools_msgs__rosidl_typesupport_cExport-release.cmake
[0.430s] -- Up-to-date: /home/siny/hydra_ws/install/pose_graph_tools_msgs/share/pose_graph_tools_msgs/cmake/pose_graph_tools_msgs__rosidl_typesupport_introspection_cppExport.cmake
[0.430s] -- Up-to-date: /home/siny/hydra_ws/install/pose_graph_tools_msgs/share/pose_graph_tools_msgs/cmake/pose_graph_tools_msgs__rosidl_typesupport_introspection_cppExport-release.cmake
[0.430s] -- Up-to-date: /home/siny/hydra_ws/install/pose_graph_tools_msgs/share/pose_graph_tools_msgs/cmake/pose_graph_tools_msgs__rosidl_typesupport_cppExport.cmake
[0.430s] -- Up-to-date: /home/siny/hydra_ws/install/pose_graph_tools_msgs/share/pose_graph_tools_msgs/cmake/pose_graph_tools_msgs__rosidl_typesupport_cppExport-release.cmake
[0.430s] -- Up-to-date: /home/siny/hydra_ws/install/pose_graph_tools_msgs/share/pose_graph_tools_msgs/cmake/export_pose_graph_tools_msgs__rosidl_generator_pyExport.cmake
[0.430s] -- Up-to-date: /home/siny/hydra_ws/install/pose_graph_tools_msgs/share/pose_graph_tools_msgs/cmake/export_pose_graph_tools_msgs__rosidl_generator_pyExport-release.cmake
[0.430s] -- Up-to-date: /home/siny/hydra_ws/install/pose_graph_tools_msgs/share/pose_graph_tools_msgs/cmake/rosidl_cmake-extras.cmake
[0.431s] -- Up-to-date: /home/siny/hydra_ws/install/pose_graph_tools_msgs/share/pose_graph_tools_msgs/cmake/ament_cmake_export_dependencies-extras.cmake
[0.431s] -- Up-to-date: /home/siny/hydra_ws/install/pose_graph_tools_msgs/share/pose_graph_tools_msgs/cmake/ament_cmake_export_include_directories-extras.cmake
[0.431s] -- Up-to-date: /home/siny/hydra_ws/install/pose_graph_tools_msgs/share/pose_graph_tools_msgs/cmake/ament_cmake_export_libraries-extras.cmake
[0.431s] -- Up-to-date: /home/siny/hydra_ws/install/pose_graph_tools_msgs/share/pose_graph_tools_msgs/cmake/ament_cmake_export_targets-extras.cmake
[0.431s] -- Up-to-date: /home/siny/hydra_ws/install/pose_graph_tools_msgs/share/pose_graph_tools_msgs/cmake/rosidl_cmake_export_typesupport_targets-extras.cmake
[0.431s] -- Up-to-date: /home/siny/hydra_ws/install/pose_graph_tools_msgs/share/pose_graph_tools_msgs/cmake/rosidl_cmake_export_typesupport_libraries-extras.cmake
[0.431s] -- Up-to-date: /home/siny/hydra_ws/install/pose_graph_tools_msgs/share/pose_graph_tools_msgs/cmake/pose_graph_tools_msgsConfig.cmake
[0.431s] -- Up-to-date: /home/siny/hydra_ws/install/pose_graph_tools_msgs/share/pose_graph_tools_msgs/cmake/pose_graph_tools_msgsConfig-version.cmake
[0.431s] -- Up-to-date: /home/siny/hydra_ws/install/pose_graph_tools_msgs/share/pose_graph_tools_msgs/package.xml
[0.463s] Invoked command in '/home/siny/hydra_ws/build/pose_graph_tools_msgs' returned '0': DEBUGINFOD_URLS=https://debuginfod.ubuntu.com /usr/bin/cmake --install /home/siny/hydra_ws/build/pose_graph_tools_msgs
