[0.018s] Invoking command in '/home/siny/hydra_ws/build/config_utilities': CMAKE_PREFIX_PATH=${CMAKE_PREFIX_PATH}:/opt/ros/jazzy DEBUGINFOD_URLS=https://debuginfod.ubuntu.com /usr/bin/cmake /home/siny/hydra_ws/src/config_utilities/config_utilities -DCMAKE_BUILD_TYPE=Release -DCMAKE_INSTALL_PREFIX=/home/siny/hydra_ws/install/config_utilities
[0.065s] -- The C compiler identification is GNU 13.3.0
[0.098s] -- The CXX compiler identification is GNU 13.3.0
[0.111s] -- Detecting C compiler ABI info
[0.183s] -- Detecting C compiler ABI info - done
[0.188s] -- Check for working C compiler: /usr/bin/cc - skipped
[0.188s] -- Detecting C compile features
[0.188s] -- Detecting C compile features - done
[0.196s] -- Detecting CXX compiler ABI info
[0.282s] -- Detecting CXX compiler ABI info - done
[0.291s] -- Check for working CXX compiler: /usr/bin/c++ - skipped
[0.291s] -- Detecting CXX compile features
[0.292s] -- Detecting CXX compile features - done
[0.389s] -- Found GTest: /usr/lib/aarch64-linux-gnu/cmake/GTest/GTestConfig.cmake (found version "1.14.0")  
[0.537s] -- Found Python3: /usr/bin/python3 (found version "3.12.3") found components: Interpreter 
[0.650s] -- Configuring done (0.6s)
[0.667s] -- Generating done (0.0s)
[0.672s] -- Build files have been written to: /home/siny/hydra_ws/build/config_utilities
[0.677s] Invoked command in '/home/siny/hydra_ws/build/config_utilities' returned '0': CMAKE_PREFIX_PATH=${CMAKE_PREFIX_PATH}:/opt/ros/jazzy DEBUGINFOD_URLS=https://debuginfod.ubuntu.com /usr/bin/cmake /home/siny/hydra_ws/src/config_utilities/config_utilities -DCMAKE_BUILD_TYPE=Release -DCMAKE_INSTALL_PREFIX=/home/siny/hydra_ws/install/config_utilities
[0.678s] Invoking command in '/home/siny/hydra_ws/build/config_utilities': CMAKE_PREFIX_PATH=${CMAKE_PREFIX_PATH}:/opt/ros/jazzy DEBUGINFOD_URLS=https://debuginfod.ubuntu.com /usr/bin/cmake --build /home/siny/hydra_ws/build/config_utilities -- -j20 -l20
[0.721s] [  1%] [32mBuilding CXX object CMakeFiles/config_utilities.dir/src/config_context.cpp.o[0m
[0.721s] [  2%] [32mBuilding CXX object CMakeFiles/config_utilities.dir/src/dynamic_config.cpp.o[0m
[0.721s] [  4%] [32mBuilding CXX object CMakeFiles/config_utilities.dir/src/asl_formatter.cpp.o[0m
[0.722s] [  7%] [34m[1mCopy test resources to build directory[0m
[0.722s] [  7%] [32mBuilding CXX object CMakeFiles/config_utilities.dir/src/commandline.cpp.o[0m
[0.722s] [  8%] [32mBuilding CXX object CMakeFiles/config_utilities.dir/src/context.cpp.o[0m
[0.722s] [ 10%] [32mBuilding CXX object CMakeFiles/config_utilities.dir/src/conversions.cpp.o[0m
[0.724s] [ 11%] [32mBuilding CXX object CMakeFiles/config_utilities.dir/src/external_registry.cpp.o[0m
[0.724s] [ 13%] [32mBuilding CXX object CMakeFiles/config_utilities.dir/src/field_input_info.cpp.o[0m
[0.725s] [ 14%] [32mBuilding CXX object CMakeFiles/config_utilities.dir/src/formatter.cpp.o[0m
[0.725s] [ 15%] [32mBuilding CXX object CMakeFiles/config_utilities.dir/src/factory.cpp.o[0m
[0.734s] [ 17%] [32mBuilding CXX object CMakeFiles/config_utilities.dir/src/introspection.cpp.o[0m
[0.737s] [ 18%] [32mBuilding CXX object CMakeFiles/config_utilities.dir/src/logger.cpp.o[0m
[0.738s] [ 20%] [32mBuilding CXX object CMakeFiles/config_utilities.dir/src/log_to_glog.cpp.o[0m
[0.739s] [ 21%] [32mBuilding CXX object CMakeFiles/config_utilities.dir/src/log_to_stdout.cpp.o[0m
[0.745s] [ 23%] [32mBuilding CXX object CMakeFiles/config_utilities.dir/src/meta_data.cpp.o[0m
[0.751s] [ 24%] [32mBuilding CXX object CMakeFiles/config_utilities.dir/src/settings.cpp.o[0m
[0.753s] [ 26%] [32mBuilding CXX object CMakeFiles/config_utilities.dir/src/namespacing.cpp.o[0m
[0.756s] [ 27%] [32mBuilding CXX object CMakeFiles/config_utilities.dir/src/path.cpp.o[0m
[0.767s] [ 28%] [32mBuilding CXX object CMakeFiles/config_utilities.dir/src/string_utils.cpp.o[0m
[0.792s] [ 30%] [34m[1mTarget for test resources[0m
[0.807s] [ 30%] Built target copy_test_resources
[0.820s] [ 31%] [32mBuilding CXX object CMakeFiles/config_utilities.dir/src/substitutions.cpp.o[0m
[1.286s] [ 33%] [32mBuilding CXX object CMakeFiles/config_utilities.dir/src/substitution_parsers.cpp.o[0m
[2.239s] [ 34%] [32mBuilding CXX object CMakeFiles/config_utilities.dir/src/validation.cpp.o[0m
[2.559s] [ 36%] [32mBuilding CXX object CMakeFiles/config_utilities.dir/src/visitor.cpp.o[0m
[2.756s] [ 37%] [32mBuilding CXX object CMakeFiles/config_utilities.dir/src/yaml_parser.cpp.o[0m
[3.171s] [ 39%] [32mBuilding CXX object CMakeFiles/config_utilities.dir/src/yaml_utils.cpp.o[0m
[12.712s] [ 40%] [32m[1mLinking CXX shared library libconfig_utilities.so[0m
[12.819s] [ 40%] Built target config_utilities
[12.848s] [ 42%] [32mBuilding CXX object demos/CMakeFiles/demo_factory.dir/demo_factory.cpp.o[0m
[12.852s] [ 43%] [32mBuilding CXX object CMakeFiles/composite-configs.dir/app/composite_configs.cpp.o[0m
[12.852s] [ 44%] [32mBuilding CXX object test/CMakeFiles/test_config_utilities.dir/src/cli_args.cpp.o[0m
[12.860s] [ 47%] [32mBuilding CXX object test/CMakeFiles/test_config_utilities.dir/src/introspection_utils.cpp.o[0m
[12.862s] [ 49%] [32mBuilding CXX object demos/CMakeFiles/demo_config.dir/demo_config.cpp.o[0m
[12.864s] [ 49%] [32mBuilding CXX object test/CMakeFiles/test_config_utilities_plugins.dir/src/external_plugins.cpp.o[0m
[12.864s] [ 50%] [32mBuilding CXX object test/CMakeFiles/test_config_utilities.dir/main.cpp.o[0m
[12.864s] [ 52%] [32mBuilding CXX object test/CMakeFiles/test_config_utilities.dir/tests/asl_formatter.cpp.o[0m
[12.865s] [ 53%] [32mBuilding CXX object test/CMakeFiles/test_config_utilities.dir/src/default_config.cpp.o[0m
[12.869s] [ 55%] [32mBuilding CXX object test/CMakeFiles/test_config_utilities.dir/src/utils.cpp.o[0m
[12.869s] [ 56%] [32mBuilding CXX object demos/CMakeFiles/demo_inheritance.dir/demo_inheritance.cpp.o[0m
[12.869s] [ 57%] [32mBuilding CXX object test/CMakeFiles/test_config_utilities.dir/tests/conversions.cpp.o[0m
[12.871s] [ 59%] [32mBuilding CXX object test/CMakeFiles/test_config_utilities.dir/tests/config_maps.cpp.o[0m
[12.872s] [ 60%] [32mBuilding CXX object test/CMakeFiles/test_config_utilities.dir/tests/commandline.cpp.o[0m
[12.873s] [ 62%] [32mBuilding CXX object test/CMakeFiles/test_config_utilities.dir/tests/factory.cpp.o[0m
[12.875s] [ 63%] [32mBuilding CXX object test/CMakeFiles/test_config_utilities.dir/tests/config_arrays.cpp.o[0m
[12.875s] [ 65%] [32mBuilding CXX object test/CMakeFiles/test_config_utilities.dir/tests/dynamic_config.cpp.o[0m
[12.880s] [ 66%] [32mBuilding CXX object test/CMakeFiles/test_config_utilities.dir/tests/enums.cpp.o[0m
[12.897s] [ 68%] [32mBuilding CXX object test/CMakeFiles/test_config_utilities.dir/tests/external_registry.cpp.o[0m
[12.907s] [ 69%] [32mBuilding CXX object test/CMakeFiles/test_config_utilities.dir/tests/getters.cpp.o[0m
[14.283s] [ 71%] [32mBuilding CXX object test/CMakeFiles/test_config_utilities.dir/tests/field_input_info.cpp.o[0m
[14.758s] [ 72%] [32mBuilding CXX object test/CMakeFiles/test_config_utilities.dir/tests/inheritance.cpp.o[0m
[14.933s] [ 73%] [32mBuilding CXX object test/CMakeFiles/test_config_utilities.dir/tests/introspection.cpp.o[0m
[18.780s] [ 75%] [32m[1mLinking CXX executable composite-configs[0m
[18.904s] [ 75%] Built target composite-configs
[18.922s] [ 76%] [32mBuilding CXX object test/CMakeFiles/test_config_utilities.dir/tests/missing_fields.cpp.o[0m
[20.530s] [ 78%] [32mBuilding CXX object test/CMakeFiles/test_config_utilities.dir/tests/namespacing.cpp.o[0m
[20.671s] [ 79%] [32mBuilding CXX object test/CMakeFiles/test_config_utilities.dir/tests/path.cpp.o[0m
[21.269s] [ 81%] [32m[1mLinking CXX executable demo_inheritance[0m
[21.392s] [ 81%] Built target demo_inheritance
[21.597s] [ 82%] [32m[1mLinking CXX shared library libtest_config_utilities_plugins.so[0m
[21.686s] [ 82%] Built target test_config_utilities_plugins
[22.565s] [ 84%] [32m[1mLinking CXX executable demo_factory[0m
[22.680s] [ 84%] Built target demo_factory
[23.464s] [ 85%] [32m[1mLinking CXX executable demo_config[0m
[23.548s] [ 85%] Built target demo_config
[25.682s] [ 86%] [32mBuilding CXX object test/CMakeFiles/test_config_utilities.dir/tests/yaml_utils.cpp.o[0m
[27.440s] [ 88%] [32mBuilding CXX object test/CMakeFiles/test_config_utilities.dir/tests/yaml_parsing.cpp.o[0m
[31.802s] [ 89%] [32mBuilding CXX object test/CMakeFiles/test_config_utilities.dir/tests/traits.cpp.o[0m
[31.803s] [ 91%] [32mBuilding CXX object test/CMakeFiles/test_config_utilities.dir/tests/virtual_config.cpp.o[0m
[31.803s] [ 94%] [32mBuilding CXX object test/CMakeFiles/test_config_utilities.dir/tests/validity_checks.cpp.o[0m
[31.804s] [ 94%] [32mBuilding CXX object test/CMakeFiles/test_config_utilities.dir/tests/update.cpp.o[0m
[31.804s] [ 95%] [32mBuilding CXX object test/CMakeFiles/test_config_utilities.dir/tests/substitutions.cpp.o[0m
[32.261s] [ 97%] [32mBuilding CXX object test/CMakeFiles/test_config_utilities.dir/tests/subconfigs.cpp.o[0m
[32.262s] [ 98%] [32mBuilding CXX object test/CMakeFiles/test_config_utilities.dir/tests/string_utils.cpp.o[0m
[39.569s] [100%] [32m[1mLinking CXX executable test_config_utilities[0m
[39.709s] [100%] Built target test_config_utilities
[39.718s] Invoked command in '/home/siny/hydra_ws/build/config_utilities' returned '0': CMAKE_PREFIX_PATH=${CMAKE_PREFIX_PATH}:/opt/ros/jazzy DEBUGINFOD_URLS=https://debuginfod.ubuntu.com /usr/bin/cmake --build /home/siny/hydra_ws/build/config_utilities -- -j20 -l20
[39.719s] Invoking command in '/home/siny/hydra_ws/build/config_utilities': CMAKE_PREFIX_PATH=${CMAKE_PREFIX_PATH}:/opt/ros/jazzy DEBUGINFOD_URLS=https://debuginfod.ubuntu.com /usr/bin/cmake --install /home/siny/hydra_ws/build/config_utilities
[39.724s] -- Install configuration: "Release"
[39.724s] -- Installing: /home/siny/hydra_ws/install/config_utilities/lib/libconfig_utilities.so
[39.725s] -- Installing: /home/siny/hydra_ws/install/config_utilities/bin/composite-configs
[39.725s] -- Set non-toolchain portion of runtime path of "/home/siny/hydra_ws/install/config_utilities/bin/composite-configs" to ""
[39.725s] -- Up-to-date: /home/siny/hydra_ws/install/config_utilities/bin
[39.725s] -- Installing: /home/siny/hydra_ws/install/config_utilities/bin/introspection_viewer.py
[39.725s] -- Installing: /home/siny/hydra_ws/install/config_utilities/bin/templates
[39.725s] -- Installing: /home/siny/hydra_ws/install/config_utilities/bin/templates/index.html
[39.725s] -- Installing: /home/siny/hydra_ws/install/config_utilities/bin/static
[39.725s] -- Installing: /home/siny/hydra_ws/install/config_utilities/bin/static/js
[39.725s] -- Installing: /home/siny/hydra_ws/install/config_utilities/bin/static/js/display.js
[39.726s] -- Installing: /home/siny/hydra_ws/install/config_utilities/bin/static/js/general.js
[39.726s] -- Installing: /home/siny/hydra_ws/install/config_utilities/bin/static/js/data.js
[39.726s] -- Installing: /home/siny/hydra_ws/install/config_utilities/bin/static/js/summary_view.js
[39.726s] -- Installing: /home/siny/hydra_ws/install/config_utilities/bin/static/css
[39.727s] -- Installing: /home/siny/hydra_ws/install/config_utilities/bin/static/css/style_base.css
[39.727s] -- Installing: /home/siny/hydra_ws/install/config_utilities/bin/static/css/style.css
[39.727s] -- Installing: /home/siny/hydra_ws/install/config_utilities/bin/config-utilities-viewer
[39.727s] -- Installing: /home/siny/hydra_ws/install/config_utilities/include
[39.727s] -- Installing: /home/siny/hydra_ws/install/config_utilities/include/config_utilities
[39.727s] -- Installing: /home/siny/hydra_ws/install/config_utilities/include/config_utilities/config_utilities.h
[39.728s] -- Installing: /home/siny/hydra_ws/install/config_utilities/include/config_utilities/virtual_config.h
[39.728s] -- Installing: /home/siny/hydra_ws/install/config_utilities/include/config_utilities/internal
[39.728s] -- Installing: /home/siny/hydra_ws/install/config_utilities/include/config_utilities/internal/string_utils.h
[39.728s] -- Installing: /home/siny/hydra_ws/install/config_utilities/include/config_utilities/internal/checks.h
[39.728s] -- Installing: /home/siny/hydra_ws/install/config_utilities/include/config_utilities/internal/field_input_info.h
[39.728s] -- Installing: /home/siny/hydra_ws/install/config_utilities/include/config_utilities/internal/visitor_impl.hpp
[39.728s] -- Installing: /home/siny/hydra_ws/install/config_utilities/include/config_utilities/internal/introspection.h
[39.728s] -- Installing: /home/siny/hydra_ws/install/config_utilities/include/config_utilities/internal/yaml_parser.h
[39.729s] -- Installing: /home/siny/hydra_ws/install/config_utilities/include/config_utilities/internal/config_context.h
[39.729s] -- Installing: /home/siny/hydra_ws/install/config_utilities/include/config_utilities/internal/dynamic_config_impl.hpp
[39.729s] -- Installing: /home/siny/hydra_ws/install/config_utilities/include/config_utilities/internal/formatter.h
[39.729s] -- Installing: /home/siny/hydra_ws/install/config_utilities/include/config_utilities/internal/logger.h
[39.729s] -- Installing: /home/siny/hydra_ws/install/config_utilities/include/config_utilities/internal/visitor.h
[39.729s] -- Installing: /home/siny/hydra_ws/install/config_utilities/include/config_utilities/internal/namespacing.h
[39.729s] -- Installing: /home/siny/hydra_ws/install/config_utilities/include/config_utilities/internal/meta_data.h
[39.730s] -- Installing: /home/siny/hydra_ws/install/config_utilities/include/config_utilities/internal/yaml_utils.h
[39.730s] -- Installing: /home/siny/hydra_ws/install/config_utilities/include/config_utilities/logging
[39.730s] -- Installing: /home/siny/hydra_ws/install/config_utilities/include/config_utilities/logging/log_to_stdout.h
[39.730s] -- Installing: /home/siny/hydra_ws/install/config_utilities/include/config_utilities/logging/log_to_glog.h
[39.730s] -- Installing: /home/siny/hydra_ws/install/config_utilities/include/config_utilities/types
[39.730s] -- Installing: /home/siny/hydra_ws/install/config_utilities/include/config_utilities/types/enum.h
[39.730s] -- Installing: /home/siny/hydra_ws/install/config_utilities/include/config_utilities/types/path.h
[39.730s] -- Installing: /home/siny/hydra_ws/install/config_utilities/include/config_utilities/types/conversions.h
[39.730s] -- Installing: /home/siny/hydra_ws/install/config_utilities/include/config_utilities/types/eigen_matrix.h
[39.730s] -- Installing: /home/siny/hydra_ws/install/config_utilities/include/config_utilities/external_registry.h
[39.730s] -- Installing: /home/siny/hydra_ws/install/config_utilities/include/config_utilities/getters.h
[39.731s] -- Installing: /home/siny/hydra_ws/install/config_utilities/include/config_utilities/formatting
[39.731s] -- Installing: /home/siny/hydra_ws/install/config_utilities/include/config_utilities/formatting/asl.h
[39.731s] -- Installing: /home/siny/hydra_ws/install/config_utilities/include/config_utilities/validation.h
[39.731s] -- Installing: /home/siny/hydra_ws/install/config_utilities/include/config_utilities/traits.h
[39.731s] -- Installing: /home/siny/hydra_ws/install/config_utilities/include/config_utilities/parsing
[39.732s] -- Installing: /home/siny/hydra_ws/install/config_utilities/include/config_utilities/parsing/context.h
[39.732s] -- Installing: /home/siny/hydra_ws/install/config_utilities/include/config_utilities/parsing/yaml.h
[39.732s] -- Installing: /home/siny/hydra_ws/install/config_utilities/include/config_utilities/parsing/commandline.h
[39.733s] -- Installing: /home/siny/hydra_ws/install/config_utilities/include/config_utilities/factory.h
[39.733s] -- Installing: /home/siny/hydra_ws/install/config_utilities/include/config_utilities/config.h
[39.734s] -- Installing: /home/siny/hydra_ws/install/config_utilities/include/config_utilities/substitutions.h
[39.734s] -- Installing: /home/siny/hydra_ws/install/config_utilities/include/config_utilities/settings.h
[39.734s] -- Installing: /home/siny/hydra_ws/install/config_utilities/include/config_utilities/dynamic_config.h
[39.734s] -- Installing: /home/siny/hydra_ws/install/config_utilities/include/config_utilities/substitution_parsers.h
[39.734s] -- Installing: /home/siny/hydra_ws/install/config_utilities/include/config_utilities/update.h
[39.734s] -- Installing: /home/siny/hydra_ws/install/config_utilities/include/config_utilities/printing.h
[39.734s] -- Installing: /home/siny/hydra_ws/install/config_utilities/lib/cmake/config_utilities/config_utilitiesTargets.cmake
[39.735s] -- Installing: /home/siny/hydra_ws/install/config_utilities/lib/cmake/config_utilities/config_utilitiesTargets-release.cmake
[39.735s] -- Installing: /home/siny/hydra_ws/install/config_utilities/lib/cmake/config_utilities/config_utilitiesConfig.cmake
[39.735s] -- Installing: /home/siny/hydra_ws/install/config_utilities/lib/cmake/config_utilities/config_utilitiesConfigVersion.cmake
[39.735s] -- Installing: /home/siny/hydra_ws/install/config_utilities/share/ament_index/resource_index/package_run_dependencies/config_utilities
[39.735s] -- Installing: /home/siny/hydra_ws/install/config_utilities/share/ament_index/resource_index/parent_prefix_path/config_utilities
[39.735s] -- Installing: /home/siny/hydra_ws/install/config_utilities/share/config_utilities/environment/ament_prefix_path.sh
[39.735s] -- Installing: /home/siny/hydra_ws/install/config_utilities/share/config_utilities/environment/ament_prefix_path.dsv
[39.736s] -- Installing: /home/siny/hydra_ws/install/config_utilities/share/config_utilities/environment/path.sh
[39.736s] -- Installing: /home/siny/hydra_ws/install/config_utilities/share/config_utilities/environment/path.dsv
[39.736s] -- Installing: /home/siny/hydra_ws/install/config_utilities/share/config_utilities/local_setup.bash
[39.736s] -- Installing: /home/siny/hydra_ws/install/config_utilities/share/config_utilities/local_setup.sh
[39.736s] -- Installing: /home/siny/hydra_ws/install/config_utilities/share/config_utilities/local_setup.zsh
[39.736s] -- Installing: /home/siny/hydra_ws/install/config_utilities/share/config_utilities/local_setup.dsv
[39.737s] -- Installing: /home/siny/hydra_ws/install/config_utilities/share/config_utilities/package.dsv
[39.737s] -- Installing: /home/siny/hydra_ws/install/config_utilities/share/ament_index/resource_index/packages/config_utilities
[39.737s] -- Installing: /home/siny/hydra_ws/install/config_utilities/share/config_utilities/cmake/config_utilitiesConfig.cmake
[39.737s] -- Installing: /home/siny/hydra_ws/install/config_utilities/share/config_utilities/cmake/config_utilitiesConfig-version.cmake
[39.737s] -- Installing: /home/siny/hydra_ws/install/config_utilities/share/config_utilities/package.xml
[39.739s] Invoked command in '/home/siny/hydra_ws/build/config_utilities' returned '0': CMAKE_PREFIX_PATH=${CMAKE_PREFIX_PATH}:/opt/ros/jazzy DEBUGINFOD_URLS=https://debuginfod.ubuntu.com /usr/bin/cmake --install /home/siny/hydra_ws/build/config_utilities
