-- The C compiler identification is GNU 13.3.0
-- The CXX compiler identification is GNU 13.3.0
-- Detecting C compiler ABI info
-- Detecting C compiler ABI info - done
-- Check for working C compiler: /usr/bin/cc - skipped
-- Detecting C compile features
-- Detecting C compile features - done
-- Detecting CXX compiler ABI info
-- Detecting CXX compiler ABI info - done
-- Check for working CXX compiler: /usr/bin/c++ - skipped
-- Detecting CXX compile features
-- Detecting CXX compile features - done
-- Found ament_cmake: 2.5.4 (/opt/ros/jazzy/share/ament_cmake/cmake)
-- Found Python3: /usr/bin/python3 (found version "3.12.3") found components: Interpreter 
-- Found Boost: /usr/lib/aarch64-linux-gnu/cmake/Boost-1.83.0/BoostConfig.cmake (found suitable version "1.83.0", minimum required is "1.65") found components: serialization system filesystem thread program_options date_time timer chrono regex 
-- GTSAM include directory:  /opt/ros/jazzy/lib/cmake/GTSAM/../../../include
-- Found nlohmann_json: /usr/share/cmake/nlohmann_json/nlohmann_jsonConfig.cmake (found version "3.11.3") 
-- Found PkgConfig: /usr/bin/pkg-config (found version "1.8.1") 
-- Checking for module 'libglog'
--   Found libglog, version 0.6.0
-- Found Boost: /usr/lib/aarch64-linux-gnu/cmake/Boost-1.83.0/BoostConfig.cmake (found suitable version "1.83.0", minimum required is "1.65.0") found components: system filesystem iostreams serialization 
-- Found flann version 1.9.2
-- looking for PCL_COMPATIBILITY
-- Could NOT find PCL_COMPATIBILITY (missing: PCL_COMPATIBILITY_LIBRARY PCL_COMPATIBILITY_INCLUDE_DIR) 
-- looking for PCL_COMMON
-- Found PCL_COMMON: /usr/lib/aarch64-linux-gnu/libpcl_common.so  
-- looking for PCL_GEOMETRY
-- Found PCL_GEOMETRY: /usr/include/pcl-1.14  
-- looking for PCL_KDTREE
-- Found PCL_KDTREE: /usr/lib/aarch64-linux-gnu/libpcl_kdtree.so  
-- looking for PCL_OCTREE
-- Found PCL_OCTREE: /usr/lib/aarch64-linux-gnu/libpcl_octree.so  
-- Found PCL: pcl_common;pcl_kdtree;pcl_octree;Boost::system;Boost::filesystem;Boost::iostreams;Boost::serialization;FLANN::FLANN  
-- Found kimera_pgmo_msgs: 0.0.1 (/home/siny/hydra_ws/install/kimera_pgmo_msgs/share/kimera_pgmo_msgs/cmake)
-- Found rosidl_generator_c: 4.6.6 (/opt/ros/jazzy/share/rosidl_generator_c/cmake)
-- Found rosidl_generator_cpp: 4.6.6 (/opt/ros/jazzy/share/rosidl_generator_cpp/cmake)
-- Using all available rosidl_typesupport_c: rosidl_typesupport_fastrtps_c;rosidl_typesupport_introspection_c
-- Using all available rosidl_typesupport_cpp: rosidl_typesupport_fastrtps_cpp;rosidl_typesupport_introspection_cpp
-- Found nav_msgs: 5.3.6 (/opt/ros/jazzy/share/nav_msgs/cmake)
-- Found pose_graph_tools_ros: 1.0.0 (/home/siny/hydra_ws/install/pose_graph_tools_ros/share/pose_graph_tools_ros/cmake)
-- Found rmw_implementation_cmake: 7.3.2 (/opt/ros/jazzy/share/rmw_implementation_cmake/cmake)
-- Found rmw_fastrtps_cpp: 8.4.3 (/opt/ros/jazzy/share/rmw_fastrtps_cpp/cmake)
-- Found OpenSSL: /usr/lib/aarch64-linux-gnu/libcrypto.so (found version "3.0.13")  
-- Found FastRTPS: /opt/ros/jazzy/include (Required is at least version "2.13") 
-- Using RMW implementation 'rmw_fastrtps_cpp' as default
-- Found std_srvs: 5.3.6 (/opt/ros/jazzy/share/std_srvs/cmake)
-- Found tf2_eigen: 0.36.16 (/opt/ros/jazzy/share/tf2_eigen/cmake)
-- Found visualization_msgs: 5.3.6 (/opt/ros/jazzy/share/visualization_msgs/cmake)
-- Found ament_cmake_gtest: 2.5.4 (/opt/ros/jazzy/share/ament_cmake_gtest/cmake)
-- Found gtest sources under '/opt/ros/jazzy/src/gtest_vendor': C++ tests using 'Google Test' will be built
-- Found Threads: TRUE  
-- Configuring done (1.1s)
-- Generating done (0.0s)
-- Build files have been written to: /home/siny/hydra_ws/build/kimera_pgmo_ros
[  4%] [32mBuilding CXX object CMakeFiles/kimera_pgmo_ros.dir/src/conversion/gtsam.cpp.o[0m
[  9%] [32mBuilding CXX object CMakeFiles/kimera_pgmo_ros.dir/src/conversion/mesh_delta.cpp.o[0m
[ 14%] [32mBuilding CXX object CMakeFiles/kimera_pgmo_ros.dir/src/mesh_frontend.cpp.o[0m
[ 19%] [32mBuilding CXX object CMakeFiles/kimera_pgmo_ros.dir/src/kimera_pgmo.cpp.o[0m
[ 23%] [32mBuilding CXX object CMakeFiles/kimera_pgmo_ros.dir/src/conversion/mesh.cpp.o[0m
[ 33%] [32mBuilding CXX object gtest/CMakeFiles/gtest.dir/src/gtest-all.cc.o[0m
[ 33%] [32mBuilding CXX object CMakeFiles/kimera_pgmo_ros.dir/src/visualization_functions.cpp.o[0m
[ 38%] [32mBuilding CXX object gtest/CMakeFiles/gtest_main.dir/src/gtest_main.cc.o[0m
[ 42%] [32m[1mLinking CXX static library libgtest_main.a[0m
[ 42%] Built target gtest_main
[ 47%] [32m[1mLinking CXX static library libgtest.a[0m
[ 47%] Built target gtest
[ 52%] [32m[1mLinking CXX shared library libkimera_pgmo_ros.so[0m
[ 52%] Built target kimera_pgmo_ros
[ 57%] [32mBuilding CXX object CMakeFiles/mesh_frontend_node.dir/app/mesh_frontend_node.cpp.o[0m
[ 61%] [32mBuilding CXX object CMakeFiles/kimera_pgmo_node.dir/app/kimera_pgmo_node.cpp.o[0m
[ 66%] [32mBuilding CXX object test/CMakeFiles/kimera_pgmo_ros-test.dir/pgmo_ros_unit_tests.cpp.o[0m
[ 71%] [32mBuilding CXX object test/CMakeFiles/kimera_pgmo_ros-test.dir/test_gtsam_conversions.cpp.o[0m
[ 76%] [32mBuilding CXX object CMakeFiles/mesh_publisher_node.dir/app/mesh_publisher_node.cpp.o[0m
[ 80%] [32mBuilding CXX object test/CMakeFiles/kimera_pgmo_ros-test.dir/test_mesh_conversion.cpp.o[0m
[ 85%] [32m[1mLinking CXX executable mesh_frontend_node[0m
[ 85%] Built target mesh_frontend_node
[ 90%] [32m[1mLinking CXX executable kimera_pgmo_ros-test[0m
[ 90%] Built target kimera_pgmo_ros-test
[ 95%] [32m[1mLinking CXX executable mesh_publisher_node[0m
[ 95%] Built target mesh_publisher_node
[100%] [32m[1mLinking CXX executable kimera_pgmo_node[0m
[100%] Built target kimera_pgmo_node
-- Install configuration: "Release"
-- Installing: /home/siny/hydra_ws/install/kimera_pgmo_ros/lib/libkimera_pgmo_ros.so
-- Set non-toolchain portion of runtime path of "/home/siny/hydra_ws/install/kimera_pgmo_ros/lib/libkimera_pgmo_ros.so" to ""
-- Installing: /home/siny/hydra_ws/install/kimera_pgmo_ros/lib/kimera_pgmo_ros/kimera_pgmo_node
-- Set non-toolchain portion of runtime path of "/home/siny/hydra_ws/install/kimera_pgmo_ros/lib/kimera_pgmo_ros/kimera_pgmo_node" to ""
-- Installing: /home/siny/hydra_ws/install/kimera_pgmo_ros/lib/kimera_pgmo_ros/mesh_frontend_node
-- Set non-toolchain portion of runtime path of "/home/siny/hydra_ws/install/kimera_pgmo_ros/lib/kimera_pgmo_ros/mesh_frontend_node" to ""
-- Installing: /home/siny/hydra_ws/install/kimera_pgmo_ros/lib/kimera_pgmo_ros/mesh_publisher_node
-- Set non-toolchain portion of runtime path of "/home/siny/hydra_ws/install/kimera_pgmo_ros/lib/kimera_pgmo_ros/mesh_publisher_node" to ""
-- Installing: /home/siny/hydra_ws/install/kimera_pgmo_ros/include/kimera_pgmo_ros
-- Installing: /home/siny/hydra_ws/install/kimera_pgmo_ros/include/kimera_pgmo_ros/kimera_pgmo_ros
-- Installing: /home/siny/hydra_ws/install/kimera_pgmo_ros/include/kimera_pgmo_ros/kimera_pgmo_ros/kimera_pgmo.h
-- Installing: /home/siny/hydra_ws/install/kimera_pgmo_ros/include/kimera_pgmo_ros/kimera_pgmo_ros/visualization_functions.h
-- Installing: /home/siny/hydra_ws/install/kimera_pgmo_ros/include/kimera_pgmo_ros/kimera_pgmo_ros/mesh_frontend.h
-- Installing: /home/siny/hydra_ws/install/kimera_pgmo_ros/include/kimera_pgmo_ros/kimera_pgmo_ros/ros_log_sink.h
-- Installing: /home/siny/hydra_ws/install/kimera_pgmo_ros/include/kimera_pgmo_ros/kimera_pgmo_ros/conversion
-- Installing: /home/siny/hydra_ws/install/kimera_pgmo_ros/include/kimera_pgmo_ros/kimera_pgmo_ros/conversion/mesh_delta.h
-- Installing: /home/siny/hydra_ws/install/kimera_pgmo_ros/include/kimera_pgmo_ros/kimera_pgmo_ros/conversion/mesh.h
-- Installing: /home/siny/hydra_ws/install/kimera_pgmo_ros/include/kimera_pgmo_ros/kimera_pgmo_ros/conversion/gtsam.h
-- Installing: /home/siny/hydra_ws/install/kimera_pgmo_ros/share/kimera_pgmo_ros/launch
-- Installing: /home/siny/hydra_ws/install/kimera_pgmo_ros/share/kimera_pgmo_ros/launch/mesh_deformer.launch
-- Installing: /home/siny/hydra_ws/install/kimera_pgmo_ros/share/kimera_pgmo_ros/launch/kimera_pgmo_robot.launch
-- Installing: /home/siny/hydra_ws/install/kimera_pgmo_ros/share/kimera_pgmo_ros/launch/kimera_pgmo.launch
-- Installing: /home/siny/hydra_ws/install/kimera_pgmo_ros/share/ament_index/resource_index/package_run_dependencies/kimera_pgmo_ros
-- Installing: /home/siny/hydra_ws/install/kimera_pgmo_ros/share/ament_index/resource_index/parent_prefix_path/kimera_pgmo_ros
-- Installing: /home/siny/hydra_ws/install/kimera_pgmo_ros/share/kimera_pgmo_ros/environment/ament_prefix_path.sh
-- Installing: /home/siny/hydra_ws/install/kimera_pgmo_ros/share/kimera_pgmo_ros/environment/ament_prefix_path.dsv
-- Installing: /home/siny/hydra_ws/install/kimera_pgmo_ros/share/kimera_pgmo_ros/environment/path.sh
-- Installing: /home/siny/hydra_ws/install/kimera_pgmo_ros/share/kimera_pgmo_ros/environment/path.dsv
-- Installing: /home/siny/hydra_ws/install/kimera_pgmo_ros/share/kimera_pgmo_ros/local_setup.bash
-- Installing: /home/siny/hydra_ws/install/kimera_pgmo_ros/share/kimera_pgmo_ros/local_setup.sh
-- Installing: /home/siny/hydra_ws/install/kimera_pgmo_ros/share/kimera_pgmo_ros/local_setup.zsh
-- Installing: /home/siny/hydra_ws/install/kimera_pgmo_ros/share/kimera_pgmo_ros/local_setup.dsv
-- Installing: /home/siny/hydra_ws/install/kimera_pgmo_ros/share/kimera_pgmo_ros/package.dsv
-- Installing: /home/siny/hydra_ws/install/kimera_pgmo_ros/share/ament_index/resource_index/packages/kimera_pgmo_ros
-- Installing: /home/siny/hydra_ws/install/kimera_pgmo_ros/share/kimera_pgmo_ros/cmake/kimera_pgmo_ros-targetsExport.cmake
-- Installing: /home/siny/hydra_ws/install/kimera_pgmo_ros/share/kimera_pgmo_ros/cmake/kimera_pgmo_ros-targetsExport-release.cmake
-- Installing: /home/siny/hydra_ws/install/kimera_pgmo_ros/share/kimera_pgmo_ros/cmake/ament_cmake_export_targets-extras.cmake
-- Installing: /home/siny/hydra_ws/install/kimera_pgmo_ros/share/kimera_pgmo_ros/cmake/ament_cmake_export_dependencies-extras.cmake
-- Installing: /home/siny/hydra_ws/install/kimera_pgmo_ros/share/kimera_pgmo_ros/cmake/kimera_pgmo_rosConfig.cmake
-- Installing: /home/siny/hydra_ws/install/kimera_pgmo_ros/share/kimera_pgmo_ros/cmake/kimera_pgmo_rosConfig-version.cmake
-- Installing: /home/siny/hydra_ws/install/kimera_pgmo_ros/share/kimera_pgmo_ros/package.xml
