[0.019s] Invoking command in '/home/siny/hydra_ws/build/config_utilities_msgs': CMAKE_PREFIX_PATH=${CMAKE_PREFIX_PATH}:/opt/ros/jazzy CONDA_PROMPT_MODIFIER=(base) DEBUGINFOD_URLS=https://debuginfod.ubuntu.com /usr/bin/cmake --build /home/siny/hydra_ws/build/config_utilities_msgs -- -j20 -l20
[0.059s] [  0%] Built target ament_cmake_python_copy_config_utilities_msgs
[0.066s] [  2%] Built target config_utilities_msgs__rosidl_generator_type_description
[0.096s] [ 17%] Built target config_utilities_msgs__rosidl_generator_c
[0.103s] [ 20%] Built target config_utilities_msgs__cpp
[0.135s] [ 29%] Built target config_utilities_msgs__rosidl_typesupport_c
[0.141s] [ 38%] Built target config_utilities_msgs__rosidl_typesupport_introspection_c
[0.141s] [ 47%] Built target config_utilities_msgs__rosidl_typesupport_introspection_cpp
[0.146s] [ 55%] Built target config_utilities_msgs__rosidl_typesupport_fastrtps_c
[0.148s] [ 73%] Built target config_utilities_msgs__rosidl_typesupport_fastrtps_cpp
[0.148s] [ 73%] Built target config_utilities_msgs__rosidl_typesupport_cpp
[0.179s] running egg_info
[0.179s] [ 73%] Built target config_utilities_msgs
[0.185s] writing config_utilities_msgs.egg-info/PKG-INFO
[0.185s] writing dependency_links to config_utilities_msgs.egg-info/dependency_links.txt
[0.186s] writing top-level names to config_utilities_msgs.egg-info/top_level.txt
[0.210s] [ 76%] Built target config_utilities_msgs__py
[0.212s] reading manifest file 'config_utilities_msgs.egg-info/SOURCES.txt'
[0.212s] writing manifest file 'config_utilities_msgs.egg-info/SOURCES.txt'
[0.223s] [ 82%] Built target config_utilities_msgs__rosidl_generator_py
[0.234s] [ 82%] Built target ament_cmake_python_build_config_utilities_msgs_egg
[0.242s] [ 88%] Built target config_utilities_msgs_s__rosidl_typesupport_fastrtps_c
[0.244s] [ 94%] Built target config_utilities_msgs_s__rosidl_typesupport_c
[0.244s] [100%] Built target config_utilities_msgs_s__rosidl_typesupport_introspection_c
[0.277s] Invoked command in '/home/siny/hydra_ws/build/config_utilities_msgs' returned '0': CMAKE_PREFIX_PATH=${CMAKE_PREFIX_PATH}:/opt/ros/jazzy CONDA_PROMPT_MODIFIER=(base) DEBUGINFOD_URLS=https://debuginfod.ubuntu.com /usr/bin/cmake --build /home/siny/hydra_ws/build/config_utilities_msgs -- -j20 -l20
[0.277s] Invoking command in '/home/siny/hydra_ws/build/config_utilities_msgs': CMAKE_PREFIX_PATH=${CMAKE_PREFIX_PATH}:/opt/ros/jazzy CONDA_PROMPT_MODIFIER=(base) DEBUGINFOD_URLS=https://debuginfod.ubuntu.com /usr/bin/cmake --install /home/siny/hydra_ws/build/config_utilities_msgs
[0.285s] -- Install configuration: "Release"
[0.286s] -- Up-to-date: /home/siny/hydra_ws/install/config_utilities_msgs/share/ament_index/resource_index/rosidl_interfaces/config_utilities_msgs
[0.286s] -- Up-to-date: /home/siny/hydra_ws/install/config_utilities_msgs/share/config_utilities_msgs/srv/SetConfig.json
[0.286s] -- Up-to-date: /home/siny/hydra_ws/install/config_utilities_msgs/include/config_utilities_msgs/config_utilities_msgs
[0.286s] -- Up-to-date: /home/siny/hydra_ws/install/config_utilities_msgs/include/config_utilities_msgs/config_utilities_msgs/srv
[0.286s] -- Up-to-date: /home/siny/hydra_ws/install/config_utilities_msgs/include/config_utilities_msgs/config_utilities_msgs/srv/set_config.h
[0.286s] -- Up-to-date: /home/siny/hydra_ws/install/config_utilities_msgs/include/config_utilities_msgs/config_utilities_msgs/srv/detail
[0.286s] -- Up-to-date: /home/siny/hydra_ws/install/config_utilities_msgs/include/config_utilities_msgs/config_utilities_msgs/srv/detail/set_config__description.c
[0.286s] -- Up-to-date: /home/siny/hydra_ws/install/config_utilities_msgs/include/config_utilities_msgs/config_utilities_msgs/srv/detail/set_config__functions.c
[0.286s] -- Up-to-date: /home/siny/hydra_ws/install/config_utilities_msgs/include/config_utilities_msgs/config_utilities_msgs/srv/detail/set_config__type_support.c
[0.286s] -- Up-to-date: /home/siny/hydra_ws/install/config_utilities_msgs/include/config_utilities_msgs/config_utilities_msgs/srv/detail/set_config__type_support.h
[0.286s] -- Up-to-date: /home/siny/hydra_ws/install/config_utilities_msgs/include/config_utilities_msgs/config_utilities_msgs/srv/detail/set_config__struct.h
[0.286s] -- Up-to-date: /home/siny/hydra_ws/install/config_utilities_msgs/include/config_utilities_msgs/config_utilities_msgs/srv/detail/set_config__functions.h
[0.286s] -- Up-to-date: /home/siny/hydra_ws/install/config_utilities_msgs/include/config_utilities_msgs/config_utilities_msgs/msg
[0.286s] -- Up-to-date: /home/siny/hydra_ws/install/config_utilities_msgs/include/config_utilities_msgs/config_utilities_msgs/msg/rosidl_generator_c__visibility_control.h
[0.286s] -- Up-to-date: /home/siny/hydra_ws/install/config_utilities_msgs/share/config_utilities_msgs/environment/library_path.sh
[0.286s] -- Up-to-date: /home/siny/hydra_ws/install/config_utilities_msgs/share/config_utilities_msgs/environment/library_path.dsv
[0.286s] -- Up-to-date: /home/siny/hydra_ws/install/config_utilities_msgs/lib/libconfig_utilities_msgs__rosidl_generator_c.so
[0.286s] -- Up-to-date: /home/siny/hydra_ws/install/config_utilities_msgs/include/config_utilities_msgs/config_utilities_msgs
[0.286s] -- Up-to-date: /home/siny/hydra_ws/install/config_utilities_msgs/include/config_utilities_msgs/config_utilities_msgs/srv
[0.286s] -- Up-to-date: /home/siny/hydra_ws/install/config_utilities_msgs/include/config_utilities_msgs/config_utilities_msgs/srv/detail
[0.286s] -- Up-to-date: /home/siny/hydra_ws/install/config_utilities_msgs/include/config_utilities_msgs/config_utilities_msgs/srv/detail/set_config__rosidl_typesupport_fastrtps_c.h
[0.286s] -- Up-to-date: /home/siny/hydra_ws/install/config_utilities_msgs/include/config_utilities_msgs/config_utilities_msgs/msg
[0.286s] -- Up-to-date: /home/siny/hydra_ws/install/config_utilities_msgs/include/config_utilities_msgs/config_utilities_msgs/msg/rosidl_typesupport_fastrtps_c__visibility_control.h
[0.287s] -- Up-to-date: /home/siny/hydra_ws/install/config_utilities_msgs/lib/libconfig_utilities_msgs__rosidl_typesupport_fastrtps_c.so
[0.287s] -- Up-to-date: /home/siny/hydra_ws/install/config_utilities_msgs/include/config_utilities_msgs/config_utilities_msgs
[0.287s] -- Up-to-date: /home/siny/hydra_ws/install/config_utilities_msgs/include/config_utilities_msgs/config_utilities_msgs/srv
[0.287s] -- Up-to-date: /home/siny/hydra_ws/install/config_utilities_msgs/include/config_utilities_msgs/config_utilities_msgs/srv/detail
[0.287s] -- Up-to-date: /home/siny/hydra_ws/install/config_utilities_msgs/include/config_utilities_msgs/config_utilities_msgs/srv/detail/set_config__struct.hpp
[0.287s] -- Up-to-date: /home/siny/hydra_ws/install/config_utilities_msgs/include/config_utilities_msgs/config_utilities_msgs/srv/detail/set_config__builder.hpp
[0.287s] -- Up-to-date: /home/siny/hydra_ws/install/config_utilities_msgs/include/config_utilities_msgs/config_utilities_msgs/srv/detail/set_config__traits.hpp
[0.287s] -- Up-to-date: /home/siny/hydra_ws/install/config_utilities_msgs/include/config_utilities_msgs/config_utilities_msgs/srv/detail/set_config__type_support.hpp
[0.287s] -- Up-to-date: /home/siny/hydra_ws/install/config_utilities_msgs/include/config_utilities_msgs/config_utilities_msgs/srv/set_config.hpp
[0.287s] -- Up-to-date: /home/siny/hydra_ws/install/config_utilities_msgs/include/config_utilities_msgs/config_utilities_msgs/msg
[0.287s] -- Up-to-date: /home/siny/hydra_ws/install/config_utilities_msgs/include/config_utilities_msgs/config_utilities_msgs/msg/rosidl_generator_cpp__visibility_control.hpp
[0.287s] -- Up-to-date: /home/siny/hydra_ws/install/config_utilities_msgs/include/config_utilities_msgs/config_utilities_msgs
[0.287s] -- Up-to-date: /home/siny/hydra_ws/install/config_utilities_msgs/include/config_utilities_msgs/config_utilities_msgs/srv
[0.287s] -- Up-to-date: /home/siny/hydra_ws/install/config_utilities_msgs/include/config_utilities_msgs/config_utilities_msgs/srv/detail
[0.287s] -- Up-to-date: /home/siny/hydra_ws/install/config_utilities_msgs/include/config_utilities_msgs/config_utilities_msgs/srv/detail/dds_fastrtps
[0.287s] -- Up-to-date: /home/siny/hydra_ws/install/config_utilities_msgs/include/config_utilities_msgs/config_utilities_msgs/srv/detail/set_config__rosidl_typesupport_fastrtps_cpp.hpp
[0.288s] -- Up-to-date: /home/siny/hydra_ws/install/config_utilities_msgs/include/config_utilities_msgs/config_utilities_msgs/msg
[0.288s] -- Up-to-date: /home/siny/hydra_ws/install/config_utilities_msgs/include/config_utilities_msgs/config_utilities_msgs/msg/rosidl_typesupport_fastrtps_cpp__visibility_control.h
[0.288s] -- Up-to-date: /home/siny/hydra_ws/install/config_utilities_msgs/lib/libconfig_utilities_msgs__rosidl_typesupport_fastrtps_cpp.so
[0.288s] -- Up-to-date: /home/siny/hydra_ws/install/config_utilities_msgs/include/config_utilities_msgs/config_utilities_msgs
[0.288s] -- Up-to-date: /home/siny/hydra_ws/install/config_utilities_msgs/include/config_utilities_msgs/config_utilities_msgs/srv
[0.288s] -- Up-to-date: /home/siny/hydra_ws/install/config_utilities_msgs/include/config_utilities_msgs/config_utilities_msgs/srv/detail
[0.288s] -- Up-to-date: /home/siny/hydra_ws/install/config_utilities_msgs/include/config_utilities_msgs/config_utilities_msgs/srv/detail/set_config__type_support.c
[0.290s] -- Up-to-date: /home/siny/hydra_ws/install/config_utilities_msgs/include/config_utilities_msgs/config_utilities_msgs/srv/detail/set_config__rosidl_typesupport_introspection_c.h
[0.290s] -- Up-to-date: /home/siny/hydra_ws/install/config_utilities_msgs/include/config_utilities_msgs/config_utilities_msgs/msg
[0.291s] -- Up-to-date: /home/siny/hydra_ws/install/config_utilities_msgs/include/config_utilities_msgs/config_utilities_msgs/msg/rosidl_typesupport_introspection_c__visibility_control.h
[0.291s] -- Up-to-date: /home/siny/hydra_ws/install/config_utilities_msgs/lib/libconfig_utilities_msgs__rosidl_typesupport_introspection_c.so
[0.292s] -- Up-to-date: /home/siny/hydra_ws/install/config_utilities_msgs/lib/libconfig_utilities_msgs__rosidl_typesupport_c.so
[0.292s] -- Up-to-date: /home/siny/hydra_ws/install/config_utilities_msgs/include/config_utilities_msgs/config_utilities_msgs
[0.292s] -- Up-to-date: /home/siny/hydra_ws/install/config_utilities_msgs/include/config_utilities_msgs/config_utilities_msgs/srv
[0.292s] -- Up-to-date: /home/siny/hydra_ws/install/config_utilities_msgs/include/config_utilities_msgs/config_utilities_msgs/srv/detail
[0.292s] -- Up-to-date: /home/siny/hydra_ws/install/config_utilities_msgs/include/config_utilities_msgs/config_utilities_msgs/srv/detail/set_config__rosidl_typesupport_introspection_cpp.hpp
[0.292s] -- Up-to-date: /home/siny/hydra_ws/install/config_utilities_msgs/include/config_utilities_msgs/config_utilities_msgs/srv/detail/set_config__type_support.cpp
[0.292s] -- Up-to-date: /home/siny/hydra_ws/install/config_utilities_msgs/lib/libconfig_utilities_msgs__rosidl_typesupport_introspection_cpp.so
[0.293s] -- Up-to-date: /home/siny/hydra_ws/install/config_utilities_msgs/lib/libconfig_utilities_msgs__rosidl_typesupport_cpp.so
[0.293s] -- Up-to-date: /home/siny/hydra_ws/install/config_utilities_msgs/share/config_utilities_msgs/environment/pythonpath.sh
[0.294s] -- Up-to-date: /home/siny/hydra_ws/install/config_utilities_msgs/share/config_utilities_msgs/environment/pythonpath.dsv
[0.294s] -- Up-to-date: /home/siny/hydra_ws/install/config_utilities_msgs/lib/python3.12/site-packages/config_utilities_msgs-2.0.0-py3.12.egg-info
[0.294s] -- Installing: /home/siny/hydra_ws/install/config_utilities_msgs/lib/python3.12/site-packages/config_utilities_msgs-2.0.0-py3.12.egg-info/top_level.txt
[0.294s] -- Installing: /home/siny/hydra_ws/install/config_utilities_msgs/lib/python3.12/site-packages/config_utilities_msgs-2.0.0-py3.12.egg-info/PKG-INFO
[0.295s] -- Installing: /home/siny/hydra_ws/install/config_utilities_msgs/lib/python3.12/site-packages/config_utilities_msgs-2.0.0-py3.12.egg-info/SOURCES.txt
[0.295s] -- Installing: /home/siny/hydra_ws/install/config_utilities_msgs/lib/python3.12/site-packages/config_utilities_msgs-2.0.0-py3.12.egg-info/dependency_links.txt
[0.295s] -- Up-to-date: /home/siny/hydra_ws/install/config_utilities_msgs/lib/python3.12/site-packages/config_utilities_msgs
[0.295s] -- Up-to-date: /home/siny/hydra_ws/install/config_utilities_msgs/lib/python3.12/site-packages/config_utilities_msgs/_config_utilities_msgs_s.ep.rosidl_typesupport_introspection_c.c
[0.295s] -- Up-to-date: /home/siny/hydra_ws/install/config_utilities_msgs/lib/python3.12/site-packages/config_utilities_msgs/config_utilities_msgs_s__rosidl_typesupport_c.so
[0.295s] -- Up-to-date: /home/siny/hydra_ws/install/config_utilities_msgs/lib/python3.12/site-packages/config_utilities_msgs/_config_utilities_msgs_s.ep.rosidl_typesupport_c.c
[0.295s] -- Up-to-date: /home/siny/hydra_ws/install/config_utilities_msgs/lib/python3.12/site-packages/config_utilities_msgs/_config_utilities_msgs_s.ep.rosidl_typesupport_fastrtps_c.c
[0.295s] -- Up-to-date: /home/siny/hydra_ws/install/config_utilities_msgs/lib/python3.12/site-packages/config_utilities_msgs/config_utilities_msgs_s__rosidl_typesupport_fastrtps_c.so
[0.295s] -- Up-to-date: /home/siny/hydra_ws/install/config_utilities_msgs/lib/python3.12/site-packages/config_utilities_msgs/srv
[0.295s] -- Up-to-date: /home/siny/hydra_ws/install/config_utilities_msgs/lib/python3.12/site-packages/config_utilities_msgs/srv/_set_config_s.c
[0.296s] -- Up-to-date: /home/siny/hydra_ws/install/config_utilities_msgs/lib/python3.12/site-packages/config_utilities_msgs/srv/__init__.py
[0.296s] -- Up-to-date: /home/siny/hydra_ws/install/config_utilities_msgs/lib/python3.12/site-packages/config_utilities_msgs/srv/_set_config.py
[0.296s] -- Up-to-date: /home/siny/hydra_ws/install/config_utilities_msgs/lib/python3.12/site-packages/config_utilities_msgs/__init__.py
[0.296s] -- Up-to-date: /home/siny/hydra_ws/install/config_utilities_msgs/lib/python3.12/site-packages/config_utilities_msgs/config_utilities_msgs_s__rosidl_typesupport_introspection_c.so
[0.307s] Listing '/home/siny/hydra_ws/install/config_utilities_msgs/lib/python3.12/site-packages/config_utilities_msgs'...
[0.307s] Listing '/home/siny/hydra_ws/install/config_utilities_msgs/lib/python3.12/site-packages/config_utilities_msgs/srv'...
[0.311s] -- Up-to-date: /home/siny/hydra_ws/install/config_utilities_msgs/lib/python3.12/site-packages/config_utilities_msgs/config_utilities_msgs_s__rosidl_typesupport_fastrtps_c.so
[0.311s] -- Up-to-date: /home/siny/hydra_ws/install/config_utilities_msgs/lib/python3.12/site-packages/config_utilities_msgs/config_utilities_msgs_s__rosidl_typesupport_introspection_c.so
[0.311s] -- Up-to-date: /home/siny/hydra_ws/install/config_utilities_msgs/lib/python3.12/site-packages/config_utilities_msgs/config_utilities_msgs_s__rosidl_typesupport_c.so
[0.311s] -- Up-to-date: /home/siny/hydra_ws/install/config_utilities_msgs/lib/libconfig_utilities_msgs__rosidl_generator_py.so
[0.311s] -- Up-to-date: /home/siny/hydra_ws/install/config_utilities_msgs/share/config_utilities_msgs/srv/SetConfig.idl
[0.311s] -- Up-to-date: /home/siny/hydra_ws/install/config_utilities_msgs/share/config_utilities_msgs/srv/SetConfig.srv
[0.311s] -- Up-to-date: /home/siny/hydra_ws/install/config_utilities_msgs/share/ament_index/resource_index/package_run_dependencies/config_utilities_msgs
[0.312s] -- Up-to-date: /home/siny/hydra_ws/install/config_utilities_msgs/share/ament_index/resource_index/parent_prefix_path/config_utilities_msgs
[0.312s] -- Up-to-date: /home/siny/hydra_ws/install/config_utilities_msgs/share/config_utilities_msgs/environment/ament_prefix_path.sh
[0.312s] -- Up-to-date: /home/siny/hydra_ws/install/config_utilities_msgs/share/config_utilities_msgs/environment/ament_prefix_path.dsv
[0.312s] -- Up-to-date: /home/siny/hydra_ws/install/config_utilities_msgs/share/config_utilities_msgs/environment/path.sh
[0.312s] -- Up-to-date: /home/siny/hydra_ws/install/config_utilities_msgs/share/config_utilities_msgs/environment/path.dsv
[0.312s] -- Up-to-date: /home/siny/hydra_ws/install/config_utilities_msgs/share/config_utilities_msgs/local_setup.bash
[0.312s] -- Up-to-date: /home/siny/hydra_ws/install/config_utilities_msgs/share/config_utilities_msgs/local_setup.sh
[0.312s] -- Up-to-date: /home/siny/hydra_ws/install/config_utilities_msgs/share/config_utilities_msgs/local_setup.zsh
[0.312s] -- Up-to-date: /home/siny/hydra_ws/install/config_utilities_msgs/share/config_utilities_msgs/local_setup.dsv
[0.312s] -- Installing: /home/siny/hydra_ws/install/config_utilities_msgs/share/config_utilities_msgs/package.dsv
[0.312s] -- Up-to-date: /home/siny/hydra_ws/install/config_utilities_msgs/share/ament_index/resource_index/packages/config_utilities_msgs
[0.312s] -- Up-to-date: /home/siny/hydra_ws/install/config_utilities_msgs/share/config_utilities_msgs/cmake/export_config_utilities_msgs__rosidl_generator_cExport.cmake
[0.312s] -- Up-to-date: /home/siny/hydra_ws/install/config_utilities_msgs/share/config_utilities_msgs/cmake/export_config_utilities_msgs__rosidl_generator_cExport-release.cmake
[0.312s] -- Up-to-date: /home/siny/hydra_ws/install/config_utilities_msgs/share/config_utilities_msgs/cmake/export_config_utilities_msgs__rosidl_typesupport_fastrtps_cExport.cmake
[0.312s] -- Up-to-date: /home/siny/hydra_ws/install/config_utilities_msgs/share/config_utilities_msgs/cmake/export_config_utilities_msgs__rosidl_typesupport_fastrtps_cExport-release.cmake
[0.312s] -- Up-to-date: /home/siny/hydra_ws/install/config_utilities_msgs/share/config_utilities_msgs/cmake/export_config_utilities_msgs__rosidl_generator_cppExport.cmake
[0.312s] -- Up-to-date: /home/siny/hydra_ws/install/config_utilities_msgs/share/config_utilities_msgs/cmake/export_config_utilities_msgs__rosidl_typesupport_fastrtps_cppExport.cmake
[0.312s] -- Up-to-date: /home/siny/hydra_ws/install/config_utilities_msgs/share/config_utilities_msgs/cmake/export_config_utilities_msgs__rosidl_typesupport_fastrtps_cppExport-release.cmake
[0.312s] -- Up-to-date: /home/siny/hydra_ws/install/config_utilities_msgs/share/config_utilities_msgs/cmake/config_utilities_msgs__rosidl_typesupport_introspection_cExport.cmake
[0.312s] -- Up-to-date: /home/siny/hydra_ws/install/config_utilities_msgs/share/config_utilities_msgs/cmake/config_utilities_msgs__rosidl_typesupport_introspection_cExport-release.cmake
[0.312s] -- Up-to-date: /home/siny/hydra_ws/install/config_utilities_msgs/share/config_utilities_msgs/cmake/config_utilities_msgs__rosidl_typesupport_cExport.cmake
[0.312s] -- Up-to-date: /home/siny/hydra_ws/install/config_utilities_msgs/share/config_utilities_msgs/cmake/config_utilities_msgs__rosidl_typesupport_cExport-release.cmake
[0.312s] -- Up-to-date: /home/siny/hydra_ws/install/config_utilities_msgs/share/config_utilities_msgs/cmake/config_utilities_msgs__rosidl_typesupport_introspection_cppExport.cmake
[0.312s] -- Up-to-date: /home/siny/hydra_ws/install/config_utilities_msgs/share/config_utilities_msgs/cmake/config_utilities_msgs__rosidl_typesupport_introspection_cppExport-release.cmake
[0.312s] -- Up-to-date: /home/siny/hydra_ws/install/config_utilities_msgs/share/config_utilities_msgs/cmake/config_utilities_msgs__rosidl_typesupport_cppExport.cmake
[0.312s] -- Up-to-date: /home/siny/hydra_ws/install/config_utilities_msgs/share/config_utilities_msgs/cmake/config_utilities_msgs__rosidl_typesupport_cppExport-release.cmake
[0.312s] -- Up-to-date: /home/siny/hydra_ws/install/config_utilities_msgs/share/config_utilities_msgs/cmake/export_config_utilities_msgs__rosidl_generator_pyExport.cmake
[0.312s] -- Up-to-date: /home/siny/hydra_ws/install/config_utilities_msgs/share/config_utilities_msgs/cmake/export_config_utilities_msgs__rosidl_generator_pyExport-release.cmake
[0.312s] -- Up-to-date: /home/siny/hydra_ws/install/config_utilities_msgs/share/config_utilities_msgs/cmake/rosidl_cmake-extras.cmake
[0.312s] -- Up-to-date: /home/siny/hydra_ws/install/config_utilities_msgs/share/config_utilities_msgs/cmake/ament_cmake_export_dependencies-extras.cmake
[0.312s] -- Up-to-date: /home/siny/hydra_ws/install/config_utilities_msgs/share/config_utilities_msgs/cmake/ament_cmake_export_include_directories-extras.cmake
[0.313s] -- Up-to-date: /home/siny/hydra_ws/install/config_utilities_msgs/share/config_utilities_msgs/cmake/ament_cmake_export_libraries-extras.cmake
[0.313s] -- Up-to-date: /home/siny/hydra_ws/install/config_utilities_msgs/share/config_utilities_msgs/cmake/ament_cmake_export_targets-extras.cmake
[0.313s] -- Up-to-date: /home/siny/hydra_ws/install/config_utilities_msgs/share/config_utilities_msgs/cmake/rosidl_cmake_export_typesupport_targets-extras.cmake
[0.313s] -- Up-to-date: /home/siny/hydra_ws/install/config_utilities_msgs/share/config_utilities_msgs/cmake/rosidl_cmake_export_typesupport_libraries-extras.cmake
[0.313s] -- Up-to-date: /home/siny/hydra_ws/install/config_utilities_msgs/share/config_utilities_msgs/cmake/config_utilities_msgsConfig.cmake
[0.313s] -- Up-to-date: /home/siny/hydra_ws/install/config_utilities_msgs/share/config_utilities_msgs/cmake/config_utilities_msgsConfig-version.cmake
[0.313s] -- Up-to-date: /home/siny/hydra_ws/install/config_utilities_msgs/share/config_utilities_msgs/package.xml
[0.321s] Invoked command in '/home/siny/hydra_ws/build/config_utilities_msgs' returned '0': CMAKE_PREFIX_PATH=${CMAKE_PREFIX_PATH}:/opt/ros/jazzy CONDA_PROMPT_MODIFIER=(base) DEBUGINFOD_URLS=https://debuginfod.ubuntu.com /usr/bin/cmake --install /home/siny/hydra_ws/build/config_utilities_msgs
