[0.023s] Invoking command in '/home/siny/hydra_ws/build/spatial_hash': CMAKE_PREFIX_PATH=${CMAKE_PREFIX_PATH}:/opt/ros/jazzy CONDA_PROMPT_MODIFIER=(base) DEBUGINFOD_URLS=https://debuginfod.ubuntu.com /usr/bin/cmake --build /home/siny/hydra_ws/build/spatial_hash -- -j20 -l20
[0.110s] [ 28%] Built target spatial_hash
[0.174s] [100%] Built target utest_spatial_hash
[0.226s] Invoked command in '/home/siny/hydra_ws/build/spatial_hash' returned '0': CMAKE_PREFIX_PATH=${CMAKE_PREFIX_PATH}:/opt/ros/jazzy CONDA_PROMPT_MODIFIER=(base) DEBUGINFOD_URLS=https://debuginfod.ubuntu.com /usr/bin/cmake --build /home/siny/hydra_ws/build/spatial_hash -- -j20 -l20
[0.226s] Invoking command in '/home/siny/hydra_ws/build/spatial_hash': CMAKE_PREFIX_PATH=${CMAKE_PREFIX_PATH}:/opt/ros/jazzy CONDA_PROMPT_MODIFIER=(base) DEBUGINFOD_URLS=https://debuginfod.ubuntu.com /usr/bin/cmake --install /home/siny/hydra_ws/build/spatial_hash
[0.245s] -- Install configuration: "Release"
[0.245s] -- Up-to-date: /home/siny/hydra_ws/install/spatial_hash/lib/libspatial_hash.a
[0.247s] -- Up-to-date: /home/siny/hydra_ws/install/spatial_hash/include
[0.248s] -- Up-to-date: /home/siny/hydra_ws/install/spatial_hash/include/spatial_hash
[0.248s] -- Up-to-date: /home/siny/hydra_ws/install/spatial_hash/include/spatial_hash/neighbor_utils.h
[0.248s] -- Up-to-date: /home/siny/hydra_ws/install/spatial_hash/include/spatial_hash/voxel_layer.h
[0.248s] -- Up-to-date: /home/siny/hydra_ws/install/spatial_hash/include/spatial_hash/layer.h
[0.248s] -- Up-to-date: /home/siny/hydra_ws/install/spatial_hash/include/spatial_hash/hash.h
[0.248s] -- Up-to-date: /home/siny/hydra_ws/install/spatial_hash/include/spatial_hash/voxel_block.h
[0.248s] -- Up-to-date: /home/siny/hydra_ws/install/spatial_hash/include/spatial_hash/impl
[0.248s] -- Up-to-date: /home/siny/hydra_ws/install/spatial_hash/include/spatial_hash/impl/block_layer_impl.h
[0.248s] -- Up-to-date: /home/siny/hydra_ws/install/spatial_hash/include/spatial_hash/impl/neighbor_utils_impl.h
[0.248s] -- Up-to-date: /home/siny/hydra_ws/install/spatial_hash/include/spatial_hash/impl/voxel_block_impl.h
[0.248s] -- Up-to-date: /home/siny/hydra_ws/install/spatial_hash/include/spatial_hash/impl/voxel_layer_impl.h
[0.248s] -- Up-to-date: /home/siny/hydra_ws/install/spatial_hash/include/spatial_hash/impl/layer_impl.h
[0.248s] -- Up-to-date: /home/siny/hydra_ws/install/spatial_hash/include/spatial_hash/types.h
[0.248s] -- Up-to-date: /home/siny/hydra_ws/install/spatial_hash/include/spatial_hash/block.h
[0.249s] -- Up-to-date: /home/siny/hydra_ws/install/spatial_hash/include/spatial_hash/grid.h
[0.249s] -- Up-to-date: /home/siny/hydra_ws/install/spatial_hash/include/spatial_hash/block_layer.h
[0.249s] -- Up-to-date: /home/siny/hydra_ws/install/spatial_hash/lib/cmake/spatial_hash/spatial_hashTargets.cmake
[0.249s] -- Up-to-date: /home/siny/hydra_ws/install/spatial_hash/lib/cmake/spatial_hash/spatial_hashTargets-release.cmake
[0.250s] -- Up-to-date: /home/siny/hydra_ws/install/spatial_hash/lib/cmake/spatial_hash/spatial_hashConfig.cmake
[0.250s] -- Up-to-date: /home/siny/hydra_ws/install/spatial_hash/lib/cmake/spatial_hash/spatial_hashConfigVersion.cmake
[0.253s] Invoked command in '/home/siny/hydra_ws/build/spatial_hash' returned '0': CMAKE_PREFIX_PATH=${CMAKE_PREFIX_PATH}:/opt/ros/jazzy CONDA_PROMPT_MODIFIER=(base) DEBUGINFOD_URLS=https://debuginfod.ubuntu.com /usr/bin/cmake --install /home/siny/hydra_ws/build/spatial_hash
