[0.019s] Invoking command in '/home/siny/hydra_ws/build/kimera_pgmo_ros': AMENT_PREFIX_PATH=/home/siny/hydra_ws/install/pose_graph_tools_ros:/home/siny/hydra_ws/install/kimera_pgmo_rviz:/home/siny/hydra_ws/install/pose_graph_tools_msgs:/home/siny/hydra_ws/install/kimera_pgmo_msgs CMAKE_PREFIX_PATH=/home/siny/hydra_ws/install/pose_graph_tools_ros:/home/siny/hydra_ws/install/kimera_pgmo_rviz:/home/siny/hydra_ws/install/kimera_pgmo:/home/siny/hydra_ws/install/spatial_hash:/home/siny/hydra_ws/install/pose_graph_tools_msgs:/home/siny/hydra_ws/install/pose_graph_tools:/home/siny/hydra_ws/install/kimera_rpgo:/home/siny/hydra_ws/install/kimera_pgmo_msgs:/home/siny/hydra_ws/install/config_utilities CONDA_PROMPT_MODIFIER=(base) DEBUGINFOD_URLS=https://debuginfod.ubuntu.com LD_LIBRARY_PATH=/home/siny/hydra_ws/install/pose_graph_tools_ros/lib:/home/siny/hydra_ws/install/kimera_pgmo_rviz/lib:/home/siny/hydra_ws/install/kimera_pgmo/lib:/home/siny/hydra_ws/install/pose_graph_tools_msgs/lib:/home/siny/hydra_ws/install/pose_graph_tools/lib:/home/siny/hydra_ws/install/kimera_rpgo/lib:/home/siny/hydra_ws/install/kimera_pgmo_msgs/lib:/home/siny/hydra_ws/install/config_utilities/lib PATH=/home/siny/hydra_ws/install/kimera_pgmo/bin:/home/siny/hydra_ws/install/config_utilities/bin:${PATH} PKG_CONFIG_PATH=/home/siny/hydra_ws/install/kimera_pgmo/lib/aarch64-linux-gnu/pkgconfig:/home/siny/hydra_ws/install/kimera_pgmo/lib/pkgconfig:/home/siny/hydra_ws/install/spatial_hash/lib/aarch64-linux-gnu/pkgconfig:/home/siny/hydra_ws/install/spatial_hash/lib/pkgconfig:/home/siny/hydra_ws/install/pose_graph_tools/lib/aarch64-linux-gnu/pkgconfig:/home/siny/hydra_ws/install/pose_graph_tools/lib/pkgconfig:/home/siny/hydra_ws/install/kimera_rpgo/lib/aarch64-linux-gnu/pkgconfig:/home/siny/hydra_ws/install/kimera_rpgo/lib/pkgconfig:/home/siny/hydra_ws/install/config_utilities/lib/aarch64-linux-gnu/pkgconfig:/home/siny/hydra_ws/install/config_utilities/lib/pkgconfig PYTHONPATH=/home/siny/hydra_ws/install/pose_graph_tools_msgs/lib/python3.12/site-packages:/home/siny/hydra_ws/install/kimera_pgmo_msgs/lib/python3.12/site-packages /usr/bin/cmake --build /home/siny/hydra_ws/build/kimera_pgmo_ros -- -j20 -l20
[0.061s] [  9%] Built target gtest
[0.062s] [ 19%] Built target gtest_main
[0.089s] [ 52%] Built target kimera_pgmo_ros
[0.131s] [ 61%] Built target mesh_frontend_node
[0.141s] [ 80%] Built target kimera_pgmo_ros-test
[0.142s] [ 90%] Built target mesh_publisher_node
[0.142s] [100%] Built target kimera_pgmo_node
[0.150s] Invoked command in '/home/siny/hydra_ws/build/kimera_pgmo_ros' returned '0': AMENT_PREFIX_PATH=/home/siny/hydra_ws/install/pose_graph_tools_ros:/home/siny/hydra_ws/install/kimera_pgmo_rviz:/home/siny/hydra_ws/install/pose_graph_tools_msgs:/home/siny/hydra_ws/install/kimera_pgmo_msgs CMAKE_PREFIX_PATH=/home/siny/hydra_ws/install/pose_graph_tools_ros:/home/siny/hydra_ws/install/kimera_pgmo_rviz:/home/siny/hydra_ws/install/kimera_pgmo:/home/siny/hydra_ws/install/spatial_hash:/home/siny/hydra_ws/install/pose_graph_tools_msgs:/home/siny/hydra_ws/install/pose_graph_tools:/home/siny/hydra_ws/install/kimera_rpgo:/home/siny/hydra_ws/install/kimera_pgmo_msgs:/home/siny/hydra_ws/install/config_utilities CONDA_PROMPT_MODIFIER=(base) DEBUGINFOD_URLS=https://debuginfod.ubuntu.com LD_LIBRARY_PATH=/home/siny/hydra_ws/install/pose_graph_tools_ros/lib:/home/siny/hydra_ws/install/kimera_pgmo_rviz/lib:/home/siny/hydra_ws/install/kimera_pgmo/lib:/home/siny/hydra_ws/install/pose_graph_tools_msgs/lib:/home/siny/hydra_ws/install/pose_graph_tools/lib:/home/siny/hydra_ws/install/kimera_rpgo/lib:/home/siny/hydra_ws/install/kimera_pgmo_msgs/lib:/home/siny/hydra_ws/install/config_utilities/lib PATH=/home/siny/hydra_ws/install/kimera_pgmo/bin:/home/siny/hydra_ws/install/config_utilities/bin:${PATH} PKG_CONFIG_PATH=/home/siny/hydra_ws/install/kimera_pgmo/lib/aarch64-linux-gnu/pkgconfig:/home/siny/hydra_ws/install/kimera_pgmo/lib/pkgconfig:/home/siny/hydra_ws/install/spatial_hash/lib/aarch64-linux-gnu/pkgconfig:/home/siny/hydra_ws/install/spatial_hash/lib/pkgconfig:/home/siny/hydra_ws/install/pose_graph_tools/lib/aarch64-linux-gnu/pkgconfig:/home/siny/hydra_ws/install/pose_graph_tools/lib/pkgconfig:/home/siny/hydra_ws/install/kimera_rpgo/lib/aarch64-linux-gnu/pkgconfig:/home/siny/hydra_ws/install/kimera_rpgo/lib/pkgconfig:/home/siny/hydra_ws/install/config_utilities/lib/aarch64-linux-gnu/pkgconfig:/home/siny/hydra_ws/install/config_utilities/lib/pkgconfig PYTHONPATH=/home/siny/hydra_ws/install/pose_graph_tools_msgs/lib/python3.12/site-packages:/home/siny/hydra_ws/install/kimera_pgmo_msgs/lib/python3.12/site-packages /usr/bin/cmake --build /home/siny/hydra_ws/build/kimera_pgmo_ros -- -j20 -l20
[0.151s] Invoking command in '/home/siny/hydra_ws/build/kimera_pgmo_ros': AMENT_PREFIX_PATH=/home/siny/hydra_ws/install/pose_graph_tools_ros:/home/siny/hydra_ws/install/kimera_pgmo_rviz:/home/siny/hydra_ws/install/pose_graph_tools_msgs:/home/siny/hydra_ws/install/kimera_pgmo_msgs CMAKE_PREFIX_PATH=/home/siny/hydra_ws/install/pose_graph_tools_ros:/home/siny/hydra_ws/install/kimera_pgmo_rviz:/home/siny/hydra_ws/install/kimera_pgmo:/home/siny/hydra_ws/install/spatial_hash:/home/siny/hydra_ws/install/pose_graph_tools_msgs:/home/siny/hydra_ws/install/pose_graph_tools:/home/siny/hydra_ws/install/kimera_rpgo:/home/siny/hydra_ws/install/kimera_pgmo_msgs:/home/siny/hydra_ws/install/config_utilities CONDA_PROMPT_MODIFIER=(base) DEBUGINFOD_URLS=https://debuginfod.ubuntu.com LD_LIBRARY_PATH=/home/siny/hydra_ws/install/pose_graph_tools_ros/lib:/home/siny/hydra_ws/install/kimera_pgmo_rviz/lib:/home/siny/hydra_ws/install/kimera_pgmo/lib:/home/siny/hydra_ws/install/pose_graph_tools_msgs/lib:/home/siny/hydra_ws/install/pose_graph_tools/lib:/home/siny/hydra_ws/install/kimera_rpgo/lib:/home/siny/hydra_ws/install/kimera_pgmo_msgs/lib:/home/siny/hydra_ws/install/config_utilities/lib PATH=/home/siny/hydra_ws/install/kimera_pgmo/bin:/home/siny/hydra_ws/install/config_utilities/bin:${PATH} PKG_CONFIG_PATH=/home/siny/hydra_ws/install/kimera_pgmo/lib/aarch64-linux-gnu/pkgconfig:/home/siny/hydra_ws/install/kimera_pgmo/lib/pkgconfig:/home/siny/hydra_ws/install/spatial_hash/lib/aarch64-linux-gnu/pkgconfig:/home/siny/hydra_ws/install/spatial_hash/lib/pkgconfig:/home/siny/hydra_ws/install/pose_graph_tools/lib/aarch64-linux-gnu/pkgconfig:/home/siny/hydra_ws/install/pose_graph_tools/lib/pkgconfig:/home/siny/hydra_ws/install/kimera_rpgo/lib/aarch64-linux-gnu/pkgconfig:/home/siny/hydra_ws/install/kimera_rpgo/lib/pkgconfig:/home/siny/hydra_ws/install/config_utilities/lib/aarch64-linux-gnu/pkgconfig:/home/siny/hydra_ws/install/config_utilities/lib/pkgconfig PYTHONPATH=/home/siny/hydra_ws/install/pose_graph_tools_msgs/lib/python3.12/site-packages:/home/siny/hydra_ws/install/kimera_pgmo_msgs/lib/python3.12/site-packages /usr/bin/cmake --install /home/siny/hydra_ws/build/kimera_pgmo_ros
[0.156s] -- Install configuration: "Release"
[0.157s] -- Up-to-date: /home/siny/hydra_ws/install/kimera_pgmo_ros/lib/libkimera_pgmo_ros.so
[0.158s] -- Up-to-date: /home/siny/hydra_ws/install/kimera_pgmo_ros/lib/kimera_pgmo_ros/kimera_pgmo_node
[0.159s] -- Up-to-date: /home/siny/hydra_ws/install/kimera_pgmo_ros/lib/kimera_pgmo_ros/mesh_frontend_node
[0.160s] -- Up-to-date: /home/siny/hydra_ws/install/kimera_pgmo_ros/lib/kimera_pgmo_ros/mesh_publisher_node
[0.161s] -- Up-to-date: /home/siny/hydra_ws/install/kimera_pgmo_ros/include/kimera_pgmo_ros
[0.161s] -- Up-to-date: /home/siny/hydra_ws/install/kimera_pgmo_ros/include/kimera_pgmo_ros/kimera_pgmo_ros
[0.161s] -- Up-to-date: /home/siny/hydra_ws/install/kimera_pgmo_ros/include/kimera_pgmo_ros/kimera_pgmo_ros/kimera_pgmo.h
[0.161s] -- Up-to-date: /home/siny/hydra_ws/install/kimera_pgmo_ros/include/kimera_pgmo_ros/kimera_pgmo_ros/visualization_functions.h
[0.161s] -- Up-to-date: /home/siny/hydra_ws/install/kimera_pgmo_ros/include/kimera_pgmo_ros/kimera_pgmo_ros/mesh_frontend.h
[0.161s] -- Up-to-date: /home/siny/hydra_ws/install/kimera_pgmo_ros/include/kimera_pgmo_ros/kimera_pgmo_ros/ros_log_sink.h
[0.161s] -- Up-to-date: /home/siny/hydra_ws/install/kimera_pgmo_ros/include/kimera_pgmo_ros/kimera_pgmo_ros/conversion
[0.161s] -- Up-to-date: /home/siny/hydra_ws/install/kimera_pgmo_ros/include/kimera_pgmo_ros/kimera_pgmo_ros/conversion/mesh_delta.h
[0.161s] -- Up-to-date: /home/siny/hydra_ws/install/kimera_pgmo_ros/include/kimera_pgmo_ros/kimera_pgmo_ros/conversion/mesh.h
[0.161s] -- Up-to-date: /home/siny/hydra_ws/install/kimera_pgmo_ros/include/kimera_pgmo_ros/kimera_pgmo_ros/conversion/gtsam.h
[0.161s] -- Up-to-date: /home/siny/hydra_ws/install/kimera_pgmo_ros/share/kimera_pgmo_ros/launch
[0.161s] -- Up-to-date: /home/siny/hydra_ws/install/kimera_pgmo_ros/share/kimera_pgmo_ros/launch/mesh_deformer.launch
[0.161s] -- Up-to-date: /home/siny/hydra_ws/install/kimera_pgmo_ros/share/kimera_pgmo_ros/launch/kimera_pgmo_robot.launch
[0.162s] -- Up-to-date: /home/siny/hydra_ws/install/kimera_pgmo_ros/share/kimera_pgmo_ros/launch/kimera_pgmo.launch
[0.162s] -- Up-to-date: /home/siny/hydra_ws/install/kimera_pgmo_ros/share/ament_index/resource_index/package_run_dependencies/kimera_pgmo_ros
[0.162s] -- Up-to-date: /home/siny/hydra_ws/install/kimera_pgmo_ros/share/ament_index/resource_index/parent_prefix_path/kimera_pgmo_ros
[0.162s] -- Up-to-date: /home/siny/hydra_ws/install/kimera_pgmo_ros/share/kimera_pgmo_ros/environment/ament_prefix_path.sh
[0.162s] -- Up-to-date: /home/siny/hydra_ws/install/kimera_pgmo_ros/share/kimera_pgmo_ros/environment/ament_prefix_path.dsv
[0.162s] -- Up-to-date: /home/siny/hydra_ws/install/kimera_pgmo_ros/share/kimera_pgmo_ros/environment/path.sh
[0.162s] -- Up-to-date: /home/siny/hydra_ws/install/kimera_pgmo_ros/share/kimera_pgmo_ros/environment/path.dsv
[0.162s] -- Up-to-date: /home/siny/hydra_ws/install/kimera_pgmo_ros/share/kimera_pgmo_ros/local_setup.bash
[0.162s] -- Up-to-date: /home/siny/hydra_ws/install/kimera_pgmo_ros/share/kimera_pgmo_ros/local_setup.sh
[0.162s] -- Up-to-date: /home/siny/hydra_ws/install/kimera_pgmo_ros/share/kimera_pgmo_ros/local_setup.zsh
[0.162s] -- Up-to-date: /home/siny/hydra_ws/install/kimera_pgmo_ros/share/kimera_pgmo_ros/local_setup.dsv
[0.162s] -- Installing: /home/siny/hydra_ws/install/kimera_pgmo_ros/share/kimera_pgmo_ros/package.dsv
[0.162s] -- Up-to-date: /home/siny/hydra_ws/install/kimera_pgmo_ros/share/ament_index/resource_index/packages/kimera_pgmo_ros
[0.162s] -- Up-to-date: /home/siny/hydra_ws/install/kimera_pgmo_ros/share/kimera_pgmo_ros/cmake/kimera_pgmo_ros-targetsExport.cmake
[0.162s] -- Up-to-date: /home/siny/hydra_ws/install/kimera_pgmo_ros/share/kimera_pgmo_ros/cmake/kimera_pgmo_ros-targetsExport-release.cmake
[0.162s] -- Up-to-date: /home/siny/hydra_ws/install/kimera_pgmo_ros/share/kimera_pgmo_ros/cmake/ament_cmake_export_targets-extras.cmake
[0.162s] -- Up-to-date: /home/siny/hydra_ws/install/kimera_pgmo_ros/share/kimera_pgmo_ros/cmake/ament_cmake_export_dependencies-extras.cmake
[0.163s] -- Up-to-date: /home/siny/hydra_ws/install/kimera_pgmo_ros/share/kimera_pgmo_ros/cmake/kimera_pgmo_rosConfig.cmake
[0.163s] -- Up-to-date: /home/siny/hydra_ws/install/kimera_pgmo_ros/share/kimera_pgmo_ros/cmake/kimera_pgmo_rosConfig-version.cmake
[0.163s] -- Up-to-date: /home/siny/hydra_ws/install/kimera_pgmo_ros/share/kimera_pgmo_ros/package.xml
[0.165s] Invoked command in '/home/siny/hydra_ws/build/kimera_pgmo_ros' returned '0': AMENT_PREFIX_PATH=/home/siny/hydra_ws/install/pose_graph_tools_ros:/home/siny/hydra_ws/install/kimera_pgmo_rviz:/home/siny/hydra_ws/install/pose_graph_tools_msgs:/home/siny/hydra_ws/install/kimera_pgmo_msgs CMAKE_PREFIX_PATH=/home/siny/hydra_ws/install/pose_graph_tools_ros:/home/siny/hydra_ws/install/kimera_pgmo_rviz:/home/siny/hydra_ws/install/kimera_pgmo:/home/siny/hydra_ws/install/spatial_hash:/home/siny/hydra_ws/install/pose_graph_tools_msgs:/home/siny/hydra_ws/install/pose_graph_tools:/home/siny/hydra_ws/install/kimera_rpgo:/home/siny/hydra_ws/install/kimera_pgmo_msgs:/home/siny/hydra_ws/install/config_utilities CONDA_PROMPT_MODIFIER=(base) DEBUGINFOD_URLS=https://debuginfod.ubuntu.com LD_LIBRARY_PATH=/home/siny/hydra_ws/install/pose_graph_tools_ros/lib:/home/siny/hydra_ws/install/kimera_pgmo_rviz/lib:/home/siny/hydra_ws/install/kimera_pgmo/lib:/home/siny/hydra_ws/install/pose_graph_tools_msgs/lib:/home/siny/hydra_ws/install/pose_graph_tools/lib:/home/siny/hydra_ws/install/kimera_rpgo/lib:/home/siny/hydra_ws/install/kimera_pgmo_msgs/lib:/home/siny/hydra_ws/install/config_utilities/lib PATH=/home/siny/hydra_ws/install/kimera_pgmo/bin:/home/siny/hydra_ws/install/config_utilities/bin:${PATH} PKG_CONFIG_PATH=/home/siny/hydra_ws/install/kimera_pgmo/lib/aarch64-linux-gnu/pkgconfig:/home/siny/hydra_ws/install/kimera_pgmo/lib/pkgconfig:/home/siny/hydra_ws/install/spatial_hash/lib/aarch64-linux-gnu/pkgconfig:/home/siny/hydra_ws/install/spatial_hash/lib/pkgconfig:/home/siny/hydra_ws/install/pose_graph_tools/lib/aarch64-linux-gnu/pkgconfig:/home/siny/hydra_ws/install/pose_graph_tools/lib/pkgconfig:/home/siny/hydra_ws/install/kimera_rpgo/lib/aarch64-linux-gnu/pkgconfig:/home/siny/hydra_ws/install/kimera_rpgo/lib/pkgconfig:/home/siny/hydra_ws/install/config_utilities/lib/aarch64-linux-gnu/pkgconfig:/home/siny/hydra_ws/install/config_utilities/lib/pkgconfig PYTHONPATH=/home/siny/hydra_ws/install/pose_graph_tools_msgs/lib/python3.12/site-packages:/home/siny/hydra_ws/install/kimera_pgmo_msgs/lib/python3.12/site-packages /usr/bin/cmake --install /home/siny/hydra_ws/build/kimera_pgmo_ros
