[0.037s] Invoking command in '/home/siny/hydra_ws/build/hydra_ros': CMAKE_PREFIX_PATH=/home/siny/hydra_ws/install/kimera_pgmo_ros:/home/siny/hydra_ws/install/hydra_visualizer:/home/siny/hydra_ws/install/hydra:/home/siny/hydra_ws/install/pose_graph_tools_ros:/home/siny/hydra_ws/install/kimera_pgmo_rviz:/home/siny/hydra_ws/install/kimera_pgmo:/home/siny/hydra_ws/install/config_utilities_ros:/home/siny/hydra_ws/install/teaserpp:/home/siny/hydra_ws/install/spatial_hash:/home/siny/hydra_ws/install/spark_dsg:/home/siny/hydra_ws/install/semantic_inference_msgs:/home/siny/hydra_ws/install/pose_graph_tools_msgs:/home/siny/hydra_ws/install/pose_graph_tools:/home/siny/hydra_ws/install/kimera_rpgo:/home/siny/hydra_ws/install/kimera_pgmo_msgs:/home/siny/hydra_ws/install/ianvs:/home/siny/hydra_ws/install/hydra_msgs:/home/siny/hydra_ws/install/config_utilities_msgs:/home/siny/hydra_ws/install/config_utilities:/home/siny/hydra_ws/install/hydra_ros:/home/siny/hydra_ws/install/semantic_inference_ros:/home/siny/hydra_ws/install/semantic_inference:/opt/ros/jazzy/opt/gz_math_vendor:/opt/ros/jazzy/opt/gz_utils_vendor:/opt/ros/jazzy/opt/gz_cmake_vendor:/opt/ros/jazzy CONDA_PROMPT_MODIFIER=(base) DEBUGINFOD_URLS=https://debuginfod.ubuntu.com LD_LIBRARY_PATH=/home/siny/hydra_ws/install/kimera_pgmo_ros/lib:/home/siny/hydra_ws/install/hydra_visualizer/lib:/home/siny/hydra_ws/install/hydra/lib:/home/siny/hydra_ws/install/pose_graph_tools_ros/lib:/home/siny/hydra_ws/install/kimera_pgmo_rviz/lib:/home/siny/hydra_ws/install/kimera_pgmo/lib:/home/siny/hydra_ws/install/config_utilities_ros/lib:/home/siny/hydra_ws/install/teaserpp/lib:/home/siny/hydra_ws/install/spark_dsg/lib:/home/siny/hydra_ws/install/semantic_inference_msgs/lib:/home/siny/hydra_ws/install/pose_graph_tools_msgs/lib:/home/siny/hydra_ws/install/pose_graph_tools/lib:/home/siny/hydra_ws/install/kimera_rpgo/lib:/home/siny/hydra_ws/install/kimera_pgmo_msgs/lib:/home/siny/hydra_ws/install/ianvs/lib:/home/siny/hydra_ws/install/hydra_msgs/lib:/home/siny/hydra_ws/install/config_utilities_msgs/lib:/home/siny/hydra_ws/install/config_utilities/lib:/home/siny/hydra_ws/install/hydra_ros/lib:/home/siny/hydra_ws/install/semantic_inference_ros/lib:/home/siny/hydra_ws/install/semantic_inference/lib:/opt/ros/jazzy/opt/rviz_ogre_vendor/lib:/opt/ros/jazzy/lib/aarch64-linux-gnu:/opt/ros/jazzy/opt/gz_math_vendor/lib:/opt/ros/jazzy/opt/gz_utils_vendor/lib:/opt/ros/jazzy/opt/gz_cmake_vendor/lib:/opt/ros/jazzy/lib PATH=/home/siny/hydra_ws/install/kimera_pgmo/bin:/home/siny/hydra_ws/install/spark_dsg/bin:/home/siny/hydra_ws/install/config_utilities/bin:/home/siny/hydra_ws/install/semantic_inference/bin:/opt/ros/jazzy/bin:/home/siny/anaconda3/bin:/home/siny/anaconda3/condabin:/home/siny/.local/bin:/usr/local/cuda/bin:/opt/bin:/usr/local/sbin:/usr/local/bin:/usr/sbin:/usr/bin:/sbin:/bin:/usr/games:/usr/local/games:/snap/bin:/snap/bin PKG_CONFIG_PATH=/home/siny/hydra_ws/install/hydra/lib/aarch64-linux-gnu/pkgconfig:/home/siny/hydra_ws/install/hydra/lib/pkgconfig:/home/siny/hydra_ws/install/kimera_pgmo/lib/aarch64-linux-gnu/pkgconfig:/home/siny/hydra_ws/install/kimera_pgmo/lib/pkgconfig:/home/siny/hydra_ws/install/teaserpp/lib/aarch64-linux-gnu/pkgconfig:/home/siny/hydra_ws/install/teaserpp/lib/pkgconfig:/home/siny/hydra_ws/install/spatial_hash/lib/aarch64-linux-gnu/pkgconfig:/home/siny/hydra_ws/install/spatial_hash/lib/pkgconfig:/home/siny/hydra_ws/install/spark_dsg/lib/aarch64-linux-gnu/pkgconfig:/home/siny/hydra_ws/install/spark_dsg/lib/pkgconfig:/home/siny/hydra_ws/install/pose_graph_tools/lib/aarch64-linux-gnu/pkgconfig:/home/siny/hydra_ws/install/pose_graph_tools/lib/pkgconfig:/home/siny/hydra_ws/install/kimera_rpgo/lib/aarch64-linux-gnu/pkgconfig:/home/siny/hydra_ws/install/kimera_rpgo/lib/pkgconfig:/home/siny/hydra_ws/install/config_utilities/lib/aarch64-linux-gnu/pkgconfig:/home/siny/hydra_ws/install/config_utilities/lib/pkgconfig:/home/siny/hydra_ws/install/semantic_inference/lib/aarch64-linux-gnu/pkgconfig:/home/siny/hydra_ws/install/semantic_inference/lib/pkgconfig PYTHONPATH=/home/siny/hydra_ws/install/config_utilities_ros/lib/python3.12/site-packages:/home/siny/hydra_ws/install/semantic_inference_msgs/lib/python3.12/site-packages:/home/siny/hydra_ws/install/pose_graph_tools_msgs/lib/python3.12/site-packages:/home/siny/hydra_ws/install/kimera_pgmo_msgs/lib/python3.12/site-packages:/home/siny/hydra_ws/install/ianvs/lib/python3.12/site-packages:/home/siny/hydra_ws/install/hydra_msgs/lib/python3.12/site-packages:/home/siny/hydra_ws/install/config_utilities_msgs/lib/python3.12/site-packages:/home/siny/hydra_ws/install/hydra_ros/lib/python3.12/site-packages:/home/siny/hydra_ws/install/semantic_inference_ros/lib/python3.12/site-packages:/opt/ros/jazzy/lib/python3.12/site-packages /usr/bin/cmake --build /home/siny/hydra_ws/build/hydra_ros -- -j20 -l20
[0.079s] [  5%] Built target gtest
[0.081s] [  5%] Built target ament_cmake_python_copy_hydra_ros
[0.082s] [ 10%] Built target scene_graph_logger
[0.084s] [ 15%] Built target gtest_main
[0.119s] [ 17%] [32m[1mLinking CXX shared library libhydra_ros.so[0m
[0.184s] running egg_info
[0.191s] writing hydra_ros.egg-info/PKG-INFO
[0.191s] writing dependency_links to hydra_ros.egg-info/dependency_links.txt
[0.191s] writing top-level names to hydra_ros.egg-info/top_level.txt
[0.215s] reading manifest file 'hydra_ros.egg-info/SOURCES.txt'
[0.216s] writing manifest file 'hydra_ros.egg-info/SOURCES.txt'
[0.234s] [ 17%] Built target ament_cmake_python_build_hydra_ros_egg
[0.716s] [ 87%] Built target hydra_ros
[0.744s] [ 89%] [32m[1mLinking CXX executable test_hydra_ros[0m
[0.752s] [ 92%] [32m[1mLinking CXX executable hydra_ros_node[0m
[1.245s] [ 97%] Built target test_hydra_ros
[1.268s] [100%] Built target hydra_ros_node
[1.280s] Invoked command in '/home/siny/hydra_ws/build/hydra_ros' returned '0': CMAKE_PREFIX_PATH=/home/siny/hydra_ws/install/kimera_pgmo_ros:/home/siny/hydra_ws/install/hydra_visualizer:/home/siny/hydra_ws/install/hydra:/home/siny/hydra_ws/install/pose_graph_tools_ros:/home/siny/hydra_ws/install/kimera_pgmo_rviz:/home/siny/hydra_ws/install/kimera_pgmo:/home/siny/hydra_ws/install/config_utilities_ros:/home/siny/hydra_ws/install/teaserpp:/home/siny/hydra_ws/install/spatial_hash:/home/siny/hydra_ws/install/spark_dsg:/home/siny/hydra_ws/install/semantic_inference_msgs:/home/siny/hydra_ws/install/pose_graph_tools_msgs:/home/siny/hydra_ws/install/pose_graph_tools:/home/siny/hydra_ws/install/kimera_rpgo:/home/siny/hydra_ws/install/kimera_pgmo_msgs:/home/siny/hydra_ws/install/ianvs:/home/siny/hydra_ws/install/hydra_msgs:/home/siny/hydra_ws/install/config_utilities_msgs:/home/siny/hydra_ws/install/config_utilities:/home/siny/hydra_ws/install/hydra_ros:/home/siny/hydra_ws/install/semantic_inference_ros:/home/siny/hydra_ws/install/semantic_inference:/opt/ros/jazzy/opt/gz_math_vendor:/opt/ros/jazzy/opt/gz_utils_vendor:/opt/ros/jazzy/opt/gz_cmake_vendor:/opt/ros/jazzy CONDA_PROMPT_MODIFIER=(base) DEBUGINFOD_URLS=https://debuginfod.ubuntu.com LD_LIBRARY_PATH=/home/siny/hydra_ws/install/kimera_pgmo_ros/lib:/home/siny/hydra_ws/install/hydra_visualizer/lib:/home/siny/hydra_ws/install/hydra/lib:/home/siny/hydra_ws/install/pose_graph_tools_ros/lib:/home/siny/hydra_ws/install/kimera_pgmo_rviz/lib:/home/siny/hydra_ws/install/kimera_pgmo/lib:/home/siny/hydra_ws/install/config_utilities_ros/lib:/home/siny/hydra_ws/install/teaserpp/lib:/home/siny/hydra_ws/install/spark_dsg/lib:/home/siny/hydra_ws/install/semantic_inference_msgs/lib:/home/siny/hydra_ws/install/pose_graph_tools_msgs/lib:/home/siny/hydra_ws/install/pose_graph_tools/lib:/home/siny/hydra_ws/install/kimera_rpgo/lib:/home/siny/hydra_ws/install/kimera_pgmo_msgs/lib:/home/siny/hydra_ws/install/ianvs/lib:/home/siny/hydra_ws/install/hydra_msgs/lib:/home/siny/hydra_ws/install/config_utilities_msgs/lib:/home/siny/hydra_ws/install/config_utilities/lib:/home/siny/hydra_ws/install/hydra_ros/lib:/home/siny/hydra_ws/install/semantic_inference_ros/lib:/home/siny/hydra_ws/install/semantic_inference/lib:/opt/ros/jazzy/opt/rviz_ogre_vendor/lib:/opt/ros/jazzy/lib/aarch64-linux-gnu:/opt/ros/jazzy/opt/gz_math_vendor/lib:/opt/ros/jazzy/opt/gz_utils_vendor/lib:/opt/ros/jazzy/opt/gz_cmake_vendor/lib:/opt/ros/jazzy/lib PATH=/home/siny/hydra_ws/install/kimera_pgmo/bin:/home/siny/hydra_ws/install/spark_dsg/bin:/home/siny/hydra_ws/install/config_utilities/bin:/home/siny/hydra_ws/install/semantic_inference/bin:/opt/ros/jazzy/bin:/home/siny/anaconda3/bin:/home/siny/anaconda3/condabin:/home/siny/.local/bin:/usr/local/cuda/bin:/opt/bin:/usr/local/sbin:/usr/local/bin:/usr/sbin:/usr/bin:/sbin:/bin:/usr/games:/usr/local/games:/snap/bin:/snap/bin PKG_CONFIG_PATH=/home/siny/hydra_ws/install/hydra/lib/aarch64-linux-gnu/pkgconfig:/home/siny/hydra_ws/install/hydra/lib/pkgconfig:/home/siny/hydra_ws/install/kimera_pgmo/lib/aarch64-linux-gnu/pkgconfig:/home/siny/hydra_ws/install/kimera_pgmo/lib/pkgconfig:/home/siny/hydra_ws/install/teaserpp/lib/aarch64-linux-gnu/pkgconfig:/home/siny/hydra_ws/install/teaserpp/lib/pkgconfig:/home/siny/hydra_ws/install/spatial_hash/lib/aarch64-linux-gnu/pkgconfig:/home/siny/hydra_ws/install/spatial_hash/lib/pkgconfig:/home/siny/hydra_ws/install/spark_dsg/lib/aarch64-linux-gnu/pkgconfig:/home/siny/hydra_ws/install/spark_dsg/lib/pkgconfig:/home/siny/hydra_ws/install/pose_graph_tools/lib/aarch64-linux-gnu/pkgconfig:/home/siny/hydra_ws/install/pose_graph_tools/lib/pkgconfig:/home/siny/hydra_ws/install/kimera_rpgo/lib/aarch64-linux-gnu/pkgconfig:/home/siny/hydra_ws/install/kimera_rpgo/lib/pkgconfig:/home/siny/hydra_ws/install/config_utilities/lib/aarch64-linux-gnu/pkgconfig:/home/siny/hydra_ws/install/config_utilities/lib/pkgconfig:/home/siny/hydra_ws/install/semantic_inference/lib/aarch64-linux-gnu/pkgconfig:/home/siny/hydra_ws/install/semantic_inference/lib/pkgconfig PYTHONPATH=/home/siny/hydra_ws/install/config_utilities_ros/lib/python3.12/site-packages:/home/siny/hydra_ws/install/semantic_inference_msgs/lib/python3.12/site-packages:/home/siny/hydra_ws/install/pose_graph_tools_msgs/lib/python3.12/site-packages:/home/siny/hydra_ws/install/kimera_pgmo_msgs/lib/python3.12/site-packages:/home/siny/hydra_ws/install/ianvs/lib/python3.12/site-packages:/home/siny/hydra_ws/install/hydra_msgs/lib/python3.12/site-packages:/home/siny/hydra_ws/install/config_utilities_msgs/lib/python3.12/site-packages:/home/siny/hydra_ws/install/hydra_ros/lib/python3.12/site-packages:/home/siny/hydra_ws/install/semantic_inference_ros/lib/python3.12/site-packages:/opt/ros/jazzy/lib/python3.12/site-packages /usr/bin/cmake --build /home/siny/hydra_ws/build/hydra_ros -- -j20 -l20
[1.282s] Invoking command in '/home/siny/hydra_ws/build/hydra_ros': CMAKE_PREFIX_PATH=/home/siny/hydra_ws/install/kimera_pgmo_ros:/home/siny/hydra_ws/install/hydra_visualizer:/home/siny/hydra_ws/install/hydra:/home/siny/hydra_ws/install/pose_graph_tools_ros:/home/siny/hydra_ws/install/kimera_pgmo_rviz:/home/siny/hydra_ws/install/kimera_pgmo:/home/siny/hydra_ws/install/config_utilities_ros:/home/siny/hydra_ws/install/teaserpp:/home/siny/hydra_ws/install/spatial_hash:/home/siny/hydra_ws/install/spark_dsg:/home/siny/hydra_ws/install/semantic_inference_msgs:/home/siny/hydra_ws/install/pose_graph_tools_msgs:/home/siny/hydra_ws/install/pose_graph_tools:/home/siny/hydra_ws/install/kimera_rpgo:/home/siny/hydra_ws/install/kimera_pgmo_msgs:/home/siny/hydra_ws/install/ianvs:/home/siny/hydra_ws/install/hydra_msgs:/home/siny/hydra_ws/install/config_utilities_msgs:/home/siny/hydra_ws/install/config_utilities:/home/siny/hydra_ws/install/hydra_ros:/home/siny/hydra_ws/install/semantic_inference_ros:/home/siny/hydra_ws/install/semantic_inference:/opt/ros/jazzy/opt/gz_math_vendor:/opt/ros/jazzy/opt/gz_utils_vendor:/opt/ros/jazzy/opt/gz_cmake_vendor:/opt/ros/jazzy CONDA_PROMPT_MODIFIER=(base) DEBUGINFOD_URLS=https://debuginfod.ubuntu.com LD_LIBRARY_PATH=/home/siny/hydra_ws/install/kimera_pgmo_ros/lib:/home/siny/hydra_ws/install/hydra_visualizer/lib:/home/siny/hydra_ws/install/hydra/lib:/home/siny/hydra_ws/install/pose_graph_tools_ros/lib:/home/siny/hydra_ws/install/kimera_pgmo_rviz/lib:/home/siny/hydra_ws/install/kimera_pgmo/lib:/home/siny/hydra_ws/install/config_utilities_ros/lib:/home/siny/hydra_ws/install/teaserpp/lib:/home/siny/hydra_ws/install/spark_dsg/lib:/home/siny/hydra_ws/install/semantic_inference_msgs/lib:/home/siny/hydra_ws/install/pose_graph_tools_msgs/lib:/home/siny/hydra_ws/install/pose_graph_tools/lib:/home/siny/hydra_ws/install/kimera_rpgo/lib:/home/siny/hydra_ws/install/kimera_pgmo_msgs/lib:/home/siny/hydra_ws/install/ianvs/lib:/home/siny/hydra_ws/install/hydra_msgs/lib:/home/siny/hydra_ws/install/config_utilities_msgs/lib:/home/siny/hydra_ws/install/config_utilities/lib:/home/siny/hydra_ws/install/hydra_ros/lib:/home/siny/hydra_ws/install/semantic_inference_ros/lib:/home/siny/hydra_ws/install/semantic_inference/lib:/opt/ros/jazzy/opt/rviz_ogre_vendor/lib:/opt/ros/jazzy/lib/aarch64-linux-gnu:/opt/ros/jazzy/opt/gz_math_vendor/lib:/opt/ros/jazzy/opt/gz_utils_vendor/lib:/opt/ros/jazzy/opt/gz_cmake_vendor/lib:/opt/ros/jazzy/lib PATH=/home/siny/hydra_ws/install/kimera_pgmo/bin:/home/siny/hydra_ws/install/spark_dsg/bin:/home/siny/hydra_ws/install/config_utilities/bin:/home/siny/hydra_ws/install/semantic_inference/bin:/opt/ros/jazzy/bin:/home/siny/anaconda3/bin:/home/siny/anaconda3/condabin:/home/siny/.local/bin:/usr/local/cuda/bin:/opt/bin:/usr/local/sbin:/usr/local/bin:/usr/sbin:/usr/bin:/sbin:/bin:/usr/games:/usr/local/games:/snap/bin:/snap/bin PKG_CONFIG_PATH=/home/siny/hydra_ws/install/hydra/lib/aarch64-linux-gnu/pkgconfig:/home/siny/hydra_ws/install/hydra/lib/pkgconfig:/home/siny/hydra_ws/install/kimera_pgmo/lib/aarch64-linux-gnu/pkgconfig:/home/siny/hydra_ws/install/kimera_pgmo/lib/pkgconfig:/home/siny/hydra_ws/install/teaserpp/lib/aarch64-linux-gnu/pkgconfig:/home/siny/hydra_ws/install/teaserpp/lib/pkgconfig:/home/siny/hydra_ws/install/spatial_hash/lib/aarch64-linux-gnu/pkgconfig:/home/siny/hydra_ws/install/spatial_hash/lib/pkgconfig:/home/siny/hydra_ws/install/spark_dsg/lib/aarch64-linux-gnu/pkgconfig:/home/siny/hydra_ws/install/spark_dsg/lib/pkgconfig:/home/siny/hydra_ws/install/pose_graph_tools/lib/aarch64-linux-gnu/pkgconfig:/home/siny/hydra_ws/install/pose_graph_tools/lib/pkgconfig:/home/siny/hydra_ws/install/kimera_rpgo/lib/aarch64-linux-gnu/pkgconfig:/home/siny/hydra_ws/install/kimera_rpgo/lib/pkgconfig:/home/siny/hydra_ws/install/config_utilities/lib/aarch64-linux-gnu/pkgconfig:/home/siny/hydra_ws/install/config_utilities/lib/pkgconfig:/home/siny/hydra_ws/install/semantic_inference/lib/aarch64-linux-gnu/pkgconfig:/home/siny/hydra_ws/install/semantic_inference/lib/pkgconfig PYTHONPATH=/home/siny/hydra_ws/install/config_utilities_ros/lib/python3.12/site-packages:/home/siny/hydra_ws/install/semantic_inference_msgs/lib/python3.12/site-packages:/home/siny/hydra_ws/install/pose_graph_tools_msgs/lib/python3.12/site-packages:/home/siny/hydra_ws/install/kimera_pgmo_msgs/lib/python3.12/site-packages:/home/siny/hydra_ws/install/ianvs/lib/python3.12/site-packages:/home/siny/hydra_ws/install/hydra_msgs/lib/python3.12/site-packages:/home/siny/hydra_ws/install/config_utilities_msgs/lib/python3.12/site-packages:/home/siny/hydra_ws/install/hydra_ros/lib/python3.12/site-packages:/home/siny/hydra_ws/install/semantic_inference_ros/lib/python3.12/site-packages:/opt/ros/jazzy/lib/python3.12/site-packages /usr/bin/cmake --install /home/siny/hydra_ws/build/hydra_ros
[1.287s] -- Install configuration: "Release"
[1.287s] -- Up-to-date: /home/siny/hydra_ws/install/hydra_ros/share/hydra_ros/environment/pythonpath.sh
[1.287s] -- Up-to-date: /home/siny/hydra_ws/install/hydra_ros/share/hydra_ros/environment/pythonpath.dsv
[1.287s] -- Up-to-date: /home/siny/hydra_ws/install/hydra_ros/lib/python3.12/site-packages/hydra_ros-1.0.0-py3.12.egg-info
[1.287s] -- Installing: /home/siny/hydra_ws/install/hydra_ros/lib/python3.12/site-packages/hydra_ros-1.0.0-py3.12.egg-info/top_level.txt
[1.287s] -- Installing: /home/siny/hydra_ws/install/hydra_ros/lib/python3.12/site-packages/hydra_ros-1.0.0-py3.12.egg-info/PKG-INFO
[1.287s] -- Installing: /home/siny/hydra_ws/install/hydra_ros/lib/python3.12/site-packages/hydra_ros-1.0.0-py3.12.egg-info/SOURCES.txt
[1.287s] -- Installing: /home/siny/hydra_ws/install/hydra_ros/lib/python3.12/site-packages/hydra_ros-1.0.0-py3.12.egg-info/dependency_links.txt
[1.287s] -- Up-to-date: /home/siny/hydra_ws/install/hydra_ros/lib/python3.12/site-packages/hydra_ros
[1.287s] -- Up-to-date: /home/siny/hydra_ws/install/hydra_ros/lib/python3.12/site-packages/hydra_ros/__init__.py
[1.304s] Listing '/home/siny/hydra_ws/install/hydra_ros/lib/python3.12/site-packages/hydra_ros'...
[1.307s] -- Up-to-date: /home/siny/hydra_ws/install/hydra_ros/lib/hydra_ros/scene_graph_logger
[1.308s] -- Installing: /home/siny/hydra_ws/install/hydra_ros/lib/libhydra_ros.so
[1.316s] -- Set non-toolchain portion of runtime path of "/home/siny/hydra_ws/install/hydra_ros/lib/libhydra_ros.so" to ""
[1.316s] -- Installing: /home/siny/hydra_ws/install/hydra_ros/lib/hydra_ros/hydra_ros_node
[1.317s] -- Set non-toolchain portion of runtime path of "/home/siny/hydra_ws/install/hydra_ros/lib/hydra_ros/hydra_ros_node" to ""
[1.317s] -- Up-to-date: /home/siny/hydra_ws/install/hydra_ros/lib/hydra_ros/csv_to_tf
[1.317s] -- Up-to-date: /home/siny/hydra_ws/install/hydra_ros/lib/hydra_ros/dsg_republisher
[1.317s] -- Up-to-date: /home/siny/hydra_ws/install/hydra_ros/lib/hydra_ros/odom_to_tf
[1.317s] -- Up-to-date: /home/siny/hydra_ws/install/hydra_ros/lib/hydra_ros/noisy_tf_publisher
[1.318s] -- Up-to-date: /home/siny/hydra_ws/install/hydra_ros/include/
[1.318s] -- Up-to-date: /home/siny/hydra_ws/install/hydra_ros/include//hydra_ros
[1.318s] -- Up-to-date: /home/siny/hydra_ws/install/hydra_ros/include//hydra_ros/input
[1.318s] -- Up-to-date: /home/siny/hydra_ws/install/hydra_ros/include//hydra_ros/input/image_receiver.h
[1.318s] -- Up-to-date: /home/siny/hydra_ws/install/hydra_ros/include//hydra_ros/input/pointcloud_adaptor.h
[1.318s] -- Up-to-date: /home/siny/hydra_ws/install/hydra_ros/include//hydra_ros/input/pointcloud_receiver.h
[1.318s] -- Up-to-date: /home/siny/hydra_ws/install/hydra_ros/include//hydra_ros/input/ros_data_receiver.h
[1.318s] -- Up-to-date: /home/siny/hydra_ws/install/hydra_ros/include//hydra_ros/input/ros_input_module.h
[1.318s] -- Up-to-date: /home/siny/hydra_ws/install/hydra_ros/include//hydra_ros/input/ros_sensors.h
[1.318s] -- Up-to-date: /home/siny/hydra_ws/install/hydra_ros/include//hydra_ros/input/feature_receiver.h
[1.318s] -- Up-to-date: /home/siny/hydra_ws/install/hydra_ros/include//hydra_ros/visualizer
[1.318s] -- Up-to-date: /home/siny/hydra_ws/install/hydra_ros/include//hydra_ros/visualizer/feature_color_adaptors.h
[1.318s] -- Up-to-date: /home/siny/hydra_ws/install/hydra_ros/include//hydra_ros/visualizer/voxel_drawing.h
[1.318s] -- Up-to-date: /home/siny/hydra_ws/install/hydra_ros/include//hydra_ros/backend
[1.318s] -- Up-to-date: /home/siny/hydra_ws/install/hydra_ros/include//hydra_ros/backend/ros_backend_publisher.h
[1.318s] -- Up-to-date: /home/siny/hydra_ws/install/hydra_ros/include//hydra_ros/utils
[1.318s] -- Up-to-date: /home/siny/hydra_ws/install/hydra_ros/include//hydra_ros/utils/dsg_streaming_interface.h
[1.319s] -- Up-to-date: /home/siny/hydra_ws/install/hydra_ros/include//hydra_ros/utils/status_monitor.h
[1.319s] -- Up-to-date: /home/siny/hydra_ws/install/hydra_ros/include//hydra_ros/utils/input_data_to_messages.h
[1.319s] -- Up-to-date: /home/siny/hydra_ws/install/hydra_ros/include//hydra_ros/utils/external_loop_closure_subscriber.h
[1.319s] -- Up-to-date: /home/siny/hydra_ws/install/hydra_ros/include//hydra_ros/utils/scene_graph_logger.h
[1.319s] -- Up-to-date: /home/siny/hydra_ws/install/hydra_ros/include//hydra_ros/utils/bow_subscriber.h
[1.319s] -- Up-to-date: /home/siny/hydra_ws/install/hydra_ros/include//hydra_ros/utils/occupancy_publisher.h
[1.319s] -- Up-to-date: /home/siny/hydra_ws/install/hydra_ros/include//hydra_ros/utils/tf_lookup.h
[1.319s] -- Up-to-date: /home/siny/hydra_ws/install/hydra_ros/include//hydra_ros/odometry
[1.319s] -- Up-to-date: /home/siny/hydra_ws/install/hydra_ros/include//hydra_ros/odometry/ros_pose_graph_tracker.h
[1.319s] -- Up-to-date: /home/siny/hydra_ws/install/hydra_ros/include//hydra_ros/active_window
[1.319s] -- Up-to-date: /home/siny/hydra_ws/install/hydra_ros/include//hydra_ros/active_window/tsdf_occupancy_publisher.h
[1.319s] -- Up-to-date: /home/siny/hydra_ws/install/hydra_ros/include//hydra_ros/active_window/reconstruction_visualizer.h
[1.319s] -- Up-to-date: /home/siny/hydra_ws/install/hydra_ros/include//hydra_ros/openset
[1.319s] -- Up-to-date: /home/siny/hydra_ws/install/hydra_ros/include//hydra_ros/openset/ros_embedding_group.h
[1.319s] -- Up-to-date: /home/siny/hydra_ws/install/hydra_ros/include//hydra_ros/frontend
[1.319s] -- Up-to-date: /home/siny/hydra_ws/install/hydra_ros/include//hydra_ros/frontend/object_visualizer.h
[1.320s] -- Up-to-date: /home/siny/hydra_ws/install/hydra_ros/include//hydra_ros/frontend/ros_frontend_publisher.h
[1.320s] -- Up-to-date: /home/siny/hydra_ws/install/hydra_ros/include//hydra_ros/frontend/gvd_occupancy_publisher.h
[1.320s] -- Up-to-date: /home/siny/hydra_ws/install/hydra_ros/include//hydra_ros/frontend/gvd_visualization_utilities.h
[1.320s] -- Up-to-date: /home/siny/hydra_ws/install/hydra_ros/include//hydra_ros/frontend/places_visualizer.h
[1.320s] -- Up-to-date: /home/siny/hydra_ws/install/hydra_ros/include//hydra_ros/hydra_ros_pipeline.h
[1.320s] -- Up-to-date: /home/siny/hydra_ws/install/hydra_ros/share/hydra_ros/launch
[1.320s] -- Up-to-date: /home/siny/hydra_ws/install/hydra_ros/share/hydra_ros/launch/scene_graph_logger.launch.yaml
[1.320s] -- Up-to-date: /home/siny/hydra_ws/install/hydra_ros/share/hydra_ros/launch/datasets
[1.320s] -- Installing: /home/siny/hydra_ws/install/hydra_ros/share/hydra_ros/launch/datasets/uhumans2.launch.yaml
[1.320s] -- Up-to-date: /home/siny/hydra_ws/install/hydra_ros/share/hydra_ros/launch/datasets/a1.launch.yaml
[1.320s] -- Up-to-date: /home/siny/hydra_ws/install/hydra_ros/share/hydra_ros/launch/datasets/12uhumans1.launch.yaml
[1.320s] -- Up-to-date: /home/siny/hydra_ws/install/hydra_ros/share/hydra_ros/launch/datasets/zed2i.launch.yaml
[1.320s] -- Up-to-date: /home/siny/hydra_ws/install/hydra_ros/share/hydra_ros/launch/noisy_tf_publisher_node.launch.yaml
[1.320s] -- Up-to-date: /home/siny/hydra_ws/install/hydra_ros/share/hydra_ros/launch/hydra.launch.yaml
[1.320s] -- Up-to-date: /home/siny/hydra_ws/install/hydra_ros/share/hydra_ros/config
[1.321s] -- Up-to-date: /home/siny/hydra_ws/install/hydra_ros/share/hydra_ros/config/hydra_ros_visualizer_plugins.yaml
[1.321s] -- Up-to-date: /home/siny/hydra_ws/install/hydra_ros/share/hydra_ros/config/color
[1.321s] -- Up-to-date: /home/siny/hydra_ws/install/hydra_ros/share/hydra_ros/config/color/uhumans2_apartment.csv
[1.321s] -- Up-to-date: /home/siny/hydra_ws/install/hydra_ros/share/hydra_ros/config/color/uhumans2_office.csv
[1.321s] -- Up-to-date: /home/siny/hydra_ws/install/hydra_ros/share/hydra_ros/config/color/kitti_360.csv
[1.321s] -- Up-to-date: /home/siny/hydra_ws/install/hydra_ros/share/hydra_ros/config/color/uhumans2_subway.csv
[1.321s] -- Up-to-date: /home/siny/hydra_ws/install/hydra_ros/share/hydra_ros/config/color/phoenix.csv
[1.321s] -- Up-to-date: /home/siny/hydra_ws/install/hydra_ros/share/hydra_ros/config/color/vlm_apartment_colors.csv
[1.322s] -- Up-to-date: /home/siny/hydra_ws/install/hydra_ros/share/hydra_ros/config/color/vlm_colors.csv
[1.322s] -- Up-to-date: /home/siny/hydra_ws/install/hydra_ros/share/hydra_ros/config/sinks
[1.322s] -- Up-to-date: /home/siny/hydra_ws/install/hydra_ros/share/hydra_ros/config/sinks/active_window_sinks.yaml
[1.322s] -- Up-to-date: /home/siny/hydra_ws/install/hydra_ros/share/hydra_ros/config/sinks/gvd_places_sinks.yaml
[1.322s] -- Up-to-date: /home/siny/hydra_ws/install/hydra_ros/share/hydra_ros/config/sinks/mesh_segmenter_sinks.yaml
[1.322s] -- Up-to-date: /home/siny/hydra_ws/install/hydra_ros/share/hydra_ros/config/datasets
[1.322s] -- Up-to-date: /home/siny/hydra_ws/install/hydra_ros/share/hydra_ros/config/datasets/sidpac.yaml
[1.322s] -- Up-to-date: /home/siny/hydra_ws/install/hydra_ros/share/hydra_ros/config/datasets/a1.yaml
[1.322s] -- Up-to-date: /home/siny/hydra_ws/install/hydra_ros/share/hydra_ros/config/datasets/oakd.yaml
[1.322s] -- Up-to-date: /home/siny/hydra_ws/install/hydra_ros/share/hydra_ros/config/datasets/lis_spot.yaml
[1.322s] -- Up-to-date: /home/siny/hydra_ws/install/hydra_ros/share/hydra_ros/config/datasets/simmons.yaml
[1.323s] -- Up-to-date: /home/siny/hydra_ws/install/hydra_ros/share/hydra_ros/config/datasets/uhumans2.yaml
[1.323s] -- Up-to-date: /home/siny/hydra_ws/install/hydra_ros/share/hydra_ros/config/datasets/zed2i.yaml
[1.323s] -- Up-to-date: /home/siny/hydra_ws/install/hydra_ros/share/hydra_ros/config/datasets/kitti_360.yaml
[1.323s] -- Up-to-date: /home/siny/hydra_ws/install/hydra_ros/share/hydra_ros/environment/library_path.sh
[1.323s] -- Up-to-date: /home/siny/hydra_ws/install/hydra_ros/share/hydra_ros/environment/library_path.dsv
[1.323s] -- Up-to-date: /home/siny/hydra_ws/install/hydra_ros/share/ament_index/resource_index/package_run_dependencies/hydra_ros
[1.323s] -- Up-to-date: /home/siny/hydra_ws/install/hydra_ros/share/ament_index/resource_index/parent_prefix_path/hydra_ros
[1.323s] -- Up-to-date: /home/siny/hydra_ws/install/hydra_ros/share/hydra_ros/environment/ament_prefix_path.sh
[1.323s] -- Up-to-date: /home/siny/hydra_ws/install/hydra_ros/share/hydra_ros/environment/ament_prefix_path.dsv
[1.323s] -- Up-to-date: /home/siny/hydra_ws/install/hydra_ros/share/hydra_ros/environment/path.sh
[1.323s] -- Up-to-date: /home/siny/hydra_ws/install/hydra_ros/share/hydra_ros/environment/path.dsv
[1.323s] -- Up-to-date: /home/siny/hydra_ws/install/hydra_ros/share/hydra_ros/local_setup.bash
[1.323s] -- Up-to-date: /home/siny/hydra_ws/install/hydra_ros/share/hydra_ros/local_setup.sh
[1.323s] -- Up-to-date: /home/siny/hydra_ws/install/hydra_ros/share/hydra_ros/local_setup.zsh
[1.324s] -- Up-to-date: /home/siny/hydra_ws/install/hydra_ros/share/hydra_ros/local_setup.dsv
[1.324s] -- Installing: /home/siny/hydra_ws/install/hydra_ros/share/hydra_ros/package.dsv
[1.324s] -- Up-to-date: /home/siny/hydra_ws/install/hydra_ros/share/ament_index/resource_index/packages/hydra_ros
[1.324s] -- Up-to-date: /home/siny/hydra_ws/install/hydra_ros/share/ament_index/resource_index/rclcpp_components/hydra_ros
[1.324s] -- Up-to-date: /home/siny/hydra_ws/install/hydra_ros/share/hydra_ros/cmake/hydra_ros-targetsExport.cmake
[1.324s] -- Up-to-date: /home/siny/hydra_ws/install/hydra_ros/share/hydra_ros/cmake/hydra_ros-targetsExport-release.cmake
[1.324s] -- Up-to-date: /home/siny/hydra_ws/install/hydra_ros/share/hydra_ros/cmake/ament_cmake_export_targets-extras.cmake
[1.324s] -- Up-to-date: /home/siny/hydra_ws/install/hydra_ros/share/hydra_ros/cmake/ament_cmake_export_dependencies-extras.cmake
[1.324s] -- Up-to-date: /home/siny/hydra_ws/install/hydra_ros/share/hydra_ros/cmake/hydra_rosConfig.cmake
[1.324s] -- Up-to-date: /home/siny/hydra_ws/install/hydra_ros/share/hydra_ros/cmake/hydra_rosConfig-version.cmake
[1.324s] -- Up-to-date: /home/siny/hydra_ws/install/hydra_ros/share/hydra_ros/package.xml
[1.324s] Invoked command in '/home/siny/hydra_ws/build/hydra_ros' returned '0': CMAKE_PREFIX_PATH=/home/siny/hydra_ws/install/kimera_pgmo_ros:/home/siny/hydra_ws/install/hydra_visualizer:/home/siny/hydra_ws/install/hydra:/home/siny/hydra_ws/install/pose_graph_tools_ros:/home/siny/hydra_ws/install/kimera_pgmo_rviz:/home/siny/hydra_ws/install/kimera_pgmo:/home/siny/hydra_ws/install/config_utilities_ros:/home/siny/hydra_ws/install/teaserpp:/home/siny/hydra_ws/install/spatial_hash:/home/siny/hydra_ws/install/spark_dsg:/home/siny/hydra_ws/install/semantic_inference_msgs:/home/siny/hydra_ws/install/pose_graph_tools_msgs:/home/siny/hydra_ws/install/pose_graph_tools:/home/siny/hydra_ws/install/kimera_rpgo:/home/siny/hydra_ws/install/kimera_pgmo_msgs:/home/siny/hydra_ws/install/ianvs:/home/siny/hydra_ws/install/hydra_msgs:/home/siny/hydra_ws/install/config_utilities_msgs:/home/siny/hydra_ws/install/config_utilities:/home/siny/hydra_ws/install/hydra_ros:/home/siny/hydra_ws/install/semantic_inference_ros:/home/siny/hydra_ws/install/semantic_inference:/opt/ros/jazzy/opt/gz_math_vendor:/opt/ros/jazzy/opt/gz_utils_vendor:/opt/ros/jazzy/opt/gz_cmake_vendor:/opt/ros/jazzy CONDA_PROMPT_MODIFIER=(base) DEBUGINFOD_URLS=https://debuginfod.ubuntu.com LD_LIBRARY_PATH=/home/siny/hydra_ws/install/kimera_pgmo_ros/lib:/home/siny/hydra_ws/install/hydra_visualizer/lib:/home/siny/hydra_ws/install/hydra/lib:/home/siny/hydra_ws/install/pose_graph_tools_ros/lib:/home/siny/hydra_ws/install/kimera_pgmo_rviz/lib:/home/siny/hydra_ws/install/kimera_pgmo/lib:/home/siny/hydra_ws/install/config_utilities_ros/lib:/home/siny/hydra_ws/install/teaserpp/lib:/home/siny/hydra_ws/install/spark_dsg/lib:/home/siny/hydra_ws/install/semantic_inference_msgs/lib:/home/siny/hydra_ws/install/pose_graph_tools_msgs/lib:/home/siny/hydra_ws/install/pose_graph_tools/lib:/home/siny/hydra_ws/install/kimera_rpgo/lib:/home/siny/hydra_ws/install/kimera_pgmo_msgs/lib:/home/siny/hydra_ws/install/ianvs/lib:/home/siny/hydra_ws/install/hydra_msgs/lib:/home/siny/hydra_ws/install/config_utilities_msgs/lib:/home/siny/hydra_ws/install/config_utilities/lib:/home/siny/hydra_ws/install/hydra_ros/lib:/home/siny/hydra_ws/install/semantic_inference_ros/lib:/home/siny/hydra_ws/install/semantic_inference/lib:/opt/ros/jazzy/opt/rviz_ogre_vendor/lib:/opt/ros/jazzy/lib/aarch64-linux-gnu:/opt/ros/jazzy/opt/gz_math_vendor/lib:/opt/ros/jazzy/opt/gz_utils_vendor/lib:/opt/ros/jazzy/opt/gz_cmake_vendor/lib:/opt/ros/jazzy/lib PATH=/home/siny/hydra_ws/install/kimera_pgmo/bin:/home/siny/hydra_ws/install/spark_dsg/bin:/home/siny/hydra_ws/install/config_utilities/bin:/home/siny/hydra_ws/install/semantic_inference/bin:/opt/ros/jazzy/bin:/home/siny/anaconda3/bin:/home/siny/anaconda3/condabin:/home/siny/.local/bin:/usr/local/cuda/bin:/opt/bin:/usr/local/sbin:/usr/local/bin:/usr/sbin:/usr/bin:/sbin:/bin:/usr/games:/usr/local/games:/snap/bin:/snap/bin PKG_CONFIG_PATH=/home/siny/hydra_ws/install/hydra/lib/aarch64-linux-gnu/pkgconfig:/home/siny/hydra_ws/install/hydra/lib/pkgconfig:/home/siny/hydra_ws/install/kimera_pgmo/lib/aarch64-linux-gnu/pkgconfig:/home/siny/hydra_ws/install/kimera_pgmo/lib/pkgconfig:/home/siny/hydra_ws/install/teaserpp/lib/aarch64-linux-gnu/pkgconfig:/home/siny/hydra_ws/install/teaserpp/lib/pkgconfig:/home/siny/hydra_ws/install/spatial_hash/lib/aarch64-linux-gnu/pkgconfig:/home/siny/hydra_ws/install/spatial_hash/lib/pkgconfig:/home/siny/hydra_ws/install/spark_dsg/lib/aarch64-linux-gnu/pkgconfig:/home/siny/hydra_ws/install/spark_dsg/lib/pkgconfig:/home/siny/hydra_ws/install/pose_graph_tools/lib/aarch64-linux-gnu/pkgconfig:/home/siny/hydra_ws/install/pose_graph_tools/lib/pkgconfig:/home/siny/hydra_ws/install/kimera_rpgo/lib/aarch64-linux-gnu/pkgconfig:/home/siny/hydra_ws/install/kimera_rpgo/lib/pkgconfig:/home/siny/hydra_ws/install/config_utilities/lib/aarch64-linux-gnu/pkgconfig:/home/siny/hydra_ws/install/config_utilities/lib/pkgconfig:/home/siny/hydra_ws/install/semantic_inference/lib/aarch64-linux-gnu/pkgconfig:/home/siny/hydra_ws/install/semantic_inference/lib/pkgconfig PYTHONPATH=/home/siny/hydra_ws/install/config_utilities_ros/lib/python3.12/site-packages:/home/siny/hydra_ws/install/semantic_inference_msgs/lib/python3.12/site-packages:/home/siny/hydra_ws/install/pose_graph_tools_msgs/lib/python3.12/site-packages:/home/siny/hydra_ws/install/kimera_pgmo_msgs/lib/python3.12/site-packages:/home/siny/hydra_ws/install/ianvs/lib/python3.12/site-packages:/home/siny/hydra_ws/install/hydra_msgs/lib/python3.12/site-packages:/home/siny/hydra_ws/install/config_utilities_msgs/lib/python3.12/site-packages:/home/siny/hydra_ws/install/hydra_ros/lib/python3.12/site-packages:/home/siny/hydra_ws/install/semantic_inference_ros/lib/python3.12/site-packages:/opt/ros/jazzy/lib/python3.12/site-packages /usr/bin/cmake --install /home/siny/hydra_ws/build/hydra_ros
