[0.025s] Invoking command in '/home/siny/hydra_ws/build/spark_dsg': CMAKE_PREFIX_PATH=${CMAKE_PREFIX_PATH}:/opt/ros/jazzy:/home/siny/ros2_jazzy/install/ament_uncrustify:/home/siny/ros2_jazzy/install/tracetools_trace:/home/siny/ros2_jazzy/install/tracetools_read:/home/siny/ros2_jazzy/install/rpyutils:/home/siny/ros2_jazzy/install/rosidl_pycommon:/home/siny/ros2_jazzy/install/rosidl_cli:/home/siny/ros2_jazzy/install/launch_pytest:/home/siny/ros2_jazzy/install/launch_testing:/home/siny/ros2_jazzy/install/launch_yaml:/home/siny/ros2_jazzy/install/launch_xml:/home/siny/ros2_jazzy/install/launch:/home/siny/ros2_jazzy/install/osrf_pycommon:/home/siny/ros2_jazzy/install/domain_coordinator:/home/siny/ros2_jazzy/install/ament_xmllint:/home/siny/ros2_jazzy/install/ament_pyflakes:/home/siny/ros2_jazzy/install/ament_pycodestyle:/home/siny/ros2_jazzy/install/ament_pep257:/home/siny/ros2_jazzy/install/ament_pclint:/home/siny/ros2_jazzy/install/ament_package:/home/siny/ros2_jazzy/install/ament_mypy:/home/siny/ros2_jazzy/install/ament_lint_cmake:/home/siny/ros2_jazzy/install/ament_flake8:/home/siny/ros2_jazzy/install/ament_copyright:/home/siny/ros2_jazzy/install/ament_lint:/home/siny/ros2_jazzy/install/ament_index_python:/home/siny/ros2_jazzy/install/ament_cpplint:/home/siny/ros2_jazzy/install/ament_cppcheck:/home/siny/ros2_jazzy/install/ament_clang_tidy:/home/siny/ros2_jazzy/install/ament_clang_format DEBUGINFOD_URLS=https://debuginfod.ubuntu.com /usr/bin/cmake --build /home/siny/hydra_ws/build/spark_dsg -- -j20 -l20
[0.105s] [ 52%] Built target spark_dsg
[0.144s] [ 55%] Built target dsg_repeater
[0.147s] [ 59%] Built target dsg_endpoint
[0.161s] [100%] Built target utest_spark_dsg
[0.198s] Invoked command in '/home/siny/hydra_ws/build/spark_dsg' returned '0': CMAKE_PREFIX_PATH=${CMAKE_PREFIX_PATH}:/opt/ros/jazzy:/home/siny/ros2_jazzy/install/ament_uncrustify:/home/siny/ros2_jazzy/install/tracetools_trace:/home/siny/ros2_jazzy/install/tracetools_read:/home/siny/ros2_jazzy/install/rpyutils:/home/siny/ros2_jazzy/install/rosidl_pycommon:/home/siny/ros2_jazzy/install/rosidl_cli:/home/siny/ros2_jazzy/install/launch_pytest:/home/siny/ros2_jazzy/install/launch_testing:/home/siny/ros2_jazzy/install/launch_yaml:/home/siny/ros2_jazzy/install/launch_xml:/home/siny/ros2_jazzy/install/launch:/home/siny/ros2_jazzy/install/osrf_pycommon:/home/siny/ros2_jazzy/install/domain_coordinator:/home/siny/ros2_jazzy/install/ament_xmllint:/home/siny/ros2_jazzy/install/ament_pyflakes:/home/siny/ros2_jazzy/install/ament_pycodestyle:/home/siny/ros2_jazzy/install/ament_pep257:/home/siny/ros2_jazzy/install/ament_pclint:/home/siny/ros2_jazzy/install/ament_package:/home/siny/ros2_jazzy/install/ament_mypy:/home/siny/ros2_jazzy/install/ament_lint_cmake:/home/siny/ros2_jazzy/install/ament_flake8:/home/siny/ros2_jazzy/install/ament_copyright:/home/siny/ros2_jazzy/install/ament_lint:/home/siny/ros2_jazzy/install/ament_index_python:/home/siny/ros2_jazzy/install/ament_cpplint:/home/siny/ros2_jazzy/install/ament_cppcheck:/home/siny/ros2_jazzy/install/ament_clang_tidy:/home/siny/ros2_jazzy/install/ament_clang_format DEBUGINFOD_URLS=https://debuginfod.ubuntu.com /usr/bin/cmake --build /home/siny/hydra_ws/build/spark_dsg -- -j20 -l20
[0.198s] Invoking command in '/home/siny/hydra_ws/build/spark_dsg': CMAKE_PREFIX_PATH=${CMAKE_PREFIX_PATH}:/opt/ros/jazzy:/home/siny/ros2_jazzy/install/ament_uncrustify:/home/siny/ros2_jazzy/install/tracetools_trace:/home/siny/ros2_jazzy/install/tracetools_read:/home/siny/ros2_jazzy/install/rpyutils:/home/siny/ros2_jazzy/install/rosidl_pycommon:/home/siny/ros2_jazzy/install/rosidl_cli:/home/siny/ros2_jazzy/install/launch_pytest:/home/siny/ros2_jazzy/install/launch_testing:/home/siny/ros2_jazzy/install/launch_yaml:/home/siny/ros2_jazzy/install/launch_xml:/home/siny/ros2_jazzy/install/launch:/home/siny/ros2_jazzy/install/osrf_pycommon:/home/siny/ros2_jazzy/install/domain_coordinator:/home/siny/ros2_jazzy/install/ament_xmllint:/home/siny/ros2_jazzy/install/ament_pyflakes:/home/siny/ros2_jazzy/install/ament_pycodestyle:/home/siny/ros2_jazzy/install/ament_pep257:/home/siny/ros2_jazzy/install/ament_pclint:/home/siny/ros2_jazzy/install/ament_package:/home/siny/ros2_jazzy/install/ament_mypy:/home/siny/ros2_jazzy/install/ament_lint_cmake:/home/siny/ros2_jazzy/install/ament_flake8:/home/siny/ros2_jazzy/install/ament_copyright:/home/siny/ros2_jazzy/install/ament_lint:/home/siny/ros2_jazzy/install/ament_index_python:/home/siny/ros2_jazzy/install/ament_cpplint:/home/siny/ros2_jazzy/install/ament_cppcheck:/home/siny/ros2_jazzy/install/ament_clang_tidy:/home/siny/ros2_jazzy/install/ament_clang_format DEBUGINFOD_URLS=https://debuginfod.ubuntu.com /usr/bin/cmake --install /home/siny/hydra_ws/build/spark_dsg
[0.211s] -- Install configuration: "Release"
[0.211s] -- Up-to-date: /home/siny/hydra_ws/install/spark_dsg/bin/dsg_repeater
[0.211s] -- Up-to-date: /home/siny/hydra_ws/install/spark_dsg/bin/dsg_endpoint
[0.212s] -- Up-to-date: /home/siny/hydra_ws/install/spark_dsg/lib/libspark_dsg.so
[0.212s] -- Up-to-date: /home/siny/hydra_ws/install/spark_dsg/include
[0.212s] -- Up-to-date: /home/siny/hydra_ws/install/spark_dsg/include/spark_dsg
[0.212s] -- Up-to-date: /home/siny/hydra_ws/install/spark_dsg/include/spark_dsg/serialization
[0.213s] -- Up-to-date: /home/siny/hydra_ws/install/spark_dsg/include/spark_dsg/serialization/binary_conversions.h
[0.213s] -- Up-to-date: /home/siny/hydra_ws/install/spark_dsg/include/spark_dsg/serialization/file_io.h
[0.213s] -- Up-to-date: /home/siny/hydra_ws/install/spark_dsg/include/spark_dsg/serialization/binary_serialization.h
[0.213s] -- Up-to-date: /home/siny/hydra_ws/install/spark_dsg/include/spark_dsg/serialization/graph_binary_serialization.h
[0.213s] -- Up-to-date: /home/siny/hydra_ws/install/spark_dsg/include/spark_dsg/serialization/json_conversions.h
[0.213s] -- Up-to-date: /home/siny/hydra_ws/install/spark_dsg/include/spark_dsg/serialization/attribute_serialization.h
[0.213s] -- Up-to-date: /home/siny/hydra_ws/install/spark_dsg/include/spark_dsg/serialization/graph_json_serialization.h
[0.213s] -- Up-to-date: /home/siny/hydra_ws/install/spark_dsg/include/spark_dsg/serialization/versioning.h
[0.213s] -- Up-to-date: /home/siny/hydra_ws/install/spark_dsg/include/spark_dsg/serialization/attribute_registry.h
[0.213s] -- Up-to-date: /home/siny/hydra_ws/install/spark_dsg/include/spark_dsg/bounding_box.h
[0.214s] -- Up-to-date: /home/siny/hydra_ws/install/spark_dsg/include/spark_dsg/labelspace.h
[0.215s] -- Up-to-date: /home/siny/hydra_ws/install/spark_dsg/include/spark_dsg/dynamic_scene_graph.h
[0.215s] -- Up-to-date: /home/siny/hydra_ws/install/spark_dsg/include/spark_dsg/color.h
[0.215s] -- Up-to-date: /home/siny/hydra_ws/install/spark_dsg/include/spark_dsg/scene_graph_layer.h
[0.215s] -- Up-to-date: /home/siny/hydra_ws/install/spark_dsg/include/spark_dsg/bounding_box_extraction.h
[0.215s] -- Up-to-date: /home/siny/hydra_ws/install/spark_dsg/include/spark_dsg/edge_container.h
[0.215s] -- Up-to-date: /home/siny/hydra_ws/install/spark_dsg/include/spark_dsg/spark_dsg_fwd.h
[0.215s] -- Up-to-date: /home/siny/hydra_ws/install/spark_dsg/include/spark_dsg/spark_dsg.h
[0.216s] -- Up-to-date: /home/siny/hydra_ws/install/spark_dsg/include/spark_dsg/graph_utilities.h
[0.216s] -- Up-to-date: /home/siny/hydra_ws/install/spark_dsg/include/spark_dsg/scene_graph_types.h
[0.216s] -- Up-to-date: /home/siny/hydra_ws/install/spark_dsg/include/spark_dsg/colormaps.h
[0.217s] -- Up-to-date: /home/siny/hydra_ws/install/spark_dsg/include/spark_dsg/scene_graph_logger.h
[0.217s] -- Up-to-date: /home/siny/hydra_ws/install/spark_dsg/include/spark_dsg/scene_graph_utilities.h
[0.217s] -- Up-to-date: /home/siny/hydra_ws/install/spark_dsg/include/spark_dsg/scene_graph_node.h
[0.217s] -- Up-to-date: /home/siny/hydra_ws/install/spark_dsg/include/spark_dsg/metadata.h
[0.217s] -- Up-to-date: /home/siny/hydra_ws/install/spark_dsg/include/spark_dsg/mesh.h
[0.217s] -- Up-to-date: /home/siny/hydra_ws/install/spark_dsg/include/spark_dsg/edge_attributes.h
[0.217s] -- Up-to-date: /home/siny/hydra_ws/install/spark_dsg/include/spark_dsg/node_attributes.h
[0.217s] -- Up-to-date: /home/siny/hydra_ws/install/spark_dsg/include/spark_dsg/adjacency_matrix.h
[0.217s] -- Up-to-date: /home/siny/hydra_ws/install/spark_dsg/include/spark_dsg/logging.h
[0.217s] -- Up-to-date: /home/siny/hydra_ws/install/spark_dsg/include/spark_dsg/zmq_interface.h
[0.217s] -- Up-to-date: /home/siny/hydra_ws/install/spark_dsg/include/spark_dsg/node_symbol.h
[0.218s] -- Up-to-date: /home/siny/hydra_ws/install/spark_dsg/include/spark_dsg/traversability_boundary.h
[0.218s] -- Up-to-date: /home/siny/hydra_ws/install/spark_dsg/include/spark_dsg/layer_view.h
[0.218s] -- Up-to-date: /home/siny/hydra_ws/install/spark_dsg/include/spark_dsg/printing.h
[0.218s] -- Up-to-date: /home/siny/hydra_ws/install/spark_dsg/lib/cmake/spark_dsg/spark_dsgTargets.cmake
[0.219s] -- Up-to-date: /home/siny/hydra_ws/install/spark_dsg/lib/cmake/spark_dsg/spark_dsgTargets-release.cmake
[0.219s] -- Up-to-date: /home/siny/hydra_ws/install/spark_dsg/lib/cmake/spark_dsg/spark_dsgConfig.cmake
[0.219s] -- Up-to-date: /home/siny/hydra_ws/install/spark_dsg/lib/cmake/spark_dsg/spark_dsgConfigVersion.cmake
[0.241s] Invoked command in '/home/siny/hydra_ws/build/spark_dsg' returned '0': CMAKE_PREFIX_PATH=${CMAKE_PREFIX_PATH}:/opt/ros/jazzy:/home/siny/ros2_jazzy/install/ament_uncrustify:/home/siny/ros2_jazzy/install/tracetools_trace:/home/siny/ros2_jazzy/install/tracetools_read:/home/siny/ros2_jazzy/install/rpyutils:/home/siny/ros2_jazzy/install/rosidl_pycommon:/home/siny/ros2_jazzy/install/rosidl_cli:/home/siny/ros2_jazzy/install/launch_pytest:/home/siny/ros2_jazzy/install/launch_testing:/home/siny/ros2_jazzy/install/launch_yaml:/home/siny/ros2_jazzy/install/launch_xml:/home/siny/ros2_jazzy/install/launch:/home/siny/ros2_jazzy/install/osrf_pycommon:/home/siny/ros2_jazzy/install/domain_coordinator:/home/siny/ros2_jazzy/install/ament_xmllint:/home/siny/ros2_jazzy/install/ament_pyflakes:/home/siny/ros2_jazzy/install/ament_pycodestyle:/home/siny/ros2_jazzy/install/ament_pep257:/home/siny/ros2_jazzy/install/ament_pclint:/home/siny/ros2_jazzy/install/ament_package:/home/siny/ros2_jazzy/install/ament_mypy:/home/siny/ros2_jazzy/install/ament_lint_cmake:/home/siny/ros2_jazzy/install/ament_flake8:/home/siny/ros2_jazzy/install/ament_copyright:/home/siny/ros2_jazzy/install/ament_lint:/home/siny/ros2_jazzy/install/ament_index_python:/home/siny/ros2_jazzy/install/ament_cpplint:/home/siny/ros2_jazzy/install/ament_cppcheck:/home/siny/ros2_jazzy/install/ament_clang_tidy:/home/siny/ros2_jazzy/install/ament_clang_format DEBUGINFOD_URLS=https://debuginfod.ubuntu.com /usr/bin/cmake --install /home/siny/hydra_ws/build/spark_dsg
